

================================================================
== Vitis HLS Report for 'cornerUpdate_10000u_3u_1080u_1920u_1u_s'
================================================================
* Date:           Thu Mar 25 15:02:42 2021

* Version:        2020.1.1 (Build 2960000 on Wed Aug 05 23:18:37 MDT 2020)
* Project:        cornerupdate_accel
* Solution:       solution (Vitis Kernel Flow Target)
* Product family: zynquplus
* Target device:  xczu7ev-ffvc1156-2-e


================================================================
== Performance Estimates
================================================================
+ Timing: 
    * Summary: 
    +--------+---------+----------+------------+
    |  Clock |  Target | Estimated| Uncertainty|
    +--------+---------+----------+------------+
    |ap_clk  | 6.67 ns | 4.867 ns |   1.80 ns  |
    +--------+---------+----------+------------+

+ Latency: 
    * Summary: 
    +---------+---------+----------+----------+-----+-------+---------+
    |  Latency (cycles) |  Latency (absolute) |   Interval  | Pipeline|
    |   min   |   max   |    min   |    max   | min |  max  |   Type  |
    +---------+---------+----------+----------+-----+-------+---------+
    |      226|    60220| 1.507 us | 0.401 ms |  226|  60220|   none  |
    +---------+---------+----------+----------+-----+-------+---------+

    + Detail: 
        * Instance: 
        N/A

        * Loop: 
        +-----------------------------------+---------+---------+----------+-----------+-----------+-----------+----------+
        |                                   |  Latency (cycles) | Iteration|  Initiation Interval  |    Trip   |          |
        |             Loop Name             |   min   |   max   |  Latency |  achieved |   target  |   Count   | Pipelined|
        +-----------------------------------+---------+---------+----------+-----------+-----------+-----------+----------+
        |- VITIS_LOOP_44_1_VITIS_LOOP_48_2  |      224|    60218|       220|          1|          1| 6 ~ 60000 |    yes   |
        +-----------------------------------+---------+---------+----------+-----------+-----------+-----------+----------+



================================================================
== Utilization Estimates
================================================================
* Summary: 
+-----------------+---------+------+--------+--------+-----+
|       Name      | BRAM_18K|  DSP |   FF   |   LUT  | URAM|
+-----------------+---------+------+--------+--------+-----+
|DSP              |        -|    12|       -|       -|    -|
|Expression       |        -|     -|       0|    1499|    -|
|FIFO             |        -|     -|       -|       -|    -|
|Instance         |        -|     8|       0|      60|    -|
|Memory           |        -|     -|       -|       -|    -|
|Multiplexer      |        -|     -|       -|     228|    -|
|Register         |        -|     -|    2202|     288|    -|
+-----------------+---------+------+--------+--------+-----+
|Total            |        0|    20|    2202|    2075|    0|
+-----------------+---------+------+--------+--------+-----+
|Available        |      624|  1728|  460800|  230400|   96|
+-----------------+---------+------+--------+--------+-----+
|Utilization (%)  |        0|     1|   ~0   |   ~0   |    0|
+-----------------+---------+------+--------+--------+-----+

+ Detail: 
    * Instance: 
    +-----------------------+--------------------+---------+----+---+----+-----+
    |        Instance       |       Module       | BRAM_18K| DSP| FF| LUT| URAM|
    +-----------------------+--------------------+---------+----+---+----+-----+
    |mul_21s_21s_21_1_1_U1  |mul_21s_21s_21_1_1  |        0|   2|  0|  15|    0|
    |mul_21s_21s_21_1_1_U2  |mul_21s_21s_21_1_1  |        0|   2|  0|  15|    0|
    |mul_21s_21s_21_1_1_U3  |mul_21s_21s_21_1_1  |        0|   2|  0|  15|    0|
    |mul_21s_21s_21_1_1_U4  |mul_21s_21s_21_1_1  |        0|   2|  0|  15|    0|
    +-----------------------+--------------------+---------+----+---+----+-----+
    |Total                  |                    |        0|   8|  0|  60|    0|
    +-----------------------+--------------------+---------+----+---+----+-----+

    * DSP: 
    +--------------------------------------------+-----------------------------------------+---------------------+
    |                  Instance                  |                  Module                 |      Expression     |
    +--------------------------------------------+-----------------------------------------+---------------------+
    |ama_addmuladd_16ns_1ns_11ns_16ns_27_4_1_U6  |ama_addmuladd_16ns_1ns_11ns_16ns_27_4_1  | i0 + i1 * (i2 + i3) |
    |ama_addmuladd_16ns_1ns_11ns_17ns_27_4_1_U5  |ama_addmuladd_16ns_1ns_11ns_17ns_27_4_1  | i0 * (i1 + i2) + i3 |
    |mac_muladd_11ns_16ns_16ns_27_4_1_U8         |mac_muladd_11ns_16ns_16ns_27_4_1         |     i0 + i1 * i2    |
    |mac_muladd_11ns_16ns_17ns_27_4_1_U7         |mac_muladd_11ns_16ns_17ns_27_4_1         |     i0 * i1 + i2    |
    |mac_muladd_16ns_16s_22s_22_4_1_U14          |mac_muladd_16ns_16s_22s_22_4_1           |     i0 + i1 * i2    |
    |mac_muladd_16s_16ns_22s_22_4_1_U13          |mac_muladd_16s_16ns_22s_22_4_1           |     i0 + i1 * i2    |
    |mac_muladd_16s_16ns_22s_22_4_1_U15          |mac_muladd_16s_16ns_22s_22_4_1           |     i0 + i1 * i2    |
    |mac_muladd_16s_16ns_22s_22_4_1_U16          |mac_muladd_16s_16ns_22s_22_4_1           |     i0 + i1 * i2    |
    |mul_mul_16ns_16s_22_4_1_U9                  |mul_mul_16ns_16s_22_4_1                  |       i0 * i1       |
    |mul_mul_16ns_16s_22_4_1_U12                 |mul_mul_16ns_16s_22_4_1                  |       i0 * i1       |
    |mul_mul_16s_16ns_22_4_1_U10                 |mul_mul_16s_16ns_22_4_1                  |       i0 * i1       |
    |mul_mul_16s_16ns_22_4_1_U11                 |mul_mul_16s_16ns_22_4_1                  |       i0 * i1       |
    +--------------------------------------------+-----------------------------------------+---------------------+

    * Memory: 
    N/A

    * FIFO: 
    N/A

    * Expression: 
    +--------------------------------------+----------+----+---+----+------------+------------+
    |             Variable Name            | Operation| DSP| FF| LUT| Bitwidth P0| Bitwidth P1|
    +--------------------------------------+----------+----+---+----+------------+------------+
    |add_ln106_2_fu_1227_p2                |     +    |   0|  0|  29|          22|          22|
    |add_ln107_2_fu_1241_p2                |     +    |   0|  0|  29|          22|          22|
    |add_ln111_1_fu_1268_p2                |     +    |   0|  0|  28|          21|          21|
    |add_ln124_fu_1314_p2                  |     +    |   0|  0|  39|          16|          32|
    |add_ln125_fu_1320_p2                  |     +    |   0|  0|  39|           5|          32|
    |add_ln44_1_fu_520_p2                  |     +    |   0|  0|  71|          64|          64|
    |add_ln44_2_fu_547_p2                  |     +    |   0|  0|  71|          64|          64|
    |add_ln44_3_fu_494_p2                  |     +    |   0|  0|  39|           1|          32|
    |add_ln44_fu_474_p2                    |     +    |   0|  0|  42|          35|           1|
    |add_ln77_1_fu_939_p2                  |     +    |   0|  0|  71|          64|          64|
    |add_ln79_2_fu_903_p2                  |     +    |   0|  0|  71|          64|          64|
    |add_ln79_fu_806_p2                    |     +    |   0|  0|  24|          17|           1|
    |add_ln81_2_fu_867_p2                  |     +    |   0|  0|  71|          64|          64|
    |add_ln83_1_fu_788_p2                  |     +    |   0|  0|  24|          17|           1|
    |add_ln83_3_fu_831_p2                  |     +    |   0|  0|  71|          64|          64|
    |add_ln91_1_fu_1023_p2                 |     +    |   0|  0|  21|          21|          21|
    |add_ln91_fu_1012_p2                   |     +    |   0|  0|  21|          21|          21|
    |lj_1_fu_562_p2                        |     +    |   0|  0|  11|           3|           1|
    |rx_fu_1263_p2                         |     +    |   0|  0|  39|          32|          32|
    |ry_fu_1277_p2                         |     +    |   0|  0|  39|          32|          32|
    |bound_fu_453_p2                       |     -    |   0|  0|  42|          35|          35|
    |cb_fix_fu_1018_p2                     |     -    |   0|  0|  21|           6|          21|
    |rr_fix_fu_1007_p2                     |     -    |   0|  0|  21|           6|          21|
    |sub_ln92_fu_1045_p2                   |     -    |   0|  0|  28|          21|          21|
    |sub_ln93_fu_1066_p2                   |     -    |   0|  0|  28|          21|          21|
    |and_ln116_1_fu_1367_p2                |    and   |   0|  0|   2|           1|           1|
    |and_ln116_fu_1362_p2                  |    and   |   0|  0|   2|           1|           1|
    |cmp5_fu_618_p2                        |   icmp   |   0|  0|  20|          22|           1|
    |icmp_ln116_1_fu_1287_p2               |   icmp   |   0|  0|  20|          32|          32|
    |icmp_ln116_fu_1282_p2                 |   icmp   |   0|  0|  20|          32|          32|
    |icmp_ln117_fu_715_p2                  |   icmp   |   0|  0|  20|          32|           1|
    |icmp_ln44_fu_469_p2                   |   icmp   |   0|  0|  21|          35|          35|
    |icmp_ln48_fu_480_p2                   |   icmp   |   0|  0|   9|           3|           3|
    |ap_block_pp0_stage0_01001             |    or    |   0|  0|   2|           1|           1|
    |ap_block_pp0_stage0_11001             |    or    |   0|  0|   2|           1|           1|
    |ap_block_state148_pp0_stage0_iter146  |    or    |   0|  0|   2|           1|           1|
    |ap_block_state152_io                  |    or    |   0|  0|   2|           1|           1|
    |ap_block_state153_io                  |    or    |   0|  0|   2|           1|           1|
    |ap_block_state221_pp0_stage0_iter219  |    or    |   0|  0|   2|           1|           1|
    |ap_block_state3_io                    |    or    |   0|  0|   2|           1|           1|
    |ap_block_state73_pp0_stage0_iter71    |    or    |   0|  0|   2|           1|           1|
    |ap_block_state78_io                   |    or    |   0|  0|   2|           1|           1|
    |col_num_fix_3_fu_757_p3               |  select  |   0|  0|  32|           1|          32|
    |outpoint_1_fu_1397_p3                 |  select  |   0|  0|  32|           1|          32|
    |outpoint_fix_1_fu_1381_p3             |  select  |   0|  0|  41|           1|          43|
    |row_num_fix_3_fu_673_p3               |  select  |   0|  0|  32|           1|          32|
    |select_ln116_2_fu_1389_p3             |  select  |   0|  0|  32|           1|          32|
    |select_ln116_fu_1373_p3               |  select  |   0|  0|  41|           1|          43|
    |select_ln44_1_fu_500_p3               |  select  |   0|  0|  32|           1|          32|
    |select_ln44_fu_486_p3                 |  select  |   0|  0|   3|           1|           1|
    |select_ln60_1_fu_644_p3               |  select  |   0|  0|  32|           1|          32|
    |select_ln60_fu_736_p3                 |  select  |   0|  0|  32|           1|          32|
    |select_ln69_1_fu_665_p3               |  select  |   0|  0|  32|           1|          32|
    |select_ln69_fu_750_p3                 |  select  |   0|  0|  32|           1|          32|
    |ap_enable_pp0                         |    xor   |   0|  0|   2|           1|           2|
    |ap_enable_reg_pp0_iter1               |    xor   |   0|  0|   2|           2|           1|
    +--------------------------------------+----------+----+---+----+------------+------------+
    |Total                                 |          |   0|  0|1499|         920|        1267|
    +--------------------------------------+----------+----+---+----+------------+------------+

    * Multiplexer: 
    +-----------------------------+----+-----------+-----+-----------+
    |             Name            | LUT| Input Size| Bits| Total Bits|
    +-----------------------------+----+-----------+-----+-----------+
    |ap_NS_fsm                    |  21|          4|    1|          4|
    |ap_enable_reg_pp0_iter1      |   9|          2|    1|          2|
    |ap_enable_reg_pp0_iter219    |   9|          2|    1|          2|
    |ap_phi_mux_li_phi_fu_367_p4  |   9|          2|   32|         64|
    |col_num_fix_fu_190           |   9|          2|   32|         64|
    |gmem7_blk_n_AR               |   9|          2|    1|          2|
    |gmem7_blk_n_AW               |   9|          2|    1|          2|
    |gmem7_blk_n_B                |   9|          2|    1|          2|
    |gmem7_blk_n_R                |   9|          2|    1|          2|
    |gmem7_blk_n_W                |   9|          2|    1|          2|
    |gmem8_blk_n_AR               |   9|          2|    1|          2|
    |gmem8_blk_n_AW               |   9|          2|    1|          2|
    |gmem8_blk_n_B                |   9|          2|    1|          2|
    |gmem8_blk_n_R                |   9|          2|    1|          2|
    |gmem8_blk_n_W                |   9|          2|    1|          2|
    |gmem9_blk_n_AR               |   9|          2|    1|          2|
    |gmem9_blk_n_R                |   9|          2|    1|          2|
    |indvar_flatten_reg_352       |   9|          2|   35|         70|
    |li_reg_363                   |   9|          2|   32|         64|
    |lj_reg_374                   |   9|          2|    3|          6|
    |m_axi_gmem9_ARADDR           |  27|          5|   64|        320|
    |row_num_fix_fu_194           |   9|          2|   32|         64|
    +-----------------------------+----+-----------+-----+-----------+
    |Total                        | 228|         49|  245|        684|
    +-----------------------------+----+-----------+-----+-----------+

    * Register: 
    +----------------------------------------+----+----+-----+-----------+
    |                  Name                  | FF | LUT| Bits| Const Bits|
    +----------------------------------------+----+----+-----+-----------+
    |ap_CS_fsm                               |   3|   0|    3|          0|
    |ap_enable_reg_pp0_iter0                 |   1|   0|    1|          0|
    |ap_enable_reg_pp0_iter1                 |   1|   0|    1|          0|
    |ap_enable_reg_pp0_iter10                |   1|   0|    1|          0|
    |ap_enable_reg_pp0_iter100               |   1|   0|    1|          0|
    |ap_enable_reg_pp0_iter101               |   1|   0|    1|          0|
    |ap_enable_reg_pp0_iter102               |   1|   0|    1|          0|
    |ap_enable_reg_pp0_iter103               |   1|   0|    1|          0|
    |ap_enable_reg_pp0_iter104               |   1|   0|    1|          0|
    |ap_enable_reg_pp0_iter105               |   1|   0|    1|          0|
    |ap_enable_reg_pp0_iter106               |   1|   0|    1|          0|
    |ap_enable_reg_pp0_iter107               |   1|   0|    1|          0|
    |ap_enable_reg_pp0_iter108               |   1|   0|    1|          0|
    |ap_enable_reg_pp0_iter109               |   1|   0|    1|          0|
    |ap_enable_reg_pp0_iter11                |   1|   0|    1|          0|
    |ap_enable_reg_pp0_iter110               |   1|   0|    1|          0|
    |ap_enable_reg_pp0_iter111               |   1|   0|    1|          0|
    |ap_enable_reg_pp0_iter112               |   1|   0|    1|          0|
    |ap_enable_reg_pp0_iter113               |   1|   0|    1|          0|
    |ap_enable_reg_pp0_iter114               |   1|   0|    1|          0|
    |ap_enable_reg_pp0_iter115               |   1|   0|    1|          0|
    |ap_enable_reg_pp0_iter116               |   1|   0|    1|          0|
    |ap_enable_reg_pp0_iter117               |   1|   0|    1|          0|
    |ap_enable_reg_pp0_iter118               |   1|   0|    1|          0|
    |ap_enable_reg_pp0_iter119               |   1|   0|    1|          0|
    |ap_enable_reg_pp0_iter12                |   1|   0|    1|          0|
    |ap_enable_reg_pp0_iter120               |   1|   0|    1|          0|
    |ap_enable_reg_pp0_iter121               |   1|   0|    1|          0|
    |ap_enable_reg_pp0_iter122               |   1|   0|    1|          0|
    |ap_enable_reg_pp0_iter123               |   1|   0|    1|          0|
    |ap_enable_reg_pp0_iter124               |   1|   0|    1|          0|
    |ap_enable_reg_pp0_iter125               |   1|   0|    1|          0|
    |ap_enable_reg_pp0_iter126               |   1|   0|    1|          0|
    |ap_enable_reg_pp0_iter127               |   1|   0|    1|          0|
    |ap_enable_reg_pp0_iter128               |   1|   0|    1|          0|
    |ap_enable_reg_pp0_iter129               |   1|   0|    1|          0|
    |ap_enable_reg_pp0_iter13                |   1|   0|    1|          0|
    |ap_enable_reg_pp0_iter130               |   1|   0|    1|          0|
    |ap_enable_reg_pp0_iter131               |   1|   0|    1|          0|
    |ap_enable_reg_pp0_iter132               |   1|   0|    1|          0|
    |ap_enable_reg_pp0_iter133               |   1|   0|    1|          0|
    |ap_enable_reg_pp0_iter134               |   1|   0|    1|          0|
    |ap_enable_reg_pp0_iter135               |   1|   0|    1|          0|
    |ap_enable_reg_pp0_iter136               |   1|   0|    1|          0|
    |ap_enable_reg_pp0_iter137               |   1|   0|    1|          0|
    |ap_enable_reg_pp0_iter138               |   1|   0|    1|          0|
    |ap_enable_reg_pp0_iter139               |   1|   0|    1|          0|
    |ap_enable_reg_pp0_iter14                |   1|   0|    1|          0|
    |ap_enable_reg_pp0_iter140               |   1|   0|    1|          0|
    |ap_enable_reg_pp0_iter141               |   1|   0|    1|          0|
    |ap_enable_reg_pp0_iter142               |   1|   0|    1|          0|
    |ap_enable_reg_pp0_iter143               |   1|   0|    1|          0|
    |ap_enable_reg_pp0_iter144               |   1|   0|    1|          0|
    |ap_enable_reg_pp0_iter145               |   1|   0|    1|          0|
    |ap_enable_reg_pp0_iter146               |   1|   0|    1|          0|
    |ap_enable_reg_pp0_iter147               |   1|   0|    1|          0|
    |ap_enable_reg_pp0_iter148               |   1|   0|    1|          0|
    |ap_enable_reg_pp0_iter149               |   1|   0|    1|          0|
    |ap_enable_reg_pp0_iter15                |   1|   0|    1|          0|
    |ap_enable_reg_pp0_iter150               |   1|   0|    1|          0|
    |ap_enable_reg_pp0_iter151               |   1|   0|    1|          0|
    |ap_enable_reg_pp0_iter152               |   1|   0|    1|          0|
    |ap_enable_reg_pp0_iter153               |   1|   0|    1|          0|
    |ap_enable_reg_pp0_iter154               |   1|   0|    1|          0|
    |ap_enable_reg_pp0_iter155               |   1|   0|    1|          0|
    |ap_enable_reg_pp0_iter156               |   1|   0|    1|          0|
    |ap_enable_reg_pp0_iter157               |   1|   0|    1|          0|
    |ap_enable_reg_pp0_iter158               |   1|   0|    1|          0|
    |ap_enable_reg_pp0_iter159               |   1|   0|    1|          0|
    |ap_enable_reg_pp0_iter16                |   1|   0|    1|          0|
    |ap_enable_reg_pp0_iter160               |   1|   0|    1|          0|
    |ap_enable_reg_pp0_iter161               |   1|   0|    1|          0|
    |ap_enable_reg_pp0_iter162               |   1|   0|    1|          0|
    |ap_enable_reg_pp0_iter163               |   1|   0|    1|          0|
    |ap_enable_reg_pp0_iter164               |   1|   0|    1|          0|
    |ap_enable_reg_pp0_iter165               |   1|   0|    1|          0|
    |ap_enable_reg_pp0_iter166               |   1|   0|    1|          0|
    |ap_enable_reg_pp0_iter167               |   1|   0|    1|          0|
    |ap_enable_reg_pp0_iter168               |   1|   0|    1|          0|
    |ap_enable_reg_pp0_iter169               |   1|   0|    1|          0|
    |ap_enable_reg_pp0_iter17                |   1|   0|    1|          0|
    |ap_enable_reg_pp0_iter170               |   1|   0|    1|          0|
    |ap_enable_reg_pp0_iter171               |   1|   0|    1|          0|
    |ap_enable_reg_pp0_iter172               |   1|   0|    1|          0|
    |ap_enable_reg_pp0_iter173               |   1|   0|    1|          0|
    |ap_enable_reg_pp0_iter174               |   1|   0|    1|          0|
    |ap_enable_reg_pp0_iter175               |   1|   0|    1|          0|
    |ap_enable_reg_pp0_iter176               |   1|   0|    1|          0|
    |ap_enable_reg_pp0_iter177               |   1|   0|    1|          0|
    |ap_enable_reg_pp0_iter178               |   1|   0|    1|          0|
    |ap_enable_reg_pp0_iter179               |   1|   0|    1|          0|
    |ap_enable_reg_pp0_iter18                |   1|   0|    1|          0|
    |ap_enable_reg_pp0_iter180               |   1|   0|    1|          0|
    |ap_enable_reg_pp0_iter181               |   1|   0|    1|          0|
    |ap_enable_reg_pp0_iter182               |   1|   0|    1|          0|
    |ap_enable_reg_pp0_iter183               |   1|   0|    1|          0|
    |ap_enable_reg_pp0_iter184               |   1|   0|    1|          0|
    |ap_enable_reg_pp0_iter185               |   1|   0|    1|          0|
    |ap_enable_reg_pp0_iter186               |   1|   0|    1|          0|
    |ap_enable_reg_pp0_iter187               |   1|   0|    1|          0|
    |ap_enable_reg_pp0_iter188               |   1|   0|    1|          0|
    |ap_enable_reg_pp0_iter189               |   1|   0|    1|          0|
    |ap_enable_reg_pp0_iter19                |   1|   0|    1|          0|
    |ap_enable_reg_pp0_iter190               |   1|   0|    1|          0|
    |ap_enable_reg_pp0_iter191               |   1|   0|    1|          0|
    |ap_enable_reg_pp0_iter192               |   1|   0|    1|          0|
    |ap_enable_reg_pp0_iter193               |   1|   0|    1|          0|
    |ap_enable_reg_pp0_iter194               |   1|   0|    1|          0|
    |ap_enable_reg_pp0_iter195               |   1|   0|    1|          0|
    |ap_enable_reg_pp0_iter196               |   1|   0|    1|          0|
    |ap_enable_reg_pp0_iter197               |   1|   0|    1|          0|
    |ap_enable_reg_pp0_iter198               |   1|   0|    1|          0|
    |ap_enable_reg_pp0_iter199               |   1|   0|    1|          0|
    |ap_enable_reg_pp0_iter2                 |   1|   0|    1|          0|
    |ap_enable_reg_pp0_iter20                |   1|   0|    1|          0|
    |ap_enable_reg_pp0_iter200               |   1|   0|    1|          0|
    |ap_enable_reg_pp0_iter201               |   1|   0|    1|          0|
    |ap_enable_reg_pp0_iter202               |   1|   0|    1|          0|
    |ap_enable_reg_pp0_iter203               |   1|   0|    1|          0|
    |ap_enable_reg_pp0_iter204               |   1|   0|    1|          0|
    |ap_enable_reg_pp0_iter205               |   1|   0|    1|          0|
    |ap_enable_reg_pp0_iter206               |   1|   0|    1|          0|
    |ap_enable_reg_pp0_iter207               |   1|   0|    1|          0|
    |ap_enable_reg_pp0_iter208               |   1|   0|    1|          0|
    |ap_enable_reg_pp0_iter209               |   1|   0|    1|          0|
    |ap_enable_reg_pp0_iter21                |   1|   0|    1|          0|
    |ap_enable_reg_pp0_iter210               |   1|   0|    1|          0|
    |ap_enable_reg_pp0_iter211               |   1|   0|    1|          0|
    |ap_enable_reg_pp0_iter212               |   1|   0|    1|          0|
    |ap_enable_reg_pp0_iter213               |   1|   0|    1|          0|
    |ap_enable_reg_pp0_iter214               |   1|   0|    1|          0|
    |ap_enable_reg_pp0_iter215               |   1|   0|    1|          0|
    |ap_enable_reg_pp0_iter216               |   1|   0|    1|          0|
    |ap_enable_reg_pp0_iter217               |   1|   0|    1|          0|
    |ap_enable_reg_pp0_iter218               |   1|   0|    1|          0|
    |ap_enable_reg_pp0_iter219               |   1|   0|    1|          0|
    |ap_enable_reg_pp0_iter22                |   1|   0|    1|          0|
    |ap_enable_reg_pp0_iter23                |   1|   0|    1|          0|
    |ap_enable_reg_pp0_iter24                |   1|   0|    1|          0|
    |ap_enable_reg_pp0_iter25                |   1|   0|    1|          0|
    |ap_enable_reg_pp0_iter26                |   1|   0|    1|          0|
    |ap_enable_reg_pp0_iter27                |   1|   0|    1|          0|
    |ap_enable_reg_pp0_iter28                |   1|   0|    1|          0|
    |ap_enable_reg_pp0_iter29                |   1|   0|    1|          0|
    |ap_enable_reg_pp0_iter3                 |   1|   0|    1|          0|
    |ap_enable_reg_pp0_iter30                |   1|   0|    1|          0|
    |ap_enable_reg_pp0_iter31                |   1|   0|    1|          0|
    |ap_enable_reg_pp0_iter32                |   1|   0|    1|          0|
    |ap_enable_reg_pp0_iter33                |   1|   0|    1|          0|
    |ap_enable_reg_pp0_iter34                |   1|   0|    1|          0|
    |ap_enable_reg_pp0_iter35                |   1|   0|    1|          0|
    |ap_enable_reg_pp0_iter36                |   1|   0|    1|          0|
    |ap_enable_reg_pp0_iter37                |   1|   0|    1|          0|
    |ap_enable_reg_pp0_iter38                |   1|   0|    1|          0|
    |ap_enable_reg_pp0_iter39                |   1|   0|    1|          0|
    |ap_enable_reg_pp0_iter4                 |   1|   0|    1|          0|
    |ap_enable_reg_pp0_iter40                |   1|   0|    1|          0|
    |ap_enable_reg_pp0_iter41                |   1|   0|    1|          0|
    |ap_enable_reg_pp0_iter42                |   1|   0|    1|          0|
    |ap_enable_reg_pp0_iter43                |   1|   0|    1|          0|
    |ap_enable_reg_pp0_iter44                |   1|   0|    1|          0|
    |ap_enable_reg_pp0_iter45                |   1|   0|    1|          0|
    |ap_enable_reg_pp0_iter46                |   1|   0|    1|          0|
    |ap_enable_reg_pp0_iter47                |   1|   0|    1|          0|
    |ap_enable_reg_pp0_iter48                |   1|   0|    1|          0|
    |ap_enable_reg_pp0_iter49                |   1|   0|    1|          0|
    |ap_enable_reg_pp0_iter5                 |   1|   0|    1|          0|
    |ap_enable_reg_pp0_iter50                |   1|   0|    1|          0|
    |ap_enable_reg_pp0_iter51                |   1|   0|    1|          0|
    |ap_enable_reg_pp0_iter52                |   1|   0|    1|          0|
    |ap_enable_reg_pp0_iter53                |   1|   0|    1|          0|
    |ap_enable_reg_pp0_iter54                |   1|   0|    1|          0|
    |ap_enable_reg_pp0_iter55                |   1|   0|    1|          0|
    |ap_enable_reg_pp0_iter56                |   1|   0|    1|          0|
    |ap_enable_reg_pp0_iter57                |   1|   0|    1|          0|
    |ap_enable_reg_pp0_iter58                |   1|   0|    1|          0|
    |ap_enable_reg_pp0_iter59                |   1|   0|    1|          0|
    |ap_enable_reg_pp0_iter6                 |   1|   0|    1|          0|
    |ap_enable_reg_pp0_iter60                |   1|   0|    1|          0|
    |ap_enable_reg_pp0_iter61                |   1|   0|    1|          0|
    |ap_enable_reg_pp0_iter62                |   1|   0|    1|          0|
    |ap_enable_reg_pp0_iter63                |   1|   0|    1|          0|
    |ap_enable_reg_pp0_iter64                |   1|   0|    1|          0|
    |ap_enable_reg_pp0_iter65                |   1|   0|    1|          0|
    |ap_enable_reg_pp0_iter66                |   1|   0|    1|          0|
    |ap_enable_reg_pp0_iter67                |   1|   0|    1|          0|
    |ap_enable_reg_pp0_iter68                |   1|   0|    1|          0|
    |ap_enable_reg_pp0_iter69                |   1|   0|    1|          0|
    |ap_enable_reg_pp0_iter7                 |   1|   0|    1|          0|
    |ap_enable_reg_pp0_iter70                |   1|   0|    1|          0|
    |ap_enable_reg_pp0_iter71                |   1|   0|    1|          0|
    |ap_enable_reg_pp0_iter72                |   1|   0|    1|          0|
    |ap_enable_reg_pp0_iter73                |   1|   0|    1|          0|
    |ap_enable_reg_pp0_iter74                |   1|   0|    1|          0|
    |ap_enable_reg_pp0_iter75                |   1|   0|    1|          0|
    |ap_enable_reg_pp0_iter76                |   1|   0|    1|          0|
    |ap_enable_reg_pp0_iter77                |   1|   0|    1|          0|
    |ap_enable_reg_pp0_iter78                |   1|   0|    1|          0|
    |ap_enable_reg_pp0_iter79                |   1|   0|    1|          0|
    |ap_enable_reg_pp0_iter8                 |   1|   0|    1|          0|
    |ap_enable_reg_pp0_iter80                |   1|   0|    1|          0|
    |ap_enable_reg_pp0_iter81                |   1|   0|    1|          0|
    |ap_enable_reg_pp0_iter82                |   1|   0|    1|          0|
    |ap_enable_reg_pp0_iter83                |   1|   0|    1|          0|
    |ap_enable_reg_pp0_iter84                |   1|   0|    1|          0|
    |ap_enable_reg_pp0_iter85                |   1|   0|    1|          0|
    |ap_enable_reg_pp0_iter86                |   1|   0|    1|          0|
    |ap_enable_reg_pp0_iter87                |   1|   0|    1|          0|
    |ap_enable_reg_pp0_iter88                |   1|   0|    1|          0|
    |ap_enable_reg_pp0_iter89                |   1|   0|    1|          0|
    |ap_enable_reg_pp0_iter9                 |   1|   0|    1|          0|
    |ap_enable_reg_pp0_iter90                |   1|   0|    1|          0|
    |ap_enable_reg_pp0_iter91                |   1|   0|    1|          0|
    |ap_enable_reg_pp0_iter92                |   1|   0|    1|          0|
    |ap_enable_reg_pp0_iter93                |   1|   0|    1|          0|
    |ap_enable_reg_pp0_iter94                |   1|   0|    1|          0|
    |ap_enable_reg_pp0_iter95                |   1|   0|    1|          0|
    |ap_enable_reg_pp0_iter96                |   1|   0|    1|          0|
    |ap_enable_reg_pp0_iter97                |   1|   0|    1|          0|
    |ap_enable_reg_pp0_iter98                |   1|   0|    1|          0|
    |ap_enable_reg_pp0_iter99                |   1|   0|    1|          0|
    |bound_reg_1607                          |  34|   0|   35|          1|
    |cmp5_reg_1696                           |   1|   0|    1|          0|
    |col_num_fix_fu_190                      |  32|   0|   32|          0|
    |col_num_fix_load_reg_1702               |  32|   0|   32|          0|
    |col_num_fu_182                          |  16|   0|   16|          0|
    |flow_utl_reg_1769                       |  16|   0|   16|          0|
    |flow_vbr_reg_1774                       |  16|   0|   16|          0|
    |flowuv_bl_fu_170                        |  32|   0|   32|          0|
    |flowuv_br_fu_202                        |  32|   0|   32|          0|
    |flowuv_tl_fu_178                        |  32|   0|   32|          0|
    |flowuv_tr_fu_174                        |  32|   0|   32|          0|
    |gmem9_addr_1_reg_1752                   |  64|   0|   64|          0|
    |gmem9_addr_2_reg_1746                   |  64|   0|   64|          0|
    |gmem9_addr_3_reg_1740                   |  64|   0|   64|          0|
    |gmem9_addr_reg_1758                     |  64|   0|   64|          0|
    |icmp_ln117_reg_1715                     |   1|   0|    1|          0|
    |icmp_ln44_reg_1612                      |   1|   0|    1|          0|
    |indvar_flatten_reg_352                  |  35|   0|   35|          0|
    |li_reg_363                              |  32|   0|   32|          0|
    |list_flag_data_reg_1662                 |  64|   0|   64|          0|
    |list_flag_data_reg_1662_pp0_iter72_reg  |  64|   0|   64|          0|
    |list_flag_tmp_1_reg_1668                |  22|   0|   22|          0|
    |list_flag_tmp_fu_198                    |  22|   0|   32|         10|
    |lj_reg_374                              |   3|   0|    3|          0|
    |outpoint_1_reg_1868                     |  32|   0|   32|          0|
    |outpoint_fix_1_reg_1863                 |  43|   0|   43|          0|
    |p_read1_cast3_reg_1589                  |  11|   0|   27|         16|
    |point_reg_1656                          |  32|   0|   32|          0|
    |point_reg_1656_pp0_iter72_reg           |  32|   0|   32|          0|
    |reg_397                                 |  64|   0|   64|          0|
    |row_num_fix_fu_194                      |  32|   0|   32|          0|
    |row_num_fix_load_reg_1674               |  32|   0|   32|          0|
    |row_num_fu_186                          |  16|   0|   16|          0|
    |select_ln44_1_reg_1625                  |  32|   0|   32|          0|
    |select_ln44_reg_1621                    |   3|   0|    3|          0|
    |sext_ln44_1_reg_1645                    |  64|   0|   64|          0|
    |sext_ln53_mid2_v_reg_1630               |  62|   0|   62|          0|
    |sext_ln54_mid2_v_reg_1635               |  61|   0|   61|          0|
    |shl139_cast_reg_1597                    |  11|   0|   32|         21|
    |shl144_cast_reg_1602                    |  11|   0|   32|         21|
    |tr_w_reg_1764                           |  16|   0|   16|          0|
    |trunc_ln48_1_reg_1680                   |  21|   0|   21|          0|
    |trunc_ln48_reg_1708                     |  21|   0|   21|          0|
    |zext_ln106_3_reg_1796                   |  16|   0|   22|          6|
    |zext_ln106_reg_1779                     |  16|   0|   22|          6|
    |col_num_fix_load_reg_1702               |  64|  32|   32|          0|
    |icmp_ln117_reg_1715                     |  64|  32|    1|          0|
    |icmp_ln44_reg_1612                      |  64|  32|    1|          0|
    |reg_397                                 |  64|  32|   64|          0|
    |row_num_fix_load_reg_1674               |  64|  32|   32|          0|
    |select_ln44_reg_1621                    |  64|  32|    3|          0|
    |sext_ln44_1_reg_1645                    |  64|  32|   64|          0|
    |trunc_ln48_1_reg_1680                   |  64|  32|   21|          0|
    |trunc_ln48_reg_1708                     |  64|  32|   21|          0|
    +----------------------------------------+----+----+-----+-----------+
    |Total                                   |2202| 288| 1946|         81|
    +----------------------------------------+----+----+-----+-----------+



================================================================
== Interface
================================================================
* Summary: 
+----------------------+-----+-----+------------+--------------------------------------------+--------------+
|       RTL Ports      | Dir | Bits|  Protocol  |                Source Object               |    C Type    |
+----------------------+-----+-----+------------+--------------------------------------------+--------------+
|ap_clk                |  in |    1| ap_ctrl_hs | cornerUpdate<10000u, 3u, 1080u, 1920u, 1u> | return value |
|ap_rst                |  in |    1| ap_ctrl_hs | cornerUpdate<10000u, 3u, 1080u, 1920u, 1u> | return value |
|ap_start              |  in |    1| ap_ctrl_hs | cornerUpdate<10000u, 3u, 1080u, 1920u, 1u> | return value |
|ap_done               | out |    1| ap_ctrl_hs | cornerUpdate<10000u, 3u, 1080u, 1920u, 1u> | return value |
|ap_idle               | out |    1| ap_ctrl_hs | cornerUpdate<10000u, 3u, 1080u, 1920u, 1u> | return value |
|ap_ready              | out |    1| ap_ctrl_hs | cornerUpdate<10000u, 3u, 1080u, 1920u, 1u> | return value |
|m_axi_gmem7_AWVALID   | out |    1|    m_axi   |                    gmem7                   |    pointer   |
|m_axi_gmem7_AWREADY   |  in |    1|    m_axi   |                    gmem7                   |    pointer   |
|m_axi_gmem7_AWADDR    | out |   64|    m_axi   |                    gmem7                   |    pointer   |
|m_axi_gmem7_AWID      | out |    1|    m_axi   |                    gmem7                   |    pointer   |
|m_axi_gmem7_AWLEN     | out |   32|    m_axi   |                    gmem7                   |    pointer   |
|m_axi_gmem7_AWSIZE    | out |    3|    m_axi   |                    gmem7                   |    pointer   |
|m_axi_gmem7_AWBURST   | out |    2|    m_axi   |                    gmem7                   |    pointer   |
|m_axi_gmem7_AWLOCK    | out |    2|    m_axi   |                    gmem7                   |    pointer   |
|m_axi_gmem7_AWCACHE   | out |    4|    m_axi   |                    gmem7                   |    pointer   |
|m_axi_gmem7_AWPROT    | out |    3|    m_axi   |                    gmem7                   |    pointer   |
|m_axi_gmem7_AWQOS     | out |    4|    m_axi   |                    gmem7                   |    pointer   |
|m_axi_gmem7_AWREGION  | out |    4|    m_axi   |                    gmem7                   |    pointer   |
|m_axi_gmem7_AWUSER    | out |    1|    m_axi   |                    gmem7                   |    pointer   |
|m_axi_gmem7_WVALID    | out |    1|    m_axi   |                    gmem7                   |    pointer   |
|m_axi_gmem7_WREADY    |  in |    1|    m_axi   |                    gmem7                   |    pointer   |
|m_axi_gmem7_WDATA     | out |   64|    m_axi   |                    gmem7                   |    pointer   |
|m_axi_gmem7_WSTRB     | out |    8|    m_axi   |                    gmem7                   |    pointer   |
|m_axi_gmem7_WLAST     | out |    1|    m_axi   |                    gmem7                   |    pointer   |
|m_axi_gmem7_WID       | out |    1|    m_axi   |                    gmem7                   |    pointer   |
|m_axi_gmem7_WUSER     | out |    1|    m_axi   |                    gmem7                   |    pointer   |
|m_axi_gmem7_ARVALID   | out |    1|    m_axi   |                    gmem7                   |    pointer   |
|m_axi_gmem7_ARREADY   |  in |    1|    m_axi   |                    gmem7                   |    pointer   |
|m_axi_gmem7_ARADDR    | out |   64|    m_axi   |                    gmem7                   |    pointer   |
|m_axi_gmem7_ARID      | out |    1|    m_axi   |                    gmem7                   |    pointer   |
|m_axi_gmem7_ARLEN     | out |   32|    m_axi   |                    gmem7                   |    pointer   |
|m_axi_gmem7_ARSIZE    | out |    3|    m_axi   |                    gmem7                   |    pointer   |
|m_axi_gmem7_ARBURST   | out |    2|    m_axi   |                    gmem7                   |    pointer   |
|m_axi_gmem7_ARLOCK    | out |    2|    m_axi   |                    gmem7                   |    pointer   |
|m_axi_gmem7_ARCACHE   | out |    4|    m_axi   |                    gmem7                   |    pointer   |
|m_axi_gmem7_ARPROT    | out |    3|    m_axi   |                    gmem7                   |    pointer   |
|m_axi_gmem7_ARQOS     | out |    4|    m_axi   |                    gmem7                   |    pointer   |
|m_axi_gmem7_ARREGION  | out |    4|    m_axi   |                    gmem7                   |    pointer   |
|m_axi_gmem7_ARUSER    | out |    1|    m_axi   |                    gmem7                   |    pointer   |
|m_axi_gmem7_RVALID    |  in |    1|    m_axi   |                    gmem7                   |    pointer   |
|m_axi_gmem7_RREADY    | out |    1|    m_axi   |                    gmem7                   |    pointer   |
|m_axi_gmem7_RDATA     |  in |   64|    m_axi   |                    gmem7                   |    pointer   |
|m_axi_gmem7_RLAST     |  in |    1|    m_axi   |                    gmem7                   |    pointer   |
|m_axi_gmem7_RID       |  in |    1|    m_axi   |                    gmem7                   |    pointer   |
|m_axi_gmem7_RUSER     |  in |    1|    m_axi   |                    gmem7                   |    pointer   |
|m_axi_gmem7_RRESP     |  in |    2|    m_axi   |                    gmem7                   |    pointer   |
|m_axi_gmem7_BVALID    |  in |    1|    m_axi   |                    gmem7                   |    pointer   |
|m_axi_gmem7_BREADY    | out |    1|    m_axi   |                    gmem7                   |    pointer   |
|m_axi_gmem7_BRESP     |  in |    2|    m_axi   |                    gmem7                   |    pointer   |
|m_axi_gmem7_BID       |  in |    1|    m_axi   |                    gmem7                   |    pointer   |
|m_axi_gmem7_BUSER     |  in |    1|    m_axi   |                    gmem7                   |    pointer   |
|m_axi_gmem8_AWVALID   | out |    1|    m_axi   |                    gmem8                   |    pointer   |
|m_axi_gmem8_AWREADY   |  in |    1|    m_axi   |                    gmem8                   |    pointer   |
|m_axi_gmem8_AWADDR    | out |   64|    m_axi   |                    gmem8                   |    pointer   |
|m_axi_gmem8_AWID      | out |    1|    m_axi   |                    gmem8                   |    pointer   |
|m_axi_gmem8_AWLEN     | out |   32|    m_axi   |                    gmem8                   |    pointer   |
|m_axi_gmem8_AWSIZE    | out |    3|    m_axi   |                    gmem8                   |    pointer   |
|m_axi_gmem8_AWBURST   | out |    2|    m_axi   |                    gmem8                   |    pointer   |
|m_axi_gmem8_AWLOCK    | out |    2|    m_axi   |                    gmem8                   |    pointer   |
|m_axi_gmem8_AWCACHE   | out |    4|    m_axi   |                    gmem8                   |    pointer   |
|m_axi_gmem8_AWPROT    | out |    3|    m_axi   |                    gmem8                   |    pointer   |
|m_axi_gmem8_AWQOS     | out |    4|    m_axi   |                    gmem8                   |    pointer   |
|m_axi_gmem8_AWREGION  | out |    4|    m_axi   |                    gmem8                   |    pointer   |
|m_axi_gmem8_AWUSER    | out |    1|    m_axi   |                    gmem8                   |    pointer   |
|m_axi_gmem8_WVALID    | out |    1|    m_axi   |                    gmem8                   |    pointer   |
|m_axi_gmem8_WREADY    |  in |    1|    m_axi   |                    gmem8                   |    pointer   |
|m_axi_gmem8_WDATA     | out |   32|    m_axi   |                    gmem8                   |    pointer   |
|m_axi_gmem8_WSTRB     | out |    4|    m_axi   |                    gmem8                   |    pointer   |
|m_axi_gmem8_WLAST     | out |    1|    m_axi   |                    gmem8                   |    pointer   |
|m_axi_gmem8_WID       | out |    1|    m_axi   |                    gmem8                   |    pointer   |
|m_axi_gmem8_WUSER     | out |    1|    m_axi   |                    gmem8                   |    pointer   |
|m_axi_gmem8_ARVALID   | out |    1|    m_axi   |                    gmem8                   |    pointer   |
|m_axi_gmem8_ARREADY   |  in |    1|    m_axi   |                    gmem8                   |    pointer   |
|m_axi_gmem8_ARADDR    | out |   64|    m_axi   |                    gmem8                   |    pointer   |
|m_axi_gmem8_ARID      | out |    1|    m_axi   |                    gmem8                   |    pointer   |
|m_axi_gmem8_ARLEN     | out |   32|    m_axi   |                    gmem8                   |    pointer   |
|m_axi_gmem8_ARSIZE    | out |    3|    m_axi   |                    gmem8                   |    pointer   |
|m_axi_gmem8_ARBURST   | out |    2|    m_axi   |                    gmem8                   |    pointer   |
|m_axi_gmem8_ARLOCK    | out |    2|    m_axi   |                    gmem8                   |    pointer   |
|m_axi_gmem8_ARCACHE   | out |    4|    m_axi   |                    gmem8                   |    pointer   |
|m_axi_gmem8_ARPROT    | out |    3|    m_axi   |                    gmem8                   |    pointer   |
|m_axi_gmem8_ARQOS     | out |    4|    m_axi   |                    gmem8                   |    pointer   |
|m_axi_gmem8_ARREGION  | out |    4|    m_axi   |                    gmem8                   |    pointer   |
|m_axi_gmem8_ARUSER    | out |    1|    m_axi   |                    gmem8                   |    pointer   |
|m_axi_gmem8_RVALID    |  in |    1|    m_axi   |                    gmem8                   |    pointer   |
|m_axi_gmem8_RREADY    | out |    1|    m_axi   |                    gmem8                   |    pointer   |
|m_axi_gmem8_RDATA     |  in |   32|    m_axi   |                    gmem8                   |    pointer   |
|m_axi_gmem8_RLAST     |  in |    1|    m_axi   |                    gmem8                   |    pointer   |
|m_axi_gmem8_RID       |  in |    1|    m_axi   |                    gmem8                   |    pointer   |
|m_axi_gmem8_RUSER     |  in |    1|    m_axi   |                    gmem8                   |    pointer   |
|m_axi_gmem8_RRESP     |  in |    2|    m_axi   |                    gmem8                   |    pointer   |
|m_axi_gmem8_BVALID    |  in |    1|    m_axi   |                    gmem8                   |    pointer   |
|m_axi_gmem8_BREADY    | out |    1|    m_axi   |                    gmem8                   |    pointer   |
|m_axi_gmem8_BRESP     |  in |    2|    m_axi   |                    gmem8                   |    pointer   |
|m_axi_gmem8_BID       |  in |    1|    m_axi   |                    gmem8                   |    pointer   |
|m_axi_gmem8_BUSER     |  in |    1|    m_axi   |                    gmem8                   |    pointer   |
|m_axi_gmem9_AWVALID   | out |    1|    m_axi   |                    gmem9                   |    pointer   |
|m_axi_gmem9_AWREADY   |  in |    1|    m_axi   |                    gmem9                   |    pointer   |
|m_axi_gmem9_AWADDR    | out |   64|    m_axi   |                    gmem9                   |    pointer   |
|m_axi_gmem9_AWID      | out |    1|    m_axi   |                    gmem9                   |    pointer   |
|m_axi_gmem9_AWLEN     | out |   32|    m_axi   |                    gmem9                   |    pointer   |
|m_axi_gmem9_AWSIZE    | out |    3|    m_axi   |                    gmem9                   |    pointer   |
|m_axi_gmem9_AWBURST   | out |    2|    m_axi   |                    gmem9                   |    pointer   |
|m_axi_gmem9_AWLOCK    | out |    2|    m_axi   |                    gmem9                   |    pointer   |
|m_axi_gmem9_AWCACHE   | out |    4|    m_axi   |                    gmem9                   |    pointer   |
|m_axi_gmem9_AWPROT    | out |    3|    m_axi   |                    gmem9                   |    pointer   |
|m_axi_gmem9_AWQOS     | out |    4|    m_axi   |                    gmem9                   |    pointer   |
|m_axi_gmem9_AWREGION  | out |    4|    m_axi   |                    gmem9                   |    pointer   |
|m_axi_gmem9_AWUSER    | out |    1|    m_axi   |                    gmem9                   |    pointer   |
|m_axi_gmem9_WVALID    | out |    1|    m_axi   |                    gmem9                   |    pointer   |
|m_axi_gmem9_WREADY    |  in |    1|    m_axi   |                    gmem9                   |    pointer   |
|m_axi_gmem9_WDATA     | out |   32|    m_axi   |                    gmem9                   |    pointer   |
|m_axi_gmem9_WSTRB     | out |    4|    m_axi   |                    gmem9                   |    pointer   |
|m_axi_gmem9_WLAST     | out |    1|    m_axi   |                    gmem9                   |    pointer   |
|m_axi_gmem9_WID       | out |    1|    m_axi   |                    gmem9                   |    pointer   |
|m_axi_gmem9_WUSER     | out |    1|    m_axi   |                    gmem9                   |    pointer   |
|m_axi_gmem9_ARVALID   | out |    1|    m_axi   |                    gmem9                   |    pointer   |
|m_axi_gmem9_ARREADY   |  in |    1|    m_axi   |                    gmem9                   |    pointer   |
|m_axi_gmem9_ARADDR    | out |   64|    m_axi   |                    gmem9                   |    pointer   |
|m_axi_gmem9_ARID      | out |    1|    m_axi   |                    gmem9                   |    pointer   |
|m_axi_gmem9_ARLEN     | out |   32|    m_axi   |                    gmem9                   |    pointer   |
|m_axi_gmem9_ARSIZE    | out |    3|    m_axi   |                    gmem9                   |    pointer   |
|m_axi_gmem9_ARBURST   | out |    2|    m_axi   |                    gmem9                   |    pointer   |
|m_axi_gmem9_ARLOCK    | out |    2|    m_axi   |                    gmem9                   |    pointer   |
|m_axi_gmem9_ARCACHE   | out |    4|    m_axi   |                    gmem9                   |    pointer   |
|m_axi_gmem9_ARPROT    | out |    3|    m_axi   |                    gmem9                   |    pointer   |
|m_axi_gmem9_ARQOS     | out |    4|    m_axi   |                    gmem9                   |    pointer   |
|m_axi_gmem9_ARREGION  | out |    4|    m_axi   |                    gmem9                   |    pointer   |
|m_axi_gmem9_ARUSER    | out |    1|    m_axi   |                    gmem9                   |    pointer   |
|m_axi_gmem9_RVALID    |  in |    1|    m_axi   |                    gmem9                   |    pointer   |
|m_axi_gmem9_RREADY    | out |    1|    m_axi   |                    gmem9                   |    pointer   |
|m_axi_gmem9_RDATA     |  in |   32|    m_axi   |                    gmem9                   |    pointer   |
|m_axi_gmem9_RLAST     |  in |    1|    m_axi   |                    gmem9                   |    pointer   |
|m_axi_gmem9_RID       |  in |    1|    m_axi   |                    gmem9                   |    pointer   |
|m_axi_gmem9_RUSER     |  in |    1|    m_axi   |                    gmem9                   |    pointer   |
|m_axi_gmem9_RRESP     |  in |    2|    m_axi   |                    gmem9                   |    pointer   |
|m_axi_gmem9_BVALID    |  in |    1|    m_axi   |                    gmem9                   |    pointer   |
|m_axi_gmem9_BREADY    | out |    1|    m_axi   |                    gmem9                   |    pointer   |
|m_axi_gmem9_BRESP     |  in |    2|    m_axi   |                    gmem9                   |    pointer   |
|m_axi_gmem9_BID       |  in |    1|    m_axi   |                    gmem9                   |    pointer   |
|m_axi_gmem9_BUSER     |  in |    1|    m_axi   |                    gmem9                   |    pointer   |
|list_fix              |  in |   64|   ap_none  |                  list_fix                  |    scalar    |
|list                  |  in |   64|   ap_none  |                    list                    |    scalar    |
|nCorners              |  in |   32|   ap_none  |                  nCorners                  |    scalar    |
|p_read                |  in |   11|   ap_none  |                   p_read                   |    scalar    |
|p_read1               |  in |   11|   ap_none  |                   p_read1                  |    scalar    |
|flow_vectors_4        |  in |   64|   ap_none  |               flow_vectors_4               |    scalar    |
|harris_flag           |  in |    1|   ap_none  |                 harris_flag                |    scalar    |
+----------------------+-----+-----+------------+--------------------------------------------+--------------+

