

================================================================
== Vitis HLS Report for 'MatStream2AxiStream'
================================================================
* Date:           Thu Mar 25 15:01:45 2021

* Version:        2020.1.1 (Build 2960000 on Wed Aug 05 23:18:37 MDT 2020)
* Project:        pyr_down_accel
* Solution:       solution (Vitis Kernel Flow Target)
* Product family: zynquplus
* Target device:  xczu7ev-ffvc1156-2-e


================================================================
== Performance Estimates
================================================================
+ Timing: 
    * Summary: 
    +--------+---------+----------+------------+
    |  Clock |  Target | Estimated| Uncertainty|
    +--------+---------+----------+------------+
    |ap_clk  | 6.67 ns | 4.329 ns |   1.80 ns  |
    +--------+---------+----------+------------+

+ Latency: 
    * Summary: 
    +---------+---------+-----------+-----------+-----+---------+---------+
    |  Latency (cycles) |   Latency (absolute)  |    Interval   | Pipeline|
    |   min   |   max   |    min    |    max    | min |   max   |   Type  |
    +---------+---------+-----------+-----------+-----+---------+---------+
    |        4|  2073603| 26.668 ns | 13.825 ms |    4|  2073603|   none  |
    +---------+---------+-----------+-----------+-----+---------+---------+

    + Detail: 
        * Instance: 
        N/A

        * Loop: 
        +-----------------------------+---------+---------+----------+-----------+-----------+-------------+----------+
        |                             |  Latency (cycles) | Iteration|  Initiation Interval  |     Trip    |          |
        |          Loop Name          |   min   |   max   |  Latency |  achieved |   target  |    Count    | Pipelined|
        +-----------------------------+---------+---------+----------+-----------+-----------+-------------+----------+
        |- MMIterOutRow_MMIterOutCol  |        1|  2073600|         2|          1|          1| 1 ~ 2073600 |    yes   |
        +-----------------------------+---------+---------+----------+-----------+-----------+-------------+----------+

============================================================
+ Verbose Summary: Synthesis Manager
============================================================
InlineROM: 1
ExposeGlobal: 0
============================================================
+ Verbose Summary: CDFG Model
============================================================
IsTopModel: 0
ResetActiveHigh: 1
IsCombinational: 2
IsDatapathOnly: 0
HasWiredReturn: 1
HasMFsm: 0
HasVarLatency: 1
IsPipeline: 0
IsRtlPipelined: 0
IsInstanceOverlapped: 0
IsDontTouch: 0
HasImplIP: 0
IsGatedGlobalClock: 0

+ Individual pipeline summary: 
  * Pipeline-0: initiation interval (II) = 1, depth = 2


============================================================
+ Verbose Summary: Schedule
============================================================
* Number of FSM states : 5
* Pipeline : 1
  Pipeline-0 : II = 1, D = 2, States = { 3 4 }
* Dataflow Pipeline: 0

* FSM state transitions: 
1 --> 2 
2 --> 3 
3 --> 5 4 
4 --> 3 
5 --> 

* FSM state operations: 

State 1 <SV = 0> <Delay = 1.83>
ST_1 : Operation 6 [1/1] (0.00ns)   --->   "%p_0 = alloca i32"   --->   Operation 6 'alloca' 'p_0' <Predicate = true> <Delay = 0.00>
ST_1 : Operation 7 [1/1] (1.83ns)   --->   "%rows_1 = read i32 @_ssdm_op_Read.ap_fifo.i32P, i32 %rows" [/tools/Xilinx/Vitis/2020.1/workspace/test_fast/libs/xf_opencv/L1/include/common/xf_structs.hpp:1233]   --->   Operation 7 'read' 'rows_1' <Predicate = true> <Delay = 1.83> <CoreInst = "FIFO_SRL">   --->   Core 21 'FIFO_SRL' <Latency = 0> <II = 1> <Delay = 1.83> <Storage> <Opcode : 'read' 'write' 'nbread' 'nbwrite'> <Ports = 0> <Width = 32> <Depth = 2> <FIFO>
ST_1 : Operation 8 [1/1] (1.83ns)   --->   "%cols_bound_per_npc_1 = read i32 @_ssdm_op_Read.ap_fifo.i32P, i32 %cols_bound_per_npc" [/tools/Xilinx/Vitis/2020.1/workspace/test_fast/libs/xf_opencv/L1/include/common/xf_structs.hpp:1234]   --->   Operation 8 'read' 'cols_bound_per_npc_1' <Predicate = true> <Delay = 1.83> <CoreInst = "FIFO_SRL">   --->   Core 21 'FIFO_SRL' <Latency = 0> <II = 1> <Delay = 1.83> <Storage> <Opcode : 'read' 'write' 'nbread' 'nbwrite'> <Ports = 0> <Width = 32> <Depth = 2> <FIFO>
ST_1 : Operation 9 [1/1] (0.67ns)   --->   "%store_ln1241 = store i32, i32 %p_0" [/tools/Xilinx/Vitis/2020.1/workspace/test_fast/libs/xf_opencv/L1/include/common/xf_structs.hpp:1241->/tools/Xilinx/Vitis/2020.1/workspace/test_fast/libs/xf_opencv/L1/include/common/xf_structs.hpp:1281]   --->   Operation 9 'store' 'store_ln1241' <Predicate = true> <Delay = 0.67>

State 2 <SV = 1> <Delay = 3.42>
ST_2 : Operation 10 [1/1] (0.00ns)   --->   "%last_blk_width_read = read i4 @_ssdm_op_Read.ap_auto.volatile.i4P, i4 %last_blk_width" [/tools/Xilinx/Vitis/2020.1/workspace/test_fast/libs/xf_opencv/L1/include/common/xf_structs.hpp:1231->/tools/Xilinx/Vitis/2020.1/workspace/test_fast/libs/xf_opencv/L1/include/common/xf_structs.hpp:1281]   --->   Operation 10 'read' 'last_blk_width_read' <Predicate = true> <Delay = 0.00>
ST_2 : Operation 11 [1/1] (0.00ns)   --->   "%specinterface_ln0 = specinterface void @_ssdm_op_SpecInterface, i8 %pyr1_out_mat_432, void @empty_20, i32, i32, void @empty_2, i32, i32, void @empty_2, void @empty_2, void @empty_2, i32, i32, i32, i32, void @empty_2, void @empty_2"   --->   Operation 11 'specinterface' 'specinterface_ln0' <Predicate = true> <Delay = 0.00>
ST_2 : Operation 12 [1/1] (0.00ns)   --->   "%specinterface_ln0 = specinterface void @_ssdm_op_SpecInterface, i32 %ldata1, void @empty_20, i32, i32, void @empty_2, i32, i32, void @empty_2, void @empty_2, void @empty_2, i32, i32, i32, i32, void @empty_2, void @empty_2"   --->   Operation 12 'specinterface' 'specinterface_ln0' <Predicate = true> <Delay = 0.00>
ST_2 : Operation 13 [1/1] (0.00ns)   --->   "%specinterface_ln0 = specinterface void @_ssdm_op_SpecInterface, i32 %cols_bound_per_npc, void @ap_fifo_str, i32, i32, void @p_str, i32, i32, void @p_str, void @p_str, void @p_str, i32, i32, i32, i32, void @p_str, void @ScalarProp_str"   --->   Operation 13 'specinterface' 'specinterface_ln0' <Predicate = true> <Delay = 0.00>
ST_2 : Operation 14 [1/1] (0.00ns)   --->   "%specinterface_ln0 = specinterface void @_ssdm_op_SpecInterface, i32 %rows, void @ap_fifo_str, i32, i32, void @p_str, i32, i32, void @p_str, void @p_str, void @p_str, i32, i32, i32, i32, void @p_str, void @ScalarProp_str"   --->   Operation 14 'specinterface' 'specinterface_ln0' <Predicate = true> <Delay = 0.00>
ST_2 : Operation 15 [1/1] (0.00ns)   --->   "%specinterface_ln0 = specinterface void @_ssdm_op_SpecInterface, i8 %pyr1_out_mat_432, void @empty_20, i32, i32, void @empty_2, i32, i32, void @empty_2, void @empty_2, void @empty_2, i32, i32, i32, i32, void @empty_2, void @empty_2"   --->   Operation 15 'specinterface' 'specinterface_ln0' <Predicate = true> <Delay = 0.00>
ST_2 : Operation 16 [1/1] (0.00ns)   --->   "%specinterface_ln0 = specinterface void @_ssdm_op_SpecInterface, i32 %ldata1, void @empty_20, i32, i32, void @empty_2, i32, i32, void @empty_2, void @empty_2, void @empty_2, i32, i32, i32, i32, void @empty_2, void @empty_2"   --->   Operation 16 'specinterface' 'specinterface_ln0' <Predicate = true> <Delay = 0.00>
ST_2 : Operation 17 [1/1] (1.01ns)   --->   "%sub_i = add i32 %cols_bound_per_npc_1, i32" [/tools/Xilinx/Vitis/2020.1/workspace/test_fast/libs/xf_opencv/L1/include/common/xf_structs.hpp:1234]   --->   Operation 17 'add' 'sub_i' <Predicate = true> <Delay = 1.01> <CoreInst = "Adder">   --->   Core 1 'Adder' <Latency = 0> <II = 1> <Delay = 0.78> <FuncUnit> <Opcode : 'add' 'sub'> <InPorts = 2> <OutPorts = 1>
ST_2 : Operation 18 [1/1] (0.00ns)   --->   "%zext_ln1231 = zext i32 %rows_1" [/tools/Xilinx/Vitis/2020.1/workspace/test_fast/libs/xf_opencv/L1/include/common/xf_structs.hpp:1231->/tools/Xilinx/Vitis/2020.1/workspace/test_fast/libs/xf_opencv/L1/include/common/xf_structs.hpp:1281]   --->   Operation 18 'zext' 'zext_ln1231' <Predicate = true> <Delay = 0.00>
ST_2 : Operation 19 [1/1] (0.00ns)   --->   "%zext_ln1231_1 = zext i32 %cols_bound_per_npc_1" [/tools/Xilinx/Vitis/2020.1/workspace/test_fast/libs/xf_opencv/L1/include/common/xf_structs.hpp:1231->/tools/Xilinx/Vitis/2020.1/workspace/test_fast/libs/xf_opencv/L1/include/common/xf_structs.hpp:1281]   --->   Operation 19 'zext' 'zext_ln1231_1' <Predicate = true> <Delay = 0.00>
ST_2 : Operation 20 [1/1] (3.42ns)   --->   "%mul_ln1231 = mul i64 %zext_ln1231_1, i64 %zext_ln1231" [/tools/Xilinx/Vitis/2020.1/workspace/test_fast/libs/xf_opencv/L1/include/common/xf_structs.hpp:1231->/tools/Xilinx/Vitis/2020.1/workspace/test_fast/libs/xf_opencv/L1/include/common/xf_structs.hpp:1281]   --->   Operation 20 'mul' 'mul_ln1231' <Predicate = true> <Delay = 3.42> <CoreInst = "Multiplier">   --->   Core 4 'Multiplier' <Latency = 0> <II = 1> <Delay = 3.42> <FuncUnit> <Opcode : 'mul'> <InPorts = 2> <OutPorts = 1>
ST_2 : Operation 21 [1/1] (0.65ns)   --->   "%br_ln1241 = br void" [/tools/Xilinx/Vitis/2020.1/workspace/test_fast/libs/xf_opencv/L1/include/common/xf_structs.hpp:1241->/tools/Xilinx/Vitis/2020.1/workspace/test_fast/libs/xf_opencv/L1/include/common/xf_structs.hpp:1281]   --->   Operation 21 'br' 'br_ln1241' <Predicate = true> <Delay = 0.65>

State 3 <SV = 2> <Delay = 3.93>
ST_3 : Operation 22 [1/1] (0.00ns)   --->   "%indvar_flatten = phi i64, void %entry, i64 %add_ln1241, void" [/tools/Xilinx/Vitis/2020.1/workspace/test_fast/libs/xf_opencv/L1/include/common/xf_structs.hpp:1241->/tools/Xilinx/Vitis/2020.1/workspace/test_fast/libs/xf_opencv/L1/include/common/xf_structs.hpp:1281]   --->   Operation 22 'phi' 'indvar_flatten' <Predicate = true> <Delay = 0.00>
ST_3 : Operation 23 [1/1] (0.00ns)   --->   "%j = phi i31, void %entry, i31 %j_2, void"   --->   Operation 23 'phi' 'j' <Predicate = true> <Delay = 0.00>
ST_3 : Operation 24 [1/1] (0.00ns)   --->   "%empty = phi i6, void %entry, i6 %add_ln216, void"   --->   Operation 24 'phi' 'empty' <Predicate = true> <Delay = 0.00>
ST_3 : Operation 25 [1/1] (0.00ns)   --->   "%zext_ln1246 = zext i31 %j" [/tools/Xilinx/Vitis/2020.1/workspace/test_fast/libs/xf_opencv/L1/include/common/xf_structs.hpp:1246->/tools/Xilinx/Vitis/2020.1/workspace/test_fast/libs/xf_opencv/L1/include/common/xf_structs.hpp:1281]   --->   Operation 25 'zext' 'zext_ln1246' <Predicate = true> <Delay = 0.00>
ST_3 : Operation 26 [1/1] (0.99ns)   --->   "%icmp_ln1246 = icmp_slt  i32 %zext_ln1246, i32 %cols_bound_per_npc_1" [/tools/Xilinx/Vitis/2020.1/workspace/test_fast/libs/xf_opencv/L1/include/common/xf_structs.hpp:1246->/tools/Xilinx/Vitis/2020.1/workspace/test_fast/libs/xf_opencv/L1/include/common/xf_structs.hpp:1281]   --->   Operation 26 'icmp' 'icmp_ln1246' <Predicate = true> <Delay = 0.99> <CoreInst = "Cmp">   --->   Core 10 'Cmp' <Latency = 0> <II = 1> <Delay = 0.78> <FuncUnit> <Opcode : 'icmp'> <InPorts = 2> <OutPorts = 1>
ST_3 : Operation 27 [1/1] (1.13ns)   --->   "%icmp_ln1241 = icmp_eq  i64 %indvar_flatten, i64 %mul_ln1231" [/tools/Xilinx/Vitis/2020.1/workspace/test_fast/libs/xf_opencv/L1/include/common/xf_structs.hpp:1241->/tools/Xilinx/Vitis/2020.1/workspace/test_fast/libs/xf_opencv/L1/include/common/xf_structs.hpp:1281]   --->   Operation 27 'icmp' 'icmp_ln1241' <Predicate = true> <Delay = 1.13> <CoreInst = "Cmp">   --->   Core 10 'Cmp' <Latency = 0> <II = 1> <Delay = 0.78> <FuncUnit> <Opcode : 'icmp'> <InPorts = 2> <OutPorts = 1>
ST_3 : Operation 28 [1/1] (1.08ns)   --->   "%add_ln1241 = add i64 %indvar_flatten, i64" [/tools/Xilinx/Vitis/2020.1/workspace/test_fast/libs/xf_opencv/L1/include/common/xf_structs.hpp:1241->/tools/Xilinx/Vitis/2020.1/workspace/test_fast/libs/xf_opencv/L1/include/common/xf_structs.hpp:1281]   --->   Operation 28 'add' 'add_ln1241' <Predicate = true> <Delay = 1.08> <CoreInst = "Adder">   --->   Core 1 'Adder' <Latency = 0> <II = 1> <Delay = 0.78> <FuncUnit> <Opcode : 'add' 'sub'> <InPorts = 2> <OutPorts = 1>
ST_3 : Operation 29 [1/1] (0.00ns)   --->   "%br_ln1241 = br i1 %icmp_ln1241, void %._crit_edge.loopexit.i, void %._crit_edge252.loopexit.i" [/tools/Xilinx/Vitis/2020.1/workspace/test_fast/libs/xf_opencv/L1/include/common/xf_structs.hpp:1241->/tools/Xilinx/Vitis/2020.1/workspace/test_fast/libs/xf_opencv/L1/include/common/xf_structs.hpp:1281]   --->   Operation 29 'br' 'br_ln1241' <Predicate = true> <Delay = 0.00>
ST_3 : Operation 30 [1/1] (0.00ns) (grouped into LUT with out node bLast)   --->   "%select_ln1238 = select i1 %icmp_ln1246, i31 %j, i31" [/tools/Xilinx/Vitis/2020.1/workspace/test_fast/libs/xf_opencv/L1/include/common/xf_structs.hpp:1238->/tools/Xilinx/Vitis/2020.1/workspace/test_fast/libs/xf_opencv/L1/include/common/xf_structs.hpp:1281]   --->   Operation 30 'select' 'select_ln1238' <Predicate = (!icmp_ln1241)> <Delay = 0.00> <CoreInst = "Sel">   --->   Core 11 'Sel' <Latency = 0> <II = 1> <Delay = 0.44> <FuncUnit> <Opcode : 'select'> <InPorts = 3> <OutPorts = 1>
ST_3 : Operation 31 [1/1] (0.00ns) (grouped into LUT with out node bLast)   --->   "%zext_ln1239 = zext i31 %select_ln1238" [/tools/Xilinx/Vitis/2020.1/workspace/test_fast/libs/xf_opencv/L1/include/common/xf_structs.hpp:1239->/tools/Xilinx/Vitis/2020.1/workspace/test_fast/libs/xf_opencv/L1/include/common/xf_structs.hpp:1281]   --->   Operation 31 'zext' 'zext_ln1239' <Predicate = (!icmp_ln1241)> <Delay = 0.00>
ST_3 : Operation 32 [1/1] (0.99ns) (out node of the LUT)   --->   "%bLast = icmp_eq  i32 %zext_ln1239, i32 %sub_i" [/tools/Xilinx/Vitis/2020.1/workspace/test_fast/libs/xf_opencv/L1/include/common/xf_structs.hpp:1252->/tools/Xilinx/Vitis/2020.1/workspace/test_fast/libs/xf_opencv/L1/include/common/xf_structs.hpp:1281]   --->   Operation 32 'icmp' 'bLast' <Predicate = (!icmp_ln1241)> <Delay = 0.99> <CoreInst = "Cmp">   --->   Core 10 'Cmp' <Latency = 0> <II = 1> <Delay = 0.78> <FuncUnit> <Opcode : 'icmp'> <InPorts = 2> <OutPorts = 1>
ST_3 : Operation 33 [1/1] (0.39ns)   --->   "%xf_bits_per_clock = select i1 %bLast, i4 %last_blk_width_read, i4" [/tools/Xilinx/Vitis/2020.1/workspace/test_fast/libs/xf_opencv/L1/include/common/xf_structs.hpp:1263->/tools/Xilinx/Vitis/2020.1/workspace/test_fast/libs/xf_opencv/L1/include/common/xf_structs.hpp:1281]   --->   Operation 33 'select' 'xf_bits_per_clock' <Predicate = (!icmp_ln1241)> <Delay = 0.39> <CoreInst = "Sel">   --->   Core 11 'Sel' <Latency = 0> <II = 1> <Delay = 0.44> <FuncUnit> <Opcode : 'select'> <InPorts = 3> <OutPorts = 1>
ST_3 : Operation 34 [1/1] (0.00ns)   --->   "%zext_ln1253 = zext i4 %xf_bits_per_clock" [/tools/Xilinx/Vitis/2020.1/workspace/test_fast/libs/xf_opencv/L1/include/common/xf_structs.hpp:1253->/tools/Xilinx/Vitis/2020.1/workspace/test_fast/libs/xf_opencv/L1/include/common/xf_structs.hpp:1281]   --->   Operation 34 'zext' 'zext_ln1253' <Predicate = (!icmp_ln1241)> <Delay = 0.00>
ST_3 : Operation 35 [1/1] (0.78ns)   --->   "%sub_ln1258 = sub i6, i6 %zext_ln1253" [/tools/Xilinx/Vitis/2020.1/workspace/test_fast/libs/xf_opencv/L1/include/common/xf_structs.hpp:1258->/tools/Xilinx/Vitis/2020.1/workspace/test_fast/libs/xf_opencv/L1/include/common/xf_structs.hpp:1281]   --->   Operation 35 'sub' 'sub_ln1258' <Predicate = (!icmp_ln1241)> <Delay = 0.78> <CoreInst = "Adder">   --->   Core 1 'Adder' <Latency = 0> <II = 1> <Delay = 0.78> <FuncUnit> <Opcode : 'add' 'sub'> <InPorts = 2> <OutPorts = 1>
ST_3 : Operation 36 [1/1] (0.78ns)   --->   "%icmp_ln882 = icmp_ult  i6 %empty, i6 %sub_ln1258"   --->   Operation 36 'icmp' 'icmp_ln882' <Predicate = (!icmp_ln1241)> <Delay = 0.78> <CoreInst = "Cmp">   --->   Core 10 'Cmp' <Latency = 0> <II = 1> <Delay = 0.78> <FuncUnit> <Opcode : 'icmp'> <InPorts = 2> <OutPorts = 1>
ST_3 : Operation 37 [1/1] (0.00ns)   --->   "%br_ln1258 = br i1 %icmp_ln882, void %_ifconv, void %._crit_edge.loopexit.i._crit_edge" [/tools/Xilinx/Vitis/2020.1/workspace/test_fast/libs/xf_opencv/L1/include/common/xf_structs.hpp:1258->/tools/Xilinx/Vitis/2020.1/workspace/test_fast/libs/xf_opencv/L1/include/common/xf_structs.hpp:1281]   --->   Operation 37 'br' 'br_ln1258' <Predicate = (!icmp_ln1241)> <Delay = 0.00>
ST_3 : Operation 38 [1/1] (0.00ns)   --->   "%or_ln = bitconcatenate i6 @_ssdm_op_BitConcatenate.i6.i2.i4, i2, i4 %xf_bits_per_clock"   --->   Operation 38 'bitconcatenate' 'or_ln' <Predicate = (!icmp_ln1241 & !icmp_ln882)> <Delay = 0.00>
ST_3 : Operation 39 [1/1] (0.65ns)   --->   "%br_ln0 = br void"   --->   Operation 39 'br' 'br_ln0' <Predicate = (!icmp_ln1241 & !icmp_ln882)> <Delay = 0.65>
ST_3 : Operation 40 [1/1] (0.65ns)   --->   "%br_ln1258 = br void" [/tools/Xilinx/Vitis/2020.1/workspace/test_fast/libs/xf_opencv/L1/include/common/xf_structs.hpp:1258->/tools/Xilinx/Vitis/2020.1/workspace/test_fast/libs/xf_opencv/L1/include/common/xf_structs.hpp:1281]   --->   Operation 40 'br' 'br_ln1258' <Predicate = (!icmp_ln1241 & icmp_ln882)> <Delay = 0.65>
ST_3 : Operation 41 [1/1] (0.00ns) (grouped into LUT with out node add_ln216)   --->   "%conv_i9_i_i4_pn_i = phi i6 %or_ln, void %_ifconv, i6 %zext_ln1253, void %._crit_edge.loopexit.i._crit_edge"   --->   Operation 41 'phi' 'conv_i9_i_i4_pn_i' <Predicate = (!icmp_ln1241)> <Delay = 0.00>
ST_3 : Operation 42 [1/1] (0.78ns) (out node of the LUT)   --->   "%add_ln216 = add i6 %conv_i9_i_i4_pn_i, i6 %empty"   --->   Operation 42 'add' 'add_ln216' <Predicate = (!icmp_ln1241)> <Delay = 0.78> <CoreInst = "Adder">   --->   Core 1 'Adder' <Latency = 0> <II = 1> <Delay = 0.78> <FuncUnit> <Opcode : 'add' 'sub'> <InPorts = 2> <OutPorts = 1>
ST_3 : Operation 43 [1/1] (1.00ns)   --->   "%add_ln1246 = add i31 %j, i31" [/tools/Xilinx/Vitis/2020.1/workspace/test_fast/libs/xf_opencv/L1/include/common/xf_structs.hpp:1246->/tools/Xilinx/Vitis/2020.1/workspace/test_fast/libs/xf_opencv/L1/include/common/xf_structs.hpp:1281]   --->   Operation 43 'add' 'add_ln1246' <Predicate = (!icmp_ln1241)> <Delay = 1.00> <CoreInst = "Adder">   --->   Core 1 'Adder' <Latency = 0> <II = 1> <Delay = 0.78> <FuncUnit> <Opcode : 'add' 'sub'> <InPorts = 2> <OutPorts = 1>
ST_3 : Operation 44 [1/1] (0.41ns)   --->   "%j_2 = select i1 %icmp_ln1246, i31 %add_ln1246, i31" [/tools/Xilinx/Vitis/2020.1/workspace/test_fast/libs/xf_opencv/L1/include/common/xf_structs.hpp:1246->/tools/Xilinx/Vitis/2020.1/workspace/test_fast/libs/xf_opencv/L1/include/common/xf_structs.hpp:1281]   --->   Operation 44 'select' 'j_2' <Predicate = (!icmp_ln1241)> <Delay = 0.41> <CoreInst = "Sel">   --->   Core 11 'Sel' <Latency = 0> <II = 1> <Delay = 0.44> <FuncUnit> <Opcode : 'select'> <InPorts = 3> <OutPorts = 1>
ST_3 : Operation 45 [1/1] (0.00ns)   --->   "%br_ln0 = br void"   --->   Operation 45 'br' 'br_ln0' <Predicate = (!icmp_ln1241)> <Delay = 0.00>

State 4 <SV = 3> <Delay = 4.32>
ST_4 : Operation 46 [1/1] (0.00ns)   --->   "%p_0_load = load i32 %p_0, void %store_ln1241"   --->   Operation 46 'load' 'p_0_load' <Predicate = (!icmp_ln1241)> <Delay = 0.00>
ST_4 : Operation 47 [1/1] (0.00ns)   --->   "%specloopname_ln0 = specloopname void @_ssdm_op_SpecLoopName, void @MMIterOutRow_MMIterOutCol_str"   --->   Operation 47 'specloopname' 'specloopname_ln0' <Predicate = (!icmp_ln1241)> <Delay = 0.00>
ST_4 : Operation 48 [1/1] (0.00ns)   --->   "%speclooptripcount_ln0 = speclooptripcount void @_ssdm_op_SpecLoopTripCount, i64, i64, i64"   --->   Operation 48 'speclooptripcount' 'speclooptripcount_ln0' <Predicate = (!icmp_ln1241)> <Delay = 0.00>
ST_4 : Operation 49 [1/1] (0.00ns)   --->   "%specpipeline_ln1239 = specpipeline void @_ssdm_op_SpecPipeline, i32, i32, i32, i32, void @empty_2" [/tools/Xilinx/Vitis/2020.1/workspace/test_fast/libs/xf_opencv/L1/include/common/xf_structs.hpp:1239->/tools/Xilinx/Vitis/2020.1/workspace/test_fast/libs/xf_opencv/L1/include/common/xf_structs.hpp:1281]   --->   Operation 49 'specpipeline' 'specpipeline_ln1239' <Predicate = (!icmp_ln1241)> <Delay = 0.00>
ST_4 : Operation 50 [1/1] (0.00ns)   --->   "%specloopname_ln1239 = specloopname void @_ssdm_op_SpecLoopName, void @empty_8" [/tools/Xilinx/Vitis/2020.1/workspace/test_fast/libs/xf_opencv/L1/include/common/xf_structs.hpp:1239->/tools/Xilinx/Vitis/2020.1/workspace/test_fast/libs/xf_opencv/L1/include/common/xf_structs.hpp:1281]   --->   Operation 50 'specloopname' 'specloopname_ln1239' <Predicate = (!icmp_ln1241)> <Delay = 0.00>
ST_4 : Operation 51 [1/1] (1.75ns)   --->   "%pyr1_out_mat_432_read = read i8 @_ssdm_op_Read.ap_fifo.volatile.i8P, i8 %pyr1_out_mat_432" [/tools/Xilinx/Vitis/2020.1/common/technology/autopilot/hls_stream_39.h:145]   --->   Operation 51 'read' 'pyr1_out_mat_432_read' <Predicate = (!icmp_ln1241)> <Delay = 1.75> <CoreInst = "FIFO">   --->   Core 18 'FIFO' <Latency = 0> <II = 1> <Delay = 1.75> <Storage> <Opcode : 'read' 'write' 'nbread' 'nbwrite'> <Ports = 0> <Width = 8> <Depth = 1920> <FIFO>
ST_4 : Operation 52 [1/1] (0.00ns)   --->   "%zext_ln211 = zext i8 %pyr1_out_mat_432_read"   --->   Operation 52 'zext' 'zext_ln211' <Predicate = (!icmp_ln1241)> <Delay = 0.00>
ST_4 : Operation 53 [1/1] (0.00ns) (grouped into LUT with out node or_ln1353)   --->   "%zext_ln550 = zext i6 %empty"   --->   Operation 53 'zext' 'zext_ln550' <Predicate = (!icmp_ln1241)> <Delay = 0.00>
ST_4 : Operation 54 [1/1] (0.00ns) (grouped into LUT with out node or_ln1353)   --->   "%shl_ln785 = shl i32 %zext_ln211, i32 %zext_ln550"   --->   Operation 54 'shl' 'shl_ln785' <Predicate = (!icmp_ln1241)> <Delay = 0.00> <CoreInst = "Shift">   --->   Core 13 'Shift' <Latency = 0> <II = 1> <Delay = 0.74> <FuncUnit> <Opcode : 'shl' 'lshr' 'ashr'> <InPorts = 2> <OutPorts = 1>
ST_4 : Operation 55 [1/1] (0.74ns) (out node of the LUT)   --->   "%or_ln1353 = or i32 %shl_ln785, i32 %p_0_load"   --->   Operation 55 'or' 'or_ln1353' <Predicate = (!icmp_ln1241)> <Delay = 0.74> <CoreInst = "LogicGate">   --->   Core 12 'LogicGate' <Latency = 0> <II = 1> <Delay = 0.35> <FuncUnit> <Opcode : 'and' 'or' 'xor'> <InPorts = 2> <OutPorts = 1>
ST_4 : Operation 56 [1/1] (1.83ns)   --->   "%write_ln167 = write void @_ssdm_op_Write.ap_fifo.volatile.i32P, i32 %ldata1, i32 %or_ln1353" [/tools/Xilinx/Vitis/2020.1/common/technology/autopilot/hls_stream_39.h:167]   --->   Operation 56 'write' 'write_ln167' <Predicate = (!icmp_ln1241 & !icmp_ln882)> <Delay = 1.83> <CoreInst = "FIFO_SRL">   --->   Core 21 'FIFO_SRL' <Latency = 0> <II = 1> <Delay = 1.83> <Storage> <Opcode : 'read' 'write' 'nbread' 'nbwrite'> <Ports = 0> <Width = 32> <Depth = 2> <FIFO>
ST_4 : Operation 57 [1/1] (0.00ns)   --->   "%zext_ln1351 = zext i6 %empty"   --->   Operation 57 'zext' 'zext_ln1351' <Predicate = (!icmp_ln1241 & !icmp_ln882)> <Delay = 0.00>
ST_4 : Operation 58 [1/1] (0.77ns)   --->   "%p_Val2_s = sub i7, i7 %zext_ln1351"   --->   Operation 58 'sub' 'p_Val2_s' <Predicate = (!icmp_ln1241 & !icmp_ln882)> <Delay = 0.77> <CoreInst = "Adder">   --->   Core 1 'Adder' <Latency = 0> <II = 1> <Delay = 0.78> <FuncUnit> <Opcode : 'add' 'sub'> <InPorts = 2> <OutPorts = 1>
ST_4 : Operation 59 [1/1] (0.00ns)   --->   "%trunc_ln791 = trunc i7 %p_Val2_s"   --->   Operation 59 'trunc' 'trunc_ln791' <Predicate = (!icmp_ln1241 & !icmp_ln882)> <Delay = 0.00>
ST_4 : Operation 60 [1/1] (0.00ns) (grouped into LUT with out node select_ln791)   --->   "%p_Result_s = bitselect i1 @_ssdm_op_BitSelect.i1.i7.i32, i7 %p_Val2_s, i32"   --->   Operation 60 'bitselect' 'p_Result_s' <Predicate = (!icmp_ln1241 & !icmp_ln882)> <Delay = 0.00>
ST_4 : Operation 61 [1/1] (0.00ns) (grouped into LUT with out node select_ln791)   --->   "%sext_ln455 = sext i7 %p_Val2_s"   --->   Operation 61 'sext' 'sext_ln455' <Predicate = (!icmp_ln1241 & !icmp_ln882)> <Delay = 0.00>
ST_4 : Operation 62 [1/1] (0.78ns)   --->   "%sub_ln550 = sub i5, i5 %trunc_ln791"   --->   Operation 62 'sub' 'sub_ln550' <Predicate = (!icmp_ln1241 & !icmp_ln882)> <Delay = 0.78> <CoreInst = "Adder">   --->   Core 1 'Adder' <Latency = 0> <II = 1> <Delay = 0.78> <FuncUnit> <Opcode : 'add' 'sub'> <InPorts = 2> <OutPorts = 1>
ST_4 : Operation 63 [1/1] (0.00ns) (grouped into LUT with out node select_ln791)   --->   "%zext_ln785 = zext i5 %sub_ln550"   --->   Operation 63 'zext' 'zext_ln785' <Predicate = (!icmp_ln1241 & !icmp_ln882)> <Delay = 0.00>
ST_4 : Operation 64 [1/1] (0.00ns) (grouped into LUT with out node select_ln791)   --->   "%shl_ln785_1 = shl i32 %zext_ln211, i32 %zext_ln785"   --->   Operation 64 'shl' 'shl_ln785_1' <Predicate = (!icmp_ln1241 & !icmp_ln882)> <Delay = 0.00> <CoreInst = "Shift">   --->   Core 13 'Shift' <Latency = 0> <II = 1> <Delay = 0.74> <FuncUnit> <Opcode : 'shl' 'lshr' 'ashr'> <InPorts = 2> <OutPorts = 1>
ST_4 : Operation 65 [1/1] (0.00ns) (grouped into LUT with out node select_ln791)   --->   "%lshr_ln803 = lshr i32 %zext_ln211, i32 %sext_ln455"   --->   Operation 65 'lshr' 'lshr_ln803' <Predicate = (!icmp_ln1241 & !icmp_ln882)> <Delay = 0.00> <CoreInst = "Shift">   --->   Core 13 'Shift' <Latency = 0> <II = 1> <Delay = 0.74> <FuncUnit> <Opcode : 'shl' 'lshr' 'ashr'> <InPorts = 2> <OutPorts = 1>
ST_4 : Operation 66 [1/1] (0.74ns) (out node of the LUT)   --->   "%select_ln791 = select i1 %p_Result_s, i32 %shl_ln785_1, i32 %lshr_ln803"   --->   Operation 66 'select' 'select_ln791' <Predicate = (!icmp_ln1241 & !icmp_ln882)> <Delay = 0.74> <CoreInst = "Sel">   --->   Core 11 'Sel' <Latency = 0> <II = 1> <Delay = 0.44> <FuncUnit> <Opcode : 'select'> <InPorts = 3> <OutPorts = 1>
ST_4 : Operation 67 [1/1] (0.67ns)   --->   "%store_ln791 = store i32 %select_ln791, i32 %p_0, void %store_ln1241, i32 %p_0_load"   --->   Operation 67 'store' 'store_ln791' <Predicate = (!icmp_ln1241 & !icmp_ln882)> <Delay = 0.67>
ST_4 : Operation 68 [1/1] (0.67ns)   --->   "%store_ln1258 = store i32 %or_ln1353, i32 %p_0, void %store_ln1241, i32 %p_0_load" [/tools/Xilinx/Vitis/2020.1/workspace/test_fast/libs/xf_opencv/L1/include/common/xf_structs.hpp:1258->/tools/Xilinx/Vitis/2020.1/workspace/test_fast/libs/xf_opencv/L1/include/common/xf_structs.hpp:1281]   --->   Operation 68 'store' 'store_ln1258' <Predicate = (!icmp_ln1241 & icmp_ln882)> <Delay = 0.67>

State 5 <SV = 3> <Delay = 2.97>
ST_5 : Operation 69 [1/1] (0.78ns)   --->   "%icmp_ln878 = icmp_eq  i6 %empty, i6"   --->   Operation 69 'icmp' 'icmp_ln878' <Predicate = true> <Delay = 0.78> <CoreInst = "Cmp">   --->   Core 10 'Cmp' <Latency = 0> <II = 1> <Delay = 0.78> <FuncUnit> <Opcode : 'icmp'> <InPorts = 2> <OutPorts = 1>
ST_5 : Operation 70 [1/1] (0.00ns)   --->   "%br_ln1269 = br i1 %icmp_ln878, void, void %.exit" [/tools/Xilinx/Vitis/2020.1/workspace/test_fast/libs/xf_opencv/L1/include/common/xf_structs.hpp:1269->/tools/Xilinx/Vitis/2020.1/workspace/test_fast/libs/xf_opencv/L1/include/common/xf_structs.hpp:1281]   --->   Operation 70 'br' 'br_ln1269' <Predicate = true> <Delay = 0.00>
ST_5 : Operation 71 [1/1] (0.00ns)   --->   "%p_0_load_1 = load i32 %p_0, void %store_ln1241" [/tools/Xilinx/Vitis/2020.1/common/technology/autopilot/hls_stream_39.h:167]   --->   Operation 71 'load' 'p_0_load_1' <Predicate = (!icmp_ln878)> <Delay = 0.00>
ST_5 : Operation 72 [1/1] (1.83ns)   --->   "%write_ln167 = write void @_ssdm_op_Write.ap_fifo.volatile.i32P, i32 %ldata1, i32 %p_0_load_1" [/tools/Xilinx/Vitis/2020.1/common/technology/autopilot/hls_stream_39.h:167]   --->   Operation 72 'write' 'write_ln167' <Predicate = (!icmp_ln878)> <Delay = 1.83> <CoreInst = "FIFO_SRL">   --->   Core 21 'FIFO_SRL' <Latency = 0> <II = 1> <Delay = 1.83> <Storage> <Opcode : 'read' 'write' 'nbread' 'nbwrite'> <Ports = 0> <Width = 32> <Depth = 2> <FIFO>
ST_5 : Operation 73 [1/1] (0.00ns)   --->   "%br_ln1271 = br void %.exit" [/tools/Xilinx/Vitis/2020.1/workspace/test_fast/libs/xf_opencv/L1/include/common/xf_structs.hpp:1271->/tools/Xilinx/Vitis/2020.1/workspace/test_fast/libs/xf_opencv/L1/include/common/xf_structs.hpp:1281]   --->   Operation 73 'br' 'br_ln1271' <Predicate = (!icmp_ln878)> <Delay = 0.00>
ST_5 : Operation 74 [1/1] (0.00ns)   --->   "%ret_ln1281 = ret" [/tools/Xilinx/Vitis/2020.1/workspace/test_fast/libs/xf_opencv/L1/include/common/xf_structs.hpp:1281]   --->   Operation 74 'ret' 'ret_ln1281' <Predicate = true> <Delay = 0.00>


============================================================
+ Verbose Summary: Binding
============================================================
STG Binding: 
---------------- STG Properties BEGIN ----------------
- Is combinational: 0
- Is one-state seq: 0
- Is datapath-only: 0
- Is pipelined: 0
- Is top level: 0
Port [ Return ] is wired: 1; IO mode=ap_ctrl_hs:ce=0
Port [ pyr1_out_mat_432]:  wired=1; compound=1; hidden=0; nouse=0; global=0; static=0; extern=0; dir=0; type=3; pingpong=0; private_global=0; IO mode=ap_fifo:ce=0
Port [ ldata1]:  wired=1; compound=1; hidden=0; nouse=0; global=0; static=0; extern=0; dir=1; type=3; pingpong=0; private_global=0; IO mode=ap_fifo:ce=0
Port [ rows]:  wired=1; compound=1; hidden=0; nouse=0; global=0; static=0; extern=0; dir=0; type=3; pingpong=0; private_global=0; IO mode=ap_fifo:ce=0
Port [ cols_bound_per_npc]:  wired=1; compound=1; hidden=0; nouse=0; global=0; static=0; extern=0; dir=0; type=3; pingpong=0; private_global=0; IO mode=ap_fifo:ce=0
Port [ last_blk_width]:  wired=1; compound=0; hidden=0; nouse=0; global=0; static=0; extern=0; dir=0; type=0; pingpong=0; private_global=0; IO mode=ap_none:ce=0
---------------- STG Properties END ------------------

---------------- Datapath Model BEGIN ----------------

<LifeTime>
<method=bitvector/>
p_0                   (alloca           ) [ 011111]
rows_1                (read             ) [ 001000]
cols_bound_per_npc_1  (read             ) [ 001110]
store_ln1241          (store            ) [ 000000]
last_blk_width_read   (read             ) [ 000110]
specinterface_ln0     (specinterface    ) [ 000000]
specinterface_ln0     (specinterface    ) [ 000000]
specinterface_ln0     (specinterface    ) [ 000000]
specinterface_ln0     (specinterface    ) [ 000000]
specinterface_ln0     (specinterface    ) [ 000000]
specinterface_ln0     (specinterface    ) [ 000000]
sub_i                 (add              ) [ 000110]
zext_ln1231           (zext             ) [ 000000]
zext_ln1231_1         (zext             ) [ 000000]
mul_ln1231            (mul              ) [ 000110]
br_ln1241             (br               ) [ 001110]
indvar_flatten        (phi              ) [ 000110]
j                     (phi              ) [ 000110]
empty                 (phi              ) [ 000111]
zext_ln1246           (zext             ) [ 000000]
icmp_ln1246           (icmp             ) [ 000000]
icmp_ln1241           (icmp             ) [ 000110]
add_ln1241            (add              ) [ 001110]
br_ln1241             (br               ) [ 000000]
select_ln1238         (select           ) [ 000000]
zext_ln1239           (zext             ) [ 000000]
bLast                 (icmp             ) [ 000000]
xf_bits_per_clock     (select           ) [ 000000]
zext_ln1253           (zext             ) [ 000000]
sub_ln1258            (sub              ) [ 000000]
icmp_ln882            (icmp             ) [ 000110]
br_ln1258             (br               ) [ 000000]
or_ln                 (bitconcatenate   ) [ 000000]
br_ln0                (br               ) [ 000000]
br_ln1258             (br               ) [ 000000]
conv_i9_i_i4_pn_i     (phi              ) [ 000000]
add_ln216             (add              ) [ 001110]
add_ln1246            (add              ) [ 000000]
j_2                   (select           ) [ 001110]
br_ln0                (br               ) [ 001110]
p_0_load              (load             ) [ 000000]
specloopname_ln0      (specloopname     ) [ 000000]
speclooptripcount_ln0 (speclooptripcount) [ 000000]
specpipeline_ln1239   (specpipeline     ) [ 000000]
specloopname_ln1239   (specloopname     ) [ 000000]
pyr1_out_mat_432_read (read             ) [ 000000]
zext_ln211            (zext             ) [ 000000]
zext_ln550            (zext             ) [ 000000]
shl_ln785             (shl              ) [ 000000]
or_ln1353             (or               ) [ 000000]
write_ln167           (write            ) [ 000000]
zext_ln1351           (zext             ) [ 000000]
p_Val2_s              (sub              ) [ 000000]
trunc_ln791           (trunc            ) [ 000000]
p_Result_s            (bitselect        ) [ 000000]
sext_ln455            (sext             ) [ 000000]
sub_ln550             (sub              ) [ 000000]
zext_ln785            (zext             ) [ 000000]
shl_ln785_1           (shl              ) [ 000000]
lshr_ln803            (lshr             ) [ 000000]
select_ln791          (select           ) [ 000000]
store_ln791           (store            ) [ 000000]
store_ln1258          (store            ) [ 000000]
icmp_ln878            (icmp             ) [ 000001]
br_ln1269             (br               ) [ 000000]
p_0_load_1            (load             ) [ 000000]
write_ln167           (write            ) [ 000000]
br_ln1271             (br               ) [ 000000]
ret_ln1281            (ret              ) [ 000000]
</LifeTime>

<model>

<comp_list>
<comp id="0" class="1000" name="pyr1_out_mat_432">
<pin_list>
<pin id="1" dir="1" index="0" bw="1" slack="0"/>
</pin_list>
<bind>
<StgValue><ssdm name="pyr1_out_mat_432"/></StgValue>
</bind>
</comp>

<comp id="2" class="1000" name="ldata1">
<pin_list>
<pin id="3" dir="1" index="0" bw="1" slack="0"/>
</pin_list>
<bind>
<StgValue><ssdm name="ldata1"/></StgValue>
</bind>
</comp>

<comp id="4" class="1000" name="rows">
<pin_list>
<pin id="5" dir="1" index="0" bw="1" slack="0"/>
</pin_list>
<bind>
<StgValue><ssdm name="rows"/></StgValue>
</bind>
</comp>

<comp id="6" class="1000" name="cols_bound_per_npc">
<pin_list>
<pin id="7" dir="1" index="0" bw="1" slack="0"/>
</pin_list>
<bind>
<StgValue><ssdm name="cols_bound_per_npc"/></StgValue>
</bind>
</comp>

<comp id="8" class="1000" name="last_blk_width">
<pin_list>
<pin id="9" dir="1" index="0" bw="1" slack="0"/>
</pin_list>
<bind>
<StgValue><ssdm name="last_blk_width"/></StgValue>
</bind>
</comp>

<comp id="10" class="1001" name="const_10">
<pin_list>
<pin id="11" dir="1" index="0" bw="1" slack="0"/>
</pin_list>
<bind>
<StgValue><ssdm name=""/></StgValue>
</bind>
</comp>

<comp id="12" class="1001" name="const_12">
<pin_list>
<pin id="13" dir="1" index="0" bw="1" slack="0"/>
</pin_list>
<bind>
<StgValue><ssdm name="_ssdm_op_Read.ap_fifo.i32P"/></StgValue>
</bind>
</comp>

<comp id="14" class="1001" name="const_14">
<pin_list>
<pin id="15" dir="1" index="0" bw="1" slack="0"/>
</pin_list>
<bind>
<StgValue><ssdm name=""/></StgValue>
</bind>
</comp>

<comp id="16" class="1001" name="const_16">
<pin_list>
<pin id="17" dir="1" index="0" bw="1" slack="0"/>
</pin_list>
<bind>
<StgValue><ssdm name="_ssdm_op_Read.ap_auto.volatile.i4P"/></StgValue>
</bind>
</comp>

<comp id="18" class="1001" name="const_18">
<pin_list>
<pin id="19" dir="1" index="0" bw="1" slack="2147483647"/>
</pin_list>
<bind>
<StgValue><ssdm name="_ssdm_op_SpecInterface"/></StgValue>
</bind>
</comp>

<comp id="20" class="1001" name="const_20">
<pin_list>
<pin id="21" dir="1" index="0" bw="1" slack="2147483647"/>
</pin_list>
<bind>
<StgValue><ssdm name="empty_20"/></StgValue>
</bind>
</comp>

<comp id="22" class="1001" name="const_22">
<pin_list>
<pin id="23" dir="1" index="0" bw="1" slack="2147483647"/>
</pin_list>
<bind>
<StgValue><ssdm name="empty_2"/></StgValue>
</bind>
</comp>

<comp id="24" class="1001" name="const_24">
<pin_list>
<pin id="25" dir="1" index="0" bw="1" slack="2147483647"/>
</pin_list>
<bind>
<StgValue><ssdm name="ap_fifo_str"/></StgValue>
</bind>
</comp>

<comp id="26" class="1001" name="const_26">
<pin_list>
<pin id="27" dir="1" index="0" bw="1" slack="2147483647"/>
</pin_list>
<bind>
<StgValue><ssdm name="p_str"/></StgValue>
</bind>
</comp>

<comp id="28" class="1001" name="const_28">
<pin_list>
<pin id="29" dir="1" index="0" bw="1" slack="2147483647"/>
</pin_list>
<bind>
<StgValue><ssdm name=""/></StgValue>
</bind>
</comp>

<comp id="30" class="1001" name="const_30">
<pin_list>
<pin id="31" dir="1" index="0" bw="1" slack="2147483647"/>
</pin_list>
<bind>
<StgValue><ssdm name=""/></StgValue>
</bind>
</comp>

<comp id="32" class="1001" name="const_32">
<pin_list>
<pin id="33" dir="1" index="0" bw="1" slack="2147483647"/>
</pin_list>
<bind>
<StgValue><ssdm name="ScalarProp_str"/></StgValue>
</bind>
</comp>

<comp id="34" class="1001" name="const_34">
<pin_list>
<pin id="35" dir="1" index="0" bw="1" slack="0"/>
</pin_list>
<bind>
<StgValue><ssdm name=""/></StgValue>
</bind>
</comp>

<comp id="36" class="1001" name="const_36">
<pin_list>
<pin id="37" dir="1" index="0" bw="1" slack="1"/>
</pin_list>
<bind>
<StgValue><ssdm name=""/></StgValue>
</bind>
</comp>

<comp id="38" class="1001" name="const_38">
<pin_list>
<pin id="39" dir="1" index="0" bw="1" slack="0"/>
</pin_list>
<bind>
<StgValue><ssdm name=""/></StgValue>
</bind>
</comp>

<comp id="40" class="1001" name="const_40">
<pin_list>
<pin id="41" dir="1" index="0" bw="1" slack="0"/>
</pin_list>
<bind>
<StgValue><ssdm name=""/></StgValue>
</bind>
</comp>

<comp id="42" class="1001" name="const_42">
<pin_list>
<pin id="43" dir="1" index="0" bw="1" slack="0"/>
</pin_list>
<bind>
<StgValue><ssdm name=""/></StgValue>
</bind>
</comp>

<comp id="44" class="1001" name="const_44">
<pin_list>
<pin id="45" dir="1" index="0" bw="1" slack="0"/>
</pin_list>
<bind>
<StgValue><ssdm name=""/></StgValue>
</bind>
</comp>

<comp id="46" class="1001" name="const_46">
<pin_list>
<pin id="47" dir="1" index="0" bw="1" slack="0"/>
</pin_list>
<bind>
<StgValue><ssdm name=""/></StgValue>
</bind>
</comp>

<comp id="48" class="1001" name="const_48">
<pin_list>
<pin id="49" dir="1" index="0" bw="1" slack="0"/>
</pin_list>
<bind>
<StgValue><ssdm name="_ssdm_op_BitConcatenate.i6.i2.i4"/></StgValue>
</bind>
</comp>

<comp id="50" class="1001" name="const_50">
<pin_list>
<pin id="51" dir="1" index="0" bw="1" slack="0"/>
</pin_list>
<bind>
<StgValue><ssdm name=""/></StgValue>
</bind>
</comp>

<comp id="52" class="1001" name="const_52">
<pin_list>
<pin id="53" dir="1" index="0" bw="1" slack="0"/>
</pin_list>
<bind>
<StgValue><ssdm name=""/></StgValue>
</bind>
</comp>

<comp id="54" class="1001" name="const_54">
<pin_list>
<pin id="55" dir="1" index="0" bw="1" slack="2147483647"/>
</pin_list>
<bind>
<StgValue><ssdm name="_ssdm_op_SpecLoopName"/></StgValue>
</bind>
</comp>

<comp id="56" class="1001" name="const_56">
<pin_list>
<pin id="57" dir="1" index="0" bw="1" slack="2147483647"/>
</pin_list>
<bind>
<StgValue><ssdm name="MMIterOutRow_MMIterOutCol_str"/></StgValue>
</bind>
</comp>

<comp id="58" class="1001" name="const_58">
<pin_list>
<pin id="59" dir="1" index="0" bw="1" slack="2147483647"/>
</pin_list>
<bind>
<StgValue><ssdm name="_ssdm_op_SpecLoopTripCount"/></StgValue>
</bind>
</comp>

<comp id="60" class="1001" name="const_60">
<pin_list>
<pin id="61" dir="1" index="0" bw="1" slack="2147483647"/>
</pin_list>
<bind>
<StgValue><ssdm name=""/></StgValue>
</bind>
</comp>

<comp id="62" class="1001" name="const_62">
<pin_list>
<pin id="63" dir="1" index="0" bw="1" slack="2147483647"/>
</pin_list>
<bind>
<StgValue><ssdm name=""/></StgValue>
</bind>
</comp>

<comp id="64" class="1001" name="const_64">
<pin_list>
<pin id="65" dir="1" index="0" bw="1" slack="2147483647"/>
</pin_list>
<bind>
<StgValue><ssdm name="_ssdm_op_SpecPipeline"/></StgValue>
</bind>
</comp>

<comp id="66" class="1001" name="const_66">
<pin_list>
<pin id="67" dir="1" index="0" bw="1" slack="2147483647"/>
</pin_list>
<bind>
<StgValue><ssdm name="empty_8"/></StgValue>
</bind>
</comp>

<comp id="68" class="1001" name="const_68">
<pin_list>
<pin id="69" dir="1" index="0" bw="1" slack="0"/>
</pin_list>
<bind>
<StgValue><ssdm name="_ssdm_op_Read.ap_fifo.volatile.i8P"/></StgValue>
</bind>
</comp>

<comp id="70" class="1001" name="const_70">
<pin_list>
<pin id="71" dir="1" index="0" bw="1" slack="0"/>
</pin_list>
<bind>
<StgValue><ssdm name="_ssdm_op_Write.ap_fifo.volatile.i32P"/></StgValue>
</bind>
</comp>

<comp id="72" class="1001" name="const_72">
<pin_list>
<pin id="73" dir="1" index="0" bw="1" slack="0"/>
</pin_list>
<bind>
<StgValue><ssdm name=""/></StgValue>
</bind>
</comp>

<comp id="74" class="1001" name="const_74">
<pin_list>
<pin id="75" dir="1" index="0" bw="1" slack="0"/>
</pin_list>
<bind>
<StgValue><ssdm name="_ssdm_op_BitSelect.i1.i7.i32"/></StgValue>
</bind>
</comp>

<comp id="76" class="1001" name="const_76">
<pin_list>
<pin id="77" dir="1" index="0" bw="1" slack="0"/>
</pin_list>
<bind>
<StgValue><ssdm name=""/></StgValue>
</bind>
</comp>

<comp id="78" class="1001" name="const_78">
<pin_list>
<pin id="79" dir="1" index="0" bw="1" slack="0"/>
</pin_list>
<bind>
<StgValue><ssdm name=""/></StgValue>
</bind>
</comp>

<comp id="80" class="1004" name="p_0_fu_80">
<pin_list>
<pin id="81" dir="0" index="0" bw="1" slack="0"/>
<pin id="82" dir="1" index="1" bw="32" slack="0"/>
</pin_list>
<bind>
<opcode="alloca(26) " fcode="alloca"/>
<opset="p_0/1 "/>
</bind>
</comp>

<comp id="84" class="1004" name="rows_1_read_fu_84">
<pin_list>
<pin id="85" dir="0" index="0" bw="32" slack="0"/>
<pin id="86" dir="0" index="1" bw="32" slack="0"/>
<pin id="87" dir="1" index="2" bw="32" slack="1"/>
</pin_list>
<bind>
<opcode="read(1150) " fcode="read"/>
<opset="rows_1/1 "/>
</bind>
</comp>

<comp id="90" class="1004" name="cols_bound_per_npc_1_read_fu_90">
<pin_list>
<pin id="91" dir="0" index="0" bw="32" slack="0"/>
<pin id="92" dir="0" index="1" bw="32" slack="0"/>
<pin id="93" dir="1" index="2" bw="32" slack="1"/>
</pin_list>
<bind>
<opcode="read(1150) " fcode="read"/>
<opset="cols_bound_per_npc_1/1 "/>
</bind>
</comp>

<comp id="96" class="1004" name="last_blk_width_read_read_fu_96">
<pin_list>
<pin id="97" dir="0" index="0" bw="4" slack="0"/>
<pin id="98" dir="0" index="1" bw="4" slack="0"/>
<pin id="99" dir="1" index="2" bw="4" slack="1"/>
</pin_list>
<bind>
<opcode="read(1150) " fcode="read"/>
<opset="last_blk_width_read/2 "/>
</bind>
</comp>

<comp id="102" class="1004" name="pyr1_out_mat_432_read_read_fu_102">
<pin_list>
<pin id="103" dir="0" index="0" bw="8" slack="0"/>
<pin id="104" dir="0" index="1" bw="8" slack="0"/>
<pin id="105" dir="1" index="2" bw="8" slack="0"/>
</pin_list>
<bind>
<opcode="read(1150) " fcode="read"/>
<opset="pyr1_out_mat_432_read/4 "/>
</bind>
</comp>

<comp id="108" class="1004" name="grp_write_fu_108">
<pin_list>
<pin id="109" dir="0" index="0" bw="0" slack="0"/>
<pin id="110" dir="0" index="1" bw="32" slack="0"/>
<pin id="111" dir="0" index="2" bw="32" slack="0"/>
<pin id="112" dir="1" index="3" bw="0" slack="2147483647"/>
</pin_list>
<bind>
<opcode="write(1151) " fcode="write"/>
<opset="write_ln167/4 write_ln167/5 "/>
</bind>
</comp>

<comp id="115" class="1005" name="indvar_flatten_reg_115">
<pin_list>
<pin id="116" dir="0" index="0" bw="64" slack="1"/>
<pin id="117" dir="1" index="1" bw="64" slack="1"/>
</pin_list>
<bind>
<opset="indvar_flatten (phireg) "/>
</bind>
</comp>

<comp id="119" class="1004" name="indvar_flatten_phi_fu_119">
<pin_list>
<pin id="120" dir="0" index="0" bw="1" slack="1"/>
<pin id="121" dir="0" index="1" bw="0" slack="2147483647"/>
<pin id="122" dir="0" index="2" bw="64" slack="0"/>
<pin id="123" dir="0" index="3" bw="0" slack="2147483647"/>
<pin id="124" dir="1" index="4" bw="64" slack="0"/>
</pin_list>
<bind>
<opcode="phi(47) " fcode="phi"/>
<opset="indvar_flatten/3 "/>
</bind>
</comp>

<comp id="126" class="1005" name="j_reg_126">
<pin_list>
<pin id="127" dir="0" index="0" bw="31" slack="1"/>
<pin id="128" dir="1" index="1" bw="31" slack="1"/>
</pin_list>
<bind>
<opset="j (phireg) "/>
</bind>
</comp>

<comp id="130" class="1004" name="j_phi_fu_130">
<pin_list>
<pin id="131" dir="0" index="0" bw="1" slack="1"/>
<pin id="132" dir="0" index="1" bw="0" slack="2147483647"/>
<pin id="133" dir="0" index="2" bw="31" slack="0"/>
<pin id="134" dir="0" index="3" bw="0" slack="2147483647"/>
<pin id="135" dir="1" index="4" bw="31" slack="0"/>
</pin_list>
<bind>
<opcode="phi(47) " fcode="phi"/>
<opset="j/3 "/>
</bind>
</comp>

<comp id="137" class="1005" name="empty_reg_137">
<pin_list>
<pin id="138" dir="0" index="0" bw="6" slack="1"/>
<pin id="139" dir="1" index="1" bw="6" slack="1"/>
</pin_list>
<bind>
<opset="empty (phireg) "/>
</bind>
</comp>

<comp id="141" class="1004" name="empty_phi_fu_141">
<pin_list>
<pin id="142" dir="0" index="0" bw="1" slack="1"/>
<pin id="143" dir="0" index="1" bw="0" slack="2147483647"/>
<pin id="144" dir="0" index="2" bw="6" slack="0"/>
<pin id="145" dir="0" index="3" bw="0" slack="2147483647"/>
<pin id="146" dir="1" index="4" bw="6" slack="0"/>
</pin_list>
<bind>
<opcode="phi(47) " fcode="phi"/>
<opset="empty/3 "/>
</bind>
</comp>

<comp id="149" class="1005" name="conv_i9_i_i4_pn_i_reg_149">
<pin_list>
<pin id="150" dir="0" index="0" bw="6" slack="2147483647"/>
<pin id="151" dir="1" index="1" bw="6" slack="2147483647"/>
</pin_list>
<bind>
<opset="conv_i9_i_i4_pn_i (phireg) "/>
</bind>
</comp>

<comp id="152" class="1004" name="conv_i9_i_i4_pn_i_phi_fu_152">
<pin_list>
<pin id="153" dir="0" index="0" bw="6" slack="0"/>
<pin id="154" dir="0" index="1" bw="0" slack="2147483647"/>
<pin id="155" dir="0" index="2" bw="4" slack="0"/>
<pin id="156" dir="0" index="3" bw="0" slack="2147483647"/>
<pin id="157" dir="1" index="4" bw="6" slack="0"/>
</pin_list>
<bind>
<opcode="phi(47) " fcode="phi"/>
<opset="conv_i9_i_i4_pn_i/3 "/>
</bind>
</comp>

<comp id="158" class="1004" name="grp_load_fu_158">
<pin_list>
<pin id="159" dir="0" index="0" bw="32" slack="3"/>
<pin id="160" dir="1" index="1" bw="32" slack="0"/>
</pin_list>
<bind>
<opcode="load(27) " fcode="load"/>
<opset="p_0_load/4 p_0_load_1/5 "/>
</bind>
</comp>

<comp id="162" class="1004" name="store_ln1241_store_fu_162">
<pin_list>
<pin id="163" dir="0" index="0" bw="1" slack="0"/>
<pin id="164" dir="0" index="1" bw="32" slack="0"/>
<pin id="165" dir="1" index="2" bw="0" slack="2147483647"/>
</pin_list>
<bind>
<opcode="store(28) " fcode="store"/>
<opset="store_ln1241/1 "/>
</bind>
</comp>

<comp id="167" class="1004" name="sub_i_fu_167">
<pin_list>
<pin id="168" dir="0" index="0" bw="32" slack="1"/>
<pin id="169" dir="0" index="1" bw="1" slack="0"/>
<pin id="170" dir="1" index="2" bw="32" slack="1"/>
</pin_list>
<bind>
<opcode="add(8) " fcode="add"/>
<opset="sub_i/2 "/>
</bind>
</comp>

<comp id="172" class="1004" name="zext_ln1231_fu_172">
<pin_list>
<pin id="173" dir="0" index="0" bw="32" slack="1"/>
<pin id="174" dir="1" index="1" bw="64" slack="0"/>
</pin_list>
<bind>
<opcode="zext(34) " fcode="zext"/>
<opset="zext_ln1231/2 "/>
</bind>
</comp>

<comp id="175" class="1004" name="zext_ln1231_1_fu_175">
<pin_list>
<pin id="176" dir="0" index="0" bw="32" slack="1"/>
<pin id="177" dir="1" index="1" bw="64" slack="0"/>
</pin_list>
<bind>
<opcode="zext(34) " fcode="zext"/>
<opset="zext_ln1231_1/2 "/>
</bind>
</comp>

<comp id="178" class="1004" name="mul_ln1231_fu_178">
<pin_list>
<pin id="179" dir="0" index="0" bw="32" slack="0"/>
<pin id="180" dir="0" index="1" bw="32" slack="0"/>
<pin id="181" dir="1" index="2" bw="64" slack="1"/>
</pin_list>
<bind>
<opcode="mul(12) " fcode="mul"/>
<opset="mul_ln1231/2 "/>
</bind>
</comp>

<comp id="184" class="1004" name="zext_ln1246_fu_184">
<pin_list>
<pin id="185" dir="0" index="0" bw="31" slack="0"/>
<pin id="186" dir="1" index="1" bw="32" slack="0"/>
</pin_list>
<bind>
<opcode="zext(34) " fcode="zext"/>
<opset="zext_ln1246/3 "/>
</bind>
</comp>

<comp id="188" class="1004" name="icmp_ln1246_fu_188">
<pin_list>
<pin id="189" dir="0" index="0" bw="31" slack="0"/>
<pin id="190" dir="0" index="1" bw="32" slack="2"/>
<pin id="191" dir="1" index="2" bw="1" slack="0"/>
</pin_list>
<bind>
<opcode="icmp(45) " fcode="icmp"/>
<opset="icmp_ln1246/3 "/>
</bind>
</comp>

<comp id="193" class="1004" name="icmp_ln1241_fu_193">
<pin_list>
<pin id="194" dir="0" index="0" bw="64" slack="0"/>
<pin id="195" dir="0" index="1" bw="64" slack="1"/>
<pin id="196" dir="1" index="2" bw="1" slack="1"/>
</pin_list>
<bind>
<opcode="icmp(45) " fcode="icmp"/>
<opset="icmp_ln1241/3 "/>
</bind>
</comp>

<comp id="198" class="1004" name="add_ln1241_fu_198">
<pin_list>
<pin id="199" dir="0" index="0" bw="64" slack="0"/>
<pin id="200" dir="0" index="1" bw="1" slack="0"/>
<pin id="201" dir="1" index="2" bw="64" slack="0"/>
</pin_list>
<bind>
<opcode="add(8) " fcode="add"/>
<opset="add_ln1241/3 "/>
</bind>
</comp>

<comp id="204" class="1004" name="select_ln1238_fu_204">
<pin_list>
<pin id="205" dir="0" index="0" bw="1" slack="0"/>
<pin id="206" dir="0" index="1" bw="31" slack="0"/>
<pin id="207" dir="0" index="2" bw="1" slack="0"/>
<pin id="208" dir="1" index="3" bw="31" slack="0"/>
</pin_list>
<bind>
<opcode="select(49) " fcode="select"/>
<opset="select_ln1238/3 "/>
</bind>
</comp>

<comp id="212" class="1004" name="zext_ln1239_fu_212">
<pin_list>
<pin id="213" dir="0" index="0" bw="31" slack="0"/>
<pin id="214" dir="1" index="1" bw="32" slack="0"/>
</pin_list>
<bind>
<opcode="zext(34) " fcode="zext"/>
<opset="zext_ln1239/3 "/>
</bind>
</comp>

<comp id="216" class="1004" name="bLast_fu_216">
<pin_list>
<pin id="217" dir="0" index="0" bw="31" slack="0"/>
<pin id="218" dir="0" index="1" bw="32" slack="1"/>
<pin id="219" dir="1" index="2" bw="1" slack="0"/>
</pin_list>
<bind>
<opcode="icmp(45) " fcode="icmp"/>
<opset="bLast/3 "/>
</bind>
</comp>

<comp id="221" class="1004" name="xf_bits_per_clock_fu_221">
<pin_list>
<pin id="222" dir="0" index="0" bw="1" slack="0"/>
<pin id="223" dir="0" index="1" bw="4" slack="1"/>
<pin id="224" dir="0" index="2" bw="4" slack="0"/>
<pin id="225" dir="1" index="3" bw="4" slack="0"/>
</pin_list>
<bind>
<opcode="select(49) " fcode="select"/>
<opset="xf_bits_per_clock/3 "/>
</bind>
</comp>

<comp id="228" class="1004" name="zext_ln1253_fu_228">
<pin_list>
<pin id="229" dir="0" index="0" bw="4" slack="0"/>
<pin id="230" dir="1" index="1" bw="6" slack="0"/>
</pin_list>
<bind>
<opcode="zext(34) " fcode="zext"/>
<opset="zext_ln1253/3 "/>
</bind>
</comp>

<comp id="233" class="1004" name="sub_ln1258_fu_233">
<pin_list>
<pin id="234" dir="0" index="0" bw="6" slack="0"/>
<pin id="235" dir="0" index="1" bw="4" slack="0"/>
<pin id="236" dir="1" index="2" bw="6" slack="0"/>
</pin_list>
<bind>
<opcode="sub(10) " fcode="sub"/>
<opset="sub_ln1258/3 "/>
</bind>
</comp>

<comp id="239" class="1004" name="icmp_ln882_fu_239">
<pin_list>
<pin id="240" dir="0" index="0" bw="6" slack="0"/>
<pin id="241" dir="0" index="1" bw="6" slack="0"/>
<pin id="242" dir="1" index="2" bw="1" slack="1"/>
</pin_list>
<bind>
<opcode="icmp(45) " fcode="icmp"/>
<opset="icmp_ln882/3 "/>
</bind>
</comp>

<comp id="245" class="1004" name="or_ln_fu_245">
<pin_list>
<pin id="246" dir="0" index="0" bw="6" slack="0"/>
<pin id="247" dir="0" index="1" bw="2" slack="0"/>
<pin id="248" dir="0" index="2" bw="4" slack="0"/>
<pin id="249" dir="1" index="3" bw="6" slack="0"/>
</pin_list>
<bind>
<opcode="bitconcatenate(1004) " fcode="bitconcatenate"/>
<opset="or_ln/3 "/>
</bind>
</comp>

<comp id="254" class="1004" name="add_ln216_fu_254">
<pin_list>
<pin id="255" dir="0" index="0" bw="6" slack="0"/>
<pin id="256" dir="0" index="1" bw="6" slack="0"/>
<pin id="257" dir="1" index="2" bw="6" slack="0"/>
</pin_list>
<bind>
<opcode="add(8) " fcode="add"/>
<opset="add_ln216/3 "/>
</bind>
</comp>

<comp id="260" class="1004" name="add_ln1246_fu_260">
<pin_list>
<pin id="261" dir="0" index="0" bw="31" slack="0"/>
<pin id="262" dir="0" index="1" bw="1" slack="0"/>
<pin id="263" dir="1" index="2" bw="31" slack="0"/>
</pin_list>
<bind>
<opcode="add(8) " fcode="add"/>
<opset="add_ln1246/3 "/>
</bind>
</comp>

<comp id="266" class="1004" name="j_2_fu_266">
<pin_list>
<pin id="267" dir="0" index="0" bw="1" slack="0"/>
<pin id="268" dir="0" index="1" bw="31" slack="0"/>
<pin id="269" dir="0" index="2" bw="1" slack="0"/>
<pin id="270" dir="1" index="3" bw="31" slack="0"/>
</pin_list>
<bind>
<opcode="select(49) " fcode="select"/>
<opset="j_2/3 "/>
</bind>
</comp>

<comp id="274" class="1004" name="zext_ln211_fu_274">
<pin_list>
<pin id="275" dir="0" index="0" bw="8" slack="0"/>
<pin id="276" dir="1" index="1" bw="32" slack="0"/>
</pin_list>
<bind>
<opcode="zext(34) " fcode="zext"/>
<opset="zext_ln211/4 "/>
</bind>
</comp>

<comp id="278" class="1004" name="zext_ln550_fu_278">
<pin_list>
<pin id="279" dir="0" index="0" bw="6" slack="1"/>
<pin id="280" dir="1" index="1" bw="32" slack="0"/>
</pin_list>
<bind>
<opcode="zext(34) " fcode="zext"/>
<opset="zext_ln550/4 "/>
</bind>
</comp>

<comp id="282" class="1004" name="shl_ln785_fu_282">
<pin_list>
<pin id="283" dir="0" index="0" bw="8" slack="0"/>
<pin id="284" dir="0" index="1" bw="6" slack="0"/>
<pin id="285" dir="1" index="2" bw="32" slack="0"/>
</pin_list>
<bind>
<opcode="shl(20) " fcode="shl"/>
<opset="shl_ln785/4 "/>
</bind>
</comp>

<comp id="288" class="1004" name="or_ln1353_fu_288">
<pin_list>
<pin id="289" dir="0" index="0" bw="32" slack="0"/>
<pin id="290" dir="0" index="1" bw="32" slack="0"/>
<pin id="291" dir="1" index="2" bw="32" slack="0"/>
</pin_list>
<bind>
<opcode="or(24) " fcode="or"/>
<opset="or_ln1353/4 "/>
</bind>
</comp>

<comp id="295" class="1004" name="zext_ln1351_fu_295">
<pin_list>
<pin id="296" dir="0" index="0" bw="6" slack="1"/>
<pin id="297" dir="1" index="1" bw="7" slack="0"/>
</pin_list>
<bind>
<opcode="zext(34) " fcode="zext"/>
<opset="zext_ln1351/4 "/>
</bind>
</comp>

<comp id="299" class="1004" name="p_Val2_s_fu_299">
<pin_list>
<pin id="300" dir="0" index="0" bw="7" slack="0"/>
<pin id="301" dir="0" index="1" bw="6" slack="0"/>
<pin id="302" dir="1" index="2" bw="7" slack="0"/>
</pin_list>
<bind>
<opcode="sub(10) " fcode="sub"/>
<opset="p_Val2_s/4 "/>
</bind>
</comp>

<comp id="305" class="1004" name="trunc_ln791_fu_305">
<pin_list>
<pin id="306" dir="0" index="0" bw="7" slack="0"/>
<pin id="307" dir="1" index="1" bw="5" slack="0"/>
</pin_list>
<bind>
<opcode="trunc(33) " fcode="trunc"/>
<opset="trunc_ln791/4 "/>
</bind>
</comp>

<comp id="309" class="1004" name="p_Result_s_fu_309">
<pin_list>
<pin id="310" dir="0" index="0" bw="1" slack="0"/>
<pin id="311" dir="0" index="1" bw="7" slack="0"/>
<pin id="312" dir="0" index="2" bw="4" slack="0"/>
<pin id="313" dir="1" index="3" bw="1" slack="0"/>
</pin_list>
<bind>
<opcode="bitselect(1000) " fcode="bitselect"/>
<opset="p_Result_s/4 "/>
</bind>
</comp>

<comp id="317" class="1004" name="sext_ln455_fu_317">
<pin_list>
<pin id="318" dir="0" index="0" bw="7" slack="0"/>
<pin id="319" dir="1" index="1" bw="32" slack="0"/>
</pin_list>
<bind>
<opcode="sext(35) " fcode="sext"/>
<opset="sext_ln455/4 "/>
</bind>
</comp>

<comp id="321" class="1004" name="sub_ln550_fu_321">
<pin_list>
<pin id="322" dir="0" index="0" bw="1" slack="0"/>
<pin id="323" dir="0" index="1" bw="5" slack="0"/>
<pin id="324" dir="1" index="2" bw="5" slack="0"/>
</pin_list>
<bind>
<opcode="sub(10) " fcode="sub"/>
<opset="sub_ln550/4 "/>
</bind>
</comp>

<comp id="327" class="1004" name="zext_ln785_fu_327">
<pin_list>
<pin id="328" dir="0" index="0" bw="5" slack="0"/>
<pin id="329" dir="1" index="1" bw="32" slack="0"/>
</pin_list>
<bind>
<opcode="zext(34) " fcode="zext"/>
<opset="zext_ln785/4 "/>
</bind>
</comp>

<comp id="331" class="1004" name="shl_ln785_1_fu_331">
<pin_list>
<pin id="332" dir="0" index="0" bw="8" slack="0"/>
<pin id="333" dir="0" index="1" bw="5" slack="0"/>
<pin id="334" dir="1" index="2" bw="32" slack="0"/>
</pin_list>
<bind>
<opcode="shl(20) " fcode="shl"/>
<opset="shl_ln785_1/4 "/>
</bind>
</comp>

<comp id="337" class="1004" name="lshr_ln803_fu_337">
<pin_list>
<pin id="338" dir="0" index="0" bw="8" slack="0"/>
<pin id="339" dir="0" index="1" bw="7" slack="0"/>
<pin id="340" dir="1" index="2" bw="32" slack="0"/>
</pin_list>
<bind>
<opcode="lshr(21) " fcode="lshr"/>
<opset="lshr_ln803/4 "/>
</bind>
</comp>

<comp id="343" class="1004" name="select_ln791_fu_343">
<pin_list>
<pin id="344" dir="0" index="0" bw="1" slack="0"/>
<pin id="345" dir="0" index="1" bw="32" slack="0"/>
<pin id="346" dir="0" index="2" bw="32" slack="0"/>
<pin id="347" dir="1" index="3" bw="32" slack="0"/>
</pin_list>
<bind>
<opcode="select(49) " fcode="select"/>
<opset="select_ln791/4 "/>
</bind>
</comp>

<comp id="351" class="1004" name="store_ln791_store_fu_351">
<pin_list>
<pin id="352" dir="0" index="0" bw="32" slack="0"/>
<pin id="353" dir="0" index="1" bw="32" slack="3"/>
<pin id="354" dir="1" index="2" bw="0" slack="2147483647"/>
</pin_list>
<bind>
<opcode="store(28) " fcode="store"/>
<opset="store_ln791/4 "/>
</bind>
</comp>

<comp id="356" class="1004" name="store_ln1258_store_fu_356">
<pin_list>
<pin id="357" dir="0" index="0" bw="32" slack="0"/>
<pin id="358" dir="0" index="1" bw="32" slack="3"/>
<pin id="359" dir="1" index="2" bw="0" slack="2147483647"/>
</pin_list>
<bind>
<opcode="store(28) " fcode="store"/>
<opset="store_ln1258/4 "/>
</bind>
</comp>

<comp id="361" class="1004" name="icmp_ln878_fu_361">
<pin_list>
<pin id="362" dir="0" index="0" bw="6" slack="1"/>
<pin id="363" dir="0" index="1" bw="1" slack="0"/>
<pin id="364" dir="1" index="2" bw="1" slack="2147483647"/>
</pin_list>
<bind>
<opcode="icmp(45) " fcode="icmp"/>
<opset="icmp_ln878/5 "/>
</bind>
</comp>

<comp id="367" class="1005" name="p_0_reg_367">
<pin_list>
<pin id="368" dir="0" index="0" bw="32" slack="0"/>
<pin id="369" dir="1" index="1" bw="32" slack="0"/>
</pin_list>
<bind>
<opset="p_0 "/>
</bind>
</comp>

<comp id="375" class="1005" name="rows_1_reg_375">
<pin_list>
<pin id="376" dir="0" index="0" bw="32" slack="1"/>
<pin id="377" dir="1" index="1" bw="32" slack="1"/>
</pin_list>
<bind>
<opset="rows_1 "/>
</bind>
</comp>

<comp id="380" class="1005" name="cols_bound_per_npc_1_reg_380">
<pin_list>
<pin id="381" dir="0" index="0" bw="32" slack="1"/>
<pin id="382" dir="1" index="1" bw="32" slack="1"/>
</pin_list>
<bind>
<opset="cols_bound_per_npc_1 "/>
</bind>
</comp>

<comp id="387" class="1005" name="last_blk_width_read_reg_387">
<pin_list>
<pin id="388" dir="0" index="0" bw="4" slack="1"/>
<pin id="389" dir="1" index="1" bw="4" slack="1"/>
</pin_list>
<bind>
<opset="last_blk_width_read "/>
</bind>
</comp>

<comp id="392" class="1005" name="sub_i_reg_392">
<pin_list>
<pin id="393" dir="0" index="0" bw="32" slack="1"/>
<pin id="394" dir="1" index="1" bw="32" slack="1"/>
</pin_list>
<bind>
<opset="sub_i "/>
</bind>
</comp>

<comp id="397" class="1005" name="mul_ln1231_reg_397">
<pin_list>
<pin id="398" dir="0" index="0" bw="64" slack="1"/>
<pin id="399" dir="1" index="1" bw="64" slack="1"/>
</pin_list>
<bind>
<opset="mul_ln1231 "/>
</bind>
</comp>

<comp id="402" class="1005" name="icmp_ln1241_reg_402">
<pin_list>
<pin id="403" dir="0" index="0" bw="1" slack="1"/>
<pin id="404" dir="1" index="1" bw="1" slack="2147483647"/>
</pin_list>
<bind>
<opset="icmp_ln1241 "/>
</bind>
</comp>

<comp id="406" class="1005" name="add_ln1241_reg_406">
<pin_list>
<pin id="407" dir="0" index="0" bw="64" slack="0"/>
<pin id="408" dir="1" index="1" bw="64" slack="0"/>
</pin_list>
<bind>
<opset="add_ln1241 "/>
</bind>
</comp>

<comp id="411" class="1005" name="icmp_ln882_reg_411">
<pin_list>
<pin id="412" dir="0" index="0" bw="1" slack="1"/>
<pin id="413" dir="1" index="1" bw="1" slack="2147483647"/>
</pin_list>
<bind>
<opset="icmp_ln882 "/>
</bind>
</comp>

<comp id="415" class="1005" name="add_ln216_reg_415">
<pin_list>
<pin id="416" dir="0" index="0" bw="6" slack="0"/>
<pin id="417" dir="1" index="1" bw="6" slack="0"/>
</pin_list>
<bind>
<opset="add_ln216 "/>
</bind>
</comp>

<comp id="420" class="1005" name="j_2_reg_420">
<pin_list>
<pin id="421" dir="0" index="0" bw="31" slack="0"/>
<pin id="422" dir="1" index="1" bw="31" slack="0"/>
</pin_list>
<bind>
<opset="j_2 "/>
</bind>
</comp>

</comp_list>

<net_list>
<net id="83"><net_src comp="10" pin="0"/><net_sink comp="80" pin=0"/></net>

<net id="88"><net_src comp="12" pin="0"/><net_sink comp="84" pin=0"/></net>

<net id="89"><net_src comp="4" pin="0"/><net_sink comp="84" pin=1"/></net>

<net id="94"><net_src comp="12" pin="0"/><net_sink comp="90" pin=0"/></net>

<net id="95"><net_src comp="6" pin="0"/><net_sink comp="90" pin=1"/></net>

<net id="100"><net_src comp="16" pin="0"/><net_sink comp="96" pin=0"/></net>

<net id="101"><net_src comp="8" pin="0"/><net_sink comp="96" pin=1"/></net>

<net id="106"><net_src comp="68" pin="0"/><net_sink comp="102" pin=0"/></net>

<net id="107"><net_src comp="0" pin="0"/><net_sink comp="102" pin=1"/></net>

<net id="113"><net_src comp="70" pin="0"/><net_sink comp="108" pin=0"/></net>

<net id="114"><net_src comp="2" pin="0"/><net_sink comp="108" pin=1"/></net>

<net id="118"><net_src comp="36" pin="0"/><net_sink comp="115" pin=0"/></net>

<net id="125"><net_src comp="115" pin="1"/><net_sink comp="119" pin=0"/></net>

<net id="129"><net_src comp="38" pin="0"/><net_sink comp="126" pin=0"/></net>

<net id="136"><net_src comp="126" pin="1"/><net_sink comp="130" pin=0"/></net>

<net id="140"><net_src comp="40" pin="0"/><net_sink comp="137" pin=0"/></net>

<net id="147"><net_src comp="137" pin="1"/><net_sink comp="141" pin=0"/></net>

<net id="148"><net_src comp="141" pin="4"/><net_sink comp="137" pin=0"/></net>

<net id="161"><net_src comp="158" pin="1"/><net_sink comp="108" pin=2"/></net>

<net id="166"><net_src comp="14" pin="0"/><net_sink comp="162" pin=0"/></net>

<net id="171"><net_src comp="34" pin="0"/><net_sink comp="167" pin=1"/></net>

<net id="182"><net_src comp="175" pin="1"/><net_sink comp="178" pin=0"/></net>

<net id="183"><net_src comp="172" pin="1"/><net_sink comp="178" pin=1"/></net>

<net id="187"><net_src comp="130" pin="4"/><net_sink comp="184" pin=0"/></net>

<net id="192"><net_src comp="184" pin="1"/><net_sink comp="188" pin=0"/></net>

<net id="197"><net_src comp="119" pin="4"/><net_sink comp="193" pin=0"/></net>

<net id="202"><net_src comp="119" pin="4"/><net_sink comp="198" pin=0"/></net>

<net id="203"><net_src comp="42" pin="0"/><net_sink comp="198" pin=1"/></net>

<net id="209"><net_src comp="188" pin="2"/><net_sink comp="204" pin=0"/></net>

<net id="210"><net_src comp="130" pin="4"/><net_sink comp="204" pin=1"/></net>

<net id="211"><net_src comp="38" pin="0"/><net_sink comp="204" pin=2"/></net>

<net id="215"><net_src comp="204" pin="3"/><net_sink comp="212" pin=0"/></net>

<net id="220"><net_src comp="212" pin="1"/><net_sink comp="216" pin=0"/></net>

<net id="226"><net_src comp="216" pin="2"/><net_sink comp="221" pin=0"/></net>

<net id="227"><net_src comp="44" pin="0"/><net_sink comp="221" pin=2"/></net>

<net id="231"><net_src comp="221" pin="3"/><net_sink comp="228" pin=0"/></net>

<net id="232"><net_src comp="228" pin="1"/><net_sink comp="152" pin=2"/></net>

<net id="237"><net_src comp="46" pin="0"/><net_sink comp="233" pin=0"/></net>

<net id="238"><net_src comp="228" pin="1"/><net_sink comp="233" pin=1"/></net>

<net id="243"><net_src comp="141" pin="4"/><net_sink comp="239" pin=0"/></net>

<net id="244"><net_src comp="233" pin="2"/><net_sink comp="239" pin=1"/></net>

<net id="250"><net_src comp="48" pin="0"/><net_sink comp="245" pin=0"/></net>

<net id="251"><net_src comp="50" pin="0"/><net_sink comp="245" pin=1"/></net>

<net id="252"><net_src comp="221" pin="3"/><net_sink comp="245" pin=2"/></net>

<net id="253"><net_src comp="245" pin="3"/><net_sink comp="152" pin=0"/></net>

<net id="258"><net_src comp="152" pin="4"/><net_sink comp="254" pin=0"/></net>

<net id="259"><net_src comp="141" pin="4"/><net_sink comp="254" pin=1"/></net>

<net id="264"><net_src comp="130" pin="4"/><net_sink comp="260" pin=0"/></net>

<net id="265"><net_src comp="52" pin="0"/><net_sink comp="260" pin=1"/></net>

<net id="271"><net_src comp="188" pin="2"/><net_sink comp="266" pin=0"/></net>

<net id="272"><net_src comp="260" pin="2"/><net_sink comp="266" pin=1"/></net>

<net id="273"><net_src comp="52" pin="0"/><net_sink comp="266" pin=2"/></net>

<net id="277"><net_src comp="102" pin="2"/><net_sink comp="274" pin=0"/></net>

<net id="281"><net_src comp="137" pin="1"/><net_sink comp="278" pin=0"/></net>

<net id="286"><net_src comp="274" pin="1"/><net_sink comp="282" pin=0"/></net>

<net id="287"><net_src comp="278" pin="1"/><net_sink comp="282" pin=1"/></net>

<net id="292"><net_src comp="282" pin="2"/><net_sink comp="288" pin=0"/></net>

<net id="293"><net_src comp="158" pin="1"/><net_sink comp="288" pin=1"/></net>

<net id="294"><net_src comp="288" pin="2"/><net_sink comp="108" pin=2"/></net>

<net id="298"><net_src comp="137" pin="1"/><net_sink comp="295" pin=0"/></net>

<net id="303"><net_src comp="72" pin="0"/><net_sink comp="299" pin=0"/></net>

<net id="304"><net_src comp="295" pin="1"/><net_sink comp="299" pin=1"/></net>

<net id="308"><net_src comp="299" pin="2"/><net_sink comp="305" pin=0"/></net>

<net id="314"><net_src comp="74" pin="0"/><net_sink comp="309" pin=0"/></net>

<net id="315"><net_src comp="299" pin="2"/><net_sink comp="309" pin=1"/></net>

<net id="316"><net_src comp="76" pin="0"/><net_sink comp="309" pin=2"/></net>

<net id="320"><net_src comp="299" pin="2"/><net_sink comp="317" pin=0"/></net>

<net id="325"><net_src comp="78" pin="0"/><net_sink comp="321" pin=0"/></net>

<net id="326"><net_src comp="305" pin="1"/><net_sink comp="321" pin=1"/></net>

<net id="330"><net_src comp="321" pin="2"/><net_sink comp="327" pin=0"/></net>

<net id="335"><net_src comp="274" pin="1"/><net_sink comp="331" pin=0"/></net>

<net id="336"><net_src comp="327" pin="1"/><net_sink comp="331" pin=1"/></net>

<net id="341"><net_src comp="274" pin="1"/><net_sink comp="337" pin=0"/></net>

<net id="342"><net_src comp="317" pin="1"/><net_sink comp="337" pin=1"/></net>

<net id="348"><net_src comp="309" pin="3"/><net_sink comp="343" pin=0"/></net>

<net id="349"><net_src comp="331" pin="2"/><net_sink comp="343" pin=1"/></net>

<net id="350"><net_src comp="337" pin="2"/><net_sink comp="343" pin=2"/></net>

<net id="355"><net_src comp="343" pin="3"/><net_sink comp="351" pin=0"/></net>

<net id="360"><net_src comp="288" pin="2"/><net_sink comp="356" pin=0"/></net>

<net id="365"><net_src comp="137" pin="1"/><net_sink comp="361" pin=0"/></net>

<net id="366"><net_src comp="40" pin="0"/><net_sink comp="361" pin=1"/></net>

<net id="370"><net_src comp="80" pin="1"/><net_sink comp="367" pin=0"/></net>

<net id="371"><net_src comp="367" pin="1"/><net_sink comp="162" pin=1"/></net>

<net id="372"><net_src comp="367" pin="1"/><net_sink comp="158" pin=0"/></net>

<net id="373"><net_src comp="367" pin="1"/><net_sink comp="351" pin=1"/></net>

<net id="374"><net_src comp="367" pin="1"/><net_sink comp="356" pin=1"/></net>

<net id="378"><net_src comp="84" pin="2"/><net_sink comp="375" pin=0"/></net>

<net id="379"><net_src comp="375" pin="1"/><net_sink comp="172" pin=0"/></net>

<net id="383"><net_src comp="90" pin="2"/><net_sink comp="380" pin=0"/></net>

<net id="384"><net_src comp="380" pin="1"/><net_sink comp="167" pin=0"/></net>

<net id="385"><net_src comp="380" pin="1"/><net_sink comp="175" pin=0"/></net>

<net id="386"><net_src comp="380" pin="1"/><net_sink comp="188" pin=1"/></net>

<net id="390"><net_src comp="96" pin="2"/><net_sink comp="387" pin=0"/></net>

<net id="391"><net_src comp="387" pin="1"/><net_sink comp="221" pin=1"/></net>

<net id="395"><net_src comp="167" pin="2"/><net_sink comp="392" pin=0"/></net>

<net id="396"><net_src comp="392" pin="1"/><net_sink comp="216" pin=1"/></net>

<net id="400"><net_src comp="178" pin="2"/><net_sink comp="397" pin=0"/></net>

<net id="401"><net_src comp="397" pin="1"/><net_sink comp="193" pin=1"/></net>

<net id="405"><net_src comp="193" pin="2"/><net_sink comp="402" pin=0"/></net>

<net id="409"><net_src comp="198" pin="2"/><net_sink comp="406" pin=0"/></net>

<net id="410"><net_src comp="406" pin="1"/><net_sink comp="119" pin=2"/></net>

<net id="414"><net_src comp="239" pin="2"/><net_sink comp="411" pin=0"/></net>

<net id="418"><net_src comp="254" pin="2"/><net_sink comp="415" pin=0"/></net>

<net id="419"><net_src comp="415" pin="1"/><net_sink comp="141" pin=2"/></net>

<net id="423"><net_src comp="266" pin="3"/><net_sink comp="420" pin=0"/></net>

<net id="424"><net_src comp="420" pin="1"/><net_sink comp="130" pin=2"/></net>

</net_list>

</model> 
---------------- Datapath Model END ------------------

* FSMD analyzer results:
  - Output states:
	Port: ldata1 | {4 5 }
 - Input state : 
	Port: MatStream2AxiStream : pyr1_out_mat_432 | {4 }
	Port: MatStream2AxiStream : rows | {1 }
	Port: MatStream2AxiStream : cols_bound_per_npc | {1 }
	Port: MatStream2AxiStream : last_blk_width | {2 }
  - Chain level:
	State 1
		store_ln1241 : 1
	State 2
		mul_ln1231 : 1
	State 3
		zext_ln1246 : 1
		icmp_ln1246 : 2
		icmp_ln1241 : 1
		add_ln1241 : 1
		br_ln1241 : 2
		select_ln1238 : 3
		zext_ln1239 : 4
		bLast : 5
		xf_bits_per_clock : 6
		zext_ln1253 : 7
		sub_ln1258 : 8
		icmp_ln882 : 9
		br_ln1258 : 10
		or_ln : 7
		conv_i9_i_i4_pn_i : 8
		add_ln216 : 9
		add_ln1246 : 1
		j_2 : 3
	State 4
		shl_ln785 : 1
		or_ln1353 : 2
		write_ln167 : 2
		p_Val2_s : 1
		trunc_ln791 : 2
		p_Result_s : 2
		sext_ln455 : 2
		sub_ln550 : 3
		zext_ln785 : 4
		shl_ln785_1 : 5
		lshr_ln803 : 3
		select_ln791 : 6
		store_ln791 : 7
		store_ln1258 : 2
	State 5
		br_ln1269 : 1
		write_ln167 : 1


============================================================
+ Verbose Summary: Datapath Resource usage 
============================================================

* Functional unit list:
|----------|-----------------------------------|---------|---------|---------|
| Operation|          Functional Unit          |   DSP   |    FF   |   LUT   |
|----------|-----------------------------------|---------|---------|---------|
|          |            sub_i_fu_167           |    0    |    0    |    39   |
|    add   |         add_ln1241_fu_198         |    0    |    0    |    71   |
|          |          add_ln216_fu_254         |    0    |    0    |    15   |
|          |         add_ln1246_fu_260         |    0    |    0    |    38   |
|----------|-----------------------------------|---------|---------|---------|
|          |        select_ln1238_fu_204       |    0    |    0    |    31   |
|  select  |      xf_bits_per_clock_fu_221     |    0    |    0    |    4    |
|          |             j_2_fu_266            |    0    |    0    |    31   |
|          |        select_ln791_fu_343        |    0    |    0    |    32   |
|----------|-----------------------------------|---------|---------|---------|
|          |         icmp_ln1246_fu_188        |    0    |    0    |    20   |
|          |         icmp_ln1241_fu_193        |    0    |    0    |    29   |
|   icmp   |            bLast_fu_216           |    0    |    0    |    20   |
|          |         icmp_ln882_fu_239         |    0    |    0    |    11   |
|          |         icmp_ln878_fu_361         |    0    |    0    |    11   |
|----------|-----------------------------------|---------|---------|---------|
|          |         sub_ln1258_fu_233         |    0    |    0    |    15   |
|    sub   |          p_Val2_s_fu_299          |    0    |    0    |    15   |
|          |          sub_ln550_fu_321         |    0    |    0    |    15   |
|----------|-----------------------------------|---------|---------|---------|
|    shl   |          shl_ln785_fu_282         |    0    |    0    |    16   |
|          |         shl_ln785_1_fu_331        |    0    |    0    |    16   |
|----------|-----------------------------------|---------|---------|---------|
|    or    |          or_ln1353_fu_288         |    0    |    0    |    32   |
|----------|-----------------------------------|---------|---------|---------|
|    mul   |         mul_ln1231_fu_178         |    4    |    0    |    20   |
|----------|-----------------------------------|---------|---------|---------|
|   lshr   |         lshr_ln803_fu_337         |    0    |    0    |    16   |
|----------|-----------------------------------|---------|---------|---------|
|          |         rows_1_read_fu_84         |    0    |    0    |    0    |
|   read   |  cols_bound_per_npc_1_read_fu_90  |    0    |    0    |    0    |
|          |   last_blk_width_read_read_fu_96  |    0    |    0    |    0    |
|          | pyr1_out_mat_432_read_read_fu_102 |    0    |    0    |    0    |
|----------|-----------------------------------|---------|---------|---------|
|   write  |          grp_write_fu_108         |    0    |    0    |    0    |
|----------|-----------------------------------|---------|---------|---------|
|          |         zext_ln1231_fu_172        |    0    |    0    |    0    |
|          |        zext_ln1231_1_fu_175       |    0    |    0    |    0    |
|          |         zext_ln1246_fu_184        |    0    |    0    |    0    |
|          |         zext_ln1239_fu_212        |    0    |    0    |    0    |
|   zext   |         zext_ln1253_fu_228        |    0    |    0    |    0    |
|          |         zext_ln211_fu_274         |    0    |    0    |    0    |
|          |         zext_ln550_fu_278         |    0    |    0    |    0    |
|          |         zext_ln1351_fu_295        |    0    |    0    |    0    |
|          |         zext_ln785_fu_327         |    0    |    0    |    0    |
|----------|-----------------------------------|---------|---------|---------|
|bitconcatenate|            or_ln_fu_245           |    0    |    0    |    0    |
|----------|-----------------------------------|---------|---------|---------|
|   trunc  |         trunc_ln791_fu_305        |    0    |    0    |    0    |
|----------|-----------------------------------|---------|---------|---------|
| bitselect|         p_Result_s_fu_309         |    0    |    0    |    0    |
|----------|-----------------------------------|---------|---------|---------|
|   sext   |         sext_ln455_fu_317         |    0    |    0    |    0    |
|----------|-----------------------------------|---------|---------|---------|
|   Total  |                                   |    4    |    0    |   497   |
|----------|-----------------------------------|---------|---------|---------|

Memories:
N/A

* Register list:
+----------------------------+--------+
|                            |   FF   |
+----------------------------+--------+
|     add_ln1241_reg_406     |   64   |
|      add_ln216_reg_415     |    6   |
|cols_bound_per_npc_1_reg_380|   32   |
|  conv_i9_i_i4_pn_i_reg_149 |    6   |
|        empty_reg_137       |    6   |
|     icmp_ln1241_reg_402    |    1   |
|     icmp_ln882_reg_411     |    1   |
|   indvar_flatten_reg_115   |   64   |
|         j_2_reg_420        |   31   |
|          j_reg_126         |   31   |
| last_blk_width_read_reg_387|    4   |
|     mul_ln1231_reg_397     |   64   |
|         p_0_reg_367        |   32   |
|       rows_1_reg_375       |   32   |
|        sub_i_reg_392       |   32   |
+----------------------------+--------+
|            Total           |   406  |
+----------------------------+--------+

* Multiplexer (MUX) list: 
|------------------|------|------|------|--------||---------||---------|
|       Comp       |  Pin | Size |  BW  | S x BW ||  Delay  ||   LUT   |
|------------------|------|------|------|--------||---------||---------|
| grp_write_fu_108 |  p2  |   2  |  32  |   64   ||    9    |
|   empty_reg_137  |  p0  |   2  |   6  |   12   ||    9    |
|------------------|------|------|------|--------||---------||---------|
|       Total      |      |      |      |   76   ||  1.312  ||    18   |
|------------------|------|------|------|--------||---------||---------|



* Summary:
+-----------+--------+--------+--------+--------+
|           |   DSP  |  Delay |   FF   |   LUT  |
+-----------+--------+--------+--------+--------+
|  Function |    4   |    -   |    0   |   497  |
|   Memory  |    -   |    -   |    -   |    -   |
|Multiplexer|    -   |    1   |    -   |   18   |
|  Register |    -   |    -   |   406  |    -   |
+-----------+--------+--------+--------+--------+
|   Total   |    4   |    1   |   406  |   515  |
+-----------+--------+--------+--------+--------+
