

================================================================
== Vitis HLS Report for 'xFpyrDownKernel_1080u_1920u_0u_1u_1_false_Loop_VITIS_LOOP_39_1_proc9'
================================================================
* Date:           Thu Mar 25 15:01:43 2021

* Version:        2020.1.1 (Build 2960000 on Wed Aug 05 23:18:37 MDT 2020)
* Project:        pyr_down_accel
* Solution:       solution (Vitis Kernel Flow Target)
* Product family: zynquplus
* Target device:  xczu7ev-ffvc1156-2-e


================================================================
== Performance Estimates
================================================================
+ Timing: 
    * Summary: 
    +--------+---------+----------+------------+
    |  Clock |  Target | Estimated| Uncertainty|
    +--------+---------+----------+------------+
    |ap_clk  | 6.67 ns | 3.588 ns |   1.80 ns  |
    +--------+---------+----------+------------+

+ Latency: 
    * Summary: 
    +---------+---------+-----------+-----------+-----+---------+---------+
    |  Latency (cycles) |   Latency (absolute)  |    Interval   | Pipeline|
    |   min   |   max   |    min    |    max    | min |   max   |   Type  |
    +---------+---------+-----------+-----------+-----+---------+---------+
    |        6|  2073605| 40.002 ns | 13.825 ms |    6|  2073605|   none  |
    +---------+---------+-----------+-----------+-----+---------+---------+

    + Detail: 
        * Instance: 
        N/A

        * Loop: 
        +-----------------------------------+---------+---------+----------+-----------+-----------+-------------+----------+
        |                                   |  Latency (cycles) | Iteration|  Initiation Interval  |     Trip    |          |
        |             Loop Name             |   min   |   max   |  Latency |  achieved |   target  |    Count    | Pipelined|
        +-----------------------------------+---------+---------+----------+-----------+-----------+-------------+----------+
        |- VITIS_LOOP_39_1_VITIS_LOOP_43_2  |        1|  2073600|         2|          1|          1| 1 ~ 2073600 |    yes   |
        +-----------------------------------+---------+---------+----------+-----------+-----------+-------------+----------+

============================================================
+ Verbose Summary: Synthesis Manager
============================================================
InlineROM: 1
ExposeGlobal: 0
============================================================
+ Verbose Summary: CDFG Model
============================================================
IsTopModel: 0
ResetActiveHigh: 1
IsCombinational: 2
IsDatapathOnly: 0
HasWiredReturn: 1
HasMFsm: 0
HasVarLatency: 1
IsPipeline: 0
IsRtlPipelined: 0
IsInstanceOverlapped: 0
IsDontTouch: 0
HasImplIP: 0
IsGatedGlobalClock: 0

+ Individual pipeline summary: 
  * Pipeline-0: initiation interval (II) = 1, depth = 2


============================================================
+ Verbose Summary: Schedule
============================================================
* Number of FSM states : 7
* Pipeline : 1
  Pipeline-0 : II = 1, D = 2, States = { 5 6 }
* Dataflow Pipeline: 0

* FSM state transitions: 
1 --> 2 
2 --> 3 
3 --> 4 
4 --> 5 
5 --> 7 6 
6 --> 5 
7 --> 

* FSM state operations: 

State 1 <SV = 0> <Delay = 1.83>
ST_1 : Operation 8 [1/1] (0.00ns)   --->   "%in_cols_read = read i16 @_ssdm_op_Read.ap_auto.i16, i16 %in_cols"   --->   Operation 8 'read' 'in_cols_read' <Predicate = true> <Delay = 0.00>
ST_1 : Operation 9 [1/1] (0.00ns)   --->   "%in_rows_read = read i16 @_ssdm_op_Read.ap_auto.i16, i16 %in_rows"   --->   Operation 9 'read' 'in_rows_read' <Predicate = true> <Delay = 0.00>
ST_1 : Operation 10 [1/1] (1.83ns)   --->   "%write_ln0 = write void @_ssdm_op_Write.ap_fifo.i16P, i16 %in_rows_out, i16 %in_rows_read"   --->   Operation 10 'write' 'write_ln0' <Predicate = true> <Delay = 1.83> <CoreInst = "FIFO_SRL">   --->   Core 21 'FIFO_SRL' <Latency = 0> <II = 1> <Delay = 1.83> <Storage> <Opcode : 'read' 'write' 'nbread' 'nbwrite'> <Ports = 0> <Width = 16> <Depth = 2> <FIFO>
ST_1 : Operation 11 [1/1] (1.83ns)   --->   "%write_ln0 = write void @_ssdm_op_Write.ap_fifo.i16P, i16 %in_cols_out, i16 %in_cols_read"   --->   Operation 11 'write' 'write_ln0' <Predicate = true> <Delay = 1.83> <CoreInst = "FIFO_SRL">   --->   Core 21 'FIFO_SRL' <Latency = 0> <II = 1> <Delay = 1.83> <Storage> <Opcode : 'read' 'write' 'nbread' 'nbwrite'> <Ports = 0> <Width = 16> <Depth = 2> <FIFO>
ST_1 : Operation 12 [1/1] (0.00ns)   --->   "%cast = zext i16 %in_rows_read"   --->   Operation 12 'zext' 'cast' <Predicate = true> <Delay = 0.00>
ST_1 : Operation 13 [1/1] (0.00ns)   --->   "%cast1 = zext i16 %in_cols_read"   --->   Operation 13 'zext' 'cast1' <Predicate = true> <Delay = 0.00>
ST_1 : Operation 14 [4/4] (0.53ns) (root node of the DSP)   --->   "%bound = mul i32 %cast1, i32 %cast"   --->   Operation 14 'mul' 'bound' <Predicate = true> <Delay = 0.53> <CoreInst = "DSP48">   --->   Core 71 'DSP48' <Latency = 3> <II = 1> <Delay = 0.53> <IPBlock> <Opcode : 'mul' 'add' 'sub' 'select'> <InPorts = 2> <OutPorts = 1> <Sync> <CReg>

State 2 <SV = 1> <Delay = 0.53>
ST_2 : Operation 15 [3/4] (0.53ns) (root node of the DSP)   --->   "%bound = mul i32 %cast1, i32 %cast"   --->   Operation 15 'mul' 'bound' <Predicate = true> <Delay = 0.53> <CoreInst = "DSP48">   --->   Core 71 'DSP48' <Latency = 3> <II = 1> <Delay = 0.53> <IPBlock> <Opcode : 'mul' 'add' 'sub' 'select'> <InPorts = 2> <OutPorts = 1> <Sync> <CReg>

State 3 <SV = 2> <Delay = 0.53>
ST_3 : Operation 16 [2/4] (0.53ns) (root node of the DSP)   --->   "%bound = mul i32 %cast1, i32 %cast"   --->   Operation 16 'mul' 'bound' <Predicate = true> <Delay = 0.53> <CoreInst = "DSP48">   --->   Core 71 'DSP48' <Latency = 3> <II = 1> <Delay = 0.53> <IPBlock> <Opcode : 'mul' 'add' 'sub' 'select'> <InPorts = 2> <OutPorts = 1> <Sync> <CReg>

State 4 <SV = 3> <Delay = 0.65>
ST_4 : Operation 17 [1/1] (0.00ns)   --->   "%specinterface_ln0 = specinterface void @_ssdm_op_SpecInterface, i8 %pyr1_in_mat_431, void @empty_20, i32, i32, void @empty_2, i32, i32, void @empty_2, void @empty_2, void @empty_2, i32, i32, i32, i32, void @empty_2, void @empty_2"   --->   Operation 17 'specinterface' 'specinterface_ln0' <Predicate = true> <Delay = 0.00>
ST_4 : Operation 18 [1/1] (0.00ns)   --->   "%specinterface_ln0 = specinterface void @_ssdm_op_SpecInterface, i8 %p_filter_in, void @empty_20, i32, i32, void @empty_2, i32, i32, void @empty_2, void @empty_2, void @empty_2, i32, i32, i32, i32, void @empty_2, void @empty_2"   --->   Operation 18 'specinterface' 'specinterface_ln0' <Predicate = true> <Delay = 0.00>
ST_4 : Operation 19 [1/1] (0.00ns)   --->   "%specinterface_ln0 = specinterface void @_ssdm_op_SpecInterface, i16 %in_rows_out, void @ap_fifo_str, i32, i32, void @p_str, i32, i32, void @p_str, void @p_str, void @p_str, i32, i32, i32, i32, void @p_str, void @ScalarProp_str"   --->   Operation 19 'specinterface' 'specinterface_ln0' <Predicate = true> <Delay = 0.00>
ST_4 : Operation 20 [1/1] (0.00ns)   --->   "%specinterface_ln0 = specinterface void @_ssdm_op_SpecInterface, i16 %in_cols_out, void @ap_fifo_str, i32, i32, void @p_str, i32, i32, void @p_str, void @p_str, void @p_str, i32, i32, i32, i32, void @p_str, void @ScalarProp_str"   --->   Operation 20 'specinterface' 'specinterface_ln0' <Predicate = true> <Delay = 0.00>
ST_4 : Operation 21 [1/1] (0.00ns)   --->   "%specinterface_ln0 = specinterface void @_ssdm_op_SpecInterface, i8 %p_filter_in, void @empty_20, i32, i32, void @empty_2, i32, i32, void @empty_2, void @empty_2, void @empty_2, i32, i32, i32, i32, void @empty_2, void @empty_2"   --->   Operation 21 'specinterface' 'specinterface_ln0' <Predicate = true> <Delay = 0.00>
ST_4 : Operation 22 [1/1] (0.00ns)   --->   "%specinterface_ln0 = specinterface void @_ssdm_op_SpecInterface, i8 %pyr1_in_mat_431, void @empty_20, i32, i32, void @empty_2, i32, i32, void @empty_2, void @empty_2, void @empty_2, i32, i32, i32, i32, void @empty_2, void @empty_2"   --->   Operation 22 'specinterface' 'specinterface_ln0' <Predicate = true> <Delay = 0.00>
ST_4 : Operation 23 [1/4] (0.00ns) (root node of the DSP)   --->   "%bound = mul i32 %cast1, i32 %cast"   --->   Operation 23 'mul' 'bound' <Predicate = true> <Delay = 0.00> <CoreInst = "DSP48">   --->   Core 71 'DSP48' <Latency = 3> <II = 1> <Delay = 0.53> <IPBlock> <Opcode : 'mul' 'add' 'sub' 'select'> <InPorts = 2> <OutPorts = 1> <Sync> <CReg>
ST_4 : Operation 24 [1/1] (0.65ns)   --->   "%br_ln0 = br void"   --->   Operation 24 'br' 'br_ln0' <Predicate = true> <Delay = 0.65>

State 5 <SV = 4> <Delay = 1.01>
ST_5 : Operation 25 [1/1] (0.00ns)   --->   "%indvar_flatten = phi i32, void %entry, i32 %add_ln39, void %._crit_edge11.loopexit.i" [/tools/Xilinx/Vitis/2020.1/workspace/test_fast/libs/xf_opencv/L1/include/imgproc/xf_pyr_down.hpp:39]   --->   Operation 25 'phi' 'indvar_flatten' <Predicate = true> <Delay = 0.00>
ST_5 : Operation 26 [1/1] (0.99ns)   --->   "%icmp_ln39 = icmp_eq  i32 %indvar_flatten, i32 %bound" [/tools/Xilinx/Vitis/2020.1/workspace/test_fast/libs/xf_opencv/L1/include/imgproc/xf_pyr_down.hpp:39]   --->   Operation 26 'icmp' 'icmp_ln39' <Predicate = true> <Delay = 0.99> <CoreInst = "Cmp">   --->   Core 10 'Cmp' <Latency = 0> <II = 1> <Delay = 0.99> <FuncUnit> <Opcode : 'icmp'> <InPorts = 2> <OutPorts = 1>
ST_5 : Operation 27 [1/1] (1.01ns)   --->   "%add_ln39 = add i32 %indvar_flatten, i32" [/tools/Xilinx/Vitis/2020.1/workspace/test_fast/libs/xf_opencv/L1/include/imgproc/xf_pyr_down.hpp:39]   --->   Operation 27 'add' 'add_ln39' <Predicate = true> <Delay = 1.01> <CoreInst = "Adder">   --->   Core 1 'Adder' <Latency = 0> <II = 1> <Delay = 1.01> <FuncUnit> <Opcode : 'add' 'sub'> <InPorts = 2> <OutPorts = 1>
ST_5 : Operation 28 [1/1] (0.00ns)   --->   "%br_ln39 = br i1 %icmp_ln39, void %._crit_edge11.loopexit.i, void %.exit" [/tools/Xilinx/Vitis/2020.1/workspace/test_fast/libs/xf_opencv/L1/include/imgproc/xf_pyr_down.hpp:39]   --->   Operation 28 'br' 'br_ln39' <Predicate = true> <Delay = 0.00>

State 6 <SV = 5> <Delay = 3.58>
ST_6 : Operation 29 [1/1] (0.00ns)   --->   "%specloopname_ln0 = specloopname void @_ssdm_op_SpecLoopName, void @VITIS_LOOP_39_1_VITIS_LOOP_43_2_str"   --->   Operation 29 'specloopname' 'specloopname_ln0' <Predicate = (!icmp_ln39)> <Delay = 0.00>
ST_6 : Operation 30 [1/1] (0.00ns)   --->   "%speclooptripcount_ln0 = speclooptripcount void @_ssdm_op_SpecLoopTripCount, i64, i64, i64"   --->   Operation 30 'speclooptripcount' 'speclooptripcount_ln0' <Predicate = (!icmp_ln39)> <Delay = 0.00>
ST_6 : Operation 31 [1/1] (0.00ns)   --->   "%specpipeline_ln43 = specpipeline void @_ssdm_op_SpecPipeline, i32, i32, i32, i32, void @empty_2" [/tools/Xilinx/Vitis/2020.1/workspace/test_fast/libs/xf_opencv/L1/include/imgproc/xf_pyr_down.hpp:43]   --->   Operation 31 'specpipeline' 'specpipeline_ln43' <Predicate = (!icmp_ln39)> <Delay = 0.00>
ST_6 : Operation 32 [1/1] (0.00ns)   --->   "%specloopname_ln43 = specloopname void @_ssdm_op_SpecLoopName, void @empty_7" [/tools/Xilinx/Vitis/2020.1/workspace/test_fast/libs/xf_opencv/L1/include/imgproc/xf_pyr_down.hpp:43]   --->   Operation 32 'specloopname' 'specloopname_ln43' <Predicate = (!icmp_ln39)> <Delay = 0.00>
ST_6 : Operation 33 [1/1] (1.75ns)   --->   "%pyr1_in_mat_431_read = read i8 @_ssdm_op_Read.ap_fifo.volatile.i8P, i8 %pyr1_in_mat_431" [/tools/Xilinx/Vitis/2020.1/common/technology/autopilot/hls_stream_39.h:145]   --->   Operation 33 'read' 'pyr1_in_mat_431_read' <Predicate = (!icmp_ln39)> <Delay = 1.75> <CoreInst = "FIFO">   --->   Core 18 'FIFO' <Latency = 0> <II = 1> <Delay = 1.75> <Storage> <Opcode : 'read' 'write' 'nbread' 'nbwrite'> <Ports = 0> <Width = 8> <Depth = 1920> <FIFO>
ST_6 : Operation 34 [1/1] (1.83ns)   --->   "%write_ln167 = write void @_ssdm_op_Write.ap_fifo.volatile.i8P, i8 %p_filter_in, i8 %pyr1_in_mat_431_read" [/tools/Xilinx/Vitis/2020.1/common/technology/autopilot/hls_stream_39.h:167]   --->   Operation 34 'write' 'write_ln167' <Predicate = (!icmp_ln39)> <Delay = 1.83> <CoreInst = "FIFO_SRL">   --->   Core 21 'FIFO_SRL' <Latency = 0> <II = 1> <Delay = 1.83> <Storage> <Opcode : 'read' 'write' 'nbread' 'nbwrite'> <Ports = 0> <Width = 8> <Depth = 2> <FIFO>
ST_6 : Operation 35 [1/1] (0.00ns)   --->   "%br_ln0 = br void"   --->   Operation 35 'br' 'br_ln0' <Predicate = (!icmp_ln39)> <Delay = 0.00>

State 7 <SV = 5> <Delay = 0.00>
ST_7 : Operation 36 [1/1] (0.00ns)   --->   "%ret_ln0 = ret"   --->   Operation 36 'ret' 'ret_ln0' <Predicate = true> <Delay = 0.00>


============================================================
+ Verbose Summary: Binding
============================================================
STG Binding: 
---------------- STG Properties BEGIN ----------------
- Is combinational: 0
- Is one-state seq: 0
- Is datapath-only: 0
- Is pipelined: 0
- Is top level: 0
Port [ Return ] is wired: 1; IO mode=ap_ctrl_hs:ce=0
Port [ in_rows]:  wired=1; compound=0; hidden=0; nouse=0; global=0; static=0; extern=0; dir=0; type=0; pingpong=0; private_global=0; IO mode=ap_none:ce=0
Port [ in_cols]:  wired=1; compound=0; hidden=0; nouse=0; global=0; static=0; extern=0; dir=0; type=0; pingpong=0; private_global=0; IO mode=ap_none:ce=0
Port [ pyr1_in_mat_431]:  wired=1; compound=1; hidden=0; nouse=0; global=0; static=0; extern=0; dir=0; type=3; pingpong=0; private_global=0; IO mode=ap_fifo:ce=0
Port [ p_filter_in]:  wired=1; compound=1; hidden=0; nouse=0; global=0; static=0; extern=0; dir=1; type=3; pingpong=0; private_global=0; IO mode=ap_fifo:ce=0
Port [ in_rows_out]:  wired=1; compound=1; hidden=0; nouse=0; global=0; static=0; extern=0; dir=1; type=3; pingpong=0; private_global=0; IO mode=ap_fifo:ce=0
Port [ in_cols_out]:  wired=1; compound=1; hidden=0; nouse=0; global=0; static=0; extern=0; dir=1; type=3; pingpong=0; private_global=0; IO mode=ap_fifo:ce=0
---------------- STG Properties END ------------------

---------------- Datapath Model BEGIN ----------------

<LifeTime>
<method=bitvector/>
in_cols_read          (read             ) [ 00000000]
in_rows_read          (read             ) [ 00000000]
write_ln0             (write            ) [ 00000000]
write_ln0             (write            ) [ 00000000]
cast                  (zext             ) [ 00111000]
cast1                 (zext             ) [ 00111000]
specinterface_ln0     (specinterface    ) [ 00000000]
specinterface_ln0     (specinterface    ) [ 00000000]
specinterface_ln0     (specinterface    ) [ 00000000]
specinterface_ln0     (specinterface    ) [ 00000000]
specinterface_ln0     (specinterface    ) [ 00000000]
specinterface_ln0     (specinterface    ) [ 00000000]
bound                 (mul              ) [ 00000110]
br_ln0                (br               ) [ 00001110]
indvar_flatten        (phi              ) [ 00000100]
icmp_ln39             (icmp             ) [ 00000110]
add_ln39              (add              ) [ 00001110]
br_ln39               (br               ) [ 00000000]
specloopname_ln0      (specloopname     ) [ 00000000]
speclooptripcount_ln0 (speclooptripcount) [ 00000000]
specpipeline_ln43     (specpipeline     ) [ 00000000]
specloopname_ln43     (specloopname     ) [ 00000000]
pyr1_in_mat_431_read  (read             ) [ 00000000]
write_ln167           (write            ) [ 00000000]
br_ln0                (br               ) [ 00001110]
ret_ln0               (ret              ) [ 00000000]
</LifeTime>

<model>

<comp_list>
<comp id="0" class="1000" name="in_rows">
<pin_list>
<pin id="1" dir="1" index="0" bw="1" slack="0"/>
</pin_list>
<bind>
<StgValue><ssdm name="in_rows"/></StgValue>
</bind>
</comp>

<comp id="2" class="1000" name="in_cols">
<pin_list>
<pin id="3" dir="1" index="0" bw="1" slack="0"/>
</pin_list>
<bind>
<StgValue><ssdm name="in_cols"/></StgValue>
</bind>
</comp>

<comp id="4" class="1000" name="pyr1_in_mat_431">
<pin_list>
<pin id="5" dir="1" index="0" bw="1" slack="0"/>
</pin_list>
<bind>
<StgValue><ssdm name="pyr1_in_mat_431"/></StgValue>
</bind>
</comp>

<comp id="6" class="1000" name="p_filter_in">
<pin_list>
<pin id="7" dir="1" index="0" bw="1" slack="0"/>
</pin_list>
<bind>
<StgValue><ssdm name="p_filter_in"/></StgValue>
</bind>
</comp>

<comp id="8" class="1000" name="in_rows_out">
<pin_list>
<pin id="9" dir="1" index="0" bw="1" slack="0"/>
</pin_list>
<bind>
<StgValue><ssdm name="in_rows_out"/></StgValue>
</bind>
</comp>

<comp id="10" class="1000" name="in_cols_out">
<pin_list>
<pin id="11" dir="1" index="0" bw="1" slack="0"/>
</pin_list>
<bind>
<StgValue><ssdm name="in_cols_out"/></StgValue>
</bind>
</comp>

<comp id="12" class="1001" name="const_12">
<pin_list>
<pin id="13" dir="1" index="0" bw="1" slack="0"/>
</pin_list>
<bind>
<StgValue><ssdm name="_ssdm_op_Read.ap_auto.i16"/></StgValue>
</bind>
</comp>

<comp id="14" class="1001" name="const_14">
<pin_list>
<pin id="15" dir="1" index="0" bw="1" slack="0"/>
</pin_list>
<bind>
<StgValue><ssdm name="_ssdm_op_Write.ap_fifo.i16P"/></StgValue>
</bind>
</comp>

<comp id="16" class="1001" name="const_16">
<pin_list>
<pin id="17" dir="1" index="0" bw="1" slack="2147483647"/>
</pin_list>
<bind>
<StgValue><ssdm name="_ssdm_op_SpecInterface"/></StgValue>
</bind>
</comp>

<comp id="18" class="1001" name="const_18">
<pin_list>
<pin id="19" dir="1" index="0" bw="1" slack="2147483647"/>
</pin_list>
<bind>
<StgValue><ssdm name="empty_20"/></StgValue>
</bind>
</comp>

<comp id="20" class="1001" name="const_20">
<pin_list>
<pin id="21" dir="1" index="0" bw="1" slack="1"/>
</pin_list>
<bind>
<StgValue><ssdm name=""/></StgValue>
</bind>
</comp>

<comp id="22" class="1001" name="const_22">
<pin_list>
<pin id="23" dir="1" index="0" bw="1" slack="2147483647"/>
</pin_list>
<bind>
<StgValue><ssdm name="empty_2"/></StgValue>
</bind>
</comp>

<comp id="24" class="1001" name="const_24">
<pin_list>
<pin id="25" dir="1" index="0" bw="1" slack="2147483647"/>
</pin_list>
<bind>
<StgValue><ssdm name="ap_fifo_str"/></StgValue>
</bind>
</comp>

<comp id="26" class="1001" name="const_26">
<pin_list>
<pin id="27" dir="1" index="0" bw="1" slack="2147483647"/>
</pin_list>
<bind>
<StgValue><ssdm name="p_str"/></StgValue>
</bind>
</comp>

<comp id="28" class="1001" name="const_28">
<pin_list>
<pin id="29" dir="1" index="0" bw="1" slack="2147483647"/>
</pin_list>
<bind>
<StgValue><ssdm name=""/></StgValue>
</bind>
</comp>

<comp id="30" class="1001" name="const_30">
<pin_list>
<pin id="31" dir="1" index="0" bw="1" slack="2147483647"/>
</pin_list>
<bind>
<StgValue><ssdm name=""/></StgValue>
</bind>
</comp>

<comp id="32" class="1001" name="const_32">
<pin_list>
<pin id="33" dir="1" index="0" bw="1" slack="2147483647"/>
</pin_list>
<bind>
<StgValue><ssdm name="ScalarProp_str"/></StgValue>
</bind>
</comp>

<comp id="34" class="1001" name="const_34">
<pin_list>
<pin id="35" dir="1" index="0" bw="1" slack="0"/>
</pin_list>
<bind>
<StgValue><ssdm name=""/></StgValue>
</bind>
</comp>

<comp id="36" class="1001" name="const_36">
<pin_list>
<pin id="37" dir="1" index="0" bw="1" slack="2147483647"/>
</pin_list>
<bind>
<StgValue><ssdm name="_ssdm_op_SpecLoopName"/></StgValue>
</bind>
</comp>

<comp id="38" class="1001" name="const_38">
<pin_list>
<pin id="39" dir="1" index="0" bw="1" slack="2147483647"/>
</pin_list>
<bind>
<StgValue><ssdm name="VITIS_LOOP_39_1_VITIS_LOOP_43_2_str"/></StgValue>
</bind>
</comp>

<comp id="40" class="1001" name="const_40">
<pin_list>
<pin id="41" dir="1" index="0" bw="1" slack="2147483647"/>
</pin_list>
<bind>
<StgValue><ssdm name="_ssdm_op_SpecLoopTripCount"/></StgValue>
</bind>
</comp>

<comp id="42" class="1001" name="const_42">
<pin_list>
<pin id="43" dir="1" index="0" bw="1" slack="2147483647"/>
</pin_list>
<bind>
<StgValue><ssdm name=""/></StgValue>
</bind>
</comp>

<comp id="44" class="1001" name="const_44">
<pin_list>
<pin id="45" dir="1" index="0" bw="1" slack="2147483647"/>
</pin_list>
<bind>
<StgValue><ssdm name=""/></StgValue>
</bind>
</comp>

<comp id="46" class="1001" name="const_46">
<pin_list>
<pin id="47" dir="1" index="0" bw="1" slack="2147483647"/>
</pin_list>
<bind>
<StgValue><ssdm name=""/></StgValue>
</bind>
</comp>

<comp id="48" class="1001" name="const_48">
<pin_list>
<pin id="49" dir="1" index="0" bw="1" slack="2147483647"/>
</pin_list>
<bind>
<StgValue><ssdm name="_ssdm_op_SpecPipeline"/></StgValue>
</bind>
</comp>

<comp id="50" class="1001" name="const_50">
<pin_list>
<pin id="51" dir="1" index="0" bw="1" slack="2147483647"/>
</pin_list>
<bind>
<StgValue><ssdm name="empty_7"/></StgValue>
</bind>
</comp>

<comp id="52" class="1001" name="const_52">
<pin_list>
<pin id="53" dir="1" index="0" bw="1" slack="0"/>
</pin_list>
<bind>
<StgValue><ssdm name="_ssdm_op_Read.ap_fifo.volatile.i8P"/></StgValue>
</bind>
</comp>

<comp id="54" class="1001" name="const_54">
<pin_list>
<pin id="55" dir="1" index="0" bw="1" slack="0"/>
</pin_list>
<bind>
<StgValue><ssdm name="_ssdm_op_Write.ap_fifo.volatile.i8P"/></StgValue>
</bind>
</comp>

<comp id="56" class="1004" name="in_cols_read_read_fu_56">
<pin_list>
<pin id="57" dir="0" index="0" bw="16" slack="0"/>
<pin id="58" dir="0" index="1" bw="16" slack="0"/>
<pin id="59" dir="1" index="2" bw="16" slack="0"/>
</pin_list>
<bind>
<opcode="read(1150) " fcode="read"/>
<opset="in_cols_read/1 "/>
</bind>
</comp>

<comp id="62" class="1004" name="in_rows_read_read_fu_62">
<pin_list>
<pin id="63" dir="0" index="0" bw="16" slack="0"/>
<pin id="64" dir="0" index="1" bw="16" slack="0"/>
<pin id="65" dir="1" index="2" bw="16" slack="0"/>
</pin_list>
<bind>
<opcode="read(1150) " fcode="read"/>
<opset="in_rows_read/1 "/>
</bind>
</comp>

<comp id="68" class="1004" name="write_ln0_write_fu_68">
<pin_list>
<pin id="69" dir="0" index="0" bw="0" slack="0"/>
<pin id="70" dir="0" index="1" bw="16" slack="0"/>
<pin id="71" dir="0" index="2" bw="16" slack="0"/>
<pin id="72" dir="1" index="3" bw="0" slack="2147483647"/>
</pin_list>
<bind>
<opcode="write(1151) " fcode="write"/>
<opset="write_ln0/1 "/>
</bind>
</comp>

<comp id="76" class="1004" name="write_ln0_write_fu_76">
<pin_list>
<pin id="77" dir="0" index="0" bw="0" slack="0"/>
<pin id="78" dir="0" index="1" bw="16" slack="0"/>
<pin id="79" dir="0" index="2" bw="16" slack="0"/>
<pin id="80" dir="1" index="3" bw="0" slack="2147483647"/>
</pin_list>
<bind>
<opcode="write(1151) " fcode="write"/>
<opset="write_ln0/1 "/>
</bind>
</comp>

<comp id="84" class="1004" name="pyr1_in_mat_431_read_read_fu_84">
<pin_list>
<pin id="85" dir="0" index="0" bw="8" slack="0"/>
<pin id="86" dir="0" index="1" bw="8" slack="0"/>
<pin id="87" dir="1" index="2" bw="8" slack="0"/>
</pin_list>
<bind>
<opcode="read(1150) " fcode="read"/>
<opset="pyr1_in_mat_431_read/6 "/>
</bind>
</comp>

<comp id="90" class="1004" name="write_ln167_write_fu_90">
<pin_list>
<pin id="91" dir="0" index="0" bw="0" slack="0"/>
<pin id="92" dir="0" index="1" bw="8" slack="0"/>
<pin id="93" dir="0" index="2" bw="8" slack="0"/>
<pin id="94" dir="1" index="3" bw="0" slack="2147483647"/>
</pin_list>
<bind>
<opcode="write(1151) " fcode="write"/>
<opset="write_ln167/6 "/>
</bind>
</comp>

<comp id="98" class="1005" name="indvar_flatten_reg_98">
<pin_list>
<pin id="99" dir="0" index="0" bw="32" slack="1"/>
<pin id="100" dir="1" index="1" bw="32" slack="1"/>
</pin_list>
<bind>
<opset="indvar_flatten (phireg) "/>
</bind>
</comp>

<comp id="102" class="1004" name="indvar_flatten_phi_fu_102">
<pin_list>
<pin id="103" dir="0" index="0" bw="1" slack="1"/>
<pin id="104" dir="0" index="1" bw="0" slack="2147483647"/>
<pin id="105" dir="0" index="2" bw="32" slack="0"/>
<pin id="106" dir="0" index="3" bw="0" slack="2147483647"/>
<pin id="107" dir="1" index="4" bw="32" slack="0"/>
</pin_list>
<bind>
<opcode="phi(47) " fcode="phi"/>
<opset="indvar_flatten/5 "/>
</bind>
</comp>

<comp id="109" class="1004" name="cast_fu_109">
<pin_list>
<pin id="110" dir="0" index="0" bw="16" slack="0"/>
<pin id="111" dir="1" index="1" bw="32" slack="0"/>
</pin_list>
<bind>
<opcode="zext(34) " fcode="zext"/>
<opset="cast/1 "/>
</bind>
</comp>

<comp id="113" class="1004" name="cast1_fu_113">
<pin_list>
<pin id="114" dir="0" index="0" bw="16" slack="0"/>
<pin id="115" dir="1" index="1" bw="32" slack="0"/>
</pin_list>
<bind>
<opcode="zext(34) " fcode="zext"/>
<opset="cast1/1 "/>
</bind>
</comp>

<comp id="117" class="1004" name="icmp_ln39_fu_117">
<pin_list>
<pin id="118" dir="0" index="0" bw="32" slack="0"/>
<pin id="119" dir="0" index="1" bw="32" slack="1"/>
<pin id="120" dir="1" index="2" bw="1" slack="1"/>
</pin_list>
<bind>
<opcode="icmp(45) " fcode="icmp"/>
<opset="icmp_ln39/5 "/>
</bind>
</comp>

<comp id="122" class="1004" name="add_ln39_fu_122">
<pin_list>
<pin id="123" dir="0" index="0" bw="32" slack="0"/>
<pin id="124" dir="0" index="1" bw="1" slack="0"/>
<pin id="125" dir="1" index="2" bw="32" slack="0"/>
</pin_list>
<bind>
<opcode="add(8) " fcode="add"/>
<opset="add_ln39/5 "/>
</bind>
</comp>

<comp id="128" class="1007" name="grp_fu_128">
<pin_list>
<pin id="129" dir="0" index="0" bw="16" slack="0"/>
<pin id="130" dir="0" index="1" bw="16" slack="0"/>
<pin id="131" dir="1" index="2" bw="32" slack="1"/>
</pin_list>
<bind>
<opcode="mul(12) " fcode="mul"/>
<opset="bound/1 "/>
</bind>
</comp>

<comp id="134" class="1005" name="cast_reg_134">
<pin_list>
<pin id="135" dir="0" index="0" bw="32" slack="1"/>
<pin id="136" dir="1" index="1" bw="32" slack="1"/>
</pin_list>
<bind>
<opset="cast "/>
</bind>
</comp>

<comp id="139" class="1005" name="cast1_reg_139">
<pin_list>
<pin id="140" dir="0" index="0" bw="32" slack="1"/>
<pin id="141" dir="1" index="1" bw="32" slack="1"/>
</pin_list>
<bind>
<opset="cast1 "/>
</bind>
</comp>

<comp id="144" class="1005" name="bound_reg_144">
<pin_list>
<pin id="145" dir="0" index="0" bw="32" slack="1"/>
<pin id="146" dir="1" index="1" bw="32" slack="1"/>
</pin_list>
<bind>
<opset="bound "/>
</bind>
</comp>

<comp id="149" class="1005" name="icmp_ln39_reg_149">
<pin_list>
<pin id="150" dir="0" index="0" bw="1" slack="1"/>
<pin id="151" dir="1" index="1" bw="1" slack="2147483647"/>
</pin_list>
<bind>
<opset="icmp_ln39 "/>
</bind>
</comp>

<comp id="153" class="1005" name="add_ln39_reg_153">
<pin_list>
<pin id="154" dir="0" index="0" bw="32" slack="0"/>
<pin id="155" dir="1" index="1" bw="32" slack="0"/>
</pin_list>
<bind>
<opset="add_ln39 "/>
</bind>
</comp>

</comp_list>

<net_list>
<net id="60"><net_src comp="12" pin="0"/><net_sink comp="56" pin=0"/></net>

<net id="61"><net_src comp="2" pin="0"/><net_sink comp="56" pin=1"/></net>

<net id="66"><net_src comp="12" pin="0"/><net_sink comp="62" pin=0"/></net>

<net id="67"><net_src comp="0" pin="0"/><net_sink comp="62" pin=1"/></net>

<net id="73"><net_src comp="14" pin="0"/><net_sink comp="68" pin=0"/></net>

<net id="74"><net_src comp="8" pin="0"/><net_sink comp="68" pin=1"/></net>

<net id="75"><net_src comp="62" pin="2"/><net_sink comp="68" pin=2"/></net>

<net id="81"><net_src comp="14" pin="0"/><net_sink comp="76" pin=0"/></net>

<net id="82"><net_src comp="10" pin="0"/><net_sink comp="76" pin=1"/></net>

<net id="83"><net_src comp="56" pin="2"/><net_sink comp="76" pin=2"/></net>

<net id="88"><net_src comp="52" pin="0"/><net_sink comp="84" pin=0"/></net>

<net id="89"><net_src comp="4" pin="0"/><net_sink comp="84" pin=1"/></net>

<net id="95"><net_src comp="54" pin="0"/><net_sink comp="90" pin=0"/></net>

<net id="96"><net_src comp="6" pin="0"/><net_sink comp="90" pin=1"/></net>

<net id="97"><net_src comp="84" pin="2"/><net_sink comp="90" pin=2"/></net>

<net id="101"><net_src comp="20" pin="0"/><net_sink comp="98" pin=0"/></net>

<net id="108"><net_src comp="98" pin="1"/><net_sink comp="102" pin=0"/></net>

<net id="112"><net_src comp="62" pin="2"/><net_sink comp="109" pin=0"/></net>

<net id="116"><net_src comp="56" pin="2"/><net_sink comp="113" pin=0"/></net>

<net id="121"><net_src comp="102" pin="4"/><net_sink comp="117" pin=0"/></net>

<net id="126"><net_src comp="102" pin="4"/><net_sink comp="122" pin=0"/></net>

<net id="127"><net_src comp="34" pin="0"/><net_sink comp="122" pin=1"/></net>

<net id="132"><net_src comp="113" pin="1"/><net_sink comp="128" pin=0"/></net>

<net id="133"><net_src comp="109" pin="1"/><net_sink comp="128" pin=1"/></net>

<net id="137"><net_src comp="109" pin="1"/><net_sink comp="134" pin=0"/></net>

<net id="138"><net_src comp="134" pin="1"/><net_sink comp="128" pin=1"/></net>

<net id="142"><net_src comp="113" pin="1"/><net_sink comp="139" pin=0"/></net>

<net id="143"><net_src comp="139" pin="1"/><net_sink comp="128" pin=0"/></net>

<net id="147"><net_src comp="128" pin="2"/><net_sink comp="144" pin=0"/></net>

<net id="148"><net_src comp="144" pin="1"/><net_sink comp="117" pin=1"/></net>

<net id="152"><net_src comp="117" pin="2"/><net_sink comp="149" pin=0"/></net>

<net id="156"><net_src comp="122" pin="2"/><net_sink comp="153" pin=0"/></net>

<net id="157"><net_src comp="153" pin="1"/><net_sink comp="102" pin=2"/></net>

</net_list>

</model> 
---------------- Datapath Model END ------------------

* FSMD analyzer results:
  - Output states:
	Port: p_filter_in | {6 }
	Port: in_rows_out | {1 }
	Port: in_cols_out | {1 }
 - Input state : 
	Port: xFpyrDownKernel<1080u, 1920u, 0u, 1u, 1, false>_Loop_VITIS_LOOP_39_1_proc9 : in_rows | {1 }
	Port: xFpyrDownKernel<1080u, 1920u, 0u, 1u, 1, false>_Loop_VITIS_LOOP_39_1_proc9 : in_cols | {1 }
	Port: xFpyrDownKernel<1080u, 1920u, 0u, 1u, 1, false>_Loop_VITIS_LOOP_39_1_proc9 : pyr1_in_mat_431 | {6 }
  - Chain level:
	State 1
		bound : 1
	State 2
	State 3
	State 4
	State 5
		icmp_ln39 : 1
		add_ln39 : 1
		br_ln39 : 2
	State 6
	State 7


============================================================
+ Verbose Summary: Datapath Resource usage 
============================================================

* Functional unit list:
|----------|---------------------------------|---------|---------|---------|
| Operation|         Functional Unit         |   DSP   |    FF   |   LUT   |
|----------|---------------------------------|---------|---------|---------|
|    add   |         add_ln39_fu_122         |    0    |    0    |    39   |
|----------|---------------------------------|---------|---------|---------|
|   icmp   |         icmp_ln39_fu_117        |    0    |    0    |    20   |
|----------|---------------------------------|---------|---------|---------|
|    mul   |            grp_fu_128           |    1    |    0    |    0    |
|----------|---------------------------------|---------|---------|---------|
|          |     in_cols_read_read_fu_56     |    0    |    0    |    0    |
|   read   |     in_rows_read_read_fu_62     |    0    |    0    |    0    |
|          | pyr1_in_mat_431_read_read_fu_84 |    0    |    0    |    0    |
|----------|---------------------------------|---------|---------|---------|
|          |      write_ln0_write_fu_68      |    0    |    0    |    0    |
|   write  |      write_ln0_write_fu_76      |    0    |    0    |    0    |
|          |     write_ln167_write_fu_90     |    0    |    0    |    0    |
|----------|---------------------------------|---------|---------|---------|
|   zext   |           cast_fu_109           |    0    |    0    |    0    |
|          |           cast1_fu_113          |    0    |    0    |    0    |
|----------|---------------------------------|---------|---------|---------|
|   Total  |                                 |    1    |    0    |    59   |
|----------|---------------------------------|---------|---------|---------|

Memories:
N/A

* Register list:
+---------------------+--------+
|                     |   FF   |
+---------------------+--------+
|   add_ln39_reg_153  |   32   |
|    bound_reg_144    |   32   |
|    cast1_reg_139    |   32   |
|     cast_reg_134    |   32   |
|  icmp_ln39_reg_149  |    1   |
|indvar_flatten_reg_98|   32   |
+---------------------+--------+
|        Total        |   161  |
+---------------------+--------+

* Multiplexer (MUX) list: 
|------------|------|------|------|--------||---------||---------|
|    Comp    |  Pin | Size |  BW  | S x BW ||  Delay  ||   LUT   |
|------------|------|------|------|--------||---------||---------|
| grp_fu_128 |  p0  |   2  |  16  |   32   ||    9    |
| grp_fu_128 |  p1  |   2  |  16  |   32   ||    9    |
|------------|------|------|------|--------||---------||---------|
|    Total   |      |      |      |   64   ||  1.312  ||    18   |
|------------|------|------|------|--------||---------||---------|



* Summary:
+-----------+--------+--------+--------+--------+
|           |   DSP  |  Delay |   FF   |   LUT  |
+-----------+--------+--------+--------+--------+
|  Function |    1   |    -   |    0   |   59   |
|   Memory  |    -   |    -   |    -   |    -   |
|Multiplexer|    -   |    1   |    -   |   18   |
|  Register |    -   |    -   |   161  |    -   |
+-----------+--------+--------+--------+--------+
|   Total   |    1   |    1   |   161  |   77   |
+-----------+--------+--------+--------+--------+
