

================================================================
== Vitis HLS Report for 'xFpyrDownKernel_1080u_1920u_0u_1u_1_false_Loop_VITIS_LOOP_56_3_proc10'
================================================================
* Date:           Thu Mar 25 15:01:44 2021

* Version:        2020.1.1 (Build 2960000 on Wed Aug 05 23:18:37 MDT 2020)
* Project:        pyr_down_accel
* Solution:       solution (Vitis Kernel Flow Target)
* Product family: zynquplus
* Target device:  xczu7ev-ffvc1156-2-e


================================================================
== Performance Estimates
================================================================
+ Timing: 
    * Summary: 
    +--------+---------+----------+------------+
    |  Clock |  Target | Estimated| Uncertainty|
    +--------+---------+----------+------------+
    |ap_clk  | 6.67 ns | 3.588 ns |   1.80 ns  |
    +--------+---------+----------+------------+

+ Latency: 
    * Summary: 
    +---------+---------+-----------+-----------+-----+---------+---------+
    |  Latency (cycles) |   Latency (absolute)  |    Interval   | Pipeline|
    |   min   |   max   |    min    |    max    | min |   max   |   Type  |
    +---------+---------+-----------+-----------+-----+---------+---------+
    |        6|  2073605| 40.002 ns | 13.825 ms |    6|  2073605|   none  |
    +---------+---------+-----------+-----------+-----+---------+---------+

    + Detail: 
        * Instance: 
        N/A

        * Loop: 
        +-----------------------------------+---------+---------+----------+-----------+-----------+-------------+----------+
        |                                   |  Latency (cycles) | Iteration|  Initiation Interval  |     Trip    |          |
        |             Loop Name             |   min   |   max   |  Latency |  achieved |   target  |    Count    | Pipelined|
        +-----------------------------------+---------+---------+----------+-----------+-----------+-------------+----------+
        |- VITIS_LOOP_56_3_VITIS_LOOP_60_4  |        1|  2073600|         2|          1|          1| 1 ~ 2073600 |    yes   |
        +-----------------------------------+---------+---------+----------+-----------+-----------+-------------+----------+

============================================================
+ Verbose Summary: Synthesis Manager
============================================================
InlineROM: 1
ExposeGlobal: 0
============================================================
+ Verbose Summary: CDFG Model
============================================================
IsTopModel: 0
ResetActiveHigh: 1
IsCombinational: 2
IsDatapathOnly: 0
HasWiredReturn: 1
HasMFsm: 0
HasVarLatency: 1
IsPipeline: 0
IsRtlPipelined: 0
IsInstanceOverlapped: 0
IsDontTouch: 0
HasImplIP: 0
IsGatedGlobalClock: 0

+ Individual pipeline summary: 
  * Pipeline-0: initiation interval (II) = 1, depth = 2


============================================================
+ Verbose Summary: Schedule
============================================================
* Number of FSM states : 7
* Pipeline : 1
  Pipeline-0 : II = 1, D = 2, States = { 5 6 }
* Dataflow Pipeline: 0

* FSM state transitions: 
1 --> 2 
2 --> 3 
3 --> 4 
4 --> 5 
5 --> 7 6 
6 --> 5 
7 --> 

* FSM state operations: 

State 1 <SV = 0> <Delay = 2.37>
ST_1 : Operation 8 [1/1] (1.83ns)   --->   "%in_rows_read = read i16 @_ssdm_op_Read.ap_fifo.i16P, i16 %in_rows" [/tools/Xilinx/Vitis/2020.1/workspace/test_fast/libs/xf_opencv/L1/include/imgproc/xf_pyr_down.hpp:56]   --->   Operation 8 'read' 'in_rows_read' <Predicate = true> <Delay = 1.83> <CoreInst = "FIFO_SRL">   --->   Core 21 'FIFO_SRL' <Latency = 0> <II = 1> <Delay = 1.83> <Storage> <Opcode : 'read' 'write' 'nbread' 'nbwrite'> <Ports = 0> <Width = 16> <Depth = 2> <FIFO>
ST_1 : Operation 9 [1/1] (1.83ns)   --->   "%in_cols_read = read i16 @_ssdm_op_Read.ap_fifo.i16P, i16 %in_cols" [/tools/Xilinx/Vitis/2020.1/workspace/test_fast/libs/xf_opencv/L1/include/imgproc/xf_pyr_down.hpp:60]   --->   Operation 9 'read' 'in_cols_read' <Predicate = true> <Delay = 1.83> <CoreInst = "FIFO_SRL">   --->   Core 21 'FIFO_SRL' <Latency = 0> <II = 1> <Delay = 1.83> <Storage> <Opcode : 'read' 'write' 'nbread' 'nbwrite'> <Ports = 0> <Width = 16> <Depth = 2> <FIFO>
ST_1 : Operation 10 [1/1] (0.00ns)   --->   "%cast = zext i16 %in_rows_read" [/tools/Xilinx/Vitis/2020.1/workspace/test_fast/libs/xf_opencv/L1/include/imgproc/xf_pyr_down.hpp:56]   --->   Operation 10 'zext' 'cast' <Predicate = true> <Delay = 0.00>
ST_1 : Operation 11 [1/1] (0.00ns)   --->   "%cast1 = zext i16 %in_cols_read" [/tools/Xilinx/Vitis/2020.1/workspace/test_fast/libs/xf_opencv/L1/include/imgproc/xf_pyr_down.hpp:60]   --->   Operation 11 'zext' 'cast1' <Predicate = true> <Delay = 0.00>
ST_1 : Operation 12 [4/4] (0.53ns) (root node of the DSP)   --->   "%bound = mul i32 %cast1, i32 %cast" [/tools/Xilinx/Vitis/2020.1/workspace/test_fast/libs/xf_opencv/L1/include/imgproc/xf_pyr_down.hpp:60]   --->   Operation 12 'mul' 'bound' <Predicate = true> <Delay = 0.53> <CoreInst = "DSP48">   --->   Core 71 'DSP48' <Latency = 3> <II = 1> <Delay = 0.53> <IPBlock> <Opcode : 'mul' 'add' 'sub' 'select'> <InPorts = 2> <OutPorts = 1> <Sync> <CReg>

State 2 <SV = 1> <Delay = 0.53>
ST_2 : Operation 13 [3/4] (0.53ns) (root node of the DSP)   --->   "%bound = mul i32 %cast1, i32 %cast" [/tools/Xilinx/Vitis/2020.1/workspace/test_fast/libs/xf_opencv/L1/include/imgproc/xf_pyr_down.hpp:60]   --->   Operation 13 'mul' 'bound' <Predicate = true> <Delay = 0.53> <CoreInst = "DSP48">   --->   Core 71 'DSP48' <Latency = 3> <II = 1> <Delay = 0.53> <IPBlock> <Opcode : 'mul' 'add' 'sub' 'select'> <InPorts = 2> <OutPorts = 1> <Sync> <CReg>

State 3 <SV = 2> <Delay = 0.53>
ST_3 : Operation 14 [2/4] (0.53ns) (root node of the DSP)   --->   "%bound = mul i32 %cast1, i32 %cast" [/tools/Xilinx/Vitis/2020.1/workspace/test_fast/libs/xf_opencv/L1/include/imgproc/xf_pyr_down.hpp:60]   --->   Operation 14 'mul' 'bound' <Predicate = true> <Delay = 0.53> <CoreInst = "DSP48">   --->   Core 71 'DSP48' <Latency = 3> <II = 1> <Delay = 0.53> <IPBlock> <Opcode : 'mul' 'add' 'sub' 'select'> <InPorts = 2> <OutPorts = 1> <Sync> <CReg>

State 4 <SV = 3> <Delay = 0.65>
ST_4 : Operation 15 [1/1] (0.00ns)   --->   "%specinterface_ln0 = specinterface void @_ssdm_op_SpecInterface, i8 %pyr1_out_mat_432, void @empty_20, i32, i32, void @empty_2, i32, i32, void @empty_2, void @empty_2, void @empty_2, i32, i32, i32, i32, void @empty_2, void @empty_2"   --->   Operation 15 'specinterface' 'specinterface_ln0' <Predicate = true> <Delay = 0.00>
ST_4 : Operation 16 [1/1] (0.00ns)   --->   "%specinterface_ln0 = specinterface void @_ssdm_op_SpecInterface, i8 %p_filter_out, void @empty_20, i32, i32, void @empty_2, i32, i32, void @empty_2, void @empty_2, void @empty_2, i32, i32, i32, i32, void @empty_2, void @empty_2"   --->   Operation 16 'specinterface' 'specinterface_ln0' <Predicate = true> <Delay = 0.00>
ST_4 : Operation 17 [1/1] (0.00ns)   --->   "%specinterface_ln0 = specinterface void @_ssdm_op_SpecInterface, i16 %in_cols, void @ap_fifo_str, i32, i32, void @p_str, i32, i32, void @p_str, void @p_str, void @p_str, i32, i32, i32, i32, void @p_str, void @ScalarProp_str"   --->   Operation 17 'specinterface' 'specinterface_ln0' <Predicate = true> <Delay = 0.00>
ST_4 : Operation 18 [1/1] (0.00ns)   --->   "%specinterface_ln0 = specinterface void @_ssdm_op_SpecInterface, i16 %in_rows, void @ap_fifo_str, i32, i32, void @p_str, i32, i32, void @p_str, void @p_str, void @p_str, i32, i32, i32, i32, void @p_str, void @ScalarProp_str"   --->   Operation 18 'specinterface' 'specinterface_ln0' <Predicate = true> <Delay = 0.00>
ST_4 : Operation 19 [1/1] (0.00ns)   --->   "%specinterface_ln0 = specinterface void @_ssdm_op_SpecInterface, i8 %p_filter_out, void @empty_20, i32, i32, void @empty_2, i32, i32, void @empty_2, void @empty_2, void @empty_2, i32, i32, i32, i32, void @empty_2, void @empty_2"   --->   Operation 19 'specinterface' 'specinterface_ln0' <Predicate = true> <Delay = 0.00>
ST_4 : Operation 20 [1/1] (0.00ns)   --->   "%specinterface_ln0 = specinterface void @_ssdm_op_SpecInterface, i8 %pyr1_out_mat_432, void @empty_20, i32, i32, void @empty_2, i32, i32, void @empty_2, void @empty_2, void @empty_2, i32, i32, i32, i32, void @empty_2, void @empty_2"   --->   Operation 20 'specinterface' 'specinterface_ln0' <Predicate = true> <Delay = 0.00>
ST_4 : Operation 21 [1/4] (0.00ns) (root node of the DSP)   --->   "%bound = mul i32 %cast1, i32 %cast" [/tools/Xilinx/Vitis/2020.1/workspace/test_fast/libs/xf_opencv/L1/include/imgproc/xf_pyr_down.hpp:60]   --->   Operation 21 'mul' 'bound' <Predicate = true> <Delay = 0.00> <CoreInst = "DSP48">   --->   Core 71 'DSP48' <Latency = 3> <II = 1> <Delay = 0.53> <IPBlock> <Opcode : 'mul' 'add' 'sub' 'select'> <InPorts = 2> <OutPorts = 1> <Sync> <CReg>
ST_4 : Operation 22 [1/1] (0.65ns)   --->   "%br_ln56 = br void" [/tools/Xilinx/Vitis/2020.1/workspace/test_fast/libs/xf_opencv/L1/include/imgproc/xf_pyr_down.hpp:56->/tools/Xilinx/Vitis/2020.1/workspace/test_fast/libs/xf_opencv/L1/include/imgproc/xf_pyr_down.hpp:52]   --->   Operation 22 'br' 'br_ln56' <Predicate = true> <Delay = 0.65>

State 5 <SV = 4> <Delay = 2.31>
ST_5 : Operation 23 [1/1] (0.00ns)   --->   "%indvar_flatten = phi i32, void %entry, i32 %add_ln56, void %.split1._crit_edge.i" [/tools/Xilinx/Vitis/2020.1/workspace/test_fast/libs/xf_opencv/L1/include/imgproc/xf_pyr_down.hpp:56->/tools/Xilinx/Vitis/2020.1/workspace/test_fast/libs/xf_opencv/L1/include/imgproc/xf_pyr_down.hpp:52]   --->   Operation 23 'phi' 'indvar_flatten' <Predicate = true> <Delay = 0.00>
ST_5 : Operation 24 [1/1] (0.00ns)   --->   "%i = phi i16, void %entry, i16 %select_ln56_1, void %.split1._crit_edge.i" [/tools/Xilinx/Vitis/2020.1/workspace/test_fast/libs/xf_opencv/L1/include/imgproc/xf_pyr_down.hpp:56->/tools/Xilinx/Vitis/2020.1/workspace/test_fast/libs/xf_opencv/L1/include/imgproc/xf_pyr_down.hpp:52]   --->   Operation 24 'phi' 'i' <Predicate = true> <Delay = 0.00>
ST_5 : Operation 25 [1/1] (0.00ns)   --->   "%j = phi i16, void %entry, i16 %j_1, void %.split1._crit_edge.i"   --->   Operation 25 'phi' 'j' <Predicate = true> <Delay = 0.00>
ST_5 : Operation 26 [1/1] (0.99ns)   --->   "%icmp_ln56 = icmp_eq  i32 %indvar_flatten, i32 %bound" [/tools/Xilinx/Vitis/2020.1/workspace/test_fast/libs/xf_opencv/L1/include/imgproc/xf_pyr_down.hpp:56->/tools/Xilinx/Vitis/2020.1/workspace/test_fast/libs/xf_opencv/L1/include/imgproc/xf_pyr_down.hpp:52]   --->   Operation 26 'icmp' 'icmp_ln56' <Predicate = true> <Delay = 0.99> <CoreInst = "Cmp">   --->   Core 10 'Cmp' <Latency = 0> <II = 1> <Delay = 1.10> <FuncUnit> <Opcode : 'icmp'> <InPorts = 2> <OutPorts = 1>
ST_5 : Operation 27 [1/1] (1.01ns)   --->   "%add_ln56 = add i32 %indvar_flatten, i32" [/tools/Xilinx/Vitis/2020.1/workspace/test_fast/libs/xf_opencv/L1/include/imgproc/xf_pyr_down.hpp:56->/tools/Xilinx/Vitis/2020.1/workspace/test_fast/libs/xf_opencv/L1/include/imgproc/xf_pyr_down.hpp:52]   --->   Operation 27 'add' 'add_ln56' <Predicate = true> <Delay = 1.01> <CoreInst = "Adder">   --->   Core 1 'Adder' <Latency = 0> <II = 1> <Delay = 0.85> <FuncUnit> <Opcode : 'add' 'sub'> <InPorts = 2> <OutPorts = 1>
ST_5 : Operation 28 [1/1] (0.00ns)   --->   "%br_ln56 = br i1 %icmp_ln56, void %._crit_edge.loopexit.i, void %.exit" [/tools/Xilinx/Vitis/2020.1/workspace/test_fast/libs/xf_opencv/L1/include/imgproc/xf_pyr_down.hpp:56->/tools/Xilinx/Vitis/2020.1/workspace/test_fast/libs/xf_opencv/L1/include/imgproc/xf_pyr_down.hpp:52]   --->   Operation 28 'br' 'br_ln56' <Predicate = true> <Delay = 0.00>
ST_5 : Operation 29 [1/1] (1.10ns)   --->   "%icmp_ln60 = icmp_eq  i16 %j, i16 %in_cols_read" [/tools/Xilinx/Vitis/2020.1/workspace/test_fast/libs/xf_opencv/L1/include/imgproc/xf_pyr_down.hpp:60->/tools/Xilinx/Vitis/2020.1/workspace/test_fast/libs/xf_opencv/L1/include/imgproc/xf_pyr_down.hpp:52]   --->   Operation 29 'icmp' 'icmp_ln60' <Predicate = (!icmp_ln56)> <Delay = 1.10> <CoreInst = "Cmp">   --->   Core 10 'Cmp' <Latency = 0> <II = 1> <Delay = 1.10> <FuncUnit> <Opcode : 'icmp'> <InPorts = 2> <OutPorts = 1>
ST_5 : Operation 30 [1/1] (0.35ns)   --->   "%select_ln56 = select i1 %icmp_ln60, i16, i16 %j" [/tools/Xilinx/Vitis/2020.1/workspace/test_fast/libs/xf_opencv/L1/include/imgproc/xf_pyr_down.hpp:56->/tools/Xilinx/Vitis/2020.1/workspace/test_fast/libs/xf_opencv/L1/include/imgproc/xf_pyr_down.hpp:52]   --->   Operation 30 'select' 'select_ln56' <Predicate = (!icmp_ln56)> <Delay = 0.35> <CoreInst = "Sel">   --->   Core 11 'Sel' <Latency = 0> <II = 1> <Delay = 0.35> <FuncUnit> <Opcode : 'select'> <InPorts = 3> <OutPorts = 1>
ST_5 : Operation 31 [1/1] (0.85ns)   --->   "%add_ln56_1 = add i16, i16 %i" [/tools/Xilinx/Vitis/2020.1/workspace/test_fast/libs/xf_opencv/L1/include/imgproc/xf_pyr_down.hpp:56->/tools/Xilinx/Vitis/2020.1/workspace/test_fast/libs/xf_opencv/L1/include/imgproc/xf_pyr_down.hpp:52]   --->   Operation 31 'add' 'add_ln56_1' <Predicate = (!icmp_ln56)> <Delay = 0.85> <CoreInst = "Adder">   --->   Core 1 'Adder' <Latency = 0> <II = 1> <Delay = 0.85> <FuncUnit> <Opcode : 'add' 'sub'> <InPorts = 2> <OutPorts = 1>
ST_5 : Operation 32 [1/1] (0.35ns)   --->   "%select_ln56_1 = select i1 %icmp_ln60, i16 %add_ln56_1, i16 %i" [/tools/Xilinx/Vitis/2020.1/workspace/test_fast/libs/xf_opencv/L1/include/imgproc/xf_pyr_down.hpp:56->/tools/Xilinx/Vitis/2020.1/workspace/test_fast/libs/xf_opencv/L1/include/imgproc/xf_pyr_down.hpp:52]   --->   Operation 32 'select' 'select_ln56_1' <Predicate = (!icmp_ln56)> <Delay = 0.35> <CoreInst = "Sel">   --->   Core 11 'Sel' <Latency = 0> <II = 1> <Delay = 0.35> <FuncUnit> <Opcode : 'select'> <InPorts = 3> <OutPorts = 1>
ST_5 : Operation 33 [1/1] (0.00ns)   --->   "%trunc_ln56 = trunc i16 %select_ln56_1" [/tools/Xilinx/Vitis/2020.1/workspace/test_fast/libs/xf_opencv/L1/include/imgproc/xf_pyr_down.hpp:56->/tools/Xilinx/Vitis/2020.1/workspace/test_fast/libs/xf_opencv/L1/include/imgproc/xf_pyr_down.hpp:52]   --->   Operation 33 'trunc' 'trunc_ln56' <Predicate = (!icmp_ln56)> <Delay = 0.00>
ST_5 : Operation 34 [1/1] (0.00ns)   --->   "%trunc_ln60 = trunc i16 %select_ln56" [/tools/Xilinx/Vitis/2020.1/workspace/test_fast/libs/xf_opencv/L1/include/imgproc/xf_pyr_down.hpp:60->/tools/Xilinx/Vitis/2020.1/workspace/test_fast/libs/xf_opencv/L1/include/imgproc/xf_pyr_down.hpp:52]   --->   Operation 34 'trunc' 'trunc_ln60' <Predicate = (!icmp_ln56)> <Delay = 0.00>
ST_5 : Operation 35 [1/1] (0.28ns)   --->   "%or_ln66 = or i1 %trunc_ln60, i1 %trunc_ln56" [/tools/Xilinx/Vitis/2020.1/workspace/test_fast/libs/xf_opencv/L1/include/imgproc/xf_pyr_down.hpp:66->/tools/Xilinx/Vitis/2020.1/workspace/test_fast/libs/xf_opencv/L1/include/imgproc/xf_pyr_down.hpp:52]   --->   Operation 35 'or' 'or_ln66' <Predicate = (!icmp_ln56)> <Delay = 0.28> <CoreInst = "LogicGate">   --->   Core 12 'LogicGate' <Latency = 0> <II = 1> <Delay = 0.28> <FuncUnit> <Opcode : 'and' 'or' 'xor'> <InPorts = 2> <OutPorts = 1>
ST_5 : Operation 36 [1/1] (0.00ns)   --->   "%br_ln66 = br i1 %or_ln66, void, void %.split1._crit_edge.i" [/tools/Xilinx/Vitis/2020.1/workspace/test_fast/libs/xf_opencv/L1/include/imgproc/xf_pyr_down.hpp:66->/tools/Xilinx/Vitis/2020.1/workspace/test_fast/libs/xf_opencv/L1/include/imgproc/xf_pyr_down.hpp:52]   --->   Operation 36 'br' 'br_ln66' <Predicate = (!icmp_ln56)> <Delay = 0.00>
ST_5 : Operation 37 [1/1] (0.85ns)   --->   "%j_1 = add i16 %select_ln56, i16" [/tools/Xilinx/Vitis/2020.1/workspace/test_fast/libs/xf_opencv/L1/include/imgproc/xf_pyr_down.hpp:60->/tools/Xilinx/Vitis/2020.1/workspace/test_fast/libs/xf_opencv/L1/include/imgproc/xf_pyr_down.hpp:52]   --->   Operation 37 'add' 'j_1' <Predicate = (!icmp_ln56)> <Delay = 0.85> <CoreInst = "Adder">   --->   Core 1 'Adder' <Latency = 0> <II = 1> <Delay = 0.85> <FuncUnit> <Opcode : 'add' 'sub'> <InPorts = 2> <OutPorts = 1>
ST_5 : Operation 38 [1/1] (0.00ns)   --->   "%br_ln0 = br void"   --->   Operation 38 'br' 'br_ln0' <Predicate = (!icmp_ln56)> <Delay = 0.00>

State 6 <SV = 5> <Delay = 3.58>
ST_6 : Operation 39 [1/1] (0.00ns)   --->   "%specloopname_ln0 = specloopname void @_ssdm_op_SpecLoopName, void @VITIS_LOOP_56_3_VITIS_LOOP_60_4_str"   --->   Operation 39 'specloopname' 'specloopname_ln0' <Predicate = (!icmp_ln56)> <Delay = 0.00>
ST_6 : Operation 40 [1/1] (0.00ns)   --->   "%speclooptripcount_ln0 = speclooptripcount void @_ssdm_op_SpecLoopTripCount, i64, i64, i64"   --->   Operation 40 'speclooptripcount' 'speclooptripcount_ln0' <Predicate = (!icmp_ln56)> <Delay = 0.00>
ST_6 : Operation 41 [1/1] (0.00ns)   --->   "%specpipeline_ln60 = specpipeline void @_ssdm_op_SpecPipeline, i32, i32, i32, i32, void @empty_2" [/tools/Xilinx/Vitis/2020.1/workspace/test_fast/libs/xf_opencv/L1/include/imgproc/xf_pyr_down.hpp:60->/tools/Xilinx/Vitis/2020.1/workspace/test_fast/libs/xf_opencv/L1/include/imgproc/xf_pyr_down.hpp:52]   --->   Operation 41 'specpipeline' 'specpipeline_ln60' <Predicate = (!icmp_ln56)> <Delay = 0.00>
ST_6 : Operation 42 [1/1] (0.00ns)   --->   "%specloopname_ln60 = specloopname void @_ssdm_op_SpecLoopName, void @empty_23" [/tools/Xilinx/Vitis/2020.1/workspace/test_fast/libs/xf_opencv/L1/include/imgproc/xf_pyr_down.hpp:60->/tools/Xilinx/Vitis/2020.1/workspace/test_fast/libs/xf_opencv/L1/include/imgproc/xf_pyr_down.hpp:52]   --->   Operation 42 'specloopname' 'specloopname_ln60' <Predicate = (!icmp_ln56)> <Delay = 0.00>
ST_6 : Operation 43 [1/1] (1.83ns)   --->   "%tmp = read i8 @_ssdm_op_Read.ap_fifo.volatile.i8P, i8 %p_filter_out" [/tools/Xilinx/Vitis/2020.1/common/technology/autopilot/hls_stream_39.h:145]   --->   Operation 43 'read' 'tmp' <Predicate = (!icmp_ln56)> <Delay = 1.83> <CoreInst = "FIFO_SRL">   --->   Core 21 'FIFO_SRL' <Latency = 0> <II = 1> <Delay = 1.83> <Storage> <Opcode : 'read' 'write' 'nbread' 'nbwrite'> <Ports = 0> <Width = 8> <Depth = 2> <FIFO>
ST_6 : Operation 44 [1/1] (1.75ns)   --->   "%write_ln167 = write void @_ssdm_op_Write.ap_fifo.volatile.i8P, i8 %pyr1_out_mat_432, i8 %tmp" [/tools/Xilinx/Vitis/2020.1/common/technology/autopilot/hls_stream_39.h:167]   --->   Operation 44 'write' 'write_ln167' <Predicate = (!or_ln66)> <Delay = 1.75> <CoreInst = "FIFO">   --->   Core 18 'FIFO' <Latency = 0> <II = 1> <Delay = 1.75> <Storage> <Opcode : 'read' 'write' 'nbread' 'nbwrite'> <Ports = 0> <Width = 8> <Depth = 1920> <FIFO>
ST_6 : Operation 45 [1/1] (0.00ns)   --->   "%br_ln69 = br void %.split1._crit_edge.i" [/tools/Xilinx/Vitis/2020.1/workspace/test_fast/libs/xf_opencv/L1/include/imgproc/xf_pyr_down.hpp:69->/tools/Xilinx/Vitis/2020.1/workspace/test_fast/libs/xf_opencv/L1/include/imgproc/xf_pyr_down.hpp:52]   --->   Operation 45 'br' 'br_ln69' <Predicate = (!or_ln66)> <Delay = 0.00>

State 7 <SV = 5> <Delay = 0.00>
ST_7 : Operation 46 [1/1] (0.00ns)   --->   "%ret_ln52 = ret" [/tools/Xilinx/Vitis/2020.1/workspace/test_fast/libs/xf_opencv/L1/include/imgproc/xf_pyr_down.hpp:52]   --->   Operation 46 'ret' 'ret_ln52' <Predicate = true> <Delay = 0.00>


============================================================
+ Verbose Summary: Timing violations
============================================================
Target clock period: 6.67ns, clock uncertainty: 1.8ns.

 <State 1>: 2.37ns
The critical path consists of the following:
	fifo read on port 'in_rows' (/tools/Xilinx/Vitis/2020.1/workspace/test_fast/libs/xf_opencv/L1/include/imgproc/xf_pyr_down.hpp:56) [9]  (1.84 ns)
	'mul' operation of DSP[15] ('bound', /tools/Xilinx/Vitis/2020.1/workspace/test_fast/libs/xf_opencv/L1/include/imgproc/xf_pyr_down.hpp:60) [15]  (0.535 ns)

 <State 2>: 0.535ns
The critical path consists of the following:
	'mul' operation of DSP[15] ('bound', /tools/Xilinx/Vitis/2020.1/workspace/test_fast/libs/xf_opencv/L1/include/imgproc/xf_pyr_down.hpp:60) [15]  (0.535 ns)

 <State 3>: 0.535ns
The critical path consists of the following:
	'mul' operation of DSP[15] ('bound', /tools/Xilinx/Vitis/2020.1/workspace/test_fast/libs/xf_opencv/L1/include/imgproc/xf_pyr_down.hpp:60) [15]  (0.535 ns)

 <State 4>: 0.656ns
The critical path consists of the following:
	multiplexor before 'phi' operation ('indvar_flatten', /tools/Xilinx/Vitis/2020.1/workspace/test_fast/libs/xf_opencv/L1/include/imgproc/xf_pyr_down.hpp:56->/tools/Xilinx/Vitis/2020.1/workspace/test_fast/libs/xf_opencv/L1/include/imgproc/xf_pyr_down.hpp:52) with incoming values : ('add_ln56', /tools/Xilinx/Vitis/2020.1/workspace/test_fast/libs/xf_opencv/L1/include/imgproc/xf_pyr_down.hpp:56->/tools/Xilinx/Vitis/2020.1/workspace/test_fast/libs/xf_opencv/L1/include/imgproc/xf_pyr_down.hpp:52) [18]  (0.656 ns)

 <State 5>: 2.31ns
The critical path consists of the following:
	'phi' operation ('j') with incoming values : ('j', /tools/Xilinx/Vitis/2020.1/workspace/test_fast/libs/xf_opencv/L1/include/imgproc/xf_pyr_down.hpp:60->/tools/Xilinx/Vitis/2020.1/workspace/test_fast/libs/xf_opencv/L1/include/imgproc/xf_pyr_down.hpp:52) [20]  (0 ns)
	'icmp' operation ('icmp_ln60', /tools/Xilinx/Vitis/2020.1/workspace/test_fast/libs/xf_opencv/L1/include/imgproc/xf_pyr_down.hpp:60->/tools/Xilinx/Vitis/2020.1/workspace/test_fast/libs/xf_opencv/L1/include/imgproc/xf_pyr_down.hpp:52) [27]  (1.1 ns)
	'select' operation ('select_ln56', /tools/Xilinx/Vitis/2020.1/workspace/test_fast/libs/xf_opencv/L1/include/imgproc/xf_pyr_down.hpp:56->/tools/Xilinx/Vitis/2020.1/workspace/test_fast/libs/xf_opencv/L1/include/imgproc/xf_pyr_down.hpp:52) [28]  (0.357 ns)
	'add' operation ('j', /tools/Xilinx/Vitis/2020.1/workspace/test_fast/libs/xf_opencv/L1/include/imgproc/xf_pyr_down.hpp:60->/tools/Xilinx/Vitis/2020.1/workspace/test_fast/libs/xf_opencv/L1/include/imgproc/xf_pyr_down.hpp:52) [42]  (0.853 ns)

 <State 6>: 3.59ns
The critical path consists of the following:
	fifo read on port 'p_filter_out' (/tools/Xilinx/Vitis/2020.1/common/technology/autopilot/hls_stream_39.h:145) [35]  (1.84 ns)
	fifo write on port 'pyr1_out_mat_432' (/tools/Xilinx/Vitis/2020.1/common/technology/autopilot/hls_stream_39.h:167) [39]  (1.75 ns)

 <State 7>: 0ns
The critical path consists of the following:


============================================================
+ Verbose Summary: Binding
============================================================
N/A
* FSMD analyzer results:
  - Output states:
 - Input state : 
  - Chain level:
	State 1
	State 2
	State 3
	State 4
	State 5
	State 6
	State 7


============================================================
+ Verbose Summary: Datapath Resource usage 
============================================================
N/A
