

================================================================
== Vitis HLS Report for 'xFPyrDownGaussianBlur_1080_1920_0_1_1_0_5_25_1_s'
================================================================
* Date:           Thu Mar 25 15:01:48 2021

* Version:        2020.1.1 (Build 2960000 on Wed Aug 05 23:18:37 MDT 2020)
* Project:        pyr_down_accel
* Solution:       solution (Vitis Kernel Flow Target)
* Product family: zynquplus
* Target device:  xczu7ev-ffvc1156-2-e


================================================================
== Performance Estimates
================================================================
+ Timing: 
    * Summary: 
    +--------+---------+----------+------------+
    |  Clock |  Target | Estimated| Uncertainty|
    +--------+---------+----------+------------+
    |ap_clk  | 6.67 ns | 4.635 ns |   1.80 ns  |
    +--------+---------+----------+------------+

+ Latency: 
    * Summary: 
    +---------+---------+----------+-----------+-----+---------+---------+
    |  Latency (cycles) |  Latency (absolute)  |    Interval   | Pipeline|
    |   min   |   max   |    min   |    max    | min |   max   |   Type  |
    +---------+---------+----------+-----------+-----+---------+---------+
    |       25|  2093799| 0.167 us | 13.959 ms |   25|  2093799|   none  |
    +---------+---------+----------+-----------+-----+---------+---------+

    + Detail: 
        * Instance: 
        +-----------------------------------------------------------------+-------------------------------------------------------+---------+---------+----------+-----------+-----+---------+---------+
        |                                                                 |                                                       |  Latency (cycles) |  Latency (absolute)  |    Interval   | Pipeline|
        |                             Instance                            |                         Module                        |   min   |   max   |    min   |    max    | min |   max   |   Type  |
        +-----------------------------------------------------------------+-------------------------------------------------------+---------+---------+----------+-----------+-----+---------+---------+
        |grp_xf_pyrdown_gaussian_nxn_1080_1920_0_1_1_1922_5_25_1_s_fu_64  |xf_pyrdown_gaussian_nxn_1080_1920_0_1_1_1922_5_25_1_s  |       24|  2093798| 0.160 us | 13.959 ms |   24|  2093798|   none  |
        +-----------------------------------------------------------------+-------------------------------------------------------+---------+---------+----------+-----------+-----+---------+---------+

        * Loop: 
        N/A



================================================================
== Utilization Estimates
================================================================
* Summary: 
+-----------------+---------+------+--------+--------+-----+
|       Name      | BRAM_18K|  DSP |   FF   |   LUT  | URAM|
+-----------------+---------+------+--------+--------+-----+
|DSP              |        -|     -|       -|       -|    -|
|Expression       |        -|     -|       0|       2|    -|
|FIFO             |        -|     -|       -|       -|    -|
|Instance         |        5|     -|     878|    2210|    -|
|Memory           |        -|     -|       -|       -|    -|
|Multiplexer      |        -|     -|       -|      87|    -|
|Register         |        -|     -|      37|       -|    -|
+-----------------+---------+------+--------+--------+-----+
|Total            |        5|     0|     915|    2299|    0|
+-----------------+---------+------+--------+--------+-----+
|Available        |      624|  1728|  460800|  230400|   96|
+-----------------+---------+------+--------+--------+-----+
|Utilization (%)  |    ~0   |     0|   ~0   |   ~0   |    0|
+-----------------+---------+------+--------+--------+-----+

+ Detail: 
    * Instance: 
    +-----------------------------------------------------------------+-------------------------------------------------------+---------+----+-----+------+-----+
    |                             Instance                            |                         Module                        | BRAM_18K| DSP|  FF |  LUT | URAM|
    +-----------------------------------------------------------------+-------------------------------------------------------+---------+----+-----+------+-----+
    |grp_xf_pyrdown_gaussian_nxn_1080_1920_0_1_1_1922_5_25_1_s_fu_64  |xf_pyrdown_gaussian_nxn_1080_1920_0_1_1_1922_5_25_1_s  |        5|   0|  878|  2210|    0|
    +-----------------------------------------------------------------+-------------------------------------------------------+---------+----+-----+------+-----+
    |Total                                                            |                                                       |        5|   0|  878|  2210|    0|
    +-----------------------------------------------------------------+-------------------------------------------------------+---------+----+-----+------+-----+

    * DSP: 
    N/A

    * Memory: 
    N/A

    * FIFO: 
    N/A

    * Expression: 
    +-----------------+----------+----+---+----+------------+------------+
    |  Variable Name  | Operation| DSP| FF| LUT| Bitwidth P0| Bitwidth P1|
    +-----------------+----------+----+---+----+------------+------------+
    |ap_block_state1  |    or    |   0|  0|   2|           1|           1|
    +-----------------+----------+----+---+----+------------+------------+
    |Total            |          |   0|  0|   2|           1|           1|
    +-----------------+----------+----+---+----+------------+------------+

    * Multiplexer: 
    +---------------------+----+-----------+-----+-----------+
    |         Name        | LUT| Input Size| Bits| Total Bits|
    +---------------------+----+-----------+-----+-----------+
    |ap_NS_fsm            |  15|          3|    1|          3|
    |ap_done              |   9|          2|    1|          2|
    |imgheight_blk_n      |   9|          2|    1|          2|
    |imgheight_out_blk_n  |   9|          2|    1|          2|
    |imgwidth_blk_n       |   9|          2|    1|          2|
    |imgwidth_out_blk_n   |   9|          2|    1|          2|
    |p_filter_in1_read    |   9|          2|    1|          2|
    |p_filter_out2_write  |   9|          2|    1|          2|
    |real_start           |   9|          2|    1|          2|
    +---------------------+----+-----------+-----+-----------+
    |Total                |  87|         19|    9|         19|
    +---------------------+----+-----------+-----+-----------+

    * Register: 
    +------------------------------------------------------------------------------+----+----+-----+-----------+
    |                                     Name                                     | FF | LUT| Bits| Const Bits|
    +------------------------------------------------------------------------------+----+----+-----+-----------+
    |ap_CS_fsm                                                                     |   2|   0|    2|          0|
    |ap_done_reg                                                                   |   1|   0|    1|          0|
    |grp_xf_pyrdown_gaussian_nxn_1080_1920_0_1_1_1922_5_25_1_s_fu_64_ap_start_reg  |   1|   0|    1|          0|
    |imgheight_read_reg_76                                                         |  16|   0|   16|          0|
    |imgwidth_read_reg_81                                                          |  16|   0|   16|          0|
    |start_once_reg                                                                |   1|   0|    1|          0|
    +------------------------------------------------------------------------------+----+----+-----+-----------+
    |Total                                                                         |  37|   0|   37|          0|
    +------------------------------------------------------------------------------+----+----+-----+-----------+



================================================================
== Interface
================================================================
* Summary: 
+----------------------+-----+-----+------------+---------------------------------------------------------+--------------+
|       RTL Ports      | Dir | Bits|  Protocol  |                      Source Object                      |    C Type    |
+----------------------+-----+-----+------------+---------------------------------------------------------+--------------+
|ap_clk                |  in |    1| ap_ctrl_hs | xFPyrDownGaussianBlur<1080, 1920, 0, 1, 1, 0, 5, 25, 1> | return value |
|ap_rst                |  in |    1| ap_ctrl_hs | xFPyrDownGaussianBlur<1080, 1920, 0, 1, 1, 0, 5, 25, 1> | return value |
|ap_start              |  in |    1| ap_ctrl_hs | xFPyrDownGaussianBlur<1080, 1920, 0, 1, 1, 0, 5, 25, 1> | return value |
|start_full_n          |  in |    1| ap_ctrl_hs | xFPyrDownGaussianBlur<1080, 1920, 0, 1, 1, 0, 5, 25, 1> | return value |
|ap_done               | out |    1| ap_ctrl_hs | xFPyrDownGaussianBlur<1080, 1920, 0, 1, 1, 0, 5, 25, 1> | return value |
|ap_continue           |  in |    1| ap_ctrl_hs | xFPyrDownGaussianBlur<1080, 1920, 0, 1, 1, 0, 5, 25, 1> | return value |
|ap_idle               | out |    1| ap_ctrl_hs | xFPyrDownGaussianBlur<1080, 1920, 0, 1, 1, 0, 5, 25, 1> | return value |
|ap_ready              | out |    1| ap_ctrl_hs | xFPyrDownGaussianBlur<1080, 1920, 0, 1, 1, 0, 5, 25, 1> | return value |
|start_out             | out |    1| ap_ctrl_hs | xFPyrDownGaussianBlur<1080, 1920, 0, 1, 1, 0, 5, 25, 1> | return value |
|start_write           | out |    1| ap_ctrl_hs | xFPyrDownGaussianBlur<1080, 1920, 0, 1, 1, 0, 5, 25, 1> | return value |
|p_filter_in1_dout     |  in |    8|   ap_fifo  |                       p_filter_in1                      |    pointer   |
|p_filter_in1_empty_n  |  in |    1|   ap_fifo  |                       p_filter_in1                      |    pointer   |
|p_filter_in1_read     | out |    1|   ap_fifo  |                       p_filter_in1                      |    pointer   |
|p_filter_out2_din     | out |    8|   ap_fifo  |                      p_filter_out2                      |    pointer   |
|p_filter_out2_full_n  |  in |    1|   ap_fifo  |                      p_filter_out2                      |    pointer   |
|p_filter_out2_write   | out |    1|   ap_fifo  |                      p_filter_out2                      |    pointer   |
|imgheight_dout        |  in |   16|   ap_fifo  |                        imgheight                        |    pointer   |
|imgheight_empty_n     |  in |    1|   ap_fifo  |                        imgheight                        |    pointer   |
|imgheight_read        | out |    1|   ap_fifo  |                        imgheight                        |    pointer   |
|imgwidth_dout         |  in |   16|   ap_fifo  |                         imgwidth                        |    pointer   |
|imgwidth_empty_n      |  in |    1|   ap_fifo  |                         imgwidth                        |    pointer   |
|imgwidth_read         | out |    1|   ap_fifo  |                         imgwidth                        |    pointer   |
|imgheight_out_din     | out |   16|   ap_fifo  |                      imgheight_out                      |    pointer   |
|imgheight_out_full_n  |  in |    1|   ap_fifo  |                      imgheight_out                      |    pointer   |
|imgheight_out_write   | out |    1|   ap_fifo  |                      imgheight_out                      |    pointer   |
|imgwidth_out_din      | out |   16|   ap_fifo  |                       imgwidth_out                      |    pointer   |
|imgwidth_out_full_n   |  in |    1|   ap_fifo  |                       imgwidth_out                      |    pointer   |
|imgwidth_out_write    | out |    1|   ap_fifo  |                       imgwidth_out                      |    pointer   |
+----------------------+-----+-----+------------+---------------------------------------------------------+--------------+

============================================================
+ Verbose Summary: Synthesis Manager
============================================================
InlineROM: 1
ExposeGlobal: 0
============================================================
+ Verbose Summary: CDFG Model
============================================================
IsTopModel: 0
ResetActiveHigh: 1
IsCombinational: 2
IsDatapathOnly: 0
HasWiredReturn: 1
HasMFsm: 0
HasVarLatency: 1
IsPipeline: 0
IsRtlPipelined: 0
IsInstanceOverlapped: 0
IsDontTouch: 0
HasImplIP: 0
IsGatedGlobalClock: 0


============================================================
+ Verbose Summary: Schedule
============================================================
* Number of FSM states : 2
* Pipeline : 0
* Dataflow Pipeline: 0

* FSM state transitions: 
1 --> 2 
2 --> 

* FSM state operations: 

State 1 <SV = 0> <Delay = 3.67>
ST_1 : Operation 3 [1/1] (1.83ns)   --->   "%imgheight_read = read i16 @_ssdm_op_Read.ap_fifo.i16P, i16 %imgheight" [/tools/Xilinx/Vitis/2020.1/workspace/test_fast/libs/xf_opencv/L1/include/imgproc/xf_pyr_down_gaussian_blur.hpp:290]   --->   Operation 3 'read' 'imgheight_read' <Predicate = true> <Delay = 1.83> <CoreInst = "FIFO_SRL">   --->   Core 21 'FIFO_SRL' <Latency = 0> <II = 1> <Delay = 1.83> <Storage> <Opcode : 'read' 'write' 'nbread' 'nbwrite'> <Ports = 0> <Width = 16> <Depth = 2> <FIFO>
ST_1 : Operation 4 [1/1] (1.83ns)   --->   "%imgwidth_read = read i16 @_ssdm_op_Read.ap_fifo.i16P, i16 %imgwidth" [/tools/Xilinx/Vitis/2020.1/workspace/test_fast/libs/xf_opencv/L1/include/imgproc/xf_pyr_down_gaussian_blur.hpp:282]   --->   Operation 4 'read' 'imgwidth_read' <Predicate = true> <Delay = 1.83> <CoreInst = "FIFO_SRL">   --->   Core 21 'FIFO_SRL' <Latency = 0> <II = 1> <Delay = 1.83> <Storage> <Opcode : 'read' 'write' 'nbread' 'nbwrite'> <Ports = 0> <Width = 16> <Depth = 2> <FIFO>
ST_1 : Operation 5 [1/1] (1.83ns)   --->   "%write_ln52 = write void @_ssdm_op_Write.ap_fifo.i16P, i16 %imgheight_out, i16 %imgheight_read" [/tools/Xilinx/Vitis/2020.1/workspace/test_fast/libs/xf_opencv/L1/include/imgproc/xf_pyr_down.hpp:52]   --->   Operation 5 'write' 'write_ln52' <Predicate = true> <Delay = 1.83> <CoreInst = "FIFO_SRL">   --->   Core 21 'FIFO_SRL' <Latency = 0> <II = 1> <Delay = 1.83> <Storage> <Opcode : 'read' 'write' 'nbread' 'nbwrite'> <Ports = 0> <Width = 16> <Depth = 2> <FIFO>
ST_1 : Operation 6 [1/1] (1.83ns)   --->   "%write_ln52 = write void @_ssdm_op_Write.ap_fifo.i16P, i16 %imgwidth_out, i16 %imgwidth_read" [/tools/Xilinx/Vitis/2020.1/workspace/test_fast/libs/xf_opencv/L1/include/imgproc/xf_pyr_down.hpp:52]   --->   Operation 6 'write' 'write_ln52' <Predicate = true> <Delay = 1.83> <CoreInst = "FIFO_SRL">   --->   Core 21 'FIFO_SRL' <Latency = 0> <II = 1> <Delay = 1.83> <Storage> <Opcode : 'read' 'write' 'nbread' 'nbwrite'> <Ports = 0> <Width = 16> <Depth = 2> <FIFO>
ST_1 : Operation 7 [2/2] (0.00ns)   --->   "%call_ln290 = call void @xf_pyrdown_gaussian_nxn<1080, 1920, 0, 1, 1, 1922, 5, 25, 1>, i8 %p_filter_in1, i8 %p_filter_out2, i16 %imgheight_read, i16 %imgwidth_read" [/tools/Xilinx/Vitis/2020.1/workspace/test_fast/libs/xf_opencv/L1/include/imgproc/xf_pyr_down_gaussian_blur.hpp:290->/tools/Xilinx/Vitis/2020.1/workspace/test_fast/libs/xf_opencv/L1/include/imgproc/xf_pyr_down.hpp:52]   --->   Operation 7 'call' 'call_ln290' <Predicate = true> <Delay = 0.00> <CoreType = "Generic">   --->   Core 0 '' <Latency = 0> <II = 1> <Delay = 1.00> <Generic> <Opcode : >

State 2 <SV = 1> <Delay = 0.00>
ST_2 : Operation 8 [1/1] (0.00ns)   --->   "%specinterface_ln0 = specinterface void @_ssdm_op_SpecInterface, i8 %p_filter_in1, void @empty_20, i32, i32, void @empty_2, i32, i32, void @empty_2, void @empty_2, void @empty_2, i32, i32, i32, i32, void @empty_2, void @empty_2"   --->   Operation 8 'specinterface' 'specinterface_ln0' <Predicate = true> <Delay = 0.00>
ST_2 : Operation 9 [1/1] (0.00ns)   --->   "%specinterface_ln0 = specinterface void @_ssdm_op_SpecInterface, i8 %p_filter_out2, void @empty_20, i32, i32, void @empty_2, i32, i32, void @empty_2, void @empty_2, void @empty_2, i32, i32, i32, i32, void @empty_2, void @empty_2"   --->   Operation 9 'specinterface' 'specinterface_ln0' <Predicate = true> <Delay = 0.00>
ST_2 : Operation 10 [1/1] (0.00ns)   --->   "%specinterface_ln0 = specinterface void @_ssdm_op_SpecInterface, i16 %imgwidth, void @ap_fifo_str, i32, i32, void @p_str, i32, i32, void @p_str, void @p_str, void @p_str, i32, i32, i32, i32, void @p_str, void @ScalarProp_str"   --->   Operation 10 'specinterface' 'specinterface_ln0' <Predicate = true> <Delay = 0.00>
ST_2 : Operation 11 [1/1] (0.00ns)   --->   "%specinterface_ln0 = specinterface void @_ssdm_op_SpecInterface, i16 %imgheight, void @ap_fifo_str, i32, i32, void @p_str, i32, i32, void @p_str, void @p_str, void @p_str, i32, i32, i32, i32, void @p_str, void @ScalarProp_str"   --->   Operation 11 'specinterface' 'specinterface_ln0' <Predicate = true> <Delay = 0.00>
ST_2 : Operation 12 [1/1] (0.00ns)   --->   "%specinterface_ln0 = specinterface void @_ssdm_op_SpecInterface, i16 %imgheight_out, void @ap_fifo_str, i32, i32, void @p_str, i32, i32, void @p_str, void @p_str, void @p_str, i32, i32, i32, i32, void @p_str, void @ScalarProp_str"   --->   Operation 12 'specinterface' 'specinterface_ln0' <Predicate = true> <Delay = 0.00>
ST_2 : Operation 13 [1/1] (0.00ns)   --->   "%specinterface_ln0 = specinterface void @_ssdm_op_SpecInterface, i16 %imgwidth_out, void @ap_fifo_str, i32, i32, void @p_str, i32, i32, void @p_str, void @p_str, void @p_str, i32, i32, i32, i32, void @p_str, void @ScalarProp_str"   --->   Operation 13 'specinterface' 'specinterface_ln0' <Predicate = true> <Delay = 0.00>
ST_2 : Operation 14 [1/1] (0.00ns)   --->   "%specinterface_ln0 = specinterface void @_ssdm_op_SpecInterface, i8 %p_filter_out2, void @empty_20, i32, i32, void @empty_2, i32, i32, void @empty_2, void @empty_2, void @empty_2, i32, i32, i32, i32, void @empty_2, void @empty_2"   --->   Operation 14 'specinterface' 'specinterface_ln0' <Predicate = true> <Delay = 0.00>
ST_2 : Operation 15 [1/1] (0.00ns)   --->   "%specinterface_ln0 = specinterface void @_ssdm_op_SpecInterface, i8 %p_filter_in1, void @empty_20, i32, i32, void @empty_2, i32, i32, void @empty_2, void @empty_2, void @empty_2, i32, i32, i32, i32, void @empty_2, void @empty_2"   --->   Operation 15 'specinterface' 'specinterface_ln0' <Predicate = true> <Delay = 0.00>
ST_2 : Operation 16 [1/2] (0.00ns)   --->   "%call_ln290 = call void @xf_pyrdown_gaussian_nxn<1080, 1920, 0, 1, 1, 1922, 5, 25, 1>, i8 %p_filter_in1, i8 %p_filter_out2, i16 %imgheight_read, i16 %imgwidth_read" [/tools/Xilinx/Vitis/2020.1/workspace/test_fast/libs/xf_opencv/L1/include/imgproc/xf_pyr_down_gaussian_blur.hpp:290->/tools/Xilinx/Vitis/2020.1/workspace/test_fast/libs/xf_opencv/L1/include/imgproc/xf_pyr_down.hpp:52]   --->   Operation 16 'call' 'call_ln290' <Predicate = true> <Delay = 0.00> <CoreType = "Generic">   --->   Core 0 '' <Latency = 0> <II = 1> <Delay = 1.00> <Generic> <Opcode : >
ST_2 : Operation 17 [1/1] (0.00ns)   --->   "%ret_ln52 = ret" [/tools/Xilinx/Vitis/2020.1/workspace/test_fast/libs/xf_opencv/L1/include/imgproc/xf_pyr_down.hpp:52]   --->   Operation 17 'ret' 'ret_ln52' <Predicate = true> <Delay = 0.00>


============================================================
+ Verbose Summary: Binding
============================================================
STG Binding: 
---------------- STG Properties BEGIN ----------------
- Is combinational: 0
- Is one-state seq: 0
- Is datapath-only: 0
- Is pipelined: 0
- Is top level: 0
Port [ Return ] is wired: 1; IO mode=ap_ctrl_hs:ce=0
Port [ p_filter_in1]:  wired=1; compound=1; hidden=0; nouse=0; global=0; static=0; extern=0; dir=0; type=3; pingpong=0; private_global=0; IO mode=ap_fifo:ce=0
Port [ p_filter_out2]:  wired=1; compound=1; hidden=0; nouse=0; global=0; static=0; extern=0; dir=1; type=3; pingpong=0; private_global=0; IO mode=ap_fifo:ce=0
Port [ imgheight]:  wired=1; compound=1; hidden=0; nouse=0; global=0; static=0; extern=0; dir=0; type=3; pingpong=0; private_global=0; IO mode=ap_fifo:ce=0
Port [ imgwidth]:  wired=1; compound=1; hidden=0; nouse=0; global=0; static=0; extern=0; dir=0; type=3; pingpong=0; private_global=0; IO mode=ap_fifo:ce=0
Port [ imgheight_out]:  wired=1; compound=1; hidden=0; nouse=0; global=0; static=0; extern=0; dir=1; type=3; pingpong=0; private_global=0; IO mode=ap_fifo:ce=0
Port [ imgwidth_out]:  wired=1; compound=1; hidden=0; nouse=0; global=0; static=0; extern=0; dir=1; type=3; pingpong=0; private_global=0; IO mode=ap_fifo:ce=0
---------------- STG Properties END ------------------

---------------- Datapath Model BEGIN ----------------

<LifeTime>
<method=bitvector/>
imgheight_read    (read         ) [ 001]
imgwidth_read     (read         ) [ 001]
write_ln52        (write        ) [ 000]
write_ln52        (write        ) [ 000]
specinterface_ln0 (specinterface) [ 000]
specinterface_ln0 (specinterface) [ 000]
specinterface_ln0 (specinterface) [ 000]
specinterface_ln0 (specinterface) [ 000]
specinterface_ln0 (specinterface) [ 000]
specinterface_ln0 (specinterface) [ 000]
specinterface_ln0 (specinterface) [ 000]
specinterface_ln0 (specinterface) [ 000]
call_ln290        (call         ) [ 000]
ret_ln52          (ret          ) [ 000]
</LifeTime>

<model>

<comp_list>
<comp id="0" class="1000" name="p_filter_in1">
<pin_list>
<pin id="1" dir="1" index="0" bw="1" slack="0"/>
</pin_list>
<bind>
<StgValue><ssdm name="p_filter_in1"/></StgValue>
</bind>
</comp>

<comp id="2" class="1000" name="p_filter_out2">
<pin_list>
<pin id="3" dir="1" index="0" bw="1" slack="0"/>
</pin_list>
<bind>
<StgValue><ssdm name="p_filter_out2"/></StgValue>
</bind>
</comp>

<comp id="4" class="1000" name="imgheight">
<pin_list>
<pin id="5" dir="1" index="0" bw="1" slack="0"/>
</pin_list>
<bind>
<StgValue><ssdm name="imgheight"/></StgValue>
</bind>
</comp>

<comp id="6" class="1000" name="imgwidth">
<pin_list>
<pin id="7" dir="1" index="0" bw="1" slack="0"/>
</pin_list>
<bind>
<StgValue><ssdm name="imgwidth"/></StgValue>
</bind>
</comp>

<comp id="8" class="1000" name="imgheight_out">
<pin_list>
<pin id="9" dir="1" index="0" bw="1" slack="0"/>
</pin_list>
<bind>
<StgValue><ssdm name="imgheight_out"/></StgValue>
</bind>
</comp>

<comp id="10" class="1000" name="imgwidth_out">
<pin_list>
<pin id="11" dir="1" index="0" bw="1" slack="0"/>
</pin_list>
<bind>
<StgValue><ssdm name="imgwidth_out"/></StgValue>
</bind>
</comp>

<comp id="12" class="1001" name="const_12">
<pin_list>
<pin id="13" dir="1" index="0" bw="1" slack="0"/>
</pin_list>
<bind>
<StgValue><ssdm name="_ssdm_op_Read.ap_fifo.i16P"/></StgValue>
</bind>
</comp>

<comp id="14" class="1001" name="const_14">
<pin_list>
<pin id="15" dir="1" index="0" bw="1" slack="0"/>
</pin_list>
<bind>
<StgValue><ssdm name="_ssdm_op_Write.ap_fifo.i16P"/></StgValue>
</bind>
</comp>

<comp id="16" class="1001" name="const_16">
<pin_list>
<pin id="17" dir="1" index="0" bw="1" slack="0"/>
</pin_list>
<bind>
<StgValue><ssdm name="xf_pyrdown_gaussian_nxn<1080, 1920, 0, 1, 1, 1922, 5, 25, 1>"/></StgValue>
</bind>
</comp>

<comp id="18" class="1001" name="const_18">
<pin_list>
<pin id="19" dir="1" index="0" bw="1" slack="2147483647"/>
</pin_list>
<bind>
<StgValue><ssdm name="_ssdm_op_SpecInterface"/></StgValue>
</bind>
</comp>

<comp id="20" class="1001" name="const_20">
<pin_list>
<pin id="21" dir="1" index="0" bw="1" slack="2147483647"/>
</pin_list>
<bind>
<StgValue><ssdm name="empty_20"/></StgValue>
</bind>
</comp>

<comp id="22" class="1001" name="const_22">
<pin_list>
<pin id="23" dir="1" index="0" bw="1" slack="2147483647"/>
</pin_list>
<bind>
<StgValue><ssdm name=""/></StgValue>
</bind>
</comp>

<comp id="24" class="1001" name="const_24">
<pin_list>
<pin id="25" dir="1" index="0" bw="1" slack="2147483647"/>
</pin_list>
<bind>
<StgValue><ssdm name="empty_2"/></StgValue>
</bind>
</comp>

<comp id="26" class="1001" name="const_26">
<pin_list>
<pin id="27" dir="1" index="0" bw="1" slack="2147483647"/>
</pin_list>
<bind>
<StgValue><ssdm name="ap_fifo_str"/></StgValue>
</bind>
</comp>

<comp id="28" class="1001" name="const_28">
<pin_list>
<pin id="29" dir="1" index="0" bw="1" slack="2147483647"/>
</pin_list>
<bind>
<StgValue><ssdm name="p_str"/></StgValue>
</bind>
</comp>

<comp id="30" class="1001" name="const_30">
<pin_list>
<pin id="31" dir="1" index="0" bw="1" slack="2147483647"/>
</pin_list>
<bind>
<StgValue><ssdm name=""/></StgValue>
</bind>
</comp>

<comp id="32" class="1001" name="const_32">
<pin_list>
<pin id="33" dir="1" index="0" bw="1" slack="2147483647"/>
</pin_list>
<bind>
<StgValue><ssdm name=""/></StgValue>
</bind>
</comp>

<comp id="34" class="1001" name="const_34">
<pin_list>
<pin id="35" dir="1" index="0" bw="1" slack="2147483647"/>
</pin_list>
<bind>
<StgValue><ssdm name="ScalarProp_str"/></StgValue>
</bind>
</comp>

<comp id="36" class="1004" name="imgheight_read_read_fu_36">
<pin_list>
<pin id="37" dir="0" index="0" bw="16" slack="0"/>
<pin id="38" dir="0" index="1" bw="16" slack="0"/>
<pin id="39" dir="1" index="2" bw="16" slack="0"/>
</pin_list>
<bind>
<opcode="read(1150) " fcode="read"/>
<opset="imgheight_read/1 "/>
</bind>
</comp>

<comp id="42" class="1004" name="imgwidth_read_read_fu_42">
<pin_list>
<pin id="43" dir="0" index="0" bw="16" slack="0"/>
<pin id="44" dir="0" index="1" bw="16" slack="0"/>
<pin id="45" dir="1" index="2" bw="16" slack="0"/>
</pin_list>
<bind>
<opcode="read(1150) " fcode="read"/>
<opset="imgwidth_read/1 "/>
</bind>
</comp>

<comp id="48" class="1004" name="write_ln52_write_fu_48">
<pin_list>
<pin id="49" dir="0" index="0" bw="0" slack="0"/>
<pin id="50" dir="0" index="1" bw="16" slack="0"/>
<pin id="51" dir="0" index="2" bw="16" slack="0"/>
<pin id="52" dir="1" index="3" bw="0" slack="2147483647"/>
</pin_list>
<bind>
<opcode="write(1151) " fcode="write"/>
<opset="write_ln52/1 "/>
</bind>
</comp>

<comp id="56" class="1004" name="write_ln52_write_fu_56">
<pin_list>
<pin id="57" dir="0" index="0" bw="0" slack="0"/>
<pin id="58" dir="0" index="1" bw="16" slack="0"/>
<pin id="59" dir="0" index="2" bw="16" slack="0"/>
<pin id="60" dir="1" index="3" bw="0" slack="2147483647"/>
</pin_list>
<bind>
<opcode="write(1151) " fcode="write"/>
<opset="write_ln52/1 "/>
</bind>
</comp>

<comp id="64" class="1004" name="grp_xf_pyrdown_gaussian_nxn_1080_1920_0_1_1_1922_5_25_1_s_fu_64">
<pin_list>
<pin id="65" dir="0" index="0" bw="0" slack="0"/>
<pin id="66" dir="0" index="1" bw="8" slack="0"/>
<pin id="67" dir="0" index="2" bw="8" slack="0"/>
<pin id="68" dir="0" index="3" bw="16" slack="0"/>
<pin id="69" dir="0" index="4" bw="16" slack="0"/>
<pin id="70" dir="1" index="5" bw="0" slack="2147483647"/>
</pin_list>
<bind>
<opcode="call(48) " fcode="call"/>
<opset="call_ln290/1 "/>
</bind>
</comp>

<comp id="76" class="1005" name="imgheight_read_reg_76">
<pin_list>
<pin id="77" dir="0" index="0" bw="16" slack="1"/>
<pin id="78" dir="1" index="1" bw="16" slack="1"/>
</pin_list>
<bind>
<opset="imgheight_read "/>
</bind>
</comp>

<comp id="81" class="1005" name="imgwidth_read_reg_81">
<pin_list>
<pin id="82" dir="0" index="0" bw="16" slack="1"/>
<pin id="83" dir="1" index="1" bw="16" slack="1"/>
</pin_list>
<bind>
<opset="imgwidth_read "/>
</bind>
</comp>

</comp_list>

<net_list>
<net id="40"><net_src comp="12" pin="0"/><net_sink comp="36" pin=0"/></net>

<net id="41"><net_src comp="4" pin="0"/><net_sink comp="36" pin=1"/></net>

<net id="46"><net_src comp="12" pin="0"/><net_sink comp="42" pin=0"/></net>

<net id="47"><net_src comp="6" pin="0"/><net_sink comp="42" pin=1"/></net>

<net id="53"><net_src comp="14" pin="0"/><net_sink comp="48" pin=0"/></net>

<net id="54"><net_src comp="8" pin="0"/><net_sink comp="48" pin=1"/></net>

<net id="55"><net_src comp="36" pin="2"/><net_sink comp="48" pin=2"/></net>

<net id="61"><net_src comp="14" pin="0"/><net_sink comp="56" pin=0"/></net>

<net id="62"><net_src comp="10" pin="0"/><net_sink comp="56" pin=1"/></net>

<net id="63"><net_src comp="42" pin="2"/><net_sink comp="56" pin=2"/></net>

<net id="71"><net_src comp="16" pin="0"/><net_sink comp="64" pin=0"/></net>

<net id="72"><net_src comp="0" pin="0"/><net_sink comp="64" pin=1"/></net>

<net id="73"><net_src comp="2" pin="0"/><net_sink comp="64" pin=2"/></net>

<net id="74"><net_src comp="36" pin="2"/><net_sink comp="64" pin=3"/></net>

<net id="75"><net_src comp="42" pin="2"/><net_sink comp="64" pin=4"/></net>

<net id="79"><net_src comp="36" pin="2"/><net_sink comp="76" pin=0"/></net>

<net id="80"><net_src comp="76" pin="1"/><net_sink comp="64" pin=3"/></net>

<net id="84"><net_src comp="42" pin="2"/><net_sink comp="81" pin=0"/></net>

<net id="85"><net_src comp="81" pin="1"/><net_sink comp="64" pin=4"/></net>

</net_list>

</model> 
---------------- Datapath Model END ------------------

* FSMD analyzer results:
  - Output states:
	Port: p_filter_out2 | {1 2 }
	Port: imgheight_out | {1 }
	Port: imgwidth_out | {1 }
 - Input state : 
	Port: xFPyrDownGaussianBlur<1080, 1920, 0, 1, 1, 0, 5, 25, 1> : p_filter_in1 | {1 2 }
	Port: xFPyrDownGaussianBlur<1080, 1920, 0, 1, 1, 0, 5, 25, 1> : imgheight | {1 }
	Port: xFPyrDownGaussianBlur<1080, 1920, 0, 1, 1, 0, 5, 25, 1> : imgwidth | {1 }
  - Chain level:
	State 1
	State 2


============================================================
+ Verbose Summary: Datapath Resource usage 
============================================================

* Functional unit list:
|----------|-----------------------------------------------------------------|---------|---------|---------|---------|
| Operation|                         Functional Unit                         |   BRAM  |  Delay  |    FF   |   LUT   |
|----------|-----------------------------------------------------------------|---------|---------|---------|---------|
|   call   | grp_xf_pyrdown_gaussian_nxn_1080_1920_0_1_1_1922_5_25_1_s_fu_64 |    5    | 12.1643 |   1029  |   1796  |
|----------|-----------------------------------------------------------------|---------|---------|---------|---------|
|   read   |                    imgheight_read_read_fu_36                    |    0    |    0    |    0    |    0    |
|          |                     imgwidth_read_read_fu_42                    |    0    |    0    |    0    |    0    |
|----------|-----------------------------------------------------------------|---------|---------|---------|---------|
|   write  |                      write_ln52_write_fu_48                     |    0    |    0    |    0    |    0    |
|          |                      write_ln52_write_fu_56                     |    0    |    0    |    0    |    0    |
|----------|-----------------------------------------------------------------|---------|---------|---------|---------|
|   Total  |                                                                 |    5    | 12.1643 |   1029  |   1796  |
|----------|-----------------------------------------------------------------|---------|---------|---------|---------|

Memories:
N/A

* Register list:
+---------------------+--------+
|                     |   FF   |
+---------------------+--------+
|imgheight_read_reg_76|   16   |
| imgwidth_read_reg_81|   16   |
+---------------------+--------+
|        Total        |   32   |
+---------------------+--------+

* Multiplexer (MUX) list: 
|-----------------------------------------------------------------|------|------|------|--------||---------||---------|
|                               Comp                              |  Pin | Size |  BW  | S x BW ||  Delay  ||   LUT   |
|-----------------------------------------------------------------|------|------|------|--------||---------||---------|
| grp_xf_pyrdown_gaussian_nxn_1080_1920_0_1_1_1922_5_25_1_s_fu_64 |  p3  |   2  |  16  |   32   ||    9    |
| grp_xf_pyrdown_gaussian_nxn_1080_1920_0_1_1_1922_5_25_1_s_fu_64 |  p4  |   2  |  16  |   32   ||    9    |
|-----------------------------------------------------------------|------|------|------|--------||---------||---------|
|                              Total                              |      |      |      |   64   ||  1.312  ||    18   |
|-----------------------------------------------------------------|------|------|------|--------||---------||---------|



* Summary:
+-----------+--------+--------+--------+--------+
|           |  BRAM  |  Delay |   FF   |   LUT  |
+-----------+--------+--------+--------+--------+
|  Function |    5   |   12   |  1029  |  1796  |
|   Memory  |    -   |    -   |    -   |    -   |
|Multiplexer|    -   |    1   |    -   |   18   |
|  Register |    -   |    -   |   32   |    -   |
+-----------+--------+--------+--------+--------+
|   Total   |    5   |   13   |  1061  |  1814  |
+-----------+--------+--------+--------+--------+
