

================================================================
== Vitis HLS Report for 'Axi2Mat_Block_split15_proc'
================================================================
* Date:           Thu Mar 25 14:57:21 2021

* Version:        2020.1.1 (Build 2960000 on Wed Aug 05 23:18:37 MDT 2020)
* Project:        cornerTracker
* Solution:       solution (Vitis Kernel Flow Target)
* Product family: zynquplus
* Target device:  xczu7ev-ffvc1156-2-e


================================================================
== Performance Estimates
================================================================
+ Timing: 
    * Summary: 
    +--------+---------+----------+------------+
    |  Clock |  Target | Estimated| Uncertainty|
    +--------+---------+----------+------------+
    |ap_clk  | 6.67 ns |   0 ns   |   1.80 ns  |
    +--------+---------+----------+------------+

+ Latency: 
    * Summary: 
    +---------+---------+----------+----------+-----+-----+---------+
    |  Latency (cycles) |  Latency (absolute) |  Interval | Pipeline|
    |   min   |   max   |    min   |    max   | min | max |   Type  |
    +---------+---------+----------+----------+-----+-----+---------+
    |        0|        0|   0 ns   |   0 ns   |    0|    0|   none  |
    +---------+---------+----------+----------+-----+-----+---------+

    + Detail: 
        * Instance: 
        N/A

        * Loop: 
        N/A



================================================================
== Utilization Estimates
================================================================
* Summary: 
+-----------------+---------+------+--------+--------+-----+
|       Name      | BRAM_18K|  DSP |   FF   |   LUT  | URAM|
+-----------------+---------+------+--------+--------+-----+
|DSP              |        -|     -|       -|       -|    -|
|Expression       |        -|     -|       0|       2|    -|
|FIFO             |        -|     -|       -|       -|    -|
|Instance         |        -|     -|       -|       -|    -|
|Memory           |        -|     -|       -|       -|    -|
|Multiplexer      |        -|     -|       -|      18|    -|
|Register         |        -|     -|      22|       -|    -|
+-----------------+---------+------+--------+--------+-----+
|Total            |        0|     0|      22|      20|    0|
+-----------------+---------+------+--------+--------+-----+
|Available        |      624|  1728|  460800|  230400|   96|
+-----------------+---------+------+--------+--------+-----+
|Utilization (%)  |        0|     0|   ~0   |   ~0   |    0|
+-----------------+---------+------+--------+--------+-----+

+ Detail: 
    * Instance: 
    N/A

    * DSP: 
    N/A

    * Memory: 
    N/A

    * FIFO: 
    N/A

    * Expression: 
    +-----------------+----------+----+---+----+------------+------------+
    |  Variable Name  | Operation| DSP| FF| LUT| Bitwidth P0| Bitwidth P1|
    +-----------------+----------+----+---+----+------------+------------+
    |ap_block_state1  |    or    |   0|  0|   2|           1|           1|
    +-----------------+----------+----+---+----+------------+------------+
    |Total            |          |   0|  0|   2|           1|           1|
    +-----------------+----------+----+---+----+------------+------------+

    * Multiplexer: 
    +-----------+----+-----------+-----+-----------+
    |    Name   | LUT| Input Size| Bits| Total Bits|
    +-----------+----+-----------+-----+-----------+
    |ap_done    |   9|          2|    1|          2|
    |ap_return  |   9|          2|   20|         40|
    +-----------+----+-----------+-----+-----------+
    |Total      |  18|          4|   21|         42|
    +-----------+----+-----------+-----+-----------+

    * Register: 
    +----------------+----+----+-----+-----------+
    |      Name      | FF | LUT| Bits| Const Bits|
    +----------------+----+----+-----+-----------+
    |ap_CS_fsm       |   1|   0|    1|          0|
    |ap_done_reg     |   1|   0|    1|          0|
    |ap_return_preg  |  20|   0|   20|          0|
    +----------------+----+----+-----+-----------+
    |Total           |  22|   0|   22|          0|
    +----------------+----+----+-----+-----------+



================================================================
== Interface
================================================================
* Summary: 
+--------------+-----+-----+------------+-----------------------------+--------------+
|   RTL Ports  | Dir | Bits|  Protocol  |        Source Object        |    C Type    |
+--------------+-----+-----+------------+-----------------------------+--------------+
|ap_clk        |  in |    1| ap_ctrl_hs | Axi2Mat_Block_.split15_proc | return value |
|ap_rst        |  in |    1| ap_ctrl_hs | Axi2Mat_Block_.split15_proc | return value |
|ap_start      |  in |    1| ap_ctrl_hs | Axi2Mat_Block_.split15_proc | return value |
|ap_done       | out |    1| ap_ctrl_hs | Axi2Mat_Block_.split15_proc | return value |
|ap_continue   |  in |    1| ap_ctrl_hs | Axi2Mat_Block_.split15_proc | return value |
|ap_idle       | out |    1| ap_ctrl_hs | Axi2Mat_Block_.split15_proc | return value |
|ap_ready      | out |    1| ap_ctrl_hs | Axi2Mat_Block_.split15_proc | return value |
|ap_return     | out |   20| ap_ctrl_hs | Axi2Mat_Block_.split15_proc | return value |
|axibound_V_1  |  in |   20|   ap_none  |         axibound_V_1        |    pointer   |
+--------------+-----+-----+------------+-----------------------------+--------------+

