

================================================================
== Vitis HLS Report for 'AxiStream2MatStream'
================================================================
* Date:           Thu Mar 25 14:57:21 2021

* Version:        2020.1.1 (Build 2960000 on Wed Aug 05 23:18:37 MDT 2020)
* Project:        cornerTracker
* Solution:       solution (Vitis Kernel Flow Target)
* Product family: zynquplus
* Target device:  xczu7ev-ffvc1156-2-e


================================================================
== Performance Estimates
================================================================
+ Timing: 
    * Summary: 
    +--------+---------+----------+------------+
    |  Clock |  Target | Estimated| Uncertainty|
    +--------+---------+----------+------------+
    |ap_clk  | 6.67 ns | 5.113 ns |   1.80 ns  |
    +--------+---------+----------+------------+

+ Latency: 
    * Summary: 
    +---------+---------+-----------+-----------+-----+---------+---------+
    |  Latency (cycles) |   Latency (absolute)  |    Interval   | Pipeline|
    |   min   |   max   |    min    |    max    | min |   max   |   Type  |
    +---------+---------+-----------+-----------+-----+---------+---------+
    |        7|  2073606| 46.669 ns | 13.825 ms |    7|  2073606|   none  |
    +---------+---------+-----------+-----------+-----+---------+---------+

    + Detail: 
        * Instance: 
        N/A

        * Loop: 
        +-------------------+---------+---------+----------+-----------+-----------+-------------+----------+
        |                   |  Latency (cycles) | Iteration|  Initiation Interval  |     Trip    |          |
        |     Loop Name     |   min   |   max   |  Latency |  achieved |   target  |    Count    | Pipelined|
        +-------------------+---------+---------+----------+-----------+-----------+-------------+----------+
        |- MMIterInLoopRow  |        2|  2073601|         3|          1|          1| 1 ~ 2073600 |    yes   |
        +-------------------+---------+---------+----------+-----------+-----------+-------------+----------+



================================================================
== Utilization Estimates
================================================================
* Summary: 
+-----------------+---------+------+--------+--------+-----+
|       Name      | BRAM_18K|  DSP |   FF   |   LUT  | URAM|
+-----------------+---------+------+--------+--------+-----+
|DSP              |        -|     1|       -|       -|    -|
|Expression       |        -|     -|       0|    1485|    -|
|FIFO             |        -|     -|       -|       -|    -|
|Instance         |        -|     -|       -|       -|    -|
|Memory           |        -|     -|       -|       -|    -|
|Multiplexer      |        -|     -|       -|     167|    -|
|Register         |        -|     -|     352|       -|    -|
+-----------------+---------+------+--------+--------+-----+
|Total            |        0|     1|     352|    1652|    0|
+-----------------+---------+------+--------+--------+-----+
|Available        |      624|  1728|  460800|  230400|   96|
+-----------------+---------+------+--------+--------+-----+
|Utilization (%)  |        0|  ~0  |   ~0   |   ~0   |    0|
+-----------------+---------+------+--------+--------+-----+

+ Detail: 
    * Instance: 
    N/A

    * DSP: 
    +------------------------------+--------------------------+-----------+
    |           Instance           |          Module          | Expression|
    +------------------------------+--------------------------+-----------+
    |mul_mul_11ns_11ns_22_4_1_U38  |mul_mul_11ns_11ns_22_4_1  |  i0 * i1  |
    +------------------------------+--------------------------+-----------+

    * Memory: 
    N/A

    * FIFO: 
    N/A

    * Expression: 
    +----------------------------------+----------+----+---+----+------------+------------+
    |           Variable Name          | Operation| DSP| FF| LUT| Bitwidth P0| Bitwidth P1|
    +----------------------------------+----------+----+---+----+------------+------------+
    |add_ln1054_fu_500_p2              |     +    |   0|  0|  15|           2|           5|
    |add_ln1057_fu_212_p2              |     +    |   0|  0|  15|           6|           5|
    |add_ln1061_fu_287_p2              |     +    |   0|  0|  39|          32|           1|
    |add_ln674_1_fu_523_p2             |     +    |   0|  0|  13|           5|           6|
    |add_ln674_fu_442_p2               |     +    |   0|  0|  15|           6|           6|
    |i_1_fu_223_p2                     |     +    |   0|  0|  29|          22|           1|
    |rem_1_fu_276_p2                   |     +    |   0|  0|  39|          32|          32|
    |sub_i_fu_196_p2                   |     +    |   0|  0|  19|          12|           2|
    |grp_fu_167_p2                     |     -    |   0|  0|  39|           6|          32|
    |rem_2_fu_265_p2                   |     -    |   0|  0|  39|          32|          32|
    |sub2_i_fu_206_p2                  |     -    |   0|  0|  15|           7|           6|
    |sub_ln1057_fu_317_p2              |     -    |   0|  0|  39|          32|          32|
    |sub_ln414_1_fu_561_p2             |     -    |   0|  0|  12|           3|           4|
    |sub_ln414_2_fu_583_p2             |     -    |   0|  0|  12|           3|           4|
    |sub_ln414_fu_641_p2               |     -    |   0|  0|  15|           5|           4|
    |sub_ln674_1_fu_454_p2             |     -    |   0|  0|  15|           5|           6|
    |sub_ln674_2_fu_484_p2             |     -    |   0|  0|  15|           5|           6|
    |sub_ln674_3_fu_517_p2             |     -    |   0|  0|  13|           6|           6|
    |sub_ln674_4_fu_346_p2             |     -    |   0|  0|  15|           6|           6|
    |sub_ln674_5_fu_352_p2             |     -    |   0|  0|  15|           5|           6|
    |sub_ln674_6_fu_358_p2             |     -    |   0|  0|  15|           6|           6|
    |sub_ln674_7_fu_388_p2             |     -    |   0|  0|  15|           5|           6|
    |sub_ln674_fu_448_p2               |     -    |   0|  0|  15|           5|           6|
    |and_ln414_1_fu_720_p2             |    and   |   0|  0|   8|           8|           8|
    |and_ln414_2_fu_726_p2             |    and   |   0|  0|   8|           8|           8|
    |and_ln414_fu_708_p2               |    and   |   0|  0|   8|           8|           8|
    |ap_block_state6_pp0_stage0_iter1  |    and   |   0|  0|   2|           1|           1|
    |ap_block_state7_pp0_stage0_iter2  |    and   |   0|  0|   2|           1|           1|
    |ap_predicate_op93_read_state6     |    and   |   0|  0|   2|           1|           1|
    |p_Result_5_fu_656_p2              |    and   |   0|  0|   8|           8|           8|
    |p_Result_6_fu_539_p2              |    and   |   0|  0|  32|          32|          32|
    |p_Result_8_fu_613_p2              |    and   |   0|  0|  32|          32|          32|
    |p_Result_s_fu_632_p2              |    and   |   0|  0|  32|          32|          32|
    |bLast_fu_232_p2                   |   icmp   |   0|  0|  20|          32|          32|
    |icmp_ln1038_fu_218_p2             |   icmp   |   0|  0|  20|          22|          22|
    |icmp_ln1049_fu_259_p2             |   icmp   |   0|  0|  20|          32|          32|
    |icmp_ln1050_fu_404_p2             |   icmp   |   0|  0|  20|          32|           1|
    |icmp_ln414_fu_549_p2              |   icmp   |   0|  0|  20|          32|          32|
    |icmp_ln674_1_fu_322_p2            |   icmp   |   0|  0|  20|          32|          32|
    |icmp_ln674_fu_422_p2              |   icmp   |   0|  0|  20|          27|           1|
    |lshr_ln414_1_fu_702_p2            |   lshr   |   0|  0|  16|           2|           8|
    |lshr_ln414_fu_650_p2              |   lshr   |   0|  0|  16|           2|           8|
    |lshr_ln674_1_fu_626_p2            |   lshr   |   0|  0|  97|           2|          32|
    |lshr_ln674_2_fu_533_p2            |   lshr   |   0|  0|  97|           2|          32|
    |lshr_ln674_3_fu_398_p2            |   lshr   |   0|  0|  97|          32|          32|
    |lshr_ln674_4_fu_607_p2            |   lshr   |   0|  0|  97|           2|          32|
    |lshr_ln674_fu_494_p2              |   lshr   |   0|  0|  97|          32|          32|
    |ap_block_pp0_stage0_01001         |    or    |   0|  0|   2|           1|           1|
    |ap_block_state1                   |    or    |   0|  0|   2|           1|           1|
    |p_Result_7_fu_732_p2              |    or    |   0|  0|   8|           8|           8|
    |j_2_fu_293_p3                     |  select  |   0|  0|  32|           1|           1|
    |p_Val2_6_fu_662_p3                |  select  |   0|  0|   8|           1|           1|
    |ptr_width_minus_fu_248_p3         |  select  |   0|  0|   6|           1|           6|
    |select_ln1057_fu_307_p3           |  select  |   0|  0|   6|           1|           6|
    |select_ln414_1_fu_669_p3          |  select  |   0|  0|   4|           1|           4|
    |select_ln414_2_fu_575_p3          |  select  |   0|  0|   4|           1|           4|
    |select_ln414_3_fu_690_p3          |  select  |   0|  0|   8|           1|           8|
    |select_ln414_fu_567_p3            |  select  |   0|  0|   4|           1|           4|
    |select_ln674_1_fu_468_p3          |  select  |   0|  0|  32|           1|          32|
    |select_ln674_2_fu_476_p3          |  select  |   0|  0|   6|           1|           6|
    |select_ln674_3_fu_364_p3          |  select  |   0|  0|   6|           1|           6|
    |select_ln674_4_fu_372_p3          |  select  |   0|  0|  32|           1|          32|
    |select_ln674_5_fu_380_p3          |  select  |   0|  0|   6|           1|           6|
    |select_ln674_fu_460_p3            |  select  |   0|  0|   6|           1|           6|
    |xf_bits_per_clock_fu_237_p3       |  select  |   0|  0|   5|           1|           4|
    |shl_ln414_1_fu_696_p2             |    shl   |   0|  0|  16|           2|           8|
    |shl_ln414_fu_593_p2               |    shl   |   0|  0|  16|           8|           8|
    |ap_enable_pp0                     |    xor   |   0|  0|   2|           1|           2|
    |ap_enable_reg_pp0_iter1           |    xor   |   0|  0|   2|           2|           1|
    |xor_ln414_fu_714_p2               |    xor   |   0|  0|   8|           2|           8|
    +----------------------------------+----------+----+---+----+------------+------------+
    |Total                             |          |   0|  0|1485|         702|         842|
    +----------------------------------+----------+----+---+----+------------+------------+

    * Multiplexer: 
    +--------------------------------+----+-----------+-----+-----------+
    |              Name              | LUT| Input Size| Bits| Total Bits|
    +--------------------------------+----+-----------+-----+-----------+
    |ap_NS_fsm                       |  38|          7|    1|          7|
    |ap_done                         |   9|          2|    1|          2|
    |ap_enable_reg_pp0_iter1         |   9|          2|    1|          2|
    |ap_enable_reg_pp0_iter2         |   9|          2|    1|          2|
    |ap_phi_mux_empty_phi_fu_160_p4  |  15|          3|    8|         24|
    |cols_bound_per_npc_blk_n        |   9|          2|    1|          2|
    |i_reg_146                       |   9|          2|   22|         44|
    |in_harris_mat_419_blk_n         |   9|          2|    1|          2|
    |j_reg_135                       |   9|          2|   32|         64|
    |last_blk_width_blk_n            |   9|          2|    1|          2|
    |ldata1_blk_n                    |   9|          2|    1|          2|
    |p_Val2_s_fu_100                 |   9|          2|   32|         64|
    |rem_fu_96                       |  15|          3|   32|         96|
    |rows_blk_n                      |   9|          2|    1|          2|
    +--------------------------------+----+-----------+-----+-----------+
    |Total                           | 167|         35|  135|        315|
    +--------------------------------+----+-----------+-----+-----------+

    * Register: 
    +-----------------------------------+----+----+-----+-----------+
    |                Name               | FF | LUT| Bits| Const Bits|
    +-----------------------------------+----+----+-----+-----------+
    |add_ln1057_reg_791                 |   6|   0|    6|          0|
    |ap_CS_fsm                          |   6|   0|    6|          0|
    |ap_done_reg                        |   1|   0|    1|          0|
    |ap_enable_reg_pp0_iter0            |   1|   0|    1|          0|
    |ap_enable_reg_pp0_iter1            |   1|   0|    1|          0|
    |ap_enable_reg_pp0_iter2            |   1|   0|    1|          0|
    |bLast_reg_821                      |   1|   0|    1|          0|
    |cols_bound_per_npc_1_reg_760       |  11|   0|   11|          0|
    |i_reg_146                          |  22|   0|   22|          0|
    |icmp_ln1038_reg_801                |   1|   0|    1|          0|
    |icmp_ln1038_reg_801_pp0_iter1_reg  |   1|   0|    1|          0|
    |icmp_ln1049_reg_831                |   1|   0|    1|          0|
    |icmp_ln1049_reg_831_pp0_iter1_reg  |   1|   0|    1|          0|
    |icmp_ln1050_reg_850                |   1|   0|    1|          0|
    |icmp_ln414_reg_870                 |   1|   0|    1|          0|
    |j_reg_135                          |  32|   0|   32|          0|
    |last_blk_width_1_reg_765           |   4|   0|    4|          0|
    |lshr_ln674_3_reg_845               |  32|   0|   32|          0|
    |lshr_ln674_reg_865                 |  32|   0|   32|          0|
    |mul_ln1038_reg_796                 |  22|   0|   22|          0|
    |p_Val2_s_fu_100                    |  32|   0|   32|          0|
    |rem_fu_96                          |  32|   0|   32|          0|
    |rem_load_reg_810                   |  32|   0|   32|          0|
    |shl_ln414_reg_891                  |   8|   0|    8|          0|
    |sub2_i_reg_786                     |   6|   0|    6|          0|
    |sub_cast_i_reg_781                 |  32|   0|   32|          0|
    |sub_ln414_2_reg_886                |   4|   0|    4|          0|
    |sub_ln674_2_reg_860                |   6|   0|    6|          0|
    |sub_ln674_7_reg_840                |   6|   0|    6|          0|
    |trunc_ln1051_reg_855               |   4|   0|    4|          0|
    |trunc_ln414_1_reg_881              |   4|   0|    4|          0|
    |trunc_ln414_reg_876                |   4|   0|    4|          0|
    |xf_bits_per_clock_reg_826          |   4|   0|    4|          0|
    +-----------------------------------+----+----+-----+-----------+
    |Total                              | 352|   0|  352|          0|
    +-----------------------------------+----+----+-----+-----------+



================================================================
== Interface
================================================================
* Summary: 
+----------------------------+-----+-----+------------+---------------------+--------------+
|          RTL Ports         | Dir | Bits|  Protocol  |    Source Object    |    C Type    |
+----------------------------+-----+-----+------------+---------------------+--------------+
|ap_clk                      |  in |    1| ap_ctrl_hs | AxiStream2MatStream | return value |
|ap_rst                      |  in |    1| ap_ctrl_hs | AxiStream2MatStream | return value |
|ap_start                    |  in |    1| ap_ctrl_hs | AxiStream2MatStream | return value |
|ap_done                     | out |    1| ap_ctrl_hs | AxiStream2MatStream | return value |
|ap_continue                 |  in |    1| ap_ctrl_hs | AxiStream2MatStream | return value |
|ap_idle                     | out |    1| ap_ctrl_hs | AxiStream2MatStream | return value |
|ap_ready                    | out |    1| ap_ctrl_hs | AxiStream2MatStream | return value |
|ldata1_dout                 |  in |   32|   ap_fifo  |        ldata1       |    pointer   |
|ldata1_empty_n              |  in |    1|   ap_fifo  |        ldata1       |    pointer   |
|ldata1_read                 | out |    1|   ap_fifo  |        ldata1       |    pointer   |
|in_harris_mat_419_din       | out |    8|   ap_fifo  |  in_harris_mat_419  |    pointer   |
|in_harris_mat_419_full_n    |  in |    1|   ap_fifo  |  in_harris_mat_419  |    pointer   |
|in_harris_mat_419_write     | out |    1|   ap_fifo  |  in_harris_mat_419  |    pointer   |
|rows_dout                   |  in |   11|   ap_fifo  |         rows        |    pointer   |
|rows_empty_n                |  in |    1|   ap_fifo  |         rows        |    pointer   |
|rows_read                   | out |    1|   ap_fifo  |         rows        |    pointer   |
|cols_bound_per_npc_dout     |  in |   11|   ap_fifo  |  cols_bound_per_npc |    pointer   |
|cols_bound_per_npc_empty_n  |  in |    1|   ap_fifo  |  cols_bound_per_npc |    pointer   |
|cols_bound_per_npc_read     | out |    1|   ap_fifo  |  cols_bound_per_npc |    pointer   |
|last_blk_width_dout         |  in |    4|   ap_fifo  |    last_blk_width   |    pointer   |
|last_blk_width_empty_n      |  in |    1|   ap_fifo  |    last_blk_width   |    pointer   |
|last_blk_width_read         | out |    1|   ap_fifo  |    last_blk_width   |    pointer   |
+----------------------------+-----+-----+------------+---------------------+--------------+

