

================================================================
== Vitis HLS Report for 'boxFilter_0_3_2_1080_1920_1_false_26'
================================================================
* Date:           Thu Mar 25 14:57:23 2021

* Version:        2020.1.1 (Build 2960000 on Wed Aug 05 23:18:37 MDT 2020)
* Project:        cornerTracker
* Solution:       solution (Vitis Kernel Flow Target)
* Product family: zynquplus
* Target device:  xczu7ev-ffvc1156-2-e


================================================================
== Performance Estimates
================================================================
+ Timing: 
    * Summary: 
    +--------+---------+----------+------------+
    |  Clock |  Target | Estimated| Uncertainty|
    +--------+---------+----------+------------+
    |ap_clk  | 6.67 ns | 4.048 ns |   1.80 ns  |
    +--------+---------+----------+------------+

+ Latency: 
    * Summary: 
    +---------+---------+-----------+-----------+---------+---------+---------+
    |  Latency (cycles) |   Latency (absolute)  |      Interval     | Pipeline|
    |   min   |   max   |    min    |    max    |   min   |   max   |   Type  |
    +---------+---------+-----------+-----------+---------+---------+---------+
    |  2092804|  2092804| 13.953 ms | 13.953 ms |  2092804|  2092804|   none  |
    +---------+---------+-----------+-----------+---------+---------+---------+

    + Detail: 
        * Instance: 
        +-----------------------------------------------------------+-------------------------------------------------+---------+---------+-----------+-----------+---------+---------+---------+
        |                                                           |                                                 |  Latency (cycles) |   Latency (absolute)  |      Interval     | Pipeline|
        |                          Instance                         |                      Module                     |   min   |   max   |    min    |    max    |   min   |   max   |   Type  |
        +-----------------------------------------------------------+-------------------------------------------------+---------+---------+-----------+-----------+---------+---------+---------+
        |grp_xFBoxFilter3x3_2_1080_1920_3_1_5_5_1920_false_s_fu_42  |xFBoxFilter3x3_2_1080_1920_3_1_5_5_1920_false_s  |  2092803|  2092803| 13.953 ms | 13.953 ms |  2092803|  2092803|   none  |
        +-----------------------------------------------------------+-------------------------------------------------+---------+---------+-----------+-----------+---------+---------+---------+

        * Loop: 
        N/A



================================================================
== Utilization Estimates
================================================================
* Summary: 
+-----------------+---------+------+--------+--------+-----+
|       Name      | BRAM_18K|  DSP |   FF   |   LUT  | URAM|
+-----------------+---------+------+--------+--------+-----+
|DSP              |        -|     -|       -|       -|    -|
|Expression       |        -|     -|       0|       2|    -|
|FIFO             |        -|     -|       -|       -|    -|
|Instance         |        6|     1|     823|    1076|    -|
|Memory           |        -|     -|       -|       -|    -|
|Multiplexer      |        -|     -|       -|      60|    -|
|Register         |        -|     -|      26|       -|    -|
+-----------------+---------+------+--------+--------+-----+
|Total            |        6|     1|     849|    1138|    0|
+-----------------+---------+------+--------+--------+-----+
|Available        |      624|  1728|  460800|  230400|   96|
+-----------------+---------+------+--------+--------+-----+
|Utilization (%)  |    ~0   |  ~0  |   ~0   |   ~0   |    0|
+-----------------+---------+------+--------+--------+-----+

+ Detail: 
    * Instance: 
    +-----------------------------------------------------------+-------------------------------------------------+---------+----+-----+------+-----+
    |                          Instance                         |                      Module                     | BRAM_18K| DSP|  FF |  LUT | URAM|
    +-----------------------------------------------------------+-------------------------------------------------+---------+----+-----+------+-----+
    |grp_xFBoxFilter3x3_2_1080_1920_3_1_5_5_1920_false_s_fu_42  |xFBoxFilter3x3_2_1080_1920_3_1_5_5_1920_false_s  |        6|   1|  823|  1076|    0|
    +-----------------------------------------------------------+-------------------------------------------------+---------+----+-----+------+-----+
    |Total                                                      |                                                 |        6|   1|  823|  1076|    0|
    +-----------------------------------------------------------+-------------------------------------------------+---------+----+-----+------+-----+

    * DSP: 
    N/A

    * Memory: 
    N/A

    * FIFO: 
    N/A

    * Expression: 
    +-----------------+----------+----+---+----+------------+------------+
    |  Variable Name  | Operation| DSP| FF| LUT| Bitwidth P0| Bitwidth P1|
    +-----------------+----------+----+---+----+------------+------------+
    |ap_block_state1  |    or    |   0|  0|   2|           1|           1|
    +-----------------+----------+----+---+----+------------+------------+
    |Total            |          |   0|  0|   2|           1|           1|
    +-----------------+----------+----+---+----+------------+------------+

    * Multiplexer: 
    +-------------------+----+-----------+-----+-----------+
    |        Name       | LUT| Input Size| Bits| Total Bits|
    +-------------------+----+-----------+-----+-----------+
    |ap_NS_fsm          |  15|          3|    1|          3|
    |ap_done            |   9|          2|    1|          2|
    |gradx2g_44_write   |   9|          2|    1|          2|
    |gradx_2_41_read    |   9|          2|    1|          2|
    |p_src_mat_1_blk_n  |   9|          2|    1|          2|
    |p_src_mat_2_blk_n  |   9|          2|    1|          2|
    +-------------------+----+-----------+-----+-----------+
    |Total              |  60|         13|    6|         13|
    +-------------------+----+-----------+-----+-----------+

    * Register: 
    +------------------------------------------------------------------------+----+----+-----+-----------+
    |                                  Name                                  | FF | LUT| Bits| Const Bits|
    +------------------------------------------------------------------------+----+----+-----+-----------+
    |ap_CS_fsm                                                               |   2|   0|    2|          0|
    |ap_done_reg                                                             |   1|   0|    1|          0|
    |grp_xFBoxFilter3x3_2_1080_1920_3_1_5_5_1920_false_s_fu_42_ap_start_reg  |   1|   0|    1|          0|
    |img_height_reg_59                                                       |  11|   0|   11|          0|
    |img_width_reg_54                                                        |  11|   0|   11|          0|
    +------------------------------------------------------------------------+----+----+-----+-----------+
    |Total                                                                   |  26|   0|   26|          0|
    +------------------------------------------------------------------------+----+----+-----+-----------+



================================================================
== Interface
================================================================
* Summary: 
+---------------------+-----+-----+------------+--------------------------------------------+--------------+
|      RTL Ports      | Dir | Bits|  Protocol  |                Source Object               |    C Type    |
+---------------------+-----+-----+------------+--------------------------------------------+--------------+
|ap_clk               |  in |    1| ap_ctrl_hs | boxFilter<0, 3, 2, 1080, 1920, 1, false>26 | return value |
|ap_rst               |  in |    1| ap_ctrl_hs | boxFilter<0, 3, 2, 1080, 1920, 1, false>26 | return value |
|ap_start             |  in |    1| ap_ctrl_hs | boxFilter<0, 3, 2, 1080, 1920, 1, false>26 | return value |
|ap_done              | out |    1| ap_ctrl_hs | boxFilter<0, 3, 2, 1080, 1920, 1, false>26 | return value |
|ap_continue          |  in |    1| ap_ctrl_hs | boxFilter<0, 3, 2, 1080, 1920, 1, false>26 | return value |
|ap_idle              | out |    1| ap_ctrl_hs | boxFilter<0, 3, 2, 1080, 1920, 1, false>26 | return value |
|ap_ready             | out |    1| ap_ctrl_hs | boxFilter<0, 3, 2, 1080, 1920, 1, false>26 | return value |
|gradx_2_41_dout      |  in |   16|   ap_fifo  |                 gradx_2_41                 |    pointer   |
|gradx_2_41_empty_n   |  in |    1|   ap_fifo  |                 gradx_2_41                 |    pointer   |
|gradx_2_41_read      | out |    1|   ap_fifo  |                 gradx_2_41                 |    pointer   |
|gradx2g_44_din       | out |   16|   ap_fifo  |                 gradx2g_44                 |    pointer   |
|gradx2g_44_full_n    |  in |    1|   ap_fifo  |                 gradx2g_44                 |    pointer   |
|gradx2g_44_write     | out |    1|   ap_fifo  |                 gradx2g_44                 |    pointer   |
|p_src_mat_1_dout     |  in |   11|   ap_fifo  |                 p_src_mat_1                |    pointer   |
|p_src_mat_1_empty_n  |  in |    1|   ap_fifo  |                 p_src_mat_1                |    pointer   |
|p_src_mat_1_read     | out |    1|   ap_fifo  |                 p_src_mat_1                |    pointer   |
|p_src_mat_2_dout     |  in |   11|   ap_fifo  |                 p_src_mat_2                |    pointer   |
|p_src_mat_2_empty_n  |  in |    1|   ap_fifo  |                 p_src_mat_2                |    pointer   |
|p_src_mat_2_read     | out |    1|   ap_fifo  |                 p_src_mat_2                |    pointer   |
+---------------------+-----+-----+------------+--------------------------------------------+--------------+

