

================================================================
== Vitis HLS Report for 'cornerTracker'
================================================================
* Date:           Thu Mar 25 14:57:27 2021

* Version:        2020.1.1 (Build 2960000 on Wed Aug 05 23:18:37 MDT 2020)
* Project:        cornerTracker
* Solution:       solution (Vitis Kernel Flow Target)
* Product family: zynquplus
* Target device:  xczu7ev-ffvc1156-2-e


================================================================
== Performance Estimates
================================================================
+ Timing: 
    * Summary: 
    +--------+---------+----------+------------+
    |  Clock |  Target | Estimated| Uncertainty|
    +--------+---------+----------+------------+
    |ap_clk  | 6.67 ns | 5.113 ns |   1.80 ns  |
    +--------+---------+----------+------------+

+ Latency: 
    * Summary: 
    +---------+---------+----------+----------+-----+-----+---------+
    |  Latency (cycles) |  Latency (absolute) |  Interval | Pipeline|
    |   min   |   max   |    min   |    max   | min | max |   Type  |
    +---------+---------+----------+----------+-----+-----+---------+
    |        ?|        ?|         ?|         ?|    ?|    ?|   none  |
    +---------+---------+----------+----------+-----+-----+---------+

    + Detail: 
        * Instance: 
        +----------------------+-----------+---------+---------+----------+----------+-----+-----+----------+
        |                      |           |  Latency (cycles) |  Latency (absolute) |  Interval | Pipeline |
        |       Instance       |   Module  |   min   |   max   |    min   |    max   | min | max |   Type   |
        +----------------------+-----------+---------+---------+----------+----------+-----+-----+----------+
        |grp_HarrisImg_fu_150  |HarrisImg  |        ?|        ?|         ?|         ?|    ?|    ?| dataflow |
        +----------------------+-----------+---------+---------+----------+----------+-----+-----+----------+

        * Loop: 
        N/A



================================================================
== Utilization Estimates
================================================================
* Summary: 
+-----------------+---------+------+--------+--------+-----+
|       Name      | BRAM_18K|  DSP |   FF   |   LUT  | URAM|
+-----------------+---------+------+--------+--------+-----+
|DSP              |        -|     -|       -|       -|    -|
|Expression       |        -|     -|       0|      58|    -|
|FIFO             |        -|     -|       -|       -|    -|
|Instance         |       45|    14|   14762|   19331|    -|
|Memory           |        -|     -|       -|       -|    -|
|Multiplexer      |        -|     -|       -|     749|    -|
|Register         |        -|     -|     569|       -|    -|
+-----------------+---------+------+--------+--------+-----+
|Total            |       45|    14|   15331|   20138|    0|
+-----------------+---------+------+--------+--------+-----+
|Available        |      624|  1728|  460800|  230400|   96|
+-----------------+---------+------+--------+--------+-----+
|Utilization (%)  |        7|  ~0  |       3|       8|    0|
+-----------------+---------+------+--------+--------+-----+

+ Detail: 
    * Instance: 
    +----------------------+---------------+---------+----+-------+-------+-----+
    |       Instance       |     Module    | BRAM_18K| DSP|   FF  |  LUT  | URAM|
    +----------------------+---------------+---------+----+-------+-------+-----+
    |grp_HarrisImg_fu_150  |HarrisImg      |       33|  14|  12803|  16832|    0|
    |control_s_axi_U       |control_s_axi  |        0|   0|    322|    552|    0|
    |gmem1_m_axi_U         |gmem1_m_axi    |        2|   0|    512|    580|    0|
    |gmem2_m_axi_U         |gmem2_m_axi    |        2|   0|    512|    580|    0|
    |gmem3_m_axi_U         |gmem3_m_axi    |        8|   0|    613|    787|    0|
    +----------------------+---------------+---------+----+-------+-------+-----+
    |Total                 |               |       45|  14|  14762|  19331|    0|
    +----------------------+---------------+---------+----+-------+-------+-----+

    * DSP: 
    N/A

    * Memory: 
    N/A

    * FIFO: 
    N/A

    * Expression: 
    +---------------------------------------+----------+----+---+----+------------+------------+
    |             Variable Name             | Operation| DSP| FF| LUT| Bitwidth P0| Bitwidth P1|
    +---------------------------------------+----------+----+---+----+------------+------------+
    |harris_flag_fu_224_p2                  |   icmp   |   0|  0|  20|          32|           1|
    |ap_block_state1                        |    or    |   0|  0|   2|           1|           1|
    |ap_sync_grp_HarrisImg_fu_150_ap_done   |    or    |   0|  0|   2|           1|           1|
    |ap_sync_grp_HarrisImg_fu_150_ap_ready  |    or    |   0|  0|   2|           1|           1|
    |num_corners_1_fu_232_p3                |  select  |   0|  0|  32|           1|          32|
    +---------------------------------------+----------+----+---+----+------------+------------+
    |Total                                  |          |   0|  0|  58|          36|          36|
    +---------------------------------------+----------+----+---+----+------------+------------+

    * Multiplexer: 
    +----------------+-----+-----------+-----+-----------+
    |      Name      | LUT | Input Size| Bits| Total Bits|
    +----------------+-----+-----------+-----+-----------+
    |ap_NS_fsm       |  641|        144|    1|        144|
    |ap_done         |    9|          2|    1|          2|
    |gmem1_ARVALID   |    9|          2|    1|          2|
    |gmem1_RREADY    |    9|          2|    1|          2|
    |gmem2_AWVALID   |    9|          2|    1|          2|
    |gmem2_BREADY    |    9|          2|    1|          2|
    |gmem2_WVALID    |    9|          2|    1|          2|
    |gmem3_blk_n_AR  |    9|          2|    1|          2|
    |gmem3_blk_n_AW  |    9|          2|    1|          2|
    |gmem3_blk_n_B   |    9|          2|    1|          2|
    |gmem3_blk_n_R   |    9|          2|    1|          2|
    |gmem3_blk_n_W   |    9|          2|    1|          2|
    |nCorners_fu_94  |    9|          2|   32|         64|
    +----------------+-----+-----------+-----+-----------+
    |Total           |  749|        168|   44|        230|
    +----------------+-----+-----------+-----+-----------+

    * Register: 
    +-------------------------------------------+-----+----+-----+-----------+
    |                    Name                   |  FF | LUT| Bits| Const Bits|
    +-------------------------------------------+-----+----+-----+-----------+
    |Thresh_reg_286                             |   16|   0|   16|          0|
    |ap_CS_fsm                                  |  143|   0|  143|          0|
    |ap_done_reg                                |    1|   0|    1|          0|
    |ap_rst_n_inv                               |    1|   0|    1|          0|
    |ap_rst_reg_1                               |    1|   0|    1|          0|
    |ap_rst_reg_2                               |    1|   0|    1|          0|
    |ap_sync_reg_grp_HarrisImg_fu_150_ap_done   |    1|   0|    1|          0|
    |ap_sync_reg_grp_HarrisImg_fu_150_ap_ready  |    1|   0|    1|          0|
    |empty_114_reg_276                          |   11|   0|   11|          0|
    |empty_reg_271                              |   11|   0|   11|          0|
    |gmem3_addr_reg_264                         |   64|   0|   64|          0|
    |grp_HarrisImg_fu_150_ap_start_reg          |    1|   0|    1|          0|
    |harris_flag_reg_296                        |    1|   0|    1|          0|
    |inHarris_read_reg_247                      |   64|   0|   64|          0|
    |list_read_reg_242                          |   64|   0|   64|          0|
    |nCorners_fu_94                             |   32|   0|   32|          0|
    |num_corners_1_reg_301                      |   32|   0|   32|          0|
    |num_corners_reg_281                        |   32|   0|   32|          0|
    |trunc_ln37_1_reg_259                       |   60|   0|   60|          0|
    |trunc_ln37_2_reg_291                       |   32|   0|   32|          0|
    +-------------------------------------------+-----+----+-----+-----------+
    |Total                                      |  569|   0|  569|          0|
    +-------------------------------------------+-----+----+-----+-----------+



================================================================
== Interface
================================================================
* Summary: 
+-----------------------+-----+-----+---------------+---------------+--------------+
|       RTL Ports       | Dir | Bits|    Protocol   | Source Object |    C Type    |
+-----------------------+-----+-----+---------------+---------------+--------------+
|s_axi_control_AWVALID  |  in |    1|     s_axi     |    control    |  return void |
|s_axi_control_AWREADY  | out |    1|     s_axi     |    control    |  return void |
|s_axi_control_AWADDR   |  in |    7|     s_axi     |    control    |  return void |
|s_axi_control_WVALID   |  in |    1|     s_axi     |    control    |  return void |
|s_axi_control_WREADY   | out |    1|     s_axi     |    control    |  return void |
|s_axi_control_WDATA    |  in |   32|     s_axi     |    control    |  return void |
|s_axi_control_WSTRB    |  in |    4|     s_axi     |    control    |  return void |
|s_axi_control_ARVALID  |  in |    1|     s_axi     |    control    |  return void |
|s_axi_control_ARREADY  | out |    1|     s_axi     |    control    |  return void |
|s_axi_control_ARADDR   |  in |    7|     s_axi     |    control    |  return void |
|s_axi_control_RVALID   | out |    1|     s_axi     |    control    |  return void |
|s_axi_control_RREADY   |  in |    1|     s_axi     |    control    |  return void |
|s_axi_control_RDATA    | out |   32|     s_axi     |    control    |  return void |
|s_axi_control_RRESP    | out |    2|     s_axi     |    control    |  return void |
|s_axi_control_BVALID   | out |    1|     s_axi     |    control    |  return void |
|s_axi_control_BREADY   |  in |    1|     s_axi     |    control    |  return void |
|s_axi_control_BRESP    | out |    2|     s_axi     |    control    |  return void |
|ap_clk                 |  in |    1| ap_ctrl_chain | cornerTracker | return value |
|ap_rst_n               |  in |    1| ap_ctrl_chain | cornerTracker | return value |
|interrupt              | out |    1| ap_ctrl_chain | cornerTracker | return value |
|m_axi_gmem1_AWVALID    | out |    1|     m_axi     |     gmem1     |    pointer   |
|m_axi_gmem1_AWREADY    |  in |    1|     m_axi     |     gmem1     |    pointer   |
|m_axi_gmem1_AWADDR     | out |   64|     m_axi     |     gmem1     |    pointer   |
|m_axi_gmem1_AWID       | out |    1|     m_axi     |     gmem1     |    pointer   |
|m_axi_gmem1_AWLEN      | out |    8|     m_axi     |     gmem1     |    pointer   |
|m_axi_gmem1_AWSIZE     | out |    3|     m_axi     |     gmem1     |    pointer   |
|m_axi_gmem1_AWBURST    | out |    2|     m_axi     |     gmem1     |    pointer   |
|m_axi_gmem1_AWLOCK     | out |    2|     m_axi     |     gmem1     |    pointer   |
|m_axi_gmem1_AWCACHE    | out |    4|     m_axi     |     gmem1     |    pointer   |
|m_axi_gmem1_AWPROT     | out |    3|     m_axi     |     gmem1     |    pointer   |
|m_axi_gmem1_AWQOS      | out |    4|     m_axi     |     gmem1     |    pointer   |
|m_axi_gmem1_AWREGION   | out |    4|     m_axi     |     gmem1     |    pointer   |
|m_axi_gmem1_AWUSER     | out |    1|     m_axi     |     gmem1     |    pointer   |
|m_axi_gmem1_WVALID     | out |    1|     m_axi     |     gmem1     |    pointer   |
|m_axi_gmem1_WREADY     |  in |    1|     m_axi     |     gmem1     |    pointer   |
|m_axi_gmem1_WDATA      | out |   32|     m_axi     |     gmem1     |    pointer   |
|m_axi_gmem1_WSTRB      | out |    4|     m_axi     |     gmem1     |    pointer   |
|m_axi_gmem1_WLAST      | out |    1|     m_axi     |     gmem1     |    pointer   |
|m_axi_gmem1_WID        | out |    1|     m_axi     |     gmem1     |    pointer   |
|m_axi_gmem1_WUSER      | out |    1|     m_axi     |     gmem1     |    pointer   |
|m_axi_gmem1_ARVALID    | out |    1|     m_axi     |     gmem1     |    pointer   |
|m_axi_gmem1_ARREADY    |  in |    1|     m_axi     |     gmem1     |    pointer   |
|m_axi_gmem1_ARADDR     | out |   64|     m_axi     |     gmem1     |    pointer   |
|m_axi_gmem1_ARID       | out |    1|     m_axi     |     gmem1     |    pointer   |
|m_axi_gmem1_ARLEN      | out |    8|     m_axi     |     gmem1     |    pointer   |
|m_axi_gmem1_ARSIZE     | out |    3|     m_axi     |     gmem1     |    pointer   |
|m_axi_gmem1_ARBURST    | out |    2|     m_axi     |     gmem1     |    pointer   |
|m_axi_gmem1_ARLOCK     | out |    2|     m_axi     |     gmem1     |    pointer   |
|m_axi_gmem1_ARCACHE    | out |    4|     m_axi     |     gmem1     |    pointer   |
|m_axi_gmem1_ARPROT     | out |    3|     m_axi     |     gmem1     |    pointer   |
|m_axi_gmem1_ARQOS      | out |    4|     m_axi     |     gmem1     |    pointer   |
|m_axi_gmem1_ARREGION   | out |    4|     m_axi     |     gmem1     |    pointer   |
|m_axi_gmem1_ARUSER     | out |    1|     m_axi     |     gmem1     |    pointer   |
|m_axi_gmem1_RVALID     |  in |    1|     m_axi     |     gmem1     |    pointer   |
|m_axi_gmem1_RREADY     | out |    1|     m_axi     |     gmem1     |    pointer   |
|m_axi_gmem1_RDATA      |  in |   32|     m_axi     |     gmem1     |    pointer   |
|m_axi_gmem1_RLAST      |  in |    1|     m_axi     |     gmem1     |    pointer   |
|m_axi_gmem1_RID        |  in |    1|     m_axi     |     gmem1     |    pointer   |
|m_axi_gmem1_RUSER      |  in |    1|     m_axi     |     gmem1     |    pointer   |
|m_axi_gmem1_RRESP      |  in |    2|     m_axi     |     gmem1     |    pointer   |
|m_axi_gmem1_BVALID     |  in |    1|     m_axi     |     gmem1     |    pointer   |
|m_axi_gmem1_BREADY     | out |    1|     m_axi     |     gmem1     |    pointer   |
|m_axi_gmem1_BRESP      |  in |    2|     m_axi     |     gmem1     |    pointer   |
|m_axi_gmem1_BID        |  in |    1|     m_axi     |     gmem1     |    pointer   |
|m_axi_gmem1_BUSER      |  in |    1|     m_axi     |     gmem1     |    pointer   |
|m_axi_gmem2_AWVALID    | out |    1|     m_axi     |     gmem2     |    pointer   |
|m_axi_gmem2_AWREADY    |  in |    1|     m_axi     |     gmem2     |    pointer   |
|m_axi_gmem2_AWADDR     | out |   64|     m_axi     |     gmem2     |    pointer   |
|m_axi_gmem2_AWID       | out |    1|     m_axi     |     gmem2     |    pointer   |
|m_axi_gmem2_AWLEN      | out |    8|     m_axi     |     gmem2     |    pointer   |
|m_axi_gmem2_AWSIZE     | out |    3|     m_axi     |     gmem2     |    pointer   |
|m_axi_gmem2_AWBURST    | out |    2|     m_axi     |     gmem2     |    pointer   |
|m_axi_gmem2_AWLOCK     | out |    2|     m_axi     |     gmem2     |    pointer   |
|m_axi_gmem2_AWCACHE    | out |    4|     m_axi     |     gmem2     |    pointer   |
|m_axi_gmem2_AWPROT     | out |    3|     m_axi     |     gmem2     |    pointer   |
|m_axi_gmem2_AWQOS      | out |    4|     m_axi     |     gmem2     |    pointer   |
|m_axi_gmem2_AWREGION   | out |    4|     m_axi     |     gmem2     |    pointer   |
|m_axi_gmem2_AWUSER     | out |    1|     m_axi     |     gmem2     |    pointer   |
|m_axi_gmem2_WVALID     | out |    1|     m_axi     |     gmem2     |    pointer   |
|m_axi_gmem2_WREADY     |  in |    1|     m_axi     |     gmem2     |    pointer   |
|m_axi_gmem2_WDATA      | out |   32|     m_axi     |     gmem2     |    pointer   |
|m_axi_gmem2_WSTRB      | out |    4|     m_axi     |     gmem2     |    pointer   |
|m_axi_gmem2_WLAST      | out |    1|     m_axi     |     gmem2     |    pointer   |
|m_axi_gmem2_WID        | out |    1|     m_axi     |     gmem2     |    pointer   |
|m_axi_gmem2_WUSER      | out |    1|     m_axi     |     gmem2     |    pointer   |
|m_axi_gmem2_ARVALID    | out |    1|     m_axi     |     gmem2     |    pointer   |
|m_axi_gmem2_ARREADY    |  in |    1|     m_axi     |     gmem2     |    pointer   |
|m_axi_gmem2_ARADDR     | out |   64|     m_axi     |     gmem2     |    pointer   |
|m_axi_gmem2_ARID       | out |    1|     m_axi     |     gmem2     |    pointer   |
|m_axi_gmem2_ARLEN      | out |    8|     m_axi     |     gmem2     |    pointer   |
|m_axi_gmem2_ARSIZE     | out |    3|     m_axi     |     gmem2     |    pointer   |
|m_axi_gmem2_ARBURST    | out |    2|     m_axi     |     gmem2     |    pointer   |
|m_axi_gmem2_ARLOCK     | out |    2|     m_axi     |     gmem2     |    pointer   |
|m_axi_gmem2_ARCACHE    | out |    4|     m_axi     |     gmem2     |    pointer   |
|m_axi_gmem2_ARPROT     | out |    3|     m_axi     |     gmem2     |    pointer   |
|m_axi_gmem2_ARQOS      | out |    4|     m_axi     |     gmem2     |    pointer   |
|m_axi_gmem2_ARREGION   | out |    4|     m_axi     |     gmem2     |    pointer   |
|m_axi_gmem2_ARUSER     | out |    1|     m_axi     |     gmem2     |    pointer   |
|m_axi_gmem2_RVALID     |  in |    1|     m_axi     |     gmem2     |    pointer   |
|m_axi_gmem2_RREADY     | out |    1|     m_axi     |     gmem2     |    pointer   |
|m_axi_gmem2_RDATA      |  in |   32|     m_axi     |     gmem2     |    pointer   |
|m_axi_gmem2_RLAST      |  in |    1|     m_axi     |     gmem2     |    pointer   |
|m_axi_gmem2_RID        |  in |    1|     m_axi     |     gmem2     |    pointer   |
|m_axi_gmem2_RUSER      |  in |    1|     m_axi     |     gmem2     |    pointer   |
|m_axi_gmem2_RRESP      |  in |    2|     m_axi     |     gmem2     |    pointer   |
|m_axi_gmem2_BVALID     |  in |    1|     m_axi     |     gmem2     |    pointer   |
|m_axi_gmem2_BREADY     | out |    1|     m_axi     |     gmem2     |    pointer   |
|m_axi_gmem2_BRESP      |  in |    2|     m_axi     |     gmem2     |    pointer   |
|m_axi_gmem2_BID        |  in |    1|     m_axi     |     gmem2     |    pointer   |
|m_axi_gmem2_BUSER      |  in |    1|     m_axi     |     gmem2     |    pointer   |
|m_axi_gmem3_AWVALID    | out |    1|     m_axi     |     gmem3     |    pointer   |
|m_axi_gmem3_AWREADY    |  in |    1|     m_axi     |     gmem3     |    pointer   |
|m_axi_gmem3_AWADDR     | out |   64|     m_axi     |     gmem3     |    pointer   |
|m_axi_gmem3_AWID       | out |    1|     m_axi     |     gmem3     |    pointer   |
|m_axi_gmem3_AWLEN      | out |    8|     m_axi     |     gmem3     |    pointer   |
|m_axi_gmem3_AWSIZE     | out |    3|     m_axi     |     gmem3     |    pointer   |
|m_axi_gmem3_AWBURST    | out |    2|     m_axi     |     gmem3     |    pointer   |
|m_axi_gmem3_AWLOCK     | out |    2|     m_axi     |     gmem3     |    pointer   |
|m_axi_gmem3_AWCACHE    | out |    4|     m_axi     |     gmem3     |    pointer   |
|m_axi_gmem3_AWPROT     | out |    3|     m_axi     |     gmem3     |    pointer   |
|m_axi_gmem3_AWQOS      | out |    4|     m_axi     |     gmem3     |    pointer   |
|m_axi_gmem3_AWREGION   | out |    4|     m_axi     |     gmem3     |    pointer   |
|m_axi_gmem3_AWUSER     | out |    1|     m_axi     |     gmem3     |    pointer   |
|m_axi_gmem3_WVALID     | out |    1|     m_axi     |     gmem3     |    pointer   |
|m_axi_gmem3_WREADY     |  in |    1|     m_axi     |     gmem3     |    pointer   |
|m_axi_gmem3_WDATA      | out |  128|     m_axi     |     gmem3     |    pointer   |
|m_axi_gmem3_WSTRB      | out |   16|     m_axi     |     gmem3     |    pointer   |
|m_axi_gmem3_WLAST      | out |    1|     m_axi     |     gmem3     |    pointer   |
|m_axi_gmem3_WID        | out |    1|     m_axi     |     gmem3     |    pointer   |
|m_axi_gmem3_WUSER      | out |    1|     m_axi     |     gmem3     |    pointer   |
|m_axi_gmem3_ARVALID    | out |    1|     m_axi     |     gmem3     |    pointer   |
|m_axi_gmem3_ARREADY    |  in |    1|     m_axi     |     gmem3     |    pointer   |
|m_axi_gmem3_ARADDR     | out |   64|     m_axi     |     gmem3     |    pointer   |
|m_axi_gmem3_ARID       | out |    1|     m_axi     |     gmem3     |    pointer   |
|m_axi_gmem3_ARLEN      | out |    8|     m_axi     |     gmem3     |    pointer   |
|m_axi_gmem3_ARSIZE     | out |    3|     m_axi     |     gmem3     |    pointer   |
|m_axi_gmem3_ARBURST    | out |    2|     m_axi     |     gmem3     |    pointer   |
|m_axi_gmem3_ARLOCK     | out |    2|     m_axi     |     gmem3     |    pointer   |
|m_axi_gmem3_ARCACHE    | out |    4|     m_axi     |     gmem3     |    pointer   |
|m_axi_gmem3_ARPROT     | out |    3|     m_axi     |     gmem3     |    pointer   |
|m_axi_gmem3_ARQOS      | out |    4|     m_axi     |     gmem3     |    pointer   |
|m_axi_gmem3_ARREGION   | out |    4|     m_axi     |     gmem3     |    pointer   |
|m_axi_gmem3_ARUSER     | out |    1|     m_axi     |     gmem3     |    pointer   |
|m_axi_gmem3_RVALID     |  in |    1|     m_axi     |     gmem3     |    pointer   |
|m_axi_gmem3_RREADY     | out |    1|     m_axi     |     gmem3     |    pointer   |
|m_axi_gmem3_RDATA      |  in |  128|     m_axi     |     gmem3     |    pointer   |
|m_axi_gmem3_RLAST      |  in |    1|     m_axi     |     gmem3     |    pointer   |
|m_axi_gmem3_RID        |  in |    1|     m_axi     |     gmem3     |    pointer   |
|m_axi_gmem3_RUSER      |  in |    1|     m_axi     |     gmem3     |    pointer   |
|m_axi_gmem3_RRESP      |  in |    2|     m_axi     |     gmem3     |    pointer   |
|m_axi_gmem3_BVALID     |  in |    1|     m_axi     |     gmem3     |    pointer   |
|m_axi_gmem3_BREADY     | out |    1|     m_axi     |     gmem3     |    pointer   |
|m_axi_gmem3_BRESP      |  in |    2|     m_axi     |     gmem3     |    pointer   |
|m_axi_gmem3_BID        |  in |    1|     m_axi     |     gmem3     |    pointer   |
|m_axi_gmem3_BUSER      |  in |    1|     m_axi     |     gmem3     |    pointer   |
+-----------------------+-----+-----+---------------+---------------+--------------+

