

================================================================
== Vitis HLS Report for 'cornerHarris_3_3_1_0_1080_1920_1_false_s'
================================================================
* Date:           Thu Mar 25 14:57:25 2021

* Version:        2020.1.1 (Build 2960000 on Wed Aug 05 23:18:37 MDT 2020)
* Project:        cornerTracker
* Solution:       solution (Vitis Kernel Flow Target)
* Product family: zynquplus
* Target device:  xczu7ev-ffvc1156-2-e


================================================================
== Performance Estimates
================================================================
+ Timing: 
    * Summary: 
    +--------+---------+----------+------------+
    |  Clock |  Target | Estimated| Uncertainty|
    +--------+---------+----------+------------+
    |ap_clk  | 6.67 ns | 4.133 ns |   1.80 ns  |
    +--------+---------+----------+------------+

+ Latency: 
    * Summary: 
    +---------+---------+-----------+-----------+---------+---------+---------+
    |  Latency (cycles) |   Latency (absolute)  |      Interval     | Pipeline|
    |   min   |   max   |    min    |    max    |   min   |   max   |   Type  |
    +---------+---------+-----------+-----------+---------+---------+---------+
    |  2092818|  2092818| 13.953 ms | 13.953 ms |  2092818|  2092818|   none  |
    +---------+---------+-----------+-----------+---------+---------+---------+

    + Detail: 
        * Instance: 
        +-------------------------------------------------------------------------------+---------------------------------------------------------------------+---------+---------+-----------+-----------+---------+---------+----------+
        |                                                                               |                                                                     |  Latency (cycles) |   Latency (absolute)  |      Interval     | Pipeline |
        |                                    Instance                                   |                                Module                               |   min   |   max   |    min    |    max    |   min   |   max   |   Type   |
        +-------------------------------------------------------------------------------+---------------------------------------------------------------------+---------+---------+-----------+-----------+---------+---------+----------+
        |grp_xFCornerHarrisDetector_3_3_0_1080_1920_1_0_1_1_12_1920_5_12_false_s_fu_52  |xFCornerHarrisDetector_3_3_0_1080_1920_1_0_1_1_12_1920_5_12_false_s  |  2092817|  2092817| 13.953 ms | 13.953 ms |  2092805|  2092805| dataflow |
        +-------------------------------------------------------------------------------+---------------------------------------------------------------------+---------+---------+-----------+-----------+---------+---------+----------+

        * Loop: 
        N/A



================================================================
== Utilization Estimates
================================================================
* Summary: 
+-----------------+---------+------+--------+--------+-----+
|       Name      | BRAM_18K|  DSP |   FF   |   LUT  | URAM|
+-----------------+---------+------+--------+--------+-----+
|DSP              |        -|     -|       -|       -|    -|
|Expression       |        -|     -|       0|       6|    -|
|FIFO             |        -|     -|       -|       -|    -|
|Instance         |       33|    11|    8990|   11257|    -|
|Memory           |        -|     -|       -|       -|    -|
|Multiplexer      |        -|     -|       -|      69|    -|
|Register         |        -|     -|      44|       -|    -|
+-----------------+---------+------+--------+--------+-----+
|Total            |       33|    11|    9034|   11332|    0|
+-----------------+---------+------+--------+--------+-----+
|Available        |      624|  1728|  460800|  230400|   96|
+-----------------+---------+------+--------+--------+-----+
|Utilization (%)  |        5|  ~0  |       1|       4|    0|
+-----------------+---------+------+--------+--------+-----+

+ Detail: 
    * Instance: 
    +-------------------------------------------------------------------------------+---------------------------------------------------------------------+---------+----+------+-------+-----+
    |                                    Instance                                   |                                Module                               | BRAM_18K| DSP|  FF  |  LUT  | URAM|
    +-------------------------------------------------------------------------------+---------------------------------------------------------------------+---------+----+------+-------+-----+
    |grp_xFCornerHarrisDetector_3_3_0_1080_1920_1_0_1_1_12_1920_5_12_false_s_fu_52  |xFCornerHarrisDetector_3_3_0_1080_1920_1_0_1_1_12_1920_5_12_false_s  |       33|  11|  8990|  11257|    0|
    +-------------------------------------------------------------------------------+---------------------------------------------------------------------+---------+----+------+-------+-----+
    |Total                                                                          |                                                                     |       33|  11|  8990|  11257|    0|
    +-------------------------------------------------------------------------------+---------------------------------------------------------------------+---------+----+------+-------+-----+

    * DSP: 
    N/A

    * Memory: 
    N/A

    * FIFO: 
    N/A

    * Expression: 
    +------------------------------------------------------------------------------------------------+----------+----+---+----+------------+------------+
    |                                          Variable Name                                         | Operation| DSP| FF| LUT| Bitwidth P0| Bitwidth P1|
    +------------------------------------------------------------------------------------------------+----------+----+---+----+------------+------------+
    |ap_block_state1                                                                                 |    or    |   0|  0|   2|           1|           1|
    |ap_sync_grp_xFCornerHarrisDetector_3_3_0_1080_1920_1_0_1_1_12_1920_5_12_false_s_fu_52_ap_done   |    or    |   0|  0|   2|           1|           1|
    |ap_sync_grp_xFCornerHarrisDetector_3_3_0_1080_1920_1_0_1_1_12_1920_5_12_false_s_fu_52_ap_ready  |    or    |   0|  0|   2|           1|           1|
    +------------------------------------------------------------------------------------------------+----------+----+---+----+------------+------------+
    |Total                                                                                           |          |   0|  0|   6|           3|           3|
    +------------------------------------------------------------------------------------------------+----------+----+---+----+------------+------------+

    * Multiplexer: 
    +--------------------------+----+-----------+-----+-----------+
    |           Name           | LUT| Input Size| Bits| Total Bits|
    +--------------------------+----+-----------+-----+-----------+
    |ap_NS_fsm                 |  15|          3|    1|          3|
    |ap_done                   |   9|          2|    1|          2|
    |in_harris_mat_419_read    |   9|          2|    1|          2|
    |out_harris_mat_420_write  |   9|          2|    1|          2|
    |src_1_blk_n               |   9|          2|    1|          2|
    |src_2_blk_n               |   9|          2|    1|          2|
    |threshold_blk_n           |   9|          2|    1|          2|
    +--------------------------+----+-----------+-----+-----------+
    |Total                     |  69|         15|    7|         15|
    +--------------------------+----+-----------+-----+-----------+

    * Register: 
    +----------------------------------------------------------------------------------------------------+----+----+-----+-----------+
    |                                                Name                                                | FF | LUT| Bits| Const Bits|
    +----------------------------------------------------------------------------------------------------+----+----+-----+-----------+
    |ap_CS_fsm                                                                                           |   2|   0|    2|          0|
    |ap_done_reg                                                                                         |   1|   0|    1|          0|
    |ap_sync_reg_grp_xFCornerHarrisDetector_3_3_0_1080_1920_1_0_1_1_12_1920_5_12_false_s_fu_52_ap_done   |   1|   0|    1|          0|
    |ap_sync_reg_grp_xFCornerHarrisDetector_3_3_0_1080_1920_1_0_1_1_12_1920_5_12_false_s_fu_52_ap_ready  |   1|   0|    1|          0|
    |grp_xFCornerHarrisDetector_3_3_0_1080_1920_1_0_1_1_12_1920_5_12_false_s_fu_52_ap_start_reg          |   1|   0|    1|          0|
    |img_height_reg_70                                                                                   |  11|   0|   11|          0|
    |img_width_reg_76                                                                                    |  11|   0|   11|          0|
    |threshold_read_reg_82                                                                               |  16|   0|   16|          0|
    +----------------------------------------------------------------------------------------------------+----+----+-----+-----------+
    |Total                                                                                               |  44|   0|   44|          0|
    +----------------------------------------------------------------------------------------------------+----+----+-----+-----------+



================================================================
== Interface
================================================================
* Summary: 
+---------------------------+-----+-----+------------+------------------------------------------------+--------------+
|         RTL Ports         | Dir | Bits|  Protocol  |                  Source Object                 |    C Type    |
+---------------------------+-----+-----+------------+------------------------------------------------+--------------+
|ap_clk                     |  in |    1| ap_ctrl_hs | cornerHarris<3, 3, 1, 0, 1080, 1920, 1, false> | return value |
|ap_rst                     |  in |    1| ap_ctrl_hs | cornerHarris<3, 3, 1, 0, 1080, 1920, 1, false> | return value |
|ap_start                   |  in |    1| ap_ctrl_hs | cornerHarris<3, 3, 1, 0, 1080, 1920, 1, false> | return value |
|ap_done                    | out |    1| ap_ctrl_hs | cornerHarris<3, 3, 1, 0, 1080, 1920, 1, false> | return value |
|ap_continue                |  in |    1| ap_ctrl_hs | cornerHarris<3, 3, 1, 0, 1080, 1920, 1, false> | return value |
|ap_idle                    | out |    1| ap_ctrl_hs | cornerHarris<3, 3, 1, 0, 1080, 1920, 1, false> | return value |
|ap_ready                   | out |    1| ap_ctrl_hs | cornerHarris<3, 3, 1, 0, 1080, 1920, 1, false> | return value |
|in_harris_mat_419_dout     |  in |    8|   ap_fifo  |                in_harris_mat_419               |    pointer   |
|in_harris_mat_419_empty_n  |  in |    1|   ap_fifo  |                in_harris_mat_419               |    pointer   |
|in_harris_mat_419_read     | out |    1|   ap_fifo  |                in_harris_mat_419               |    pointer   |
|out_harris_mat_420_din     | out |    8|   ap_fifo  |               out_harris_mat_420               |    pointer   |
|out_harris_mat_420_full_n  |  in |    1|   ap_fifo  |               out_harris_mat_420               |    pointer   |
|out_harris_mat_420_write   | out |    1|   ap_fifo  |               out_harris_mat_420               |    pointer   |
|src_1_dout                 |  in |   11|   ap_fifo  |                      src_1                     |    pointer   |
|src_1_empty_n              |  in |    1|   ap_fifo  |                      src_1                     |    pointer   |
|src_1_read                 | out |    1|   ap_fifo  |                      src_1                     |    pointer   |
|src_2_dout                 |  in |   11|   ap_fifo  |                      src_2                     |    pointer   |
|src_2_empty_n              |  in |    1|   ap_fifo  |                      src_2                     |    pointer   |
|src_2_read                 | out |    1|   ap_fifo  |                      src_2                     |    pointer   |
|threshold_dout             |  in |   16|   ap_fifo  |                    threshold                   |    pointer   |
|threshold_empty_n          |  in |    1|   ap_fifo  |                    threshold                   |    pointer   |
|threshold_read             | out |    1|   ap_fifo  |                    threshold                   |    pointer   |
+---------------------------+-----+-----+------------+------------------------------------------------+--------------+

