

================================================================
== Vitis HLS Report for 'HarrisImg'
================================================================
* Date:           Thu Mar 25 14:57:26 2021

* Version:        2020.1.1 (Build 2960000 on Wed Aug 05 23:18:37 MDT 2020)
* Project:        cornerTracker
* Solution:       solution (Vitis Kernel Flow Target)
* Product family: zynquplus
* Target device:  xczu7ev-ffvc1156-2-e


================================================================
== Performance Estimates
================================================================
+ Timing: 
    * Summary: 
    +--------+---------+----------+------------+
    |  Clock |  Target | Estimated| Uncertainty|
    +--------+---------+----------+------------+
    |ap_clk  | 6.67 ns | 5.113 ns |   1.80 ns  |
    +--------+---------+----------+------------+

+ Latency: 
    * Summary: 
    +---------+---------+----------+----------+-----+-----+----------+
    |  Latency (cycles) |  Latency (absolute) |  Interval | Pipeline |
    |   min   |   max   |    min   |    max   | min | max |   Type   |
    +---------+---------+----------+----------+-----+-----+----------+
    |        ?|        ?|         ?|         ?|    ?|    ?| dataflow |
    +---------+---------+----------+----------+-----+-----+----------+

    + Detail: 
        * Instance: 
        +-------------------------------------------------------------------------------+----------------------------------------------------------------------------+---------+---------+-----------+-----------+---------+---------+---------+
        |                                                                               |                                                                            |  Latency (cycles) |   Latency (absolute)  |      Interval     | Pipeline|
        |                                    Instance                                   |                                   Module                                   |   min   |   max   |    min    |    max    |   min   |   max   |   Type  |
        +-------------------------------------------------------------------------------+----------------------------------------------------------------------------+---------+---------+-----------+-----------+---------+---------+---------+
        |cornerHarris_3_3_1_0_1080_1920_1_false_U0                                      |cornerHarris_3_3_1_0_1080_1920_1_false_s                                    |  2092818|  2092818| 13.953 ms | 13.953 ms |  2092818|  2092818|   none  |
        |Array2xfMat_32_0_1080_1920_1_U0                                                |Array2xfMat_32_0_1080_1920_1_s                                              |       79|  2073678|  0.527 us | 13.825 ms |       79|  2073678|   none  |
        |cornersImgToList_10000u_0u_1080u_1920u_1u_U0                                   |cornersImgToList_10000u_0u_1080u_1920u_1u_s                                 |        ?|        ?|          ?|          ?|        ?|        ?|   none  |
        |HarrisImg_Block_ZN2xf2cv3MatILi0ELi1080ELi1920ELi1ELi2EEC2Eii_exit1_proc65_U0  |HarrisImg_Block_ZN2xf2cv3MatILi0ELi1080ELi1920ELi1ELi2EEC2Eii_exit1_proc65  |        0|        0|    0 ns   |    0 ns   |        0|        0|   none  |
        +-------------------------------------------------------------------------------+----------------------------------------------------------------------------+---------+---------+-----------+-----------+---------+---------+---------+

        * Loop: 
        N/A



================================================================
== Utilization Estimates
================================================================
* Summary: 
+-----------------+---------+------+--------+--------+-----+
|       Name      | BRAM_18K|  DSP |   FF   |   LUT  | URAM|
+-----------------+---------+------+--------+--------+-----+
|DSP              |        -|     -|       -|       -|    -|
|Expression       |        -|     -|       0|      32|    -|
|FIFO             |        -|     -|    1089|     737|    -|
|Instance         |       33|    14|   11708|   16027|    -|
|Memory           |        -|     -|       -|       -|    -|
|Multiplexer      |        -|     -|       -|      36|    -|
|Register         |        -|     -|       6|       -|    -|
+-----------------+---------+------+--------+--------+-----+
|Total            |       33|    14|   12803|   16832|    0|
+-----------------+---------+------+--------+--------+-----+
|Available        |      624|  1728|  460800|  230400|   96|
+-----------------+---------+------+--------+--------+-----+
|Utilization (%)  |        5|  ~0  |       2|       7|    0|
+-----------------+---------+------+--------+--------+-----+

+ Detail: 
    * Instance: 
    +-------------------------------------------------------------------------------+----------------------------------------------------------------------------+---------+----+------+-------+-----+
    |                                    Instance                                   |                                   Module                                   | BRAM_18K| DSP|  FF  |  LUT  | URAM|
    +-------------------------------------------------------------------------------+----------------------------------------------------------------------------+---------+----+------+-------+-----+
    |Array2xfMat_32_0_1080_1920_1_U0                                                |Array2xfMat_32_0_1080_1920_1_s                                              |        0|   2|  1892|   3421|    0|
    |HarrisImg_Block_ZN2xf2cv3MatILi0ELi1080ELi1920ELi1ELi2EEC2Eii_exit1_proc65_U0  |HarrisImg_Block_ZN2xf2cv3MatILi0ELi1080ELi1920ELi1ELi2EEC2Eii_exit1_proc65  |        0|   0|     3|     83|    0|
    |cornerHarris_3_3_1_0_1080_1920_1_false_U0                                      |cornerHarris_3_3_1_0_1080_1920_1_false_s                                    |       33|  11|  9034|  11332|    0|
    |cornersImgToList_10000u_0u_1080u_1920u_1u_U0                                   |cornersImgToList_10000u_0u_1080u_1920u_1u_s                                 |        0|   1|   779|   1191|    0|
    +-------------------------------------------------------------------------------+----------------------------------------------------------------------------+---------+----+------+-------+-----+
    |Total                                                                          |                                                                            |       33|  14| 11708|  16027|    0|
    +-------------------------------------------------------------------------------+----------------------------------------------------------------------------+---------+----+------+-------+-----+

    * DSP: 
    N/A

    * Memory: 
    N/A

    * FIFO: 
    +--------------------------+---------+----+----+-----+------+-----+---------+
    |           Name           | BRAM_18K| FF | LUT| URAM| Depth| Bits| Size:D*B|
    +--------------------------+---------+----+----+-----+------+-----+---------+
    |Thresh_c_U                |        0|  99|   0|    -|     3|   16|       48|
    |inHarris_c_U              |        0|  99|   0|    -|     2|   64|      128|
    |in_harris_mat_cols_c10_U  |        0|  99|   0|    -|     2|   11|       22|
    |in_harris_mat_cols_c_U    |        0|  99|   0|    -|     2|   11|       22|
    |in_harris_mat_data_U      |        0|  99|   0|    -|     2|    8|       16|
    |in_harris_mat_rows_c9_U   |        0|  99|   0|    -|     2|   11|       22|
    |in_harris_mat_rows_c_U    |        0|  99|   0|    -|     2|   11|       22|
    |list_c_U                  |        0|  99|   0|    -|     4|   64|      256|
    |out_harris_mat_cols_c_U   |        0|  99|   0|    -|     4|   11|       44|
    |out_harris_mat_data_U     |        0|  99|   0|    -|     2|    8|       16|
    |out_harris_mat_rows_c_U   |        0|  99|   0|    -|     4|   11|       44|
    +--------------------------+---------+----+----+-----+------+-----+---------+
    |Total                     |        0|1089|   0|    0|    29|  226|      640|
    +--------------------------+---------+----+----+-----+------+-----+---------+

    * Expression: 
    +------------------------------------------------------------------------------------------------+----------+----+---+----+------------+------------+
    |                                          Variable Name                                         | Operation| DSP| FF| LUT| Bitwidth P0| Bitwidth P1|
    +------------------------------------------------------------------------------------------------+----------+----+---+----+------------+------------+
    |Array2xfMat_32_0_1080_1920_1_U0_ap_ready_count                                                  |     +    |   0|  0|   9|           2|           1|
    |HarrisImg_Block_ZN2xf2cv3MatILi0ELi1080ELi1920ELi1ELi2EEC2Eii_exit1_proc65_U0_ap_ready_count    |     +    |   0|  0|   9|           2|           1|
    |Array2xfMat_32_0_1080_1920_1_U0_ap_start                                                        |    and   |   0|  0|   2|           1|           1|
    |HarrisImg_Block_ZN2xf2cv3MatILi0ELi1080ELi1920ELi1ELi2EEC2Eii_exit1_proc65_U0_ap_start          |    and   |   0|  0|   2|           1|           1|
    |HarrisImg_Block_ZN2xf2cv3MatILi0ELi1080ELi1920ELi1ELi2EEC2Eii_exit1_proc65_U0_start_full_n      |    and   |   0|  0|   2|           1|           1|
    |ap_idle                                                                                         |    and   |   0|  0|   2|           1|           1|
    |ap_sync_ready                                                                                   |    and   |   0|  0|   2|           1|           1|
    |ap_sync_Array2xfMat_32_0_1080_1920_1_U0_ap_ready                                                |    or    |   0|  0|   2|           1|           1|
    |ap_sync_HarrisImg_Block_ZN2xf2cv3MatILi0ELi1080ELi1920ELi1ELi2EEC2Eii_exit1_proc65_U0_ap_ready  |    or    |   0|  0|   2|           1|           1|
    +------------------------------------------------------------------------------------------------+----------+----+---+----+------------+------------+
    |Total                                                                                           |          |   0|  0|  32|          11|           9|
    +------------------------------------------------------------------------------------------------+----------+----+---+----+------------+------------+

    * Multiplexer: 
    +----------------------------------------------------------------------------------------------------+----+-----------+-----+-----------+
    |                                                Name                                                | LUT| Input Size| Bits| Total Bits|
    +----------------------------------------------------------------------------------------------------+----+-----------+-----+-----------+
    |Array2xfMat_32_0_1080_1920_1_U0_ap_ready_count                                                      |   9|          2|    2|          4|
    |HarrisImg_Block_ZN2xf2cv3MatILi0ELi1080ELi1920ELi1ELi2EEC2Eii_exit1_proc65_U0_ap_ready_count        |   9|          2|    2|          4|
    |ap_sync_reg_Array2xfMat_32_0_1080_1920_1_U0_ap_ready                                                |   9|          2|    1|          2|
    |ap_sync_reg_HarrisImg_Block_ZN2xf2cv3MatILi0ELi1080ELi1920ELi1ELi2EEC2Eii_exit1_proc65_U0_ap_ready  |   9|          2|    1|          2|
    +----------------------------------------------------------------------------------------------------+----+-----------+-----+-----------+
    |Total                                                                                               |  36|          8|    6|         12|
    +----------------------------------------------------------------------------------------------------+----+-----------+-----+-----------+

    * Register: 
    +----------------------------------------------------------------------------------------------------+---+----+-----+-----------+
    |                                                Name                                                | FF| LUT| Bits| Const Bits|
    +----------------------------------------------------------------------------------------------------+---+----+-----+-----------+
    |Array2xfMat_32_0_1080_1920_1_U0_ap_ready_count                                                      |  2|   0|    2|          0|
    |HarrisImg_Block_ZN2xf2cv3MatILi0ELi1080ELi1920ELi1ELi2EEC2Eii_exit1_proc65_U0_ap_ready_count        |  2|   0|    2|          0|
    |ap_sync_reg_Array2xfMat_32_0_1080_1920_1_U0_ap_ready                                                |  1|   0|    1|          0|
    |ap_sync_reg_HarrisImg_Block_ZN2xf2cv3MatILi0ELi1080ELi1920ELi1ELi2EEC2Eii_exit1_proc65_U0_ap_ready  |  1|   0|    1|          0|
    +----------------------------------------------------------------------------------------------------+---+----+-----+-----------+
    |Total                                                                                               |  6|   0|    6|          0|
    +----------------------------------------------------------------------------------------------------+---+----+-----+-----------+



================================================================
== Interface
================================================================
* Summary: 
+----------------------+-----+-----+------------+--------------+--------------+
|       RTL Ports      | Dir | Bits|  Protocol  | Source Object|    C Type    |
+----------------------+-----+-----+------------+--------------+--------------+
|m_axi_gmem1_AWVALID   | out |    1|    m_axi   |     gmem1    |    pointer   |
|m_axi_gmem1_AWREADY   |  in |    1|    m_axi   |     gmem1    |    pointer   |
|m_axi_gmem1_AWADDR    | out |   64|    m_axi   |     gmem1    |    pointer   |
|m_axi_gmem1_AWID      | out |    1|    m_axi   |     gmem1    |    pointer   |
|m_axi_gmem1_AWLEN     | out |   32|    m_axi   |     gmem1    |    pointer   |
|m_axi_gmem1_AWSIZE    | out |    3|    m_axi   |     gmem1    |    pointer   |
|m_axi_gmem1_AWBURST   | out |    2|    m_axi   |     gmem1    |    pointer   |
|m_axi_gmem1_AWLOCK    | out |    2|    m_axi   |     gmem1    |    pointer   |
|m_axi_gmem1_AWCACHE   | out |    4|    m_axi   |     gmem1    |    pointer   |
|m_axi_gmem1_AWPROT    | out |    3|    m_axi   |     gmem1    |    pointer   |
|m_axi_gmem1_AWQOS     | out |    4|    m_axi   |     gmem1    |    pointer   |
|m_axi_gmem1_AWREGION  | out |    4|    m_axi   |     gmem1    |    pointer   |
|m_axi_gmem1_AWUSER    | out |    1|    m_axi   |     gmem1    |    pointer   |
|m_axi_gmem1_WVALID    | out |    1|    m_axi   |     gmem1    |    pointer   |
|m_axi_gmem1_WREADY    |  in |    1|    m_axi   |     gmem1    |    pointer   |
|m_axi_gmem1_WDATA     | out |   32|    m_axi   |     gmem1    |    pointer   |
|m_axi_gmem1_WSTRB     | out |    4|    m_axi   |     gmem1    |    pointer   |
|m_axi_gmem1_WLAST     | out |    1|    m_axi   |     gmem1    |    pointer   |
|m_axi_gmem1_WID       | out |    1|    m_axi   |     gmem1    |    pointer   |
|m_axi_gmem1_WUSER     | out |    1|    m_axi   |     gmem1    |    pointer   |
|m_axi_gmem1_ARVALID   | out |    1|    m_axi   |     gmem1    |    pointer   |
|m_axi_gmem1_ARREADY   |  in |    1|    m_axi   |     gmem1    |    pointer   |
|m_axi_gmem1_ARADDR    | out |   64|    m_axi   |     gmem1    |    pointer   |
|m_axi_gmem1_ARID      | out |    1|    m_axi   |     gmem1    |    pointer   |
|m_axi_gmem1_ARLEN     | out |   32|    m_axi   |     gmem1    |    pointer   |
|m_axi_gmem1_ARSIZE    | out |    3|    m_axi   |     gmem1    |    pointer   |
|m_axi_gmem1_ARBURST   | out |    2|    m_axi   |     gmem1    |    pointer   |
|m_axi_gmem1_ARLOCK    | out |    2|    m_axi   |     gmem1    |    pointer   |
|m_axi_gmem1_ARCACHE   | out |    4|    m_axi   |     gmem1    |    pointer   |
|m_axi_gmem1_ARPROT    | out |    3|    m_axi   |     gmem1    |    pointer   |
|m_axi_gmem1_ARQOS     | out |    4|    m_axi   |     gmem1    |    pointer   |
|m_axi_gmem1_ARREGION  | out |    4|    m_axi   |     gmem1    |    pointer   |
|m_axi_gmem1_ARUSER    | out |    1|    m_axi   |     gmem1    |    pointer   |
|m_axi_gmem1_RVALID    |  in |    1|    m_axi   |     gmem1    |    pointer   |
|m_axi_gmem1_RREADY    | out |    1|    m_axi   |     gmem1    |    pointer   |
|m_axi_gmem1_RDATA     |  in |   32|    m_axi   |     gmem1    |    pointer   |
|m_axi_gmem1_RLAST     |  in |    1|    m_axi   |     gmem1    |    pointer   |
|m_axi_gmem1_RID       |  in |    1|    m_axi   |     gmem1    |    pointer   |
|m_axi_gmem1_RUSER     |  in |    1|    m_axi   |     gmem1    |    pointer   |
|m_axi_gmem1_RRESP     |  in |    2|    m_axi   |     gmem1    |    pointer   |
|m_axi_gmem1_BVALID    |  in |    1|    m_axi   |     gmem1    |    pointer   |
|m_axi_gmem1_BREADY    | out |    1|    m_axi   |     gmem1    |    pointer   |
|m_axi_gmem1_BRESP     |  in |    2|    m_axi   |     gmem1    |    pointer   |
|m_axi_gmem1_BID       |  in |    1|    m_axi   |     gmem1    |    pointer   |
|m_axi_gmem1_BUSER     |  in |    1|    m_axi   |     gmem1    |    pointer   |
|m_axi_gmem2_AWVALID   | out |    1|    m_axi   |     gmem2    |    pointer   |
|m_axi_gmem2_AWREADY   |  in |    1|    m_axi   |     gmem2    |    pointer   |
|m_axi_gmem2_AWADDR    | out |   64|    m_axi   |     gmem2    |    pointer   |
|m_axi_gmem2_AWID      | out |    1|    m_axi   |     gmem2    |    pointer   |
|m_axi_gmem2_AWLEN     | out |   32|    m_axi   |     gmem2    |    pointer   |
|m_axi_gmem2_AWSIZE    | out |    3|    m_axi   |     gmem2    |    pointer   |
|m_axi_gmem2_AWBURST   | out |    2|    m_axi   |     gmem2    |    pointer   |
|m_axi_gmem2_AWLOCK    | out |    2|    m_axi   |     gmem2    |    pointer   |
|m_axi_gmem2_AWCACHE   | out |    4|    m_axi   |     gmem2    |    pointer   |
|m_axi_gmem2_AWPROT    | out |    3|    m_axi   |     gmem2    |    pointer   |
|m_axi_gmem2_AWQOS     | out |    4|    m_axi   |     gmem2    |    pointer   |
|m_axi_gmem2_AWREGION  | out |    4|    m_axi   |     gmem2    |    pointer   |
|m_axi_gmem2_AWUSER    | out |    1|    m_axi   |     gmem2    |    pointer   |
|m_axi_gmem2_WVALID    | out |    1|    m_axi   |     gmem2    |    pointer   |
|m_axi_gmem2_WREADY    |  in |    1|    m_axi   |     gmem2    |    pointer   |
|m_axi_gmem2_WDATA     | out |   32|    m_axi   |     gmem2    |    pointer   |
|m_axi_gmem2_WSTRB     | out |    4|    m_axi   |     gmem2    |    pointer   |
|m_axi_gmem2_WLAST     | out |    1|    m_axi   |     gmem2    |    pointer   |
|m_axi_gmem2_WID       | out |    1|    m_axi   |     gmem2    |    pointer   |
|m_axi_gmem2_WUSER     | out |    1|    m_axi   |     gmem2    |    pointer   |
|m_axi_gmem2_ARVALID   | out |    1|    m_axi   |     gmem2    |    pointer   |
|m_axi_gmem2_ARREADY   |  in |    1|    m_axi   |     gmem2    |    pointer   |
|m_axi_gmem2_ARADDR    | out |   64|    m_axi   |     gmem2    |    pointer   |
|m_axi_gmem2_ARID      | out |    1|    m_axi   |     gmem2    |    pointer   |
|m_axi_gmem2_ARLEN     | out |   32|    m_axi   |     gmem2    |    pointer   |
|m_axi_gmem2_ARSIZE    | out |    3|    m_axi   |     gmem2    |    pointer   |
|m_axi_gmem2_ARBURST   | out |    2|    m_axi   |     gmem2    |    pointer   |
|m_axi_gmem2_ARLOCK    | out |    2|    m_axi   |     gmem2    |    pointer   |
|m_axi_gmem2_ARCACHE   | out |    4|    m_axi   |     gmem2    |    pointer   |
|m_axi_gmem2_ARPROT    | out |    3|    m_axi   |     gmem2    |    pointer   |
|m_axi_gmem2_ARQOS     | out |    4|    m_axi   |     gmem2    |    pointer   |
|m_axi_gmem2_ARREGION  | out |    4|    m_axi   |     gmem2    |    pointer   |
|m_axi_gmem2_ARUSER    | out |    1|    m_axi   |     gmem2    |    pointer   |
|m_axi_gmem2_RVALID    |  in |    1|    m_axi   |     gmem2    |    pointer   |
|m_axi_gmem2_RREADY    | out |    1|    m_axi   |     gmem2    |    pointer   |
|m_axi_gmem2_RDATA     |  in |   32|    m_axi   |     gmem2    |    pointer   |
|m_axi_gmem2_RLAST     |  in |    1|    m_axi   |     gmem2    |    pointer   |
|m_axi_gmem2_RID       |  in |    1|    m_axi   |     gmem2    |    pointer   |
|m_axi_gmem2_RUSER     |  in |    1|    m_axi   |     gmem2    |    pointer   |
|m_axi_gmem2_RRESP     |  in |    2|    m_axi   |     gmem2    |    pointer   |
|m_axi_gmem2_BVALID    |  in |    1|    m_axi   |     gmem2    |    pointer   |
|m_axi_gmem2_BREADY    | out |    1|    m_axi   |     gmem2    |    pointer   |
|m_axi_gmem2_BRESP     |  in |    2|    m_axi   |     gmem2    |    pointer   |
|m_axi_gmem2_BID       |  in |    1|    m_axi   |     gmem2    |    pointer   |
|m_axi_gmem2_BUSER     |  in |    1|    m_axi   |     gmem2    |    pointer   |
|inHarris              |  in |   64|   ap_none  |   inHarris   |    scalar    |
|inHarris_ap_vld       |  in |    1|   ap_none  |   inHarris   |    scalar    |
|list                  |  in |   64|   ap_none  |     list     |    scalar    |
|list_ap_vld           |  in |    1|   ap_none  |     list     |    scalar    |
|harris_rows           |  in |   11|   ap_none  |  harris_rows |    scalar    |
|harris_rows_ap_vld    |  in |    1|   ap_none  |  harris_rows |    scalar    |
|harris_cols           |  in |   11|   ap_none  |  harris_cols |    scalar    |
|harris_cols_ap_vld    |  in |    1|   ap_none  |  harris_cols |    scalar    |
|Thresh                |  in |   16|   ap_none  |    Thresh    |    scalar    |
|Thresh_ap_vld         |  in |    1|   ap_none  |    Thresh    |    scalar    |
|nCorners              | out |   32|   ap_vld   |   nCorners   |    pointer   |
|nCorners_ap_vld       | out |    1|   ap_vld   |   nCorners   |    pointer   |
|ap_clk                |  in |    1| ap_ctrl_hs |   HarrisImg  | return value |
|ap_rst                |  in |    1| ap_ctrl_hs |   HarrisImg  | return value |
|ap_start              |  in |    1| ap_ctrl_hs |   HarrisImg  | return value |
|ap_done               | out |    1| ap_ctrl_hs |   HarrisImg  | return value |
|ap_ready              | out |    1| ap_ctrl_hs |   HarrisImg  | return value |
|ap_idle               | out |    1| ap_ctrl_hs |   HarrisImg  | return value |
|ap_continue           |  in |    1| ap_ctrl_hs |   HarrisImg  | return value |
+----------------------+-----+-----+------------+--------------+--------------+

