

================================================================
== Vitis HLS Report for 'Sobel_0_3_0_2_1080_1920_1_false_s'
================================================================
* Date:           Thu Mar 25 14:57:22 2021

* Version:        2020.1.1 (Build 2960000 on Wed Aug 05 23:18:37 MDT 2020)
* Project:        cornerTracker
* Solution:       solution (Vitis Kernel Flow Target)
* Product family: zynquplus
* Target device:  xczu7ev-ffvc1156-2-e


================================================================
== Performance Estimates
================================================================
+ Timing: 
    * Summary: 
    +--------+---------+----------+------------+
    |  Clock |  Target | Estimated| Uncertainty|
    +--------+---------+----------+------------+
    |ap_clk  | 6.67 ns | 3.529 ns |   1.80 ns  |
    +--------+---------+----------+------------+

+ Latency: 
    * Summary: 
    +---------+---------+-----------+-----------+---------+---------+---------+
    |  Latency (cycles) |   Latency (absolute)  |      Interval     | Pipeline|
    |   min   |   max   |    min    |    max    |   min   |   max   |   Type  |
    +---------+---------+-----------+-----------+---------+---------+---------+
    |  2082004|  2082004| 13.881 ms | 13.881 ms |  2082004|  2082004|   none  |
    +---------+---------+-----------+-----------+---------+---------+---------+

    + Detail: 
        * Instance: 
        +-------------------------------------------------------------------+---------------------------------------------------------+---------+---------+-----------+-----------+---------+---------+---------+
        |                                                                   |                                                         |  Latency (cycles) |   Latency (absolute)  |      Interval     | Pipeline|
        |                              Instance                             |                          Module                         |   min   |   max   |    min    |    max    |   min   |   max   |   Type  |
        +-------------------------------------------------------------------+---------------------------------------------------------+---------+---------+-----------+-----------+---------+---------+---------+
        |grp_xFSobelFilter3x3_0_2_1080_1920_1_0_3_1_1_5_1920_false_s_fu_44  |xFSobelFilter3x3_0_2_1080_1920_1_0_3_1_1_5_1920_false_s  |  2082003|  2082003| 13.881 ms | 13.881 ms |  2082003|  2082003|   none  |
        +-------------------------------------------------------------------+---------------------------------------------------------+---------+---------+-----------+-----------+---------+---------+---------+

        * Loop: 
        N/A



================================================================
== Utilization Estimates
================================================================
* Summary: 
+-----------------+---------+------+--------+--------+-----+
|       Name      | BRAM_18K|  DSP |   FF   |   LUT  | URAM|
+-----------------+---------+------+--------+--------+-----+
|DSP              |        -|     -|       -|       -|    -|
|Expression       |        -|     -|       0|       2|    -|
|FIFO             |        -|     -|       -|       -|    -|
|Instance         |        3|     -|     384|    1096|    -|
|Memory           |        -|     -|       -|       -|    -|
|Multiplexer      |        -|     -|       -|      69|    -|
|Register         |        -|     -|      26|       -|    -|
+-----------------+---------+------+--------+--------+-----+
|Total            |        3|     0|     410|    1167|    0|
+-----------------+---------+------+--------+--------+-----+
|Available        |      624|  1728|  460800|  230400|   96|
+-----------------+---------+------+--------+--------+-----+
|Utilization (%)  |    ~0   |     0|   ~0   |   ~0   |    0|
+-----------------+---------+------+--------+--------+-----+

+ Detail: 
    * Instance: 
    +-------------------------------------------------------------------+---------------------------------------------------------+---------+----+-----+------+-----+
    |                              Instance                             |                          Module                         | BRAM_18K| DSP|  FF |  LUT | URAM|
    +-------------------------------------------------------------------+---------------------------------------------------------+---------+----+-----+------+-----+
    |grp_xFSobelFilter3x3_0_2_1080_1920_1_0_3_1_1_5_1920_false_s_fu_44  |xFSobelFilter3x3_0_2_1080_1920_1_0_3_1_1_5_1920_false_s  |        3|   0|  384|  1096|    0|
    +-------------------------------------------------------------------+---------------------------------------------------------+---------+----+-----+------+-----+
    |Total                                                              |                                                         |        3|   0|  384|  1096|    0|
    +-------------------------------------------------------------------+---------------------------------------------------------+---------+----+-----+------+-----+

    * DSP: 
    N/A

    * Memory: 
    N/A

    * FIFO: 
    N/A

    * Expression: 
    +-----------------+----------+----+---+----+------------+------------+
    |  Variable Name  | Operation| DSP| FF| LUT| Bitwidth P0| Bitwidth P1|
    +-----------------+----------+----+---+----+------------+------------+
    |ap_block_state1  |    or    |   0|  0|   2|           1|           1|
    +-----------------+----------+----+---+----+------------+------------+
    |Total            |          |   0|  0|   2|           1|           1|
    +-----------------+----------+----+---+----+------------+------------+

    * Multiplexer: 
    +------------------------+----+-----------+-----+-----------+
    |          Name          | LUT| Input Size| Bits| Total Bits|
    +------------------------+----+-----------+-----+-----------+
    |ap_NS_fsm               |  15|          3|    1|          3|
    |ap_done                 |   9|          2|    1|          2|
    |gradx_mat_49_write      |   9|          2|    1|          2|
    |grady_mat_410_write     |   9|          2|    1|          2|
    |in_harris_mat_419_read  |   9|          2|    1|          2|
    |p_src_mat_1_blk_n       |   9|          2|    1|          2|
    |p_src_mat_2_blk_n       |   9|          2|    1|          2|
    +------------------------+----+-----------+-----+-----------+
    |Total                   |  69|         15|    7|         15|
    +------------------------+----+-----------+-----+-----------+

    * Register: 
    +--------------------------------------------------------------------------------+----+----+-----+-----------+
    |                                      Name                                      | FF | LUT| Bits| Const Bits|
    +--------------------------------------------------------------------------------+----+----+-----+-----------+
    |ap_CS_fsm                                                                       |   2|   0|    2|          0|
    |ap_done_reg                                                                     |   1|   0|    1|          0|
    |grp_xFSobelFilter3x3_0_2_1080_1920_1_0_3_1_1_5_1920_false_s_fu_44_ap_start_reg  |   1|   0|    1|          0|
    |height_reg_63                                                                   |  11|   0|   11|          0|
    |width_reg_58                                                                    |  11|   0|   11|          0|
    +--------------------------------------------------------------------------------+----+----+-----+-----------+
    |Total                                                                           |  26|   0|   26|          0|
    +--------------------------------------------------------------------------------+----+----+-----+-----------+



================================================================
== Interface
================================================================
* Summary: 
+---------------------------+-----+-----+------------+-----------------------------------------+--------------+
|         RTL Ports         | Dir | Bits|  Protocol  |              Source Object              |    C Type    |
+---------------------------+-----+-----+------------+-----------------------------------------+--------------+
|ap_clk                     |  in |    1| ap_ctrl_hs | Sobel<0, 3, 0, 2, 1080, 1920, 1, false> | return value |
|ap_rst                     |  in |    1| ap_ctrl_hs | Sobel<0, 3, 0, 2, 1080, 1920, 1, false> | return value |
|ap_start                   |  in |    1| ap_ctrl_hs | Sobel<0, 3, 0, 2, 1080, 1920, 1, false> | return value |
|ap_done                    | out |    1| ap_ctrl_hs | Sobel<0, 3, 0, 2, 1080, 1920, 1, false> | return value |
|ap_continue                |  in |    1| ap_ctrl_hs | Sobel<0, 3, 0, 2, 1080, 1920, 1, false> | return value |
|ap_idle                    | out |    1| ap_ctrl_hs | Sobel<0, 3, 0, 2, 1080, 1920, 1, false> | return value |
|ap_ready                   | out |    1| ap_ctrl_hs | Sobel<0, 3, 0, 2, 1080, 1920, 1, false> | return value |
|in_harris_mat_419_dout     |  in |    8|   ap_fifo  |            in_harris_mat_419            |    pointer   |
|in_harris_mat_419_empty_n  |  in |    1|   ap_fifo  |            in_harris_mat_419            |    pointer   |
|in_harris_mat_419_read     | out |    1|   ap_fifo  |            in_harris_mat_419            |    pointer   |
|gradx_mat_49_din           | out |   16|   ap_fifo  |               gradx_mat_49              |    pointer   |
|gradx_mat_49_full_n        |  in |    1|   ap_fifo  |               gradx_mat_49              |    pointer   |
|gradx_mat_49_write         | out |    1|   ap_fifo  |               gradx_mat_49              |    pointer   |
|grady_mat_410_din          | out |   16|   ap_fifo  |              grady_mat_410              |    pointer   |
|grady_mat_410_full_n       |  in |    1|   ap_fifo  |              grady_mat_410              |    pointer   |
|grady_mat_410_write        | out |    1|   ap_fifo  |              grady_mat_410              |    pointer   |
|p_src_mat_1_dout           |  in |   11|   ap_fifo  |               p_src_mat_1               |    pointer   |
|p_src_mat_1_empty_n        |  in |    1|   ap_fifo  |               p_src_mat_1               |    pointer   |
|p_src_mat_1_read           | out |    1|   ap_fifo  |               p_src_mat_1               |    pointer   |
|p_src_mat_2_dout           |  in |   11|   ap_fifo  |               p_src_mat_2               |    pointer   |
|p_src_mat_2_empty_n        |  in |    1|   ap_fifo  |               p_src_mat_2               |    pointer   |
|p_src_mat_2_read           | out |    1|   ap_fifo  |               p_src_mat_2               |    pointer   |
+---------------------------+-----+-----+------------+-----------------------------------------+--------------+

