

================================================================
== Vitis HLS Report for 'xFApplyMask3x3_3_s'
================================================================
* Date:           Thu Mar 25 14:57:23 2021

* Version:        2020.1.1 (Build 2960000 on Wed Aug 05 23:18:37 MDT 2020)
* Project:        cornerTracker
* Solution:       solution (Vitis Kernel Flow Target)
* Product family: zynquplus
* Target device:  xczu7ev-ffvc1156-2-e


================================================================
== Performance Estimates
================================================================
+ Timing: 
    * Summary: 
    +--------+---------+----------+------------+
    |  Clock |  Target | Estimated| Uncertainty|
    +--------+---------+----------+------------+
    |ap_clk  | 6.67 ns | 3.392 ns |   1.80 ns  |
    +--------+---------+----------+------------+

+ Latency: 
    * Summary: 
    +---------+---------+-----------+-----------+-----+-----+----------+
    |  Latency (cycles) |   Latency (absolute)  |  Interval | Pipeline |
    |   min   |   max   |    min    |    max    | min | max |   Type   |
    +---------+---------+-----------+-----------+-----+-----+----------+
    |        4|        4| 26.668 ns | 26.668 ns |    1|    1| function |
    +---------+---------+-----------+-----------+-----+-----+----------+

    + Detail: 
        * Instance: 
        N/A

        * Loop: 
        N/A



================================================================
== Utilization Estimates
================================================================
* Summary: 
+-----------------+---------+------+--------+--------+-----+
|       Name      | BRAM_18K|  DSP |   FF   |   LUT  | URAM|
+-----------------+---------+------+--------+--------+-----+
|DSP              |        -|     1|       -|       -|    -|
|Expression       |        -|     -|       0|     172|    -|
|FIFO             |        -|     -|       -|       -|    -|
|Instance         |        -|     -|       -|       -|    -|
|Memory           |        -|     -|       -|       -|    -|
|Multiplexer      |        -|     -|       -|       9|    -|
|Register         |        -|     -|     196|       -|    -|
+-----------------+---------+------+--------+--------+-----+
|Total            |        0|     1|     196|     181|    0|
+-----------------+---------+------+--------+--------+-----+
|Available        |      624|  1728|  460800|  230400|   96|
+-----------------+---------+------+--------+--------+-----+
|Utilization (%)  |        0|  ~0  |   ~0   |   ~0   |    0|
+-----------------+---------+------+--------+--------+-----+

+ Detail: 
    * Instance: 
    N/A

    * DSP: 
    +------------------------------------+-------------------------------+----------------+
    |              Instance              |             Module            |   Expression   |
    +------------------------------------+-------------------------------+----------------+
    |am_addmul_19s_16s_13ns_31_4_0_U164  |am_addmul_19s_16s_13ns_31_4_0  | (i0 + i1) * i2 |
    +------------------------------------+-------------------------------+----------------+

    * Memory: 
    N/A

    * FIFO: 
    N/A

    * Expression: 
    +------------------------+----------+----+---+----+------------+------------+
    |      Variable Name     | Operation| DSP| FF| LUT| Bitwidth P0| Bitwidth P1|
    +------------------------+----------+----+---+----+------------+------------+
    |add_ln1350_1_fu_104_p2  |     +    |   0|  0|  24|          17|          17|
    |add_ln1350_2_fu_118_p2  |     +    |   0|  0|  24|          17|          17|
    |add_ln1350_3_fu_132_p2  |     +    |   0|  0|  24|          17|          17|
    |add_ln1350_4_fu_174_p2  |     +    |   0|  0|  26|          19|          19|
    |add_ln1350_fu_90_p2     |     +    |   0|  0|  24|          17|          17|
    |add_ln69_1_fu_160_p2    |     +    |   0|  0|  25|          18|          18|
    |add_ln69_fu_146_p2      |     +    |   0|  0|  25|          18|          18|
    +------------------------+----------+----+---+----+------------+------------+
    |Total                   |          |   0|  0| 172|         123|         123|
    +------------------------+----------+----+---+----+------------+------------+

    * Multiplexer: 
    +-----------+----+-----------+-----+-----------+
    |    Name   | LUT| Input Size| Bits| Total Bits|
    +-----------+----+-----------+-----+-----------+
    |ap_return  |   9|          2|   16|         32|
    +-----------+----+-----------+-----+-----------+
    |Total      |   9|          2|   16|         32|
    +-----------+----+-----------+-----+-----------+

    * Register: 
    +----------------------+----+----+-----+-----------+
    |         Name         | FF | LUT| Bits| Const Bits|
    +----------------------+----+----+-----+-----------+
    |add_ln1350_4_reg_209  |  19|   0|   19|          0|
    |ap_ce_reg             |   1|   0|    1|          0|
    |ap_return_int_reg     |  16|   0|   16|          0|
    |p_i00_int_reg         |  16|   0|   16|          0|
    |p_i01_int_reg         |  16|   0|   16|          0|
    |p_i02_int_reg         |  16|   0|   16|          0|
    |p_i10_int_reg         |  16|   0|   16|          0|
    |p_i11_int_reg         |  16|   0|   16|          0|
    |p_i11_read_reg_204    |  16|   0|   16|          0|
    |p_i12_int_reg         |  16|   0|   16|          0|
    |p_i20_int_reg         |  16|   0|   16|          0|
    |p_i21_int_reg         |  16|   0|   16|          0|
    |p_i22_int_reg         |  16|   0|   16|          0|
    +----------------------+----+----+-----+-----------+
    |Total                 | 196|   0|  196|          0|
    +----------------------+----+----+-----+-----------+



================================================================
== Interface
================================================================
* Summary: 
+-----------+-----+-----+------------+-------------------+--------------+
| RTL Ports | Dir | Bits|  Protocol  |   Source Object   |    C Type    |
+-----------+-----+-----+------------+-------------------+--------------+
|ap_clk     |  in |    1| ap_ctrl_hs | xFApplyMask3x3<3> | return value |
|ap_rst     |  in |    1| ap_ctrl_hs | xFApplyMask3x3<3> | return value |
|ap_return  | out |   16| ap_ctrl_hs | xFApplyMask3x3<3> | return value |
|ap_ce      |  in |    1| ap_ctrl_hs | xFApplyMask3x3<3> | return value |
|p_i00      |  in |   16|   ap_none  |       p_i00       |    scalar    |
|p_i01      |  in |   16|   ap_none  |       p_i01       |    scalar    |
|p_i02      |  in |   16|   ap_none  |       p_i02       |    scalar    |
|p_i10      |  in |   16|   ap_none  |       p_i10       |    scalar    |
|p_i11      |  in |   16|   ap_none  |       p_i11       |    scalar    |
|p_i12      |  in |   16|   ap_none  |       p_i12       |    scalar    |
|p_i20      |  in |   16|   ap_none  |       p_i20       |    scalar    |
|p_i21      |  in |   16|   ap_none  |       p_i21       |    scalar    |
|p_i22      |  in |   16|   ap_none  |       p_i22       |    scalar    |
+-----------+-----+-----+------------+-------------------+--------------+

