

================================================================
== Vitis HLS Report for 'xFCornerHarrisDetector_3_3_0_1080_1920_1_0_1_1_12_1920_5_12_false_Block_ZN2xf2cv3MatILi2ELi1080ELi1920ELi1ELi2EEC2Eii_exit1_proc'
================================================================
* Date:           Thu Mar 25 14:57:21 2021

* Version:        2020.1.1 (Build 2960000 on Wed Aug 05 23:18:37 MDT 2020)
* Project:        cornerTracker
* Solution:       solution (Vitis Kernel Flow Target)
* Product family: zynquplus
* Target device:  xczu7ev-ffvc1156-2-e


================================================================
== Performance Estimates
================================================================
+ Timing: 
    * Summary: 
    +--------+---------+----------+------------+
    |  Clock |  Target | Estimated| Uncertainty|
    +--------+---------+----------+------------+
    |ap_clk  | 6.67 ns | 3.676 ns |   1.80 ns  |
    +--------+---------+----------+------------+

+ Latency: 
    * Summary: 
    +---------+---------+----------+----------+-----+-----+---------+
    |  Latency (cycles) |  Latency (absolute) |  Interval | Pipeline|
    |   min   |   max   |    min   |    max   | min | max |   Type  |
    +---------+---------+----------+----------+-----+-----+---------+
    |        0|        0|   0 ns   |   0 ns   |    0|    0|   none  |
    +---------+---------+----------+----------+-----+-----+---------+

    + Detail: 
        * Instance: 
        N/A

        * Loop: 
        N/A



================================================================
== Utilization Estimates
================================================================
* Summary: 
+-----------------+---------+------+--------+--------+-----+
|       Name      | BRAM_18K|  DSP |   FF   |   LUT  | URAM|
+-----------------+---------+------+--------+--------+-----+
|DSP              |        -|     -|       -|       -|    -|
|Expression       |        -|     -|       0|       2|    -|
|FIFO             |        -|     -|       -|       -|    -|
|Instance         |        -|     -|       -|       -|    -|
|Memory           |        -|     -|       -|       -|    -|
|Multiplexer      |        -|     -|       -|      90|    -|
|Register         |        -|     -|       3|       -|    -|
+-----------------+---------+------+--------+--------+-----+
|Total            |        0|     0|       3|      92|    0|
+-----------------+---------+------+--------+--------+-----+
|Available        |      624|  1728|  460800|  230400|   96|
+-----------------+---------+------+--------+--------+-----+
|Utilization (%)  |        0|     0|   ~0   |   ~0   |    0|
+-----------------+---------+------+--------+--------+-----+

+ Detail: 
    * Instance: 
    N/A

    * DSP: 
    N/A

    * Memory: 
    N/A

    * FIFO: 
    N/A

    * Expression: 
    +-----------------+----------+----+---+----+------------+------------+
    |  Variable Name  | Operation| DSP| FF| LUT| Bitwidth P0| Bitwidth P1|
    +-----------------+----------+----+---+----+------------+------------+
    |ap_block_state1  |    or    |   0|  0|   2|           1|           1|
    +-----------------+----------+----+---+----+------------+------------+
    |Total            |          |   0|  0|   2|           1|           1|
    +-----------------+----------+----+---+----+------------+------------+

    * Multiplexer: 
    +------------------------+----+-----------+-----+-----------+
    |          Name          | LUT| Input Size| Bits| Total Bits|
    +------------------------+----+-----------+-----+-----------+
    |ap_done                 |   9|          2|    1|          2|
    |gradx_2_cols_out_blk_n  |   9|          2|    1|          2|
    |gradx_2_rows_out_blk_n  |   9|          2|    1|          2|
    |gradxy_cols_out_blk_n   |   9|          2|    1|          2|
    |gradxy_rows_out_blk_n   |   9|          2|    1|          2|
    |grady_2_cols_out_blk_n  |   9|          2|    1|          2|
    |grady_2_rows_out_blk_n  |   9|          2|    1|          2|
    |img_height_blk_n        |   9|          2|    1|          2|
    |img_width_blk_n         |   9|          2|    1|          2|
    |real_start              |   9|          2|    1|          2|
    +------------------------+----+-----------+-----+-----------+
    |Total                   |  90|         20|   10|         20|
    +------------------------+----+-----------+-----+-----------+

    * Register: 
    +----------------+---+----+-----+-----------+
    |      Name      | FF| LUT| Bits| Const Bits|
    +----------------+---+----+-----+-----------+
    |ap_CS_fsm       |  1|   0|    1|          0|
    |ap_done_reg     |  1|   0|    1|          0|
    |start_once_reg  |  1|   0|    1|          0|
    +----------------+---+----+-----+-----------+
    |Total           |  3|   0|    3|          0|
    +----------------+---+----+-----+-----------+



================================================================
== Interface
================================================================
* Summary: 
+-------------------------+-----+-----+------------+-------------------------------------------------------------------------------------------------------------------------------------------------+--------------+
|        RTL Ports        | Dir | Bits|  Protocol  |                                                                  Source Object                                                                  |    C Type    |
+-------------------------+-----+-----+------------+-------------------------------------------------------------------------------------------------------------------------------------------------+--------------+
|ap_clk                   |  in |    1| ap_ctrl_hs | xFCornerHarrisDetector<3, 3, 0, 1080, 1920, 1, 0, 1, 1, 12, 1920, 5, 12, false>_Block__ZN2xf2cv3MatILi2ELi1080ELi1920ELi1ELi2EEC2Eii.exit1_proc | return value |
|ap_rst                   |  in |    1| ap_ctrl_hs | xFCornerHarrisDetector<3, 3, 0, 1080, 1920, 1, 0, 1, 1, 12, 1920, 5, 12, false>_Block__ZN2xf2cv3MatILi2ELi1080ELi1920ELi1ELi2EEC2Eii.exit1_proc | return value |
|ap_start                 |  in |    1| ap_ctrl_hs | xFCornerHarrisDetector<3, 3, 0, 1080, 1920, 1, 0, 1, 1, 12, 1920, 5, 12, false>_Block__ZN2xf2cv3MatILi2ELi1080ELi1920ELi1ELi2EEC2Eii.exit1_proc | return value |
|start_full_n             |  in |    1| ap_ctrl_hs | xFCornerHarrisDetector<3, 3, 0, 1080, 1920, 1, 0, 1, 1, 12, 1920, 5, 12, false>_Block__ZN2xf2cv3MatILi2ELi1080ELi1920ELi1ELi2EEC2Eii.exit1_proc | return value |
|ap_done                  | out |    1| ap_ctrl_hs | xFCornerHarrisDetector<3, 3, 0, 1080, 1920, 1, 0, 1, 1, 12, 1920, 5, 12, false>_Block__ZN2xf2cv3MatILi2ELi1080ELi1920ELi1ELi2EEC2Eii.exit1_proc | return value |
|ap_continue              |  in |    1| ap_ctrl_hs | xFCornerHarrisDetector<3, 3, 0, 1080, 1920, 1, 0, 1, 1, 12, 1920, 5, 12, false>_Block__ZN2xf2cv3MatILi2ELi1080ELi1920ELi1ELi2EEC2Eii.exit1_proc | return value |
|ap_idle                  | out |    1| ap_ctrl_hs | xFCornerHarrisDetector<3, 3, 0, 1080, 1920, 1, 0, 1, 1, 12, 1920, 5, 12, false>_Block__ZN2xf2cv3MatILi2ELi1080ELi1920ELi1ELi2EEC2Eii.exit1_proc | return value |
|ap_ready                 | out |    1| ap_ctrl_hs | xFCornerHarrisDetector<3, 3, 0, 1080, 1920, 1, 0, 1, 1, 12, 1920, 5, 12, false>_Block__ZN2xf2cv3MatILi2ELi1080ELi1920ELi1ELi2EEC2Eii.exit1_proc | return value |
|start_out                | out |    1| ap_ctrl_hs | xFCornerHarrisDetector<3, 3, 0, 1080, 1920, 1, 0, 1, 1, 12, 1920, 5, 12, false>_Block__ZN2xf2cv3MatILi2ELi1080ELi1920ELi1ELi2EEC2Eii.exit1_proc | return value |
|start_write              | out |    1| ap_ctrl_hs | xFCornerHarrisDetector<3, 3, 0, 1080, 1920, 1, 0, 1, 1, 12, 1920, 5, 12, false>_Block__ZN2xf2cv3MatILi2ELi1080ELi1920ELi1ELi2EEC2Eii.exit1_proc | return value |
|img_height_dout          |  in |   11|   ap_fifo  |                                                                    img_height                                                                   |    pointer   |
|img_height_empty_n       |  in |    1|   ap_fifo  |                                                                    img_height                                                                   |    pointer   |
|img_height_read          | out |    1|   ap_fifo  |                                                                    img_height                                                                   |    pointer   |
|img_width_dout           |  in |   11|   ap_fifo  |                                                                    img_width                                                                    |    pointer   |
|img_width_empty_n        |  in |    1|   ap_fifo  |                                                                    img_width                                                                    |    pointer   |
|img_width_read           | out |    1|   ap_fifo  |                                                                    img_width                                                                    |    pointer   |
|gradx_2_rows_out_din     | out |   11|   ap_fifo  |                                                                 gradx_2_rows_out                                                                |    pointer   |
|gradx_2_rows_out_full_n  |  in |    1|   ap_fifo  |                                                                 gradx_2_rows_out                                                                |    pointer   |
|gradx_2_rows_out_write   | out |    1|   ap_fifo  |                                                                 gradx_2_rows_out                                                                |    pointer   |
|gradx_2_cols_out_din     | out |   11|   ap_fifo  |                                                                 gradx_2_cols_out                                                                |    pointer   |
|gradx_2_cols_out_full_n  |  in |    1|   ap_fifo  |                                                                 gradx_2_cols_out                                                                |    pointer   |
|gradx_2_cols_out_write   | out |    1|   ap_fifo  |                                                                 gradx_2_cols_out                                                                |    pointer   |
|grady_2_rows_out_din     | out |   11|   ap_fifo  |                                                                 grady_2_rows_out                                                                |    pointer   |
|grady_2_rows_out_full_n  |  in |    1|   ap_fifo  |                                                                 grady_2_rows_out                                                                |    pointer   |
|grady_2_rows_out_write   | out |    1|   ap_fifo  |                                                                 grady_2_rows_out                                                                |    pointer   |
|grady_2_cols_out_din     | out |   11|   ap_fifo  |                                                                 grady_2_cols_out                                                                |    pointer   |
|grady_2_cols_out_full_n  |  in |    1|   ap_fifo  |                                                                 grady_2_cols_out                                                                |    pointer   |
|grady_2_cols_out_write   | out |    1|   ap_fifo  |                                                                 grady_2_cols_out                                                                |    pointer   |
|gradxy_rows_out_din      | out |   11|   ap_fifo  |                                                                 gradxy_rows_out                                                                 |    pointer   |
|gradxy_rows_out_full_n   |  in |    1|   ap_fifo  |                                                                 gradxy_rows_out                                                                 |    pointer   |
|gradxy_rows_out_write    | out |    1|   ap_fifo  |                                                                 gradxy_rows_out                                                                 |    pointer   |
|gradxy_cols_out_din      | out |   11|   ap_fifo  |                                                                 gradxy_cols_out                                                                 |    pointer   |
|gradxy_cols_out_full_n   |  in |    1|   ap_fifo  |                                                                 gradxy_cols_out                                                                 |    pointer   |
|gradxy_cols_out_write    | out |    1|   ap_fifo  |                                                                 gradxy_cols_out                                                                 |    pointer   |
+-------------------------+-----+-----+------------+-------------------------------------------------------------------------------------------------------------------------------------------------+--------------+

