

================================================================
== Vitis HLS Report for 'xFCornerHarrisDetector_3_3_0_1080_1920_1_0_1_1_12_1920_5_12_false_s'
================================================================
* Date:           Thu Mar 25 14:57:25 2021

* Version:        2020.1.1 (Build 2960000 on Wed Aug 05 23:18:37 MDT 2020)
* Project:        cornerTracker
* Solution:       solution (Vitis Kernel Flow Target)
* Product family: zynquplus
* Target device:  xczu7ev-ffvc1156-2-e


================================================================
== Performance Estimates
================================================================
+ Timing: 
    * Summary: 
    +--------+---------+----------+------------+
    |  Clock |  Target | Estimated| Uncertainty|
    +--------+---------+----------+------------+
    |ap_clk  | 6.67 ns | 4.133 ns |   1.80 ns  |
    +--------+---------+----------+------------+

+ Latency: 
    * Summary: 
    +---------+---------+-----------+-----------+---------+---------+----------+
    |  Latency (cycles) |   Latency (absolute)  |      Interval     | Pipeline |
    |   min   |   max   |    min    |    max    |   min   |   max   |   Type   |
    +---------+---------+-----------+-----------+---------+---------+----------+
    |  2092817|  2092817| 13.953 ms | 13.953 ms |  2092805|  2092805| dataflow |
    +---------+---------+-----------+-----------+---------+---------+----------+

    + Detail: 
        * Instance: 
        +-------------------------------------------------------------------------------------------------------------------------------------+----------------------------------------------------------------------------------------------------------------------------------+---------+---------+-----------+-----------+---------+---------+---------+
        |                                                                                                                                     |                                                                                                                                  |  Latency (cycles) |   Latency (absolute)  |      Interval     | Pipeline|
        |                                                               Instance                                                              |                                                              Module                                                              |   min   |   max   |    min    |    max    |   min   |   max   |   Type  |
        +-------------------------------------------------------------------------------------------------------------------------------------+----------------------------------------------------------------------------------------------------------------------------------+---------+---------+-----------+-----------+---------+---------+---------+
        |xFMaxSuppression_5_0_1080_1920_5_0_1_12_1_U0                                                                                         |xFMaxSuppression_5_0_1080_1920_5_0_1_12_1_s                                                                                       |  2089093|  2089093| 13.928 ms | 13.928 ms |  2089093|  2089093|   none  |
        |Sobel_0_3_0_2_1080_1920_1_false_U0                                                                                                   |Sobel_0_3_0_2_1080_1920_1_false_s                                                                                                 |  2082004|  2082004| 13.881 ms | 13.881 ms |  2082004|  2082004|   none  |
        |boxFilter_0_3_2_1080_1920_1_false_26_U0                                                                                              |boxFilter_0_3_2_1080_1920_1_false_26                                                                                              |  2092804|  2092804| 13.953 ms | 13.953 ms |  2092804|  2092804|   none  |
        |boxFilter_0_3_2_1080_1920_1_false_27_U0                                                                                              |boxFilter_0_3_2_1080_1920_1_false_27                                                                                              |  2092804|  2092804| 13.953 ms | 13.953 ms |  2092804|  2092804|   none  |
        |boxFilter_0_3_2_1080_1920_1_false_U0                                                                                                 |boxFilter_0_3_2_1080_1920_1_false_s                                                                                               |  2092804|  2092804| 13.953 ms | 13.953 ms |  2092804|  2092804|   none  |
        |xFComputeScore_2_5_1080_1920_3_5_1_5_12_1920_U0                                                                                      |xFComputeScore_2_5_1080_1920_3_5_1_5_12_1920_s                                                                                    |  2083321|  2083321| 13.890 ms | 13.890 ms |  2083321|  2083321|   none  |
        |xFThreshold_5_1080_1920_5_1_12_1920_U0                                                                                               |xFThreshold_5_1080_1920_5_1_12_1920_s                                                                                             |  2077921|  2077921| 13.853 ms | 13.853 ms |  2077921|  2077921|   none  |
        |xFSquare_2_2_1080_1920_3_3_1_5_5_1920_int_25_U0                                                                                      |xFSquare_2_2_1080_1920_3_3_1_5_5_1920_int_25                                                                                      |     2161|  2080081| 14.407 us | 13.868 ms |     2161|  2080081|   none  |
        |xFSquare_2_2_1080_1920_3_3_1_5_5_1920_int_U0                                                                                         |xFSquare_2_2_1080_1920_3_3_1_5_5_1920_int_s                                                                                       |     2161|  2080081| 14.407 us | 13.868 ms |     2161|  2080081|   none  |
        |xFMultiply_2_2_1080_1920_3_3_1_5_5_1920_int_U0                                                                                       |xFMultiply_2_2_1080_1920_3_3_1_5_5_1920_int_s                                                                                     |     2161|  2080081| 14.407 us | 13.868 ms |     2161|  2080081|   none  |
        |xFDuplicate_2_1080_1920_3_1_5_1920_24_U0                                                                                             |xFDuplicate_2_1080_1920_3_1_5_1920_24                                                                                             |  2076841|  2076841| 13.846 ms | 13.846 ms |  2076841|  2076841|   none  |
        |xFDuplicate_2_1080_1920_3_1_5_1920_U0                                                                                                |xFDuplicate_2_1080_1920_3_1_5_1920_s                                                                                              |  2076841|  2076841| 13.846 ms | 13.846 ms |  2076841|  2076841|   none  |
        |xFCornerHarrisDetector_3_3_0_1080_1920_1_0_1_1_12_1920_5_12_false_entry50_U0                                                         |xFCornerHarrisDetector_3_3_0_1080_1920_1_0_1_1_12_1920_5_12_false_entry50                                                         |        0|        0|    0 ns   |    0 ns   |        0|        0|   none  |
        |xFCornerHarrisDetector_3_3_0_1080_1920_1_0_1_1_12_1920_5_12_false_Block_ZN2xf2cv3MatILi2ELi1080ELi1920ELi1ELi2EEC2Eii_exit1_proc_U0  |xFCornerHarrisDetector_3_3_0_1080_1920_1_0_1_1_12_1920_5_12_false_Block_ZN2xf2cv3MatILi2ELi1080ELi1920ELi1ELi2EEC2Eii_exit1_proc  |        0|        0|    0 ns   |    0 ns   |        0|        0|   none  |
        +-------------------------------------------------------------------------------------------------------------------------------------+----------------------------------------------------------------------------------------------------------------------------------+---------+---------+-----------+-----------+---------+---------+---------+

        * Loop: 
        N/A



================================================================
== Utilization Estimates
================================================================
* Summary: 
+-----------------+---------+------+--------+--------+-----+
|       Name      | BRAM_18K|  DSP |   FF   |   LUT  | URAM|
+-----------------+---------+------+--------+--------+-----+
|DSP              |        -|     -|       -|       -|    -|
|Expression       |        -|     -|       0|      36|    -|
|FIFO             |        -|     -|    4059|    2747|    -|
|Instance         |       33|    11|    4925|    8438|    -|
|Memory           |        -|     -|       -|       -|    -|
|Multiplexer      |        -|     -|       -|      36|    -|
|Register         |        -|     -|       6|       -|    -|
+-----------------+---------+------+--------+--------+-----+
|Total            |       33|    11|    8990|   11257|    0|
+-----------------+---------+------+--------+--------+-----+
|Available        |      624|  1728|  460800|  230400|   96|
+-----------------+---------+------+--------+--------+-----+
|Utilization (%)  |        5|  ~0  |       1|       4|    0|
+-----------------+---------+------+--------+--------+-----+

+ Detail: 
    * Instance: 
    +-------------------------------------------------------------------------------------------------------------------------------------+----------------------------------------------------------------------------------------------------------------------------------+---------+----+------+------+-----+
    |                                                               Instance                                                              |                                                              Module                                                              | BRAM_18K| DSP|  FF  |  LUT | URAM|
    +-------------------------------------------------------------------------------------------------------------------------------------+----------------------------------------------------------------------------------------------------------------------------------+---------+----+------+------+-----+
    |Sobel_0_3_0_2_1080_1920_1_false_U0                                                                                                   |Sobel_0_3_0_2_1080_1920_1_false_s                                                                                                 |        3|   0|   410|  1167|    0|
    |boxFilter_0_3_2_1080_1920_1_false_26_U0                                                                                              |boxFilter_0_3_2_1080_1920_1_false_26                                                                                              |        6|   1|   849|  1138|    0|
    |boxFilter_0_3_2_1080_1920_1_false_27_U0                                                                                              |boxFilter_0_3_2_1080_1920_1_false_27                                                                                              |        6|   1|   849|  1138|    0|
    |boxFilter_0_3_2_1080_1920_1_false_U0                                                                                                 |boxFilter_0_3_2_1080_1920_1_false_s                                                                                               |        6|   1|   849|  1138|    0|
    |xFComputeScore_2_5_1080_1920_3_5_1_5_12_1920_U0                                                                                      |xFComputeScore_2_5_1080_1920_3_5_1_5_12_1920_s                                                                                    |        0|   5|   218|   329|    0|
    |xFCornerHarrisDetector_3_3_0_1080_1920_1_0_1_1_12_1920_5_12_false_Block_ZN2xf2cv3MatILi2ELi1080ELi1920ELi1ELi2EEC2Eii_exit1_proc_U0  |xFCornerHarrisDetector_3_3_0_1080_1920_1_0_1_1_12_1920_5_12_false_Block_ZN2xf2cv3MatILi2ELi1080ELi1920ELi1ELi2EEC2Eii_exit1_proc  |        0|   0|     3|    92|    0|
    |xFCornerHarrisDetector_3_3_0_1080_1920_1_0_1_1_12_1920_5_12_false_entry50_U0                                                         |xFCornerHarrisDetector_3_3_0_1080_1920_1_0_1_1_12_1920_5_12_false_entry50                                                         |        0|   0|     3|   101|    0|
    |xFDuplicate_2_1080_1920_3_1_5_1920_24_U0                                                                                             |xFDuplicate_2_1080_1920_3_1_5_1920_24                                                                                             |        0|   0|    64|   231|    0|
    |xFDuplicate_2_1080_1920_3_1_5_1920_U0                                                                                                |xFDuplicate_2_1080_1920_3_1_5_1920_s                                                                                              |        0|   0|    64|   213|    0|
    |xFMaxSuppression_5_0_1080_1920_5_0_1_12_1_U0                                                                                         |xFMaxSuppression_5_0_1080_1920_5_0_1_12_1_s                                                                                       |       12|   0|  1109|  1827|    0|
    |xFMultiply_2_2_1080_1920_3_3_1_5_5_1920_int_U0                                                                                       |xFMultiply_2_2_1080_1920_3_3_1_5_5_1920_int_s                                                                                     |        0|   1|   131|   236|    0|
    |xFSquare_2_2_1080_1920_3_3_1_5_5_1920_int_25_U0                                                                                      |xFSquare_2_2_1080_1920_3_3_1_5_5_1920_int_25                                                                                      |        0|   1|   132|   293|    0|
    |xFSquare_2_2_1080_1920_3_3_1_5_5_1920_int_U0                                                                                         |xFSquare_2_2_1080_1920_3_3_1_5_5_1920_int_s                                                                                       |        0|   1|   131|   266|    0|
    |xFThreshold_5_1080_1920_5_1_12_1920_U0                                                                                               |xFThreshold_5_1080_1920_5_1_12_1920_s                                                                                             |        0|   0|   113|   269|    0|
    +-------------------------------------------------------------------------------------------------------------------------------------+----------------------------------------------------------------------------------------------------------------------------------+---------+----+------+------+-----+
    |Total                                                                                                                                |                                                                                                                                  |       33|  11|  4925|  8438|    0|
    +-------------------------------------------------------------------------------------------------------------------------------------+----------------------------------------------------------------------------------------------------------------------------------+---------+----+------+------+-----+

    * DSP: 
    N/A

    * Memory: 
    N/A

    * FIFO: 
    +-------------------+---------+----+----+-----+------+-----+---------+
    |        Name       | BRAM_18K| FF | LUT| URAM| Depth| Bits| Size:D*B|
    +-------------------+---------+----+----+-----+------+-----+---------+
    |gradx1_mat_data_U  |        0|  99|   0|    -|     2|   16|       32|
    |gradx2_mat_data_U  |        0|  99|   0|    -|     2|   16|       32|
    |gradx2g_data_U     |        0|  99|   0|    -|     2|   16|       32|
    |gradx_2_cols_c_U   |        0|  99|   0|    -|     4|   11|       44|
    |gradx_2_data_U     |        0|  99|   0|    -|     2|   16|       32|
    |gradx_2_rows_c_U   |        0|  99|   0|    -|     4|   11|       44|
    |gradx_mat_data_U   |        0|  99|   0|    -|     2|   16|       32|
    |gradxy_cols_c_U    |        0|  99|   0|    -|     4|   11|       44|
    |gradxy_data_U      |        0|  99|   0|    -|     2|   16|       32|
    |gradxy_rows_c_U    |        0|  99|   0|    -|     4|   11|       44|
    |gradxyg_data_U     |        0|  99|   0|    -|     2|   16|       32|
    |grady1_mat_data_U  |        0|  99|   0|    -|     2|   16|       32|
    |grady2_mat_data_U  |        0|  99|   0|    -|     2|   16|       32|
    |grady2g_data_U     |        0|  99|   0|    -|     2|   16|       32|
    |grady_2_cols_c_U   |        0|  99|   0|    -|     4|   11|       44|
    |grady_2_data_U     |        0|  99|   0|    -|     2|   16|       32|
    |grady_2_rows_c_U   |        0|  99|   0|    -|     4|   11|       44|
    |grady_mat_data_U   |        0|  99|   0|    -|     2|   16|       32|
    |img_height_c27_U   |        0|  99|   0|    -|     3|   11|       33|
    |img_height_c28_U   |        0|  99|   0|    -|     3|   11|       33|
    |img_height_c31_U   |        0|  99|   0|    -|     2|   11|       22|
    |img_height_c32_U   |        0|  99|   0|    -|     2|   11|       22|
    |img_height_c35_U   |        0|  99|   0|    -|     2|   11|       22|
    |img_height_c37_U   |        0|  99|   0|    -|     3|   11|       33|
    |img_height_c39_U   |        0|  99|   0|    -|     2|   11|       22|
    |img_height_c41_U   |        0|  99|   0|    -|     2|   11|       22|
    |img_height_c_U     |        0|  99|   0|    -|     2|   11|       22|
    |img_width_c29_U    |        0|  99|   0|    -|     3|   11|       33|
    |img_width_c30_U    |        0|  99|   0|    -|     3|   11|       33|
    |img_width_c33_U    |        0|  99|   0|    -|     2|   11|       22|
    |img_width_c34_U    |        0|  99|   0|    -|     2|   11|       22|
    |img_width_c36_U    |        0|  99|   0|    -|     2|   11|       22|
    |img_width_c38_U    |        0|  99|   0|    -|     3|   11|       33|
    |img_width_c40_U    |        0|  99|   0|    -|     2|   11|       22|
    |img_width_c42_U    |        0|  99|   0|    -|     2|   11|       22|
    |img_width_c_U      |        0|  99|   0|    -|     2|   11|       22|
    |p_src_mat_1_c_U    |        0|  99|   0|    -|     2|   11|       22|
    |p_src_mat_2_c_U    |        0|  99|   0|    -|     2|   11|       22|
    |p_threshold_c_U    |        0|  99|   0|    -|     7|   16|      112|
    |score_data_U       |        0|  99|   0|    -|     2|   32|       64|
    |thresh_data_U      |        0|  99|   0|    -|     2|   32|       64|
    +-------------------+---------+----+----+-----+------+-----+---------+
    |Total              |        0|4059|   0|    0|   105|  558|     1394|
    +-------------------+---------+----+----+-----+------+-----+---------+

    * Expression: 
    +--------------------------------------------------------------------------------------------------------------------------------------------------+----------+----+---+----+------------+------------+
    |                                                                   Variable Name                                                                  | Operation| DSP| FF| LUT| Bitwidth P0| Bitwidth P1|
    +--------------------------------------------------------------------------------------------------------------------------------------------------+----------+----+---+----+------------+------------+
    |Sobel_0_3_0_2_1080_1920_1_false_U0_ap_ready_count                                                                                                 |     +    |   0|  0|   9|           2|           1|
    |xFCornerHarrisDetector_3_3_0_1080_1920_1_0_1_1_12_1920_5_12_false_entry50_U0_ap_ready_count                                                       |     +    |   0|  0|   9|           2|           1|
    |Sobel_0_3_0_2_1080_1920_1_false_U0_ap_start                                                                                                       |    and   |   0|  0|   2|           1|           1|
    |ap_idle                                                                                                                                           |    and   |   0|  0|   2|           1|           1|
    |ap_sync_ready                                                                                                                                     |    and   |   0|  0|   2|           1|           1|
    |xFCornerHarrisDetector_3_3_0_1080_1920_1_0_1_1_12_1920_5_12_false_Block_ZN2xf2cv3MatILi2ELi1080ELi1920ELi1ELi2EEC2Eii_exit1_proc_U0_start_full_n  |    and   |   0|  0|   2|           1|           1|
    |xFCornerHarrisDetector_3_3_0_1080_1920_1_0_1_1_12_1920_5_12_false_entry50_U0_ap_start                                                             |    and   |   0|  0|   2|           1|           1|
    |xFCornerHarrisDetector_3_3_0_1080_1920_1_0_1_1_12_1920_5_12_false_entry50_U0_start_full_n                                                         |    and   |   0|  0|   2|           1|           1|
    |xFDuplicate_2_1080_1920_3_1_5_1920_24_U0_start_full_n                                                                                             |    and   |   0|  0|   2|           1|           1|
    |ap_sync_Sobel_0_3_0_2_1080_1920_1_false_U0_ap_ready                                                                                               |    or    |   0|  0|   2|           1|           1|
    |ap_sync_xFCornerHarrisDetector_3_3_0_1080_1920_1_0_1_1_12_1920_5_12_false_entry50_U0_ap_ready                                                     |    or    |   0|  0|   2|           1|           1|
    +--------------------------------------------------------------------------------------------------------------------------------------------------+----------+----+---+----+------------+------------+
    |Total                                                                                                                                             |          |   0|  0|  36|          13|          11|
    +--------------------------------------------------------------------------------------------------------------------------------------------------+----------+----+---+----+------------+------------+

    * Multiplexer: 
    +---------------------------------------------------------------------------------------------------+----+-----------+-----+-----------+
    |                                                Name                                               | LUT| Input Size| Bits| Total Bits|
    +---------------------------------------------------------------------------------------------------+----+-----------+-----+-----------+
    |Sobel_0_3_0_2_1080_1920_1_false_U0_ap_ready_count                                                  |   9|          2|    2|          4|
    |ap_sync_reg_Sobel_0_3_0_2_1080_1920_1_false_U0_ap_ready                                            |   9|          2|    1|          2|
    |ap_sync_reg_xFCornerHarrisDetector_3_3_0_1080_1920_1_0_1_1_12_1920_5_12_false_entry50_U0_ap_ready  |   9|          2|    1|          2|
    |xFCornerHarrisDetector_3_3_0_1080_1920_1_0_1_1_12_1920_5_12_false_entry50_U0_ap_ready_count        |   9|          2|    2|          4|
    +---------------------------------------------------------------------------------------------------+----+-----------+-----+-----------+
    |Total                                                                                              |  36|          8|    6|         12|
    +---------------------------------------------------------------------------------------------------+----+-----------+-----+-----------+

    * Register: 
    +---------------------------------------------------------------------------------------------------+---+----+-----+-----------+
    |                                                Name                                               | FF| LUT| Bits| Const Bits|
    +---------------------------------------------------------------------------------------------------+---+----+-----+-----------+
    |Sobel_0_3_0_2_1080_1920_1_false_U0_ap_ready_count                                                  |  2|   0|    2|          0|
    |ap_sync_reg_Sobel_0_3_0_2_1080_1920_1_false_U0_ap_ready                                            |  1|   0|    1|          0|
    |ap_sync_reg_xFCornerHarrisDetector_3_3_0_1080_1920_1_0_1_1_12_1920_5_12_false_entry50_U0_ap_ready  |  1|   0|    1|          0|
    |xFCornerHarrisDetector_3_3_0_1080_1920_1_0_1_1_12_1920_5_12_false_entry50_U0_ap_ready_count        |  2|   0|    2|          0|
    +---------------------------------------------------------------------------------------------------+---+----+-----+-----------+
    |Total                                                                                              |  6|   0|    6|          0|
    +---------------------------------------------------------------------------------------------------+---+----+-----+-----------+



================================================================
== Interface
================================================================
* Summary: 
+---------------------------+-----+-----+------------+---------------------------------------------------------------------------------+--------------+
|         RTL Ports         | Dir | Bits|  Protocol  |                                  Source Object                                  |    C Type    |
+---------------------------+-----+-----+------------+---------------------------------------------------------------------------------+--------------+
|in_harris_mat_419_dout     |  in |    8|   ap_fifo  |                                in_harris_mat_419                                |    pointer   |
|in_harris_mat_419_empty_n  |  in |    1|   ap_fifo  |                                in_harris_mat_419                                |    pointer   |
|in_harris_mat_419_read     | out |    1|   ap_fifo  |                                in_harris_mat_419                                |    pointer   |
|out_harris_mat_420_din     | out |    8|   ap_fifo  |                                out_harris_mat_420                               |    pointer   |
|out_harris_mat_420_full_n  |  in |    1|   ap_fifo  |                                out_harris_mat_420                               |    pointer   |
|out_harris_mat_420_write   | out |    1|   ap_fifo  |                                out_harris_mat_420                               |    pointer   |
|p_read                     |  in |   11|   ap_none  |                                      p_read                                     |    scalar    |
|p_read_ap_vld              |  in |    1|   ap_none  |                                      p_read                                     |    scalar    |
|p_read1                    |  in |   11|   ap_none  |                                     p_read1                                     |    scalar    |
|p_read1_ap_vld             |  in |    1|   ap_none  |                                     p_read1                                     |    scalar    |
|img_height                 |  in |   11|   ap_none  |                                    img_height                                   |    scalar    |
|img_height_ap_vld          |  in |    1|   ap_none  |                                    img_height                                   |    scalar    |
|img_width                  |  in |   11|   ap_none  |                                    img_width                                    |    scalar    |
|img_width_ap_vld           |  in |    1|   ap_none  |                                    img_width                                    |    scalar    |
|p_threshold                |  in |   16|   ap_none  |                                   p_threshold                                   |    scalar    |
|p_threshold_ap_vld         |  in |    1|   ap_none  |                                   p_threshold                                   |    scalar    |
|ap_clk                     |  in |    1| ap_ctrl_hs | xFCornerHarrisDetector<3, 3, 0, 1080, 1920, 1, 0, 1, 1, 12, 1920, 5, 12, false> | return value |
|ap_rst                     |  in |    1| ap_ctrl_hs | xFCornerHarrisDetector<3, 3, 0, 1080, 1920, 1, 0, 1, 1, 12, 1920, 5, 12, false> | return value |
|ap_start                   |  in |    1| ap_ctrl_hs | xFCornerHarrisDetector<3, 3, 0, 1080, 1920, 1, 0, 1, 1, 12, 1920, 5, 12, false> | return value |
|ap_done                    | out |    1| ap_ctrl_hs | xFCornerHarrisDetector<3, 3, 0, 1080, 1920, 1, 0, 1, 1, 12, 1920, 5, 12, false> | return value |
|ap_ready                   | out |    1| ap_ctrl_hs | xFCornerHarrisDetector<3, 3, 0, 1080, 1920, 1, 0, 1, 1, 12, 1920, 5, 12, false> | return value |
|ap_idle                    | out |    1| ap_ctrl_hs | xFCornerHarrisDetector<3, 3, 0, 1080, 1920, 1, 0, 1, 1, 12, 1920, 5, 12, false> | return value |
|ap_continue                |  in |    1| ap_ctrl_hs | xFCornerHarrisDetector<3, 3, 0, 1080, 1920, 1, 0, 1, 1, 12, 1920, 5, 12, false> | return value |
+---------------------------+-----+-----+------------+---------------------------------------------------------------------------------+--------------+

