

================================================================
== Vitis HLS Report for 'xFFindMaxRad1_ap_int_32_s'
================================================================
* Date:           Thu Mar 25 14:57:24 2021

* Version:        2020.1.1 (Build 2960000 on Wed Aug 05 23:18:37 MDT 2020)
* Project:        cornerTracker
* Solution:       solution (Vitis Kernel Flow Target)
* Product family: zynquplus
* Target device:  xczu7ev-ffvc1156-2-e


================================================================
== Performance Estimates
================================================================
+ Timing: 
    * Summary: 
    +--------+---------+----------+------------+
    |  Clock |  Target | Estimated| Uncertainty|
    +--------+---------+----------+------------+
    |ap_clk  | 6.67 ns | 1.278 ns |   1.80 ns  |
    +--------+---------+----------+------------+

+ Latency: 
    * Summary: 
    +---------+---------+----------+----------+-----+-----+----------+
    |  Latency (cycles) |  Latency (absolute) |  Interval | Pipeline |
    |   min   |   max   |    min   |    max   | min | max |   Type   |
    +---------+---------+----------+----------+-----+-----+----------+
    |        0|        0|   0 ns   |   0 ns   |    1|    1| function |
    +---------+---------+----------+----------+-----+-----+----------+

    + Detail: 
        * Instance: 
        N/A

        * Loop: 
        N/A



================================================================
== Utilization Estimates
================================================================
* Summary: 
+-----------------+---------+------+--------+--------+-----+
|       Name      | BRAM_18K|  DSP |   FF   |   LUT  | URAM|
+-----------------+---------+------+--------+--------+-----+
|DSP              |        -|     -|       -|       -|    -|
|Expression       |        -|     -|       0|      86|    -|
|FIFO             |        -|     -|       -|       -|    -|
|Instance         |        -|     -|       -|       -|    -|
|Memory           |        -|     -|       -|       -|    -|
|Multiplexer      |        -|     -|       -|       -|    -|
|Register         |        -|     -|       -|       -|    -|
+-----------------+---------+------+--------+--------+-----+
|Total            |        0|     0|       0|      86|    0|
+-----------------+---------+------+--------+--------+-----+
|Available        |      624|  1728|  460800|  230400|   96|
+-----------------+---------+------+--------+--------+-----+
|Utilization (%)  |        0|     0|       0|   ~0   |    0|
+-----------------+---------+------+--------+--------+-----+

+ Detail: 
    * Instance: 
    N/A

    * DSP: 
    N/A

    * Memory: 
    N/A

    * FIFO: 
    N/A

    * Expression: 
    +-----------------------+----------+----+---+----+------------+------------+
    |     Variable Name     | Operation| DSP| FF| LUT| Bitwidth P0| Bitwidth P1|
    +-----------------------+----------+----+---+----+------------+------------+
    |and_ln34_1_fu_72_p2    |    and   |   0|  0|   2|           1|           1|
    |and_ln34_fu_66_p2      |    and   |   0|  0|   2|           1|           1|
    |ap_return              |    and   |   0|  0|   2|           1|           1|
    |icmp_ln890_1_fu_48_p2  |   icmp   |   0|  0|  20|          32|          32|
    |icmp_ln890_2_fu_54_p2  |   icmp   |   0|  0|  20|          32|          32|
    |icmp_ln890_3_fu_60_p2  |   icmp   |   0|  0|  20|          32|          32|
    |icmp_ln890_fu_42_p2    |   icmp   |   0|  0|  20|          32|          32|
    +-----------------------+----------+----+---+----+------------+------------+
    |Total                  |          |   0|  0|  86|         131|         131|
    +-----------------------+----------+----+---+----+------------+------------+

    * Multiplexer: 
    N/A

    * Register: 
    N/A



================================================================
== Interface
================================================================
* Summary: 
+-----------+-----+-----+------------+----------------------------+--------------+
| RTL Ports | Dir | Bits|  Protocol  |        Source Object       |    C Type    |
+-----------+-----+-----+------------+----------------------------+--------------+
|ap_ready   | out |    1| ap_ctrl_hs | xFFindMaxRad1<ap_int<32> > | return value |
|ap_return  | out |    1| ap_ctrl_hs | xFFindMaxRad1<ap_int<32> > | return value |
|t1         |  in |   32|   ap_none  |             t1             |    scalar    |
|m0         |  in |   32|   ap_none  |             m0             |    scalar    |
|m1         |  in |   32|   ap_none  |             m1             |    scalar    |
|m2         |  in |   32|   ap_none  |             m2             |    scalar    |
|b1         |  in |   32|   ap_none  |             b1             |    scalar    |
+-----------+-----+-----+------------+----------------------------+--------------+

