

================================================================
== Vitis HLS Report for 'xFMaxSuppressionRad1_5_0_1080_1920_5_0_1_12_1_1920_s'
================================================================
* Date:           Thu Mar 25 14:57:24 2021

* Version:        2020.1.1 (Build 2960000 on Wed Aug 05 23:18:37 MDT 2020)
* Project:        cornerTracker
* Solution:       solution (Vitis Kernel Flow Target)
* Product family: zynquplus
* Target device:  xczu7ev-ffvc1156-2-e


================================================================
== Performance Estimates
================================================================
+ Timing: 
    * Summary: 
    +--------+---------+----------+------------+
    |  Clock |  Target | Estimated| Uncertainty|
    +--------+---------+----------+------------+
    |ap_clk  | 6.67 ns | 4.133 ns |   1.80 ns  |
    +--------+---------+----------+------------+

+ Latency: 
    * Summary: 
    +---------+---------+-----------+-----------+---------+---------+---------+
    |  Latency (cycles) |   Latency (absolute)  |      Interval     | Pipeline|
    |   min   |   max   |    min    |    max    |   min   |   max   |   Type  |
    +---------+---------+-----------+-----------+---------+---------+---------+
    |  2089092|  2089092| 13.928 ms | 13.928 ms |  2089092|  2089092|   none  |
    +---------+---------+-----------+-----------+---------+---------+---------+

    + Detail: 
        * Instance: 
        +--------------------------------------------------------+---------------------------------------------+---------+---------+-----------+-----------+------+------+----------+
        |                                                        |                                             |  Latency (cycles) |   Latency (absolute)  |   Interval  | Pipeline |
        |                        Instance                        |                    Module                   |   min   |   max   |    min    |    max    |  min |  max |   Type   |
        +--------------------------------------------------------+---------------------------------------------+---------+---------+-----------+-----------+------+------+----------+
        |grp_ProcessMax1_5_0_1080_1920_5_0_1_12_1_1920_s_fu_363  |ProcessMax1_5_0_1080_1920_5_0_1_12_1_1920_s  |     1925|     1925| 12.834 us | 12.834 us |  1925|  1925|   none   |
        |grp_xFFindMaxRad1_ap_int_32_s_fu_400                    |xFFindMaxRad1_ap_int_32_s                    |        0|        0|    0 ns   |    0 ns   |     1|     1| function |
        +--------------------------------------------------------+---------------------------------------------+---------+---------+-----------+-----------+------+------+----------+

        * Loop: 
        +-------------------+---------+---------+----------+-----------+-----------+------+----------+
        |                   |  Latency (cycles) | Iteration|  Initiation Interval  | Trip |          |
        |     Loop Name     |   min   |   max   |  Latency |  achieved |   target  | Count| Pipelined|
        +-------------------+---------+---------+----------+-----------+-----------+------+----------+
        |- Clear_first_Row  |     1920|     1920|         2|          1|          1|  1920|    yes   |
        |- Row_Loop         |  2083320|  2083320|      1929|          -|          -|  1080|    no    |
        |- Clear_Row_Loop   |     1920|     1920|         1|          1|          1|  1920|    yes   |
        +-------------------+---------+---------+----------+-----------+-----------+------+----------+



================================================================
== Utilization Estimates
================================================================
* Summary: 
+-----------------+---------+------+--------+--------+-----+
|       Name      | BRAM_18K|  DSP |   FF   |   LUT  | URAM|
+-----------------+---------+------+--------+--------+-----+
|DSP              |        -|     -|       -|       -|    -|
|Expression       |        -|     -|       0|     514|    -|
|FIFO             |        -|     -|       -|       -|    -|
|Instance         |        -|     -|     540|     733|    -|
|Memory           |       12|     -|       0|       0|    -|
|Multiplexer      |        -|     -|       -|     518|    -|
|Register         |        -|     -|     543|       -|    -|
+-----------------+---------+------+--------+--------+-----+
|Total            |       12|     0|    1083|    1765|    0|
+-----------------+---------+------+--------+--------+-----+
|Available        |      624|  1728|  460800|  230400|   96|
+-----------------+---------+------+--------+--------+-----+
|Utilization (%)  |        1|     0|   ~0   |   ~0   |    0|
+-----------------+---------+------+--------+--------+-----+

+ Detail: 
    * Instance: 
    +--------------------------------------------------------+---------------------------------------------+---------+----+-----+-----+-----+
    |                        Instance                        |                    Module                   | BRAM_18K| DSP|  FF | LUT | URAM|
    +--------------------------------------------------------+---------------------------------------------+---------+----+-----+-----+-----+
    |grp_ProcessMax1_5_0_1080_1920_5_0_1_12_1_1920_s_fu_363  |ProcessMax1_5_0_1080_1920_5_0_1_12_1_1920_s  |        0|   0|  540|  647|    0|
    |grp_xFFindMaxRad1_ap_int_32_s_fu_400                    |xFFindMaxRad1_ap_int_32_s                    |        0|   0|    0|   86|    0|
    +--------------------------------------------------------+---------------------------------------------+---------+----+-----+-----+-----+
    |Total                                                   |                                             |        0|   0|  540|  733|    0|
    +--------------------------------------------------------+---------------------------------------------+---------+----+-----+-----+-----+

    * DSP: 
    N/A

    * Memory: 
    +-----------+--------------------------------------------------------------+---------+---+----+-----+------+-----+------+-------------+
    |   Memory  |                            Module                            | BRAM_18K| FF| LUT| URAM| Words| Bits| Banks| W*Bits*Banks|
    +-----------+--------------------------------------------------------------+---------+---+----+-----+------+-----+------+-------------+
    |buf_0_V_U  |xFMaxSuppressionRad1_5_0_1080_1920_5_0_1_12_1_1920_s_buf_0_V  |        4|  0|   0|    0|  1920|   32|     1|        61440|
    |buf_1_V_U  |xFMaxSuppressionRad1_5_0_1080_1920_5_0_1_12_1_1920_s_buf_0_V  |        4|  0|   0|    0|  1920|   32|     1|        61440|
    |buf_2_V_U  |xFMaxSuppressionRad1_5_0_1080_1920_5_0_1_12_1_1920_s_buf_0_V  |        4|  0|   0|    0|  1920|   32|     1|        61440|
    +-----------+--------------------------------------------------------------+---------+---+----+-----+------+-----+------+-------------+
    |Total      |                                                              |       12|  0|   0|    0|  5760|   96|     3|       184320|
    +-----------+--------------------------------------------------------------+---------+---+----+-----+------+-----+------+-------------+

    * FIFO: 
    N/A

    * Expression: 
    +----------------------------------+----------+----+---+----+------------+------------+
    |           Variable Name          | Operation| DSP| FF| LUT| Bitwidth P0| Bitwidth P1|
    +----------------------------------+----------+----+---+----+------------+------------+
    |add_ln695_5_fu_786_p2             |     +    |   0|  0|  20|          13|           1|
    |add_ln695_6_fu_806_p2             |     +    |   0|  0|  20|          13|           1|
    |add_ln695_7_fu_817_p2             |     +    |   0|  0|  18|          11|           1|
    |add_ln695_fu_489_p2               |     +    |   0|  0|  18|          11|           1|
    |write_index_3_fu_755_p2           |     +    |   0|  0|  39|           1|          32|
    |ap_block_pp0_stage0_11001         |    and   |   0|  0|   2|           1|           1|
    |ap_block_state3_pp0_stage0_iter1  |    and   |   0|  0|   2|           1|           1|
    |ap_block_state7                   |    and   |   0|  0|   2|           1|           1|
    |grp_fu_427_p2                     |   icmp   |   0|  0|  13|          13|           1|
    |grp_fu_433_p2                     |   icmp   |   0|  0|  13|          13|           1|
    |grp_fu_439_p2                     |   icmp   |   0|  0|  13|          13|           2|
    |icmp_ln167_fu_484_p2              |   icmp   |   0|  0|  13|          11|          11|
    |icmp_ln205_fu_705_p2              |   icmp   |   0|  0|  13|          13|           1|
    |icmp_ln256_fu_812_p2              |   icmp   |   0|  0|  13|          11|          11|
    |icmp_ln874_3_fu_792_p2            |   icmp   |   0|  0|  13|          13|           2|
    |icmp_ln882_fu_513_p2              |   icmp   |   0|  0|  13|          13|          13|
    |or_ln1353_1_fu_868_p2             |    or    |   0|  0|   8|           8|           8|
    |or_ln1353_fu_749_p2               |    or    |   0|  0|   8|           8|           8|
    |or_ln183_fu_550_p2                |    or    |   0|  0|   2|           1|           1|
    |or_ln237_fu_603_p2                |    or    |   0|  0|   2|           1|           1|
    |select_ln183_1_fu_556_p3          |  select  |   0|  0|   2|           1|           2|
    |select_ln183_2_fu_565_p3          |  select  |   0|  0|   3|           1|           1|
    |select_ln183_3_fu_573_p3          |  select  |   0|  0|   2|           1|           2|
    |select_ln183_4_fu_582_p3          |  select  |   0|  0|   2|           1|           1|
    |select_ln183_5_fu_590_p3          |  select  |   0|  0|   2|           1|           2|
    |select_ln183_fu_542_p3            |  select  |   0|  0|   3|           1|           3|
    |select_ln191_1_fu_526_p3          |  select  |   0|  0|   2|           1|           1|
    |select_ln191_2_fu_534_p3          |  select  |   0|  0|   3|           1|           3|
    |select_ln191_fu_518_p3            |  select  |   0|  0|   2|           1|           1|
    |select_ln229_fu_798_p3            |  select  |   0|  0|  13|           1|           1|
    |select_ln237_1_fu_617_p3          |  select  |   0|  0|   2|           1|           2|
    |select_ln237_2_fu_625_p3          |  select  |   0|  0|   3|           1|           1|
    |select_ln237_3_fu_633_p3          |  select  |   0|  0|   2|           1|           1|
    |select_ln237_4_fu_641_p3          |  select  |   0|  0|   2|           1|           2|
    |select_ln237_5_fu_649_p3          |  select  |   0|  0|   2|           1|           1|
    |select_ln237_6_fu_657_p3          |  select  |   0|  0|   3|           1|           3|
    |select_ln237_7_fu_665_p3          |  select  |   0|  0|   2|           1|           2|
    |select_ln237_fu_609_p3            |  select  |   0|  0|   3|           1|           3|
    |select_ln304_fu_711_p3            |  select  |   0|  0|   2|           1|           2|
    |select_ln550_1_fu_846_p3          |  select  |   0|  0|   8|           1|           8|
    |select_ln550_fu_727_p3            |  select  |   0|  0|   8|           1|           8|
    |shl_ln785_1_fu_858_p2             |    shl   |   0|  0|  97|          32|          32|
    |shl_ln785_fu_739_p2               |    shl   |   0|  0|  97|          32|          32|
    |ap_enable_pp0                     |    xor   |   0|  0|   2|           1|           2|
    |ap_enable_reg_pp0_iter1           |    xor   |   0|  0|   2|           2|           1|
    +----------------------------------+----------+----+---+----+------------+------------+
    |Total                             |          |   0|  0| 514|         258|         216|
    +----------------------------------+----------+----+---+----+------------+------------+

    * Multiplexer: 
    +--------------------------------------------------------------------+----+-----------+-----+-----------+
    |                                Name                                | LUT| Input Size| Bits| Total Bits|
    +--------------------------------------------------------------------+----+-----------+-----+-----------+
    |Array_V_0_1_fu_118                                                  |   9|          2|    8|         16|
    |P0_V_1_reg_339                                                      |   9|          2|    8|         16|
    |ap_NS_fsm                                                           |  53|         12|    1|         12|
    |ap_enable_reg_pp0_iter1                                             |  15|          3|    1|          3|
    |buf_0_V_address1                                                    |  21|          4|   11|         44|
    |buf_0_V_ce0                                                         |   9|          2|    1|          2|
    |buf_0_V_ce1                                                         |  15|          3|    1|          3|
    |buf_0_V_d1                                                          |  15|          3|   32|         96|
    |buf_0_V_we1                                                         |  15|          3|    1|          3|
    |buf_1_V_address1                                                    |  21|          4|   11|         44|
    |buf_1_V_ce0                                                         |   9|          2|    1|          2|
    |buf_1_V_ce1                                                         |  15|          3|    1|          3|
    |buf_1_V_d1                                                          |  21|          4|   32|        128|
    |buf_1_V_we1                                                         |  15|          3|    1|          3|
    |buf_2_V_address1                                                    |  15|          3|   11|         33|
    |buf_2_V_ce0                                                         |   9|          2|    1|          2|
    |buf_2_V_ce1                                                         |  15|          3|    1|          3|
    |buf_2_V_d1                                                          |  15|          3|   32|         96|
    |buf_2_V_we1                                                         |  15|          3|    1|          3|
    |empty_63_reg_352                                                    |   9|          2|   11|         22|
    |empty_reg_282                                                       |   9|          2|   13|         26|
    |grp_ProcessMax1_5_0_1080_1920_5_0_1_12_1_1920_s_fu_363_bottom       |  15|          3|    2|          6|
    |grp_ProcessMax1_5_0_1080_1920_5_0_1_12_1_1920_s_fu_363_flag_offset  |  15|          3|    1|          3|
    |grp_ProcessMax1_5_0_1080_1920_5_0_1_12_1_1920_s_fu_363_mid          |  15|          3|    2|          6|
    |grp_ProcessMax1_5_0_1080_1920_5_0_1_12_1_1920_s_fu_363_p_read10     |  15|          3|    8|         24|
    |grp_ProcessMax1_5_0_1080_1920_5_0_1_12_1_1920_s_fu_363_tp           |  15|          3|    2|          6|
    |out_harris_mat_420_blk_n                                            |   9|          2|    1|          2|
    |out_harris_mat_420_din                                              |  15|          3|    8|         24|
    |out_harris_mat_420_write                                            |  15|          3|    1|          3|
    |read_index_0_reg_272                                                |   9|          2|   32|         64|
    |read_index_reg_213                                                  |   9|          2|   11|         22|
    |row_ind_V_reg_294                                                   |   9|          2|   13|         26|
    |shift_0_fu_110                                                      |   9|          2|   16|         32|
    |thresh_48_blk_n                                                     |   9|          2|    1|          2|
    |thresh_48_read                                                      |  15|          3|    1|          3|
    |write_index_2_fu_114                                                |  15|          3|   32|         96|
    +--------------------------------------------------------------------+----+-----------+-----+-----------+
    |Total                                                               | 518|        107|  311|        879|
    +--------------------------------------------------------------------+----+-----------+-----+-----------+

    * Register: 
    +---------------------------------------------------------------------+----+----+-----+-----------+
    |                                 Name                                | FF | LUT| Bits| Const Bits|
    +---------------------------------------------------------------------+----+----+-----+-----------+
    |Array_V_0_1_fu_118                                                   |   8|   0|    8|          0|
    |P0_V_0_reg_260                                                       |   8|   0|    8|          0|
    |P0_V_1_reg_339                                                       |   8|   0|    8|          0|
    |add_ln695_6_reg_1013                                                 |  13|   0|   13|          0|
    |ap_CS_fsm                                                            |  11|   0|   11|          0|
    |ap_enable_reg_pp0_iter0                                              |   1|   0|    1|          0|
    |ap_enable_reg_pp0_iter1                                              |   1|   0|    1|          0|
    |bottom_V_reg_328                                                     |   2|   0|    2|          0|
    |conv3_i_i325_reg_886                                                 |  11|   0|   32|         21|
    |empty_63_reg_352                                                     |  11|   0|   11|          0|
    |empty_reg_282                                                        |  13|   0|   13|          0|
    |grp_ProcessMax1_5_0_1080_1920_5_0_1_12_1_1920_s_fu_363_ap_start_reg  |   1|   0|    1|          0|
    |icmp_ln167_reg_891                                                   |   1|   0|    1|          0|
    |icmp_ln205_reg_999                                                   |   1|   0|    1|          0|
    |l00_buf_V_2_0_reg_248                                                |  32|   0|   32|          0|
    |l00_buf_V_2_reg_984                                                  |  32|   0|   32|          0|
    |l10_buf_V_2_0_reg_236                                                |  32|   0|   32|          0|
    |l10_buf_V_2_reg_989                                                  |  32|   0|   32|          0|
    |l20_buf_V_2_0_reg_224                                                |  32|   0|   32|          0|
    |l20_buf_V_2_reg_994                                                  |  32|   0|   32|          0|
    |mid_V_reg_317                                                        |   2|   0|    2|          0|
    |or_ln1353_1_reg_1026                                                 |   8|   0|    8|          0|
    |or_ln1353_reg_1003                                                   |   8|   0|    8|          0|
    |read_index_0_reg_272                                                 |  32|   0|   32|          0|
    |read_index_1_reg_979                                                 |  32|   0|   32|          0|
    |read_index_reg_213                                                   |  11|   0|   11|          0|
    |reg_465                                                              |  16|   0|   16|          0|
    |reg_470                                                              |  32|   0|   32|          0|
    |reg_475                                                              |   8|   0|    8|          0|
    |row_ind_V_reg_294                                                    |  13|   0|   13|          0|
    |select_ln183_1_reg_941                                               |   2|   0|    2|          0|
    |select_ln183_3_reg_947                                               |   2|   0|    2|          0|
    |select_ln183_5_reg_953                                               |   2|   0|    2|          0|
    |select_ln229_reg_1008                                                |  13|   0|   13|          0|
    |select_ln237_1_reg_959                                               |   2|   0|    2|          0|
    |select_ln237_4_reg_964                                               |   2|   0|    2|          0|
    |select_ln237_7_reg_969                                               |   2|   0|    2|          0|
    |shift_0_fu_110                                                       |  16|   0|   16|          0|
    |tp_V_reg_306                                                         |   2|   0|    2|          0|
    |trunc_ln882_reg_932                                                  |   2|   0|    2|          0|
    |write_index_2_fu_114                                                 |  32|   0|   32|          0|
    |zext_ln178_reg_927                                                   |  11|   0|   13|          2|
    |zext_ln538_reg_900                                                   |  11|   0|   64|         53|
    +---------------------------------------------------------------------+----+----+-----+-----------+
    |Total                                                                | 543|   0|  619|         76|
    +---------------------------------------------------------------------+----+----+-----+-----------+



================================================================
== Interface
================================================================
* Summary: 
+---------------------------+-----+-----+------------+--------------------------------------------------------------+--------------+
|         RTL Ports         | Dir | Bits|  Protocol  |                         Source Object                        |    C Type    |
+---------------------------+-----+-----+------------+--------------------------------------------------------------+--------------+
|ap_clk                     |  in |    1| ap_ctrl_hs | xFMaxSuppressionRad1<5, 0, 1080, 1920, 5, 0, 1, 12, 1, 1920> | return value |
|ap_rst                     |  in |    1| ap_ctrl_hs | xFMaxSuppressionRad1<5, 0, 1080, 1920, 5, 0, 1, 12, 1, 1920> | return value |
|ap_start                   |  in |    1| ap_ctrl_hs | xFMaxSuppressionRad1<5, 0, 1080, 1920, 5, 0, 1, 12, 1, 1920> | return value |
|ap_done                    | out |    1| ap_ctrl_hs | xFMaxSuppressionRad1<5, 0, 1080, 1920, 5, 0, 1, 12, 1, 1920> | return value |
|ap_idle                    | out |    1| ap_ctrl_hs | xFMaxSuppressionRad1<5, 0, 1080, 1920, 5, 0, 1, 12, 1, 1920> | return value |
|ap_ready                   | out |    1| ap_ctrl_hs | xFMaxSuppressionRad1<5, 0, 1080, 1920, 5, 0, 1, 12, 1, 1920> | return value |
|thresh_48_dout             |  in |   32|   ap_fifo  |                           thresh_48                          |    pointer   |
|thresh_48_empty_n          |  in |    1|   ap_fifo  |                           thresh_48                          |    pointer   |
|thresh_48_read             | out |    1|   ap_fifo  |                           thresh_48                          |    pointer   |
|out_harris_mat_420_din     | out |    8|   ap_fifo  |                      out_harris_mat_420                      |    pointer   |
|out_harris_mat_420_full_n  |  in |    1|   ap_fifo  |                      out_harris_mat_420                      |    pointer   |
|out_harris_mat_420_write   | out |    1|   ap_fifo  |                      out_harris_mat_420                      |    pointer   |
|img_height                 |  in |   11|   ap_none  |                          img_height                          |    scalar    |
|img_width                  |  in |   11|   ap_none  |                           img_width                          |    scalar    |
+---------------------------+-----+-----+------------+--------------------------------------------------------------+--------------+

