

================================================================
== Vitis HLS Report for 'xFMaxSuppression_5_0_1080_1920_5_0_1_12_1_s'
================================================================
* Date:           Thu Mar 25 14:57:25 2021

* Version:        2020.1.1 (Build 2960000 on Wed Aug 05 23:18:37 MDT 2020)
* Project:        cornerTracker
* Solution:       solution (Vitis Kernel Flow Target)
* Product family: zynquplus
* Target device:  xczu7ev-ffvc1156-2-e


================================================================
== Performance Estimates
================================================================
+ Timing: 
    * Summary: 
    +--------+---------+----------+------------+
    |  Clock |  Target | Estimated| Uncertainty|
    +--------+---------+----------+------------+
    |ap_clk  | 6.67 ns | 4.133 ns |   1.80 ns  |
    +--------+---------+----------+------------+

+ Latency: 
    * Summary: 
    +---------+---------+-----------+-----------+---------+---------+---------+
    |  Latency (cycles) |   Latency (absolute)  |      Interval     | Pipeline|
    |   min   |   max   |    min    |    max    |   min   |   max   |   Type  |
    +---------+---------+-----------+-----------+---------+---------+---------+
    |  2089093|  2089093| 13.928 ms | 13.928 ms |  2089093|  2089093|   none  |
    +---------+---------+-----------+-----------+---------+---------+---------+

    + Detail: 
        * Instance: 
        +----------------------------------------------------------------+------------------------------------------------------+---------+---------+-----------+-----------+---------+---------+---------+
        |                                                                |                                                      |  Latency (cycles) |   Latency (absolute)  |      Interval     | Pipeline|
        |                            Instance                            |                        Module                        |   min   |   max   |    min    |    max    |   min   |   max   |   Type  |
        +----------------------------------------------------------------+------------------------------------------------------+---------+---------+-----------+-----------+---------+---------+---------+
        |grp_xFMaxSuppressionRad1_5_0_1080_1920_5_0_1_12_1_1920_s_fu_42  |xFMaxSuppressionRad1_5_0_1080_1920_5_0_1_12_1_1920_s  |  2089092|  2089092| 13.928 ms | 13.928 ms |  2089092|  2089092|   none  |
        +----------------------------------------------------------------+------------------------------------------------------+---------+---------+-----------+-----------+---------+---------+---------+

        * Loop: 
        N/A



================================================================
== Utilization Estimates
================================================================
* Summary: 
+-----------------+---------+------+--------+--------+-----+
|       Name      | BRAM_18K|  DSP |   FF   |   LUT  | URAM|
+-----------------+---------+------+--------+--------+-----+
|DSP              |        -|     -|       -|       -|    -|
|Expression       |        -|     -|       0|       2|    -|
|FIFO             |        -|     -|       -|       -|    -|
|Instance         |       12|     -|    1083|    1765|    -|
|Memory           |        -|     -|       -|       -|    -|
|Multiplexer      |        -|     -|       -|      60|    -|
|Register         |        -|     -|      26|       -|    -|
+-----------------+---------+------+--------+--------+-----+
|Total            |       12|     0|    1109|    1827|    0|
+-----------------+---------+------+--------+--------+-----+
|Available        |      624|  1728|  460800|  230400|   96|
+-----------------+---------+------+--------+--------+-----+
|Utilization (%)  |        1|     0|   ~0   |   ~0   |    0|
+-----------------+---------+------+--------+--------+-----+

+ Detail: 
    * Instance: 
    +----------------------------------------------------------------+------------------------------------------------------+---------+----+------+------+-----+
    |                            Instance                            |                        Module                        | BRAM_18K| DSP|  FF  |  LUT | URAM|
    +----------------------------------------------------------------+------------------------------------------------------+---------+----+------+------+-----+
    |grp_xFMaxSuppressionRad1_5_0_1080_1920_5_0_1_12_1_1920_s_fu_42  |xFMaxSuppressionRad1_5_0_1080_1920_5_0_1_12_1_1920_s  |       12|   0|  1083|  1765|    0|
    +----------------------------------------------------------------+------------------------------------------------------+---------+----+------+------+-----+
    |Total                                                           |                                                      |       12|   0|  1083|  1765|    0|
    +----------------------------------------------------------------+------------------------------------------------------+---------+----+------+------+-----+

    * DSP: 
    N/A

    * Memory: 
    N/A

    * FIFO: 
    N/A

    * Expression: 
    +-----------------+----------+----+---+----+------------+------------+
    |  Variable Name  | Operation| DSP| FF| LUT| Bitwidth P0| Bitwidth P1|
    +-----------------+----------+----+---+----+------------+------------+
    |ap_block_state1  |    or    |   0|  0|   2|           1|           1|
    +-----------------+----------+----+---+----+------------+------------+
    |Total            |          |   0|  0|   2|           1|           1|
    +-----------------+----------+----+---+----+------------+------------+

    * Multiplexer: 
    +--------------------------+----+-----------+-----+-----------+
    |           Name           | LUT| Input Size| Bits| Total Bits|
    +--------------------------+----+-----------+-----+-----------+
    |ap_NS_fsm                 |  15|          3|    1|          3|
    |ap_done                   |   9|          2|    1|          2|
    |img_height_blk_n          |   9|          2|    1|          2|
    |img_width_blk_n           |   9|          2|    1|          2|
    |out_harris_mat_420_write  |   9|          2|    1|          2|
    |thresh_48_read            |   9|          2|    1|          2|
    +--------------------------+----+-----------+-----+-----------+
    |Total                     |  60|         13|    6|         13|
    +--------------------------+----+-----------+-----+-----------+

    * Register: 
    +-----------------------------------------------------------------------------+----+----+-----+-----------+
    |                                     Name                                    | FF | LUT| Bits| Const Bits|
    +-----------------------------------------------------------------------------+----+----+-----+-----------+
    |ap_CS_fsm                                                                    |   2|   0|    2|          0|
    |ap_done_reg                                                                  |   1|   0|    1|          0|
    |grp_xFMaxSuppressionRad1_5_0_1080_1920_5_0_1_12_1_1920_s_fu_42_ap_start_reg  |   1|   0|    1|          0|
    |img_height_read_reg_54                                                       |  11|   0|   11|          0|
    |img_width_read_reg_59                                                        |  11|   0|   11|          0|
    +-----------------------------------------------------------------------------+----+----+-----+-----------+
    |Total                                                                        |  26|   0|   26|          0|
    +-----------------------------------------------------------------------------+----+----+-----+-----------+



================================================================
== Interface
================================================================
* Summary: 
+---------------------------+-----+-----+------------+----------------------------------------------------+--------------+
|         RTL Ports         | Dir | Bits|  Protocol  |                    Source Object                   |    C Type    |
+---------------------------+-----+-----+------------+----------------------------------------------------+--------------+
|ap_clk                     |  in |    1| ap_ctrl_hs | xFMaxSuppression<5, 0, 1080, 1920, 5, 0, 1, 12, 1> | return value |
|ap_rst                     |  in |    1| ap_ctrl_hs | xFMaxSuppression<5, 0, 1080, 1920, 5, 0, 1, 12, 1> | return value |
|ap_start                   |  in |    1| ap_ctrl_hs | xFMaxSuppression<5, 0, 1080, 1920, 5, 0, 1, 12, 1> | return value |
|ap_done                    | out |    1| ap_ctrl_hs | xFMaxSuppression<5, 0, 1080, 1920, 5, 0, 1, 12, 1> | return value |
|ap_continue                |  in |    1| ap_ctrl_hs | xFMaxSuppression<5, 0, 1080, 1920, 5, 0, 1, 12, 1> | return value |
|ap_idle                    | out |    1| ap_ctrl_hs | xFMaxSuppression<5, 0, 1080, 1920, 5, 0, 1, 12, 1> | return value |
|ap_ready                   | out |    1| ap_ctrl_hs | xFMaxSuppression<5, 0, 1080, 1920, 5, 0, 1, 12, 1> | return value |
|thresh_48_dout             |  in |   32|   ap_fifo  |                      thresh_48                     |    pointer   |
|thresh_48_empty_n          |  in |    1|   ap_fifo  |                      thresh_48                     |    pointer   |
|thresh_48_read             | out |    1|   ap_fifo  |                      thresh_48                     |    pointer   |
|out_harris_mat_420_din     | out |    8|   ap_fifo  |                 out_harris_mat_420                 |    pointer   |
|out_harris_mat_420_full_n  |  in |    1|   ap_fifo  |                 out_harris_mat_420                 |    pointer   |
|out_harris_mat_420_write   | out |    1|   ap_fifo  |                 out_harris_mat_420                 |    pointer   |
|img_height_dout            |  in |   11|   ap_fifo  |                     img_height                     |    pointer   |
|img_height_empty_n         |  in |    1|   ap_fifo  |                     img_height                     |    pointer   |
|img_height_read            | out |    1|   ap_fifo  |                     img_height                     |    pointer   |
|img_width_dout             |  in |   11|   ap_fifo  |                      img_width                     |    pointer   |
|img_width_empty_n          |  in |    1|   ap_fifo  |                      img_width                     |    pointer   |
|img_width_read             | out |    1|   ap_fifo  |                      img_width                     |    pointer   |
+---------------------------+-----+-----+------------+----------------------------------------------------+--------------+

