

================================================================
== Vitis HLS Report for 'xFSobelFilter3x3_0_2_1080_1920_1_0_3_1_1_5_1920_false_s'
================================================================
* Date:           Thu Mar 25 14:57:22 2021

* Version:        2020.1.1 (Build 2960000 on Wed Aug 05 23:18:37 MDT 2020)
* Project:        cornerTracker
* Solution:       solution (Vitis Kernel Flow Target)
* Product family: zynquplus
* Target device:  xczu7ev-ffvc1156-2-e


================================================================
== Performance Estimates
================================================================
+ Timing: 
    * Summary: 
    +--------+---------+----------+------------+
    |  Clock |  Target | Estimated| Uncertainty|
    +--------+---------+----------+------------+
    |ap_clk  | 6.67 ns | 3.529 ns |   1.80 ns  |
    +--------+---------+----------+------------+

+ Latency: 
    * Summary: 
    +---------+---------+-----------+-----------+---------+---------+---------+
    |  Latency (cycles) |   Latency (absolute)  |      Interval     | Pipeline|
    |   min   |   max   |    min    |    max    |   min   |   max   |   Type  |
    +---------+---------+-----------+-----------+---------+---------+---------+
    |  2082003|  2082003| 13.881 ms | 13.881 ms |  2082003|  2082003|   none  |
    +---------+---------+-----------+-----------+---------+---------+---------+

    + Detail: 
        * Instance: 
        +---------------------------------------+----------------------+---------+---------+----------+----------+-----+-----+----------+
        |                                       |                      |  Latency (cycles) |  Latency (absolute) |  Interval | Pipeline |
        |                Instance               |        Module        |   min   |   max   |    min   |    max   | min | max |   Type   |
        +---------------------------------------+----------------------+---------+---------+----------+----------+-----+-----+----------+
        |call_ret_xFSobel3x3_1_1_0_3_s_fu_332   |xFSobel3x3_1_1_0_3_s  |        0|        0|   0 ns   |   0 ns   |    1|    1| function |
        |p_Repl2_s_xFGradientX3x3_0_3_s_fu_349  |xFGradientX3x3_0_3_s  |        0|        0|   0 ns   |   0 ns   |    1|    1| function |
        |p_Repl2_2_xFGradientY3x3_0_3_s_fu_365  |xFGradientY3x3_0_3_s  |        0|        0|   0 ns   |   0 ns   |    1|    1| function |
        +---------------------------------------+----------------------+---------+---------+----------+----------+-----+-----+----------+

        * Loop: 
        +------------------+---------+---------+----------+-----------+-----------+------+----------+
        |                  |  Latency (cycles) | Iteration|  Initiation Interval  | Trip |          |
        |     Loop Name    |   min   |   max   |  Latency |  achieved |   target  | Count| Pipelined|
        +------------------+---------+---------+----------+-----------+-----------+------+----------+
        |- Clear_Row_Loop  |     1920|     1920|         2|          1|          1|  1920|    yes   |
        |- Row_Loop        |  2080080|  2080080|      1926|          -|          -|  1080|    no    |
        | + Col_Loop       |     1923|     1923|         5|          1|          1|  1920|    yes   |
        +------------------+---------+---------+----------+-----------+-----------+------+----------+



================================================================
== Utilization Estimates
================================================================
* Summary: 
+-----------------+---------+------+--------+--------+-----+
|       Name      | BRAM_18K|  DSP |   FF   |   LUT  | URAM|
+-----------------+---------+------+--------+--------+-----+
|DSP              |        -|     -|       -|       -|    -|
|Expression       |        -|     -|       0|     231|    -|
|FIFO             |        -|     -|       -|       -|    -|
|Instance         |        -|     -|       0|     403|    -|
|Memory           |        3|     -|       0|       0|    -|
|Multiplexer      |        -|     -|       -|     398|    -|
|Register         |        -|     -|     384|      64|    -|
+-----------------+---------+------+--------+--------+-----+
|Total            |        3|     0|     384|    1096|    0|
+-----------------+---------+------+--------+--------+-----+
|Available        |      624|  1728|  460800|  230400|   96|
+-----------------+---------+------+--------+--------+-----+
|Utilization (%)  |    ~0   |     0|   ~0   |   ~0   |    0|
+-----------------+---------+------+--------+--------+-----+

+ Detail: 
    * Instance: 
    +---------------------------------------+----------------------+---------+----+---+-----+-----+
    |                Instance               |        Module        | BRAM_18K| DSP| FF| LUT | URAM|
    +---------------------------------------+----------------------+---------+----+---+-----+-----+
    |mux_32_8_1_1_U113                      |mux_32_8_1_1          |        0|   0|  0|   13|    0|
    |mux_32_8_1_1_U114                      |mux_32_8_1_1          |        0|   0|  0|   13|    0|
    |mux_32_8_1_1_U115                      |mux_32_8_1_1          |        0|   0|  0|   13|    0|
    |p_Repl2_s_xFGradientX3x3_0_3_s_fu_349  |xFGradientX3x3_0_3_s  |        0|   0|  0|   91|    0|
    |p_Repl2_2_xFGradientY3x3_0_3_s_fu_365  |xFGradientY3x3_0_3_s  |        0|   0|  0|   91|    0|
    |call_ret_xFSobel3x3_1_1_0_3_s_fu_332   |xFSobel3x3_1_1_0_3_s  |        0|   0|  0|  182|    0|
    +---------------------------------------+----------------------+---------+----+---+-----+-----+
    |Total                                  |                      |        0|   0|  0|  403|    0|
    +---------------------------------------+----------------------+---------+----+---+-----+-----+

    * DSP: 
    N/A

    * Memory: 
    +-----------+-----------------------------------------------------------------+---------+---+----+-----+------+-----+------+-------------+
    |   Memory  |                              Module                             | BRAM_18K| FF| LUT| URAM| Words| Bits| Banks| W*Bits*Banks|
    +-----------+-----------------------------------------------------------------+---------+---+----+-----+------+-----+------+-------------+
    |buf_0_V_U  |xFSobelFilter3x3_0_2_1080_1920_1_0_3_1_1_5_1920_false_s_buf_0_V  |        1|  0|   0|    0|  1920|    8|     1|        15360|
    |buf_1_V_U  |xFSobelFilter3x3_0_2_1080_1920_1_0_3_1_1_5_1920_false_s_buf_0_V  |        1|  0|   0|    0|  1920|    8|     1|        15360|
    |buf_2_V_U  |xFSobelFilter3x3_0_2_1080_1920_1_0_3_1_1_5_1920_false_s_buf_0_V  |        1|  0|   0|    0|  1920|    8|     1|        15360|
    +-----------+-----------------------------------------------------------------+---------+---+----+-----+------+-----+------+-------------+
    |Total      |                                                                 |        3|  0|   0|    0|  5760|   24|     3|        46080|
    +-----------+-----------------------------------------------------------------+---------+---+----+-----+------+-----+------+-------------+

    * FIFO: 
    N/A

    * Expression: 
    +-----------------------------------+----------+----+---+----+------------+------------+
    |           Variable Name           | Operation| DSP| FF| LUT| Bitwidth P0| Bitwidth P1|
    +-----------------------------------+----------+----+---+----+------------+------------+
    |add_ln353_fu_409_p2                |     +    |   0|  0|  19|          12|           1|
    |add_ln695_1_fu_588_p2              |     +    |   0|  0|  20|          13|           1|
    |add_ln695_2_fu_608_p2              |     +    |   0|  0|  19|          12|           1|
    |add_ln695_3_fu_509_p2              |     +    |   0|  0|  18|          11|           1|
    |add_ln695_fu_395_p2                |     +    |   0|  0|  18|          11|           1|
    |ap_block_pp0_stage0_11001          |    and   |   0|  0|   2|           1|           1|
    |ap_block_state3_pp0_stage0_iter1   |    and   |   0|  0|   2|           1|           1|
    |ap_block_state7_pp1_stage0_iter1   |    and   |   0|  0|   2|           1|           1|
    |ap_condition_347                   |    and   |   0|  0|   2|           1|           1|
    |ap_condition_594                   |    and   |   0|  0|   2|           1|           1|
    |ap_condition_598                   |    and   |   0|  0|   2|           1|           1|
    |ap_predicate_op96_read_state7      |    and   |   0|  0|   2|           1|           1|
    |cmp_i_i548_i_fu_495_p2             |   icmp   |   0|  0|  13|          12|          12|
    |icmp_ln216_fu_504_p2               |   icmp   |   0|  0|  13|          11|          11|
    |icmp_ln341_fu_390_p2               |   icmp   |   0|  0|  13|          11|          11|
    |icmp_ln353_fu_415_p2               |   icmp   |   0|  0|  13|          12|          12|
    |icmp_ln874_1_fu_594_p2             |   icmp   |   0|  0|  13|          13|           2|
    |icmp_ln874_2_fu_522_p2             |   icmp   |   0|  0|  13|          11|           1|
    |icmp_ln874_fu_450_p2               |   icmp   |   0|  0|  13|          13|           1|
    |ap_block_pp1_stage0_01001          |    or    |   0|  0|   2|           1|           1|
    |ap_block_state10_pp1_stage0_iter4  |    or    |   0|  0|   2|           1|           1|
    |ap_block_state11                   |    or    |   0|  0|   2|           1|           1|
    |select_ln366_1_fu_464_p3           |  select  |   0|  0|   2|           1|           1|
    |select_ln366_2_fu_472_p3           |  select  |   0|  0|   3|           1|           3|
    |select_ln366_fu_456_p3             |  select  |   0|  0|   2|           1|           1|
    |select_ln426_fu_600_p3             |  select  |   0|  0|  13|           1|           1|
    |ap_enable_pp0                      |    xor   |   0|  0|   2|           1|           2|
    |ap_enable_pp1                      |    xor   |   0|  0|   2|           1|           2|
    |ap_enable_reg_pp0_iter1            |    xor   |   0|  0|   2|           2|           1|
    +-----------------------------------+----------+----+---+----+------------+------------+
    |Total                              |          |   0|  0| 231|         160|          76|
    +-----------------------------------+----------+----+---+----+------------+------------+

    * Multiplexer: 
    +---------------------------------------+----+-----------+-----+-----------+
    |                  Name                 | LUT| Input Size| Bits| Total Bits|
    +---------------------------------------+----+-----------+-----+-----------+
    |ap_NS_fsm                              |  38|          7|    1|          7|
    |ap_enable_reg_pp0_iter1                |  15|          3|    1|          3|
    |ap_enable_reg_pp1_iter3                |   9|          2|    1|          2|
    |ap_enable_reg_pp1_iter4                |  15|          3|    1|          3|
    |ap_phi_mux_empty_61_phi_fu_249_p4      |   9|          2|   11|         22|
    |ap_phi_mux_p_Val2_1_phi_fu_285_p4      |   9|          2|    8|         16|
    |ap_phi_mux_p_Val2_2_phi_fu_261_p4      |   9|          2|    8|         16|
    |ap_phi_mux_p_Val2_s_phi_fu_323_p4      |   9|          2|    8|         16|
    |ap_phi_mux_src_buf1_0_V_phi_fu_311_p4  |   9|          2|    8|         16|
    |ap_phi_mux_src_buf3_0_V_phi_fu_299_p4  |   9|          2|    8|         16|
    |buf_0_V_address1                       |  15|          3|   11|         33|
    |buf_0_V_d1                             |  15|          3|    8|         24|
    |buf_1_V_address1                       |  15|          3|   11|         33|
    |buf_1_V_d1                             |  15|          3|    8|         24|
    |buf_2_V_d1                             |  15|          3|    8|         24|
    |empty_56_fu_98                         |  15|          3|    2|          6|
    |empty_57_fu_102                        |  15|          3|    2|          6|
    |empty_58_fu_106                        |  15|          3|    2|          6|
    |empty_59_reg_221                       |   9|          2|   12|         24|
    |empty_60_reg_233                       |   9|          2|   13|         26|
    |empty_61_reg_245                       |   9|          2|   11|         22|
    |empty_reg_210                          |   9|          2|   11|         22|
    |gradx_mat_49_blk_n                     |   9|          2|    1|          2|
    |gradx_mat_49_din                       |  15|          3|   16|         48|
    |grady_mat_410_blk_n                    |   9|          2|    1|          2|
    |grady_mat_410_din                      |  15|          3|   16|         48|
    |in_harris_mat_419_blk_n                |   9|          2|    1|          2|
    |p_Val2_1_reg_281                       |   9|          2|    8|         16|
    |p_Val2_2_reg_257                       |   9|          2|    8|         16|
    |p_Val2_s_reg_319                       |   9|          2|    8|         16|
    |src_buf1_0_V_reg_307                   |   9|          2|    8|         16|
    |src_buf2_0_V_reg_269                   |   9|          2|    8|         16|
    |src_buf3_0_V_reg_294                   |   9|          2|    8|         16|
    +---------------------------------------+----+-----------+-----+-----------+
    |Total                                  | 398|         83|  237|        565|
    +---------------------------------------+----+-----------+-----+-----------+

    * Register: 
    +-------------------------------+----+----+-----+-----------+
    |              Name             | FF | LUT| Bits| Const Bits|
    +-------------------------------+----+----+-----+-----------+
    |GradientValuesX_0_V_1_reg_733  |  16|   0|   16|          0|
    |GradientValuesY_0_V_1_reg_738  |  16|   0|   16|          0|
    |add_ln353_reg_669              |  12|   0|   12|          0|
    |add_ln695_3_reg_690            |  11|   0|   11|          0|
    |ap_CS_fsm                      |   6|   0|    6|          0|
    |ap_enable_reg_pp0_iter0        |   1|   0|    1|          0|
    |ap_enable_reg_pp0_iter1        |   1|   0|    1|          0|
    |ap_enable_reg_pp1_iter0        |   1|   0|    1|          0|
    |ap_enable_reg_pp1_iter1        |   1|   0|    1|          0|
    |ap_enable_reg_pp1_iter2        |   1|   0|    1|          0|
    |ap_enable_reg_pp1_iter3        |   1|   0|    1|          0|
    |ap_enable_reg_pp1_iter4        |   1|   0|    1|          0|
    |buf_0_V_addr_1_reg_699         |  11|   0|   11|          0|
    |buf_1_V_addr_1_reg_704         |  11|   0|   11|          0|
    |buf_2_V_addr_reg_709           |  11|   0|   11|          0|
    |cmp_i_i548_i_reg_678           |   1|   0|    1|          0|
    |empty_56_fu_98                 |   2|   0|    2|          0|
    |empty_57_fu_102                |   2|   0|    2|          0|
    |empty_58_fu_106                |   2|   0|    2|          0|
    |empty_59_reg_221               |  12|   0|   12|          0|
    |empty_60_reg_233               |  13|   0|   13|          0|
    |empty_61_reg_245               |  11|   0|   11|          0|
    |empty_reg_210                  |  11|   0|   11|          0|
    |icmp_ln216_reg_686             |   1|   0|    1|          0|
    |icmp_ln341_reg_625             |   1|   0|    1|          0|
    |icmp_ln874_2_reg_714           |   1|   0|    1|          0|
    |img_height_cast2_reg_664       |  11|   0|   12|          1|
    |p_Val2_1_reg_281               |   8|   0|    8|          0|
    |p_Val2_2_reg_257               |   8|   0|    8|          0|
    |p_Val2_s_reg_319               |   8|   0|    8|          0|
    |p_load38_reg_695               |   2|   0|    2|          0|
    |src_buf1_0_V_reg_307           |   8|   0|    8|          0|
    |src_buf1_2_V_reg_718           |   8|   0|    8|          0|
    |src_buf2_0_V_reg_269           |   8|   0|    8|          0|
    |src_buf2_2_V_reg_723           |   8|   0|    8|          0|
    |src_buf3_0_V_reg_294           |   8|   0|    8|          0|
    |src_buf3_2_V_reg_728           |   8|   0|    8|          0|
    |trunc_ln324_reg_682            |   2|   0|    2|          0|
    |zext_ln538_reg_634             |  11|   0|   64|         53|
    |icmp_ln216_reg_686             |  64|  32|    1|          0|
    |icmp_ln874_2_reg_714           |  64|  32|    1|          0|
    +-------------------------------+----+----+-----+-----------+
    |Total                          | 384|  64|  312|         54|
    +-------------------------------+----+----+-----+-----------+



================================================================
== Interface
================================================================
* Summary: 
+---------------------------+-----+-----+------------+-------------------------------------------------------------------+--------------+
|         RTL Ports         | Dir | Bits|  Protocol  |                           Source Object                           |    C Type    |
+---------------------------+-----+-----+------------+-------------------------------------------------------------------+--------------+
|ap_clk                     |  in |    1| ap_ctrl_hs | xFSobelFilter3x3<0, 2, 1080, 1920, 1, 0, 3, 1, 1, 5, 1920, false> | return value |
|ap_rst                     |  in |    1| ap_ctrl_hs | xFSobelFilter3x3<0, 2, 1080, 1920, 1, 0, 3, 1, 1, 5, 1920, false> | return value |
|ap_start                   |  in |    1| ap_ctrl_hs | xFSobelFilter3x3<0, 2, 1080, 1920, 1, 0, 3, 1, 1, 5, 1920, false> | return value |
|ap_done                    | out |    1| ap_ctrl_hs | xFSobelFilter3x3<0, 2, 1080, 1920, 1, 0, 3, 1, 1, 5, 1920, false> | return value |
|ap_idle                    | out |    1| ap_ctrl_hs | xFSobelFilter3x3<0, 2, 1080, 1920, 1, 0, 3, 1, 1, 5, 1920, false> | return value |
|ap_ready                   | out |    1| ap_ctrl_hs | xFSobelFilter3x3<0, 2, 1080, 1920, 1, 0, 3, 1, 1, 5, 1920, false> | return value |
|in_harris_mat_419_dout     |  in |    8|   ap_fifo  |                         in_harris_mat_419                         |    pointer   |
|in_harris_mat_419_empty_n  |  in |    1|   ap_fifo  |                         in_harris_mat_419                         |    pointer   |
|in_harris_mat_419_read     | out |    1|   ap_fifo  |                         in_harris_mat_419                         |    pointer   |
|gradx_mat_49_din           | out |   16|   ap_fifo  |                            gradx_mat_49                           |    pointer   |
|gradx_mat_49_full_n        |  in |    1|   ap_fifo  |                            gradx_mat_49                           |    pointer   |
|gradx_mat_49_write         | out |    1|   ap_fifo  |                            gradx_mat_49                           |    pointer   |
|grady_mat_410_din          | out |   16|   ap_fifo  |                           grady_mat_410                           |    pointer   |
|grady_mat_410_full_n       |  in |    1|   ap_fifo  |                           grady_mat_410                           |    pointer   |
|grady_mat_410_write        | out |    1|   ap_fifo  |                           grady_mat_410                           |    pointer   |
|img_height                 |  in |   11|   ap_none  |                             img_height                            |    scalar    |
|img_width                  |  in |   11|   ap_none  |                             img_width                             |    scalar    |
+---------------------------+-----+-----+------------+-------------------------------------------------------------------+--------------+

