

================================================================
== Vitis HLS Report for 'xFSquare_2_2_1080_1920_3_3_1_5_5_1920_int_25'
================================================================
* Date:           Thu Mar 25 14:57:22 2021

* Version:        2020.1.1 (Build 2960000 on Wed Aug 05 23:18:37 MDT 2020)
* Project:        cornerTracker
* Solution:       solution (Vitis Kernel Flow Target)
* Product family: zynquplus
* Target device:  xczu7ev-ffvc1156-2-e


================================================================
== Performance Estimates
================================================================
+ Timing: 
    * Summary: 
    +--------+---------+----------+------------+
    |  Clock |  Target | Estimated| Uncertainty|
    +--------+---------+----------+------------+
    |ap_clk  | 6.67 ns | 3.676 ns |   1.80 ns  |
    +--------+---------+----------+------------+

+ Latency: 
    * Summary: 
    +---------+---------+-----------+-----------+------+---------+---------+
    |  Latency (cycles) |   Latency (absolute)  |    Interval    | Pipeline|
    |   min   |   max   |    min    |    max    |  min |   max   |   Type  |
    +---------+---------+-----------+-----------+------+---------+---------+
    |     2161|  2080081| 14.407 us | 13.868 ms |  2161|  2080081|   none  |
    +---------+---------+-----------+-----------+------+---------+---------+

    + Detail: 
        * Instance: 
        +--------------------------------------------+-------------------------+---------+---------+----------+----------+-----+-----+----------+
        |                                            |                         |  Latency (cycles) |  Latency (absolute) |  Interval | Pipeline |
        |                  Instance                  |          Module         |   min   |   max   |    min   |    max   | min | max |   Type   |
        +--------------------------------------------+-------------------------+---------+---------+----------+----------+-----+-----+----------+
        |src_buf_V_0_xfExtractPixels_1_5_3_s_fu_137  |xfExtractPixels_1_5_3_s  |        0|        0|   0 ns   |   0 ns   |    1|    1| function |
        +--------------------------------------------+-------------------------+---------+---------+----------+----------+-----+-----+----------+

        * Loop: 
        +-------------+---------+---------+----------+-----------+-----------+------+----------+
        |             |  Latency (cycles) | Iteration|  Initiation Interval  | Trip |          |
        |  Loop Name  |   min   |   max   |  Latency |  achieved |   target  | Count| Pipelined|
        +-------------+---------+---------+----------+-----------+-----------+------+----------+
        |- Row_Loop   |     2160|  2080080| 2 ~ 1926 |          -|          -|  1080|    no    |
        | + Col_Loop  |     1923|     1923|         5|          1|          1|  1920|    yes   |
        +-------------+---------+---------+----------+-----------+-----------+------+----------+



================================================================
== Utilization Estimates
================================================================
* Summary: 
+-----------------+---------+------+--------+--------+-----+
|       Name      | BRAM_18K|  DSP |   FF   |   LUT  | URAM|
+-----------------+---------+------+--------+--------+-----+
|DSP              |        -|     1|       -|       -|    -|
|Expression       |        -|     -|       0|     126|    -|
|FIFO             |        -|     -|       -|       -|    -|
|Instance         |        -|     -|       -|       -|    -|
|Memory           |        -|     -|       -|       -|    -|
|Multiplexer      |        -|     -|       -|     135|    -|
|Register         |        -|     -|     132|      32|    -|
+-----------------+---------+------+--------+--------+-----+
|Total            |        0|     1|     132|     293|    0|
+-----------------+---------+------+--------+--------+-----+
|Available        |      624|  1728|  460800|  230400|   96|
+-----------------+---------+------+--------+--------+-----+
|Utilization (%)  |        0|  ~0  |   ~0   |   ~0   |    0|
+-----------------+---------+------+--------+--------+-----+

+ Detail: 
    * Instance: 
    +--------------------------------------------+-------------------------+---------+----+---+----+-----+
    |                  Instance                  |          Module         | BRAM_18K| DSP| FF| LUT| URAM|
    +--------------------------------------------+-------------------------+---------+----+---+----+-----+
    |src_buf_V_0_xfExtractPixels_1_5_3_s_fu_137  |xfExtractPixels_1_5_3_s  |        0|   0|  0|   0|    0|
    +--------------------------------------------+-------------------------+---------+----+---+----+-----+
    |Total                                       |                         |        0|   0|  0|   0|    0|
    +--------------------------------------------+-------------------------+---------+----+---+----+-----+

    * DSP: 
    +-----------------------------+------------------------+-----------+
    |           Instance          |         Module         | Expression|
    +-----------------------------+------------------------+-----------+
    |mul_mul_16s_16s_22_4_1_U145  |mul_mul_16s_16s_22_4_1  |  i0 * i0  |
    +-----------------------------+------------------------+-----------+

    * Memory: 
    N/A

    * FIFO: 
    N/A

    * Expression: 
    +----------------------------------+----------+----+---+----+------------+------------+
    |           Variable Name          | Operation| DSP| FF| LUT| Bitwidth P0| Bitwidth P1|
    +----------------------------------+----------+----+---+----+------------+------------+
    |add_ln695_1_fu_154_p2             |     +    |   0|  0|  18|          11|           1|
    |add_ln695_fu_165_p2               |     +    |   0|  0|  18|          11|           1|
    |sub_ln69_fu_179_p2                |     -    |   0|  0|  23|           1|          16|
    |ap_block_state4_pp0_stage0_iter1  |    and   |   0|  0|   2|           1|           1|
    |ap_block_state7_pp0_stage0_iter4  |    and   |   0|  0|   2|           1|           1|
    |cmp_i_i163247_i_fu_143_p2         |   icmp   |   0|  0|  13|          11|           1|
    |icmp_ln91_fu_149_p2               |   icmp   |   0|  0|  13|          11|          11|
    |icmp_ln97_fu_160_p2               |   icmp   |   0|  0|  13|          11|          11|
    |ap_block_pp0_stage0_01001         |    or    |   0|  0|   2|           1|           1|
    |ap_block_state1                   |    or    |   0|  0|   2|           1|           1|
    |select_ln124_fu_185_p3            |  select  |   0|  0|  16|           1|          16|
    |ap_enable_pp0                     |    xor   |   0|  0|   2|           1|           2|
    |ap_enable_reg_pp0_iter1           |    xor   |   0|  0|   2|           2|           1|
    +----------------------------------+----------+----+---+----+------------+------------+
    |Total                             |          |   0|  0| 126|          64|          64|
    +----------------------------------+----------+----+---+----+------------+------------+

    * Multiplexer: 
    +-------------------------+----+-----------+-----+-----------+
    |           Name          | LUT| Input Size| Bits| Total Bits|
    +-------------------------+----+-----------+-----+-----------+
    |ap_NS_fsm                |  27|          5|    1|          5|
    |ap_done                  |   9|          2|    1|          2|
    |ap_enable_reg_pp0_iter1  |   9|          2|    1|          2|
    |ap_enable_reg_pp0_iter4  |   9|          2|    1|          2|
    |empty_54_reg_126         |   9|          2|   11|         22|
    |empty_reg_115            |   9|          2|   11|         22|
    |gradx1_mat_411_blk_n     |   9|          2|    1|          2|
    |gradx_2_41_blk_n         |   9|          2|    1|          2|
    |img_height_blk_n         |   9|          2|    1|          2|
    |img_height_out_blk_n     |   9|          2|    1|          2|
    |img_width_blk_n          |   9|          2|    1|          2|
    |img_width_out_blk_n      |   9|          2|    1|          2|
    |real_start               |   9|          2|    1|          2|
    +-------------------------+----+-----------+-----+-----------+
    |Total                    | 135|         29|   33|         69|
    +-------------------------+----+-----------+-----+-----------+

    * Register: 
    +-------------------------+----+----+-----+-----------+
    |           Name          | FF | LUT| Bits| Const Bits|
    +-------------------------+----+----+-----+-----------+
    |add_ln695_1_reg_232      |  11|   0|   11|          0|
    |ap_CS_fsm                |   4|   0|    4|          0|
    |ap_done_reg              |   1|   0|    1|          0|
    |ap_enable_reg_pp0_iter0  |   1|   0|    1|          0|
    |ap_enable_reg_pp0_iter1  |   1|   0|    1|          0|
    |ap_enable_reg_pp0_iter2  |   1|   0|    1|          0|
    |ap_enable_reg_pp0_iter3  |   1|   0|    1|          0|
    |ap_enable_reg_pp0_iter4  |   1|   0|    1|          0|
    |cmp_i_i163247_i_reg_224  |   1|   0|    1|          0|
    |empty_54_reg_126         |  11|   0|   11|          0|
    |empty_reg_115            |  11|   0|   11|          0|
    |icmp_ln97_reg_237        |   1|   0|    1|          0|
    |img_height_read_reg_214  |  11|   0|   11|          0|
    |img_width_read_reg_219   |  11|   0|   11|          0|
    |start_once_reg           |   1|   0|    1|          0|
    |icmp_ln97_reg_237        |  64|  32|    1|          0|
    +-------------------------+----+----+-----+-----------+
    |Total                    | 132|  32|   69|          0|
    +-------------------------+----+----+-----+-----------+



================================================================
== Interface
================================================================
* Summary: 
+------------------------+-----+-----+------------+--------------------------------------------------------+--------------+
|        RTL Ports       | Dir | Bits|  Protocol  |                      Source Object                     |    C Type    |
+------------------------+-----+-----+------------+--------------------------------------------------------+--------------+
|ap_clk                  |  in |    1| ap_ctrl_hs | xFSquare<2, 2, 1080, 1920, 3, 3, 1, 5, 5, 1920, int>25 | return value |
|ap_rst                  |  in |    1| ap_ctrl_hs | xFSquare<2, 2, 1080, 1920, 3, 3, 1, 5, 5, 1920, int>25 | return value |
|ap_start                |  in |    1| ap_ctrl_hs | xFSquare<2, 2, 1080, 1920, 3, 3, 1, 5, 5, 1920, int>25 | return value |
|start_full_n            |  in |    1| ap_ctrl_hs | xFSquare<2, 2, 1080, 1920, 3, 3, 1, 5, 5, 1920, int>25 | return value |
|ap_done                 | out |    1| ap_ctrl_hs | xFSquare<2, 2, 1080, 1920, 3, 3, 1, 5, 5, 1920, int>25 | return value |
|ap_continue             |  in |    1| ap_ctrl_hs | xFSquare<2, 2, 1080, 1920, 3, 3, 1, 5, 5, 1920, int>25 | return value |
|ap_idle                 | out |    1| ap_ctrl_hs | xFSquare<2, 2, 1080, 1920, 3, 3, 1, 5, 5, 1920, int>25 | return value |
|ap_ready                | out |    1| ap_ctrl_hs | xFSquare<2, 2, 1080, 1920, 3, 3, 1, 5, 5, 1920, int>25 | return value |
|start_out               | out |    1| ap_ctrl_hs | xFSquare<2, 2, 1080, 1920, 3, 3, 1, 5, 5, 1920, int>25 | return value |
|start_write             | out |    1| ap_ctrl_hs | xFSquare<2, 2, 1080, 1920, 3, 3, 1, 5, 5, 1920, int>25 | return value |
|gradx1_mat_411_dout     |  in |   16|   ap_fifo  |                     gradx1_mat_411                     |    pointer   |
|gradx1_mat_411_empty_n  |  in |    1|   ap_fifo  |                     gradx1_mat_411                     |    pointer   |
|gradx1_mat_411_read     | out |    1|   ap_fifo  |                     gradx1_mat_411                     |    pointer   |
|gradx_2_41_din          | out |   16|   ap_fifo  |                       gradx_2_41                       |    pointer   |
|gradx_2_41_full_n       |  in |    1|   ap_fifo  |                       gradx_2_41                       |    pointer   |
|gradx_2_41_write        | out |    1|   ap_fifo  |                       gradx_2_41                       |    pointer   |
|img_height_dout         |  in |   11|   ap_fifo  |                       img_height                       |    pointer   |
|img_height_empty_n      |  in |    1|   ap_fifo  |                       img_height                       |    pointer   |
|img_height_read         | out |    1|   ap_fifo  |                       img_height                       |    pointer   |
|img_width_dout          |  in |   11|   ap_fifo  |                        img_width                       |    pointer   |
|img_width_empty_n       |  in |    1|   ap_fifo  |                        img_width                       |    pointer   |
|img_width_read          | out |    1|   ap_fifo  |                        img_width                       |    pointer   |
|img_height_out_din      | out |   11|   ap_fifo  |                     img_height_out                     |    pointer   |
|img_height_out_full_n   |  in |    1|   ap_fifo  |                     img_height_out                     |    pointer   |
|img_height_out_write    | out |    1|   ap_fifo  |                     img_height_out                     |    pointer   |
|img_width_out_din       | out |   11|   ap_fifo  |                      img_width_out                     |    pointer   |
|img_width_out_full_n    |  in |    1|   ap_fifo  |                      img_width_out                     |    pointer   |
|img_width_out_write     | out |    1|   ap_fifo  |                      img_width_out                     |    pointer   |
+------------------------+-----+-----+------------+--------------------------------------------------------+--------------+

