

================================================================
== Vitis HLS Report for 'xFSuppressionRad1_1_5_ap_uint_8_s'
================================================================
* Date:           Thu Mar 25 14:57:24 2021

* Version:        2020.1.1 (Build 2960000 on Wed Aug 05 23:18:37 MDT 2020)
* Project:        cornerTracker
* Solution:       solution (Vitis Kernel Flow Target)
* Product family: zynquplus
* Target device:  xczu7ev-ffvc1156-2-e


================================================================
== Performance Estimates
================================================================
+ Timing: 
    * Summary: 
    +--------+---------+----------+------------+
    |  Clock |  Target | Estimated| Uncertainty|
    +--------+---------+----------+------------+
    |ap_clk  | 6.67 ns | 1.278 ns |   1.80 ns  |
    +--------+---------+----------+------------+

+ Latency: 
    * Summary: 
    +---------+---------+----------+----------+-----+-----+----------+
    |  Latency (cycles) |  Latency (absolute) |  Interval | Pipeline |
    |   min   |   max   |    min   |    max   | min | max |   Type   |
    +---------+---------+----------+----------+-----+-----+----------+
    |        0|        0|   0 ns   |   0 ns   |    1|    1| function |
    +---------+---------+----------+----------+-----+-----+----------+

    + Detail: 
        * Instance: 
        +-------------------------------------+---------------------------+---------+---------+----------+----------+-----+-----+----------+
        |                                     |                           |  Latency (cycles) |  Latency (absolute) |  Interval | Pipeline |
        |               Instance              |           Module          |   min   |   max   |    min   |    max   | min | max |   Type   |
        +-------------------------------------+---------------------------+---------+---------+----------+----------+-----+-----+----------+
        |Max_xFFindMaxRad1_ap_int_32_s_fu_44  |xFFindMaxRad1_ap_int_32_s  |        0|        0|   0 ns   |   0 ns   |    1|    1| function |
        +-------------------------------------+---------------------------+---------+---------+----------+----------+-----+-----+----------+

        * Loop: 
        N/A



================================================================
== Utilization Estimates
================================================================
* Summary: 
+-----------------+---------+------+--------+--------+-----+
|       Name      | BRAM_18K|  DSP |   FF   |   LUT  | URAM|
+-----------------+---------+------+--------+--------+-----+
|DSP              |        -|     -|       -|       -|    -|
|Expression       |        -|     -|       -|       -|    -|
|FIFO             |        -|     -|       -|       -|    -|
|Instance         |        -|     -|       0|      86|    -|
|Memory           |        -|     -|       -|       -|    -|
|Multiplexer      |        -|     -|       -|       -|    -|
|Register         |        -|     -|       -|       -|    -|
+-----------------+---------+------+--------+--------+-----+
|Total            |        0|     0|       0|      86|    0|
+-----------------+---------+------+--------+--------+-----+
|Available        |      624|  1728|  460800|  230400|   96|
+-----------------+---------+------+--------+--------+-----+
|Utilization (%)  |        0|     0|       0|   ~0   |    0|
+-----------------+---------+------+--------+--------+-----+

+ Detail: 
    * Instance: 
    +-------------------------------------+---------------------------+---------+----+---+----+-----+
    |               Instance              |           Module          | BRAM_18K| DSP| FF| LUT| URAM|
    +-------------------------------------+---------------------------+---------+----+---+----+-----+
    |Max_xFFindMaxRad1_ap_int_32_s_fu_44  |xFFindMaxRad1_ap_int_32_s  |        0|   0|  0|  86|    0|
    +-------------------------------------+---------------------------+---------+----+---+----+-----+
    |Total                                |                           |        0|   0|  0|  86|    0|
    +-------------------------------------+---------------------------+---------+----+---+----+-----+

    * DSP: 
    N/A

    * Memory: 
    N/A

    * FIFO: 
    N/A

    * Expression: 
    N/A

    * Multiplexer: 
    N/A

    * Register: 
    N/A



================================================================
== Interface
================================================================
* Summary: 
+-----------+-----+-----+------------+--------------------------------------+--------------+
| RTL Ports | Dir | Bits|  Protocol  |             Source Object            |    C Type    |
+-----------+-----+-----+------------+--------------------------------------+--------------+
|ap_ready   | out |    1| ap_ctrl_hs | xFSuppressionRad1<1, 5, ap_uint<8> > | return value |
|ap_return  | out |    1| ap_ctrl_hs | xFSuppressionRad1<1, 5, ap_uint<8> > | return value |
|p_read1    |  in |   32|   ap_none  |                p_read1               |    scalar    |
|p_read2    |  in |   32|   ap_none  |                p_read2               |    scalar    |
|p_read3    |  in |   32|   ap_none  |                p_read3               |    scalar    |
|p_read4    |  in |   32|   ap_none  |                p_read4               |    scalar    |
|p_read5    |  in |   32|   ap_none  |                p_read5               |    scalar    |
+-----------+-----+-----+------------+--------------------------------------+--------------+

