

================================================================
== Vitis HLS Report for 'xFThreshold_5_1080_1920_5_1_12_1920_s'
================================================================
* Date:           Thu Mar 25 14:57:24 2021

* Version:        2020.1.1 (Build 2960000 on Wed Aug 05 23:18:37 MDT 2020)
* Project:        cornerTracker
* Solution:       solution (Vitis Kernel Flow Target)
* Product family: zynquplus
* Target device:  xczu7ev-ffvc1156-2-e


================================================================
== Performance Estimates
================================================================
+ Timing: 
    * Summary: 
    +--------+---------+----------+------------+
    |  Clock |  Target | Estimated| Uncertainty|
    +--------+---------+----------+------------+
    |ap_clk  | 6.67 ns | 3.676 ns |   1.80 ns  |
    +--------+---------+----------+------------+

+ Latency: 
    * Summary: 
    +---------+---------+-----------+-----------+---------+---------+---------+
    |  Latency (cycles) |   Latency (absolute)  |      Interval     | Pipeline|
    |   min   |   max   |    min    |    max    |   min   |   max   |   Type  |
    +---------+---------+-----------+-----------+---------+---------+---------+
    |  2077921|  2077921| 13.853 ms | 13.853 ms |  2077921|  2077921|   none  |
    +---------+---------+-----------+-----------+---------+---------+---------+

    + Detail: 
        * Instance: 
        N/A

        * Loop: 
        +-------------+---------+---------+----------+-----------+-----------+------+----------+
        |             |  Latency (cycles) | Iteration|  Initiation Interval  | Trip |          |
        |  Loop Name  |   min   |   max   |  Latency |  achieved |   target  | Count| Pipelined|
        +-------------+---------+---------+----------+-----------+-----------+------+----------+
        |- Row_Loop   |  2077920|  2077920|      1924|          -|          -|  1080|    no    |
        | + Col_Loop  |     1921|     1921|         3|          1|          1|  1920|    yes   |
        +-------------+---------+---------+----------+-----------+-----------+------+----------+



================================================================
== Utilization Estimates
================================================================
* Summary: 
+-----------------+---------+------+--------+--------+-----+
|       Name      | BRAM_18K|  DSP |   FF   |   LUT  | URAM|
+-----------------+---------+------+--------+--------+-----+
|DSP              |        -|     -|       -|       -|    -|
|Expression       |        -|     -|       0|     125|    -|
|FIFO             |        -|     -|       -|       -|    -|
|Instance         |        -|     -|       -|       -|    -|
|Memory           |        -|     -|       -|       -|    -|
|Multiplexer      |        -|     -|       -|     144|    -|
|Register         |        -|     -|     113|       -|    -|
+-----------------+---------+------+--------+--------+-----+
|Total            |        0|     0|     113|     269|    0|
+-----------------+---------+------+--------+--------+-----+
|Available        |      624|  1728|  460800|  230400|   96|
+-----------------+---------+------+--------+--------+-----+
|Utilization (%)  |        0|     0|   ~0   |   ~0   |    0|
+-----------------+---------+------+--------+--------+-----+

+ Detail: 
    * Instance: 
    N/A

    * DSP: 
    N/A

    * Memory: 
    N/A

    * FIFO: 
    N/A

    * Expression: 
    +----------------------------------+----------+----+---+----+------------+------------+
    |           Variable Name          | Operation| DSP| FF| LUT| Bitwidth P0| Bitwidth P1|
    +----------------------------------+----------+----+---+----+------------+------------+
    |col_1_fu_155_p2                   |     +    |   0|  0|  18|          11|           1|
    |row_1_fu_144_p2                   |     +    |   0|  0|  18|          11|           1|
    |ap_block_state4_pp0_stage0_iter1  |    and   |   0|  0|   2|           1|           1|
    |ap_block_state5_pp0_stage0_iter2  |    and   |   0|  0|   2|           1|           1|
    |icmp_ln246_fu_139_p2              |   icmp   |   0|  0|  13|          11|          11|
    |icmp_ln252_fu_150_p2              |   icmp   |   0|  0|  13|          11|          11|
    |icmp_ln890_fu_165_p2              |   icmp   |   0|  0|  20|          32|          32|
    |ap_block_pp0_stage0_01001         |    or    |   0|  0|   2|           1|           1|
    |ap_block_state1                   |    or    |   0|  0|   2|           1|           1|
    |select_ln267_fu_170_p3            |  select  |   0|  0|  31|           1|          31|
    |ap_enable_pp0                     |    xor   |   0|  0|   2|           1|           2|
    |ap_enable_reg_pp0_iter1           |    xor   |   0|  0|   2|           2|           1|
    +----------------------------------+----------+----+---+----+------------+------------+
    |Total                             |          |   0|  0| 125|          84|          94|
    +----------------------------------+----------+----+---+----+------------+------------+

    * Multiplexer: 
    +-------------------------+----+-----------+-----+-----------+
    |           Name          | LUT| Input Size| Bits| Total Bits|
    +-------------------------+----+-----------+-----+-----------+
    |ap_NS_fsm                |  27|          5|    1|          5|
    |ap_done                  |   9|          2|    1|          2|
    |ap_enable_reg_pp0_iter1  |   9|          2|    1|          2|
    |ap_enable_reg_pp0_iter2  |   9|          2|    1|          2|
    |col_reg_124              |   9|          2|   11|         22|
    |img_height_blk_n         |   9|          2|    1|          2|
    |img_height_out_blk_n     |   9|          2|    1|          2|
    |img_width_blk_n          |   9|          2|    1|          2|
    |img_width_out_blk_n      |   9|          2|    1|          2|
    |real_start               |   9|          2|    1|          2|
    |row_reg_113              |   9|          2|   11|         22|
    |score_47_blk_n           |   9|          2|    1|          2|
    |thresh_48_blk_n          |   9|          2|    1|          2|
    |threshold_blk_n          |   9|          2|    1|          2|
    +-------------------------+----+-----------+-----+-----------+
    |Total                    | 144|         31|   34|         71|
    +-------------------------+----+-----------+-----+-----------+

    * Register: 
    +----------------------------------+----+----+-----+-----------+
    |               Name               | FF | LUT| Bits| Const Bits|
    +----------------------------------+----+----+-----+-----------+
    |ap_CS_fsm                         |   4|   0|    4|          0|
    |ap_done_reg                       |   1|   0|    1|          0|
    |ap_enable_reg_pp0_iter0           |   1|   0|    1|          0|
    |ap_enable_reg_pp0_iter1           |   1|   0|    1|          0|
    |ap_enable_reg_pp0_iter2           |   1|   0|    1|          0|
    |col_reg_124                       |  11|   0|   11|          0|
    |icmp_ln252_reg_206                |   1|   0|    1|          0|
    |icmp_ln252_reg_206_pp0_iter1_reg  |   1|   0|    1|          0|
    |img_height_read_reg_182           |  11|   0|   11|          0|
    |img_width_read_reg_187            |  11|   0|   11|          0|
    |row_1_reg_201                     |  11|   0|   11|          0|
    |row_reg_113                       |  11|   0|   11|          0|
    |select_ln267_reg_215              |  31|   0|   31|          0|
    |start_once_reg                    |   1|   0|    1|          0|
    |zext_ln161_reg_192                |  16|   0|   32|         16|
    +----------------------------------+----+----+-----+-----------+
    |Total                             | 113|   0|  129|         16|
    +----------------------------------+----+----+-----+-----------+



================================================================
== Interface
================================================================
* Summary: 
+-----------------------+-----+-----+------------+--------------------------------------------+--------------+
|       RTL Ports       | Dir | Bits|  Protocol  |                Source Object               |    C Type    |
+-----------------------+-----+-----+------------+--------------------------------------------+--------------+
|ap_clk                 |  in |    1| ap_ctrl_hs | xFThreshold<5, 1080, 1920, 5, 1, 12, 1920> | return value |
|ap_rst                 |  in |    1| ap_ctrl_hs | xFThreshold<5, 1080, 1920, 5, 1, 12, 1920> | return value |
|ap_start               |  in |    1| ap_ctrl_hs | xFThreshold<5, 1080, 1920, 5, 1, 12, 1920> | return value |
|start_full_n           |  in |    1| ap_ctrl_hs | xFThreshold<5, 1080, 1920, 5, 1, 12, 1920> | return value |
|ap_done                | out |    1| ap_ctrl_hs | xFThreshold<5, 1080, 1920, 5, 1, 12, 1920> | return value |
|ap_continue            |  in |    1| ap_ctrl_hs | xFThreshold<5, 1080, 1920, 5, 1, 12, 1920> | return value |
|ap_idle                | out |    1| ap_ctrl_hs | xFThreshold<5, 1080, 1920, 5, 1, 12, 1920> | return value |
|ap_ready               | out |    1| ap_ctrl_hs | xFThreshold<5, 1080, 1920, 5, 1, 12, 1920> | return value |
|start_out              | out |    1| ap_ctrl_hs | xFThreshold<5, 1080, 1920, 5, 1, 12, 1920> | return value |
|start_write            | out |    1| ap_ctrl_hs | xFThreshold<5, 1080, 1920, 5, 1, 12, 1920> | return value |
|score_47_dout          |  in |   32|   ap_fifo  |                  score_47                  |    pointer   |
|score_47_empty_n       |  in |    1|   ap_fifo  |                  score_47                  |    pointer   |
|score_47_read          | out |    1|   ap_fifo  |                  score_47                  |    pointer   |
|thresh_48_din          | out |   32|   ap_fifo  |                  thresh_48                 |    pointer   |
|thresh_48_full_n       |  in |    1|   ap_fifo  |                  thresh_48                 |    pointer   |
|thresh_48_write        | out |    1|   ap_fifo  |                  thresh_48                 |    pointer   |
|threshold_dout         |  in |   16|   ap_fifo  |                  threshold                 |    pointer   |
|threshold_empty_n      |  in |    1|   ap_fifo  |                  threshold                 |    pointer   |
|threshold_read         | out |    1|   ap_fifo  |                  threshold                 |    pointer   |
|img_height_dout        |  in |   11|   ap_fifo  |                 img_height                 |    pointer   |
|img_height_empty_n     |  in |    1|   ap_fifo  |                 img_height                 |    pointer   |
|img_height_read        | out |    1|   ap_fifo  |                 img_height                 |    pointer   |
|img_width_dout         |  in |   11|   ap_fifo  |                  img_width                 |    pointer   |
|img_width_empty_n      |  in |    1|   ap_fifo  |                  img_width                 |    pointer   |
|img_width_read         | out |    1|   ap_fifo  |                  img_width                 |    pointer   |
|img_height_out_din     | out |   11|   ap_fifo  |               img_height_out               |    pointer   |
|img_height_out_full_n  |  in |    1|   ap_fifo  |               img_height_out               |    pointer   |
|img_height_out_write   | out |    1|   ap_fifo  |               img_height_out               |    pointer   |
|img_width_out_din      | out |   11|   ap_fifo  |                img_width_out               |    pointer   |
|img_width_out_full_n   |  in |    1|   ap_fifo  |                img_width_out               |    pointer   |
|img_width_out_write    | out |    1|   ap_fifo  |                img_width_out               |    pointer   |
+-----------------------+-----+-----+------------+--------------------------------------------+--------------+

