

================================================================
== Vitis HLS Report for 'Array2xfMat_32_0_1080_1920_1_s'
================================================================
* Date:           Thu Mar 25 14:59:48 2021

* Version:        2020.1.1 (Build 2960000 on Wed Aug 05 23:18:37 MDT 2020)
* Project:        pyr_dense_optical_flow_accel
* Solution:       solution (Vitis Kernel Flow Target)
* Product family: zynquplus
* Target device:  xczu7ev-ffvc1156-2-e


================================================================
== Performance Estimates
================================================================
+ Timing: 
    * Summary: 
    +--------+---------+----------+------------+
    |  Clock |  Target | Estimated| Uncertainty|
    +--------+---------+----------+------------+
    |ap_clk  | 6.67 ns | 5.044 ns |   1.80 ns  |
    +--------+---------+----------+------------+

+ Latency: 
    * Summary: 
    +---------+---------+----------+-----------+-----+---------+---------+
    |  Latency (cycles) |  Latency (absolute)  |    Interval   | Pipeline|
    |   min   |   max   |    min   |    max    | min |   max   |   Type  |
    +---------+---------+----------+-----------+-----+---------+---------+
    |       79|  2073678| 0.527 us | 13.825 ms |   79|  2073678|   none  |
    +---------+---------+----------+-----------+-----+---------+---------+

    + Detail: 
        * Instance: 
        +---------------------+-----------+---------+---------+----------+-----------+-----+---------+----------+
        |                     |           |  Latency (cycles) |  Latency (absolute)  |    Interval   | Pipeline |
        |       Instance      |   Module  |   min   |   max   |    min   |    max    | min |   max   |   Type   |
        +---------------------+-----------+---------+---------+----------+-----------+-----+---------+----------+
        |grp_Axi2Mat_1_fu_56  |Axi2Mat_1  |       78|  2073677| 0.520 us | 13.825 ms |    6|  2073605| dataflow |
        +---------------------+-----------+---------+---------+----------+-----------+-----+---------+----------+

        * Loop: 
        N/A



================================================================
== Utilization Estimates
================================================================
* Summary: 
+-----------------+---------+------+--------+--------+-----+
|       Name      | BRAM_18K|  DSP |   FF   |   LUT  | URAM|
+-----------------+---------+------+--------+--------+-----+
|DSP              |        -|     -|       -|       -|    -|
|Expression       |        -|     -|       0|       6|    -|
|FIFO             |        -|     -|       -|       -|    -|
|Instance         |        -|     5|    1870|    3358|    -|
|Memory           |        -|     -|       -|       -|    -|
|Multiplexer      |        -|     -|       -|      60|    -|
|Register         |        -|     -|      70|       -|    -|
+-----------------+---------+------+--------+--------+-----+
|Total            |        0|     5|    1940|    3424|    0|
+-----------------+---------+------+--------+--------+-----+
|Available        |      624|  1728|  460800|  230400|   96|
+-----------------+---------+------+--------+--------+-----+
|Utilization (%)  |        0|  ~0  |   ~0   |       1|    0|
+-----------------+---------+------+--------+--------+-----+

+ Detail: 
    * Instance: 
    +---------------------+-----------+---------+----+------+------+-----+
    |       Instance      |   Module  | BRAM_18K| DSP|  FF  |  LUT | URAM|
    +---------------------+-----------+---------+----+------+------+-----+
    |grp_Axi2Mat_1_fu_56  |Axi2Mat_1  |        0|   5|  1870|  3358|    0|
    +---------------------+-----------+---------+----+------+------+-----+
    |Total                |           |        0|   5|  1870|  3358|    0|
    +---------------------+-----------+---------+----+------+------+-----+

    * DSP: 
    N/A

    * Memory: 
    N/A

    * FIFO: 
    N/A

    * Expression: 
    +--------------------------------------+----------+----+---+----+------------+------------+
    |             Variable Name            | Operation| DSP| FF| LUT| Bitwidth P0| Bitwidth P1|
    +--------------------------------------+----------+----+---+----+------------+------------+
    |ap_block_state1                       |    or    |   0|  0|   2|           1|           1|
    |ap_sync_grp_Axi2Mat_1_fu_56_ap_done   |    or    |   0|  0|   2|           1|           1|
    |ap_sync_grp_Axi2Mat_1_fu_56_ap_ready  |    or    |   0|  0|   2|           1|           1|
    +--------------------------------------+----------+----+---+----+------------+------------+
    |Total                                 |          |   0|  0|   6|           3|           3|
    +--------------------------------------+----------+----+---+----+------------+------------+

    * Multiplexer: 
    +---------------------------+----+-----------+-----+-----------+
    |            Name           | LUT| Input Size| Bits| Total Bits|
    +---------------------------+----+-----------+-----+-----------+
    |ap_NS_fsm                  |  15|          3|    1|          3|
    |ap_done                    |   9|          2|    1|          2|
    |current_img_mat_434_write  |   9|          2|    1|          2|
    |m_axi_gmem1_ARVALID        |   9|          2|    1|          2|
    |m_axi_gmem1_RREADY         |   9|          2|    1|          2|
    |srcPtr_blk_n               |   9|          2|    1|          2|
    +---------------------------+----+-----------+-----+-----------+
    |Total                      |  60|         13|    6|         13|
    +---------------------------+----+-----------+-----+-----------+

    * Register: 
    +------------------------------------------+----+----+-----+-----------+
    |                   Name                   | FF | LUT| Bits| Const Bits|
    +------------------------------------------+----+----+-----+-----------+
    |ap_CS_fsm                                 |   2|   0|    2|          0|
    |ap_done_reg                               |   1|   0|    1|          0|
    |ap_sync_reg_grp_Axi2Mat_1_fu_56_ap_done   |   1|   0|    1|          0|
    |ap_sync_reg_grp_Axi2Mat_1_fu_56_ap_ready  |   1|   0|    1|          0|
    |grp_Axi2Mat_1_fu_56_ap_start_reg          |   1|   0|    1|          0|
    |srcPtr_read_reg_80                        |  64|   0|   64|          0|
    +------------------------------------------+----+----+-----+-----------+
    |Total                                     |  70|   0|   70|          0|
    +------------------------------------------+----+----+-----+-----------+



================================================================
== Interface
================================================================
* Summary: 
+----------------------------+-----+-----+------------+-----------------------------------+--------------+
|          RTL Ports         | Dir | Bits|  Protocol  |           Source Object           |    C Type    |
+----------------------------+-----+-----+------------+-----------------------------------+--------------+
|ap_clk                      |  in |    1| ap_ctrl_hs | Array2xfMat<32, 0, 1080, 1920, 1> | return value |
|ap_rst                      |  in |    1| ap_ctrl_hs | Array2xfMat<32, 0, 1080, 1920, 1> | return value |
|ap_start                    |  in |    1| ap_ctrl_hs | Array2xfMat<32, 0, 1080, 1920, 1> | return value |
|ap_done                     | out |    1| ap_ctrl_hs | Array2xfMat<32, 0, 1080, 1920, 1> | return value |
|ap_continue                 |  in |    1| ap_ctrl_hs | Array2xfMat<32, 0, 1080, 1920, 1> | return value |
|ap_idle                     | out |    1| ap_ctrl_hs | Array2xfMat<32, 0, 1080, 1920, 1> | return value |
|ap_ready                    | out |    1| ap_ctrl_hs | Array2xfMat<32, 0, 1080, 1920, 1> | return value |
|m_axi_gmem1_AWVALID         | out |    1|    m_axi   |               gmem1               |    pointer   |
|m_axi_gmem1_AWREADY         |  in |    1|    m_axi   |               gmem1               |    pointer   |
|m_axi_gmem1_AWADDR          | out |   64|    m_axi   |               gmem1               |    pointer   |
|m_axi_gmem1_AWID            | out |    1|    m_axi   |               gmem1               |    pointer   |
|m_axi_gmem1_AWLEN           | out |   32|    m_axi   |               gmem1               |    pointer   |
|m_axi_gmem1_AWSIZE          | out |    3|    m_axi   |               gmem1               |    pointer   |
|m_axi_gmem1_AWBURST         | out |    2|    m_axi   |               gmem1               |    pointer   |
|m_axi_gmem1_AWLOCK          | out |    2|    m_axi   |               gmem1               |    pointer   |
|m_axi_gmem1_AWCACHE         | out |    4|    m_axi   |               gmem1               |    pointer   |
|m_axi_gmem1_AWPROT          | out |    3|    m_axi   |               gmem1               |    pointer   |
|m_axi_gmem1_AWQOS           | out |    4|    m_axi   |               gmem1               |    pointer   |
|m_axi_gmem1_AWREGION        | out |    4|    m_axi   |               gmem1               |    pointer   |
|m_axi_gmem1_AWUSER          | out |    1|    m_axi   |               gmem1               |    pointer   |
|m_axi_gmem1_WVALID          | out |    1|    m_axi   |               gmem1               |    pointer   |
|m_axi_gmem1_WREADY          |  in |    1|    m_axi   |               gmem1               |    pointer   |
|m_axi_gmem1_WDATA           | out |   32|    m_axi   |               gmem1               |    pointer   |
|m_axi_gmem1_WSTRB           | out |    4|    m_axi   |               gmem1               |    pointer   |
|m_axi_gmem1_WLAST           | out |    1|    m_axi   |               gmem1               |    pointer   |
|m_axi_gmem1_WID             | out |    1|    m_axi   |               gmem1               |    pointer   |
|m_axi_gmem1_WUSER           | out |    1|    m_axi   |               gmem1               |    pointer   |
|m_axi_gmem1_ARVALID         | out |    1|    m_axi   |               gmem1               |    pointer   |
|m_axi_gmem1_ARREADY         |  in |    1|    m_axi   |               gmem1               |    pointer   |
|m_axi_gmem1_ARADDR          | out |   64|    m_axi   |               gmem1               |    pointer   |
|m_axi_gmem1_ARID            | out |    1|    m_axi   |               gmem1               |    pointer   |
|m_axi_gmem1_ARLEN           | out |   32|    m_axi   |               gmem1               |    pointer   |
|m_axi_gmem1_ARSIZE          | out |    3|    m_axi   |               gmem1               |    pointer   |
|m_axi_gmem1_ARBURST         | out |    2|    m_axi   |               gmem1               |    pointer   |
|m_axi_gmem1_ARLOCK          | out |    2|    m_axi   |               gmem1               |    pointer   |
|m_axi_gmem1_ARCACHE         | out |    4|    m_axi   |               gmem1               |    pointer   |
|m_axi_gmem1_ARPROT          | out |    3|    m_axi   |               gmem1               |    pointer   |
|m_axi_gmem1_ARQOS           | out |    4|    m_axi   |               gmem1               |    pointer   |
|m_axi_gmem1_ARREGION        | out |    4|    m_axi   |               gmem1               |    pointer   |
|m_axi_gmem1_ARUSER          | out |    1|    m_axi   |               gmem1               |    pointer   |
|m_axi_gmem1_RVALID          |  in |    1|    m_axi   |               gmem1               |    pointer   |
|m_axi_gmem1_RREADY          | out |    1|    m_axi   |               gmem1               |    pointer   |
|m_axi_gmem1_RDATA           |  in |   32|    m_axi   |               gmem1               |    pointer   |
|m_axi_gmem1_RLAST           |  in |    1|    m_axi   |               gmem1               |    pointer   |
|m_axi_gmem1_RID             |  in |    1|    m_axi   |               gmem1               |    pointer   |
|m_axi_gmem1_RUSER           |  in |    1|    m_axi   |               gmem1               |    pointer   |
|m_axi_gmem1_RRESP           |  in |    2|    m_axi   |               gmem1               |    pointer   |
|m_axi_gmem1_BVALID          |  in |    1|    m_axi   |               gmem1               |    pointer   |
|m_axi_gmem1_BREADY          | out |    1|    m_axi   |               gmem1               |    pointer   |
|m_axi_gmem1_BRESP           |  in |    2|    m_axi   |               gmem1               |    pointer   |
|m_axi_gmem1_BID             |  in |    1|    m_axi   |               gmem1               |    pointer   |
|m_axi_gmem1_BUSER           |  in |    1|    m_axi   |               gmem1               |    pointer   |
|current_img_mat_434_din     | out |    8|   ap_fifo  |        current_img_mat_434        |    pointer   |
|current_img_mat_434_full_n  |  in |    1|   ap_fifo  |        current_img_mat_434        |    pointer   |
|current_img_mat_434_write   | out |    1|   ap_fifo  |        current_img_mat_434        |    pointer   |
|srcPtr_dout                 |  in |   64|   ap_fifo  |               srcPtr              |    pointer   |
|srcPtr_empty_n              |  in |    1|   ap_fifo  |               srcPtr              |    pointer   |
|srcPtr_read                 | out |    1|   ap_fifo  |               srcPtr              |    pointer   |
|p_read                      |  in |   32|   ap_none  |               p_read              |    scalar    |
|p_read1                     |  in |   32|   ap_none  |              p_read1              |    scalar    |
+----------------------------+-----+-----+------------+-----------------------------------+--------------+

