

================================================================
== Vitis HLS Report for 'auMedianBlur_1080_1920_0_0_0_0_5_25_16_10_false_24'
================================================================
* Date:           Thu Mar 25 14:59:58 2021

* Version:        2020.1.1 (Build 2960000 on Wed Aug 05 23:18:37 MDT 2020)
* Project:        pyr_dense_optical_flow_accel
* Solution:       solution (Vitis Kernel Flow Target)
* Product family: zynquplus
* Target device:  xczu7ev-ffvc1156-2-e


================================================================
== Performance Estimates
================================================================
+ Timing: 
    * Summary: 
    +--------+---------+----------+------------+
    |  Clock |  Target | Estimated| Uncertainty|
    +--------+---------+----------+------------+
    |ap_clk  | 6.67 ns | 4.756 ns |   1.80 ns  |
    +--------+---------+----------+------------+

+ Latency: 
    * Summary: 
    +---------+---------+-----------+-----------+------+---------+---------+
    |  Latency (cycles) |   Latency (absolute)  |    Interval    | Pipeline|
    |   min   |   max   |    min    |    max    |  min |   max   |   Type  |
    +---------+---------+-----------+-----------+------+---------+---------+
    |     1953|  2101359| 13.021 us | 14.010 ms |  1953|  2101359|   none  |
    +---------+---------+-----------+-----------+------+---------+---------+

    + Detail: 
        * Instance: 
        +---------------------------------------------------------------+-----------------------------------------------------+---------+---------+-----------+-----------+------+---------+---------+
        |                                                               |                                                     |  Latency (cycles) |   Latency (absolute)  |    Interval    | Pipeline|
        |                            Instance                           |                        Module                       |   min   |   max   |    min    |    max    |  min |   max   |   Type  |
        +---------------------------------------------------------------+-----------------------------------------------------+---------+---------+-----------+-----------+------+---------+---------+
        |grp_auMedian3x3_1080_1920_0_0_0_1922_5_25_16_10_false_s_fu_66  |auMedian3x3_1080_1920_0_0_0_1922_5_25_16_10_false_s  |     1952|  2101358| 13.014 us | 14.010 ms |  1952|  2101358|   none  |
        +---------------------------------------------------------------+-----------------------------------------------------+---------+---------+-----------+-----------+------+---------+---------+

        * Loop: 
        N/A



================================================================
== Utilization Estimates
================================================================
* Summary: 
+-----------------+---------+------+--------+--------+-----+
|       Name      | BRAM_18K|  DSP |   FF   |   LUT  | URAM|
+-----------------+---------+------+--------+--------+-----+
|DSP              |        -|     -|       -|       -|    -|
|Expression       |        -|     -|       0|       2|    -|
|FIFO             |        -|     -|       -|       -|    -|
|Instance         |       10|     -|    3379|   12074|    -|
|Memory           |        -|     -|       -|       -|    -|
|Multiplexer      |        -|     -|       -|      96|    -|
|Register         |        -|     -|      37|       -|    -|
+-----------------+---------+------+--------+--------+-----+
|Total            |       10|     0|    3416|   12172|    0|
+-----------------+---------+------+--------+--------+-----+
|Available        |      624|  1728|  460800|  230400|   96|
+-----------------+---------+------+--------+--------+-----+
|Utilization (%)  |        1|     0|   ~0   |       5|    0|
+-----------------+---------+------+--------+--------+-----+

+ Detail: 
    * Instance: 
    +---------------------------------------------------------------+-----------------------------------------------------+---------+----+------+-------+-----+
    |                            Instance                           |                        Module                       | BRAM_18K| DSP|  FF  |  LUT  | URAM|
    +---------------------------------------------------------------+-----------------------------------------------------+---------+----+------+-------+-----+
    |grp_auMedian3x3_1080_1920_0_0_0_1922_5_25_16_10_false_s_fu_66  |auMedian3x3_1080_1920_0_0_0_1922_5_25_16_10_false_s  |       10|   0|  3379|  12074|    0|
    +---------------------------------------------------------------+-----------------------------------------------------+---------+----+------+-------+-----+
    |Total                                                          |                                                     |       10|   0|  3379|  12074|    0|
    +---------------------------------------------------------------+-----------------------------------------------------+---------+----+------+-------+-----+

    * DSP: 
    N/A

    * Memory: 
    N/A

    * FIFO: 
    N/A

    * Expression: 
    +-----------------+----------+----+---+----+------------+------------+
    |  Variable Name  | Operation| DSP| FF| LUT| Bitwidth P0| Bitwidth P1|
    +-----------------+----------+----+---+----+------------+------------+
    |ap_block_state1  |    or    |   0|  0|   2|           1|           1|
    +-----------------+----------+----+---+----+------------+------------+
    |Total            |          |   0|  0|   2|           1|           1|
    +-----------------+----------+----+---+----+------------+------------+

    * Multiplexer: 
    +-------------------------+----+-----------+-----+-----------+
    |           Name          | LUT| Input Size| Bits| Total Bits|
    +-------------------------+----+-----------+-----+-----------+
    |ap_NS_fsm                |  15|          3|    1|          3|
    |ap_done                  |   9|          2|    1|          2|
    |cols_blk_n               |   9|          2|    1|          2|
    |cols_out_blk_n           |   9|          2|    1|          2|
    |flagU_read               |   9|          2|    1|          2|
    |real_start               |   9|          2|    1|          2|
    |rows_blk_n               |   9|          2|    1|          2|
    |rows_out_blk_n           |   9|          2|    1|          2|
    |strmFlowU_fil_out_write  |   9|          2|    1|          2|
    |strmFlowU_fil_read       |   9|          2|    1|          2|
    +-------------------------+----+-----------+-----+-----------+
    |Total                    |  96|         21|   10|         21|
    +-------------------------+----+-----------+-----+-----------+

    * Register: 
    +----------------------------------------------------------------------------+----+----+-----+-----------+
    |                                    Name                                    | FF | LUT| Bits| Const Bits|
    +----------------------------------------------------------------------------+----+----+-----+-----------+
    |ap_CS_fsm                                                                   |   2|   0|    2|          0|
    |ap_done_reg                                                                 |   1|   0|    1|          0|
    |grp_auMedian3x3_1080_1920_0_0_0_1922_5_25_16_10_false_s_fu_66_ap_start_reg  |   1|   0|    1|          0|
    |start_once_reg                                                              |   1|   0|    1|          0|
    |trunc_ln360_2_reg_93                                                        |  16|   0|   16|          0|
    |trunc_ln360_reg_88                                                          |  16|   0|   16|          0|
    +----------------------------------------------------------------------------+----+----+-----+-----------+
    |Total                                                                       |  37|   0|   37|          0|
    +----------------------------------------------------------------------------+----+----+-----+-----------+



================================================================
== Interface
================================================================
* Summary: 
+--------------------------+-----+-----+------------+--------------------------------------------------------------+--------------+
|         RTL Ports        | Dir | Bits|  Protocol  |                         Source Object                        |    C Type    |
+--------------------------+-----+-----+------------+--------------------------------------------------------------+--------------+
|ap_clk                    |  in |    1| ap_ctrl_hs | auMedianBlur<1080, 1920, 0, 0, 0, 0, 5, 25, 16, 10, false>24 | return value |
|ap_rst                    |  in |    1| ap_ctrl_hs | auMedianBlur<1080, 1920, 0, 0, 0, 0, 5, 25, 16, 10, false>24 | return value |
|ap_start                  |  in |    1| ap_ctrl_hs | auMedianBlur<1080, 1920, 0, 0, 0, 0, 5, 25, 16, 10, false>24 | return value |
|start_full_n              |  in |    1| ap_ctrl_hs | auMedianBlur<1080, 1920, 0, 0, 0, 0, 5, 25, 16, 10, false>24 | return value |
|ap_done                   | out |    1| ap_ctrl_hs | auMedianBlur<1080, 1920, 0, 0, 0, 0, 5, 25, 16, 10, false>24 | return value |
|ap_continue               |  in |    1| ap_ctrl_hs | auMedianBlur<1080, 1920, 0, 0, 0, 0, 5, 25, 16, 10, false>24 | return value |
|ap_idle                   | out |    1| ap_ctrl_hs | auMedianBlur<1080, 1920, 0, 0, 0, 0, 5, 25, 16, 10, false>24 | return value |
|ap_ready                  | out |    1| ap_ctrl_hs | auMedianBlur<1080, 1920, 0, 0, 0, 0, 5, 25, 16, 10, false>24 | return value |
|start_out                 | out |    1| ap_ctrl_hs | auMedianBlur<1080, 1920, 0, 0, 0, 0, 5, 25, 16, 10, false>24 | return value |
|start_write               | out |    1| ap_ctrl_hs | auMedianBlur<1080, 1920, 0, 0, 0, 0, 5, 25, 16, 10, false>24 | return value |
|strmFlowU_fil_dout        |  in |   16|   ap_fifo  |                         strmFlowU_fil                        |    pointer   |
|strmFlowU_fil_empty_n     |  in |    1|   ap_fifo  |                         strmFlowU_fil                        |    pointer   |
|strmFlowU_fil_read        | out |    1|   ap_fifo  |                         strmFlowU_fil                        |    pointer   |
|strmFlowU_fil_out_din     | out |   16|   ap_fifo  |                       strmFlowU_fil_out                      |    pointer   |
|strmFlowU_fil_out_full_n  |  in |    1|   ap_fifo  |                       strmFlowU_fil_out                      |    pointer   |
|strmFlowU_fil_out_write   | out |    1|   ap_fifo  |                       strmFlowU_fil_out                      |    pointer   |
|flagU_dout                |  in |    1|   ap_fifo  |                             flagU                            |    pointer   |
|flagU_empty_n             |  in |    1|   ap_fifo  |                             flagU                            |    pointer   |
|flagU_read                | out |    1|   ap_fifo  |                             flagU                            |    pointer   |
|rows_dout                 |  in |   32|   ap_fifo  |                             rows                             |    pointer   |
|rows_empty_n              |  in |    1|   ap_fifo  |                             rows                             |    pointer   |
|rows_read                 | out |    1|   ap_fifo  |                             rows                             |    pointer   |
|cols_dout                 |  in |   32|   ap_fifo  |                             cols                             |    pointer   |
|cols_empty_n              |  in |    1|   ap_fifo  |                             cols                             |    pointer   |
|cols_read                 | out |    1|   ap_fifo  |                             cols                             |    pointer   |
|rows_out_din              | out |   32|   ap_fifo  |                           rows_out                           |    pointer   |
|rows_out_full_n           |  in |    1|   ap_fifo  |                           rows_out                           |    pointer   |
|rows_out_write            | out |    1|   ap_fifo  |                           rows_out                           |    pointer   |
|cols_out_din              | out |   32|   ap_fifo  |                           cols_out                           |    pointer   |
|cols_out_full_n           |  in |    1|   ap_fifo  |                           cols_out                           |    pointer   |
|cols_out_write            | out |    1|   ap_fifo  |                           cols_out                           |    pointer   |
+--------------------------+-----+-----+------------+--------------------------------------------------------------+--------------+

