

================================================================
== Vitis HLS Report for 'AxiStream2MatStream'
================================================================
* Date:           Thu Mar 25 14:59:49 2021

* Version:        2020.1.1 (Build 2960000 on Wed Aug 05 23:18:37 MDT 2020)
* Project:        pyr_dense_optical_flow_accel
* Solution:       solution (Vitis Kernel Flow Target)
* Product family: zynquplus
* Target device:  xczu7ev-ffvc1156-2-e


================================================================
== Performance Estimates
================================================================
+ Timing: 
    * Summary: 
    +--------+---------+----------+------------+
    |  Clock |  Target | Estimated| Uncertainty|
    +--------+---------+----------+------------+
    |ap_clk  | 6.67 ns | 5.085 ns |   1.80 ns  |
    +--------+---------+----------+------------+

+ Latency: 
    * Summary: 
    +---------+---------+-----------+-----------+-----+---------+---------+
    |  Latency (cycles) |   Latency (absolute)  |    Interval   | Pipeline|
    |   min   |   max   |    min    |    max    | min |   max   |   Type  |
    +---------+---------+-----------+-----------+-----+---------+---------+
    |        5|  2073604| 33.335 ns | 13.825 ms |    5|  2073604|   none  |
    +---------+---------+-----------+-----------+-----+---------+---------+

    + Detail: 
        * Instance: 
        N/A

        * Loop: 
        +-------------------+---------+---------+----------+-----------+-----------+-------------+----------+
        |                   |  Latency (cycles) | Iteration|  Initiation Interval  |     Trip    |          |
        |     Loop Name     |   min   |   max   |  Latency |  achieved |   target  |    Count    | Pipelined|
        +-------------------+---------+---------+----------+-----------+-----------+-------------+----------+
        |- MMIterInLoopRow  |        2|  2073601|         3|          1|          1| 1 ~ 2073600 |    yes   |
        +-------------------+---------+---------+----------+-----------+-----------+-------------+----------+



================================================================
== Utilization Estimates
================================================================
* Summary: 
+-----------------+---------+------+--------+--------+-----+
|       Name      | BRAM_18K|  DSP |   FF   |   LUT  | URAM|
+-----------------+---------+------+--------+--------+-----+
|DSP              |        -|     -|       -|       -|    -|
|Expression       |        -|     -|       0|    2046|    -|
|FIFO             |        -|     -|       -|       -|    -|
|Instance         |        -|     3|       0|      20|    -|
|Memory           |        -|     -|       -|       -|    -|
|Multiplexer      |        -|     -|       -|     156|    -|
|Register         |        -|     -|     460|       -|    -|
+-----------------+---------+------+--------+--------+-----+
|Total            |        0|     3|     460|    2222|    0|
+-----------------+---------+------+--------+--------+-----+
|Available        |      624|  1728|  460800|  230400|   96|
+-----------------+---------+------+--------+--------+-----+
|Utilization (%)  |        0|  ~0  |   ~0   |   ~0   |    0|
+-----------------+---------+------+--------+--------+-----+

+ Detail: 
    * Instance: 
    +-------------------------+--------------------+---------+----+---+----+-----+
    |         Instance        |       Module       | BRAM_18K| DSP| FF| LUT| URAM|
    +-------------------------+--------------------+---------+----+---+----+-----+
    |mul_32s_32s_32_1_1_U121  |mul_32s_32s_32_1_1  |        0|   3|  0|  20|    0|
    +-------------------------+--------------------+---------+----+---+----+-----+
    |Total                    |                    |        0|   3|  0|  20|    0|
    +-------------------------+--------------------+---------+----+---+----+-----+

    * DSP: 
    N/A

    * Memory: 
    N/A

    * FIFO: 
    N/A

    * Expression: 
    +----------------------------------+----------+----+---+----+------------+------------+
    |           Variable Name          | Operation| DSP| FF| LUT| Bitwidth P0| Bitwidth P1|
    +----------------------------------+----------+----+---+----+------------+------------+
    |add_ln1038_fu_205_p2              |     +    |   0|  0|  38|          31|           1|
    |add_ln1054_fu_482_p2              |     +    |   0|  0|  15|           2|           7|
    |add_ln1057_fu_190_p2              |     +    |   0|  0|  15|           7|           5|
    |add_ln1061_fu_269_p2              |     +    |   0|  0|  39|          32|           1|
    |add_ln674_2_fu_505_p2             |     +    |   0|  0|  13|           5|           6|
    |add_ln674_fu_424_p2               |     +    |   0|  0|  15|           6|           6|
    |rem_3_fu_258_p2                   |     +    |   0|  0|  39|          32|          32|
    |sub_i_fu_179_p2                   |     +    |   0|  0|  39|          32|           2|
    |grp_fu_157_p2                     |     -    |   0|  0|  39|           6|          32|
    |rem_4_fu_247_p2                   |     -    |   0|  0|  39|          32|          32|
    |sub2_i_fu_184_p2                  |     -    |   0|  0|  15|           6|           7|
    |sub_ln1057_fu_299_p2              |     -    |   0|  0|  39|          32|          32|
    |sub_ln414_3_fu_539_p2             |     -    |   0|  0|  15|           5|           6|
    |sub_ln414_4_fu_561_p2             |     -    |   0|  0|  15|           5|           6|
    |sub_ln414_fu_611_p2               |     -    |   0|  0|  15|           7|           6|
    |sub_ln674_10_fu_499_p2            |     -    |   0|  0|  13|           6|           6|
    |sub_ln674_11_fu_328_p2            |     -    |   0|  0|  15|           6|           6|
    |sub_ln674_12_fu_334_p2            |     -    |   0|  0|  15|           5|           6|
    |sub_ln674_13_fu_340_p2            |     -    |   0|  0|  15|           6|           6|
    |sub_ln674_14_fu_370_p2            |     -    |   0|  0|  15|           5|           6|
    |sub_ln674_8_fu_436_p2             |     -    |   0|  0|  15|           5|           6|
    |sub_ln674_9_fu_466_p2             |     -    |   0|  0|  15|           5|           6|
    |sub_ln674_fu_430_p2               |     -    |   0|  0|  15|           5|           6|
    |and_ln414_3_fu_690_p2             |    and   |   0|  0|  32|          32|          32|
    |and_ln414_4_fu_696_p2             |    and   |   0|  0|  32|          32|          32|
    |and_ln414_fu_678_p2               |    and   |   0|  0|  32|          32|          32|
    |ap_block_state4_pp0_stage0_iter1  |    and   |   0|  0|   2|           1|           1|
    |ap_block_state5_pp0_stage0_iter2  |    and   |   0|  0|   2|           1|           1|
    |ap_predicate_op85_read_state4     |    and   |   0|  0|   2|           1|           1|
    |p_Result_28_fu_591_p2             |    and   |   0|  0|  32|          32|          32|
    |p_Result_29_fu_606_p2             |    and   |   0|  0|  32|          32|          32|
    |p_Result_30_fu_521_p2             |    and   |   0|  0|  32|          32|          32|
    |p_Result_s_fu_626_p2              |    and   |   0|  0|  32|          32|          32|
    |bLast_fu_214_p2                   |   icmp   |   0|  0|  20|          32|          32|
    |icmp_ln1038_fu_200_p2             |   icmp   |   0|  0|  20|          32|          32|
    |icmp_ln1049_fu_241_p2             |   icmp   |   0|  0|  20|          32|          32|
    |icmp_ln1050_fu_386_p2             |   icmp   |   0|  0|  20|          32|           1|
    |icmp_ln414_fu_527_p2              |   icmp   |   0|  0|  20|          32|          32|
    |icmp_ln674_2_fu_304_p2            |   icmp   |   0|  0|  20|          32|          32|
    |icmp_ln674_fu_404_p2              |   icmp   |   0|  0|  20|          27|           1|
    |lshr_ln414_2_fu_672_p2            |   lshr   |   0|  0|  97|           2|          32|
    |lshr_ln414_fu_620_p2              |   lshr   |   0|  0|  97|           2|          32|
    |lshr_ln674_5_fu_600_p2            |   lshr   |   0|  0|  97|           2|          32|
    |lshr_ln674_6_fu_515_p2            |   lshr   |   0|  0|  97|           2|          32|
    |lshr_ln674_7_fu_380_p2            |   lshr   |   0|  0|  97|          32|          32|
    |lshr_ln674_8_fu_585_p2            |   lshr   |   0|  0|  97|           2|          32|
    |lshr_ln674_fu_476_p2              |   lshr   |   0|  0|  97|          32|          32|
    |ap_block_pp0_stage0_01001         |    or    |   0|  0|   2|           1|           1|
    |ap_block_state1                   |    or    |   0|  0|   2|           1|           1|
    |p_Result_27_fu_702_p2             |    or    |   0|  0|  32|          32|          32|
    |j_3_fu_275_p3                     |  select  |   0|  0|  32|           1|           1|
    |p_Val2_10_fu_632_p3               |  select  |   0|  0|  32|           1|           1|
    |ptr_width_minus_fu_230_p3         |  select  |   0|  0|   7|           1|           7|
    |select_ln1057_fu_289_p3           |  select  |   0|  0|   7|           1|           7|
    |select_ln414_4_fu_639_p3          |  select  |   0|  0|   6|           1|           6|
    |select_ln414_5_fu_553_p3          |  select  |   0|  0|   6|           1|           6|
    |select_ln414_6_fu_660_p3          |  select  |   0|  0|  32|           1|          32|
    |select_ln414_fu_545_p3            |  select  |   0|  0|   6|           1|           6|
    |select_ln674_10_fu_362_p3         |  select  |   0|  0|   6|           1|           6|
    |select_ln674_6_fu_450_p3          |  select  |   0|  0|  32|           1|          32|
    |select_ln674_7_fu_458_p3          |  select  |   0|  0|   6|           1|           6|
    |select_ln674_8_fu_346_p3          |  select  |   0|  0|   6|           1|           6|
    |select_ln674_9_fu_354_p3          |  select  |   0|  0|  32|           1|          32|
    |select_ln674_fu_442_p3            |  select  |   0|  0|   6|           1|           6|
    |xf_bits_per_clock_fu_219_p3       |  select  |   0|  0|   7|           1|           6|
    |shl_ln414_2_fu_666_p2             |    shl   |   0|  0|  97|           2|          32|
    |shl_ln414_fu_571_p2               |    shl   |   0|  0|  97|          32|          32|
    |ap_enable_pp0                     |    xor   |   0|  0|   2|           1|           2|
    |ap_enable_reg_pp0_iter1           |    xor   |   0|  0|   2|           2|           1|
    |xor_ln414_fu_684_p2               |    xor   |   0|  0|  32|           2|          32|
    +----------------------------------+----------+----+---+----+------------+------------+
    |Total                             |          |   0|  0|2046|         891|        1135|
    +----------------------------------+----------+----+---+----+------------+------------+

    * Multiplexer: 
    +--------------------------------+----+-----------+-----+-----------+
    |              Name              | LUT| Input Size| Bits| Total Bits|
    +--------------------------------+----+-----------+-----+-----------+
    |ap_NS_fsm                       |  27|          5|    1|          5|
    |ap_done                         |   9|          2|    1|          2|
    |ap_enable_reg_pp0_iter1         |   9|          2|    1|          2|
    |ap_enable_reg_pp0_iter2         |   9|          2|    1|          2|
    |ap_phi_mux_empty_phi_fu_150_p4  |  15|          3|   32|         96|
    |cols_bound_per_npc_blk_n        |   9|          2|    1|          2|
    |i_reg_136                       |   9|          2|   31|         62|
    |j_reg_125                       |   9|          2|   32|         64|
    |last_blk_width_blk_n            |   9|          2|    1|          2|
    |ldata1_blk_n                    |   9|          2|    1|          2|
    |p_Val2_s_fu_90                  |   9|          2|   32|         64|
    |rem_fu_86                       |  15|          3|   32|         96|
    |rows_blk_n                      |   9|          2|    1|          2|
    |streamFlowin_mat_436_blk_n      |   9|          2|    1|          2|
    +--------------------------------+----+-----------+-----+-----------+
    |Total                           | 156|         33|  168|        403|
    +--------------------------------+----+-----------+-----+-----------+

    * Register: 
    +-----------------------------------+----+----+-----+-----------+
    |                Name               | FF | LUT| Bits| Const Bits|
    +-----------------------------------+----+----+-----+-----------+
    |add_ln1057_reg_756                 |   7|   0|    7|          0|
    |ap_CS_fsm                          |   4|   0|    4|          0|
    |ap_done_reg                        |   1|   0|    1|          0|
    |ap_enable_reg_pp0_iter0            |   1|   0|    1|          0|
    |ap_enable_reg_pp0_iter1            |   1|   0|    1|          0|
    |ap_enable_reg_pp0_iter2            |   1|   0|    1|          0|
    |bLast_reg_781                      |   1|   0|    1|          0|
    |bound_reg_741                      |  32|   0|   32|          0|
    |cols_bound_per_npc_3_reg_729       |  32|   0|   32|          0|
    |i_reg_136                          |  31|   0|   31|          0|
    |icmp_ln1038_reg_761                |   1|   0|    1|          0|
    |icmp_ln1038_reg_761_pp0_iter1_reg  |   1|   0|    1|          0|
    |icmp_ln1049_reg_791                |   1|   0|    1|          0|
    |icmp_ln1049_reg_791_pp0_iter1_reg  |   1|   0|    1|          0|
    |icmp_ln1050_reg_810                |   1|   0|    1|          0|
    |icmp_ln414_reg_830                 |   1|   0|    1|          0|
    |j_reg_125                          |  32|   0|   32|          0|
    |last_blk_width_2_reg_735           |   6|   0|    6|          0|
    |lshr_ln674_7_reg_805               |  32|   0|   32|          0|
    |lshr_ln674_reg_825                 |  32|   0|   32|          0|
    |p_Val2_s_fu_90                     |  32|   0|   32|          0|
    |rem_fu_86                          |  32|   0|   32|          0|
    |rem_load_reg_770                   |  32|   0|   32|          0|
    |rows_3_reg_724                     |  32|   0|   32|          0|
    |shl_ln414_reg_851                  |  32|   0|   32|          0|
    |sub2_i_reg_751                     |   7|   0|    7|          0|
    |sub_i_reg_746                      |  32|   0|   32|          0|
    |sub_ln414_4_reg_846                |   6|   0|    6|          0|
    |sub_ln674_14_reg_800               |   6|   0|    6|          0|
    |sub_ln674_9_reg_820                |   6|   0|    6|          0|
    |trunc_ln1051_reg_815               |   6|   0|    6|          0|
    |trunc_ln414_2_reg_841              |   6|   0|    6|          0|
    |trunc_ln414_reg_836                |   6|   0|    6|          0|
    |xf_bits_per_clock_reg_786          |   6|   0|    6|          0|
    +-----------------------------------+----+----+-----+-----------+
    |Total                              | 460|   0|  460|          0|
    +-----------------------------------+----+----+-----+-----------+



================================================================
== Interface
================================================================
* Summary: 
+-----------------------------+-----+-----+------------+----------------------+--------------+
|          RTL Ports          | Dir | Bits|  Protocol  |     Source Object    |    C Type    |
+-----------------------------+-----+-----+------------+----------------------+--------------+
|ap_clk                       |  in |    1| ap_ctrl_hs |  AxiStream2MatStream | return value |
|ap_rst                       |  in |    1| ap_ctrl_hs |  AxiStream2MatStream | return value |
|ap_start                     |  in |    1| ap_ctrl_hs |  AxiStream2MatStream | return value |
|ap_done                      | out |    1| ap_ctrl_hs |  AxiStream2MatStream | return value |
|ap_continue                  |  in |    1| ap_ctrl_hs |  AxiStream2MatStream | return value |
|ap_idle                      | out |    1| ap_ctrl_hs |  AxiStream2MatStream | return value |
|ap_ready                     | out |    1| ap_ctrl_hs |  AxiStream2MatStream | return value |
|ldata1_dout                  |  in |   32|   ap_fifo  |        ldata1        |    pointer   |
|ldata1_empty_n               |  in |    1|   ap_fifo  |        ldata1        |    pointer   |
|ldata1_read                  | out |    1|   ap_fifo  |        ldata1        |    pointer   |
|streamFlowin_mat_436_din     | out |   32|   ap_fifo  | streamFlowin_mat_436 |    pointer   |
|streamFlowin_mat_436_full_n  |  in |    1|   ap_fifo  | streamFlowin_mat_436 |    pointer   |
|streamFlowin_mat_436_write   | out |    1|   ap_fifo  | streamFlowin_mat_436 |    pointer   |
|rows_dout                    |  in |   32|   ap_fifo  |         rows         |    pointer   |
|rows_empty_n                 |  in |    1|   ap_fifo  |         rows         |    pointer   |
|rows_read                    | out |    1|   ap_fifo  |         rows         |    pointer   |
|cols_bound_per_npc_dout      |  in |   32|   ap_fifo  |  cols_bound_per_npc  |    pointer   |
|cols_bound_per_npc_empty_n   |  in |    1|   ap_fifo  |  cols_bound_per_npc  |    pointer   |
|cols_bound_per_npc_read      | out |    1|   ap_fifo  |  cols_bound_per_npc  |    pointer   |
|last_blk_width_dout          |  in |    6|   ap_fifo  |    last_blk_width    |    pointer   |
|last_blk_width_empty_n       |  in |    1|   ap_fifo  |    last_blk_width    |    pointer   |
|last_blk_width_read          | out |    1|   ap_fifo  |    last_blk_width    |    pointer   |
+-----------------------------+-----+-----+------------+----------------------+--------------+

