

================================================================
== Vitis HLS Report for 'AxiStream2MatStream_1'
================================================================
* Date:           Thu Mar 25 14:59:47 2021

* Version:        2020.1.1 (Build 2960000 on Wed Aug 05 23:18:37 MDT 2020)
* Project:        pyr_dense_optical_flow_accel
* Solution:       solution (Vitis Kernel Flow Target)
* Product family: zynquplus
* Target device:  xczu7ev-ffvc1156-2-e


================================================================
== Performance Estimates
================================================================
+ Timing: 
    * Summary: 
    +--------+---------+----------+------------+
    |  Clock |  Target | Estimated| Uncertainty|
    +--------+---------+----------+------------+
    |ap_clk  | 6.67 ns | 5.044 ns |   1.80 ns  |
    +--------+---------+----------+------------+

+ Latency: 
    * Summary: 
    +---------+---------+-----------+-----------+-----+---------+---------+
    |  Latency (cycles) |   Latency (absolute)  |    Interval   | Pipeline|
    |   min   |   max   |    min    |    max    | min |   max   |   Type  |
    +---------+---------+-----------+-----------+-----+---------+---------+
    |        5|  2073604| 33.335 ns | 13.825 ms |    5|  2073604|   none  |
    +---------+---------+-----------+-----------+-----+---------+---------+

    + Detail: 
        * Instance: 
        N/A

        * Loop: 
        +-------------------+---------+---------+----------+-----------+-----------+-------------+----------+
        |                   |  Latency (cycles) | Iteration|  Initiation Interval  |     Trip    |          |
        |     Loop Name     |   min   |   max   |  Latency |  achieved |   target  |    Count    | Pipelined|
        +-------------------+---------+---------+----------+-----------+-----------+-------------+----------+
        |- MMIterInLoopRow  |        2|  2073601|         3|          1|          1| 1 ~ 2073600 |    yes   |
        +-------------------+---------+---------+----------+-----------+-----------+-------------+----------+



================================================================
== Utilization Estimates
================================================================
* Summary: 
+-----------------+---------+------+--------+--------+-----+
|       Name      | BRAM_18K|  DSP |   FF   |   LUT  | URAM|
+-----------------+---------+------+--------+--------+-----+
|DSP              |        -|     -|       -|       -|    -|
|Expression       |        -|     -|       0|    1514|    -|
|FIFO             |        -|     -|       -|       -|    -|
|Instance         |        -|     3|       0|      20|    -|
|Memory           |        -|     -|       -|       -|    -|
|Multiplexer      |        -|     -|       -|     156|    -|
|Register         |        -|     -|     422|       -|    -|
+-----------------+---------+------+--------+--------+-----+
|Total            |        0|     3|     422|    1690|    0|
+-----------------+---------+------+--------+--------+-----+
|Available        |      624|  1728|  460800|  230400|   96|
+-----------------+---------+------+--------+--------+-----+
|Utilization (%)  |        0|  ~0  |   ~0   |   ~0   |    0|
+-----------------+---------+------+--------+--------+-----+

+ Detail: 
    * Instance: 
    +------------------------+--------------------+---------+----+---+----+-----+
    |        Instance        |       Module       | BRAM_18K| DSP| FF| LUT| URAM|
    +------------------------+--------------------+---------+----+---+----+-----+
    |mul_32s_32s_32_1_1_U58  |mul_32s_32s_32_1_1  |        0|   3|  0|  20|    0|
    +------------------------+--------------------+---------+----+---+----+-----+
    |Total                   |                    |        0|   3|  0|  20|    0|
    +------------------------+--------------------+---------+----+---+----+-----+

    * DSP: 
    N/A

    * Memory: 
    N/A

    * FIFO: 
    N/A

    * Expression: 
    +----------------------------------+----------+----+---+----+------------+------------+
    |           Variable Name          | Operation| DSP| FF| LUT| Bitwidth P0| Bitwidth P1|
    +----------------------------------+----------+----+---+----+------------+------------+
    |add_ln1038_fu_213_p2              |     +    |   0|  0|  38|          31|           1|
    |add_ln1054_fu_490_p2              |     +    |   0|  0|  15|           2|           5|
    |add_ln1057_fu_198_p2              |     +    |   0|  0|  15|           6|           5|
    |add_ln1061_fu_277_p2              |     +    |   0|  0|  39|          32|           1|
    |add_ln674_1_fu_513_p2             |     +    |   0|  0|  13|           5|           6|
    |add_ln674_fu_432_p2               |     +    |   0|  0|  15|           6|           6|
    |rem_1_fu_266_p2                   |     +    |   0|  0|  39|          32|          32|
    |sub_i_fu_187_p2                   |     +    |   0|  0|  39|          32|           2|
    |grp_fu_165_p2                     |     -    |   0|  0|  39|           6|          32|
    |rem_2_fu_255_p2                   |     -    |   0|  0|  39|          32|          32|
    |sub2_i_fu_192_p2                  |     -    |   0|  0|  15|           7|           6|
    |sub_ln1057_fu_307_p2              |     -    |   0|  0|  39|          32|          32|
    |sub_ln414_1_fu_551_p2             |     -    |   0|  0|  12|           3|           4|
    |sub_ln414_2_fu_573_p2             |     -    |   0|  0|  12|           3|           4|
    |sub_ln414_fu_631_p2               |     -    |   0|  0|  15|           5|           4|
    |sub_ln674_1_fu_444_p2             |     -    |   0|  0|  15|           5|           6|
    |sub_ln674_2_fu_474_p2             |     -    |   0|  0|  15|           5|           6|
    |sub_ln674_3_fu_507_p2             |     -    |   0|  0|  13|           6|           6|
    |sub_ln674_4_fu_336_p2             |     -    |   0|  0|  15|           6|           6|
    |sub_ln674_5_fu_342_p2             |     -    |   0|  0|  15|           5|           6|
    |sub_ln674_6_fu_348_p2             |     -    |   0|  0|  15|           6|           6|
    |sub_ln674_7_fu_378_p2             |     -    |   0|  0|  15|           5|           6|
    |sub_ln674_fu_438_p2               |     -    |   0|  0|  15|           5|           6|
    |and_ln414_1_fu_710_p2             |    and   |   0|  0|   8|           8|           8|
    |and_ln414_2_fu_716_p2             |    and   |   0|  0|   8|           8|           8|
    |and_ln414_fu_698_p2               |    and   |   0|  0|   8|           8|           8|
    |ap_block_state4_pp0_stage0_iter1  |    and   |   0|  0|   2|           1|           1|
    |ap_block_state5_pp0_stage0_iter2  |    and   |   0|  0|   2|           1|           1|
    |ap_predicate_op85_read_state4     |    and   |   0|  0|   2|           1|           1|
    |p_Result_22_fu_646_p2             |    and   |   0|  0|   8|           8|           8|
    |p_Result_23_fu_529_p2             |    and   |   0|  0|  32|          32|          32|
    |p_Result_25_fu_603_p2             |    and   |   0|  0|  32|          32|          32|
    |p_Result_s_fu_622_p2              |    and   |   0|  0|  32|          32|          32|
    |bLast_fu_222_p2                   |   icmp   |   0|  0|  20|          32|          32|
    |icmp_ln1038_fu_208_p2             |   icmp   |   0|  0|  20|          32|          32|
    |icmp_ln1049_fu_249_p2             |   icmp   |   0|  0|  20|          32|          32|
    |icmp_ln1050_fu_394_p2             |   icmp   |   0|  0|  20|          32|           1|
    |icmp_ln414_fu_539_p2              |   icmp   |   0|  0|  20|          32|          32|
    |icmp_ln674_1_fu_312_p2            |   icmp   |   0|  0|  20|          32|          32|
    |icmp_ln674_fu_412_p2              |   icmp   |   0|  0|  20|          27|           1|
    |lshr_ln414_1_fu_692_p2            |   lshr   |   0|  0|  16|           2|           8|
    |lshr_ln414_fu_640_p2              |   lshr   |   0|  0|  16|           2|           8|
    |lshr_ln674_1_fu_616_p2            |   lshr   |   0|  0|  97|           2|          32|
    |lshr_ln674_2_fu_523_p2            |   lshr   |   0|  0|  97|           2|          32|
    |lshr_ln674_3_fu_388_p2            |   lshr   |   0|  0|  97|          32|          32|
    |lshr_ln674_4_fu_597_p2            |   lshr   |   0|  0|  97|           2|          32|
    |lshr_ln674_fu_484_p2              |   lshr   |   0|  0|  97|          32|          32|
    |ap_block_pp0_stage0_01001         |    or    |   0|  0|   2|           1|           1|
    |ap_block_state1                   |    or    |   0|  0|   2|           1|           1|
    |p_Result_24_fu_722_p2             |    or    |   0|  0|   8|           8|           8|
    |j_2_fu_283_p3                     |  select  |   0|  0|  32|           1|           1|
    |p_Val2_8_fu_652_p3                |  select  |   0|  0|   8|           1|           1|
    |ptr_width_minus_fu_238_p3         |  select  |   0|  0|   6|           1|           6|
    |select_ln1057_fu_297_p3           |  select  |   0|  0|   6|           1|           6|
    |select_ln414_1_fu_659_p3          |  select  |   0|  0|   4|           1|           4|
    |select_ln414_2_fu_565_p3          |  select  |   0|  0|   4|           1|           4|
    |select_ln414_3_fu_680_p3          |  select  |   0|  0|   8|           1|           8|
    |select_ln414_fu_557_p3            |  select  |   0|  0|   4|           1|           4|
    |select_ln674_1_fu_458_p3          |  select  |   0|  0|  32|           1|          32|
    |select_ln674_2_fu_466_p3          |  select  |   0|  0|   6|           1|           6|
    |select_ln674_3_fu_354_p3          |  select  |   0|  0|   6|           1|           6|
    |select_ln674_4_fu_362_p3          |  select  |   0|  0|  32|           1|          32|
    |select_ln674_5_fu_370_p3          |  select  |   0|  0|   6|           1|           6|
    |select_ln674_fu_450_p3            |  select  |   0|  0|   6|           1|           6|
    |xf_bits_per_clock_fu_227_p3       |  select  |   0|  0|   5|           1|           4|
    |shl_ln414_1_fu_686_p2             |    shl   |   0|  0|  16|           2|           8|
    |shl_ln414_fu_583_p2               |    shl   |   0|  0|  16|           8|           8|
    |ap_enable_pp0                     |    xor   |   0|  0|   2|           1|           2|
    |ap_enable_reg_pp0_iter1           |    xor   |   0|  0|   2|           2|           1|
    |xor_ln414_fu_704_p2               |    xor   |   0|  0|   8|           2|           8|
    +----------------------------------+----------+----+---+----+------------+------------+
    |Total                             |          |   0|  0|1514|         741|         852|
    +----------------------------------+----------+----+---+----+------------+------------+

    * Multiplexer: 
    +--------------------------------+----+-----------+-----+-----------+
    |              Name              | LUT| Input Size| Bits| Total Bits|
    +--------------------------------+----+-----------+-----+-----------+
    |ap_NS_fsm                       |  27|          5|    1|          5|
    |ap_done                         |   9|          2|    1|          2|
    |ap_enable_reg_pp0_iter1         |   9|          2|    1|          2|
    |ap_enable_reg_pp0_iter2         |   9|          2|    1|          2|
    |ap_phi_mux_empty_phi_fu_158_p4  |  15|          3|    8|         24|
    |cols_bound_per_npc_blk_n        |   9|          2|    1|          2|
    |current_img_mat_434_blk_n       |   9|          2|    1|          2|
    |i_reg_144                       |   9|          2|   31|         62|
    |j_reg_133                       |   9|          2|   32|         64|
    |last_blk_width_blk_n            |   9|          2|    1|          2|
    |ldata1_blk_n                    |   9|          2|    1|          2|
    |p_Val2_s_fu_98                  |   9|          2|   32|         64|
    |rem_fu_94                       |  15|          3|   32|         96|
    |rows_blk_n                      |   9|          2|    1|          2|
    +--------------------------------+----+-----------+-----+-----------+
    |Total                           | 156|         33|  144|        331|
    +--------------------------------+----+-----------+-----+-----------+

    * Register: 
    +-----------------------------------+----+----+-----+-----------+
    |                Name               | FF | LUT| Bits| Const Bits|
    +-----------------------------------+----+----+-----+-----------+
    |add_ln1057_reg_776                 |   6|   0|    6|          0|
    |ap_CS_fsm                          |   4|   0|    4|          0|
    |ap_done_reg                        |   1|   0|    1|          0|
    |ap_enable_reg_pp0_iter0            |   1|   0|    1|          0|
    |ap_enable_reg_pp0_iter1            |   1|   0|    1|          0|
    |ap_enable_reg_pp0_iter2            |   1|   0|    1|          0|
    |bLast_reg_801                      |   1|   0|    1|          0|
    |bound_reg_761                      |  32|   0|   32|          0|
    |cols_bound_per_npc_2_reg_749       |  32|   0|   32|          0|
    |i_reg_144                          |  31|   0|   31|          0|
    |icmp_ln1038_reg_781                |   1|   0|    1|          0|
    |icmp_ln1038_reg_781_pp0_iter1_reg  |   1|   0|    1|          0|
    |icmp_ln1049_reg_811                |   1|   0|    1|          0|
    |icmp_ln1049_reg_811_pp0_iter1_reg  |   1|   0|    1|          0|
    |icmp_ln1050_reg_830                |   1|   0|    1|          0|
    |icmp_ln414_reg_850                 |   1|   0|    1|          0|
    |j_reg_133                          |  32|   0|   32|          0|
    |last_blk_width_1_reg_755           |   4|   0|    4|          0|
    |lshr_ln674_3_reg_825               |  32|   0|   32|          0|
    |lshr_ln674_reg_845                 |  32|   0|   32|          0|
    |p_Val2_s_fu_98                     |  32|   0|   32|          0|
    |rem_fu_94                          |  32|   0|   32|          0|
    |rem_load_reg_790                   |  32|   0|   32|          0|
    |rows_2_reg_744                     |  32|   0|   32|          0|
    |shl_ln414_reg_871                  |   8|   0|    8|          0|
    |sub2_i_reg_771                     |   6|   0|    6|          0|
    |sub_i_reg_766                      |  32|   0|   32|          0|
    |sub_ln414_2_reg_866                |   4|   0|    4|          0|
    |sub_ln674_2_reg_840                |   6|   0|    6|          0|
    |sub_ln674_7_reg_820                |   6|   0|    6|          0|
    |trunc_ln1051_reg_835               |   4|   0|    4|          0|
    |trunc_ln414_1_reg_861              |   4|   0|    4|          0|
    |trunc_ln414_reg_856                |   4|   0|    4|          0|
    |xf_bits_per_clock_reg_806          |   4|   0|    4|          0|
    +-----------------------------------+----+----+-----+-----------+
    |Total                              | 422|   0|  422|          0|
    +-----------------------------------+----+----+-----+-----------+



================================================================
== Interface
================================================================
* Summary: 
+----------------------------+-----+-----+------------+-----------------------+--------------+
|          RTL Ports         | Dir | Bits|  Protocol  |     Source Object     |    C Type    |
+----------------------------+-----+-----+------------+-----------------------+--------------+
|ap_clk                      |  in |    1| ap_ctrl_hs | AxiStream2MatStream.1 | return value |
|ap_rst                      |  in |    1| ap_ctrl_hs | AxiStream2MatStream.1 | return value |
|ap_start                    |  in |    1| ap_ctrl_hs | AxiStream2MatStream.1 | return value |
|ap_done                     | out |    1| ap_ctrl_hs | AxiStream2MatStream.1 | return value |
|ap_continue                 |  in |    1| ap_ctrl_hs | AxiStream2MatStream.1 | return value |
|ap_idle                     | out |    1| ap_ctrl_hs | AxiStream2MatStream.1 | return value |
|ap_ready                    | out |    1| ap_ctrl_hs | AxiStream2MatStream.1 | return value |
|ldata1_dout                 |  in |   32|   ap_fifo  |         ldata1        |    pointer   |
|ldata1_empty_n              |  in |    1|   ap_fifo  |         ldata1        |    pointer   |
|ldata1_read                 | out |    1|   ap_fifo  |         ldata1        |    pointer   |
|current_img_mat_434_din     | out |    8|   ap_fifo  |  current_img_mat_434  |    pointer   |
|current_img_mat_434_full_n  |  in |    1|   ap_fifo  |  current_img_mat_434  |    pointer   |
|current_img_mat_434_write   | out |    1|   ap_fifo  |  current_img_mat_434  |    pointer   |
|rows_dout                   |  in |   32|   ap_fifo  |          rows         |    pointer   |
|rows_empty_n                |  in |    1|   ap_fifo  |          rows         |    pointer   |
|rows_read                   | out |    1|   ap_fifo  |          rows         |    pointer   |
|cols_bound_per_npc_dout     |  in |   32|   ap_fifo  |   cols_bound_per_npc  |    pointer   |
|cols_bound_per_npc_empty_n  |  in |    1|   ap_fifo  |   cols_bound_per_npc  |    pointer   |
|cols_bound_per_npc_read     | out |    1|   ap_fifo  |   cols_bound_per_npc  |    pointer   |
|last_blk_width_dout         |  in |    4|   ap_fifo  |     last_blk_width    |    pointer   |
|last_blk_width_empty_n      |  in |    1|   ap_fifo  |     last_blk_width    |    pointer   |
|last_blk_width_read         | out |    1|   ap_fifo  |     last_blk_width    |    pointer   |
+----------------------------+-----+-----+------------+-----------------------+--------------+

