

================================================================
== Vitis HLS Report for 'Block_split2_proc66'
================================================================
* Date:           Thu Mar 25 14:59:47 2021

* Version:        2020.1.1 (Build 2960000 on Wed Aug 05 23:18:37 MDT 2020)
* Project:        pyr_dense_optical_flow_accel
* Solution:       solution (Vitis Kernel Flow Target)
* Product family: zynquplus
* Target device:  xczu7ev-ffvc1156-2-e


================================================================
== Performance Estimates
================================================================
+ Timing: 
    * Summary: 
    +--------+---------+----------+------------+
    |  Clock |  Target | Estimated| Uncertainty|
    +--------+---------+----------+------------+
    |ap_clk  | 6.67 ns | 1.838 ns |   1.80 ns  |
    +--------+---------+----------+------------+

+ Latency: 
    * Summary: 
    +---------+---------+----------+----------+-----+-----+---------+
    |  Latency (cycles) |  Latency (absolute) |  Interval | Pipeline|
    |   min   |   max   |    min   |    max   | min | max |   Type  |
    +---------+---------+----------+----------+-----+-----+---------+
    |        0|        0|   0 ns   |   0 ns   |    0|    0|   none  |
    +---------+---------+----------+----------+-----+-----+---------+

    + Detail: 
        * Instance: 
        N/A

        * Loop: 
        N/A



================================================================
== Utilization Estimates
================================================================
* Summary: 
+-----------------+---------+------+--------+--------+-----+
|       Name      | BRAM_18K|  DSP |   FF   |   LUT  | URAM|
+-----------------+---------+------+--------+--------+-----+
|DSP              |        -|     -|       -|       -|    -|
|Expression       |        -|     -|       0|       2|    -|
|FIFO             |        -|     -|       -|       -|    -|
|Instance         |        -|     -|       -|       -|    -|
|Memory           |        -|     -|       -|       -|    -|
|Multiplexer      |        -|     -|       -|     180|    -|
|Register         |        -|     -|      67|       -|    -|
+-----------------+---------+------+--------+--------+-----+
|Total            |        0|     0|      67|     182|    0|
+-----------------+---------+------+--------+--------+-----+
|Available        |      624|  1728|  460800|  230400|   96|
+-----------------+---------+------+--------+--------+-----+
|Utilization (%)  |        0|     0|   ~0   |   ~0   |    0|
+-----------------+---------+------+--------+--------+-----+

+ Detail: 
    * Instance: 
    N/A

    * DSP: 
    N/A

    * Memory: 
    N/A

    * FIFO: 
    N/A

    * Expression: 
    +-----------------+----------+----+---+----+------------+------------+
    |  Variable Name  | Operation| DSP| FF| LUT| Bitwidth P0| Bitwidth P1|
    +-----------------+----------+----+---+----+------------+------------+
    |ap_block_state1  |    or    |   0|  0|   2|           1|           1|
    +-----------------+----------+----+---+----+------------+------------+
    |Total            |          |   0|  0|   2|           1|           1|
    +-----------------+----------+----+---+----+------------+------------+

    * Multiplexer: 
    +----------------------------------+----+-----------+-----+-----------+
    |               Name               | LUT| Input Size| Bits| Total Bits|
    +----------------------------------+----+-----------+-----+-----------+
    |ap_done                           |   9|          2|    1|          2|
    |ap_return_0                       |   9|          2|   32|         64|
    |ap_return_1                       |   9|          2|   32|         64|
    |current_img_mat_cols_out_blk_n    |   9|          2|    1|          2|
    |current_img_mat_rows_out_blk_n    |   9|          2|    1|          2|
    |init_flag_out_blk_n               |   9|          2|    1|          2|
    |level_out_blk_n                   |   9|          2|    1|          2|
    |p_current_img_out_blk_n           |   9|          2|    1|          2|
    |p_next_image_out_blk_n            |   9|          2|    1|          2|
    |p_streamFlowin_out_blk_n          |   9|          2|    1|          2|
    |p_streamFlowout_out_blk_n         |   9|          2|    1|          2|
    |real_start                        |   9|          2|    1|          2|
    |scale_in_out_blk_n                |   9|          2|    1|          2|
    |scale_up_flag_out_blk_n           |   9|          2|    1|          2|
    |streamFlowin_mat_cols_out2_blk_n  |   9|          2|    1|          2|
    |streamFlowin_mat_cols_out_blk_n   |   9|          2|    1|          2|
    |streamFlowin_mat_rows_out1_blk_n  |   9|          2|    1|          2|
    |streamFlowin_mat_rows_out_blk_n   |   9|          2|    1|          2|
    |streamFlowout_mat_cols_out_blk_n  |   9|          2|    1|          2|
    |streamFlowout_mat_rows_out_blk_n  |   9|          2|    1|          2|
    +----------------------------------+----+-----------+-----+-----------+
    |Total                             | 180|         40|   82|        164|
    +----------------------------------+----+-----------+-----+-----------+

    * Register: 
    +------------------+----+----+-----+-----------+
    |       Name       | FF | LUT| Bits| Const Bits|
    +------------------+----+----+-----+-----------+
    |ap_CS_fsm         |   1|   0|    1|          0|
    |ap_done_reg       |   1|   0|    1|          0|
    |ap_return_0_preg  |  32|   0|   32|          0|
    |ap_return_1_preg  |  32|   0|   32|          0|
    |start_once_reg    |   1|   0|    1|          0|
    +------------------+----+----+-----+-----------+
    |Total             |  67|   0|   67|          0|
    +------------------+----+----+-----+-----------+



================================================================
== Interface
================================================================
* Summary: 
+-----------------------------------+-----+-----+------------+----------------------------+--------------+
|             RTL Ports             | Dir | Bits|  Protocol  |        Source Object       |    C Type    |
+-----------------------------------+-----+-----+------------+----------------------------+--------------+
|ap_clk                             |  in |    1| ap_ctrl_hs |    Block_.split2_proc66    | return value |
|ap_rst                             |  in |    1| ap_ctrl_hs |    Block_.split2_proc66    | return value |
|ap_start                           |  in |    1| ap_ctrl_hs |    Block_.split2_proc66    | return value |
|start_full_n                       |  in |    1| ap_ctrl_hs |    Block_.split2_proc66    | return value |
|ap_done                            | out |    1| ap_ctrl_hs |    Block_.split2_proc66    | return value |
|ap_continue                        |  in |    1| ap_ctrl_hs |    Block_.split2_proc66    | return value |
|ap_idle                            | out |    1| ap_ctrl_hs |    Block_.split2_proc66    | return value |
|ap_ready                           | out |    1| ap_ctrl_hs |    Block_.split2_proc66    | return value |
|start_out                          | out |    1| ap_ctrl_hs |    Block_.split2_proc66    | return value |
|start_write                        | out |    1| ap_ctrl_hs |    Block_.split2_proc66    | return value |
|ap_return_0                        | out |   32| ap_ctrl_hs |    Block_.split2_proc66    | return value |
|ap_return_1                        | out |   32| ap_ctrl_hs |    Block_.split2_proc66    | return value |
|cur_img_rows                       |  in |   32|   ap_none  |        cur_img_rows        |    scalar    |
|cur_img_cols                       |  in |   32|   ap_none  |        cur_img_cols        |    scalar    |
|next_img_rows                      |  in |   32|   ap_none  |        next_img_rows       |    scalar    |
|next_img_cols                      |  in |   32|   ap_none  |        next_img_cols       |    scalar    |
|flow_rows                          |  in |   32|   ap_none  |          flow_rows         |    scalar    |
|flow_cols                          |  in |   32|   ap_none  |          flow_cols         |    scalar    |
|flow_iter_rows                     |  in |   32|   ap_none  |       flow_iter_rows       |    scalar    |
|flow_iter_cols                     |  in |   32|   ap_none  |       flow_iter_cols       |    scalar    |
|p_current_img                      |  in |   64|   ap_none  |        p_current_img       |    scalar    |
|p_next_image                       |  in |   64|   ap_none  |        p_next_image        |    scalar    |
|p_streamFlowin                     |  in |   64|   ap_none  |       p_streamFlowin       |    scalar    |
|p_streamFlowout                    |  in |   64|   ap_none  |       p_streamFlowout      |    scalar    |
|level                              |  in |   32|   ap_none  |            level           |    scalar    |
|scale_up_flag                      |  in |   32|   ap_none  |        scale_up_flag       |    scalar    |
|scale_in                           |  in |   32|   ap_none  |          scale_in          |    scalar    |
|init_flag                          |  in |   32|   ap_none  |          init_flag         |    scalar    |
|current_img_mat_rows_out_din       | out |   32|   ap_fifo  |  current_img_mat_rows_out  |    pointer   |
|current_img_mat_rows_out_full_n    |  in |    1|   ap_fifo  |  current_img_mat_rows_out  |    pointer   |
|current_img_mat_rows_out_write     | out |    1|   ap_fifo  |  current_img_mat_rows_out  |    pointer   |
|current_img_mat_cols_out_din       | out |   32|   ap_fifo  |  current_img_mat_cols_out  |    pointer   |
|current_img_mat_cols_out_full_n    |  in |    1|   ap_fifo  |  current_img_mat_cols_out  |    pointer   |
|current_img_mat_cols_out_write     | out |    1|   ap_fifo  |  current_img_mat_cols_out  |    pointer   |
|streamFlowin_mat_rows_out_din      | out |   32|   ap_fifo  |  streamFlowin_mat_rows_out |    pointer   |
|streamFlowin_mat_rows_out_full_n   |  in |    1|   ap_fifo  |  streamFlowin_mat_rows_out |    pointer   |
|streamFlowin_mat_rows_out_write    | out |    1|   ap_fifo  |  streamFlowin_mat_rows_out |    pointer   |
|streamFlowin_mat_rows_out1_din     | out |   32|   ap_fifo  | streamFlowin_mat_rows_out1 |    pointer   |
|streamFlowin_mat_rows_out1_full_n  |  in |    1|   ap_fifo  | streamFlowin_mat_rows_out1 |    pointer   |
|streamFlowin_mat_rows_out1_write   | out |    1|   ap_fifo  | streamFlowin_mat_rows_out1 |    pointer   |
|streamFlowin_mat_cols_out_din      | out |   32|   ap_fifo  |  streamFlowin_mat_cols_out |    pointer   |
|streamFlowin_mat_cols_out_full_n   |  in |    1|   ap_fifo  |  streamFlowin_mat_cols_out |    pointer   |
|streamFlowin_mat_cols_out_write    | out |    1|   ap_fifo  |  streamFlowin_mat_cols_out |    pointer   |
|streamFlowin_mat_cols_out2_din     | out |   32|   ap_fifo  | streamFlowin_mat_cols_out2 |    pointer   |
|streamFlowin_mat_cols_out2_full_n  |  in |    1|   ap_fifo  | streamFlowin_mat_cols_out2 |    pointer   |
|streamFlowin_mat_cols_out2_write   | out |    1|   ap_fifo  | streamFlowin_mat_cols_out2 |    pointer   |
|streamFlowout_mat_rows_out_din     | out |   32|   ap_fifo  | streamFlowout_mat_rows_out |    pointer   |
|streamFlowout_mat_rows_out_full_n  |  in |    1|   ap_fifo  | streamFlowout_mat_rows_out |    pointer   |
|streamFlowout_mat_rows_out_write   | out |    1|   ap_fifo  | streamFlowout_mat_rows_out |    pointer   |
|streamFlowout_mat_cols_out_din     | out |   32|   ap_fifo  | streamFlowout_mat_cols_out |    pointer   |
|streamFlowout_mat_cols_out_full_n  |  in |    1|   ap_fifo  | streamFlowout_mat_cols_out |    pointer   |
|streamFlowout_mat_cols_out_write   | out |    1|   ap_fifo  | streamFlowout_mat_cols_out |    pointer   |
|p_current_img_out_din              | out |   64|   ap_fifo  |      p_current_img_out     |    pointer   |
|p_current_img_out_full_n           |  in |    1|   ap_fifo  |      p_current_img_out     |    pointer   |
|p_current_img_out_write            | out |    1|   ap_fifo  |      p_current_img_out     |    pointer   |
|p_next_image_out_din               | out |   64|   ap_fifo  |      p_next_image_out      |    pointer   |
|p_next_image_out_full_n            |  in |    1|   ap_fifo  |      p_next_image_out      |    pointer   |
|p_next_image_out_write             | out |    1|   ap_fifo  |      p_next_image_out      |    pointer   |
|p_streamFlowin_out_din             | out |   64|   ap_fifo  |     p_streamFlowin_out     |    pointer   |
|p_streamFlowin_out_full_n          |  in |    1|   ap_fifo  |     p_streamFlowin_out     |    pointer   |
|p_streamFlowin_out_write           | out |    1|   ap_fifo  |     p_streamFlowin_out     |    pointer   |
|p_streamFlowout_out_din            | out |   64|   ap_fifo  |     p_streamFlowout_out    |    pointer   |
|p_streamFlowout_out_full_n         |  in |    1|   ap_fifo  |     p_streamFlowout_out    |    pointer   |
|p_streamFlowout_out_write          | out |    1|   ap_fifo  |     p_streamFlowout_out    |    pointer   |
|level_out_din                      | out |   32|   ap_fifo  |          level_out         |    pointer   |
|level_out_full_n                   |  in |    1|   ap_fifo  |          level_out         |    pointer   |
|level_out_write                    | out |    1|   ap_fifo  |          level_out         |    pointer   |
|scale_up_flag_out_din              | out |   32|   ap_fifo  |      scale_up_flag_out     |    pointer   |
|scale_up_flag_out_full_n           |  in |    1|   ap_fifo  |      scale_up_flag_out     |    pointer   |
|scale_up_flag_out_write            | out |    1|   ap_fifo  |      scale_up_flag_out     |    pointer   |
|scale_in_out_din                   | out |   32|   ap_fifo  |        scale_in_out        |    pointer   |
|scale_in_out_full_n                |  in |    1|   ap_fifo  |        scale_in_out        |    pointer   |
|scale_in_out_write                 | out |    1|   ap_fifo  |        scale_in_out        |    pointer   |
|init_flag_out_din                  | out |   32|   ap_fifo  |        init_flag_out       |    pointer   |
|init_flag_out_full_n               |  in |    1|   ap_fifo  |        init_flag_out       |    pointer   |
|init_flag_out_write                | out |    1|   ap_fifo  |        init_flag_out       |    pointer   |
+-----------------------------------+-----+-----+------------+----------------------------+--------------+

