

================================================================
== Vitis HLS Report for 'scale_up_unsigned_short_1080_unsigned_short_1920_16_10_45_22_48_16_17_1_false_23'
================================================================
* Date:           Thu Mar 25 14:59:50 2021

* Version:        2020.1.1 (Build 2960000 on Wed Aug 05 23:18:37 MDT 2020)
* Project:        pyr_dense_optical_flow_accel
* Solution:       solution (Vitis Kernel Flow Target)
* Product family: zynquplus
* Target device:  xczu7ev-ffvc1156-2-e


================================================================
== Performance Estimates
================================================================
+ Timing: 
    * Summary: 
    +--------+---------+----------+------------+
    |  Clock |  Target | Estimated| Uncertainty|
    +--------+---------+----------+------------+
    |ap_clk  | 6.67 ns | 5.522 ns |   1.80 ns  |
    +--------+---------+----------+------------+

+ Latency: 
    * Summary: 
    +---------+---------+-----------+-----------+-----+---------+---------+
    |  Latency (cycles) |   Latency (absolute)  |    Interval   | Pipeline|
    |   min   |   max   |    min    |    max    | min |   max   |   Type  |
    +---------+---------+-----------+-----------+-----+---------+---------+
    |        3|  2092583| 20.001 ns | 13.951 ms |    3|  2092583|   none  |
    +---------+---------+-----------+-----------+-----+---------+---------+

    + Detail: 
        * Instance: 
        +-------------------------------------------------------------------------------------+--------------------------------------------------------------------------+---------+---------+-----------+-----------+-----+------+---------+
        |                                                                                     |                                                                          |  Latency (cycles) |   Latency (absolute)  |  Interval  | Pipeline|
        |                                       Instance                                      |                                  Module                                  |   min   |   max   |    min    |    max    | min |  max |   Type  |
        +-------------------------------------------------------------------------------------+--------------------------------------------------------------------------+---------+---------+-----------+-----------+-----+------+---------+
        |grp_process_unsigned_short_1080_unsigned_short_1920_16_10_45_22_48_16_17_1_s_fu_286  |process_unsigned_short_1080_unsigned_short_1920_16_10_45_22_48_16_17_1_s  |       13|     1932| 86.671 ns | 12.881 us |   13|  1932|   none  |
        |grp_load_data_1920_16_10_45_22_17_1_s_fu_302                                         |load_data_1920_16_10_45_22_17_1_s                                         |        4|     1925| 26.668 ns | 12.834 us |    4|  1925|   none  |
        +-------------------------------------------------------------------------------------+--------------------------------------------------------------------------+---------+---------+-----------+-----------+-----+------+---------+

        * Loop: 
        +---------------------+---------+---------+-----------+-----------+-----------+----------+----------+
        |                     |  Latency (cycles) | Iteration |  Initiation Interval  |   Trip   |          |
        |      Loop Name      |   min   |   max   |  Latency  |  achieved |   target  |   Count  | Pipelined|
        +---------------------+---------+---------+-----------+-----------+-----------+----------+----------+
        |- VITIS_LOOP_314_1   |        4|  2076840|  4 ~ 1923 |          -|          -| 1 ~ 1080 |    no    |
        | + VITIS_LOOP_318_2  |        1|     1920|          2|          1|          1| 1 ~ 1920 |    yes   |
        |- L2                 |       15|  2088720| 15 ~ 1934 |          -|          -| 1 ~ 1080 |    no    |
        +---------------------+---------+---------+-----------+-----------+-----------+----------+----------+



================================================================
== Utilization Estimates
================================================================
* Summary: 
+-----------------+---------+------+--------+--------+-----+
|       Name      | BRAM_18K|  DSP |   FF   |   LUT  | URAM|
+-----------------+---------+------+--------+--------+-----+
|DSP              |        -|     -|       -|       -|    -|
|Expression       |        -|     -|       0|     788|    -|
|FIFO             |        -|     -|       -|       -|    -|
|Instance         |        -|    10|    1013|    1311|    -|
|Memory           |        8|     -|       0|       0|    -|
|Multiplexer      |        -|     -|       -|     500|    -|
|Register         |        -|     -|     414|       -|    -|
+-----------------+---------+------+--------+--------+-----+
|Total            |        8|    10|    1427|    2599|    0|
+-----------------+---------+------+--------+--------+-----+
|Available        |      624|  1728|  460800|  230400|   96|
+-----------------+---------+------+--------+--------+-----+
|Utilization (%)  |        1|  ~0  |   ~0   |       1|    0|
+-----------------+---------+------+--------+--------+-----+

+ Detail: 
    * Instance: 
    +-------------------------------------------------------------------------------------+--------------------------------------------------------------------------+---------+----+-----+------+-----+
    |                                       Instance                                      |                                  Module                                  | BRAM_18K| DSP|  FF |  LUT | URAM|
    +-------------------------------------------------------------------------------------+--------------------------------------------------------------------------+---------+----+-----+------+-----+
    |fpext_32ns_64_2_no_dsp_1_U214                                                        |fpext_32ns_64_2_no_dsp_1                                                  |        0|   0|    0|     0|    0|
    |grp_load_data_1920_16_10_45_22_17_1_s_fu_302                                         |load_data_1920_16_10_45_22_17_1_s                                         |        0|   1|  127|   266|    0|
    |grp_process_unsigned_short_1080_unsigned_short_1920_16_10_45_22_48_16_17_1_s_fu_286  |process_unsigned_short_1080_unsigned_short_1920_16_10_45_22_48_16_17_1_s  |        0|   9|  886|  1045|    0|
    +-------------------------------------------------------------------------------------+--------------------------------------------------------------------------+---------+----+-----+------+-----+
    |Total                                                                                |                                                                          |        0|  10| 1013|  1311|    0|
    +-------------------------------------------------------------------------------------+--------------------------------------------------------------------------+---------+----+-----+------+-----+

    * DSP: 
    N/A

    * Memory: 
    +--------------+----------------------------------------------------------------------------------+---------+---+----+-----+------+-----+------+-------------+
    |    Memory    |                                      Module                                      | BRAM_18K| FF| LUT| URAM| Words| Bits| Banks| W*Bits*Banks|
    +--------------+----------------------------------------------------------------------------------+---------+---+----+-----+------+-----+------+-------------+
    |buffer_0_V_U  |scale_up_unsigned_short_1080_unsigned_short_1920_16_10_45_22_48_16_17_1_falsebkb  |        2|  0|   0|    0|  1920|   16|     1|        30720|
    |buffer_1_V_U  |scale_up_unsigned_short_1080_unsigned_short_1920_16_10_45_22_48_16_17_1_falsebkb  |        2|  0|   0|    0|  1920|   16|     1|        30720|
    |buf0_V_U      |scale_up_unsigned_short_1080_unsigned_short_1920_16_10_45_22_48_16_17_1_falsedEe  |        2|  0|   0|    0|  1920|   16|     1|        30720|
    |buf1_V_U      |scale_up_unsigned_short_1080_unsigned_short_1920_16_10_45_22_48_16_17_1_falsedEe  |        2|  0|   0|    0|  1920|   16|     1|        30720|
    +--------------+----------------------------------------------------------------------------------+---------+---+----+-----+------+-----+------+-------------+
    |Total         |                                                                                  |        8|  0|   0|    0|  7680|   64|     4|       122880|
    +--------------+----------------------------------------------------------------------------------+---------+---+----+-----+------+-----+------+-------------+

    * FIFO: 
    N/A

    * Expression: 
    +----------------------------------+----------+----+---+-----+------------+------------+
    |           Variable Name          | Operation| DSP| FF| LUT | Bitwidth P0| Bitwidth P1|
    +----------------------------------+----------+----+---+-----+------------+------------+
    |add_i_i52_i_i_fu_673_p2           |     +    |   0|  0|   23|          16|           1|
    |add_ln581_fu_430_p2               |     +    |   0|  0|   19|           6|          12|
    |add_ln695_3_fu_637_p2             |     +    |   0|  0|   23|          16|           1|
    |add_ln695_fu_626_p2               |     +    |   0|  0|   23|          16|           1|
    |op2_assign_fu_646_p2              |     +    |   0|  0|   24|          17|           2|
    |F2_fu_418_p2                      |     -    |   0|  0|   19|          11|          12|
    |man_V_1_fu_398_p2                 |     -    |   0|  0|   61|           1|          54|
    |sub_ln581_fu_436_p2               |     -    |   0|  0|   19|           5|          12|
    |and_ln581_fu_545_p2               |    and   |   0|  0|    2|           1|           1|
    |and_ln582_fu_523_p2               |    and   |   0|  0|    2|           1|           1|
    |and_ln585_1_fu_570_p2             |    and   |   0|  0|    2|           1|           1|
    |and_ln585_fu_550_p2               |    and   |   0|  0|    2|           1|           1|
    |and_ln603_fu_595_p2               |    and   |   0|  0|    2|           1|           1|
    |ap_block_pp0_stage0_01001         |    and   |   0|  0|    2|           1|           1|
    |ap_predicate_op163_call_state12   |    and   |   0|  0|    2|           1|           1|
    |ashr_ln586_fu_481_p2              |   ashr   |   0|  0|  167|          54|          54|
    |icmp_ln314_fu_621_p2              |   icmp   |   0|  0|   13|          16|          16|
    |icmp_ln318_fu_632_p2              |   icmp   |   0|  0|   13|          16|          16|
    |icmp_ln571_fu_412_p2              |   icmp   |   0|  0|   29|          63|           1|
    |icmp_ln581_fu_424_p2              |   icmp   |   0|  0|   13|          12|           5|
    |icmp_ln582_fu_442_p2              |   icmp   |   0|  0|   13|          12|           5|
    |icmp_ln585_fu_461_p2              |   icmp   |   0|  0|   13|          12|           6|
    |icmp_ln603_fu_467_p2              |   icmp   |   0|  0|   13|          12|           5|
    |icmp_ln882_3_fu_616_p2            |   icmp   |   0|  0|   13|          16|           1|
    |icmp_ln882_4_fu_668_p2            |   icmp   |   0|  0|   20|          17|          17|
    |icmp_ln882_fu_652_p2              |   icmp   |   0|  0|   20|          17|           1|
    |ap_block_state1                   |    or    |   0|  0|    2|           1|           1|
    |ap_block_state11_on_subcall_done  |    or    |   0|  0|    2|           1|           1|
    |ap_block_state12_on_subcall_done  |    or    |   0|  0|    2|           1|           1|
    |ap_block_state6_pp0_stage0_iter1  |    or    |   0|  0|    2|           1|           1|
    |ap_predicate_op161_call_state12   |    or    |   0|  0|    2|           1|           1|
    |or_ln581_fu_584_p2                |    or    |   0|  0|    2|           1|           1|
    |or_ln582_fu_535_p2                |    or    |   0|  0|    2|           1|           1|
    |scaleI_V_fu_609_p3                |  select  |   0|  0|   19|           1|           1|
    |select_ln570_fu_404_p3            |  select  |   0|  0|   53|           1|          54|
    |select_ln582_fu_528_p3            |  select  |   0|  0|   19|           1|          17|
    |select_ln585_1_fu_576_p3          |  select  |   0|  0|   19|           1|          17|
    |select_ln585_fu_556_p3            |  select  |   0|  0|   19|           1|          17|
    |select_ln588_fu_501_p3            |  select  |   0|  0|    2|           1|           2|
    |select_ln603_fu_601_p3            |  select  |   0|  0|   19|           1|          17|
    |sh_amt_fu_452_p3                  |  select  |   0|  0|   11|           1|          12|
    |shl_ln604_fu_513_p2               |    shl   |   0|  0|   49|          17|          17|
    |ap_enable_pp0                     |    xor   |   0|  0|    2|           1|           2|
    |ap_enable_reg_pp0_iter1           |    xor   |   0|  0|    2|           2|           1|
    |xor_ln571_fu_518_p2               |    xor   |   0|  0|    2|           1|           2|
    |xor_ln581_fu_589_p2               |    xor   |   0|  0|    2|           1|           2|
    |xor_ln582_fu_539_p2               |    xor   |   0|  0|    2|           1|           2|
    |xor_ln585_fu_564_p2               |    xor   |   0|  0|    2|           1|           2|
    +----------------------------------+----------+----+---+-----+------------+------------+
    |Total                             |          |   0|  0|  788|         381|         401|
    +----------------------------------+----------+----+---+-----+------------+------------+

    * Multiplexer: 
    +------------------------------------------------------------------------------------------------+----+-----------+-----+-----------+
    |                                              Name                                              | LUT| Input Size| Bits| Total Bits|
    +------------------------------------------------------------------------------------------------+----+-----------+-----+-----------+
    |ap_NS_fsm                                                                                       |  53|         12|    1|         12|
    |ap_done                                                                                         |   9|          2|    1|          2|
    |ap_enable_reg_pp0_iter1                                                                         |  15|          3|    1|          3|
    |ap_phi_mux_flag_1_phi_fu_277_p4                                                                 |  15|          3|    1|          3|
    |buf0_V_address0                                                                                 |  15|          3|   11|         33|
    |buf0_V_ce0                                                                                      |  15|          3|    1|          3|
    |buf0_V_we0                                                                                      |   9|          2|    1|          2|
    |buf1_V_address0                                                                                 |  15|          3|   11|         33|
    |buf1_V_ce0                                                                                      |  15|          3|    1|          3|
    |buf1_V_we0                                                                                      |   9|          2|    1|          2|
    |buffer_0_V_ce0                                                                                  |   9|          2|    1|          2|
    |buffer_0_V_ce1                                                                                  |   9|          2|    1|          2|
    |buffer_0_V_we0                                                                                  |   9|          2|    1|          2|
    |buffer_1_V_ce0                                                                                  |   9|          2|    1|          2|
    |buffer_1_V_ce1                                                                                  |   9|          2|    1|          2|
    |buffer_1_V_we0                                                                                  |   9|          2|    1|          2|
    |cols_blk_n                                                                                      |   9|          2|    1|          2|
    |cols_out_blk_n                                                                                  |   9|          2|    1|          2|
    |empty_155_reg_229                                                                               |   9|          2|   16|         32|
    |empty_156_reg_252                                                                               |   9|          2|   16|         32|
    |empty_reg_218                                                                                   |   9|          2|   16|         32|
    |flagLoaded0_2_i_i_reg_263                                                                       |   9|          2|    1|          2|
    |flag_reg_240                                                                                    |   9|          2|    1|          2|
    |grp_load_data_1920_16_10_45_22_17_1_s_fu_302_inCurrRow                                          |  15|          3|   16|         48|
    |grp_load_data_1920_16_10_45_22_17_1_s_fu_302_prevIceil_read                                     |  15|          3|   32|         96|
    |grp_load_data_1920_16_10_45_22_17_1_s_fu_302_prevIceil_read_5                                   |  15|          3|   32|         96|
    |grp_process_unsigned_short_1080_unsigned_short_1920_16_10_45_22_48_16_17_1_s_fu_286_buf_r_q0    |  15|          3|   16|         48|
    |grp_process_unsigned_short_1080_unsigned_short_1920_16_10_45_22_48_16_17_1_s_fu_286_flagLoaded  |  27|          5|    1|          5|
    |grp_process_unsigned_short_1080_unsigned_short_1920_16_10_45_22_48_16_17_1_s_fu_286_row         |  15|          3|   17|         51|
    |prev_cols_blk_n                                                                                 |   9|          2|    1|          2|
    |prev_rows_blk_n                                                                                 |   9|          2|    1|          2|
    |rows_blk_n                                                                                      |   9|          2|    1|          2|
    |rows_out_blk_n                                                                                  |   9|          2|    1|          2|
    |scale_in_blk_n                                                                                  |   9|          2|    1|          2|
    |scale_up_flag_blk_n                                                                             |   9|          2|    1|          2|
    |strmFlowU_scaled_blk_n                                                                          |   9|          2|    1|          2|
    |strmFlowU_scaled_din                                                                            |   9|          2|   16|         32|
    |strmFlowU_scaled_write                                                                          |  15|          3|    1|          3|
    |strmFlowU_split_blk_n                                                                           |   9|          2|    1|          2|
    |strmFlowU_split_read                                                                            |  15|          3|    1|          3|
    +------------------------------------------------------------------------------------------------+----+-----------+-----+-----------+
    |Total                                                                                           | 500|        106|  228|        610|
    +------------------------------------------------------------------------------------------------+----+-----------+-----+-----------+

    * Register: 
    +--------------------------------------------------------------------------------------------------+----+----+-----+-----------+
    |                                               Name                                               | FF | LUT| Bits| Const Bits|
    +--------------------------------------------------------------------------------------------------+----+----+-----+-----------+
    |add_i_i52_i_i_reg_839                                                                             |  16|   0|   16|          0|
    |add_ln581_reg_743                                                                                 |  12|   0|   12|          0|
    |add_ln695_reg_779                                                                                 |  16|   0|   16|          0|
    |ap_CS_fsm                                                                                         |  11|   0|   11|          0|
    |ap_done_reg                                                                                       |   1|   0|    1|          0|
    |ap_enable_reg_pp0_iter0                                                                           |   1|   0|    1|          0|
    |ap_enable_reg_pp0_iter1                                                                           |   1|   0|    1|          0|
    |empty_155_reg_229                                                                                 |  16|   0|   16|          0|
    |empty_156_reg_252                                                                                 |  16|   0|   16|          0|
    |empty_reg_218                                                                                     |  16|   0|   16|          0|
    |flagLoaded0_2_fu_144                                                                              |   1|   0|    1|          0|
    |flagLoaded0_2_i_i_reg_263                                                                         |   1|   0|    1|          0|
    |flagLoaded0_2_load_reg_826                                                                        |   1|   0|    1|          0|
    |flagLoaded1_1_fu_148                                                                              |   1|   0|    1|          0|
    |flagLoaded1_1_load_1_reg_856                                                                      |   1|   0|    1|          0|
    |flagLoaded1_1_load_reg_851                                                                        |   1|   0|    1|          0|
    |flag_reg_240                                                                                      |   1|   0|    1|          0|
    |grp_load_data_1920_16_10_45_22_17_1_s_fu_302_ap_start_reg                                         |   1|   0|    1|          0|
    |grp_process_unsigned_short_1080_unsigned_short_1920_16_10_45_22_48_16_17_1_s_fu_286_ap_start_reg  |   1|   0|    1|          0|
    |icmp_ln318_reg_784                                                                                |   1|   0|    1|          0|
    |icmp_ln571_reg_729                                                                                |   1|   0|    1|          0|
    |icmp_ln581_reg_736                                                                                |   1|   0|    1|          0|
    |icmp_ln582_reg_753                                                                                |   1|   0|    1|          0|
    |icmp_ln882_reg_804                                                                                |   1|   0|    1|          0|
    |op2_assign_reg_798                                                                                |  17|   0|   17|          0|
    |prevIceil_3_fu_140                                                                                |  32|   0|   32|          0|
    |prevIceil_3_load_reg_845                                                                          |  32|   0|   32|          0|
    |prev_cols_read_reg_695                                                                            |  16|   0|   16|          0|
    |prev_rows_read_reg_690                                                                            |  16|   0|   16|          0|
    |scaleI_V_reg_765                                                                                  |  17|   0|   17|          0|
    |scale_in_read_reg_704                                                                             |  32|   0|   32|          0|
    |scale_up_flag_read_reg_700                                                                        |   1|   0|    1|          0|
    |select_ln570_reg_724                                                                              |  54|   0|   54|          0|
    |sub_ln581_reg_748                                                                                 |  12|   0|   12|          0|
    |trunc_ln360_1_reg_718                                                                             |  16|   0|   16|          0|
    |trunc_ln360_reg_710                                                                               |  16|   0|   16|          0|
    |trunc_ln583_reg_759                                                                               |  17|   0|   17|          0|
    |zext_ln882_reg_831                                                                                |  16|   0|   17|          1|
    +--------------------------------------------------------------------------------------------------+----+----+-----+-----------+
    |Total                                                                                             | 414|   0|  415|          1|
    +--------------------------------------------------------------------------------------------------+----+----+-----+-----------+



================================================================
== Interface
================================================================
* Summary: 
+-------------------------+-----+-----+------------+----------------------------------------------------------------------------------------------+--------------+
|        RTL Ports        | Dir | Bits|  Protocol  |                                         Source Object                                        |    C Type    |
+-------------------------+-----+-----+------------+----------------------------------------------------------------------------------------------+--------------+
|ap_clk                   |  in |    1| ap_ctrl_hs | scale_up<(unsigned short)1080, (unsigned short)1920, 16, 10, 45, 22, 48, 16, 17, 1, false>23 | return value |
|ap_rst                   |  in |    1| ap_ctrl_hs | scale_up<(unsigned short)1080, (unsigned short)1920, 16, 10, 45, 22, 48, 16, 17, 1, false>23 | return value |
|ap_start                 |  in |    1| ap_ctrl_hs | scale_up<(unsigned short)1080, (unsigned short)1920, 16, 10, 45, 22, 48, 16, 17, 1, false>23 | return value |
|ap_done                  | out |    1| ap_ctrl_hs | scale_up<(unsigned short)1080, (unsigned short)1920, 16, 10, 45, 22, 48, 16, 17, 1, false>23 | return value |
|ap_continue              |  in |    1| ap_ctrl_hs | scale_up<(unsigned short)1080, (unsigned short)1920, 16, 10, 45, 22, 48, 16, 17, 1, false>23 | return value |
|ap_idle                  | out |    1| ap_ctrl_hs | scale_up<(unsigned short)1080, (unsigned short)1920, 16, 10, 45, 22, 48, 16, 17, 1, false>23 | return value |
|ap_ready                 | out |    1| ap_ctrl_hs | scale_up<(unsigned short)1080, (unsigned short)1920, 16, 10, 45, 22, 48, 16, 17, 1, false>23 | return value |
|strmFlowU_split_dout     |  in |   16|   ap_fifo  |                                        strmFlowU_split                                       |    pointer   |
|strmFlowU_split_empty_n  |  in |    1|   ap_fifo  |                                        strmFlowU_split                                       |    pointer   |
|strmFlowU_split_read     | out |    1|   ap_fifo  |                                        strmFlowU_split                                       |    pointer   |
|strmFlowU_scaled_din     | out |   16|   ap_fifo  |                                       strmFlowU_scaled                                       |    pointer   |
|strmFlowU_scaled_full_n  |  in |    1|   ap_fifo  |                                       strmFlowU_scaled                                       |    pointer   |
|strmFlowU_scaled_write   | out |    1|   ap_fifo  |                                       strmFlowU_scaled                                       |    pointer   |
|prev_rows_dout           |  in |   16|   ap_fifo  |                                           prev_rows                                          |    pointer   |
|prev_rows_empty_n        |  in |    1|   ap_fifo  |                                           prev_rows                                          |    pointer   |
|prev_rows_read           | out |    1|   ap_fifo  |                                           prev_rows                                          |    pointer   |
|prev_cols_dout           |  in |   16|   ap_fifo  |                                           prev_cols                                          |    pointer   |
|prev_cols_empty_n        |  in |    1|   ap_fifo  |                                           prev_cols                                          |    pointer   |
|prev_cols_read           | out |    1|   ap_fifo  |                                           prev_cols                                          |    pointer   |
|rows_dout                |  in |   32|   ap_fifo  |                                             rows                                             |    pointer   |
|rows_empty_n             |  in |    1|   ap_fifo  |                                             rows                                             |    pointer   |
|rows_read                | out |    1|   ap_fifo  |                                             rows                                             |    pointer   |
|cols_dout                |  in |   32|   ap_fifo  |                                             cols                                             |    pointer   |
|cols_empty_n             |  in |    1|   ap_fifo  |                                             cols                                             |    pointer   |
|cols_read                | out |    1|   ap_fifo  |                                             cols                                             |    pointer   |
|scale_up_flag_dout       |  in |    1|   ap_fifo  |                                         scale_up_flag                                        |    pointer   |
|scale_up_flag_empty_n    |  in |    1|   ap_fifo  |                                         scale_up_flag                                        |    pointer   |
|scale_up_flag_read       | out |    1|   ap_fifo  |                                         scale_up_flag                                        |    pointer   |
|scale_in_dout            |  in |   32|   ap_fifo  |                                           scale_in                                           |    pointer   |
|scale_in_empty_n         |  in |    1|   ap_fifo  |                                           scale_in                                           |    pointer   |
|scale_in_read            | out |    1|   ap_fifo  |                                           scale_in                                           |    pointer   |
|rows_out_din             | out |   32|   ap_fifo  |                                           rows_out                                           |    pointer   |
|rows_out_full_n          |  in |    1|   ap_fifo  |                                           rows_out                                           |    pointer   |
|rows_out_write           | out |    1|   ap_fifo  |                                           rows_out                                           |    pointer   |
|cols_out_din             | out |   32|   ap_fifo  |                                           cols_out                                           |    pointer   |
|cols_out_full_n          |  in |    1|   ap_fifo  |                                           cols_out                                           |    pointer   |
|cols_out_write           | out |    1|   ap_fifo  |                                           cols_out                                           |    pointer   |
+-------------------------+-----+-----+------------+----------------------------------------------------------------------------------------------+--------------+

