

================================================================
== Vitis HLS Report for 'scale_up_unsigned_short_1080_unsigned_short_1920_16_10_45_22_48_16_17_1_false_s'
================================================================
* Date:           Thu Mar 25 14:59:51 2021

* Version:        2020.1.1 (Build 2960000 on Wed Aug 05 23:18:37 MDT 2020)
* Project:        pyr_dense_optical_flow_accel
* Solution:       solution (Vitis Kernel Flow Target)
* Product family: zynquplus
* Target device:  xczu7ev-ffvc1156-2-e


================================================================
== Performance Estimates
================================================================
+ Timing: 
    * Summary: 
    +--------+---------+----------+------------+
    |  Clock |  Target | Estimated| Uncertainty|
    +--------+---------+----------+------------+
    |ap_clk  | 6.67 ns | 5.522 ns |   1.80 ns  |
    +--------+---------+----------+------------+

+ Latency: 
    * Summary: 
    +---------+---------+-----------+-----------+-----+---------+---------+
    |  Latency (cycles) |   Latency (absolute)  |    Interval   | Pipeline|
    |   min   |   max   |    min    |    max    | min |   max   |   Type  |
    +---------+---------+-----------+-----------+-----+---------+---------+
    |        3|  2092583| 20.001 ns | 13.951 ms |    3|  2092583|   none  |
    +---------+---------+-----------+-----------+-----+---------+---------+

    + Detail: 
        * Instance: 
        +-------------------------------------------------------------------------------------+--------------------------------------------------------------------------+---------+---------+-----------+-----------+-----+------+---------+
        |                                                                                     |                                                                          |  Latency (cycles) |   Latency (absolute)  |  Interval  | Pipeline|
        |                                       Instance                                      |                                  Module                                  |   min   |   max   |    min    |    max    | min |  max |   Type  |
        +-------------------------------------------------------------------------------------+--------------------------------------------------------------------------+---------+---------+-----------+-----------+-----+------+---------+
        |grp_process_unsigned_short_1080_unsigned_short_1920_16_10_45_22_48_16_17_1_s_fu_262  |process_unsigned_short_1080_unsigned_short_1920_16_10_45_22_48_16_17_1_s  |       13|     1932| 86.671 ns | 12.881 us |   13|  1932|   none  |
        |grp_load_data_1920_16_10_45_22_17_1_s_fu_278                                         |load_data_1920_16_10_45_22_17_1_s                                         |        4|     1925| 26.668 ns | 12.834 us |    4|  1925|   none  |
        +-------------------------------------------------------------------------------------+--------------------------------------------------------------------------+---------+---------+-----------+-----------+-----+------+---------+

        * Loop: 
        +---------------------+---------+---------+-----------+-----------+-----------+----------+----------+
        |                     |  Latency (cycles) | Iteration |  Initiation Interval  |   Trip   |          |
        |      Loop Name      |   min   |   max   |  Latency  |  achieved |   target  |   Count  | Pipelined|
        +---------------------+---------+---------+-----------+-----------+-----------+----------+----------+
        |- VITIS_LOOP_314_1   |        4|  2076840|  4 ~ 1923 |          -|          -| 1 ~ 1080 |    no    |
        | + VITIS_LOOP_318_2  |        1|     1920|          2|          1|          1| 1 ~ 1920 |    yes   |
        |- L2                 |       15|  2088720| 15 ~ 1934 |          -|          -| 1 ~ 1080 |    no    |
        +---------------------+---------+---------+-----------+-----------+-----------+----------+----------+



================================================================
== Utilization Estimates
================================================================
* Summary: 
+-----------------+---------+------+--------+--------+-----+
|       Name      | BRAM_18K|  DSP |   FF   |   LUT  | URAM|
+-----------------+---------+------+--------+--------+-----+
|DSP              |        -|     -|       -|       -|    -|
|Expression       |        -|     -|       0|     788|    -|
|FIFO             |        -|     -|       -|       -|    -|
|Instance         |        -|    10|    1013|    1311|    -|
|Memory           |        8|     -|       0|       0|    -|
|Multiplexer      |        -|     -|       -|     482|    -|
|Register         |        -|     -|     414|       -|    -|
+-----------------+---------+------+--------+--------+-----+
|Total            |        8|    10|    1427|    2581|    0|
+-----------------+---------+------+--------+--------+-----+
|Available        |      624|  1728|  460800|  230400|   96|
+-----------------+---------+------+--------+--------+-----+
|Utilization (%)  |        1|  ~0  |   ~0   |       1|    0|
+-----------------+---------+------+--------+--------+-----+

+ Detail: 
    * Instance: 
    +-------------------------------------------------------------------------------------+--------------------------------------------------------------------------+---------+----+-----+------+-----+
    |                                       Instance                                      |                                  Module                                  | BRAM_18K| DSP|  FF |  LUT | URAM|
    +-------------------------------------------------------------------------------------+--------------------------------------------------------------------------+---------+----+-----+------+-----+
    |fpext_32ns_64_2_no_dsp_1_U228                                                        |fpext_32ns_64_2_no_dsp_1                                                  |        0|   0|    0|     0|    0|
    |grp_load_data_1920_16_10_45_22_17_1_s_fu_278                                         |load_data_1920_16_10_45_22_17_1_s                                         |        0|   1|  127|   266|    0|
    |grp_process_unsigned_short_1080_unsigned_short_1920_16_10_45_22_48_16_17_1_s_fu_262  |process_unsigned_short_1080_unsigned_short_1920_16_10_45_22_48_16_17_1_s  |        0|   9|  886|  1045|    0|
    +-------------------------------------------------------------------------------------+--------------------------------------------------------------------------+---------+----+-----+------+-----+
    |Total                                                                                |                                                                          |        0|  10| 1013|  1311|    0|
    +-------------------------------------------------------------------------------------+--------------------------------------------------------------------------+---------+----+-----+------+-----+

    * DSP: 
    N/A

    * Memory: 
    +--------------+----------------------------------------------------------------------------------+---------+---+----+-----+------+-----+------+-------------+
    |    Memory    |                                      Module                                      | BRAM_18K| FF| LUT| URAM| Words| Bits| Banks| W*Bits*Banks|
    +--------------+----------------------------------------------------------------------------------+---------+---+----+-----+------+-----+------+-------------+
    |buffer_0_V_U  |scale_up_unsigned_short_1080_unsigned_short_1920_16_10_45_22_48_16_17_1_falsefYi  |        2|  0|   0|    0|  1920|   16|     1|        30720|
    |buffer_1_V_U  |scale_up_unsigned_short_1080_unsigned_short_1920_16_10_45_22_48_16_17_1_falsefYi  |        2|  0|   0|    0|  1920|   16|     1|        30720|
    |buf0_V_U      |scale_up_unsigned_short_1080_unsigned_short_1920_16_10_45_22_48_16_17_1_falsehbi  |        2|  0|   0|    0|  1920|   16|     1|        30720|
    |buf1_V_U      |scale_up_unsigned_short_1080_unsigned_short_1920_16_10_45_22_48_16_17_1_falsehbi  |        2|  0|   0|    0|  1920|   16|     1|        30720|
    +--------------+----------------------------------------------------------------------------------+---------+---+----+-----+------+-----+------+-------------+
    |Total         |                                                                                  |        8|  0|   0|    0|  7680|   64|     4|       122880|
    +--------------+----------------------------------------------------------------------------------+---------+---+----+-----+------+-----+------+-------------+

    * FIFO: 
    N/A

    * Expression: 
    +----------------------------------+----------+----+---+-----+------------+------------+
    |           Variable Name          | Operation| DSP| FF| LUT | Bitwidth P0| Bitwidth P1|
    +----------------------------------+----------+----+---+-----+------------+------------+
    |add_i_i52_i_i_fu_641_p2           |     +    |   0|  0|   23|          16|           1|
    |add_ln581_fu_398_p2               |     +    |   0|  0|   19|           6|          12|
    |add_ln695_4_fu_605_p2             |     +    |   0|  0|   23|          16|           1|
    |add_ln695_fu_594_p2               |     +    |   0|  0|   23|          16|           1|
    |op2_assign_fu_614_p2              |     +    |   0|  0|   24|          17|           2|
    |F2_fu_386_p2                      |     -    |   0|  0|   19|          11|          12|
    |man_V_2_fu_366_p2                 |     -    |   0|  0|   61|           1|          54|
    |sub_ln581_fu_404_p2               |     -    |   0|  0|   19|           5|          12|
    |and_ln581_fu_513_p2               |    and   |   0|  0|    2|           1|           1|
    |and_ln582_fu_491_p2               |    and   |   0|  0|    2|           1|           1|
    |and_ln585_2_fu_538_p2             |    and   |   0|  0|    2|           1|           1|
    |and_ln585_fu_518_p2               |    and   |   0|  0|    2|           1|           1|
    |and_ln603_fu_563_p2               |    and   |   0|  0|    2|           1|           1|
    |ap_block_pp0_stage0_01001         |    and   |   0|  0|    2|           1|           1|
    |ap_predicate_op157_call_state12   |    and   |   0|  0|    2|           1|           1|
    |ashr_ln586_fu_449_p2              |   ashr   |   0|  0|  167|          54|          54|
    |icmp_ln314_fu_589_p2              |   icmp   |   0|  0|   13|          16|          16|
    |icmp_ln318_fu_600_p2              |   icmp   |   0|  0|   13|          16|          16|
    |icmp_ln571_fu_380_p2              |   icmp   |   0|  0|   29|          63|           1|
    |icmp_ln581_fu_392_p2              |   icmp   |   0|  0|   13|          12|           5|
    |icmp_ln582_fu_410_p2              |   icmp   |   0|  0|   13|          12|           5|
    |icmp_ln585_fu_429_p2              |   icmp   |   0|  0|   13|          12|           6|
    |icmp_ln603_fu_435_p2              |   icmp   |   0|  0|   13|          12|           5|
    |icmp_ln882_5_fu_584_p2            |   icmp   |   0|  0|   13|          16|           1|
    |icmp_ln882_6_fu_636_p2            |   icmp   |   0|  0|   20|          17|          17|
    |icmp_ln882_fu_620_p2              |   icmp   |   0|  0|   20|          17|           1|
    |ap_block_state1                   |    or    |   0|  0|    2|           1|           1|
    |ap_block_state11_on_subcall_done  |    or    |   0|  0|    2|           1|           1|
    |ap_block_state12_on_subcall_done  |    or    |   0|  0|    2|           1|           1|
    |ap_block_state6_pp0_stage0_iter1  |    or    |   0|  0|    2|           1|           1|
    |ap_predicate_op155_call_state12   |    or    |   0|  0|    2|           1|           1|
    |or_ln581_fu_552_p2                |    or    |   0|  0|    2|           1|           1|
    |or_ln582_fu_503_p2                |    or    |   0|  0|    2|           1|           1|
    |scaleI_V_fu_577_p3                |  select  |   0|  0|   19|           1|           1|
    |select_ln570_fu_372_p3            |  select  |   0|  0|   53|           1|          54|
    |select_ln582_fu_496_p3            |  select  |   0|  0|   19|           1|          17|
    |select_ln585_2_fu_544_p3          |  select  |   0|  0|   19|           1|          17|
    |select_ln585_fu_524_p3            |  select  |   0|  0|   19|           1|          17|
    |select_ln588_fu_469_p3            |  select  |   0|  0|    2|           1|           2|
    |select_ln603_fu_569_p3            |  select  |   0|  0|   19|           1|          17|
    |sh_amt_fu_420_p3                  |  select  |   0|  0|   11|           1|          12|
    |shl_ln604_fu_481_p2               |    shl   |   0|  0|   49|          17|          17|
    |ap_enable_pp0                     |    xor   |   0|  0|    2|           1|           2|
    |ap_enable_reg_pp0_iter1           |    xor   |   0|  0|    2|           2|           1|
    |xor_ln571_fu_486_p2               |    xor   |   0|  0|    2|           1|           2|
    |xor_ln581_fu_557_p2               |    xor   |   0|  0|    2|           1|           2|
    |xor_ln582_fu_507_p2               |    xor   |   0|  0|    2|           1|           2|
    |xor_ln585_fu_532_p2               |    xor   |   0|  0|    2|           1|           2|
    +----------------------------------+----------+----+---+-----+------------+------------+
    |Total                             |          |   0|  0|  788|         381|         401|
    +----------------------------------+----------+----+---+-----+------------+------------+

    * Multiplexer: 
    +------------------------------------------------------------------------------------------------+----+-----------+-----+-----------+
    |                                              Name                                              | LUT| Input Size| Bits| Total Bits|
    +------------------------------------------------------------------------------------------------+----+-----------+-----+-----------+
    |ap_NS_fsm                                                                                       |  53|         12|    1|         12|
    |ap_done                                                                                         |   9|          2|    1|          2|
    |ap_enable_reg_pp0_iter1                                                                         |  15|          3|    1|          3|
    |ap_phi_mux_flag_2_phi_fu_253_p4                                                                 |  15|          3|    1|          3|
    |buf0_V_address0                                                                                 |  15|          3|   11|         33|
    |buf0_V_ce0                                                                                      |  15|          3|    1|          3|
    |buf0_V_we0                                                                                      |   9|          2|    1|          2|
    |buf1_V_address0                                                                                 |  15|          3|   11|         33|
    |buf1_V_ce0                                                                                      |  15|          3|    1|          3|
    |buf1_V_we0                                                                                      |   9|          2|    1|          2|
    |buffer_0_V_ce0                                                                                  |   9|          2|    1|          2|
    |buffer_0_V_ce1                                                                                  |   9|          2|    1|          2|
    |buffer_0_V_we0                                                                                  |   9|          2|    1|          2|
    |buffer_1_V_ce0                                                                                  |   9|          2|    1|          2|
    |buffer_1_V_ce1                                                                                  |   9|          2|    1|          2|
    |buffer_1_V_we0                                                                                  |   9|          2|    1|          2|
    |cols_blk_n                                                                                      |   9|          2|    1|          2|
    |empty_157_reg_205                                                                               |   9|          2|   16|         32|
    |empty_158_reg_228                                                                               |   9|          2|   16|         32|
    |empty_reg_194                                                                                   |   9|          2|   16|         32|
    |flagLoaded0_2_i_i_reg_239                                                                       |   9|          2|    1|          2|
    |flag_reg_216                                                                                    |   9|          2|    1|          2|
    |grp_load_data_1920_16_10_45_22_17_1_s_fu_278_inCurrRow                                          |  15|          3|   16|         48|
    |grp_load_data_1920_16_10_45_22_17_1_s_fu_278_prevIceil_read                                     |  15|          3|   32|         96|
    |grp_load_data_1920_16_10_45_22_17_1_s_fu_278_prevIceil_read_5                                   |  15|          3|   32|         96|
    |grp_process_unsigned_short_1080_unsigned_short_1920_16_10_45_22_48_16_17_1_s_fu_262_buf_r_q0    |  15|          3|   16|         48|
    |grp_process_unsigned_short_1080_unsigned_short_1920_16_10_45_22_48_16_17_1_s_fu_262_flagLoaded  |  27|          5|    1|          5|
    |grp_process_unsigned_short_1080_unsigned_short_1920_16_10_45_22_48_16_17_1_s_fu_262_row         |  15|          3|   17|         51|
    |prev_cols_blk_n                                                                                 |   9|          2|    1|          2|
    |prev_rows_blk_n                                                                                 |   9|          2|    1|          2|
    |rows_blk_n                                                                                      |   9|          2|    1|          2|
    |scale_in_blk_n                                                                                  |   9|          2|    1|          2|
    |scale_up_flag_blk_n                                                                             |   9|          2|    1|          2|
    |strmFlowV_scaled_blk_n                                                                          |   9|          2|    1|          2|
    |strmFlowV_scaled_din                                                                            |   9|          2|   16|         32|
    |strmFlowV_scaled_write                                                                          |  15|          3|    1|          3|
    |strmFlowV_split_blk_n                                                                           |   9|          2|    1|          2|
    |strmFlowV_split_read                                                                            |  15|          3|    1|          3|
    +------------------------------------------------------------------------------------------------+----+-----------+-----+-----------+
    |Total                                                                                           | 482|        102|  226|        606|
    +------------------------------------------------------------------------------------------------+----+-----------+-----+-----------+

    * Register: 
    +--------------------------------------------------------------------------------------------------+----+----+-----+-----------+
    |                                               Name                                               | FF | LUT| Bits| Const Bits|
    +--------------------------------------------------------------------------------------------------+----+----+-----+-----------+
    |add_i_i52_i_i_reg_807                                                                             |  16|   0|   16|          0|
    |add_ln581_reg_711                                                                                 |  12|   0|   12|          0|
    |add_ln695_reg_747                                                                                 |  16|   0|   16|          0|
    |ap_CS_fsm                                                                                         |  11|   0|   11|          0|
    |ap_done_reg                                                                                       |   1|   0|    1|          0|
    |ap_enable_reg_pp0_iter0                                                                           |   1|   0|    1|          0|
    |ap_enable_reg_pp0_iter1                                                                           |   1|   0|    1|          0|
    |cols_read_reg_676                                                                                 |  16|   0|   16|          0|
    |empty_157_reg_205                                                                                 |  16|   0|   16|          0|
    |empty_158_reg_228                                                                                 |  16|   0|   16|          0|
    |empty_reg_194                                                                                     |  16|   0|   16|          0|
    |flagLoaded0_2_i_i_reg_239                                                                         |   1|   0|    1|          0|
    |flagLoaded0_3_fu_136                                                                              |   1|   0|    1|          0|
    |flagLoaded0_3_load_reg_794                                                                        |   1|   0|    1|          0|
    |flagLoaded1_2_fu_140                                                                              |   1|   0|    1|          0|
    |flagLoaded1_2_load_1_reg_824                                                                      |   1|   0|    1|          0|
    |flagLoaded1_2_load_reg_819                                                                        |   1|   0|    1|          0|
    |flag_reg_216                                                                                      |   1|   0|    1|          0|
    |grp_load_data_1920_16_10_45_22_17_1_s_fu_278_ap_start_reg                                         |   1|   0|    1|          0|
    |grp_process_unsigned_short_1080_unsigned_short_1920_16_10_45_22_48_16_17_1_s_fu_262_ap_start_reg  |   1|   0|    1|          0|
    |icmp_ln318_reg_752                                                                                |   1|   0|    1|          0|
    |icmp_ln571_reg_697                                                                                |   1|   0|    1|          0|
    |icmp_ln581_reg_704                                                                                |   1|   0|    1|          0|
    |icmp_ln582_reg_721                                                                                |   1|   0|    1|          0|
    |icmp_ln882_reg_772                                                                                |   1|   0|    1|          0|
    |op2_assign_reg_766                                                                                |  17|   0|   17|          0|
    |prevIceil_5_fu_132                                                                                |  32|   0|   32|          0|
    |prevIceil_5_load_reg_813                                                                          |  32|   0|   32|          0|
    |prev_cols_read_reg_663                                                                            |  16|   0|   16|          0|
    |prev_rows_read_reg_658                                                                            |  16|   0|   16|          0|
    |rows_read_reg_668                                                                                 |  16|   0|   16|          0|
    |scaleI_V_reg_733                                                                                  |  17|   0|   17|          0|
    |scale_in_read_reg_686                                                                             |  32|   0|   32|          0|
    |scale_up_flag_read_reg_682                                                                        |   1|   0|    1|          0|
    |select_ln570_reg_692                                                                              |  54|   0|   54|          0|
    |sub_ln581_reg_716                                                                                 |  12|   0|   12|          0|
    |trunc_ln583_reg_727                                                                               |  17|   0|   17|          0|
    |zext_ln882_reg_799                                                                                |  16|   0|   17|          1|
    +--------------------------------------------------------------------------------------------------+----+----+-----+-----------+
    |Total                                                                                             | 414|   0|  415|          1|
    +--------------------------------------------------------------------------------------------------+----+----+-----+-----------+



================================================================
== Interface
================================================================
* Summary: 
+-------------------------+-----+-----+------------+--------------------------------------------------------------------------------------------+--------------+
|        RTL Ports        | Dir | Bits|  Protocol  |                                        Source Object                                       |    C Type    |
+-------------------------+-----+-----+------------+--------------------------------------------------------------------------------------------+--------------+
|ap_clk                   |  in |    1| ap_ctrl_hs | scale_up<(unsigned short)1080, (unsigned short)1920, 16, 10, 45, 22, 48, 16, 17, 1, false> | return value |
|ap_rst                   |  in |    1| ap_ctrl_hs | scale_up<(unsigned short)1080, (unsigned short)1920, 16, 10, 45, 22, 48, 16, 17, 1, false> | return value |
|ap_start                 |  in |    1| ap_ctrl_hs | scale_up<(unsigned short)1080, (unsigned short)1920, 16, 10, 45, 22, 48, 16, 17, 1, false> | return value |
|ap_done                  | out |    1| ap_ctrl_hs | scale_up<(unsigned short)1080, (unsigned short)1920, 16, 10, 45, 22, 48, 16, 17, 1, false> | return value |
|ap_continue              |  in |    1| ap_ctrl_hs | scale_up<(unsigned short)1080, (unsigned short)1920, 16, 10, 45, 22, 48, 16, 17, 1, false> | return value |
|ap_idle                  | out |    1| ap_ctrl_hs | scale_up<(unsigned short)1080, (unsigned short)1920, 16, 10, 45, 22, 48, 16, 17, 1, false> | return value |
|ap_ready                 | out |    1| ap_ctrl_hs | scale_up<(unsigned short)1080, (unsigned short)1920, 16, 10, 45, 22, 48, 16, 17, 1, false> | return value |
|strmFlowV_split_dout     |  in |   16|   ap_fifo  |                                       strmFlowV_split                                      |    pointer   |
|strmFlowV_split_empty_n  |  in |    1|   ap_fifo  |                                       strmFlowV_split                                      |    pointer   |
|strmFlowV_split_read     | out |    1|   ap_fifo  |                                       strmFlowV_split                                      |    pointer   |
|strmFlowV_scaled_din     | out |   16|   ap_fifo  |                                      strmFlowV_scaled                                      |    pointer   |
|strmFlowV_scaled_full_n  |  in |    1|   ap_fifo  |                                      strmFlowV_scaled                                      |    pointer   |
|strmFlowV_scaled_write   | out |    1|   ap_fifo  |                                      strmFlowV_scaled                                      |    pointer   |
|prev_rows_dout           |  in |   16|   ap_fifo  |                                          prev_rows                                         |    pointer   |
|prev_rows_empty_n        |  in |    1|   ap_fifo  |                                          prev_rows                                         |    pointer   |
|prev_rows_read           | out |    1|   ap_fifo  |                                          prev_rows                                         |    pointer   |
|prev_cols_dout           |  in |   16|   ap_fifo  |                                          prev_cols                                         |    pointer   |
|prev_cols_empty_n        |  in |    1|   ap_fifo  |                                          prev_cols                                         |    pointer   |
|prev_cols_read           | out |    1|   ap_fifo  |                                          prev_cols                                         |    pointer   |
|rows_dout                |  in |   16|   ap_fifo  |                                            rows                                            |    pointer   |
|rows_empty_n             |  in |    1|   ap_fifo  |                                            rows                                            |    pointer   |
|rows_read                | out |    1|   ap_fifo  |                                            rows                                            |    pointer   |
|cols_dout                |  in |   16|   ap_fifo  |                                            cols                                            |    pointer   |
|cols_empty_n             |  in |    1|   ap_fifo  |                                            cols                                            |    pointer   |
|cols_read                | out |    1|   ap_fifo  |                                            cols                                            |    pointer   |
|scale_up_flag_dout       |  in |    1|   ap_fifo  |                                        scale_up_flag                                       |    pointer   |
|scale_up_flag_empty_n    |  in |    1|   ap_fifo  |                                        scale_up_flag                                       |    pointer   |
|scale_up_flag_read       | out |    1|   ap_fifo  |                                        scale_up_flag                                       |    pointer   |
|scale_in_dout            |  in |   32|   ap_fifo  |                                          scale_in                                          |    pointer   |
|scale_in_empty_n         |  in |    1|   ap_fifo  |                                          scale_in                                          |    pointer   |
|scale_in_read            | out |    1|   ap_fifo  |                                          scale_in                                          |    pointer   |
+-------------------------+-----+-----+------------+--------------------------------------------------------------------------------------------+--------------+

