

================================================================
== Vitis HLS Report for 'split_stream_int_fixed_unsigned_short_1080_unsigned_short_1920_16_10_48'
================================================================
* Date:           Thu Mar 25 14:59:49 2021

* Version:        2020.1.1 (Build 2960000 on Wed Aug 05 23:18:37 MDT 2020)
* Project:        pyr_dense_optical_flow_accel
* Solution:       solution (Vitis Kernel Flow Target)
* Product family: zynquplus
* Target device:  xczu7ev-ffvc1156-2-e


================================================================
== Performance Estimates
================================================================
+ Timing: 
    * Summary: 
    +--------+---------+----------+------------+
    |  Clock |  Target | Estimated| Uncertainty|
    +--------+---------+----------+------------+
    |ap_clk  | 6.67 ns | 3.588 ns |   1.80 ns  |
    +--------+---------+----------+------------+

+ Latency: 
    * Summary: 
    +---------+---------+-----------+-----------+-----+---------+---------+
    |  Latency (cycles) |   Latency (absolute)  |    Interval   | Pipeline|
    |   min   |   max   |    min    |    max    | min |   max   |   Type  |
    +---------+---------+-----------+-----------+-----+---------+---------+
    |        5|  2076841| 33.335 ns | 13.846 ms |    5|  2076841|   none  |
    +---------+---------+-----------+-----------+-----+---------+---------+

    + Detail: 
        * Instance: 
        N/A

        * Loop: 
        +---------------------+---------+---------+----------+-----------+-----------+----------+----------+
        |                     |  Latency (cycles) | Iteration|  Initiation Interval  |   Trip   |          |
        |      Loop Name      |   min   |   max   |  Latency |  achieved |   target  |   Count  | Pipelined|
        +---------------------+---------+---------+----------+-----------+-----------+----------+----------+
        |- VITIS_LOOP_103_1   |        4|  2076840| 4 ~ 1923 |          -|          -| 1 ~ 1080 |    no    |
        | + VITIS_LOOP_107_2  |        1|     1920|         2|          1|          1| 1 ~ 1920 |    yes   |
        +---------------------+---------+---------+----------+-----------+-----------+----------+----------+



================================================================
== Utilization Estimates
================================================================
* Summary: 
+-----------------+---------+------+--------+--------+-----+
|       Name      | BRAM_18K|  DSP |   FF   |   LUT  | URAM|
+-----------------+---------+------+--------+--------+-----+
|DSP              |        -|     -|       -|       -|    -|
|Expression       |        -|     -|       0|      96|    -|
|FIFO             |        -|     -|       -|       -|    -|
|Instance         |        -|     -|       -|       -|    -|
|Memory           |        -|     -|       -|       -|    -|
|Multiplexer      |        -|     -|       -|     231|    -|
|Register         |        -|     -|      57|       -|    -|
+-----------------+---------+------+--------+--------+-----+
|Total            |        0|     0|      57|     327|    0|
+-----------------+---------+------+--------+--------+-----+
|Available        |      624|  1728|  460800|  230400|   96|
+-----------------+---------+------+--------+--------+-----+
|Utilization (%)  |        0|     0|   ~0   |   ~0   |    0|
+-----------------+---------+------+--------+--------+-----+

+ Detail: 
    * Instance: 
    N/A

    * DSP: 
    N/A

    * Memory: 
    N/A

    * FIFO: 
    N/A

    * Expression: 
    +----------------------------------+----------+----+---+----+------------+------------+
    |           Variable Name          | Operation| DSP| FF| LUT| Bitwidth P0| Bitwidth P1|
    +----------------------------------+----------+----+---+----+------------+------------+
    |add_ln695_2_fu_343_p2             |     +    |   0|  0|  23|          16|           1|
    |add_ln695_fu_358_p2               |     +    |   0|  0|  23|          16|           1|
    |ap_block_pp0_stage0_01001         |    and   |   0|  0|   2|           1|           1|
    |icmp_ln882_2_fu_353_p2            |   icmp   |   0|  0|  20|          32|          32|
    |icmp_ln882_fu_338_p2              |   icmp   |   0|  0|  20|          32|          32|
    |ap_block_state1                   |    or    |   0|  0|   2|           1|           1|
    |ap_block_state4_pp0_stage0_iter1  |    or    |   0|  0|   2|           1|           1|
    |ap_enable_pp0                     |    xor   |   0|  0|   2|           1|           2|
    |ap_enable_reg_pp0_iter1           |    xor   |   0|  0|   2|           2|           1|
    +----------------------------------+----------+----+---+----+------------+------------+
    |Total                             |          |   0|  0|  96|         102|          72|
    +----------------------------------+----------+----+---+----+------------+------------+

    * Multiplexer: 
    +----------------------------+----+-----------+-----+-----------+
    |            Name            | LUT| Input Size| Bits| Total Bits|
    +----------------------------+----+-----------+-----+-----------+
    |ap_NS_fsm                   |  27|          5|    1|          5|
    |ap_done                     |   9|          2|    1|          2|
    |ap_enable_reg_pp0_iter1     |  15|          3|    1|          3|
    |cols2_out4_blk_n            |   9|          2|    1|          2|
    |cols2_out_blk_n             |   9|          2|    1|          2|
    |cols_out2_blk_n             |   9|          2|    1|          2|
    |cols_out_blk_n              |   9|          2|    1|          2|
    |empty_154_reg_301           |   9|          2|   16|         32|
    |empty_reg_290               |   9|          2|   16|         32|
    |init_flag_out_blk_n         |   9|          2|    1|          2|
    |level_out_blk_n             |   9|          2|    1|          2|
    |real_start                  |   9|          2|    1|          2|
    |rows1_out3_blk_n            |   9|          2|    1|          2|
    |rows1_out_blk_n             |   9|          2|    1|          2|
    |rows_out1_blk_n             |   9|          2|    1|          2|
    |rows_out_blk_n              |   9|          2|    1|          2|
    |scale_in_out6_blk_n         |   9|          2|    1|          2|
    |scale_in_out_blk_n          |   9|          2|    1|          2|
    |scale_up_flag_out5_blk_n    |   9|          2|    1|          2|
    |scale_up_flag_out_blk_n     |   9|          2|    1|          2|
    |streamFlowin_mat_436_blk_n  |   9|          2|    1|          2|
    |strmFlowU_split15_blk_n     |   9|          2|    1|          2|
    |strmFlowV_split16_blk_n     |   9|          2|    1|          2|
    +----------------------------+----+-----------+-----+-----------+
    |Total                       | 231|         50|   53|        110|
    +----------------------------+----+-----------+-----+-----------+

    * Register: 
    +-------------------------+----+----+-----+-----------+
    |           Name          | FF | LUT| Bits| Const Bits|
    +-------------------------+----+----+-----+-----------+
    |add_ln695_2_reg_394      |  16|   0|   16|          0|
    |ap_CS_fsm                |   4|   0|    4|          0|
    |ap_done_reg              |   1|   0|    1|          0|
    |ap_enable_reg_pp0_iter0  |   1|   0|    1|          0|
    |ap_enable_reg_pp0_iter1  |   1|   0|    1|          0|
    |empty_154_reg_301        |  16|   0|   16|          0|
    |empty_reg_290            |  16|   0|   16|          0|
    |icmp_ln882_2_reg_399     |   1|   0|    1|          0|
    |start_once_reg           |   1|   0|    1|          0|
    +-------------------------+----+----+-----+-----------+
    |Total                    |  57|   0|   57|          0|
    +-------------------------+----+----+-----+-----------+



================================================================
== Interface
================================================================
* Summary: 
+------------------------------+-----+-----+------------+------------------------------------------------------------------------------+--------------+
|           RTL Ports          | Dir | Bits|  Protocol  |                                 Source Object                                |    C Type    |
+------------------------------+-----+-----+------------+------------------------------------------------------------------------------+--------------+
|ap_clk                        |  in |    1| ap_ctrl_hs | split_stream_int_fixed<(unsigned short)1080, (unsigned short)1920, 16, 10>48 | return value |
|ap_rst                        |  in |    1| ap_ctrl_hs | split_stream_int_fixed<(unsigned short)1080, (unsigned short)1920, 16, 10>48 | return value |
|ap_start                      |  in |    1| ap_ctrl_hs | split_stream_int_fixed<(unsigned short)1080, (unsigned short)1920, 16, 10>48 | return value |
|start_full_n                  |  in |    1| ap_ctrl_hs | split_stream_int_fixed<(unsigned short)1080, (unsigned short)1920, 16, 10>48 | return value |
|ap_done                       | out |    1| ap_ctrl_hs | split_stream_int_fixed<(unsigned short)1080, (unsigned short)1920, 16, 10>48 | return value |
|ap_continue                   |  in |    1| ap_ctrl_hs | split_stream_int_fixed<(unsigned short)1080, (unsigned short)1920, 16, 10>48 | return value |
|ap_idle                       | out |    1| ap_ctrl_hs | split_stream_int_fixed<(unsigned short)1080, (unsigned short)1920, 16, 10>48 | return value |
|ap_ready                      | out |    1| ap_ctrl_hs | split_stream_int_fixed<(unsigned short)1080, (unsigned short)1920, 16, 10>48 | return value |
|start_out                     | out |    1| ap_ctrl_hs | split_stream_int_fixed<(unsigned short)1080, (unsigned short)1920, 16, 10>48 | return value |
|start_write                   | out |    1| ap_ctrl_hs | split_stream_int_fixed<(unsigned short)1080, (unsigned short)1920, 16, 10>48 | return value |
|streamFlowin_mat_436_dout     |  in |   32|   ap_fifo  |                             streamFlowin_mat_436                             |    pointer   |
|streamFlowin_mat_436_empty_n  |  in |    1|   ap_fifo  |                             streamFlowin_mat_436                             |    pointer   |
|streamFlowin_mat_436_read     | out |    1|   ap_fifo  |                             streamFlowin_mat_436                             |    pointer   |
|strmFlowU_split15_din         | out |   16|   ap_fifo  |                               strmFlowU_split15                              |    pointer   |
|strmFlowU_split15_full_n      |  in |    1|   ap_fifo  |                               strmFlowU_split15                              |    pointer   |
|strmFlowU_split15_write       | out |    1|   ap_fifo  |                               strmFlowU_split15                              |    pointer   |
|strmFlowV_split16_din         | out |   16|   ap_fifo  |                               strmFlowV_split16                              |    pointer   |
|strmFlowV_split16_full_n      |  in |    1|   ap_fifo  |                               strmFlowV_split16                              |    pointer   |
|strmFlowV_split16_write       | out |    1|   ap_fifo  |                               strmFlowV_split16                              |    pointer   |
|rows                          |  in |   32|   ap_none  |                                     rows                                     |    scalar    |
|cols                          |  in |   32|   ap_none  |                                     cols                                     |    scalar    |
|rows1                         |  in |   32|   ap_none  |                                     rows1                                    |    scalar    |
|cols2                         |  in |   32|   ap_none  |                                     cols2                                    |    scalar    |
|level                         |  in |   32|   ap_none  |                                     level                                    |    scalar    |
|scale_up_flag                 |  in |    1|   ap_none  |                                 scale_up_flag                                |    scalar    |
|scale_in                      |  in |   32|   ap_none  |                                   scale_in                                   |    scalar    |
|init_flag                     |  in |    1|   ap_none  |                                   init_flag                                  |    scalar    |
|rows_out_din                  | out |   16|   ap_fifo  |                                   rows_out                                   |    pointer   |
|rows_out_full_n               |  in |    1|   ap_fifo  |                                   rows_out                                   |    pointer   |
|rows_out_write                | out |    1|   ap_fifo  |                                   rows_out                                   |    pointer   |
|rows_out1_din                 | out |   16|   ap_fifo  |                                   rows_out1                                  |    pointer   |
|rows_out1_full_n              |  in |    1|   ap_fifo  |                                   rows_out1                                  |    pointer   |
|rows_out1_write               | out |    1|   ap_fifo  |                                   rows_out1                                  |    pointer   |
|cols_out_din                  | out |   16|   ap_fifo  |                                   cols_out                                   |    pointer   |
|cols_out_full_n               |  in |    1|   ap_fifo  |                                   cols_out                                   |    pointer   |
|cols_out_write                | out |    1|   ap_fifo  |                                   cols_out                                   |    pointer   |
|cols_out2_din                 | out |   16|   ap_fifo  |                                   cols_out2                                  |    pointer   |
|cols_out2_full_n              |  in |    1|   ap_fifo  |                                   cols_out2                                  |    pointer   |
|cols_out2_write               | out |    1|   ap_fifo  |                                   cols_out2                                  |    pointer   |
|rows1_out_din                 | out |   32|   ap_fifo  |                                   rows1_out                                  |    pointer   |
|rows1_out_full_n              |  in |    1|   ap_fifo  |                                   rows1_out                                  |    pointer   |
|rows1_out_write               | out |    1|   ap_fifo  |                                   rows1_out                                  |    pointer   |
|rows1_out3_din                | out |   16|   ap_fifo  |                                  rows1_out3                                  |    pointer   |
|rows1_out3_full_n             |  in |    1|   ap_fifo  |                                  rows1_out3                                  |    pointer   |
|rows1_out3_write              | out |    1|   ap_fifo  |                                  rows1_out3                                  |    pointer   |
|cols2_out_din                 | out |   32|   ap_fifo  |                                   cols2_out                                  |    pointer   |
|cols2_out_full_n              |  in |    1|   ap_fifo  |                                   cols2_out                                  |    pointer   |
|cols2_out_write               | out |    1|   ap_fifo  |                                   cols2_out                                  |    pointer   |
|cols2_out4_din                | out |   16|   ap_fifo  |                                  cols2_out4                                  |    pointer   |
|cols2_out4_full_n             |  in |    1|   ap_fifo  |                                  cols2_out4                                  |    pointer   |
|cols2_out4_write              | out |    1|   ap_fifo  |                                  cols2_out4                                  |    pointer   |
|level_out_din                 | out |   32|   ap_fifo  |                                   level_out                                  |    pointer   |
|level_out_full_n              |  in |    1|   ap_fifo  |                                   level_out                                  |    pointer   |
|level_out_write               | out |    1|   ap_fifo  |                                   level_out                                  |    pointer   |
|scale_up_flag_out_din         | out |    1|   ap_fifo  |                               scale_up_flag_out                              |    pointer   |
|scale_up_flag_out_full_n      |  in |    1|   ap_fifo  |                               scale_up_flag_out                              |    pointer   |
|scale_up_flag_out_write       | out |    1|   ap_fifo  |                               scale_up_flag_out                              |    pointer   |
|scale_up_flag_out5_din        | out |    1|   ap_fifo  |                              scale_up_flag_out5                              |    pointer   |
|scale_up_flag_out5_full_n     |  in |    1|   ap_fifo  |                              scale_up_flag_out5                              |    pointer   |
|scale_up_flag_out5_write      | out |    1|   ap_fifo  |                              scale_up_flag_out5                              |    pointer   |
|scale_in_out_din              | out |   32|   ap_fifo  |                                 scale_in_out                                 |    pointer   |
|scale_in_out_full_n           |  in |    1|   ap_fifo  |                                 scale_in_out                                 |    pointer   |
|scale_in_out_write            | out |    1|   ap_fifo  |                                 scale_in_out                                 |    pointer   |
|scale_in_out6_din             | out |   32|   ap_fifo  |                                 scale_in_out6                                |    pointer   |
|scale_in_out6_full_n          |  in |    1|   ap_fifo  |                                 scale_in_out6                                |    pointer   |
|scale_in_out6_write           | out |    1|   ap_fifo  |                                 scale_in_out6                                |    pointer   |
|init_flag_out_din             | out |    1|   ap_fifo  |                                 init_flag_out                                |    pointer   |
|init_flag_out_full_n          |  in |    1|   ap_fifo  |                                 init_flag_out                                |    pointer   |
|init_flag_out_write           | out |    1|   ap_fifo  |                                 init_flag_out                                |    pointer   |
+------------------------------+-----+-----+------------+------------------------------------------------------------------------------+--------------+

