

================================================================
== Vitis HLS Report for 'stitch_stream_fixed_int_unsigned_short_1080_unsigned_short_1920_16_10_s'
================================================================
* Date:           Thu Mar 25 15:00:00 2021

* Version:        2020.1.1 (Build 2960000 on Wed Aug 05 23:18:37 MDT 2020)
* Project:        pyr_dense_optical_flow_accel
* Solution:       solution (Vitis Kernel Flow Target)
* Product family: zynquplus
* Target device:  xczu7ev-ffvc1156-2-e


================================================================
== Performance Estimates
================================================================
+ Timing: 
    * Summary: 
    +--------+---------+----------+------------+
    |  Clock |  Target | Estimated| Uncertainty|
    +--------+---------+----------+------------+
    |ap_clk  | 6.67 ns | 3.588 ns |   1.80 ns  |
    +--------+---------+----------+------------+

+ Latency: 
    * Summary: 
    +---------+---------+-----------+-----------+-----+---------+---------+
    |  Latency (cycles) |   Latency (absolute)  |    Interval   | Pipeline|
    |   min   |   max   |    min    |    max    | min |   max   |   Type  |
    +---------+---------+-----------+-----------+-----+---------+---------+
    |        5|  2076841| 33.335 ns | 13.846 ms |    5|  2076841|   none  |
    +---------+---------+-----------+-----------+-----+---------+---------+

    + Detail: 
        * Instance: 
        N/A

        * Loop: 
        +--------------------+---------+---------+----------+-----------+-----------+----------+----------+
        |                    |  Latency (cycles) | Iteration|  Initiation Interval  |   Trip   |          |
        |      Loop Name     |   min   |   max   |  Latency |  achieved |   target  |   Count  | Pipelined|
        +--------------------+---------+---------+----------+-----------+-----------+----------+----------+
        |- VITIS_LOOP_47_1   |        4|  2076840| 4 ~ 1923 |          -|          -| 1 ~ 1080 |    no    |
        | + VITIS_LOOP_51_2  |        1|     1920|         2|          1|          1| 1 ~ 1920 |    yes   |
        +--------------------+---------+---------+----------+-----------+-----------+----------+----------+



================================================================
== Utilization Estimates
================================================================
* Summary: 
+-----------------+---------+------+--------+--------+-----+
|       Name      | BRAM_18K|  DSP |   FF   |   LUT  | URAM|
+-----------------+---------+------+--------+--------+-----+
|DSP              |        -|     -|       -|       -|    -|
|Expression       |        -|     -|       0|      96|    -|
|FIFO             |        -|     -|       -|       -|    -|
|Instance         |        -|     -|       -|       -|    -|
|Memory           |        -|     -|       -|       -|    -|
|Multiplexer      |        -|     -|       -|     114|    -|
|Register         |        -|     -|     120|       -|    -|
+-----------------+---------+------+--------+--------+-----+
|Total            |        0|     0|     120|     210|    0|
+-----------------+---------+------+--------+--------+-----+
|Available        |      624|  1728|  460800|  230400|   96|
+-----------------+---------+------+--------+--------+-----+
|Utilization (%)  |        0|     0|   ~0   |   ~0   |    0|
+-----------------+---------+------+--------+--------+-----+

+ Detail: 
    * Instance: 
    N/A

    * DSP: 
    N/A

    * Memory: 
    N/A

    * FIFO: 
    N/A

    * Expression: 
    +----------------------------------+----------+----+---+----+------------+------------+
    |           Variable Name          | Operation| DSP| FF| LUT| Bitwidth P0| Bitwidth P1|
    +----------------------------------+----------+----+---+----+------------+------------+
    |add_ln695_1_fu_124_p2             |     +    |   0|  0|  23|          16|           1|
    |add_ln695_fu_139_p2               |     +    |   0|  0|  23|          16|           1|
    |ap_block_pp0_stage0_01001         |    and   |   0|  0|   2|           1|           1|
    |icmp_ln882_1_fu_134_p2            |   icmp   |   0|  0|  20|          32|          32|
    |icmp_ln882_fu_119_p2              |   icmp   |   0|  0|  20|          32|          32|
    |ap_block_state1                   |    or    |   0|  0|   2|           1|           1|
    |ap_block_state4_pp0_stage0_iter1  |    or    |   0|  0|   2|           1|           1|
    |ap_enable_pp0                     |    xor   |   0|  0|   2|           1|           2|
    |ap_enable_reg_pp0_iter1           |    xor   |   0|  0|   2|           2|           1|
    +----------------------------------+----------+----+---+----+------------+------------+
    |Total                             |          |   0|  0|  96|         102|          72|
    +----------------------------------+----------+----+---+----+------------+------------+

    * Multiplexer: 
    +-----------------------------+----+-----------+-----+-----------+
    |             Name            | LUT| Input Size| Bits| Total Bits|
    +-----------------------------+----+-----------+-----+-----------+
    |ap_NS_fsm                    |  27|          5|    1|          5|
    |ap_done                      |   9|          2|    1|          2|
    |ap_enable_reg_pp0_iter1      |  15|          3|    1|          3|
    |cols_blk_n                   |   9|          2|    1|          2|
    |empty_153_reg_104            |   9|          2|   16|         32|
    |empty_reg_93                 |   9|          2|   16|         32|
    |rows_blk_n                   |   9|          2|    1|          2|
    |streamFlowout_mat_437_blk_n  |   9|          2|    1|          2|
    |strmFlowU_fil_out11_blk_n    |   9|          2|    1|          2|
    |strmFlowV_fil_out12_blk_n    |   9|          2|    1|          2|
    +-----------------------------+----+-----------+-----+-----------+
    |Total                        | 114|         24|   40|         84|
    +-----------------------------+----+-----------+-----+-----------+

    * Register: 
    +-------------------------+----+----+-----+-----------+
    |           Name          | FF | LUT| Bits| Const Bits|
    +-------------------------+----+----+-----+-----------+
    |add_ln695_1_reg_168      |  16|   0|   16|          0|
    |ap_CS_fsm                |   4|   0|    4|          0|
    |ap_done_reg              |   1|   0|    1|          0|
    |ap_enable_reg_pp0_iter0  |   1|   0|    1|          0|
    |ap_enable_reg_pp0_iter1  |   1|   0|    1|          0|
    |cols_read_reg_159        |  32|   0|   32|          0|
    |empty_153_reg_104        |  16|   0|   16|          0|
    |empty_reg_93             |  16|   0|   16|          0|
    |icmp_ln882_1_reg_173     |   1|   0|    1|          0|
    |rows_read_reg_154        |  32|   0|   32|          0|
    +-------------------------+----+----+-----+-----------+
    |Total                    | 120|   0|  120|          0|
    +-------------------------+----+----+-----+-----------+



================================================================
== Interface
================================================================
* Summary: 
+------------------------------+-----+-----+------------+-----------------------------------------------------------------------------+--------------+
|           RTL Ports          | Dir | Bits|  Protocol  |                                Source Object                                |    C Type    |
+------------------------------+-----+-----+------------+-----------------------------------------------------------------------------+--------------+
|ap_clk                        |  in |    1| ap_ctrl_hs | stitch_stream_fixed_int<(unsigned short)1080, (unsigned short)1920, 16, 10> | return value |
|ap_rst                        |  in |    1| ap_ctrl_hs | stitch_stream_fixed_int<(unsigned short)1080, (unsigned short)1920, 16, 10> | return value |
|ap_start                      |  in |    1| ap_ctrl_hs | stitch_stream_fixed_int<(unsigned short)1080, (unsigned short)1920, 16, 10> | return value |
|ap_done                       | out |    1| ap_ctrl_hs | stitch_stream_fixed_int<(unsigned short)1080, (unsigned short)1920, 16, 10> | return value |
|ap_continue                   |  in |    1| ap_ctrl_hs | stitch_stream_fixed_int<(unsigned short)1080, (unsigned short)1920, 16, 10> | return value |
|ap_idle                       | out |    1| ap_ctrl_hs | stitch_stream_fixed_int<(unsigned short)1080, (unsigned short)1920, 16, 10> | return value |
|ap_ready                      | out |    1| ap_ctrl_hs | stitch_stream_fixed_int<(unsigned short)1080, (unsigned short)1920, 16, 10> | return value |
|strmFlowU_fil_out11_dout      |  in |   16|   ap_fifo  |                             strmFlowU_fil_out11                             |    pointer   |
|strmFlowU_fil_out11_empty_n   |  in |    1|   ap_fifo  |                             strmFlowU_fil_out11                             |    pointer   |
|strmFlowU_fil_out11_read      | out |    1|   ap_fifo  |                             strmFlowU_fil_out11                             |    pointer   |
|strmFlowV_fil_out12_dout      |  in |   16|   ap_fifo  |                             strmFlowV_fil_out12                             |    pointer   |
|strmFlowV_fil_out12_empty_n   |  in |    1|   ap_fifo  |                             strmFlowV_fil_out12                             |    pointer   |
|strmFlowV_fil_out12_read      | out |    1|   ap_fifo  |                             strmFlowV_fil_out12                             |    pointer   |
|streamFlowout_mat_437_din     | out |   32|   ap_fifo  |                            streamFlowout_mat_437                            |    pointer   |
|streamFlowout_mat_437_full_n  |  in |    1|   ap_fifo  |                            streamFlowout_mat_437                            |    pointer   |
|streamFlowout_mat_437_write   | out |    1|   ap_fifo  |                            streamFlowout_mat_437                            |    pointer   |
|rows_dout                     |  in |   32|   ap_fifo  |                                     rows                                    |    pointer   |
|rows_empty_n                  |  in |    1|   ap_fifo  |                                     rows                                    |    pointer   |
|rows_read                     | out |    1|   ap_fifo  |                                     rows                                    |    pointer   |
|cols_dout                     |  in |   32|   ap_fifo  |                                     cols                                    |    pointer   |
|cols_empty_n                  |  in |    1|   ap_fifo  |                                     cols                                    |    pointer   |
|cols_read                     | out |    1|   ap_fifo  |                                     cols                                    |    pointer   |
+------------------------------+-----+-----+------------+-----------------------------------------------------------------------------+--------------+

