

================================================================
== Vitis HLS Report for 'Block_split1_proc30'
================================================================
* Date:           Thu Mar 25 15:01:47 2021

* Version:        2020.1.1 (Build 2960000 on Wed Aug 05 23:18:37 MDT 2020)
* Project:        pyr_down_accel
* Solution:       solution (Vitis Kernel Flow Target)
* Product family: zynquplus
* Target device:  xczu7ev-ffvc1156-2-e


================================================================
== Performance Estimates
================================================================
+ Timing: 
    * Summary: 
    +--------+---------+----------+------------+
    |  Clock |  Target | Estimated| Uncertainty|
    +--------+---------+----------+------------+
    |ap_clk  | 6.67 ns | 1.838 ns |   1.80 ns  |
    +--------+---------+----------+------------+

+ Latency: 
    * Summary: 
    +---------+---------+----------+----------+-----+-----+---------+
    |  Latency (cycles) |  Latency (absolute) |  Interval | Pipeline|
    |   min   |   max   |    min   |    max   | min | max |   Type  |
    +---------+---------+----------+----------+-----+-----+---------+
    |        0|        0|   0 ns   |   0 ns   |    0|    0|   none  |
    +---------+---------+----------+----------+-----+-----+---------+

    + Detail: 
        * Instance: 
        N/A

        * Loop: 
        N/A



================================================================
== Utilization Estimates
================================================================
* Summary: 
+-----------------+---------+------+--------+--------+-----+
|       Name      | BRAM_18K|  DSP |   FF   |   LUT  | URAM|
+-----------------+---------+------+--------+--------+-----+
|DSP              |        -|     -|       -|       -|    -|
|Expression       |        -|     -|       0|       2|    -|
|FIFO             |        -|     -|       -|       -|    -|
|Instance         |        -|     -|       -|       -|    -|
|Memory           |        -|     -|       -|       -|    -|
|Multiplexer      |        -|     -|       -|     126|    -|
|Register         |        -|     -|       3|       -|    -|
+-----------------+---------+------+--------+--------+-----+
|Total            |        0|     0|       3|     128|    0|
+-----------------+---------+------+--------+--------+-----+
|Available        |      624|  1728|  460800|  230400|   96|
+-----------------+---------+------+--------+--------+-----+
|Utilization (%)  |        0|     0|   ~0   |   ~0   |    0|
+-----------------+---------+------+--------+--------+-----+

+ Detail: 
    * Instance: 
    N/A

    * DSP: 
    N/A

    * Memory: 
    N/A

    * FIFO: 
    N/A

    * Expression: 
    +-----------------+----------+----+---+----+------------+------------+
    |  Variable Name  | Operation| DSP| FF| LUT| Bitwidth P0| Bitwidth P1|
    +-----------------+----------+----+---+----+------------+------------+
    |ap_block_state1  |    or    |   0|  0|   2|           1|           1|
    +-----------------+----------+----+---+----+------------+------------+
    |Total            |          |   0|  0|   2|           1|           1|
    +-----------------+----------+----+---+----+------------+------------+

    * Multiplexer: 
    +-----------------------------+----+-----------+-----+-----------+
    |             Name            | LUT| Input Size| Bits| Total Bits|
    +-----------------------------+----+-----------+-----+-----------+
    |ap_done                      |   9|          2|    1|          2|
    |inImgPyr1_out_blk_n          |   9|          2|    1|          2|
    |inImgPyr2_out_blk_n          |   9|          2|    1|          2|
    |outImgPyr1_out_blk_n         |   9|          2|    1|          2|
    |outImgPyr2_out_blk_n         |   9|          2|    1|          2|
    |pyr1_in_mat_cols_out_blk_n   |   9|          2|    1|          2|
    |pyr1_in_mat_rows_out_blk_n   |   9|          2|    1|          2|
    |pyr1_out_mat_cols_out_blk_n  |   9|          2|    1|          2|
    |pyr1_out_mat_rows_out_blk_n  |   9|          2|    1|          2|
    |pyr2_in_mat_cols_out_blk_n   |   9|          2|    1|          2|
    |pyr2_in_mat_rows_out_blk_n   |   9|          2|    1|          2|
    |pyr2_out_mat_cols_out_blk_n  |   9|          2|    1|          2|
    |pyr2_out_mat_rows_out_blk_n  |   9|          2|    1|          2|
    |real_start                   |   9|          2|    1|          2|
    +-----------------------------+----+-----------+-----+-----------+
    |Total                        | 126|         28|   14|         28|
    +-----------------------------+----+-----------+-----+-----------+

    * Register: 
    +----------------+---+----+-----+-----------+
    |      Name      | FF| LUT| Bits| Const Bits|
    +----------------+---+----+-----+-----------+
    |ap_CS_fsm       |  1|   0|    1|          0|
    |ap_done_reg     |  1|   0|    1|          0|
    |start_once_reg  |  1|   0|    1|          0|
    +----------------+---+----+-----+-----------+
    |Total           |  3|   0|    3|          0|
    +----------------+---+----+-----+-----------+



================================================================
== Interface
================================================================
* Summary: 
+------------------------------+-----+-----+------------+-----------------------+--------------+
|           RTL Ports          | Dir | Bits|  Protocol  |     Source Object     |    C Type    |
+------------------------------+-----+-----+------------+-----------------------+--------------+
|ap_clk                        |  in |    1| ap_ctrl_hs |  Block_.split1_proc30 | return value |
|ap_rst                        |  in |    1| ap_ctrl_hs |  Block_.split1_proc30 | return value |
|ap_start                      |  in |    1| ap_ctrl_hs |  Block_.split1_proc30 | return value |
|start_full_n                  |  in |    1| ap_ctrl_hs |  Block_.split1_proc30 | return value |
|ap_done                       | out |    1| ap_ctrl_hs |  Block_.split1_proc30 | return value |
|ap_continue                   |  in |    1| ap_ctrl_hs |  Block_.split1_proc30 | return value |
|ap_idle                       | out |    1| ap_ctrl_hs |  Block_.split1_proc30 | return value |
|ap_ready                      | out |    1| ap_ctrl_hs |  Block_.split1_proc30 | return value |
|start_out                     | out |    1| ap_ctrl_hs |  Block_.split1_proc30 | return value |
|start_write                   | out |    1| ap_ctrl_hs |  Block_.split1_proc30 | return value |
|pyr_h                         |  in |   32|   ap_none  |         pyr_h         |    scalar    |
|pyr_w                         |  in |   32|   ap_none  |         pyr_w         |    scalar    |
|pyr_out_h                     |  in |   32|   ap_none  |       pyr_out_h       |    scalar    |
|pyr_out_w                     |  in |   32|   ap_none  |       pyr_out_w       |    scalar    |
|inImgPyr1                     |  in |   64|   ap_none  |       inImgPyr1       |    scalar    |
|outImgPyr1                    |  in |   64|   ap_none  |       outImgPyr1      |    scalar    |
|inImgPyr2                     |  in |   64|   ap_none  |       inImgPyr2       |    scalar    |
|outImgPyr2                    |  in |   64|   ap_none  |       outImgPyr2      |    scalar    |
|pyr1_in_mat_rows_out_din      | out |   32|   ap_fifo  |  pyr1_in_mat_rows_out |    pointer   |
|pyr1_in_mat_rows_out_full_n   |  in |    1|   ap_fifo  |  pyr1_in_mat_rows_out |    pointer   |
|pyr1_in_mat_rows_out_write    | out |    1|   ap_fifo  |  pyr1_in_mat_rows_out |    pointer   |
|pyr1_in_mat_cols_out_din      | out |   32|   ap_fifo  |  pyr1_in_mat_cols_out |    pointer   |
|pyr1_in_mat_cols_out_full_n   |  in |    1|   ap_fifo  |  pyr1_in_mat_cols_out |    pointer   |
|pyr1_in_mat_cols_out_write    | out |    1|   ap_fifo  |  pyr1_in_mat_cols_out |    pointer   |
|pyr1_out_mat_rows_out_din     | out |   32|   ap_fifo  | pyr1_out_mat_rows_out |    pointer   |
|pyr1_out_mat_rows_out_full_n  |  in |    1|   ap_fifo  | pyr1_out_mat_rows_out |    pointer   |
|pyr1_out_mat_rows_out_write   | out |    1|   ap_fifo  | pyr1_out_mat_rows_out |    pointer   |
|pyr1_out_mat_cols_out_din     | out |   32|   ap_fifo  | pyr1_out_mat_cols_out |    pointer   |
|pyr1_out_mat_cols_out_full_n  |  in |    1|   ap_fifo  | pyr1_out_mat_cols_out |    pointer   |
|pyr1_out_mat_cols_out_write   | out |    1|   ap_fifo  | pyr1_out_mat_cols_out |    pointer   |
|pyr2_in_mat_rows_out_din      | out |   32|   ap_fifo  |  pyr2_in_mat_rows_out |    pointer   |
|pyr2_in_mat_rows_out_full_n   |  in |    1|   ap_fifo  |  pyr2_in_mat_rows_out |    pointer   |
|pyr2_in_mat_rows_out_write    | out |    1|   ap_fifo  |  pyr2_in_mat_rows_out |    pointer   |
|pyr2_in_mat_cols_out_din      | out |   32|   ap_fifo  |  pyr2_in_mat_cols_out |    pointer   |
|pyr2_in_mat_cols_out_full_n   |  in |    1|   ap_fifo  |  pyr2_in_mat_cols_out |    pointer   |
|pyr2_in_mat_cols_out_write    | out |    1|   ap_fifo  |  pyr2_in_mat_cols_out |    pointer   |
|pyr2_out_mat_rows_out_din     | out |   32|   ap_fifo  | pyr2_out_mat_rows_out |    pointer   |
|pyr2_out_mat_rows_out_full_n  |  in |    1|   ap_fifo  | pyr2_out_mat_rows_out |    pointer   |
|pyr2_out_mat_rows_out_write   | out |    1|   ap_fifo  | pyr2_out_mat_rows_out |    pointer   |
|pyr2_out_mat_cols_out_din     | out |   32|   ap_fifo  | pyr2_out_mat_cols_out |    pointer   |
|pyr2_out_mat_cols_out_full_n  |  in |    1|   ap_fifo  | pyr2_out_mat_cols_out |    pointer   |
|pyr2_out_mat_cols_out_write   | out |    1|   ap_fifo  | pyr2_out_mat_cols_out |    pointer   |
|inImgPyr1_out_din             | out |   64|   ap_fifo  |     inImgPyr1_out     |    pointer   |
|inImgPyr1_out_full_n          |  in |    1|   ap_fifo  |     inImgPyr1_out     |    pointer   |
|inImgPyr1_out_write           | out |    1|   ap_fifo  |     inImgPyr1_out     |    pointer   |
|outImgPyr1_out_din            | out |   64|   ap_fifo  |     outImgPyr1_out    |    pointer   |
|outImgPyr1_out_full_n         |  in |    1|   ap_fifo  |     outImgPyr1_out    |    pointer   |
|outImgPyr1_out_write          | out |    1|   ap_fifo  |     outImgPyr1_out    |    pointer   |
|inImgPyr2_out_din             | out |   64|   ap_fifo  |     inImgPyr2_out     |    pointer   |
|inImgPyr2_out_full_n          |  in |    1|   ap_fifo  |     inImgPyr2_out     |    pointer   |
|inImgPyr2_out_write           | out |    1|   ap_fifo  |     inImgPyr2_out     |    pointer   |
|outImgPyr2_out_din            | out |   64|   ap_fifo  |     outImgPyr2_out    |    pointer   |
|outImgPyr2_out_full_n         |  in |    1|   ap_fifo  |     outImgPyr2_out    |    pointer   |
|outImgPyr2_out_write          | out |    1|   ap_fifo  |     outImgPyr2_out    |    pointer   |
+------------------------------+-----+-----+------------+-----------------------+--------------+

