

================================================================
== Vitis HLS Report for 'MatStream2AxiStream'
================================================================
* Date:           Thu Mar 25 15:01:49 2021

* Version:        2020.1.1 (Build 2960000 on Wed Aug 05 23:18:37 MDT 2020)
* Project:        pyr_down_accel
* Solution:       solution (Vitis Kernel Flow Target)
* Product family: zynquplus
* Target device:  xczu7ev-ffvc1156-2-e


================================================================
== Performance Estimates
================================================================
+ Timing: 
    * Summary: 
    +--------+---------+----------+------------+
    |  Clock |  Target | Estimated| Uncertainty|
    +--------+---------+----------+------------+
    |ap_clk  | 6.67 ns | 4.329 ns |   1.80 ns  |
    +--------+---------+----------+------------+

+ Latency: 
    * Summary: 
    +---------+---------+-----------+-----------+-----+---------+---------+
    |  Latency (cycles) |   Latency (absolute)  |    Interval   | Pipeline|
    |   min   |   max   |    min    |    max    | min |   max   |   Type  |
    +---------+---------+-----------+-----------+-----+---------+---------+
    |        4|  2073603| 26.668 ns | 13.825 ms |    4|  2073603|   none  |
    +---------+---------+-----------+-----------+-----+---------+---------+

    + Detail: 
        * Instance: 
        N/A

        * Loop: 
        +-----------------------------+---------+---------+----------+-----------+-----------+-------------+----------+
        |                             |  Latency (cycles) | Iteration|  Initiation Interval  |     Trip    |          |
        |          Loop Name          |   min   |   max   |  Latency |  achieved |   target  |    Count    | Pipelined|
        +-----------------------------+---------+---------+----------+-----------+-----------+-------------+----------+
        |- MMIterOutRow_MMIterOutCol  |        1|  2073600|         2|          1|          1| 1 ~ 2073600 |    yes   |
        +-----------------------------+---------+---------+----------+-----------+-----------+-------------+----------+



================================================================
== Utilization Estimates
================================================================
* Summary: 
+-----------------+---------+------+--------+--------+-----+
|       Name      | BRAM_18K|  DSP |   FF   |   LUT  | URAM|
+-----------------+---------+------+--------+--------+-----+
|DSP              |        -|     -|       -|       -|    -|
|Expression       |        -|     -|       0|     735|    -|
|FIFO             |        -|     -|       -|       -|    -|
|Instance         |        -|     4|       0|      20|    -|
|Memory           |        -|     -|       -|       -|    -|
|Multiplexer      |        -|     -|       -|     168|    -|
|Register         |        -|     -|     312|       -|    -|
+-----------------+---------+------+--------+--------+-----+
|Total            |        0|     4|     312|     923|    0|
+-----------------+---------+------+--------+--------+-----+
|Available        |      624|  1728|  460800|  230400|   96|
+-----------------+---------+------+--------+--------+-----+
|Utilization (%)  |        0|  ~0  |   ~0   |   ~0   |    0|
+-----------------+---------+------+--------+--------+-----+

+ Detail: 
    * Instance: 
    +---------------------------+----------------------+---------+----+---+----+-----+
    |          Instance         |        Module        | BRAM_18K| DSP| FF| LUT| URAM|
    +---------------------------+----------------------+---------+----+---+----+-----+
    |mul_32ns_32ns_64_1_1_U153  |mul_32ns_32ns_64_1_1  |        0|   4|  0|  20|    0|
    +---------------------------+----------------------+---------+----+---+----+-----+
    |Total                      |                      |        0|   4|  0|  20|    0|
    +---------------------------+----------------------+---------+----+---+----+-----+

    * DSP: 
    N/A

    * Memory: 
    N/A

    * FIFO: 
    N/A

    * Expression: 
    +----------------------------------+----------+----+---+----+------------+------------+
    |           Variable Name          | Operation| DSP| FF| LUT| Bitwidth P0| Bitwidth P1|
    +----------------------------------+----------+----+---+----+------------+------------+
    |add_ln1241_fu_198_p2              |     +    |   0|  0|  71|          64|           1|
    |add_ln1246_fu_260_p2              |     +    |   0|  0|  38|          31|           1|
    |add_ln216_fu_254_p2               |     +    |   0|  0|  15|           6|           6|
    |sub_i_fu_167_p2                   |     +    |   0|  0|  39|          32|           2|
    |p_Val2_s_fu_299_p2                |     -    |   0|  0|  15|           6|           7|
    |sub_ln1258_fu_233_p2              |     -    |   0|  0|  15|           7|           6|
    |sub_ln550_fu_321_p2               |     -    |   0|  0|  15|           1|           5|
    |ap_block_pp0_stage0_01001         |    and   |   0|  0|   2|           1|           1|
    |ap_block_state5                   |    and   |   0|  0|   2|           1|           1|
    |ap_predicate_op56_write_state4    |    and   |   0|  0|   2|           1|           1|
    |bLast_fu_216_p2                   |   icmp   |   0|  0|  20|          32|          32|
    |icmp_ln1241_fu_193_p2             |   icmp   |   0|  0|  29|          64|          64|
    |icmp_ln1246_fu_188_p2             |   icmp   |   0|  0|  20|          32|          32|
    |icmp_ln878_fu_361_p2              |   icmp   |   0|  0|  11|           6|           1|
    |icmp_ln882_fu_239_p2              |   icmp   |   0|  0|  11|           6|           6|
    |lshr_ln803_fu_337_p2              |   lshr   |   0|  0|  97|          32|          32|
    |ap_block_state1                   |    or    |   0|  0|   2|           1|           1|
    |ap_block_state4_pp0_stage0_iter1  |    or    |   0|  0|   2|           1|           1|
    |or_ln1353_fu_288_p2               |    or    |   0|  0|  32|          32|          32|
    |j_2_fu_266_p3                     |  select  |   0|  0|  31|           1|          31|
    |select_ln1238_fu_204_p3           |  select  |   0|  0|  31|           1|          31|
    |select_ln791_fu_343_p3            |  select  |   0|  0|  32|           1|          32|
    |xf_bits_per_clock_fu_221_p3       |  select  |   0|  0|   5|           1|           4|
    |shl_ln785_1_fu_331_p2             |    shl   |   0|  0|  97|          32|          32|
    |shl_ln785_fu_282_p2               |    shl   |   0|  0|  97|          32|          32|
    |ap_enable_pp0                     |    xor   |   0|  0|   2|           1|           2|
    |ap_enable_reg_pp0_iter1           |    xor   |   0|  0|   2|           2|           1|
    +----------------------------------+----------+----+---+----+------------+------------+
    |Total                             |          |   0|  0| 735|         427|         397|
    +----------------------------------+----------+----+---+----+------------+------------+

    * Multiplexer: 
    +--------------------------------------------+----+-----------+-----+-----------+
    |                    Name                    | LUT| Input Size| Bits| Total Bits|
    +--------------------------------------------+----+-----------+-----+-----------+
    |ap_NS_fsm                                   |  27|          5|    1|          5|
    |ap_done                                     |   9|          2|    1|          2|
    |ap_enable_reg_pp0_iter1                     |  15|          3|    1|          3|
    |ap_phi_mux_conv_i9_i_i4_pn_i_phi_fu_152_p4  |  15|          3|    6|         18|
    |ap_phi_mux_empty_phi_fu_141_p4              |   9|          2|    6|         12|
    |cols_bound_per_npc_blk_n                    |   9|          2|    1|          2|
    |empty_reg_137                               |   9|          2|    6|         12|
    |indvar_flatten_reg_115                      |   9|          2|   64|        128|
    |j_reg_126                                   |   9|          2|   31|         62|
    |ldata1_blk_n                                |   9|          2|    1|          2|
    |ldata1_din                                  |  15|          3|   32|         96|
    |p_0_fu_80                                   |  15|          3|   32|         96|
    |pyr1_out_mat_432_blk_n                      |   9|          2|    1|          2|
    |rows_blk_n                                  |   9|          2|    1|          2|
    +--------------------------------------------+----+-----------+-----+-----------+
    |Total                                       | 168|         35|  184|        442|
    +--------------------------------------------+----+-----------+-----+-----------+

    * Register: 
    +------------------------------+----+----+-----+-----------+
    |             Name             | FF | LUT| Bits| Const Bits|
    +------------------------------+----+----+-----+-----------+
    |add_ln216_reg_415             |   6|   0|    6|          0|
    |ap_CS_fsm                     |   4|   0|    4|          0|
    |ap_done_reg                   |   1|   0|    1|          0|
    |ap_enable_reg_pp0_iter0       |   1|   0|    1|          0|
    |ap_enable_reg_pp0_iter1       |   1|   0|    1|          0|
    |cols_bound_per_npc_1_reg_380  |  32|   0|   32|          0|
    |empty_reg_137                 |   6|   0|    6|          0|
    |icmp_ln1241_reg_402           |   1|   0|    1|          0|
    |icmp_ln882_reg_411            |   1|   0|    1|          0|
    |indvar_flatten_reg_115        |  64|   0|   64|          0|
    |j_reg_126                     |  31|   0|   31|          0|
    |last_blk_width_read_reg_387   |   4|   0|    4|          0|
    |mul_ln1231_reg_397            |  64|   0|   64|          0|
    |p_0_fu_80                     |  32|   0|   32|          0|
    |rows_1_reg_375                |  32|   0|   32|          0|
    |sub_i_reg_392                 |  32|   0|   32|          0|
    +------------------------------+----+----+-----+-----------+
    |Total                         | 312|   0|  312|          0|
    +------------------------------+----+----+-----+-----------+



================================================================
== Interface
================================================================
* Summary: 
+----------------------------+-----+-----+------------+---------------------+--------------+
|          RTL Ports         | Dir | Bits|  Protocol  |    Source Object    |    C Type    |
+----------------------------+-----+-----+------------+---------------------+--------------+
|ap_clk                      |  in |    1| ap_ctrl_hs | MatStream2AxiStream | return value |
|ap_rst                      |  in |    1| ap_ctrl_hs | MatStream2AxiStream | return value |
|ap_start                    |  in |    1| ap_ctrl_hs | MatStream2AxiStream | return value |
|ap_done                     | out |    1| ap_ctrl_hs | MatStream2AxiStream | return value |
|ap_continue                 |  in |    1| ap_ctrl_hs | MatStream2AxiStream | return value |
|ap_idle                     | out |    1| ap_ctrl_hs | MatStream2AxiStream | return value |
|ap_ready                    | out |    1| ap_ctrl_hs | MatStream2AxiStream | return value |
|pyr1_out_mat_432_dout       |  in |    8|   ap_fifo  |   pyr1_out_mat_432  |    pointer   |
|pyr1_out_mat_432_empty_n    |  in |    1|   ap_fifo  |   pyr1_out_mat_432  |    pointer   |
|pyr1_out_mat_432_read       | out |    1|   ap_fifo  |   pyr1_out_mat_432  |    pointer   |
|ldata1_din                  | out |   32|   ap_fifo  |        ldata1       |    pointer   |
|ldata1_full_n               |  in |    1|   ap_fifo  |        ldata1       |    pointer   |
|ldata1_write                | out |    1|   ap_fifo  |        ldata1       |    pointer   |
|rows_dout                   |  in |   32|   ap_fifo  |         rows        |    pointer   |
|rows_empty_n                |  in |    1|   ap_fifo  |         rows        |    pointer   |
|rows_read                   | out |    1|   ap_fifo  |         rows        |    pointer   |
|cols_bound_per_npc_dout     |  in |   32|   ap_fifo  |  cols_bound_per_npc |    pointer   |
|cols_bound_per_npc_empty_n  |  in |    1|   ap_fifo  |  cols_bound_per_npc |    pointer   |
|cols_bound_per_npc_read     | out |    1|   ap_fifo  |  cols_bound_per_npc |    pointer   |
|last_blk_width              |  in |    4|   ap_none  |    last_blk_width   |    pointer   |
+----------------------------+-----+-----+------------+---------------------+--------------+

