

================================================================
== Vitis HLS Report for 'pyrDown_0_1080_1920_1_false_s'
================================================================
* Date:           Thu Mar 25 15:01:50 2021

* Version:        2020.1.1 (Build 2960000 on Wed Aug 05 23:18:37 MDT 2020)
* Project:        pyr_down_accel
* Solution:       solution (Vitis Kernel Flow Target)
* Product family: zynquplus
* Target device:  xczu7ev-ffvc1156-2-e


================================================================
== Performance Estimates
================================================================
+ Timing: 
    * Summary: 
    +--------+---------+----------+------------+
    |  Clock |  Target | Estimated| Uncertainty|
    +--------+---------+----------+------------+
    |ap_clk  | 6.67 ns | 4.635 ns |   1.80 ns  |
    +--------+---------+----------+------------+

+ Latency: 
    * Summary: 
    +---------+---------+----------+-----------+-----+---------+---------+
    |  Latency (cycles) |  Latency (absolute)  |    Interval   | Pipeline|
    |   min   |   max   |    min   |    max    | min |   max   |   Type  |
    +---------+---------+----------+-----------+-----+---------+---------+
    |       27|  2093801| 0.180 us | 13.959 ms |   27|  2093801|   none  |
    +---------+---------+----------+-----------+-----+---------+---------+

    + Detail: 
        * Instance: 
        +-------------------------------------------------------+---------------------------------------------+---------+---------+----------+-----------+-----+---------+----------+
        |                                                       |                                             |  Latency (cycles) |  Latency (absolute)  |    Interval   | Pipeline |
        |                        Instance                       |                    Module                   |   min   |   max   |    min   |    max    | min |   max   |   Type   |
        +-------------------------------------------------------+---------------------------------------------+---------+---------+----------+-----------+-----+---------+----------+
        |grp_xFpyrDownKernel_1080u_1920u_0u_1u_1_false_s_fu_42  |xFpyrDownKernel_1080u_1920u_0u_1u_1_false_s  |       26|  2093800| 0.173 us | 13.959 ms |   26|  2093800| dataflow |
        +-------------------------------------------------------+---------------------------------------------+---------+---------+----------+-----------+-----+---------+----------+

        * Loop: 
        N/A



================================================================
== Utilization Estimates
================================================================
* Summary: 
+-----------------+---------+------+--------+--------+-----+
|       Name      | BRAM_18K|  DSP |   FF   |   LUT  | URAM|
+-----------------+---------+------+--------+--------+-----+
|DSP              |        -|     -|       -|       -|    -|
|Expression       |        -|     -|       0|       6|    -|
|FIFO             |        -|     -|       -|       -|    -|
|Instance         |        5|     2|    1723|    3184|    -|
|Memory           |        -|     -|       -|       -|    -|
|Multiplexer      |        -|     -|       -|      60|    -|
|Register         |        -|     -|      38|       -|    -|
+-----------------+---------+------+--------+--------+-----+
|Total            |        5|     2|    1761|    3250|    0|
+-----------------+---------+------+--------+--------+-----+
|Available        |      624|  1728|  460800|  230400|   96|
+-----------------+---------+------+--------+--------+-----+
|Utilization (%)  |    ~0   |  ~0  |   ~0   |       1|    0|
+-----------------+---------+------+--------+--------+-----+

+ Detail: 
    * Instance: 
    +-------------------------------------------------------+---------------------------------------------+---------+----+------+------+-----+
    |                        Instance                       |                    Module                   | BRAM_18K| DSP|  FF  |  LUT | URAM|
    +-------------------------------------------------------+---------------------------------------------+---------+----+------+------+-----+
    |grp_xFpyrDownKernel_1080u_1920u_0u_1u_1_false_s_fu_42  |xFpyrDownKernel_1080u_1920u_0u_1u_1_false_s  |        5|   2|  1723|  3184|    0|
    +-------------------------------------------------------+---------------------------------------------+---------+----+------+------+-----+
    |Total                                                  |                                             |        5|   2|  1723|  3184|    0|
    +-------------------------------------------------------+---------------------------------------------+---------+----+------+------+-----+

    * DSP: 
    N/A

    * Memory: 
    N/A

    * FIFO: 
    N/A

    * Expression: 
    +------------------------------------------------------------------------+----------+----+---+----+------------+------------+
    |                              Variable Name                             | Operation| DSP| FF| LUT| Bitwidth P0| Bitwidth P1|
    +------------------------------------------------------------------------+----------+----+---+----+------------+------------+
    |ap_block_state1                                                         |    or    |   0|  0|   2|           1|           1|
    |ap_sync_grp_xFpyrDownKernel_1080u_1920u_0u_1u_1_false_s_fu_42_ap_done   |    or    |   0|  0|   2|           1|           1|
    |ap_sync_grp_xFpyrDownKernel_1080u_1920u_0u_1u_1_false_s_fu_42_ap_ready  |    or    |   0|  0|   2|           1|           1|
    +------------------------------------------------------------------------+----------+----+---+----+------------+------------+
    |Total                                                                   |          |   0|  0|   6|           3|           3|
    +------------------------------------------------------------------------+----------+----+---+----+------------+------------+

    * Multiplexer: 
    +------------------------+----+-----------+-----+-----------+
    |          Name          | LUT| Input Size| Bits| Total Bits|
    +------------------------+----+-----------+-----+-----------+
    |ap_NS_fsm               |  15|          3|    1|          3|
    |ap_done                 |   9|          2|    1|          2|
    |p_src_1_blk_n           |   9|          2|    1|          2|
    |p_src_2_blk_n           |   9|          2|    1|          2|
    |pyr1_in_mat_431_read    |   9|          2|    1|          2|
    |pyr1_out_mat_432_write  |   9|          2|    1|          2|
    +------------------------+----+-----------+-----+-----------+
    |Total                   |  60|         13|    6|         13|
    +------------------------+----+-----------+-----+-----------+

    * Register: 
    +----------------------------------------------------------------------------+----+----+-----+-----------+
    |                                    Name                                    | FF | LUT| Bits| Const Bits|
    +----------------------------------------------------------------------------+----+----+-----+-----------+
    |ap_CS_fsm                                                                   |   2|   0|    2|          0|
    |ap_done_reg                                                                 |   1|   0|    1|          0|
    |ap_sync_reg_grp_xFpyrDownKernel_1080u_1920u_0u_1u_1_false_s_fu_42_ap_done   |   1|   0|    1|          0|
    |ap_sync_reg_grp_xFpyrDownKernel_1080u_1920u_0u_1u_1_false_s_fu_42_ap_ready  |   1|   0|    1|          0|
    |grp_xFpyrDownKernel_1080u_1920u_0u_1u_1_false_s_fu_42_ap_start_reg          |   1|   0|    1|          0|
    |input_height_reg_62                                                         |  16|   0|   16|          0|
    |input_width_reg_67                                                          |  16|   0|   16|          0|
    +----------------------------------------------------------------------------+----+----+-----+-----------+
    |Total                                                                       |  38|   0|   38|          0|
    +----------------------------------------------------------------------------+----+----+-----+-----------+



================================================================
== Interface
================================================================
* Summary: 
+-------------------------+-----+-----+------------+----------------------------------+--------------+
|        RTL Ports        | Dir | Bits|  Protocol  |           Source Object          |    C Type    |
+-------------------------+-----+-----+------------+----------------------------------+--------------+
|ap_clk                   |  in |    1| ap_ctrl_hs | pyrDown<0, 1080, 1920, 1, false> | return value |
|ap_rst                   |  in |    1| ap_ctrl_hs | pyrDown<0, 1080, 1920, 1, false> | return value |
|ap_start                 |  in |    1| ap_ctrl_hs | pyrDown<0, 1080, 1920, 1, false> | return value |
|ap_done                  | out |    1| ap_ctrl_hs | pyrDown<0, 1080, 1920, 1, false> | return value |
|ap_continue              |  in |    1| ap_ctrl_hs | pyrDown<0, 1080, 1920, 1, false> | return value |
|ap_idle                  | out |    1| ap_ctrl_hs | pyrDown<0, 1080, 1920, 1, false> | return value |
|ap_ready                 | out |    1| ap_ctrl_hs | pyrDown<0, 1080, 1920, 1, false> | return value |
|pyr1_in_mat_431_dout     |  in |    8|   ap_fifo  |          pyr1_in_mat_431         |    pointer   |
|pyr1_in_mat_431_empty_n  |  in |    1|   ap_fifo  |          pyr1_in_mat_431         |    pointer   |
|pyr1_in_mat_431_read     | out |    1|   ap_fifo  |          pyr1_in_mat_431         |    pointer   |
|pyr1_out_mat_432_din     | out |    8|   ap_fifo  |         pyr1_out_mat_432         |    pointer   |
|pyr1_out_mat_432_full_n  |  in |    1|   ap_fifo  |         pyr1_out_mat_432         |    pointer   |
|pyr1_out_mat_432_write   | out |    1|   ap_fifo  |         pyr1_out_mat_432         |    pointer   |
|p_src_1_dout             |  in |   32|   ap_fifo  |              p_src_1             |    pointer   |
|p_src_1_empty_n          |  in |    1|   ap_fifo  |              p_src_1             |    pointer   |
|p_src_1_read             | out |    1|   ap_fifo  |              p_src_1             |    pointer   |
|p_src_2_dout             |  in |   32|   ap_fifo  |              p_src_2             |    pointer   |
|p_src_2_empty_n          |  in |    1|   ap_fifo  |              p_src_2             |    pointer   |
|p_src_2_read             | out |    1|   ap_fifo  |              p_src_2             |    pointer   |
+-------------------------+-----+-----+------------+----------------------------------+--------------+

