

================================================================
== Vitis HLS Report for 'xFPyrDownGaussianBlur_1080_1920_0_1_1_0_5_25_1_s'
================================================================
* Date:           Thu Mar 25 15:01:48 2021

* Version:        2020.1.1 (Build 2960000 on Wed Aug 05 23:18:37 MDT 2020)
* Project:        pyr_down_accel
* Solution:       solution (Vitis Kernel Flow Target)
* Product family: zynquplus
* Target device:  xczu7ev-ffvc1156-2-e


================================================================
== Performance Estimates
================================================================
+ Timing: 
    * Summary: 
    +--------+---------+----------+------------+
    |  Clock |  Target | Estimated| Uncertainty|
    +--------+---------+----------+------------+
    |ap_clk  | 6.67 ns | 4.635 ns |   1.80 ns  |
    +--------+---------+----------+------------+

+ Latency: 
    * Summary: 
    +---------+---------+----------+-----------+-----+---------+---------+
    |  Latency (cycles) |  Latency (absolute)  |    Interval   | Pipeline|
    |   min   |   max   |    min   |    max    | min |   max   |   Type  |
    +---------+---------+----------+-----------+-----+---------+---------+
    |       25|  2093799| 0.167 us | 13.959 ms |   25|  2093799|   none  |
    +---------+---------+----------+-----------+-----+---------+---------+

    + Detail: 
        * Instance: 
        +-----------------------------------------------------------------+-------------------------------------------------------+---------+---------+----------+-----------+-----+---------+---------+
        |                                                                 |                                                       |  Latency (cycles) |  Latency (absolute)  |    Interval   | Pipeline|
        |                             Instance                            |                         Module                        |   min   |   max   |    min   |    max    | min |   max   |   Type  |
        +-----------------------------------------------------------------+-------------------------------------------------------+---------+---------+----------+-----------+-----+---------+---------+
        |grp_xf_pyrdown_gaussian_nxn_1080_1920_0_1_1_1922_5_25_1_s_fu_64  |xf_pyrdown_gaussian_nxn_1080_1920_0_1_1_1922_5_25_1_s  |       24|  2093798| 0.160 us | 13.959 ms |   24|  2093798|   none  |
        +-----------------------------------------------------------------+-------------------------------------------------------+---------+---------+----------+-----------+-----+---------+---------+

        * Loop: 
        N/A



================================================================
== Utilization Estimates
================================================================
* Summary: 
+-----------------+---------+------+--------+--------+-----+
|       Name      | BRAM_18K|  DSP |   FF   |   LUT  | URAM|
+-----------------+---------+------+--------+--------+-----+
|DSP              |        -|     -|       -|       -|    -|
|Expression       |        -|     -|       0|       2|    -|
|FIFO             |        -|     -|       -|       -|    -|
|Instance         |        5|     -|     878|    2210|    -|
|Memory           |        -|     -|       -|       -|    -|
|Multiplexer      |        -|     -|       -|      87|    -|
|Register         |        -|     -|      37|       -|    -|
+-----------------+---------+------+--------+--------+-----+
|Total            |        5|     0|     915|    2299|    0|
+-----------------+---------+------+--------+--------+-----+
|Available        |      624|  1728|  460800|  230400|   96|
+-----------------+---------+------+--------+--------+-----+
|Utilization (%)  |    ~0   |     0|   ~0   |   ~0   |    0|
+-----------------+---------+------+--------+--------+-----+

+ Detail: 
    * Instance: 
    +-----------------------------------------------------------------+-------------------------------------------------------+---------+----+-----+------+-----+
    |                             Instance                            |                         Module                        | BRAM_18K| DSP|  FF |  LUT | URAM|
    +-----------------------------------------------------------------+-------------------------------------------------------+---------+----+-----+------+-----+
    |grp_xf_pyrdown_gaussian_nxn_1080_1920_0_1_1_1922_5_25_1_s_fu_64  |xf_pyrdown_gaussian_nxn_1080_1920_0_1_1_1922_5_25_1_s  |        5|   0|  878|  2210|    0|
    +-----------------------------------------------------------------+-------------------------------------------------------+---------+----+-----+------+-----+
    |Total                                                            |                                                       |        5|   0|  878|  2210|    0|
    +-----------------------------------------------------------------+-------------------------------------------------------+---------+----+-----+------+-----+

    * DSP: 
    N/A

    * Memory: 
    N/A

    * FIFO: 
    N/A

    * Expression: 
    +-----------------+----------+----+---+----+------------+------------+
    |  Variable Name  | Operation| DSP| FF| LUT| Bitwidth P0| Bitwidth P1|
    +-----------------+----------+----+---+----+------------+------------+
    |ap_block_state1  |    or    |   0|  0|   2|           1|           1|
    +-----------------+----------+----+---+----+------------+------------+
    |Total            |          |   0|  0|   2|           1|           1|
    +-----------------+----------+----+---+----+------------+------------+

    * Multiplexer: 
    +---------------------+----+-----------+-----+-----------+
    |         Name        | LUT| Input Size| Bits| Total Bits|
    +---------------------+----+-----------+-----+-----------+
    |ap_NS_fsm            |  15|          3|    1|          3|
    |ap_done              |   9|          2|    1|          2|
    |imgheight_blk_n      |   9|          2|    1|          2|
    |imgheight_out_blk_n  |   9|          2|    1|          2|
    |imgwidth_blk_n       |   9|          2|    1|          2|
    |imgwidth_out_blk_n   |   9|          2|    1|          2|
    |p_filter_in1_read    |   9|          2|    1|          2|
    |p_filter_out2_write  |   9|          2|    1|          2|
    |real_start           |   9|          2|    1|          2|
    +---------------------+----+-----------+-----+-----------+
    |Total                |  87|         19|    9|         19|
    +---------------------+----+-----------+-----+-----------+

    * Register: 
    +------------------------------------------------------------------------------+----+----+-----+-----------+
    |                                     Name                                     | FF | LUT| Bits| Const Bits|
    +------------------------------------------------------------------------------+----+----+-----+-----------+
    |ap_CS_fsm                                                                     |   2|   0|    2|          0|
    |ap_done_reg                                                                   |   1|   0|    1|          0|
    |grp_xf_pyrdown_gaussian_nxn_1080_1920_0_1_1_1922_5_25_1_s_fu_64_ap_start_reg  |   1|   0|    1|          0|
    |imgheight_read_reg_76                                                         |  16|   0|   16|          0|
    |imgwidth_read_reg_81                                                          |  16|   0|   16|          0|
    |start_once_reg                                                                |   1|   0|    1|          0|
    +------------------------------------------------------------------------------+----+----+-----+-----------+
    |Total                                                                         |  37|   0|   37|          0|
    +------------------------------------------------------------------------------+----+----+-----+-----------+



================================================================
== Interface
================================================================
* Summary: 
+----------------------+-----+-----+------------+---------------------------------------------------------+--------------+
|       RTL Ports      | Dir | Bits|  Protocol  |                      Source Object                      |    C Type    |
+----------------------+-----+-----+------------+---------------------------------------------------------+--------------+
|ap_clk                |  in |    1| ap_ctrl_hs | xFPyrDownGaussianBlur<1080, 1920, 0, 1, 1, 0, 5, 25, 1> | return value |
|ap_rst                |  in |    1| ap_ctrl_hs | xFPyrDownGaussianBlur<1080, 1920, 0, 1, 1, 0, 5, 25, 1> | return value |
|ap_start              |  in |    1| ap_ctrl_hs | xFPyrDownGaussianBlur<1080, 1920, 0, 1, 1, 0, 5, 25, 1> | return value |
|start_full_n          |  in |    1| ap_ctrl_hs | xFPyrDownGaussianBlur<1080, 1920, 0, 1, 1, 0, 5, 25, 1> | return value |
|ap_done               | out |    1| ap_ctrl_hs | xFPyrDownGaussianBlur<1080, 1920, 0, 1, 1, 0, 5, 25, 1> | return value |
|ap_continue           |  in |    1| ap_ctrl_hs | xFPyrDownGaussianBlur<1080, 1920, 0, 1, 1, 0, 5, 25, 1> | return value |
|ap_idle               | out |    1| ap_ctrl_hs | xFPyrDownGaussianBlur<1080, 1920, 0, 1, 1, 0, 5, 25, 1> | return value |
|ap_ready              | out |    1| ap_ctrl_hs | xFPyrDownGaussianBlur<1080, 1920, 0, 1, 1, 0, 5, 25, 1> | return value |
|start_out             | out |    1| ap_ctrl_hs | xFPyrDownGaussianBlur<1080, 1920, 0, 1, 1, 0, 5, 25, 1> | return value |
|start_write           | out |    1| ap_ctrl_hs | xFPyrDownGaussianBlur<1080, 1920, 0, 1, 1, 0, 5, 25, 1> | return value |
|p_filter_in1_dout     |  in |    8|   ap_fifo  |                       p_filter_in1                      |    pointer   |
|p_filter_in1_empty_n  |  in |    1|   ap_fifo  |                       p_filter_in1                      |    pointer   |
|p_filter_in1_read     | out |    1|   ap_fifo  |                       p_filter_in1                      |    pointer   |
|p_filter_out2_din     | out |    8|   ap_fifo  |                      p_filter_out2                      |    pointer   |
|p_filter_out2_full_n  |  in |    1|   ap_fifo  |                      p_filter_out2                      |    pointer   |
|p_filter_out2_write   | out |    1|   ap_fifo  |                      p_filter_out2                      |    pointer   |
|imgheight_dout        |  in |   16|   ap_fifo  |                        imgheight                        |    pointer   |
|imgheight_empty_n     |  in |    1|   ap_fifo  |                        imgheight                        |    pointer   |
|imgheight_read        | out |    1|   ap_fifo  |                        imgheight                        |    pointer   |
|imgwidth_dout         |  in |   16|   ap_fifo  |                         imgwidth                        |    pointer   |
|imgwidth_empty_n      |  in |    1|   ap_fifo  |                         imgwidth                        |    pointer   |
|imgwidth_read         | out |    1|   ap_fifo  |                         imgwidth                        |    pointer   |
|imgheight_out_din     | out |   16|   ap_fifo  |                      imgheight_out                      |    pointer   |
|imgheight_out_full_n  |  in |    1|   ap_fifo  |                      imgheight_out                      |    pointer   |
|imgheight_out_write   | out |    1|   ap_fifo  |                      imgheight_out                      |    pointer   |
|imgwidth_out_din      | out |   16|   ap_fifo  |                       imgwidth_out                      |    pointer   |
|imgwidth_out_full_n   |  in |    1|   ap_fifo  |                       imgwidth_out                      |    pointer   |
|imgwidth_out_write    | out |    1|   ap_fifo  |                       imgwidth_out                      |    pointer   |
+----------------------+-----+-----+------------+---------------------------------------------------------+--------------+

