

================================================================
== Vitis HLS Report for 'xFpyrDownKernel_1080u_1920u_0u_1u_1_false_s'
================================================================
* Date:           Thu Mar 25 15:01:48 2021

* Version:        2020.1.1 (Build 2960000 on Wed Aug 05 23:18:37 MDT 2020)
* Project:        pyr_down_accel
* Solution:       solution (Vitis Kernel Flow Target)
* Product family: zynquplus
* Target device:  xczu7ev-ffvc1156-2-e


================================================================
== Performance Estimates
================================================================
+ Timing: 
    * Summary: 
    +--------+---------+----------+------------+
    |  Clock |  Target | Estimated| Uncertainty|
    +--------+---------+----------+------------+
    |ap_clk  | 6.67 ns | 4.635 ns |   1.80 ns  |
    +--------+---------+----------+------------+

+ Latency: 
    * Summary: 
    +---------+---------+----------+-----------+-----+---------+----------+
    |  Latency (cycles) |  Latency (absolute)  |    Interval   | Pipeline |
    |   min   |   max   |    min   |    max    | min |   max   |   Type   |
    +---------+---------+----------+-----------+-----+---------+----------+
    |       26|  2093800| 0.173 us | 13.959 ms |   26|  2093800| dataflow |
    +---------+---------+----------+-----------+-----+---------+----------+

    + Detail: 
        * Instance: 
        +--------------------------------------------------------------------------+-----------------------------------------------------------------------+---------+---------+-----------+-----------+-----+---------+---------+
        |                                                                          |                                                                       |  Latency (cycles) |   Latency (absolute)  |    Interval   | Pipeline|
        |                                 Instance                                 |                                 Module                                |   min   |   max   |    min    |    max    | min |   max   |   Type  |
        +--------------------------------------------------------------------------+-----------------------------------------------------------------------+---------+---------+-----------+-----------+-----+---------+---------+
        |xFPyrDownGaussianBlur_1080_1920_0_1_1_0_5_25_1_U0                         |xFPyrDownGaussianBlur_1080_1920_0_1_1_0_5_25_1_s                       |       25|  2093799|  0.167 us | 13.959 ms |   25|  2093799|   none  |
        |xFpyrDownKernel_1080u_1920u_0u_1u_1_false_Loop_VITIS_LOOP_56_3_proc10_U0  |xFpyrDownKernel_1080u_1920u_0u_1u_1_false_Loop_VITIS_LOOP_56_3_proc10  |        6|  2073605| 40.002 ns | 13.825 ms |    6|  2073605|   none  |
        |xFpyrDownKernel_1080u_1920u_0u_1u_1_false_Loop_VITIS_LOOP_39_1_proc9_U0   |xFpyrDownKernel_1080u_1920u_0u_1u_1_false_Loop_VITIS_LOOP_39_1_proc9   |        6|  2073605| 40.002 ns | 13.825 ms |    6|  2073605|   none  |
        +--------------------------------------------------------------------------+-----------------------------------------------------------------------+---------+---------+-----------+-----------+-----+---------+---------+

        * Loop: 
        N/A



================================================================
== Utilization Estimates
================================================================
* Summary: 
+-----------------+---------+------+--------+--------+-----+
|       Name      | BRAM_18K|  DSP |   FF   |   LUT  | URAM|
+-----------------+---------+------+--------+--------+-----+
|DSP              |        -|     -|       -|       -|    -|
|Expression       |        -|     -|       0|       2|    -|
|FIFO             |        -|     -|     594|     402|    -|
|Instance         |        5|     2|    1129|    2780|    -|
|Memory           |        -|     -|       -|       -|    -|
|Multiplexer      |        -|     -|       -|       -|    -|
|Register         |        -|     -|       -|       -|    -|
+-----------------+---------+------+--------+--------+-----+
|Total            |        5|     2|    1723|    3184|    0|
+-----------------+---------+------+--------+--------+-----+
|Available        |      624|  1728|  460800|  230400|   96|
+-----------------+---------+------+--------+--------+-----+
|Utilization (%)  |    ~0   |  ~0  |   ~0   |       1|    0|
+-----------------+---------+------+--------+--------+-----+

+ Detail: 
    * Instance: 
    +--------------------------------------------------------------------------+-----------------------------------------------------------------------+---------+----+-----+------+-----+
    |                                 Instance                                 |                                 Module                                | BRAM_18K| DSP|  FF |  LUT | URAM|
    +--------------------------------------------------------------------------+-----------------------------------------------------------------------+---------+----+-----+------+-----+
    |xFPyrDownGaussianBlur_1080_1920_0_1_1_0_5_25_1_U0                         |xFPyrDownGaussianBlur_1080_1920_0_1_1_0_5_25_1_s                       |        5|   0|  915|  2299|    0|
    |xFpyrDownKernel_1080u_1920u_0u_1u_1_false_Loop_VITIS_LOOP_39_1_proc9_U0   |xFpyrDownKernel_1080u_1920u_0u_1u_1_false_Loop_VITIS_LOOP_39_1_proc9   |        0|   1|   75|   185|    0|
    |xFpyrDownKernel_1080u_1920u_0u_1u_1_false_Loop_VITIS_LOOP_56_3_proc10_U0  |xFpyrDownKernel_1080u_1920u_0u_1u_1_false_Loop_VITIS_LOOP_56_3_proc10  |        0|   1|  139|   296|    0|
    +--------------------------------------------------------------------------+-----------------------------------------------------------------------+---------+----+-----+------+-----+
    |Total                                                                     |                                                                       |        5|   2| 1129|  2780|    0|
    +--------------------------------------------------------------------------+-----------------------------------------------------------------------+---------+----+-----+------+-----+

    * DSP: 
    N/A

    * Memory: 
    N/A

    * FIFO: 
    +----------------+---------+----+----+-----+------+-----+---------+
    |      Name      | BRAM_18K| FF | LUT| URAM| Depth| Bits| Size:D*B|
    +----------------+---------+----+----+-----+------+-----+---------+
    |in_cols_c8_U    |        0|  99|   0|    -|     2|   16|       32|
    |in_cols_c_U     |        0|  99|   0|    -|     2|   16|       32|
    |in_rows_c7_U    |        0|  99|   0|    -|     2|   16|       32|
    |in_rows_c_U     |        0|  99|   0|    -|     2|   16|       32|
    |p_filter_in_U   |        0|  99|   0|    -|     2|    8|       16|
    |p_filter_out_U  |        0|  99|   0|    -|     2|    8|       16|
    +----------------+---------+----+----+-----+------+-----+---------+
    |Total           |        0| 594|   0|    0|    12|   80|      160|
    +----------------+---------+----+----+-----+------+-----+---------+

    * Expression: 
    +--------------+----------+----+---+----+------------+------------+
    | Variable Name| Operation| DSP| FF| LUT| Bitwidth P0| Bitwidth P1|
    +--------------+----------+----+---+----+------------+------------+
    |ap_idle       |    and   |   0|  0|   2|           1|           1|
    +--------------+----------+----+---+----+------------+------------+
    |Total         |          |   0|  0|   2|           1|           1|
    +--------------+----------+----+---+----+------------+------------+

    * Multiplexer: 
    N/A

    * Register: 
    N/A



================================================================
== Interface
================================================================
* Summary: 
+-------------------------+-----+-----+------------+-------------------------------------------------+--------------+
|        RTL Ports        | Dir | Bits|  Protocol  |                  Source Object                  |    C Type    |
+-------------------------+-----+-----+------------+-------------------------------------------------+--------------+
|pyr1_in_mat_431_dout     |  in |    8|   ap_fifo  |                 pyr1_in_mat_431                 |    pointer   |
|pyr1_in_mat_431_empty_n  |  in |    1|   ap_fifo  |                 pyr1_in_mat_431                 |    pointer   |
|pyr1_in_mat_431_read     | out |    1|   ap_fifo  |                 pyr1_in_mat_431                 |    pointer   |
|pyr1_out_mat_432_din     | out |    8|   ap_fifo  |                 pyr1_out_mat_432                |    pointer   |
|pyr1_out_mat_432_full_n  |  in |    1|   ap_fifo  |                 pyr1_out_mat_432                |    pointer   |
|pyr1_out_mat_432_write   | out |    1|   ap_fifo  |                 pyr1_out_mat_432                |    pointer   |
|in_rows                  |  in |   16|   ap_none  |                     in_rows                     |    scalar    |
|in_rows_ap_vld           |  in |    1|   ap_none  |                     in_rows                     |    scalar    |
|in_cols                  |  in |   16|   ap_none  |                     in_cols                     |    scalar    |
|in_cols_ap_vld           |  in |    1|   ap_none  |                     in_cols                     |    scalar    |
|ap_clk                   |  in |    1| ap_ctrl_hs | xFpyrDownKernel<1080u, 1920u, 0u, 1u, 1, false> | return value |
|ap_rst                   |  in |    1| ap_ctrl_hs | xFpyrDownKernel<1080u, 1920u, 0u, 1u, 1, false> | return value |
|ap_start                 |  in |    1| ap_ctrl_hs | xFpyrDownKernel<1080u, 1920u, 0u, 1u, 1, false> | return value |
|ap_done                  | out |    1| ap_ctrl_hs | xFpyrDownKernel<1080u, 1920u, 0u, 1u, 1, false> | return value |
|ap_ready                 | out |    1| ap_ctrl_hs | xFpyrDownKernel<1080u, 1920u, 0u, 1u, 1, false> | return value |
|ap_idle                  | out |    1| ap_ctrl_hs | xFpyrDownKernel<1080u, 1920u, 0u, 1u, 1, false> | return value |
|ap_continue              |  in |    1| ap_ctrl_hs | xFpyrDownKernel<1080u, 1920u, 0u, 1u, 1, false> | return value |
+-------------------------+-----+-----+------------+-------------------------------------------------+--------------+

