

================================================================
== Vitis HLS Report for 'addrbound'
================================================================
* Date:           Thu Mar 25 14:57:13 2021

* Version:        2020.1.1 (Build 2960000 on Wed Aug 05 23:18:37 MDT 2020)
* Project:        cornerTracker
* Solution:       solution (Vitis Kernel Flow Target)
* Product family: zynquplus
* Target device:  xczu7ev-ffvc1156-2-e


================================================================
== Performance Estimates
================================================================
+ Timing: 
    * Summary: 
    +--------+---------+----------+------------+
    |  Clock |  Target | Estimated| Uncertainty|
    +--------+---------+----------+------------+
    |ap_clk  | 6.67 ns | 3.676 ns |   1.80 ns  |
    +--------+---------+----------+------------+

+ Latency: 
    * Summary: 
    +---------+---------+-----------+-----------+-----+-----+---------+
    |  Latency (cycles) |   Latency (absolute)  |  Interval | Pipeline|
    |   min   |   max   |    min    |    max    | min | max |   Type  |
    +---------+---------+-----------+-----------+-----+-----+---------+
    |        3|        3| 20.001 ns | 20.001 ns |    3|    3|   none  |
    +---------+---------+-----------+-----------+-----+-----+---------+

    + Detail: 
        * Instance: 
        N/A

        * Loop: 
        N/A

============================================================
+ Verbose Summary: Synthesis Manager
============================================================
InlineROM: 1
ExposeGlobal: 0
============================================================
+ Verbose Summary: CDFG Model
============================================================
IsTopModel: 0
ResetActiveHigh: 1
IsCombinational: 2
IsDatapathOnly: 0
HasWiredReturn: 1
HasMFsm: 0
HasVarLatency: 1
IsPipeline: 0
IsRtlPipelined: 0
IsInstanceOverlapped: 0
IsDontTouch: 0
HasImplIP: 0
IsGatedGlobalClock: 0


============================================================
+ Verbose Summary: Schedule
============================================================
* Number of FSM states : 4
* Pipeline : 0
* Dataflow Pipeline: 0

* FSM state transitions: 
1 --> 2 
2 --> 3 
3 --> 4 
4 --> 

* FSM state operations: 

State 1 <SV = 0> <Delay = 3.67>
ST_1 : Operation 5 [1/1] (1.83ns)   --->   "%rows_read = read i11 @_ssdm_op_Read.ap_fifo.i11P, i11 %rows" [/tools/Xilinx/Vitis/2020.1/workspace/test_fast/libs/xf_opencv/L1/include/common/xf_structs.hpp:975]   --->   Operation 5 'read' 'rows_read' <Predicate = true> <Delay = 1.83> <CoreInst = "FIFO_SRL">   --->   Core 21 'FIFO_SRL' <Latency = 0> <II = 1> <Delay = 1.83> <Storage> <Opcode : 'read' 'write' 'nbread' 'nbwrite'> <Ports = 0> <Width = 11> <Depth = 2> <FIFO>
ST_1 : Operation 6 [1/1] (1.83ns)   --->   "%cols_read = read i11 @_ssdm_op_Read.ap_fifo.i11P, i11 %cols" [/tools/Xilinx/Vitis/2020.1/workspace/test_fast/libs/xf_opencv/L1/include/common/xf_structs.hpp:975]   --->   Operation 6 'read' 'cols_read' <Predicate = true> <Delay = 1.83> <CoreInst = "FIFO_SRL">   --->   Core 21 'FIFO_SRL' <Latency = 0> <II = 1> <Delay = 1.83> <Storage> <Opcode : 'read' 'write' 'nbread' 'nbwrite'> <Ports = 0> <Width = 11> <Depth = 2> <FIFO>
ST_1 : Operation 7 [1/1] (1.83ns)   --->   "%write_ln1116 = write void @_ssdm_op_Write.ap_fifo.i11P, i11 %rows_out, i11 %rows_read" [/tools/Xilinx/Vitis/2020.1/workspace/test_fast/libs/xf_opencv/L1/include/common/xf_structs.hpp:1116]   --->   Operation 7 'write' 'write_ln1116' <Predicate = true> <Delay = 1.83> <CoreInst = "FIFO_SRL">   --->   Core 21 'FIFO_SRL' <Latency = 0> <II = 1> <Delay = 1.83> <Storage> <Opcode : 'read' 'write' 'nbread' 'nbwrite'> <Ports = 0> <Width = 11> <Depth = 4> <FIFO>
ST_1 : Operation 8 [1/1] (1.83ns)   --->   "%write_ln1116 = write void @_ssdm_op_Write.ap_fifo.i11P, i11 %cols_out, i11 %cols_read" [/tools/Xilinx/Vitis/2020.1/workspace/test_fast/libs/xf_opencv/L1/include/common/xf_structs.hpp:1116]   --->   Operation 8 'write' 'write_ln1116' <Predicate = true> <Delay = 1.83> <CoreInst = "FIFO_SRL">   --->   Core 21 'FIFO_SRL' <Latency = 0> <II = 1> <Delay = 1.83> <Storage> <Opcode : 'read' 'write' 'nbread' 'nbwrite'> <Ports = 0> <Width = 11> <Depth = 4> <FIFO>
ST_1 : Operation 9 [1/1] (0.00ns)   --->   "%zext_ln975 = zext i11 %cols_read" [/tools/Xilinx/Vitis/2020.1/workspace/test_fast/libs/xf_opencv/L1/include/common/xf_structs.hpp:975->/tools/Xilinx/Vitis/2020.1/workspace/test_fast/libs/xf_opencv/L1/include/common/xf_structs.hpp:1116]   --->   Operation 9 'zext' 'zext_ln975' <Predicate = true> <Delay = 0.00>
ST_1 : Operation 10 [1/1] (0.00ns)   --->   "%zext_ln975_1 = zext i11 %rows_read" [/tools/Xilinx/Vitis/2020.1/workspace/test_fast/libs/xf_opencv/L1/include/common/xf_structs.hpp:975->/tools/Xilinx/Vitis/2020.1/workspace/test_fast/libs/xf_opencv/L1/include/common/xf_structs.hpp:1116]   --->   Operation 10 'zext' 'zext_ln975_1' <Predicate = true> <Delay = 0.00>
ST_1 : Operation 11 [4/4] (0.53ns) (root node of the DSP)   --->   "%mul_ln976 = mul i22 %zext_ln975_1, i22 %zext_ln975" [/tools/Xilinx/Vitis/2020.1/workspace/test_fast/libs/xf_opencv/L1/include/common/xf_structs.hpp:976->/tools/Xilinx/Vitis/2020.1/workspace/test_fast/libs/xf_opencv/L1/include/common/xf_structs.hpp:1116]   --->   Operation 11 'mul' 'mul_ln976' <Predicate = true> <Delay = 0.53> <CoreInst = "DSP48">   --->   Core 71 'DSP48' <Latency = 3> <II = 1> <Delay = 0.53> <IPBlock> <Opcode : 'mul' 'add' 'sub' 'select'> <InPorts = 2> <OutPorts = 1> <Sync> <CReg>

State 2 <SV = 1> <Delay = 0.53>
ST_2 : Operation 12 [3/4] (0.53ns) (root node of the DSP)   --->   "%mul_ln976 = mul i22 %zext_ln975_1, i22 %zext_ln975" [/tools/Xilinx/Vitis/2020.1/workspace/test_fast/libs/xf_opencv/L1/include/common/xf_structs.hpp:976->/tools/Xilinx/Vitis/2020.1/workspace/test_fast/libs/xf_opencv/L1/include/common/xf_structs.hpp:1116]   --->   Operation 12 'mul' 'mul_ln976' <Predicate = true> <Delay = 0.53> <CoreInst = "DSP48">   --->   Core 71 'DSP48' <Latency = 3> <II = 1> <Delay = 0.53> <IPBlock> <Opcode : 'mul' 'add' 'sub' 'select'> <InPorts = 2> <OutPorts = 1> <Sync> <CReg>

State 3 <SV = 2> <Delay = 0.53>
ST_3 : Operation 13 [2/4] (0.53ns) (root node of the DSP)   --->   "%mul_ln976 = mul i22 %zext_ln975_1, i22 %zext_ln975" [/tools/Xilinx/Vitis/2020.1/workspace/test_fast/libs/xf_opencv/L1/include/common/xf_structs.hpp:976->/tools/Xilinx/Vitis/2020.1/workspace/test_fast/libs/xf_opencv/L1/include/common/xf_structs.hpp:1116]   --->   Operation 13 'mul' 'mul_ln976' <Predicate = true> <Delay = 0.53> <CoreInst = "DSP48">   --->   Core 71 'DSP48' <Latency = 3> <II = 1> <Delay = 0.53> <IPBlock> <Opcode : 'mul' 'add' 'sub' 'select'> <InPorts = 2> <OutPorts = 1> <Sync> <CReg>

State 4 <SV = 3> <Delay = 0.94>
ST_4 : Operation 14 [1/1] (0.00ns)   --->   "%specinterface_ln0 = specinterface void @_ssdm_op_SpecInterface, i11 %cols, void @ap_fifo_str, i32, i32, void @p_str, i32, i32, void @p_str, void @p_str, void @p_str, i32, i32, i32, i32, void @p_str, void @ScalarProp_str"   --->   Operation 14 'specinterface' 'specinterface_ln0' <Predicate = true> <Delay = 0.00>
ST_4 : Operation 15 [1/1] (0.00ns)   --->   "%specinterface_ln0 = specinterface void @_ssdm_op_SpecInterface, i11 %rows, void @ap_fifo_str, i32, i32, void @p_str, i32, i32, void @p_str, void @p_str, void @p_str, i32, i32, i32, i32, void @p_str, void @ScalarProp_str"   --->   Operation 15 'specinterface' 'specinterface_ln0' <Predicate = true> <Delay = 0.00>
ST_4 : Operation 16 [1/1] (0.00ns)   --->   "%specinterface_ln0 = specinterface void @_ssdm_op_SpecInterface, i11 %rows_out, void @ap_fifo_str, i32, i32, void @p_str, i32, i32, void @p_str, void @p_str, void @p_str, i32, i32, i32, i32, void @p_str, void @ScalarProp_str"   --->   Operation 16 'specinterface' 'specinterface_ln0' <Predicate = true> <Delay = 0.00>
ST_4 : Operation 17 [1/1] (0.00ns)   --->   "%specinterface_ln0 = specinterface void @_ssdm_op_SpecInterface, i11 %cols_out, void @ap_fifo_str, i32, i32, void @p_str, i32, i32, void @p_str, void @p_str, void @p_str, i32, i32, i32, i32, void @p_str, void @ScalarProp_str"   --->   Operation 17 'specinterface' 'specinterface_ln0' <Predicate = true> <Delay = 0.00>
ST_4 : Operation 18 [1/4] (0.00ns) (root node of the DSP)   --->   "%mul_ln976 = mul i22 %zext_ln975_1, i22 %zext_ln975" [/tools/Xilinx/Vitis/2020.1/workspace/test_fast/libs/xf_opencv/L1/include/common/xf_structs.hpp:976->/tools/Xilinx/Vitis/2020.1/workspace/test_fast/libs/xf_opencv/L1/include/common/xf_structs.hpp:1116]   --->   Operation 18 'mul' 'mul_ln976' <Predicate = true> <Delay = 0.00> <CoreInst = "DSP48">   --->   Core 71 'DSP48' <Latency = 3> <II = 1> <Delay = 0.53> <IPBlock> <Opcode : 'mul' 'add' 'sub' 'select'> <InPorts = 2> <OutPorts = 1> <Sync> <CReg>
ST_4 : Operation 19 [1/1] (0.00ns)   --->   "%shl_ln = bitconcatenate i25 @_ssdm_op_BitConcatenate.i25.i22.i3, i22 %mul_ln976, i3" [/tools/Xilinx/Vitis/2020.1/workspace/test_fast/libs/xf_opencv/L1/include/common/xf_structs.hpp:976->/tools/Xilinx/Vitis/2020.1/workspace/test_fast/libs/xf_opencv/L1/include/common/xf_structs.hpp:1116]   --->   Operation 19 'bitconcatenate' 'shl_ln' <Predicate = true> <Delay = 0.00>
ST_4 : Operation 20 [1/1] (0.94ns)   --->   "%add_ln976 = add i25 %shl_ln, i25" [/tools/Xilinx/Vitis/2020.1/workspace/test_fast/libs/xf_opencv/L1/include/common/xf_structs.hpp:976->/tools/Xilinx/Vitis/2020.1/workspace/test_fast/libs/xf_opencv/L1/include/common/xf_structs.hpp:1116]   --->   Operation 20 'add' 'add_ln976' <Predicate = true> <Delay = 0.94> <CoreInst = "Adder">   --->   Core 1 'Adder' <Latency = 0> <II = 1> <Delay = 0.94> <FuncUnit> <Opcode : 'add' 'sub'> <InPorts = 2> <OutPorts = 1>
ST_4 : Operation 21 [1/1] (0.00ns)   --->   "%trunc_ln = partselect i20 @_ssdm_op_PartSelect.i20.i25.i32.i32, i25 %add_ln976, i32, i32" [/tools/Xilinx/Vitis/2020.1/workspace/test_fast/libs/xf_opencv/L1/include/common/xf_structs.hpp:976->/tools/Xilinx/Vitis/2020.1/workspace/test_fast/libs/xf_opencv/L1/include/common/xf_structs.hpp:1116]   --->   Operation 21 'partselect' 'trunc_ln' <Predicate = true> <Delay = 0.00>
ST_4 : Operation 22 [1/1] (0.00ns)   --->   "%write_ln976 = write void @_ssdm_op_Write.ap_auto.volatile.i20P, i20 %return_r, i20 %trunc_ln" [/tools/Xilinx/Vitis/2020.1/workspace/test_fast/libs/xf_opencv/L1/include/common/xf_structs.hpp:976->/tools/Xilinx/Vitis/2020.1/workspace/test_fast/libs/xf_opencv/L1/include/common/xf_structs.hpp:1116]   --->   Operation 22 'write' 'write_ln976' <Predicate = true> <Delay = 0.00>
ST_4 : Operation 23 [1/1] (0.00ns)   --->   "%ret_ln1116 = ret" [/tools/Xilinx/Vitis/2020.1/workspace/test_fast/libs/xf_opencv/L1/include/common/xf_structs.hpp:1116]   --->   Operation 23 'ret' 'ret_ln1116' <Predicate = true> <Delay = 0.00>


============================================================
+ Verbose Summary: Timing violations
============================================================
Target clock period: 6.67ns, clock uncertainty: 1.8ns.

 <State 1>: 3.68ns
The critical path consists of the following:
	fifo read on port 'rows' (/tools/Xilinx/Vitis/2020.1/workspace/test_fast/libs/xf_opencv/L1/include/common/xf_structs.hpp:975) [8]  (1.84 ns)
	fifo write on port 'rows_out' (/tools/Xilinx/Vitis/2020.1/workspace/test_fast/libs/xf_opencv/L1/include/common/xf_structs.hpp:1116) [11]  (1.84 ns)

 <State 2>: 0.535ns
The critical path consists of the following:
	'mul' operation of DSP[16] ('mul_ln976', /tools/Xilinx/Vitis/2020.1/workspace/test_fast/libs/xf_opencv/L1/include/common/xf_structs.hpp:976->/tools/Xilinx/Vitis/2020.1/workspace/test_fast/libs/xf_opencv/L1/include/common/xf_structs.hpp:1116) [16]  (0.535 ns)

 <State 3>: 0.535ns
The critical path consists of the following:
	'mul' operation of DSP[16] ('mul_ln976', /tools/Xilinx/Vitis/2020.1/workspace/test_fast/libs/xf_opencv/L1/include/common/xf_structs.hpp:976->/tools/Xilinx/Vitis/2020.1/workspace/test_fast/libs/xf_opencv/L1/include/common/xf_structs.hpp:1116) [16]  (0.535 ns)

 <State 4>: 0.945ns
The critical path consists of the following:
	'mul' operation of DSP[16] ('mul_ln976', /tools/Xilinx/Vitis/2020.1/workspace/test_fast/libs/xf_opencv/L1/include/common/xf_structs.hpp:976->/tools/Xilinx/Vitis/2020.1/workspace/test_fast/libs/xf_opencv/L1/include/common/xf_structs.hpp:1116) [16]  (0 ns)
	'add' operation ('add_ln976', /tools/Xilinx/Vitis/2020.1/workspace/test_fast/libs/xf_opencv/L1/include/common/xf_structs.hpp:976->/tools/Xilinx/Vitis/2020.1/workspace/test_fast/libs/xf_opencv/L1/include/common/xf_structs.hpp:1116) [18]  (0.945 ns)


============================================================
+ Verbose Summary: Binding
============================================================
N/A
* FSMD analyzer results:
  - Output states:
 - Input state : 
  - Chain level:
	State 1
	State 2
	State 3
	State 4


============================================================
+ Verbose Summary: Datapath Resource usage 
============================================================
N/A
