

================================================================
== Vitis HLS Report for 'cornerHarris_3_3_1_0_1080_1920_1_false_s'
================================================================
* Date:           Thu Mar 25 14:57:25 2021

* Version:        2020.1.1 (Build 2960000 on Wed Aug 05 23:18:37 MDT 2020)
* Project:        cornerTracker
* Solution:       solution (Vitis Kernel Flow Target)
* Product family: zynquplus
* Target device:  xczu7ev-ffvc1156-2-e


================================================================
== Performance Estimates
================================================================
+ Timing: 
    * Summary: 
    +--------+---------+----------+------------+
    |  Clock |  Target | Estimated| Uncertainty|
    +--------+---------+----------+------------+
    |ap_clk  | 6.67 ns | 4.133 ns |   1.80 ns  |
    +--------+---------+----------+------------+

+ Latency: 
    * Summary: 
    +---------+---------+-----------+-----------+---------+---------+---------+
    |  Latency (cycles) |   Latency (absolute)  |      Interval     | Pipeline|
    |   min   |   max   |    min    |    max    |   min   |   max   |   Type  |
    +---------+---------+-----------+-----------+---------+---------+---------+
    |  2092818|  2092818| 13.953 ms | 13.953 ms |  2092818|  2092818|   none  |
    +---------+---------+-----------+-----------+---------+---------+---------+

    + Detail: 
        * Instance: 
        +-------------------------------------------------------------------------------+---------------------------------------------------------------------+---------+---------+-----------+-----------+---------+---------+----------+
        |                                                                               |                                                                     |  Latency (cycles) |   Latency (absolute)  |      Interval     | Pipeline |
        |                                    Instance                                   |                                Module                               |   min   |   max   |    min    |    max    |   min   |   max   |   Type   |
        +-------------------------------------------------------------------------------+---------------------------------------------------------------------+---------+---------+-----------+-----------+---------+---------+----------+
        |grp_xFCornerHarrisDetector_3_3_0_1080_1920_1_0_1_1_12_1920_5_12_false_s_fu_52  |xFCornerHarrisDetector_3_3_0_1080_1920_1_0_1_1_12_1920_5_12_false_s  |  2092817|  2092817| 13.953 ms | 13.953 ms |  2092805|  2092805| dataflow |
        +-------------------------------------------------------------------------------+---------------------------------------------------------------------+---------+---------+-----------+-----------+---------+---------+----------+

        * Loop: 
        N/A



================================================================
== Utilization Estimates
================================================================
* Summary: 
+-----------------+---------+------+--------+--------+-----+
|       Name      | BRAM_18K|  DSP |   FF   |   LUT  | URAM|
+-----------------+---------+------+--------+--------+-----+
|DSP              |        -|     -|       -|       -|    -|
|Expression       |        -|     -|       0|       6|    -|
|FIFO             |        -|     -|       -|       -|    -|
|Instance         |       33|    11|    8990|   11257|    -|
|Memory           |        -|     -|       -|       -|    -|
|Multiplexer      |        -|     -|       -|      69|    -|
|Register         |        -|     -|      44|       -|    -|
+-----------------+---------+------+--------+--------+-----+
|Total            |       33|    11|    9034|   11332|    0|
+-----------------+---------+------+--------+--------+-----+
|Available        |      624|  1728|  460800|  230400|   96|
+-----------------+---------+------+--------+--------+-----+
|Utilization (%)  |        5|  ~0  |       1|       4|    0|
+-----------------+---------+------+--------+--------+-----+

+ Detail: 
    * Instance: 
    +-------------------------------------------------------------------------------+---------------------------------------------------------------------+---------+----+------+-------+-----+
    |                                    Instance                                   |                                Module                               | BRAM_18K| DSP|  FF  |  LUT  | URAM|
    +-------------------------------------------------------------------------------+---------------------------------------------------------------------+---------+----+------+-------+-----+
    |grp_xFCornerHarrisDetector_3_3_0_1080_1920_1_0_1_1_12_1920_5_12_false_s_fu_52  |xFCornerHarrisDetector_3_3_0_1080_1920_1_0_1_1_12_1920_5_12_false_s  |       33|  11|  8990|  11257|    0|
    +-------------------------------------------------------------------------------+---------------------------------------------------------------------+---------+----+------+-------+-----+
    |Total                                                                          |                                                                     |       33|  11|  8990|  11257|    0|
    +-------------------------------------------------------------------------------+---------------------------------------------------------------------+---------+----+------+-------+-----+

    * DSP: 
    N/A

    * Memory: 
    N/A

    * FIFO: 
    N/A

    * Expression: 
    +------------------------------------------------------------------------------------------------+----------+----+---+----+------------+------------+
    |                                          Variable Name                                         | Operation| DSP| FF| LUT| Bitwidth P0| Bitwidth P1|
    +------------------------------------------------------------------------------------------------+----------+----+---+----+------------+------------+
    |ap_block_state1                                                                                 |    or    |   0|  0|   2|           1|           1|
    |ap_sync_grp_xFCornerHarrisDetector_3_3_0_1080_1920_1_0_1_1_12_1920_5_12_false_s_fu_52_ap_done   |    or    |   0|  0|   2|           1|           1|
    |ap_sync_grp_xFCornerHarrisDetector_3_3_0_1080_1920_1_0_1_1_12_1920_5_12_false_s_fu_52_ap_ready  |    or    |   0|  0|   2|           1|           1|
    +------------------------------------------------------------------------------------------------+----------+----+---+----+------------+------------+
    |Total                                                                                           |          |   0|  0|   6|           3|           3|
    +------------------------------------------------------------------------------------------------+----------+----+---+----+------------+------------+

    * Multiplexer: 
    +--------------------------+----+-----------+-----+-----------+
    |           Name           | LUT| Input Size| Bits| Total Bits|
    +--------------------------+----+-----------+-----+-----------+
    |ap_NS_fsm                 |  15|          3|    1|          3|
    |ap_done                   |   9|          2|    1|          2|
    |in_harris_mat_419_read    |   9|          2|    1|          2|
    |out_harris_mat_420_write  |   9|          2|    1|          2|
    |src_1_blk_n               |   9|          2|    1|          2|
    |src_2_blk_n               |   9|          2|    1|          2|
    |threshold_blk_n           |   9|          2|    1|          2|
    +--------------------------+----+-----------+-----+-----------+
    |Total                     |  69|         15|    7|         15|
    +--------------------------+----+-----------+-----+-----------+

    * Register: 
    +----------------------------------------------------------------------------------------------------+----+----+-----+-----------+
    |                                                Name                                                | FF | LUT| Bits| Const Bits|
    +----------------------------------------------------------------------------------------------------+----+----+-----+-----------+
    |ap_CS_fsm                                                                                           |   2|   0|    2|          0|
    |ap_done_reg                                                                                         |   1|   0|    1|          0|
    |ap_sync_reg_grp_xFCornerHarrisDetector_3_3_0_1080_1920_1_0_1_1_12_1920_5_12_false_s_fu_52_ap_done   |   1|   0|    1|          0|
    |ap_sync_reg_grp_xFCornerHarrisDetector_3_3_0_1080_1920_1_0_1_1_12_1920_5_12_false_s_fu_52_ap_ready  |   1|   0|    1|          0|
    |grp_xFCornerHarrisDetector_3_3_0_1080_1920_1_0_1_1_12_1920_5_12_false_s_fu_52_ap_start_reg          |   1|   0|    1|          0|
    |img_height_reg_70                                                                                   |  11|   0|   11|          0|
    |img_width_reg_76                                                                                    |  11|   0|   11|          0|
    |threshold_read_reg_82                                                                               |  16|   0|   16|          0|
    +----------------------------------------------------------------------------------------------------+----+----+-----+-----------+
    |Total                                                                                               |  44|   0|   44|          0|
    +----------------------------------------------------------------------------------------------------+----+----+-----+-----------+



================================================================
== Interface
================================================================
* Summary: 
+---------------------------+-----+-----+------------+------------------------------------------------+--------------+
|         RTL Ports         | Dir | Bits|  Protocol  |                  Source Object                 |    C Type    |
+---------------------------+-----+-----+------------+------------------------------------------------+--------------+
|ap_clk                     |  in |    1| ap_ctrl_hs | cornerHarris<3, 3, 1, 0, 1080, 1920, 1, false> | return value |
|ap_rst                     |  in |    1| ap_ctrl_hs | cornerHarris<3, 3, 1, 0, 1080, 1920, 1, false> | return value |
|ap_start                   |  in |    1| ap_ctrl_hs | cornerHarris<3, 3, 1, 0, 1080, 1920, 1, false> | return value |
|ap_done                    | out |    1| ap_ctrl_hs | cornerHarris<3, 3, 1, 0, 1080, 1920, 1, false> | return value |
|ap_continue                |  in |    1| ap_ctrl_hs | cornerHarris<3, 3, 1, 0, 1080, 1920, 1, false> | return value |
|ap_idle                    | out |    1| ap_ctrl_hs | cornerHarris<3, 3, 1, 0, 1080, 1920, 1, false> | return value |
|ap_ready                   | out |    1| ap_ctrl_hs | cornerHarris<3, 3, 1, 0, 1080, 1920, 1, false> | return value |
|in_harris_mat_419_dout     |  in |    8|   ap_fifo  |                in_harris_mat_419               |    pointer   |
|in_harris_mat_419_empty_n  |  in |    1|   ap_fifo  |                in_harris_mat_419               |    pointer   |
|in_harris_mat_419_read     | out |    1|   ap_fifo  |                in_harris_mat_419               |    pointer   |
|out_harris_mat_420_din     | out |    8|   ap_fifo  |               out_harris_mat_420               |    pointer   |
|out_harris_mat_420_full_n  |  in |    1|   ap_fifo  |               out_harris_mat_420               |    pointer   |
|out_harris_mat_420_write   | out |    1|   ap_fifo  |               out_harris_mat_420               |    pointer   |
|src_1_dout                 |  in |   11|   ap_fifo  |                      src_1                     |    pointer   |
|src_1_empty_n              |  in |    1|   ap_fifo  |                      src_1                     |    pointer   |
|src_1_read                 | out |    1|   ap_fifo  |                      src_1                     |    pointer   |
|src_2_dout                 |  in |   11|   ap_fifo  |                      src_2                     |    pointer   |
|src_2_empty_n              |  in |    1|   ap_fifo  |                      src_2                     |    pointer   |
|src_2_read                 | out |    1|   ap_fifo  |                      src_2                     |    pointer   |
|threshold_dout             |  in |   16|   ap_fifo  |                    threshold                   |    pointer   |
|threshold_empty_n          |  in |    1|   ap_fifo  |                    threshold                   |    pointer   |
|threshold_read             | out |    1|   ap_fifo  |                    threshold                   |    pointer   |
+---------------------------+-----+-----+------------+------------------------------------------------+--------------+

============================================================
+ Verbose Summary: Synthesis Manager
============================================================
InlineROM: 1
ExposeGlobal: 0
============================================================
+ Verbose Summary: CDFG Model
============================================================
IsTopModel: 0
ResetActiveHigh: 1
IsCombinational: 2
IsDatapathOnly: 0
HasWiredReturn: 1
HasMFsm: 0
HasVarLatency: 1
IsPipeline: 0
IsRtlPipelined: 0
IsInstanceOverlapped: 0
IsDontTouch: 0
HasImplIP: 0
IsGatedGlobalClock: 0


============================================================
+ Verbose Summary: Schedule
============================================================
* Number of FSM states : 2
* Pipeline : 0
* Dataflow Pipeline: 0

* FSM state transitions: 
1 --> 2 
2 --> 

* FSM state operations: 

State 1 <SV = 0> <Delay = 1.83>
ST_1 : Operation 3 [1/1] (1.83ns)   --->   "%img_height = read i11 @_ssdm_op_Read.ap_fifo.i11P, i11 %src_1" [/tools/Xilinx/Vitis/2020.1/workspace/test_fast/libs/xf_opencv/L1/include/features/xf_harris.hpp:217]   --->   Operation 3 'read' 'img_height' <Predicate = true> <Delay = 1.83> <CoreInst = "FIFO_SRL">   --->   Core 21 'FIFO_SRL' <Latency = 0> <II = 1> <Delay = 1.83> <Storage> <Opcode : 'read' 'write' 'nbread' 'nbwrite'> <Ports = 0> <Width = 11> <Depth = 2> <FIFO>
ST_1 : Operation 4 [1/1] (1.83ns)   --->   "%img_width = read i11 @_ssdm_op_Read.ap_fifo.i11P, i11 %src_2" [/tools/Xilinx/Vitis/2020.1/workspace/test_fast/libs/xf_opencv/L1/include/features/xf_harris.hpp:217]   --->   Operation 4 'read' 'img_width' <Predicate = true> <Delay = 1.83> <CoreInst = "FIFO_SRL">   --->   Core 21 'FIFO_SRL' <Latency = 0> <II = 1> <Delay = 1.83> <Storage> <Opcode : 'read' 'write' 'nbread' 'nbwrite'> <Ports = 0> <Width = 11> <Depth = 2> <FIFO>
ST_1 : Operation 5 [1/1] (1.83ns)   --->   "%threshold_read = read i16 @_ssdm_op_Read.ap_fifo.i16P, i16 %threshold" [/tools/Xilinx/Vitis/2020.1/workspace/test_fast/libs/xf_opencv/L1/include/features/xf_harris.hpp:217]   --->   Operation 5 'read' 'threshold_read' <Predicate = true> <Delay = 1.83> <CoreInst = "FIFO_SRL">   --->   Core 21 'FIFO_SRL' <Latency = 0> <II = 1> <Delay = 1.83> <Storage> <Opcode : 'read' 'write' 'nbread' 'nbwrite'> <Ports = 0> <Width = 16> <Depth = 3> <FIFO>
ST_1 : Operation 6 [2/2] (0.00ns)   --->   "%call_ln217 = call void @xFCornerHarrisDetector<3, 3, 0, 1080, 1920, 1, 0, 1, 1, 12, 1920, 5, 12, false>, i8 %in_harris_mat_419, i8 %out_harris_mat_420, i11 %img_height, i11 %img_width, i11 %img_height, i11 %img_width, i16 %threshold_read" [/tools/Xilinx/Vitis/2020.1/workspace/test_fast/libs/xf_opencv/L1/include/features/xf_harris.hpp:217]   --->   Operation 6 'call' 'call_ln217' <Predicate = true> <Delay = 0.00> <CoreType = "Generic">   --->   Core 0 '' <Latency = 0> <II = 1> <Delay = 1.00> <Generic> <Opcode : >

State 2 <SV = 1> <Delay = 0.00>
ST_2 : Operation 7 [1/1] (0.00ns)   --->   "%specinterface_ln0 = specinterface void @_ssdm_op_SpecInterface, i8 %in_harris_mat_419, void @empty_14, i32, i32, void @empty_18, i32, i32, void @empty_18, void @empty_18, void @empty_18, i32, i32, i32, i32, void @empty_18, void @empty_18"   --->   Operation 7 'specinterface' 'specinterface_ln0' <Predicate = true> <Delay = 0.00>
ST_2 : Operation 8 [1/1] (0.00ns)   --->   "%specinterface_ln0 = specinterface void @_ssdm_op_SpecInterface, i8 %out_harris_mat_420, void @empty_14, i32, i32, void @empty_18, i32, i32, void @empty_18, void @empty_18, void @empty_18, i32, i32, i32, i32, void @empty_18, void @empty_18"   --->   Operation 8 'specinterface' 'specinterface_ln0' <Predicate = true> <Delay = 0.00>
ST_2 : Operation 9 [1/1] (0.00ns)   --->   "%specinterface_ln0 = specinterface void @_ssdm_op_SpecInterface, i16 %threshold, void @ap_fifo_str, i32, i32, void @p_str, i32, i32, void @p_str, void @p_str, void @p_str, i32, i32, i32, i32, void @p_str, void @ScalarProp_str"   --->   Operation 9 'specinterface' 'specinterface_ln0' <Predicate = true> <Delay = 0.00>
ST_2 : Operation 10 [1/1] (0.00ns)   --->   "%specinterface_ln0 = specinterface void @_ssdm_op_SpecInterface, i11 %src_2, void @ap_fifo_str, i32, i32, void @p_str, i32, i32, void @p_str, void @p_str, void @p_str, i32, i32, i32, i32, void @p_str, void @ScalarProp_str"   --->   Operation 10 'specinterface' 'specinterface_ln0' <Predicate = true> <Delay = 0.00>
ST_2 : Operation 11 [1/1] (0.00ns)   --->   "%specinterface_ln0 = specinterface void @_ssdm_op_SpecInterface, i11 %src_1, void @ap_fifo_str, i32, i32, void @p_str, i32, i32, void @p_str, void @p_str, void @p_str, i32, i32, i32, i32, void @p_str, void @ScalarProp_str"   --->   Operation 11 'specinterface' 'specinterface_ln0' <Predicate = true> <Delay = 0.00>
ST_2 : Operation 12 [1/1] (0.00ns)   --->   "%specinterface_ln0 = specinterface void @_ssdm_op_SpecInterface, i8 %out_harris_mat_420, void @empty_14, i32, i32, void @empty_18, i32, i32, void @empty_18, void @empty_18, void @empty_18, i32, i32, i32, i32, void @empty_18, void @empty_18"   --->   Operation 12 'specinterface' 'specinterface_ln0' <Predicate = true> <Delay = 0.00>
ST_2 : Operation 13 [1/1] (0.00ns)   --->   "%specinterface_ln0 = specinterface void @_ssdm_op_SpecInterface, i8 %in_harris_mat_419, void @empty_14, i32, i32, void @empty_18, i32, i32, void @empty_18, void @empty_18, void @empty_18, i32, i32, i32, i32, void @empty_18, void @empty_18"   --->   Operation 13 'specinterface' 'specinterface_ln0' <Predicate = true> <Delay = 0.00>
ST_2 : Operation 14 [1/2] (0.00ns)   --->   "%call_ln217 = call void @xFCornerHarrisDetector<3, 3, 0, 1080, 1920, 1, 0, 1, 1, 12, 1920, 5, 12, false>, i8 %in_harris_mat_419, i8 %out_harris_mat_420, i11 %img_height, i11 %img_width, i11 %img_height, i11 %img_width, i16 %threshold_read" [/tools/Xilinx/Vitis/2020.1/workspace/test_fast/libs/xf_opencv/L1/include/features/xf_harris.hpp:217]   --->   Operation 14 'call' 'call_ln217' <Predicate = true> <Delay = 0.00> <CoreType = "Generic">   --->   Core 0 '' <Latency = 0> <II = 1> <Delay = 1.00> <Generic> <Opcode : >
ST_2 : Operation 15 [1/1] (0.00ns)   --->   "%ret_ln0 = ret"   --->   Operation 15 'ret' 'ret_ln0' <Predicate = true> <Delay = 0.00>


============================================================
+ Verbose Summary: Binding
============================================================
STG Binding: 
---------------- STG Properties BEGIN ----------------
- Is combinational: 0
- Is one-state seq: 0
- Is datapath-only: 0
- Is pipelined: 0
- Is top level: 0
Port [ Return ] is wired: 1; IO mode=ap_ctrl_hs:ce=0
Port [ in_harris_mat_419]:  wired=1; compound=1; hidden=0; nouse=0; global=0; static=0; extern=0; dir=0; type=3; pingpong=0; private_global=0; IO mode=ap_fifo:ce=0
Port [ out_harris_mat_420]:  wired=1; compound=1; hidden=0; nouse=0; global=0; static=0; extern=0; dir=1; type=3; pingpong=0; private_global=0; IO mode=ap_fifo:ce=0
Port [ src_1]:  wired=1; compound=1; hidden=0; nouse=0; global=0; static=0; extern=0; dir=0; type=3; pingpong=0; private_global=0; IO mode=ap_fifo:ce=0
Port [ src_2]:  wired=1; compound=1; hidden=0; nouse=0; global=0; static=0; extern=0; dir=0; type=3; pingpong=0; private_global=0; IO mode=ap_fifo:ce=0
Port [ threshold]:  wired=1; compound=1; hidden=0; nouse=0; global=0; static=0; extern=0; dir=0; type=3; pingpong=0; private_global=0; IO mode=ap_fifo:ce=0
---------------- STG Properties END ------------------

---------------- Datapath Model BEGIN ----------------

<LifeTime>
<method=bitvector/>
img_height        (read         ) [ 001]
img_width         (read         ) [ 001]
threshold_read    (read         ) [ 001]
specinterface_ln0 (specinterface) [ 000]
specinterface_ln0 (specinterface) [ 000]
specinterface_ln0 (specinterface) [ 000]
specinterface_ln0 (specinterface) [ 000]
specinterface_ln0 (specinterface) [ 000]
specinterface_ln0 (specinterface) [ 000]
specinterface_ln0 (specinterface) [ 000]
call_ln217        (call         ) [ 000]
ret_ln0           (ret          ) [ 000]
</LifeTime>

<model>

<comp_list>
<comp id="0" class="1000" name="in_harris_mat_419">
<pin_list>
<pin id="1" dir="1" index="0" bw="1" slack="0"/>
</pin_list>
<bind>
<StgValue><ssdm name="in_harris_mat_419"/></StgValue>
</bind>
</comp>

<comp id="2" class="1000" name="out_harris_mat_420">
<pin_list>
<pin id="3" dir="1" index="0" bw="1" slack="0"/>
</pin_list>
<bind>
<StgValue><ssdm name="out_harris_mat_420"/></StgValue>
</bind>
</comp>

<comp id="4" class="1000" name="src_1">
<pin_list>
<pin id="5" dir="1" index="0" bw="1" slack="0"/>
</pin_list>
<bind>
<StgValue><ssdm name="src_1"/></StgValue>
</bind>
</comp>

<comp id="6" class="1000" name="src_2">
<pin_list>
<pin id="7" dir="1" index="0" bw="1" slack="0"/>
</pin_list>
<bind>
<StgValue><ssdm name="src_2"/></StgValue>
</bind>
</comp>

<comp id="8" class="1000" name="threshold">
<pin_list>
<pin id="9" dir="1" index="0" bw="1" slack="0"/>
</pin_list>
<bind>
<StgValue><ssdm name="threshold"/></StgValue>
</bind>
</comp>

<comp id="10" class="1001" name="const_10">
<pin_list>
<pin id="11" dir="1" index="0" bw="1" slack="0"/>
</pin_list>
<bind>
<StgValue><ssdm name="_ssdm_op_Read.ap_fifo.i11P"/></StgValue>
</bind>
</comp>

<comp id="12" class="1001" name="const_12">
<pin_list>
<pin id="13" dir="1" index="0" bw="1" slack="0"/>
</pin_list>
<bind>
<StgValue><ssdm name="_ssdm_op_Read.ap_fifo.i16P"/></StgValue>
</bind>
</comp>

<comp id="14" class="1001" name="const_14">
<pin_list>
<pin id="15" dir="1" index="0" bw="1" slack="0"/>
</pin_list>
<bind>
<StgValue><ssdm name="xFCornerHarrisDetector<3, 3, 0, 1080, 1920, 1, 0, 1, 1, 12, 1920, 5, 12, false>"/></StgValue>
</bind>
</comp>

<comp id="16" class="1001" name="const_16">
<pin_list>
<pin id="17" dir="1" index="0" bw="1" slack="2147483647"/>
</pin_list>
<bind>
<StgValue><ssdm name="_ssdm_op_SpecInterface"/></StgValue>
</bind>
</comp>

<comp id="18" class="1001" name="const_18">
<pin_list>
<pin id="19" dir="1" index="0" bw="1" slack="2147483647"/>
</pin_list>
<bind>
<StgValue><ssdm name="empty_14"/></StgValue>
</bind>
</comp>

<comp id="20" class="1001" name="const_20">
<pin_list>
<pin id="21" dir="1" index="0" bw="1" slack="2147483647"/>
</pin_list>
<bind>
<StgValue><ssdm name=""/></StgValue>
</bind>
</comp>

<comp id="22" class="1001" name="const_22">
<pin_list>
<pin id="23" dir="1" index="0" bw="1" slack="2147483647"/>
</pin_list>
<bind>
<StgValue><ssdm name="empty_18"/></StgValue>
</bind>
</comp>

<comp id="24" class="1001" name="const_24">
<pin_list>
<pin id="25" dir="1" index="0" bw="1" slack="2147483647"/>
</pin_list>
<bind>
<StgValue><ssdm name="ap_fifo_str"/></StgValue>
</bind>
</comp>

<comp id="26" class="1001" name="const_26">
<pin_list>
<pin id="27" dir="1" index="0" bw="1" slack="2147483647"/>
</pin_list>
<bind>
<StgValue><ssdm name="p_str"/></StgValue>
</bind>
</comp>

<comp id="28" class="1001" name="const_28">
<pin_list>
<pin id="29" dir="1" index="0" bw="1" slack="2147483647"/>
</pin_list>
<bind>
<StgValue><ssdm name=""/></StgValue>
</bind>
</comp>

<comp id="30" class="1001" name="const_30">
<pin_list>
<pin id="31" dir="1" index="0" bw="1" slack="2147483647"/>
</pin_list>
<bind>
<StgValue><ssdm name=""/></StgValue>
</bind>
</comp>

<comp id="32" class="1001" name="const_32">
<pin_list>
<pin id="33" dir="1" index="0" bw="1" slack="2147483647"/>
</pin_list>
<bind>
<StgValue><ssdm name="ScalarProp_str"/></StgValue>
</bind>
</comp>

<comp id="34" class="1004" name="img_height_read_fu_34">
<pin_list>
<pin id="35" dir="0" index="0" bw="11" slack="0"/>
<pin id="36" dir="0" index="1" bw="11" slack="0"/>
<pin id="37" dir="1" index="2" bw="11" slack="0"/>
</pin_list>
<bind>
<opcode="read(1150) " fcode="read"/>
<opset="img_height/1 "/>
</bind>
</comp>

<comp id="40" class="1004" name="img_width_read_fu_40">
<pin_list>
<pin id="41" dir="0" index="0" bw="11" slack="0"/>
<pin id="42" dir="0" index="1" bw="11" slack="0"/>
<pin id="43" dir="1" index="2" bw="11" slack="0"/>
</pin_list>
<bind>
<opcode="read(1150) " fcode="read"/>
<opset="img_width/1 "/>
</bind>
</comp>

<comp id="46" class="1004" name="threshold_read_read_fu_46">
<pin_list>
<pin id="47" dir="0" index="0" bw="16" slack="0"/>
<pin id="48" dir="0" index="1" bw="16" slack="0"/>
<pin id="49" dir="1" index="2" bw="16" slack="0"/>
</pin_list>
<bind>
<opcode="read(1150) " fcode="read"/>
<opset="threshold_read/1 "/>
</bind>
</comp>

<comp id="52" class="1004" name="grp_xFCornerHarrisDetector_3_3_0_1080_1920_1_0_1_1_12_1920_5_12_false_s_fu_52">
<pin_list>
<pin id="53" dir="0" index="0" bw="0" slack="0"/>
<pin id="54" dir="0" index="1" bw="8" slack="0"/>
<pin id="55" dir="0" index="2" bw="8" slack="0"/>
<pin id="56" dir="0" index="3" bw="11" slack="0"/>
<pin id="57" dir="0" index="4" bw="11" slack="0"/>
<pin id="58" dir="0" index="5" bw="11" slack="0"/>
<pin id="59" dir="0" index="6" bw="11" slack="0"/>
<pin id="60" dir="0" index="7" bw="16" slack="0"/>
<pin id="61" dir="1" index="8" bw="0" slack="2147483647"/>
</pin_list>
<bind>
<opcode="call(48) " fcode="call"/>
<opset="call_ln217/1 "/>
</bind>
</comp>

<comp id="70" class="1005" name="img_height_reg_70">
<pin_list>
<pin id="71" dir="0" index="0" bw="11" slack="1"/>
<pin id="72" dir="1" index="1" bw="11" slack="1"/>
</pin_list>
<bind>
<opset="img_height "/>
</bind>
</comp>

<comp id="76" class="1005" name="img_width_reg_76">
<pin_list>
<pin id="77" dir="0" index="0" bw="11" slack="1"/>
<pin id="78" dir="1" index="1" bw="11" slack="1"/>
</pin_list>
<bind>
<opset="img_width "/>
</bind>
</comp>

<comp id="82" class="1005" name="threshold_read_reg_82">
<pin_list>
<pin id="83" dir="0" index="0" bw="16" slack="1"/>
<pin id="84" dir="1" index="1" bw="16" slack="1"/>
</pin_list>
<bind>
<opset="threshold_read "/>
</bind>
</comp>

</comp_list>

<net_list>
<net id="38"><net_src comp="10" pin="0"/><net_sink comp="34" pin=0"/></net>

<net id="39"><net_src comp="4" pin="0"/><net_sink comp="34" pin=1"/></net>

<net id="44"><net_src comp="10" pin="0"/><net_sink comp="40" pin=0"/></net>

<net id="45"><net_src comp="6" pin="0"/><net_sink comp="40" pin=1"/></net>

<net id="50"><net_src comp="12" pin="0"/><net_sink comp="46" pin=0"/></net>

<net id="51"><net_src comp="8" pin="0"/><net_sink comp="46" pin=1"/></net>

<net id="62"><net_src comp="14" pin="0"/><net_sink comp="52" pin=0"/></net>

<net id="63"><net_src comp="0" pin="0"/><net_sink comp="52" pin=1"/></net>

<net id="64"><net_src comp="2" pin="0"/><net_sink comp="52" pin=2"/></net>

<net id="65"><net_src comp="34" pin="2"/><net_sink comp="52" pin=3"/></net>

<net id="66"><net_src comp="40" pin="2"/><net_sink comp="52" pin=4"/></net>

<net id="67"><net_src comp="34" pin="2"/><net_sink comp="52" pin=5"/></net>

<net id="68"><net_src comp="40" pin="2"/><net_sink comp="52" pin=6"/></net>

<net id="69"><net_src comp="46" pin="2"/><net_sink comp="52" pin=7"/></net>

<net id="73"><net_src comp="34" pin="2"/><net_sink comp="70" pin=0"/></net>

<net id="74"><net_src comp="70" pin="1"/><net_sink comp="52" pin=3"/></net>

<net id="75"><net_src comp="70" pin="1"/><net_sink comp="52" pin=5"/></net>

<net id="79"><net_src comp="40" pin="2"/><net_sink comp="76" pin=0"/></net>

<net id="80"><net_src comp="76" pin="1"/><net_sink comp="52" pin=4"/></net>

<net id="81"><net_src comp="76" pin="1"/><net_sink comp="52" pin=6"/></net>

<net id="85"><net_src comp="46" pin="2"/><net_sink comp="82" pin=0"/></net>

<net id="86"><net_src comp="82" pin="1"/><net_sink comp="52" pin=7"/></net>

</net_list>

</model> 
---------------- Datapath Model END ------------------

* FSMD analyzer results:
  - Output states:
	Port: out_harris_mat_420 | {1 2 }
 - Input state : 
	Port: cornerHarris<3, 3, 1, 0, 1080, 1920, 1, false> : in_harris_mat_419 | {1 2 }
	Port: cornerHarris<3, 3, 1, 0, 1080, 1920, 1, false> : src_1 | {1 }
	Port: cornerHarris<3, 3, 1, 0, 1080, 1920, 1, false> : src_2 | {1 }
	Port: cornerHarris<3, 3, 1, 0, 1080, 1920, 1, false> : threshold | {1 }
  - Chain level:
	State 1
	State 2


============================================================
+ Verbose Summary: Datapath Resource usage 
============================================================

* Functional unit list:
|----------|-------------------------------------------------------------------------------|---------|---------|---------|---------|---------|
| Operation|                                Functional Unit                                |   BRAM  |   DSP   |  Delay  |    FF   |   LUT   |
|----------|-------------------------------------------------------------------------------|---------|---------|---------|---------|---------|
|   call   | grp_xFCornerHarrisDetector_3_3_0_1080_1920_1_0_1_1_12_1920_5_12_false_s_fu_52 |    33   |    11   | 88.0915 |   4462  |   4653  |
|----------|-------------------------------------------------------------------------------|---------|---------|---------|---------|---------|
|          |                             img_height_read_fu_34                             |    0    |    0    |    0    |    0    |    0    |
|   read   |                              img_width_read_fu_40                             |    0    |    0    |    0    |    0    |    0    |
|          |                           threshold_read_read_fu_46                           |    0    |    0    |    0    |    0    |    0    |
|----------|-------------------------------------------------------------------------------|---------|---------|---------|---------|---------|
|   Total  |                                                                               |    33   |    11   | 88.0915 |   4462  |   4653  |
|----------|-------------------------------------------------------------------------------|---------|---------|---------|---------|---------|

Memories:
N/A

* Register list:
+---------------------+--------+
|                     |   FF   |
+---------------------+--------+
|  img_height_reg_70  |   11   |
|   img_width_reg_76  |   11   |
|threshold_read_reg_82|   16   |
+---------------------+--------+
|        Total        |   38   |
+---------------------+--------+

* Multiplexer (MUX) list: 
|-------------------------------------------------------------------------------|------|------|------|--------||---------||---------|
|                                      Comp                                     |  Pin | Size |  BW  | S x BW ||  Delay  ||   LUT   |
|-------------------------------------------------------------------------------|------|------|------|--------||---------||---------|
| grp_xFCornerHarrisDetector_3_3_0_1080_1920_1_0_1_1_12_1920_5_12_false_s_fu_52 |  p3  |   2  |  11  |   22   ||    9    |
| grp_xFCornerHarrisDetector_3_3_0_1080_1920_1_0_1_1_12_1920_5_12_false_s_fu_52 |  p4  |   2  |  11  |   22   ||    9    |
| grp_xFCornerHarrisDetector_3_3_0_1080_1920_1_0_1_1_12_1920_5_12_false_s_fu_52 |  p5  |   2  |  11  |   22   ||    9    |
| grp_xFCornerHarrisDetector_3_3_0_1080_1920_1_0_1_1_12_1920_5_12_false_s_fu_52 |  p6  |   2  |  11  |   22   ||    9    |
| grp_xFCornerHarrisDetector_3_3_0_1080_1920_1_0_1_1_12_1920_5_12_false_s_fu_52 |  p7  |   2  |  16  |   32   ||    9    |
|-------------------------------------------------------------------------------|------|------|------|--------||---------||---------|
|                                     Total                                     |      |      |      |   120  ||   3.28  ||    45   |
|-------------------------------------------------------------------------------|------|------|------|--------||---------||---------|



* Summary:
+-----------+--------+--------+--------+--------+--------+
|           |  BRAM  |   DSP  |  Delay |   FF   |   LUT  |
+-----------+--------+--------+--------+--------+--------+
|  Function |   33   |   11   |   88   |  4462  |  4653  |
|   Memory  |    -   |    -   |    -   |    -   |    -   |
|Multiplexer|    -   |    -   |    3   |    -   |   45   |
|  Register |    -   |    -   |    -   |   38   |    -   |
+-----------+--------+--------+--------+--------+--------+
|   Total   |   33   |   11   |   91   |  4500  |  4698  |
+-----------+--------+--------+--------+--------+--------+
