

================================================================
== Vitis HLS Report for 'xFCornerHarrisDetector_3_3_0_1080_1920_1_0_1_1_12_1920_5_12_false_entry50'
================================================================
* Date:           Thu Mar 25 14:57:14 2021

* Version:        2020.1.1 (Build 2960000 on Wed Aug 05 23:18:37 MDT 2020)
* Project:        cornerTracker
* Solution:       solution (Vitis Kernel Flow Target)
* Product family: zynquplus
* Target device:  xczu7ev-ffvc1156-2-e


================================================================
== Performance Estimates
================================================================
+ Timing: 
    * Summary: 
    +--------+---------+----------+------------+
    |  Clock |  Target | Estimated| Uncertainty|
    +--------+---------+----------+------------+
    |ap_clk  | 6.67 ns | 1.908 ns |   1.80 ns  |
    +--------+---------+----------+------------+

+ Latency: 
    * Summary: 
    +---------+---------+----------+----------+-----+-----+---------+
    |  Latency (cycles) |  Latency (absolute) |  Interval | Pipeline|
    |   min   |   max   |    min   |    max   | min | max |   Type  |
    +---------+---------+----------+----------+-----+-----+---------+
    |        0|        0|   0 ns   |   0 ns   |    0|    0|   none  |
    +---------+---------+----------+----------+-----+-----+---------+

    + Detail: 
        * Instance: 
        N/A

        * Loop: 
        N/A

============================================================
+ Verbose Summary: Synthesis Manager
============================================================
InlineROM: 1
ExposeGlobal: 0
============================================================
+ Verbose Summary: CDFG Model
============================================================
IsTopModel: 0
ResetActiveHigh: 1
IsCombinational: 2
IsDatapathOnly: 0
HasWiredReturn: 1
HasMFsm: 0
HasVarLatency: 0
IsPipeline: 0
IsRtlPipelined: 0
IsInstanceOverlapped: 0
IsDontTouch: 0
HasImplIP: 0
IsGatedGlobalClock: 0


============================================================
+ Verbose Summary: Schedule
============================================================
* Number of FSM states : 1
* Pipeline : 0
* Dataflow Pipeline: 0

* FSM state transitions: 
1 --> 

* FSM state operations: 

State 1 <SV = 0> <Delay = 1.90>
ST_1 : Operation 2 [1/1] (0.00ns)   --->   "%specinterface_ln0 = specinterface void @_ssdm_op_SpecInterface, i11 %p_src_mat_1_out, void @ap_fifo_str, i32, i32, void @p_str, i32, i32, void @p_str, void @p_str, void @p_str, i32, i32, i32, i32, void @p_str, void @ScalarProp_str"   --->   Operation 2 'specinterface' 'specinterface_ln0' <Predicate = true> <Delay = 0.00>
ST_1 : Operation 3 [1/1] (0.00ns)   --->   "%p_threshold_read = read i16 @_ssdm_op_Read.ap_auto.i16, i16 %p_threshold"   --->   Operation 3 'read' 'p_threshold_read' <Predicate = true> <Delay = 0.00>
ST_1 : Operation 4 [1/1] (0.00ns)   --->   "%img_width_read = read i11 @_ssdm_op_Read.ap_auto.i11, i11 %img_width"   --->   Operation 4 'read' 'img_width_read' <Predicate = true> <Delay = 0.00>
ST_1 : Operation 5 [1/1] (0.00ns)   --->   "%img_height_read = read i11 @_ssdm_op_Read.ap_auto.i11, i11 %img_height"   --->   Operation 5 'read' 'img_height_read' <Predicate = true> <Delay = 0.00>
ST_1 : Operation 6 [1/1] (0.00ns)   --->   "%p_read13 = read i11 @_ssdm_op_Read.ap_auto.i11, i11 %p_read1"   --->   Operation 6 'read' 'p_read13' <Predicate = true> <Delay = 0.00>
ST_1 : Operation 7 [1/1] (0.00ns)   --->   "%p_read_6 = read i11 @_ssdm_op_Read.ap_auto.i11, i11 %p_read"   --->   Operation 7 'read' 'p_read_6' <Predicate = true> <Delay = 0.00>
ST_1 : Operation 8 [1/1] (1.83ns)   --->   "%write_ln0 = write void @_ssdm_op_Write.ap_fifo.i11P, i11 %p_src_mat_1_out, i11 %p_read_6"   --->   Operation 8 'write' 'write_ln0' <Predicate = true> <Delay = 1.83> <CoreInst = "FIFO_SRL">   --->   Core 21 'FIFO_SRL' <Latency = 0> <II = 1> <Delay = 1.83> <Storage> <Opcode : 'read' 'write' 'nbread' 'nbwrite'> <Ports = 0> <Width = 11> <Depth = 2> <FIFO>
ST_1 : Operation 9 [1/1] (0.00ns)   --->   "%specinterface_ln0 = specinterface void @_ssdm_op_SpecInterface, i11 %p_src_mat_2_out, void @ap_fifo_str, i32, i32, void @p_str, i32, i32, void @p_str, void @p_str, void @p_str, i32, i32, i32, i32, void @p_str, void @ScalarProp_str"   --->   Operation 9 'specinterface' 'specinterface_ln0' <Predicate = true> <Delay = 0.00>
ST_1 : Operation 10 [1/1] (1.83ns)   --->   "%write_ln0 = write void @_ssdm_op_Write.ap_fifo.i11P, i11 %p_src_mat_2_out, i11 %p_read13"   --->   Operation 10 'write' 'write_ln0' <Predicate = true> <Delay = 1.83> <CoreInst = "FIFO_SRL">   --->   Core 21 'FIFO_SRL' <Latency = 0> <II = 1> <Delay = 1.83> <Storage> <Opcode : 'read' 'write' 'nbread' 'nbwrite'> <Ports = 0> <Width = 11> <Depth = 2> <FIFO>
ST_1 : Operation 11 [1/1] (0.00ns)   --->   "%specinterface_ln0 = specinterface void @_ssdm_op_SpecInterface, i11 %img_height_out, void @ap_fifo_str, i32, i32, void @p_str, i32, i32, void @p_str, void @p_str, void @p_str, i32, i32, i32, i32, void @p_str, void @ScalarProp_str"   --->   Operation 11 'specinterface' 'specinterface_ln0' <Predicate = true> <Delay = 0.00>
ST_1 : Operation 12 [1/1] (1.83ns)   --->   "%write_ln0 = write void @_ssdm_op_Write.ap_fifo.i11P, i11 %img_height_out, i11 %img_height_read"   --->   Operation 12 'write' 'write_ln0' <Predicate = true> <Delay = 1.83> <CoreInst = "FIFO_SRL">   --->   Core 21 'FIFO_SRL' <Latency = 0> <II = 1> <Delay = 1.83> <Storage> <Opcode : 'read' 'write' 'nbread' 'nbwrite'> <Ports = 0> <Width = 11> <Depth = 2> <FIFO>
ST_1 : Operation 13 [1/1] (0.00ns)   --->   "%specinterface_ln0 = specinterface void @_ssdm_op_SpecInterface, i11 %img_height_out1, void @ap_fifo_str, i32, i32, void @p_str, i32, i32, void @p_str, void @p_str, void @p_str, i32, i32, i32, i32, void @p_str, void @ScalarProp_str"   --->   Operation 13 'specinterface' 'specinterface_ln0' <Predicate = true> <Delay = 0.00>
ST_1 : Operation 14 [1/1] (1.83ns)   --->   "%write_ln0 = write void @_ssdm_op_Write.ap_fifo.i11P, i11 %img_height_out1, i11 %img_height_read"   --->   Operation 14 'write' 'write_ln0' <Predicate = true> <Delay = 1.83> <CoreInst = "FIFO_SRL">   --->   Core 21 'FIFO_SRL' <Latency = 0> <II = 1> <Delay = 1.83> <Storage> <Opcode : 'read' 'write' 'nbread' 'nbwrite'> <Ports = 0> <Width = 11> <Depth = 3> <FIFO>
ST_1 : Operation 15 [1/1] (0.00ns)   --->   "%specinterface_ln0 = specinterface void @_ssdm_op_SpecInterface, i11 %img_height_out2, void @ap_fifo_str, i32, i32, void @p_str, i32, i32, void @p_str, void @p_str, void @p_str, i32, i32, i32, i32, void @p_str, void @ScalarProp_str"   --->   Operation 15 'specinterface' 'specinterface_ln0' <Predicate = true> <Delay = 0.00>
ST_1 : Operation 16 [1/1] (1.83ns)   --->   "%write_ln0 = write void @_ssdm_op_Write.ap_fifo.i11P, i11 %img_height_out2, i11 %img_height_read"   --->   Operation 16 'write' 'write_ln0' <Predicate = true> <Delay = 1.83> <CoreInst = "FIFO_SRL">   --->   Core 21 'FIFO_SRL' <Latency = 0> <II = 1> <Delay = 1.83> <Storage> <Opcode : 'read' 'write' 'nbread' 'nbwrite'> <Ports = 0> <Width = 11> <Depth = 3> <FIFO>
ST_1 : Operation 17 [1/1] (0.00ns)   --->   "%specinterface_ln0 = specinterface void @_ssdm_op_SpecInterface, i11 %img_width_out, void @ap_fifo_str, i32, i32, void @p_str, i32, i32, void @p_str, void @p_str, void @p_str, i32, i32, i32, i32, void @p_str, void @ScalarProp_str"   --->   Operation 17 'specinterface' 'specinterface_ln0' <Predicate = true> <Delay = 0.00>
ST_1 : Operation 18 [1/1] (1.83ns)   --->   "%write_ln0 = write void @_ssdm_op_Write.ap_fifo.i11P, i11 %img_width_out, i11 %img_width_read"   --->   Operation 18 'write' 'write_ln0' <Predicate = true> <Delay = 1.83> <CoreInst = "FIFO_SRL">   --->   Core 21 'FIFO_SRL' <Latency = 0> <II = 1> <Delay = 1.83> <Storage> <Opcode : 'read' 'write' 'nbread' 'nbwrite'> <Ports = 0> <Width = 11> <Depth = 2> <FIFO>
ST_1 : Operation 19 [1/1] (0.00ns)   --->   "%specinterface_ln0 = specinterface void @_ssdm_op_SpecInterface, i11 %img_width_out3, void @ap_fifo_str, i32, i32, void @p_str, i32, i32, void @p_str, void @p_str, void @p_str, i32, i32, i32, i32, void @p_str, void @ScalarProp_str"   --->   Operation 19 'specinterface' 'specinterface_ln0' <Predicate = true> <Delay = 0.00>
ST_1 : Operation 20 [1/1] (1.83ns)   --->   "%write_ln0 = write void @_ssdm_op_Write.ap_fifo.i11P, i11 %img_width_out3, i11 %img_width_read"   --->   Operation 20 'write' 'write_ln0' <Predicate = true> <Delay = 1.83> <CoreInst = "FIFO_SRL">   --->   Core 21 'FIFO_SRL' <Latency = 0> <II = 1> <Delay = 1.83> <Storage> <Opcode : 'read' 'write' 'nbread' 'nbwrite'> <Ports = 0> <Width = 11> <Depth = 3> <FIFO>
ST_1 : Operation 21 [1/1] (0.00ns)   --->   "%specinterface_ln0 = specinterface void @_ssdm_op_SpecInterface, i11 %img_width_out4, void @ap_fifo_str, i32, i32, void @p_str, i32, i32, void @p_str, void @p_str, void @p_str, i32, i32, i32, i32, void @p_str, void @ScalarProp_str"   --->   Operation 21 'specinterface' 'specinterface_ln0' <Predicate = true> <Delay = 0.00>
ST_1 : Operation 22 [1/1] (1.83ns)   --->   "%write_ln0 = write void @_ssdm_op_Write.ap_fifo.i11P, i11 %img_width_out4, i11 %img_width_read"   --->   Operation 22 'write' 'write_ln0' <Predicate = true> <Delay = 1.83> <CoreInst = "FIFO_SRL">   --->   Core 21 'FIFO_SRL' <Latency = 0> <II = 1> <Delay = 1.83> <Storage> <Opcode : 'read' 'write' 'nbread' 'nbwrite'> <Ports = 0> <Width = 11> <Depth = 3> <FIFO>
ST_1 : Operation 23 [1/1] (0.00ns)   --->   "%specinterface_ln0 = specinterface void @_ssdm_op_SpecInterface, i16 %p_threshold_out, void @ap_fifo_str, i32, i32, void @p_str, i32, i32, void @p_str, void @p_str, void @p_str, i32, i32, i32, i32, void @p_str, void @ScalarProp_str"   --->   Operation 23 'specinterface' 'specinterface_ln0' <Predicate = true> <Delay = 0.00>
ST_1 : Operation 24 [1/1] (1.90ns)   --->   "%write_ln0 = write void @_ssdm_op_Write.ap_fifo.i16P, i16 %p_threshold_out, i16 %p_threshold_read"   --->   Operation 24 'write' 'write_ln0' <Predicate = true> <Delay = 1.90> <CoreInst = "FIFO_SRL">   --->   Core 21 'FIFO_SRL' <Latency = 0> <II = 1> <Delay = 1.90> <Storage> <Opcode : 'read' 'write' 'nbread' 'nbwrite'> <Ports = 0> <Width = 16> <Depth = 7> <FIFO>
ST_1 : Operation 25 [1/1] (0.00ns)   --->   "%ret_ln0 = ret"   --->   Operation 25 'ret' 'ret_ln0' <Predicate = true> <Delay = 0.00>


============================================================
+ Verbose Summary: Binding
============================================================
STG Binding: 
---------------- STG Properties BEGIN ----------------
- Is combinational: 0
- Is one-state seq: 1
- Is datapath-only: 0
- Is pipelined: 0
- Is top level: 0
Port [ Return ] is wired: 1; IO mode=ap_ctrl_hs:ce=0
Port [ p_read]:  wired=1; compound=0; hidden=0; nouse=0; global=0; static=0; extern=0; dir=0; type=0; pingpong=0; private_global=0; IO mode=ap_none:ce=0
Port [ p_read1]:  wired=1; compound=0; hidden=0; nouse=0; global=0; static=0; extern=0; dir=0; type=0; pingpong=0; private_global=0; IO mode=ap_none:ce=0
Port [ img_height]:  wired=1; compound=0; hidden=0; nouse=0; global=0; static=0; extern=0; dir=0; type=0; pingpong=0; private_global=0; IO mode=ap_none:ce=0
Port [ img_width]:  wired=1; compound=0; hidden=0; nouse=0; global=0; static=0; extern=0; dir=0; type=0; pingpong=0; private_global=0; IO mode=ap_none:ce=0
Port [ p_threshold]:  wired=1; compound=0; hidden=0; nouse=0; global=0; static=0; extern=0; dir=0; type=0; pingpong=0; private_global=0; IO mode=ap_none:ce=0
Port [ p_src_mat_1_out]:  wired=1; compound=1; hidden=0; nouse=0; global=0; static=0; extern=0; dir=1; type=3; pingpong=0; private_global=0; IO mode=ap_fifo:ce=0
Port [ p_src_mat_2_out]:  wired=1; compound=1; hidden=0; nouse=0; global=0; static=0; extern=0; dir=1; type=3; pingpong=0; private_global=0; IO mode=ap_fifo:ce=0
Port [ img_height_out]:  wired=1; compound=1; hidden=0; nouse=0; global=0; static=0; extern=0; dir=1; type=3; pingpong=0; private_global=0; IO mode=ap_fifo:ce=0
Port [ img_height_out1]:  wired=1; compound=1; hidden=0; nouse=0; global=0; static=0; extern=0; dir=1; type=3; pingpong=0; private_global=0; IO mode=ap_fifo:ce=0
Port [ img_height_out2]:  wired=1; compound=1; hidden=0; nouse=0; global=0; static=0; extern=0; dir=1; type=3; pingpong=0; private_global=0; IO mode=ap_fifo:ce=0
Port [ img_width_out]:  wired=1; compound=1; hidden=0; nouse=0; global=0; static=0; extern=0; dir=1; type=3; pingpong=0; private_global=0; IO mode=ap_fifo:ce=0
Port [ img_width_out3]:  wired=1; compound=1; hidden=0; nouse=0; global=0; static=0; extern=0; dir=1; type=3; pingpong=0; private_global=0; IO mode=ap_fifo:ce=0
Port [ img_width_out4]:  wired=1; compound=1; hidden=0; nouse=0; global=0; static=0; extern=0; dir=1; type=3; pingpong=0; private_global=0; IO mode=ap_fifo:ce=0
Port [ p_threshold_out]:  wired=1; compound=1; hidden=0; nouse=0; global=0; static=0; extern=0; dir=1; type=3; pingpong=0; private_global=0; IO mode=ap_fifo:ce=0
---------------- STG Properties END ------------------

---------------- Datapath Model BEGIN ----------------

<LifeTime>
<method=bitvector/>
specinterface_ln0 (specinterface) [ 00]
p_threshold_read  (read         ) [ 00]
img_width_read    (read         ) [ 00]
img_height_read   (read         ) [ 00]
p_read13          (read         ) [ 00]
p_read_6          (read         ) [ 00]
write_ln0         (write        ) [ 00]
specinterface_ln0 (specinterface) [ 00]
write_ln0         (write        ) [ 00]
specinterface_ln0 (specinterface) [ 00]
write_ln0         (write        ) [ 00]
specinterface_ln0 (specinterface) [ 00]
write_ln0         (write        ) [ 00]
specinterface_ln0 (specinterface) [ 00]
write_ln0         (write        ) [ 00]
specinterface_ln0 (specinterface) [ 00]
write_ln0         (write        ) [ 00]
specinterface_ln0 (specinterface) [ 00]
write_ln0         (write        ) [ 00]
specinterface_ln0 (specinterface) [ 00]
write_ln0         (write        ) [ 00]
specinterface_ln0 (specinterface) [ 00]
write_ln0         (write        ) [ 00]
ret_ln0           (ret          ) [ 00]
</LifeTime>

<model>

<comp_list>
<comp id="0" class="1000" name="p_read">
<pin_list>
<pin id="1" dir="1" index="0" bw="1" slack="0"/>
</pin_list>
<bind>
<StgValue><ssdm name="p_read"/></StgValue>
</bind>
</comp>

<comp id="2" class="1000" name="p_read1">
<pin_list>
<pin id="3" dir="1" index="0" bw="1" slack="0"/>
</pin_list>
<bind>
<StgValue><ssdm name="p_read1"/></StgValue>
</bind>
</comp>

<comp id="4" class="1000" name="img_height">
<pin_list>
<pin id="5" dir="1" index="0" bw="1" slack="0"/>
</pin_list>
<bind>
<StgValue><ssdm name="img_height"/></StgValue>
</bind>
</comp>

<comp id="6" class="1000" name="img_width">
<pin_list>
<pin id="7" dir="1" index="0" bw="1" slack="0"/>
</pin_list>
<bind>
<StgValue><ssdm name="img_width"/></StgValue>
</bind>
</comp>

<comp id="8" class="1000" name="p_threshold">
<pin_list>
<pin id="9" dir="1" index="0" bw="1" slack="0"/>
</pin_list>
<bind>
<StgValue><ssdm name="p_threshold"/></StgValue>
</bind>
</comp>

<comp id="10" class="1000" name="p_src_mat_1_out">
<pin_list>
<pin id="11" dir="1" index="0" bw="1" slack="0"/>
</pin_list>
<bind>
<StgValue><ssdm name="p_src_mat_1_out"/></StgValue>
</bind>
</comp>

<comp id="12" class="1000" name="p_src_mat_2_out">
<pin_list>
<pin id="13" dir="1" index="0" bw="1" slack="0"/>
</pin_list>
<bind>
<StgValue><ssdm name="p_src_mat_2_out"/></StgValue>
</bind>
</comp>

<comp id="14" class="1000" name="img_height_out">
<pin_list>
<pin id="15" dir="1" index="0" bw="1" slack="0"/>
</pin_list>
<bind>
<StgValue><ssdm name="img_height_out"/></StgValue>
</bind>
</comp>

<comp id="16" class="1000" name="img_height_out1">
<pin_list>
<pin id="17" dir="1" index="0" bw="1" slack="0"/>
</pin_list>
<bind>
<StgValue><ssdm name="img_height_out1"/></StgValue>
</bind>
</comp>

<comp id="18" class="1000" name="img_height_out2">
<pin_list>
<pin id="19" dir="1" index="0" bw="1" slack="0"/>
</pin_list>
<bind>
<StgValue><ssdm name="img_height_out2"/></StgValue>
</bind>
</comp>

<comp id="20" class="1000" name="img_width_out">
<pin_list>
<pin id="21" dir="1" index="0" bw="1" slack="0"/>
</pin_list>
<bind>
<StgValue><ssdm name="img_width_out"/></StgValue>
</bind>
</comp>

<comp id="22" class="1000" name="img_width_out3">
<pin_list>
<pin id="23" dir="1" index="0" bw="1" slack="0"/>
</pin_list>
<bind>
<StgValue><ssdm name="img_width_out3"/></StgValue>
</bind>
</comp>

<comp id="24" class="1000" name="img_width_out4">
<pin_list>
<pin id="25" dir="1" index="0" bw="1" slack="0"/>
</pin_list>
<bind>
<StgValue><ssdm name="img_width_out4"/></StgValue>
</bind>
</comp>

<comp id="26" class="1000" name="p_threshold_out">
<pin_list>
<pin id="27" dir="1" index="0" bw="1" slack="0"/>
</pin_list>
<bind>
<StgValue><ssdm name="p_threshold_out"/></StgValue>
</bind>
</comp>

<comp id="28" class="1001" name="const_28">
<pin_list>
<pin id="29" dir="1" index="0" bw="1" slack="2147483647"/>
</pin_list>
<bind>
<StgValue><ssdm name="_ssdm_op_SpecInterface"/></StgValue>
</bind>
</comp>

<comp id="30" class="1001" name="const_30">
<pin_list>
<pin id="31" dir="1" index="0" bw="1" slack="2147483647"/>
</pin_list>
<bind>
<StgValue><ssdm name="ap_fifo_str"/></StgValue>
</bind>
</comp>

<comp id="32" class="1001" name="const_32">
<pin_list>
<pin id="33" dir="1" index="0" bw="1" slack="2147483647"/>
</pin_list>
<bind>
<StgValue><ssdm name=""/></StgValue>
</bind>
</comp>

<comp id="34" class="1001" name="const_34">
<pin_list>
<pin id="35" dir="1" index="0" bw="1" slack="2147483647"/>
</pin_list>
<bind>
<StgValue><ssdm name="p_str"/></StgValue>
</bind>
</comp>

<comp id="36" class="1001" name="const_36">
<pin_list>
<pin id="37" dir="1" index="0" bw="1" slack="2147483647"/>
</pin_list>
<bind>
<StgValue><ssdm name=""/></StgValue>
</bind>
</comp>

<comp id="38" class="1001" name="const_38">
<pin_list>
<pin id="39" dir="1" index="0" bw="1" slack="2147483647"/>
</pin_list>
<bind>
<StgValue><ssdm name=""/></StgValue>
</bind>
</comp>

<comp id="40" class="1001" name="const_40">
<pin_list>
<pin id="41" dir="1" index="0" bw="1" slack="2147483647"/>
</pin_list>
<bind>
<StgValue><ssdm name="ScalarProp_str"/></StgValue>
</bind>
</comp>

<comp id="42" class="1001" name="const_42">
<pin_list>
<pin id="43" dir="1" index="0" bw="1" slack="0"/>
</pin_list>
<bind>
<StgValue><ssdm name="_ssdm_op_Read.ap_auto.i16"/></StgValue>
</bind>
</comp>

<comp id="44" class="1001" name="const_44">
<pin_list>
<pin id="45" dir="1" index="0" bw="1" slack="0"/>
</pin_list>
<bind>
<StgValue><ssdm name="_ssdm_op_Read.ap_auto.i11"/></StgValue>
</bind>
</comp>

<comp id="46" class="1001" name="const_46">
<pin_list>
<pin id="47" dir="1" index="0" bw="1" slack="0"/>
</pin_list>
<bind>
<StgValue><ssdm name="_ssdm_op_Write.ap_fifo.i11P"/></StgValue>
</bind>
</comp>

<comp id="48" class="1001" name="const_48">
<pin_list>
<pin id="49" dir="1" index="0" bw="1" slack="0"/>
</pin_list>
<bind>
<StgValue><ssdm name="_ssdm_op_Write.ap_fifo.i16P"/></StgValue>
</bind>
</comp>

<comp id="50" class="1004" name="p_threshold_read_read_fu_50">
<pin_list>
<pin id="51" dir="0" index="0" bw="16" slack="0"/>
<pin id="52" dir="0" index="1" bw="16" slack="0"/>
<pin id="53" dir="1" index="2" bw="16" slack="0"/>
</pin_list>
<bind>
<opcode="read(1150) " fcode="read"/>
<opset="p_threshold_read/1 "/>
</bind>
</comp>

<comp id="56" class="1004" name="img_width_read_read_fu_56">
<pin_list>
<pin id="57" dir="0" index="0" bw="11" slack="0"/>
<pin id="58" dir="0" index="1" bw="11" slack="0"/>
<pin id="59" dir="1" index="2" bw="11" slack="0"/>
</pin_list>
<bind>
<opcode="read(1150) " fcode="read"/>
<opset="img_width_read/1 "/>
</bind>
</comp>

<comp id="62" class="1004" name="img_height_read_read_fu_62">
<pin_list>
<pin id="63" dir="0" index="0" bw="11" slack="0"/>
<pin id="64" dir="0" index="1" bw="11" slack="0"/>
<pin id="65" dir="1" index="2" bw="11" slack="0"/>
</pin_list>
<bind>
<opcode="read(1150) " fcode="read"/>
<opset="img_height_read/1 "/>
</bind>
</comp>

<comp id="68" class="1004" name="p_read13_read_fu_68">
<pin_list>
<pin id="69" dir="0" index="0" bw="11" slack="0"/>
<pin id="70" dir="0" index="1" bw="11" slack="0"/>
<pin id="71" dir="1" index="2" bw="11" slack="0"/>
</pin_list>
<bind>
<opcode="read(1150) " fcode="read"/>
<opset="p_read13/1 "/>
</bind>
</comp>

<comp id="74" class="1004" name="p_read_6_read_fu_74">
<pin_list>
<pin id="75" dir="0" index="0" bw="11" slack="0"/>
<pin id="76" dir="0" index="1" bw="11" slack="0"/>
<pin id="77" dir="1" index="2" bw="11" slack="0"/>
</pin_list>
<bind>
<opcode="read(1150) " fcode="read"/>
<opset="p_read_6/1 "/>
</bind>
</comp>

<comp id="80" class="1004" name="write_ln0_write_fu_80">
<pin_list>
<pin id="81" dir="0" index="0" bw="0" slack="0"/>
<pin id="82" dir="0" index="1" bw="11" slack="0"/>
<pin id="83" dir="0" index="2" bw="11" slack="0"/>
<pin id="84" dir="1" index="3" bw="0" slack="2147483647"/>
</pin_list>
<bind>
<opcode="write(1151) " fcode="write"/>
<opset="write_ln0/1 "/>
</bind>
</comp>

<comp id="88" class="1004" name="write_ln0_write_fu_88">
<pin_list>
<pin id="89" dir="0" index="0" bw="0" slack="0"/>
<pin id="90" dir="0" index="1" bw="11" slack="0"/>
<pin id="91" dir="0" index="2" bw="11" slack="0"/>
<pin id="92" dir="1" index="3" bw="0" slack="2147483647"/>
</pin_list>
<bind>
<opcode="write(1151) " fcode="write"/>
<opset="write_ln0/1 "/>
</bind>
</comp>

<comp id="96" class="1004" name="write_ln0_write_fu_96">
<pin_list>
<pin id="97" dir="0" index="0" bw="0" slack="0"/>
<pin id="98" dir="0" index="1" bw="11" slack="0"/>
<pin id="99" dir="0" index="2" bw="11" slack="0"/>
<pin id="100" dir="1" index="3" bw="0" slack="2147483647"/>
</pin_list>
<bind>
<opcode="write(1151) " fcode="write"/>
<opset="write_ln0/1 "/>
</bind>
</comp>

<comp id="104" class="1004" name="write_ln0_write_fu_104">
<pin_list>
<pin id="105" dir="0" index="0" bw="0" slack="0"/>
<pin id="106" dir="0" index="1" bw="11" slack="0"/>
<pin id="107" dir="0" index="2" bw="11" slack="0"/>
<pin id="108" dir="1" index="3" bw="0" slack="2147483647"/>
</pin_list>
<bind>
<opcode="write(1151) " fcode="write"/>
<opset="write_ln0/1 "/>
</bind>
</comp>

<comp id="112" class="1004" name="write_ln0_write_fu_112">
<pin_list>
<pin id="113" dir="0" index="0" bw="0" slack="0"/>
<pin id="114" dir="0" index="1" bw="11" slack="0"/>
<pin id="115" dir="0" index="2" bw="11" slack="0"/>
<pin id="116" dir="1" index="3" bw="0" slack="2147483647"/>
</pin_list>
<bind>
<opcode="write(1151) " fcode="write"/>
<opset="write_ln0/1 "/>
</bind>
</comp>

<comp id="120" class="1004" name="write_ln0_write_fu_120">
<pin_list>
<pin id="121" dir="0" index="0" bw="0" slack="0"/>
<pin id="122" dir="0" index="1" bw="11" slack="0"/>
<pin id="123" dir="0" index="2" bw="11" slack="0"/>
<pin id="124" dir="1" index="3" bw="0" slack="2147483647"/>
</pin_list>
<bind>
<opcode="write(1151) " fcode="write"/>
<opset="write_ln0/1 "/>
</bind>
</comp>

<comp id="128" class="1004" name="write_ln0_write_fu_128">
<pin_list>
<pin id="129" dir="0" index="0" bw="0" slack="0"/>
<pin id="130" dir="0" index="1" bw="11" slack="0"/>
<pin id="131" dir="0" index="2" bw="11" slack="0"/>
<pin id="132" dir="1" index="3" bw="0" slack="2147483647"/>
</pin_list>
<bind>
<opcode="write(1151) " fcode="write"/>
<opset="write_ln0/1 "/>
</bind>
</comp>

<comp id="136" class="1004" name="write_ln0_write_fu_136">
<pin_list>
<pin id="137" dir="0" index="0" bw="0" slack="0"/>
<pin id="138" dir="0" index="1" bw="11" slack="0"/>
<pin id="139" dir="0" index="2" bw="11" slack="0"/>
<pin id="140" dir="1" index="3" bw="0" slack="2147483647"/>
</pin_list>
<bind>
<opcode="write(1151) " fcode="write"/>
<opset="write_ln0/1 "/>
</bind>
</comp>

<comp id="144" class="1004" name="write_ln0_write_fu_144">
<pin_list>
<pin id="145" dir="0" index="0" bw="0" slack="0"/>
<pin id="146" dir="0" index="1" bw="16" slack="0"/>
<pin id="147" dir="0" index="2" bw="16" slack="0"/>
<pin id="148" dir="1" index="3" bw="0" slack="2147483647"/>
</pin_list>
<bind>
<opcode="write(1151) " fcode="write"/>
<opset="write_ln0/1 "/>
</bind>
</comp>

</comp_list>

<net_list>
<net id="54"><net_src comp="42" pin="0"/><net_sink comp="50" pin=0"/></net>

<net id="55"><net_src comp="8" pin="0"/><net_sink comp="50" pin=1"/></net>

<net id="60"><net_src comp="44" pin="0"/><net_sink comp="56" pin=0"/></net>

<net id="61"><net_src comp="6" pin="0"/><net_sink comp="56" pin=1"/></net>

<net id="66"><net_src comp="44" pin="0"/><net_sink comp="62" pin=0"/></net>

<net id="67"><net_src comp="4" pin="0"/><net_sink comp="62" pin=1"/></net>

<net id="72"><net_src comp="44" pin="0"/><net_sink comp="68" pin=0"/></net>

<net id="73"><net_src comp="2" pin="0"/><net_sink comp="68" pin=1"/></net>

<net id="78"><net_src comp="44" pin="0"/><net_sink comp="74" pin=0"/></net>

<net id="79"><net_src comp="0" pin="0"/><net_sink comp="74" pin=1"/></net>

<net id="85"><net_src comp="46" pin="0"/><net_sink comp="80" pin=0"/></net>

<net id="86"><net_src comp="10" pin="0"/><net_sink comp="80" pin=1"/></net>

<net id="87"><net_src comp="74" pin="2"/><net_sink comp="80" pin=2"/></net>

<net id="93"><net_src comp="46" pin="0"/><net_sink comp="88" pin=0"/></net>

<net id="94"><net_src comp="12" pin="0"/><net_sink comp="88" pin=1"/></net>

<net id="95"><net_src comp="68" pin="2"/><net_sink comp="88" pin=2"/></net>

<net id="101"><net_src comp="46" pin="0"/><net_sink comp="96" pin=0"/></net>

<net id="102"><net_src comp="14" pin="0"/><net_sink comp="96" pin=1"/></net>

<net id="103"><net_src comp="62" pin="2"/><net_sink comp="96" pin=2"/></net>

<net id="109"><net_src comp="46" pin="0"/><net_sink comp="104" pin=0"/></net>

<net id="110"><net_src comp="16" pin="0"/><net_sink comp="104" pin=1"/></net>

<net id="111"><net_src comp="62" pin="2"/><net_sink comp="104" pin=2"/></net>

<net id="117"><net_src comp="46" pin="0"/><net_sink comp="112" pin=0"/></net>

<net id="118"><net_src comp="18" pin="0"/><net_sink comp="112" pin=1"/></net>

<net id="119"><net_src comp="62" pin="2"/><net_sink comp="112" pin=2"/></net>

<net id="125"><net_src comp="46" pin="0"/><net_sink comp="120" pin=0"/></net>

<net id="126"><net_src comp="20" pin="0"/><net_sink comp="120" pin=1"/></net>

<net id="127"><net_src comp="56" pin="2"/><net_sink comp="120" pin=2"/></net>

<net id="133"><net_src comp="46" pin="0"/><net_sink comp="128" pin=0"/></net>

<net id="134"><net_src comp="22" pin="0"/><net_sink comp="128" pin=1"/></net>

<net id="135"><net_src comp="56" pin="2"/><net_sink comp="128" pin=2"/></net>

<net id="141"><net_src comp="46" pin="0"/><net_sink comp="136" pin=0"/></net>

<net id="142"><net_src comp="24" pin="0"/><net_sink comp="136" pin=1"/></net>

<net id="143"><net_src comp="56" pin="2"/><net_sink comp="136" pin=2"/></net>

<net id="149"><net_src comp="48" pin="0"/><net_sink comp="144" pin=0"/></net>

<net id="150"><net_src comp="26" pin="0"/><net_sink comp="144" pin=1"/></net>

<net id="151"><net_src comp="50" pin="2"/><net_sink comp="144" pin=2"/></net>

</net_list>

</model> 
---------------- Datapath Model END ------------------

* FSMD analyzer results:
  - Output states:
	Port: p_src_mat_1_out | {1 }
	Port: p_src_mat_2_out | {1 }
	Port: img_height_out | {1 }
	Port: img_height_out1 | {1 }
	Port: img_height_out2 | {1 }
	Port: img_width_out | {1 }
	Port: img_width_out3 | {1 }
	Port: img_width_out4 | {1 }
	Port: p_threshold_out | {1 }
 - Input state : 
	Port: xFCornerHarrisDetector<3, 3, 0, 1080, 1920, 1, 0, 1, 1, 12, 1920, 5, 12, false>.entry50 : p_read | {1 }
	Port: xFCornerHarrisDetector<3, 3, 0, 1080, 1920, 1, 0, 1, 1, 12, 1920, 5, 12, false>.entry50 : p_read1 | {1 }
	Port: xFCornerHarrisDetector<3, 3, 0, 1080, 1920, 1, 0, 1, 1, 12, 1920, 5, 12, false>.entry50 : img_height | {1 }
	Port: xFCornerHarrisDetector<3, 3, 0, 1080, 1920, 1, 0, 1, 1, 12, 1920, 5, 12, false>.entry50 : img_width | {1 }
	Port: xFCornerHarrisDetector<3, 3, 0, 1080, 1920, 1, 0, 1, 1, 12, 1920, 5, 12, false>.entry50 : p_threshold | {1 }
  - Chain level:
	State 1


============================================================
+ Verbose Summary: Datapath Resource usage 
============================================================

* Functional unit list:
|----------|-----------------------------|
| Operation|       Functional Unit       |
|----------|-----------------------------|
|          | p_threshold_read_read_fu_50 |
|          |  img_width_read_read_fu_56  |
|   read   |  img_height_read_read_fu_62 |
|          |     p_read13_read_fu_68     |
|          |     p_read_6_read_fu_74     |
|----------|-----------------------------|
|          |    write_ln0_write_fu_80    |
|          |    write_ln0_write_fu_88    |
|          |    write_ln0_write_fu_96    |
|          |    write_ln0_write_fu_104   |
|   write  |    write_ln0_write_fu_112   |
|          |    write_ln0_write_fu_120   |
|          |    write_ln0_write_fu_128   |
|          |    write_ln0_write_fu_136   |
|          |    write_ln0_write_fu_144   |
|----------|-----------------------------|
|   Total  |                             |
|----------|-----------------------------|

Memories:
N/A

* Register list:
N/A

* Multiplexer (MUX) list: 
|--------|------|------|------|--------|
|  Comp  |  Pin | Size |  BW  | S x BW |
|--------|------|------|------|--------|
|  Total |      |      |      |    0   |
|--------|------|------|------|--------|



* Summary:
+-----------+
|           |
+-----------+
|  Function |
|   Memory  |
|Multiplexer|
|  Register |
+-----------+
|   Total   |
+-----------+
