

================================================================
== Vitis HLS Report for 'xFCornerHarrisDetector_3_3_0_1080_1920_1_0_1_1_12_1920_5_12_false_Block_ZN2xf2cv3MatILi2ELi1080ELi1920ELi1ELi2EEC2Eii_exit1_proc'
================================================================
* Date:           Thu Mar 25 14:57:14 2021

* Version:        2020.1.1 (Build 2960000 on Wed Aug 05 23:18:37 MDT 2020)
* Project:        cornerTracker
* Solution:       solution (Vitis Kernel Flow Target)
* Product family: zynquplus
* Target device:  xczu7ev-ffvc1156-2-e


================================================================
== Performance Estimates
================================================================
+ Timing: 
    * Summary: 
    +--------+---------+----------+------------+
    |  Clock |  Target | Estimated| Uncertainty|
    +--------+---------+----------+------------+
    |ap_clk  | 6.67 ns | 3.676 ns |   1.80 ns  |
    +--------+---------+----------+------------+

+ Latency: 
    * Summary: 
    +---------+---------+----------+----------+-----+-----+---------+
    |  Latency (cycles) |  Latency (absolute) |  Interval | Pipeline|
    |   min   |   max   |    min   |    max   | min | max |   Type  |
    +---------+---------+----------+----------+-----+-----+---------+
    |        0|        0|   0 ns   |   0 ns   |    0|    0|   none  |
    +---------+---------+----------+----------+-----+-----+---------+

    + Detail: 
        * Instance: 
        N/A

        * Loop: 
        N/A

============================================================
+ Verbose Summary: Synthesis Manager
============================================================
InlineROM: 1
ExposeGlobal: 0
============================================================
+ Verbose Summary: CDFG Model
============================================================
IsTopModel: 0
ResetActiveHigh: 1
IsCombinational: 2
IsDatapathOnly: 0
HasWiredReturn: 1
HasMFsm: 0
HasVarLatency: 0
IsPipeline: 0
IsRtlPipelined: 0
IsInstanceOverlapped: 0
IsDontTouch: 0
HasImplIP: 0
IsGatedGlobalClock: 0


============================================================
+ Verbose Summary: Schedule
============================================================
* Number of FSM states : 1
* Pipeline : 0
* Dataflow Pipeline: 0

* FSM state transitions: 
1 --> 

* FSM state operations: 

State 1 <SV = 0> <Delay = 3.67>
ST_1 : Operation 2 [1/1] (0.00ns)   --->   "%specinterface_ln0 = specinterface void @_ssdm_op_SpecInterface, i11 %gradxy_cols_out, void @ap_fifo_str, i32, i32, void @p_str, i32, i32, void @p_str, void @p_str, void @p_str, i32, i32, i32, i32, void @p_str, void @p_str"   --->   Operation 2 'specinterface' 'specinterface_ln0' <Predicate = true> <Delay = 0.00>
ST_1 : Operation 3 [1/1] (0.00ns)   --->   "%specinterface_ln0 = specinterface void @_ssdm_op_SpecInterface, i11 %gradxy_rows_out, void @ap_fifo_str, i32, i32, void @p_str, i32, i32, void @p_str, void @p_str, void @p_str, i32, i32, i32, i32, void @p_str, void @p_str"   --->   Operation 3 'specinterface' 'specinterface_ln0' <Predicate = true> <Delay = 0.00>
ST_1 : Operation 4 [1/1] (0.00ns)   --->   "%specinterface_ln0 = specinterface void @_ssdm_op_SpecInterface, i11 %grady_2_cols_out, void @ap_fifo_str, i32, i32, void @p_str, i32, i32, void @p_str, void @p_str, void @p_str, i32, i32, i32, i32, void @p_str, void @p_str"   --->   Operation 4 'specinterface' 'specinterface_ln0' <Predicate = true> <Delay = 0.00>
ST_1 : Operation 5 [1/1] (0.00ns)   --->   "%specinterface_ln0 = specinterface void @_ssdm_op_SpecInterface, i11 %grady_2_rows_out, void @ap_fifo_str, i32, i32, void @p_str, i32, i32, void @p_str, void @p_str, void @p_str, i32, i32, i32, i32, void @p_str, void @p_str"   --->   Operation 5 'specinterface' 'specinterface_ln0' <Predicate = true> <Delay = 0.00>
ST_1 : Operation 6 [1/1] (0.00ns)   --->   "%specinterface_ln0 = specinterface void @_ssdm_op_SpecInterface, i11 %gradx_2_cols_out, void @ap_fifo_str, i32, i32, void @p_str, i32, i32, void @p_str, void @p_str, void @p_str, i32, i32, i32, i32, void @p_str, void @p_str"   --->   Operation 6 'specinterface' 'specinterface_ln0' <Predicate = true> <Delay = 0.00>
ST_1 : Operation 7 [1/1] (0.00ns)   --->   "%specinterface_ln0 = specinterface void @_ssdm_op_SpecInterface, i11 %gradx_2_rows_out, void @ap_fifo_str, i32, i32, void @p_str, i32, i32, void @p_str, void @p_str, void @p_str, i32, i32, i32, i32, void @p_str, void @p_str"   --->   Operation 7 'specinterface' 'specinterface_ln0' <Predicate = true> <Delay = 0.00>
ST_1 : Operation 8 [1/1] (0.00ns)   --->   "%specinterface_ln0 = specinterface void @_ssdm_op_SpecInterface, i11 %img_width, void @ap_fifo_str, i32, i32, void @p_str, i32, i32, void @p_str, void @p_str, void @p_str, i32, i32, i32, i32, void @p_str, void @ScalarProp_str"   --->   Operation 8 'specinterface' 'specinterface_ln0' <Predicate = true> <Delay = 0.00>
ST_1 : Operation 9 [1/1] (0.00ns)   --->   "%specinterface_ln0 = specinterface void @_ssdm_op_SpecInterface, i11 %img_height, void @ap_fifo_str, i32, i32, void @p_str, i32, i32, void @p_str, void @p_str, void @p_str, i32, i32, i32, i32, void @p_str, void @ScalarProp_str"   --->   Operation 9 'specinterface' 'specinterface_ln0' <Predicate = true> <Delay = 0.00>
ST_1 : Operation 10 [1/1] (1.83ns)   --->   "%img_height_read = read i11 @_ssdm_op_Read.ap_fifo.i11P, i11 %img_height" [/tools/Xilinx/Vitis/2020.1/workspace/test_fast/libs/xf_opencv/L1/include/common/xf_structs.hpp:502]   --->   Operation 10 'read' 'img_height_read' <Predicate = true> <Delay = 1.83> <CoreInst = "FIFO_SRL">   --->   Core 21 'FIFO_SRL' <Latency = 0> <II = 1> <Delay = 1.83> <Storage> <Opcode : 'read' 'write' 'nbread' 'nbwrite'> <Ports = 0> <Width = 11> <Depth = 2> <FIFO>
ST_1 : Operation 11 [1/1] (1.83ns)   --->   "%img_width_read = read i11 @_ssdm_op_Read.ap_fifo.i11P, i11 %img_width" [/tools/Xilinx/Vitis/2020.1/workspace/test_fast/libs/xf_opencv/L1/include/common/xf_structs.hpp:503]   --->   Operation 11 'read' 'img_width_read' <Predicate = true> <Delay = 1.83> <CoreInst = "FIFO_SRL">   --->   Core 21 'FIFO_SRL' <Latency = 0> <II = 1> <Delay = 1.83> <Storage> <Opcode : 'read' 'write' 'nbread' 'nbwrite'> <Ports = 0> <Width = 11> <Depth = 2> <FIFO>
ST_1 : Operation 12 [1/1] (1.83ns)   --->   "%write_ln502 = write void @_ssdm_op_Write.ap_fifo.i11P, i11 %gradx_2_rows_out, i11 %img_height_read" [/tools/Xilinx/Vitis/2020.1/workspace/test_fast/libs/xf_opencv/L1/include/common/xf_structs.hpp:502]   --->   Operation 12 'write' 'write_ln502' <Predicate = true> <Delay = 1.83> <CoreInst = "FIFO_SRL">   --->   Core 21 'FIFO_SRL' <Latency = 0> <II = 1> <Delay = 1.83> <Storage> <Opcode : 'read' 'write' 'nbread' 'nbwrite'> <Ports = 0> <Width = 11> <Depth = 4> <FIFO>
ST_1 : Operation 13 [1/1] (1.83ns)   --->   "%write_ln503 = write void @_ssdm_op_Write.ap_fifo.i11P, i11 %gradx_2_cols_out, i11 %img_width_read" [/tools/Xilinx/Vitis/2020.1/workspace/test_fast/libs/xf_opencv/L1/include/common/xf_structs.hpp:503]   --->   Operation 13 'write' 'write_ln503' <Predicate = true> <Delay = 1.83> <CoreInst = "FIFO_SRL">   --->   Core 21 'FIFO_SRL' <Latency = 0> <II = 1> <Delay = 1.83> <Storage> <Opcode : 'read' 'write' 'nbread' 'nbwrite'> <Ports = 0> <Width = 11> <Depth = 4> <FIFO>
ST_1 : Operation 14 [1/1] (1.83ns)   --->   "%write_ln502 = write void @_ssdm_op_Write.ap_fifo.i11P, i11 %grady_2_rows_out, i11 %img_height_read" [/tools/Xilinx/Vitis/2020.1/workspace/test_fast/libs/xf_opencv/L1/include/common/xf_structs.hpp:502]   --->   Operation 14 'write' 'write_ln502' <Predicate = true> <Delay = 1.83> <CoreInst = "FIFO_SRL">   --->   Core 21 'FIFO_SRL' <Latency = 0> <II = 1> <Delay = 1.83> <Storage> <Opcode : 'read' 'write' 'nbread' 'nbwrite'> <Ports = 0> <Width = 11> <Depth = 4> <FIFO>
ST_1 : Operation 15 [1/1] (1.83ns)   --->   "%write_ln503 = write void @_ssdm_op_Write.ap_fifo.i11P, i11 %grady_2_cols_out, i11 %img_width_read" [/tools/Xilinx/Vitis/2020.1/workspace/test_fast/libs/xf_opencv/L1/include/common/xf_structs.hpp:503]   --->   Operation 15 'write' 'write_ln503' <Predicate = true> <Delay = 1.83> <CoreInst = "FIFO_SRL">   --->   Core 21 'FIFO_SRL' <Latency = 0> <II = 1> <Delay = 1.83> <Storage> <Opcode : 'read' 'write' 'nbread' 'nbwrite'> <Ports = 0> <Width = 11> <Depth = 4> <FIFO>
ST_1 : Operation 16 [1/1] (1.83ns)   --->   "%write_ln502 = write void @_ssdm_op_Write.ap_fifo.i11P, i11 %gradxy_rows_out, i11 %img_height_read" [/tools/Xilinx/Vitis/2020.1/workspace/test_fast/libs/xf_opencv/L1/include/common/xf_structs.hpp:502]   --->   Operation 16 'write' 'write_ln502' <Predicate = true> <Delay = 1.83> <CoreInst = "FIFO_SRL">   --->   Core 21 'FIFO_SRL' <Latency = 0> <II = 1> <Delay = 1.83> <Storage> <Opcode : 'read' 'write' 'nbread' 'nbwrite'> <Ports = 0> <Width = 11> <Depth = 4> <FIFO>
ST_1 : Operation 17 [1/1] (1.83ns)   --->   "%write_ln503 = write void @_ssdm_op_Write.ap_fifo.i11P, i11 %gradxy_cols_out, i11 %img_width_read" [/tools/Xilinx/Vitis/2020.1/workspace/test_fast/libs/xf_opencv/L1/include/common/xf_structs.hpp:503]   --->   Operation 17 'write' 'write_ln503' <Predicate = true> <Delay = 1.83> <CoreInst = "FIFO_SRL">   --->   Core 21 'FIFO_SRL' <Latency = 0> <II = 1> <Delay = 1.83> <Storage> <Opcode : 'read' 'write' 'nbread' 'nbwrite'> <Ports = 0> <Width = 11> <Depth = 4> <FIFO>
ST_1 : Operation 18 [1/1] (0.00ns)   --->   "%ret_ln174 = ret" [/tools/Xilinx/Vitis/2020.1/workspace/test_fast/libs/xf_opencv/L1/include/features/xf_harris.hpp:174]   --->   Operation 18 'ret' 'ret_ln174' <Predicate = true> <Delay = 0.00>


============================================================
+ Verbose Summary: Binding
============================================================
STG Binding: 
---------------- STG Properties BEGIN ----------------
- Is combinational: 0
- Is one-state seq: 1
- Is datapath-only: 0
- Is pipelined: 0
- Is top level: 0
Port [ Return ] is wired: 1; IO mode=ap_ctrl_hs:ce=0
Port [ img_height]:  wired=1; compound=1; hidden=0; nouse=0; global=0; static=0; extern=0; dir=0; type=3; pingpong=0; private_global=0; IO mode=ap_fifo:ce=0
Port [ img_width]:  wired=1; compound=1; hidden=0; nouse=0; global=0; static=0; extern=0; dir=0; type=3; pingpong=0; private_global=0; IO mode=ap_fifo:ce=0
Port [ gradx_2_rows_out]:  wired=1; compound=1; hidden=0; nouse=0; global=0; static=0; extern=0; dir=1; type=3; pingpong=0; private_global=0; IO mode=ap_fifo:ce=0
Port [ gradx_2_cols_out]:  wired=1; compound=1; hidden=0; nouse=0; global=0; static=0; extern=0; dir=1; type=3; pingpong=0; private_global=0; IO mode=ap_fifo:ce=0
Port [ grady_2_rows_out]:  wired=1; compound=1; hidden=0; nouse=0; global=0; static=0; extern=0; dir=1; type=3; pingpong=0; private_global=0; IO mode=ap_fifo:ce=0
Port [ grady_2_cols_out]:  wired=1; compound=1; hidden=0; nouse=0; global=0; static=0; extern=0; dir=1; type=3; pingpong=0; private_global=0; IO mode=ap_fifo:ce=0
Port [ gradxy_rows_out]:  wired=1; compound=1; hidden=0; nouse=0; global=0; static=0; extern=0; dir=1; type=3; pingpong=0; private_global=0; IO mode=ap_fifo:ce=0
Port [ gradxy_cols_out]:  wired=1; compound=1; hidden=0; nouse=0; global=0; static=0; extern=0; dir=1; type=3; pingpong=0; private_global=0; IO mode=ap_fifo:ce=0
---------------- STG Properties END ------------------

---------------- Datapath Model BEGIN ----------------

<LifeTime>
<method=bitvector/>
specinterface_ln0 (specinterface) [ 00]
specinterface_ln0 (specinterface) [ 00]
specinterface_ln0 (specinterface) [ 00]
specinterface_ln0 (specinterface) [ 00]
specinterface_ln0 (specinterface) [ 00]
specinterface_ln0 (specinterface) [ 00]
specinterface_ln0 (specinterface) [ 00]
specinterface_ln0 (specinterface) [ 00]
img_height_read   (read         ) [ 00]
img_width_read    (read         ) [ 00]
write_ln502       (write        ) [ 00]
write_ln503       (write        ) [ 00]
write_ln502       (write        ) [ 00]
write_ln503       (write        ) [ 00]
write_ln502       (write        ) [ 00]
write_ln503       (write        ) [ 00]
ret_ln174         (ret          ) [ 00]
</LifeTime>

<model>

<comp_list>
<comp id="0" class="1000" name="img_height">
<pin_list>
<pin id="1" dir="1" index="0" bw="1" slack="0"/>
</pin_list>
<bind>
<StgValue><ssdm name="img_height"/></StgValue>
</bind>
</comp>

<comp id="2" class="1000" name="img_width">
<pin_list>
<pin id="3" dir="1" index="0" bw="1" slack="0"/>
</pin_list>
<bind>
<StgValue><ssdm name="img_width"/></StgValue>
</bind>
</comp>

<comp id="4" class="1000" name="gradx_2_rows_out">
<pin_list>
<pin id="5" dir="1" index="0" bw="1" slack="0"/>
</pin_list>
<bind>
<StgValue><ssdm name="gradx_2_rows_out"/></StgValue>
</bind>
</comp>

<comp id="6" class="1000" name="gradx_2_cols_out">
<pin_list>
<pin id="7" dir="1" index="0" bw="1" slack="0"/>
</pin_list>
<bind>
<StgValue><ssdm name="gradx_2_cols_out"/></StgValue>
</bind>
</comp>

<comp id="8" class="1000" name="grady_2_rows_out">
<pin_list>
<pin id="9" dir="1" index="0" bw="1" slack="0"/>
</pin_list>
<bind>
<StgValue><ssdm name="grady_2_rows_out"/></StgValue>
</bind>
</comp>

<comp id="10" class="1000" name="grady_2_cols_out">
<pin_list>
<pin id="11" dir="1" index="0" bw="1" slack="0"/>
</pin_list>
<bind>
<StgValue><ssdm name="grady_2_cols_out"/></StgValue>
</bind>
</comp>

<comp id="12" class="1000" name="gradxy_rows_out">
<pin_list>
<pin id="13" dir="1" index="0" bw="1" slack="0"/>
</pin_list>
<bind>
<StgValue><ssdm name="gradxy_rows_out"/></StgValue>
</bind>
</comp>

<comp id="14" class="1000" name="gradxy_cols_out">
<pin_list>
<pin id="15" dir="1" index="0" bw="1" slack="0"/>
</pin_list>
<bind>
<StgValue><ssdm name="gradxy_cols_out"/></StgValue>
</bind>
</comp>

<comp id="16" class="1001" name="const_16">
<pin_list>
<pin id="17" dir="1" index="0" bw="1" slack="2147483647"/>
</pin_list>
<bind>
<StgValue><ssdm name="_ssdm_op_SpecInterface"/></StgValue>
</bind>
</comp>

<comp id="18" class="1001" name="const_18">
<pin_list>
<pin id="19" dir="1" index="0" bw="1" slack="2147483647"/>
</pin_list>
<bind>
<StgValue><ssdm name="ap_fifo_str"/></StgValue>
</bind>
</comp>

<comp id="20" class="1001" name="const_20">
<pin_list>
<pin id="21" dir="1" index="0" bw="1" slack="2147483647"/>
</pin_list>
<bind>
<StgValue><ssdm name=""/></StgValue>
</bind>
</comp>

<comp id="22" class="1001" name="const_22">
<pin_list>
<pin id="23" dir="1" index="0" bw="1" slack="2147483647"/>
</pin_list>
<bind>
<StgValue><ssdm name="p_str"/></StgValue>
</bind>
</comp>

<comp id="24" class="1001" name="const_24">
<pin_list>
<pin id="25" dir="1" index="0" bw="1" slack="2147483647"/>
</pin_list>
<bind>
<StgValue><ssdm name=""/></StgValue>
</bind>
</comp>

<comp id="26" class="1001" name="const_26">
<pin_list>
<pin id="27" dir="1" index="0" bw="1" slack="2147483647"/>
</pin_list>
<bind>
<StgValue><ssdm name=""/></StgValue>
</bind>
</comp>

<comp id="28" class="1001" name="const_28">
<pin_list>
<pin id="29" dir="1" index="0" bw="1" slack="2147483647"/>
</pin_list>
<bind>
<StgValue><ssdm name="ScalarProp_str"/></StgValue>
</bind>
</comp>

<comp id="30" class="1001" name="const_30">
<pin_list>
<pin id="31" dir="1" index="0" bw="1" slack="0"/>
</pin_list>
<bind>
<StgValue><ssdm name="_ssdm_op_Read.ap_fifo.i11P"/></StgValue>
</bind>
</comp>

<comp id="32" class="1001" name="const_32">
<pin_list>
<pin id="33" dir="1" index="0" bw="1" slack="0"/>
</pin_list>
<bind>
<StgValue><ssdm name="_ssdm_op_Write.ap_fifo.i11P"/></StgValue>
</bind>
</comp>

<comp id="34" class="1004" name="img_height_read_read_fu_34">
<pin_list>
<pin id="35" dir="0" index="0" bw="11" slack="0"/>
<pin id="36" dir="0" index="1" bw="11" slack="0"/>
<pin id="37" dir="1" index="2" bw="11" slack="0"/>
</pin_list>
<bind>
<opcode="read(1150) " fcode="read"/>
<opset="img_height_read/1 "/>
</bind>
</comp>

<comp id="40" class="1004" name="img_width_read_read_fu_40">
<pin_list>
<pin id="41" dir="0" index="0" bw="11" slack="0"/>
<pin id="42" dir="0" index="1" bw="11" slack="0"/>
<pin id="43" dir="1" index="2" bw="11" slack="0"/>
</pin_list>
<bind>
<opcode="read(1150) " fcode="read"/>
<opset="img_width_read/1 "/>
</bind>
</comp>

<comp id="46" class="1004" name="write_ln502_write_fu_46">
<pin_list>
<pin id="47" dir="0" index="0" bw="0" slack="0"/>
<pin id="48" dir="0" index="1" bw="11" slack="0"/>
<pin id="49" dir="0" index="2" bw="11" slack="0"/>
<pin id="50" dir="1" index="3" bw="0" slack="2147483647"/>
</pin_list>
<bind>
<opcode="write(1151) " fcode="write"/>
<opset="write_ln502/1 "/>
</bind>
</comp>

<comp id="54" class="1004" name="write_ln503_write_fu_54">
<pin_list>
<pin id="55" dir="0" index="0" bw="0" slack="0"/>
<pin id="56" dir="0" index="1" bw="11" slack="0"/>
<pin id="57" dir="0" index="2" bw="11" slack="0"/>
<pin id="58" dir="1" index="3" bw="0" slack="2147483647"/>
</pin_list>
<bind>
<opcode="write(1151) " fcode="write"/>
<opset="write_ln503/1 "/>
</bind>
</comp>

<comp id="62" class="1004" name="write_ln502_write_fu_62">
<pin_list>
<pin id="63" dir="0" index="0" bw="0" slack="0"/>
<pin id="64" dir="0" index="1" bw="11" slack="0"/>
<pin id="65" dir="0" index="2" bw="11" slack="0"/>
<pin id="66" dir="1" index="3" bw="0" slack="2147483647"/>
</pin_list>
<bind>
<opcode="write(1151) " fcode="write"/>
<opset="write_ln502/1 "/>
</bind>
</comp>

<comp id="70" class="1004" name="write_ln503_write_fu_70">
<pin_list>
<pin id="71" dir="0" index="0" bw="0" slack="0"/>
<pin id="72" dir="0" index="1" bw="11" slack="0"/>
<pin id="73" dir="0" index="2" bw="11" slack="0"/>
<pin id="74" dir="1" index="3" bw="0" slack="2147483647"/>
</pin_list>
<bind>
<opcode="write(1151) " fcode="write"/>
<opset="write_ln503/1 "/>
</bind>
</comp>

<comp id="78" class="1004" name="write_ln502_write_fu_78">
<pin_list>
<pin id="79" dir="0" index="0" bw="0" slack="0"/>
<pin id="80" dir="0" index="1" bw="11" slack="0"/>
<pin id="81" dir="0" index="2" bw="11" slack="0"/>
<pin id="82" dir="1" index="3" bw="0" slack="2147483647"/>
</pin_list>
<bind>
<opcode="write(1151) " fcode="write"/>
<opset="write_ln502/1 "/>
</bind>
</comp>

<comp id="86" class="1004" name="write_ln503_write_fu_86">
<pin_list>
<pin id="87" dir="0" index="0" bw="0" slack="0"/>
<pin id="88" dir="0" index="1" bw="11" slack="0"/>
<pin id="89" dir="0" index="2" bw="11" slack="0"/>
<pin id="90" dir="1" index="3" bw="0" slack="2147483647"/>
</pin_list>
<bind>
<opcode="write(1151) " fcode="write"/>
<opset="write_ln503/1 "/>
</bind>
</comp>

</comp_list>

<net_list>
<net id="38"><net_src comp="30" pin="0"/><net_sink comp="34" pin=0"/></net>

<net id="39"><net_src comp="0" pin="0"/><net_sink comp="34" pin=1"/></net>

<net id="44"><net_src comp="30" pin="0"/><net_sink comp="40" pin=0"/></net>

<net id="45"><net_src comp="2" pin="0"/><net_sink comp="40" pin=1"/></net>

<net id="51"><net_src comp="32" pin="0"/><net_sink comp="46" pin=0"/></net>

<net id="52"><net_src comp="4" pin="0"/><net_sink comp="46" pin=1"/></net>

<net id="53"><net_src comp="34" pin="2"/><net_sink comp="46" pin=2"/></net>

<net id="59"><net_src comp="32" pin="0"/><net_sink comp="54" pin=0"/></net>

<net id="60"><net_src comp="6" pin="0"/><net_sink comp="54" pin=1"/></net>

<net id="61"><net_src comp="40" pin="2"/><net_sink comp="54" pin=2"/></net>

<net id="67"><net_src comp="32" pin="0"/><net_sink comp="62" pin=0"/></net>

<net id="68"><net_src comp="8" pin="0"/><net_sink comp="62" pin=1"/></net>

<net id="69"><net_src comp="34" pin="2"/><net_sink comp="62" pin=2"/></net>

<net id="75"><net_src comp="32" pin="0"/><net_sink comp="70" pin=0"/></net>

<net id="76"><net_src comp="10" pin="0"/><net_sink comp="70" pin=1"/></net>

<net id="77"><net_src comp="40" pin="2"/><net_sink comp="70" pin=2"/></net>

<net id="83"><net_src comp="32" pin="0"/><net_sink comp="78" pin=0"/></net>

<net id="84"><net_src comp="12" pin="0"/><net_sink comp="78" pin=1"/></net>

<net id="85"><net_src comp="34" pin="2"/><net_sink comp="78" pin=2"/></net>

<net id="91"><net_src comp="32" pin="0"/><net_sink comp="86" pin=0"/></net>

<net id="92"><net_src comp="14" pin="0"/><net_sink comp="86" pin=1"/></net>

<net id="93"><net_src comp="40" pin="2"/><net_sink comp="86" pin=2"/></net>

</net_list>

</model> 
---------------- Datapath Model END ------------------

* FSMD analyzer results:
  - Output states:
	Port: gradx_2_rows_out | {1 }
	Port: gradx_2_cols_out | {1 }
	Port: grady_2_rows_out | {1 }
	Port: grady_2_cols_out | {1 }
	Port: gradxy_rows_out | {1 }
	Port: gradxy_cols_out | {1 }
 - Input state : 
	Port: xFCornerHarrisDetector<3, 3, 0, 1080, 1920, 1, 0, 1, 1, 12, 1920, 5, 12, false>_Block__ZN2xf2cv3MatILi2ELi1080ELi1920ELi1ELi2EEC2Eii.exit1_proc : img_height | {1 }
	Port: xFCornerHarrisDetector<3, 3, 0, 1080, 1920, 1, 0, 1, 1, 12, 1920, 5, 12, false>_Block__ZN2xf2cv3MatILi2ELi1080ELi1920ELi1ELi2EEC2Eii.exit1_proc : img_width | {1 }
  - Chain level:
	State 1


============================================================
+ Verbose Summary: Datapath Resource usage 
============================================================

* Functional unit list:
|----------|----------------------------|
| Operation|       Functional Unit      |
|----------|----------------------------|
|   read   | img_height_read_read_fu_34 |
|          |  img_width_read_read_fu_40 |
|----------|----------------------------|
|          |   write_ln502_write_fu_46  |
|          |   write_ln503_write_fu_54  |
|   write  |   write_ln502_write_fu_62  |
|          |   write_ln503_write_fu_70  |
|          |   write_ln502_write_fu_78  |
|          |   write_ln503_write_fu_86  |
|----------|----------------------------|
|   Total  |                            |
|----------|----------------------------|

Memories:
N/A

* Register list:
N/A

* Multiplexer (MUX) list: 
|--------|------|------|------|--------|
|  Comp  |  Pin | Size |  BW  | S x BW |
|--------|------|------|------|--------|
|  Total |      |      |      |    0   |
|--------|------|------|------|--------|



* Summary:
+-----------+
|           |
+-----------+
|  Function |
|   Memory  |
|Multiplexer|
|  Register |
+-----------+
|   Total   |
+-----------+
