

================================================================
== Vitis HLS Report for 'xFDuplicate_2_1080_1920_3_1_5_1920_24'
================================================================
* Date:           Thu Mar 25 14:57:14 2021

* Version:        2020.1.1 (Build 2960000 on Wed Aug 05 23:18:37 MDT 2020)
* Project:        cornerTracker
* Solution:       solution (Vitis Kernel Flow Target)
* Product family: zynquplus
* Target device:  xczu7ev-ffvc1156-2-e


================================================================
== Performance Estimates
================================================================
+ Timing: 
    * Summary: 
    +--------+---------+----------+------------+
    |  Clock |  Target | Estimated| Uncertainty|
    +--------+---------+----------+------------+
    |ap_clk  | 6.67 ns | 3.676 ns |   1.80 ns  |
    +--------+---------+----------+------------+

+ Latency: 
    * Summary: 
    +---------+---------+-----------+-----------+---------+---------+---------+
    |  Latency (cycles) |   Latency (absolute)  |      Interval     | Pipeline|
    |   min   |   max   |    min    |    max    |   min   |   max   |   Type  |
    +---------+---------+-----------+-----------+---------+---------+---------+
    |  2076841|  2076841| 13.846 ms | 13.846 ms |  2076841|  2076841|   none  |
    +---------+---------+-----------+-----------+---------+---------+---------+

    + Detail: 
        * Instance: 
        N/A

        * Loop: 
        +-------------+---------+---------+----------+-----------+-----------+------+----------+
        |             |  Latency (cycles) | Iteration|  Initiation Interval  | Trip |          |
        |  Loop Name  |   min   |   max   |  Latency |  achieved |   target  | Count| Pipelined|
        +-------------+---------+---------+----------+-----------+-----------+------+----------+
        |- Row_Loop   |  2076840|  2076840|      1923|          -|          -|  1080|    no    |
        | + Col_Loop  |     1920|     1920|         2|          1|          1|  1920|    yes   |
        +-------------+---------+---------+----------+-----------+-----------+------+----------+

============================================================
+ Verbose Summary: Synthesis Manager
============================================================
InlineROM: 1
ExposeGlobal: 0
============================================================
+ Verbose Summary: CDFG Model
============================================================
IsTopModel: 0
ResetActiveHigh: 1
IsCombinational: 2
IsDatapathOnly: 0
HasWiredReturn: 1
HasMFsm: 0
HasVarLatency: 1
IsPipeline: 0
IsRtlPipelined: 0
IsInstanceOverlapped: 0
IsDontTouch: 0
HasImplIP: 0
IsGatedGlobalClock: 0

+ Individual pipeline summary: 
  * Pipeline-0: initiation interval (II) = 1, depth = 2


============================================================
+ Verbose Summary: Schedule
============================================================
* Number of FSM states : 5
* Pipeline : 1
  Pipeline-0 : II = 1, D = 2, States = { 3 4 }
* Dataflow Pipeline: 0

* FSM state transitions: 
1 --> 2 
2 --> 3 
3 --> 5 4 
4 --> 3 
5 --> 2 

* FSM state operations: 

State 1 <SV = 0> <Delay = 3.67>
ST_1 : Operation 6 [1/1] (0.00ns)   --->   "%specinterface_ln0 = specinterface void @_ssdm_op_SpecInterface, i16 %gradx_mat_49, void @empty_14, i32, i32, void @empty_18, i32, i32, void @empty_18, void @empty_18, void @empty_18, i32, i32, i32, i32, void @empty_18, void @empty_18"   --->   Operation 6 'specinterface' 'specinterface_ln0' <Predicate = true> <Delay = 0.00>
ST_1 : Operation 7 [1/1] (0.00ns)   --->   "%specinterface_ln0 = specinterface void @_ssdm_op_SpecInterface, i16 %gradx1_mat_411, void @empty_14, i32, i32, void @empty_18, i32, i32, void @empty_18, void @empty_18, void @empty_18, i32, i32, i32, i32, void @empty_18, void @empty_18"   --->   Operation 7 'specinterface' 'specinterface_ln0' <Predicate = true> <Delay = 0.00>
ST_1 : Operation 8 [1/1] (0.00ns)   --->   "%specinterface_ln0 = specinterface void @_ssdm_op_SpecInterface, i16 %gradx2_mat_413, void @empty_14, i32, i32, void @empty_18, i32, i32, void @empty_18, void @empty_18, void @empty_18, i32, i32, i32, i32, void @empty_18, void @empty_18"   --->   Operation 8 'specinterface' 'specinterface_ln0' <Predicate = true> <Delay = 0.00>
ST_1 : Operation 9 [1/1] (0.00ns)   --->   "%specinterface_ln0 = specinterface void @_ssdm_op_SpecInterface, i11 %img_width, void @ap_fifo_str, i32, i32, void @p_str, i32, i32, void @p_str, void @p_str, void @p_str, i32, i32, i32, i32, void @p_str, void @ScalarProp_str"   --->   Operation 9 'specinterface' 'specinterface_ln0' <Predicate = true> <Delay = 0.00>
ST_1 : Operation 10 [1/1] (0.00ns)   --->   "%specinterface_ln0 = specinterface void @_ssdm_op_SpecInterface, i11 %img_height, void @ap_fifo_str, i32, i32, void @p_str, i32, i32, void @p_str, void @p_str, void @p_str, i32, i32, i32, i32, void @p_str, void @ScalarProp_str"   --->   Operation 10 'specinterface' 'specinterface_ln0' <Predicate = true> <Delay = 0.00>
ST_1 : Operation 11 [1/1] (1.83ns)   --->   "%img_height_read = read i11 @_ssdm_op_Read.ap_fifo.i11P, i11 %img_height"   --->   Operation 11 'read' 'img_height_read' <Predicate = true> <Delay = 1.83> <CoreInst = "FIFO_SRL">   --->   Core 21 'FIFO_SRL' <Latency = 0> <II = 1> <Delay = 1.83> <Storage> <Opcode : 'read' 'write' 'nbread' 'nbwrite'> <Ports = 0> <Width = 11> <Depth = 3> <FIFO>
ST_1 : Operation 12 [1/1] (1.83ns)   --->   "%img_width_read = read i11 @_ssdm_op_Read.ap_fifo.i11P, i11 %img_width"   --->   Operation 12 'read' 'img_width_read' <Predicate = true> <Delay = 1.83> <CoreInst = "FIFO_SRL">   --->   Core 21 'FIFO_SRL' <Latency = 0> <II = 1> <Delay = 1.83> <Storage> <Opcode : 'read' 'write' 'nbread' 'nbwrite'> <Ports = 0> <Width = 11> <Depth = 3> <FIFO>
ST_1 : Operation 13 [1/1] (0.00ns)   --->   "%specinterface_ln0 = specinterface void @_ssdm_op_SpecInterface, i11 %img_height_out, void @ap_fifo_str, i32, i32, void @p_str, i32, i32, void @p_str, void @p_str, void @p_str, i32, i32, i32, i32, void @p_str, void @ScalarProp_str"   --->   Operation 13 'specinterface' 'specinterface_ln0' <Predicate = true> <Delay = 0.00>
ST_1 : Operation 14 [1/1] (1.83ns)   --->   "%write_ln882 = write void @_ssdm_op_Write.ap_fifo.i11P, i11 %img_height_out, i11 %img_height_read"   --->   Operation 14 'write' 'write_ln882' <Predicate = true> <Delay = 1.83> <CoreInst = "FIFO_SRL">   --->   Core 21 'FIFO_SRL' <Latency = 0> <II = 1> <Delay = 1.83> <Storage> <Opcode : 'read' 'write' 'nbread' 'nbwrite'> <Ports = 0> <Width = 11> <Depth = 2> <FIFO>
ST_1 : Operation 15 [1/1] (0.00ns)   --->   "%specinterface_ln0 = specinterface void @_ssdm_op_SpecInterface, i11 %img_height_out1, void @ap_fifo_str, i32, i32, void @p_str, i32, i32, void @p_str, void @p_str, void @p_str, i32, i32, i32, i32, void @p_str, void @ScalarProp_str"   --->   Operation 15 'specinterface' 'specinterface_ln0' <Predicate = true> <Delay = 0.00>
ST_1 : Operation 16 [1/1] (1.83ns)   --->   "%write_ln882 = write void @_ssdm_op_Write.ap_fifo.i11P, i11 %img_height_out1, i11 %img_height_read"   --->   Operation 16 'write' 'write_ln882' <Predicate = true> <Delay = 1.83> <CoreInst = "FIFO_SRL">   --->   Core 21 'FIFO_SRL' <Latency = 0> <II = 1> <Delay = 1.83> <Storage> <Opcode : 'read' 'write' 'nbread' 'nbwrite'> <Ports = 0> <Width = 11> <Depth = 2> <FIFO>
ST_1 : Operation 17 [1/1] (0.00ns)   --->   "%specinterface_ln0 = specinterface void @_ssdm_op_SpecInterface, i11 %img_width_out, void @ap_fifo_str, i32, i32, void @p_str, i32, i32, void @p_str, void @p_str, void @p_str, i32, i32, i32, i32, void @p_str, void @ScalarProp_str"   --->   Operation 17 'specinterface' 'specinterface_ln0' <Predicate = true> <Delay = 0.00>
ST_1 : Operation 18 [1/1] (1.83ns)   --->   "%write_ln882 = write void @_ssdm_op_Write.ap_fifo.i11P, i11 %img_width_out, i11 %img_width_read"   --->   Operation 18 'write' 'write_ln882' <Predicate = true> <Delay = 1.83> <CoreInst = "FIFO_SRL">   --->   Core 21 'FIFO_SRL' <Latency = 0> <II = 1> <Delay = 1.83> <Storage> <Opcode : 'read' 'write' 'nbread' 'nbwrite'> <Ports = 0> <Width = 11> <Depth = 2> <FIFO>
ST_1 : Operation 19 [1/1] (0.00ns)   --->   "%specinterface_ln0 = specinterface void @_ssdm_op_SpecInterface, i11 %img_width_out2, void @ap_fifo_str, i32, i32, void @p_str, i32, i32, void @p_str, void @p_str, void @p_str, i32, i32, i32, i32, void @p_str, void @ScalarProp_str"   --->   Operation 19 'specinterface' 'specinterface_ln0' <Predicate = true> <Delay = 0.00>
ST_1 : Operation 20 [1/1] (1.83ns)   --->   "%write_ln882 = write void @_ssdm_op_Write.ap_fifo.i11P, i11 %img_width_out2, i11 %img_width_read"   --->   Operation 20 'write' 'write_ln882' <Predicate = true> <Delay = 1.83> <CoreInst = "FIFO_SRL">   --->   Core 21 'FIFO_SRL' <Latency = 0> <II = 1> <Delay = 1.83> <Storage> <Opcode : 'read' 'write' 'nbread' 'nbwrite'> <Ports = 0> <Width = 11> <Depth = 2> <FIFO>
ST_1 : Operation 21 [1/1] (0.00ns)   --->   "%specinterface_ln0 = specinterface void @_ssdm_op_SpecInterface, i16 %gradx2_mat_413, void @empty_14, i32, i32, void @empty_18, i32, i32, void @empty_18, void @empty_18, void @empty_18, i32, i32, i32, i32, void @empty_18, void @empty_18"   --->   Operation 21 'specinterface' 'specinterface_ln0' <Predicate = true> <Delay = 0.00>
ST_1 : Operation 22 [1/1] (0.00ns)   --->   "%specinterface_ln0 = specinterface void @_ssdm_op_SpecInterface, i16 %gradx1_mat_411, void @empty_14, i32, i32, void @empty_18, i32, i32, void @empty_18, void @empty_18, void @empty_18, i32, i32, i32, i32, void @empty_18, void @empty_18"   --->   Operation 22 'specinterface' 'specinterface_ln0' <Predicate = true> <Delay = 0.00>
ST_1 : Operation 23 [1/1] (0.00ns)   --->   "%specinterface_ln0 = specinterface void @_ssdm_op_SpecInterface, i16 %gradx_mat_49, void @empty_14, i32, i32, void @empty_18, i32, i32, void @empty_18, void @empty_18, void @empty_18, i32, i32, i32, i32, void @empty_18, void @empty_18"   --->   Operation 23 'specinterface' 'specinterface_ln0' <Predicate = true> <Delay = 0.00>
ST_1 : Operation 24 [1/1] (0.65ns)   --->   "%br_ln37 = br void" [/tools/Xilinx/Vitis/2020.1/workspace/test_fast/libs/xf_opencv/L1/include/features/xf_harris_utils.hpp:37]   --->   Operation 24 'br' 'br_ln37' <Predicate = true> <Delay = 0.65>

State 2 <SV = 1> <Delay = 1.27>
ST_2 : Operation 25 [1/1] (0.00ns)   --->   "%empty = phi i11, void %entry, i11 %add_ln695, void %._crit_edge.loopexit.i"   --->   Operation 25 'phi' 'empty' <Predicate = true> <Delay = 0.00>
ST_2 : Operation 26 [1/1] (0.94ns)   --->   "%icmp_ln37 = icmp_eq  i11 %empty, i11 %img_height_read" [/tools/Xilinx/Vitis/2020.1/workspace/test_fast/libs/xf_opencv/L1/include/features/xf_harris_utils.hpp:37]   --->   Operation 26 'icmp' 'icmp_ln37' <Predicate = true> <Delay = 0.94> <CoreInst = "Cmp">   --->   Core 10 'Cmp' <Latency = 0> <II = 1> <Delay = 0.94> <FuncUnit> <Opcode : 'icmp'> <InPorts = 2> <OutPorts = 1>
ST_2 : Operation 27 [1/1] (0.79ns)   --->   "%add_ln695 = add i11 %empty, i11"   --->   Operation 27 'add' 'add_ln695' <Predicate = true> <Delay = 0.79> <CoreInst = "Adder">   --->   Core 1 'Adder' <Latency = 0> <II = 1> <Delay = 0.79> <FuncUnit> <Opcode : 'add' 'sub'> <InPorts = 2> <OutPorts = 1>
ST_2 : Operation 28 [1/1] (0.00ns)   --->   "%br_ln37 = br i1 %icmp_ln37, void %.split3.i, void %.exit" [/tools/Xilinx/Vitis/2020.1/workspace/test_fast/libs/xf_opencv/L1/include/features/xf_harris_utils.hpp:37]   --->   Operation 28 'br' 'br_ln37' <Predicate = true> <Delay = 0.00>
ST_2 : Operation 29 [1/1] (0.00ns)   --->   "%speclooptripcount_ln0 = speclooptripcount void @_ssdm_op_SpecLoopTripCount, i64, i64, i64"   --->   Operation 29 'speclooptripcount' 'speclooptripcount_ln0' <Predicate = (!icmp_ln37)> <Delay = 0.00>
ST_2 : Operation 30 [1/1] (0.00ns)   --->   "%specloopname_ln0 = specloopname void @_ssdm_op_SpecLoopName, void @empty_1"   --->   Operation 30 'specloopname' 'specloopname_ln0' <Predicate = (!icmp_ln37)> <Delay = 0.00>
ST_2 : Operation 31 [1/1] (0.65ns)   --->   "%br_ln43 = br void" [/tools/Xilinx/Vitis/2020.1/workspace/test_fast/libs/xf_opencv/L1/include/features/xf_harris_utils.hpp:43]   --->   Operation 31 'br' 'br_ln43' <Predicate = (!icmp_ln37)> <Delay = 0.65>
ST_2 : Operation 32 [1/1] (0.00ns)   --->   "%ret_ln0 = ret"   --->   Operation 32 'ret' 'ret_ln0' <Predicate = (icmp_ln37)> <Delay = 0.00>

State 3 <SV = 2> <Delay = 0.94>
ST_3 : Operation 33 [1/1] (0.00ns)   --->   "%empty_64 = phi i11, void %.split3.i, i11 %add_ln695_8, void %.split.i"   --->   Operation 33 'phi' 'empty_64' <Predicate = true> <Delay = 0.00>
ST_3 : Operation 34 [1/1] (0.94ns)   --->   "%icmp_ln43 = icmp_eq  i11 %empty_64, i11 %img_width_read" [/tools/Xilinx/Vitis/2020.1/workspace/test_fast/libs/xf_opencv/L1/include/features/xf_harris_utils.hpp:43]   --->   Operation 34 'icmp' 'icmp_ln43' <Predicate = true> <Delay = 0.94> <CoreInst = "Cmp">   --->   Core 10 'Cmp' <Latency = 0> <II = 1> <Delay = 0.94> <FuncUnit> <Opcode : 'icmp'> <InPorts = 2> <OutPorts = 1>
ST_3 : Operation 35 [1/1] (0.79ns)   --->   "%add_ln695_8 = add i11 %empty_64, i11"   --->   Operation 35 'add' 'add_ln695_8' <Predicate = true> <Delay = 0.79> <CoreInst = "Adder">   --->   Core 1 'Adder' <Latency = 0> <II = 1> <Delay = 0.79> <FuncUnit> <Opcode : 'add' 'sub'> <InPorts = 2> <OutPorts = 1>
ST_3 : Operation 36 [1/1] (0.00ns)   --->   "%br_ln43 = br i1 %icmp_ln43, void %.split.i, void %._crit_edge.loopexit.i" [/tools/Xilinx/Vitis/2020.1/workspace/test_fast/libs/xf_opencv/L1/include/features/xf_harris_utils.hpp:43]   --->   Operation 36 'br' 'br_ln43' <Predicate = true> <Delay = 0.00>

State 4 <SV = 3> <Delay = 3.67>
ST_4 : Operation 37 [1/1] (0.00ns)   --->   "%specpipeline_ln453 = specpipeline void @_ssdm_op_SpecPipeline, i32, i32, i32, i32, void @empty_18" [/tools/Xilinx/Vitis/2020.1/workspace/test_fast/libs/xf_opencv/L1/include/common/xf_structs.hpp:453]   --->   Operation 37 'specpipeline' 'specpipeline_ln453' <Predicate = (!icmp_ln43)> <Delay = 0.00>
ST_4 : Operation 38 [1/1] (0.00ns)   --->   "%speclooptripcount_ln453 = speclooptripcount void @_ssdm_op_SpecLoopTripCount, i64, i64, i64" [/tools/Xilinx/Vitis/2020.1/workspace/test_fast/libs/xf_opencv/L1/include/common/xf_structs.hpp:453]   --->   Operation 38 'speclooptripcount' 'speclooptripcount_ln453' <Predicate = (!icmp_ln43)> <Delay = 0.00>
ST_4 : Operation 39 [1/1] (0.00ns)   --->   "%specloopname_ln453 = specloopname void @_ssdm_op_SpecLoopName, void @empty_0" [/tools/Xilinx/Vitis/2020.1/workspace/test_fast/libs/xf_opencv/L1/include/common/xf_structs.hpp:453]   --->   Operation 39 'specloopname' 'specloopname_ln453' <Predicate = (!icmp_ln43)> <Delay = 0.00>
ST_4 : Operation 40 [1/1] (1.83ns)   --->   "%gradx_mat_49_read = read i16 @_ssdm_op_Read.ap_fifo.volatile.i16P, i16 %gradx_mat_49" [/tools/Xilinx/Vitis/2020.1/common/technology/autopilot/hls_stream_39.h:145]   --->   Operation 40 'read' 'gradx_mat_49_read' <Predicate = (!icmp_ln43)> <Delay = 1.83> <CoreInst = "FIFO_SRL">   --->   Core 21 'FIFO_SRL' <Latency = 0> <II = 1> <Delay = 1.83> <Storage> <Opcode : 'read' 'write' 'nbread' 'nbwrite'> <Ports = 0> <Width = 16> <Depth = 2> <FIFO>
ST_4 : Operation 41 [1/1] (1.83ns)   --->   "%write_ln167 = write void @_ssdm_op_Write.ap_fifo.volatile.i16P, i16 %gradx1_mat_411, i16 %gradx_mat_49_read" [/tools/Xilinx/Vitis/2020.1/common/technology/autopilot/hls_stream_39.h:167]   --->   Operation 41 'write' 'write_ln167' <Predicate = (!icmp_ln43)> <Delay = 1.83> <CoreInst = "FIFO_SRL">   --->   Core 21 'FIFO_SRL' <Latency = 0> <II = 1> <Delay = 1.83> <Storage> <Opcode : 'read' 'write' 'nbread' 'nbwrite'> <Ports = 0> <Width = 16> <Depth = 2> <FIFO>
ST_4 : Operation 42 [1/1] (1.83ns)   --->   "%write_ln167 = write void @_ssdm_op_Write.ap_fifo.volatile.i16P, i16 %gradx2_mat_413, i16 %gradx_mat_49_read" [/tools/Xilinx/Vitis/2020.1/common/technology/autopilot/hls_stream_39.h:167]   --->   Operation 42 'write' 'write_ln167' <Predicate = (!icmp_ln43)> <Delay = 1.83> <CoreInst = "FIFO_SRL">   --->   Core 21 'FIFO_SRL' <Latency = 0> <II = 1> <Delay = 1.83> <Storage> <Opcode : 'read' 'write' 'nbread' 'nbwrite'> <Ports = 0> <Width = 16> <Depth = 2> <FIFO>
ST_4 : Operation 43 [1/1] (0.00ns)   --->   "%br_ln0 = br void"   --->   Operation 43 'br' 'br_ln0' <Predicate = (!icmp_ln43)> <Delay = 0.00>

State 5 <SV = 3> <Delay = 0.00>
ST_5 : Operation 44 [1/1] (0.00ns)   --->   "%br_ln0 = br void"   --->   Operation 44 'br' 'br_ln0' <Predicate = true> <Delay = 0.00>


============================================================
+ Verbose Summary: Timing violations
============================================================
Target clock period: 6.67ns, clock uncertainty: 1.8ns.

 <State 1>: 3.68ns
The critical path consists of the following:
	fifo read on port 'img_height' [15]  (1.84 ns)
	fifo write on port 'img_height_out' [18]  (1.84 ns)

 <State 2>: 1.28ns
The critical path consists of the following:
	'phi' operation ('empty') with incoming values : ('add_ln695') [30]  (0 ns)
	'icmp' operation ('icmp_ln37', /tools/Xilinx/Vitis/2020.1/workspace/test_fast/libs/xf_opencv/L1/include/features/xf_harris_utils.hpp:37) [31]  (0.944 ns)
	blocking operation 0.335 ns on control path)

 <State 3>: 0.944ns
The critical path consists of the following:
	'phi' operation ('empty_64') with incoming values : ('add_ln695_8') [39]  (0 ns)
	'icmp' operation ('icmp_ln43', /tools/Xilinx/Vitis/2020.1/workspace/test_fast/libs/xf_opencv/L1/include/features/xf_harris_utils.hpp:43) [40]  (0.944 ns)

 <State 4>: 3.68ns
The critical path consists of the following:
	fifo read on port 'gradx_mat_49' (/tools/Xilinx/Vitis/2020.1/common/technology/autopilot/hls_stream_39.h:145) [47]  (1.84 ns)
	fifo write on port 'gradx1_mat_411' (/tools/Xilinx/Vitis/2020.1/common/technology/autopilot/hls_stream_39.h:167) [48]  (1.84 ns)

 <State 5>: 0ns
The critical path consists of the following:


============================================================
+ Verbose Summary: Binding
============================================================
N/A
* FSMD analyzer results:
  - Output states:
 - Input state : 
  - Chain level:
	State 1
	State 2
	State 3
	State 4
	State 5


============================================================
+ Verbose Summary: Datapath Resource usage 
============================================================
N/A
