

================================================================
== Vitis HLS Report for 'xFSobel3x3_1_1_0_3_s'
================================================================
* Date:           Thu Mar 25 14:57:14 2021

* Version:        2020.1.1 (Build 2960000 on Wed Aug 05 23:18:37 MDT 2020)
* Project:        cornerTracker
* Solution:       solution (Vitis Kernel Flow Target)
* Product family: zynquplus
* Target device:  xczu7ev-ffvc1156-2-e


================================================================
== Performance Estimates
================================================================
+ Timing: 
    * Summary: 
    +--------+---------+----------+------------+
    |  Clock |  Target | Estimated| Uncertainty|
    +--------+---------+----------+------------+
    |ap_clk  | 6.67 ns | 1.691 ns |   1.80 ns  |
    +--------+---------+----------+------------+

+ Latency: 
    * Summary: 
    +---------+---------+----------+----------+-----+-----+----------+
    |  Latency (cycles) |  Latency (absolute) |  Interval | Pipeline |
    |   min   |   max   |    min   |    max   | min | max |   Type   |
    +---------+---------+----------+----------+-----+-----+----------+
    |        0|        0|   0 ns   |   0 ns   |    1|    1| function |
    +---------+---------+----------+----------+-----+-----+----------+

    + Detail: 
        * Instance: 
        +-----------------------------------------------------------+----------------------+---------+---------+----------+----------+-----+-----+----------+
        |                                                           |                      |  Latency (cycles) |  Latency (absolute) |  Interval | Pipeline |
        |                          Instance                         |        Module        |   min   |   max   |    min   |    max   | min | max |   Type   |
        +-----------------------------------------------------------+----------------------+---------+---------+----------+----------+-----+-----+----------+
        |GradientvaluesX_V_write_assign_xFGradientX3x3_0_3_s_fu_72  |xFGradientX3x3_0_3_s  |        0|        0|   0 ns   |   0 ns   |    1|    1| function |
        |GradientvaluesY_V_write_assign_xFGradientY3x3_0_3_s_fu_88  |xFGradientY3x3_0_3_s  |        0|        0|   0 ns   |   0 ns   |    1|    1| function |
        +-----------------------------------------------------------+----------------------+---------+---------+----------+----------+-----+-----+----------+

        * Loop: 
        N/A

============================================================
+ Verbose Summary: Synthesis Manager
============================================================
InlineROM: 1
ExposeGlobal: 0
============================================================
+ Verbose Summary: CDFG Model
============================================================
IsTopModel: 0
ResetActiveHigh: 1
IsCombinational: 0
IsDatapathOnly: 0
HasWiredReturn: 1
HasMFsm: 2
HasVarLatency: 0
IsPipeline: 1
IsRtlPipelined: 0
IsInstanceOverlapped: 0
IsDontTouch: 0
HasImplIP: 0
IsGatedGlobalClock: 0

+ Individual pipeline summary: 
  * Pipeline-0: initiation interval (II) = 1, depth = 1


============================================================
+ Verbose Summary: Schedule
============================================================
* Number of FSM states : 1
* Pipeline : 1
  Pipeline-0 : II = 1, D = 1, States = { 1 }
* Dataflow Pipeline: 0

* FSM state transitions: 
1 --> 

* FSM state operations: 

State 1 <SV = 0> <Delay = 1.69>
ST_1 : Operation 2 [1/1] (0.00ns)   --->   "%p_read = read i8 @_ssdm_op_Read.ap_auto.i8, i8 %p_read11" [/tools/Xilinx/Vitis/2020.1/workspace/test_fast/libs/xf_opencv/L1/include/imgproc/xf_sobel.hpp:136]   --->   Operation 2 'read' 'p_read' <Predicate = true> <Delay = 0.00>
ST_1 : Operation 3 [1/1] (0.00ns)   --->   "%p_read_3 = read i8 @_ssdm_op_Read.ap_auto.i8, i8 %p_read10" [/tools/Xilinx/Vitis/2020.1/workspace/test_fast/libs/xf_opencv/L1/include/imgproc/xf_sobel.hpp:136]   --->   Operation 3 'read' 'p_read_3' <Predicate = true> <Delay = 0.00>
ST_1 : Operation 4 [1/1] (0.00ns)   --->   "%p_read_4 = read i8 @_ssdm_op_Read.ap_auto.i8, i8 %p_read9" [/tools/Xilinx/Vitis/2020.1/workspace/test_fast/libs/xf_opencv/L1/include/imgproc/xf_sobel.hpp:136]   --->   Operation 4 'read' 'p_read_4' <Predicate = true> <Delay = 0.00>
ST_1 : Operation 5 [1/1] (0.00ns)   --->   "%p_read_5 = read i8 @_ssdm_op_Read.ap_auto.i8, i8 %p_read8" [/tools/Xilinx/Vitis/2020.1/workspace/test_fast/libs/xf_opencv/L1/include/imgproc/xf_sobel.hpp:136]   --->   Operation 5 'read' 'p_read_5' <Predicate = true> <Delay = 0.00>
ST_1 : Operation 6 [1/1] (0.00ns)   --->   "%p_read74 = read i8 @_ssdm_op_Read.ap_auto.i8, i8 %p_read7" [/tools/Xilinx/Vitis/2020.1/workspace/test_fast/libs/xf_opencv/L1/include/imgproc/xf_sobel.hpp:136]   --->   Operation 6 'read' 'p_read74' <Predicate = true> <Delay = 0.00>
ST_1 : Operation 7 [1/1] (0.00ns)   --->   "%p_read63 = read i8 @_ssdm_op_Read.ap_auto.i8, i8 %p_read6" [/tools/Xilinx/Vitis/2020.1/workspace/test_fast/libs/xf_opencv/L1/include/imgproc/xf_sobel.hpp:136]   --->   Operation 7 'read' 'p_read63' <Predicate = true> <Delay = 0.00>
ST_1 : Operation 8 [1/1] (0.00ns)   --->   "%p_read52 = read i8 @_ssdm_op_Read.ap_auto.i8, i8 %p_read5" [/tools/Xilinx/Vitis/2020.1/workspace/test_fast/libs/xf_opencv/L1/include/imgproc/xf_sobel.hpp:136]   --->   Operation 8 'read' 'p_read52' <Predicate = true> <Delay = 0.00>
ST_1 : Operation 9 [1/1] (0.00ns)   --->   "%p_read21 = read i8 @_ssdm_op_Read.ap_auto.i8, i8 %p_read2" [/tools/Xilinx/Vitis/2020.1/workspace/test_fast/libs/xf_opencv/L1/include/imgproc/xf_sobel.hpp:136]   --->   Operation 9 'read' 'p_read21' <Predicate = true> <Delay = 0.00>
ST_1 : Operation 10 [1/1] (1.69ns)   --->   "%GradientvaluesX_V_write_assign = call i11 @xFGradientX3x3<0, 3>, i8 %p_read21, i8 %p_read63, i8 %p_read74, i8 %p_read_5, i8 %p_read_4, i8 %p_read" [/tools/Xilinx/Vitis/2020.1/workspace/test_fast/libs/xf_opencv/L1/include/imgproc/xf_sobel.hpp:157]   --->   Operation 10 'call' 'GradientvaluesX_V_write_assign' <Predicate = true> <Delay = 1.69> <CoreType = "Generic">   --->   Core 0 '' <Latency = 0> <II = 1> <Delay = 1.00> <Generic> <Opcode : >
ST_1 : Operation 11 [1/1] (0.00ns)   --->   "%sext_ln162 = sext i11 %GradientvaluesX_V_write_assign" [/tools/Xilinx/Vitis/2020.1/workspace/test_fast/libs/xf_opencv/L1/include/imgproc/xf_sobel.hpp:162]   --->   Operation 11 'sext' 'sext_ln162' <Predicate = true> <Delay = 0.00>
ST_1 : Operation 12 [1/1] (1.69ns)   --->   "%GradientvaluesY_V_write_assign = call i11 @xFGradientY3x3<0, 3>, i8 %p_read21, i8 %p_read52, i8 %p_read63, i8 %p_read_4, i8 %p_read_3, i8 %p_read" [/tools/Xilinx/Vitis/2020.1/workspace/test_fast/libs/xf_opencv/L1/include/imgproc/xf_sobel.hpp:162]   --->   Operation 12 'call' 'GradientvaluesY_V_write_assign' <Predicate = true> <Delay = 1.69> <CoreType = "Generic">   --->   Core 0 '' <Latency = 0> <II = 1> <Delay = 1.00> <Generic> <Opcode : >
ST_1 : Operation 13 [1/1] (0.00ns)   --->   "%sext_ln134 = sext i11 %GradientvaluesY_V_write_assign" [/tools/Xilinx/Vitis/2020.1/workspace/test_fast/libs/xf_opencv/L1/include/imgproc/xf_sobel.hpp:134]   --->   Operation 13 'sext' 'sext_ln134' <Predicate = true> <Delay = 0.00>
ST_1 : Operation 14 [1/1] (0.00ns)   --->   "%mrv = insertvalue i32, i16 %sext_ln162" [/tools/Xilinx/Vitis/2020.1/workspace/test_fast/libs/xf_opencv/L1/include/imgproc/xf_sobel.hpp:169]   --->   Operation 14 'insertvalue' 'mrv' <Predicate = true> <Delay = 0.00>
ST_1 : Operation 15 [1/1] (0.00ns)   --->   "%mrv_1 = insertvalue i32 %mrv, i16 %sext_ln134" [/tools/Xilinx/Vitis/2020.1/workspace/test_fast/libs/xf_opencv/L1/include/imgproc/xf_sobel.hpp:169]   --->   Operation 15 'insertvalue' 'mrv_1' <Predicate = true> <Delay = 0.00>
ST_1 : Operation 16 [1/1] (0.00ns)   --->   "%ret_ln169 = ret i32 %mrv_1" [/tools/Xilinx/Vitis/2020.1/workspace/test_fast/libs/xf_opencv/L1/include/imgproc/xf_sobel.hpp:169]   --->   Operation 16 'ret' 'ret_ln169' <Predicate = true> <Delay = 0.00>


============================================================
+ Verbose Summary: Binding
============================================================
STG Binding: 
---------------- STG Properties BEGIN ----------------
- Is combinational: 1
- Is one-state seq: 0
- Is datapath-only: 0
- Is pipelined: 1
- Is top level: 0
Port [ Return ] is wired: 1; IO mode=ap_ctrl_hs:ce=0
Port [ p_read2]:  wired=1; compound=0; hidden=0; nouse=0; global=0; static=0; extern=0; dir=0; type=0; pingpong=0; private_global=0; IO mode=ap_none:ce=0
Port [ p_read5]:  wired=1; compound=0; hidden=0; nouse=0; global=0; static=0; extern=0; dir=0; type=0; pingpong=0; private_global=0; IO mode=ap_none:ce=0
Port [ p_read6]:  wired=1; compound=0; hidden=0; nouse=0; global=0; static=0; extern=0; dir=0; type=0; pingpong=0; private_global=0; IO mode=ap_none:ce=0
Port [ p_read7]:  wired=1; compound=0; hidden=0; nouse=0; global=0; static=0; extern=0; dir=0; type=0; pingpong=0; private_global=0; IO mode=ap_none:ce=0
Port [ p_read8]:  wired=1; compound=0; hidden=0; nouse=0; global=0; static=0; extern=0; dir=0; type=0; pingpong=0; private_global=0; IO mode=ap_none:ce=0
Port [ p_read9]:  wired=1; compound=0; hidden=0; nouse=0; global=0; static=0; extern=0; dir=0; type=0; pingpong=0; private_global=0; IO mode=ap_none:ce=0
Port [ p_read10]:  wired=1; compound=0; hidden=0; nouse=0; global=0; static=0; extern=0; dir=0; type=0; pingpong=0; private_global=0; IO mode=ap_none:ce=0
Port [ p_read11]:  wired=1; compound=0; hidden=0; nouse=0; global=0; static=0; extern=0; dir=0; type=0; pingpong=0; private_global=0; IO mode=ap_none:ce=0
---------------- STG Properties END ------------------

---------------- Datapath Model BEGIN ----------------

<LifeTime>
<method=bitvector/>
p_read                         (read       ) [ 00]
p_read_3                       (read       ) [ 00]
p_read_4                       (read       ) [ 00]
p_read_5                       (read       ) [ 00]
p_read74                       (read       ) [ 00]
p_read63                       (read       ) [ 00]
p_read52                       (read       ) [ 00]
p_read21                       (read       ) [ 00]
GradientvaluesX_V_write_assign (call       ) [ 00]
sext_ln162                     (sext       ) [ 00]
GradientvaluesY_V_write_assign (call       ) [ 00]
sext_ln134                     (sext       ) [ 00]
mrv                            (insertvalue) [ 00]
mrv_1                          (insertvalue) [ 00]
ret_ln169                      (ret        ) [ 00]
</LifeTime>

<model>

<comp_list>
<comp id="0" class="1000" name="p_read2">
<pin_list>
<pin id="1" dir="1" index="0" bw="1" slack="0"/>
</pin_list>
<bind>
<StgValue><ssdm name="p_read2"/></StgValue>
</bind>
</comp>

<comp id="2" class="1000" name="p_read5">
<pin_list>
<pin id="3" dir="1" index="0" bw="1" slack="0"/>
</pin_list>
<bind>
<StgValue><ssdm name="p_read5"/></StgValue>
</bind>
</comp>

<comp id="4" class="1000" name="p_read6">
<pin_list>
<pin id="5" dir="1" index="0" bw="1" slack="0"/>
</pin_list>
<bind>
<StgValue><ssdm name="p_read6"/></StgValue>
</bind>
</comp>

<comp id="6" class="1000" name="p_read7">
<pin_list>
<pin id="7" dir="1" index="0" bw="1" slack="0"/>
</pin_list>
<bind>
<StgValue><ssdm name="p_read7"/></StgValue>
</bind>
</comp>

<comp id="8" class="1000" name="p_read8">
<pin_list>
<pin id="9" dir="1" index="0" bw="1" slack="0"/>
</pin_list>
<bind>
<StgValue><ssdm name="p_read8"/></StgValue>
</bind>
</comp>

<comp id="10" class="1000" name="p_read9">
<pin_list>
<pin id="11" dir="1" index="0" bw="1" slack="0"/>
</pin_list>
<bind>
<StgValue><ssdm name="p_read9"/></StgValue>
</bind>
</comp>

<comp id="12" class="1000" name="p_read10">
<pin_list>
<pin id="13" dir="1" index="0" bw="1" slack="0"/>
</pin_list>
<bind>
<StgValue><ssdm name="p_read10"/></StgValue>
</bind>
</comp>

<comp id="14" class="1000" name="p_read11">
<pin_list>
<pin id="15" dir="1" index="0" bw="1" slack="0"/>
</pin_list>
<bind>
<StgValue><ssdm name="p_read11"/></StgValue>
</bind>
</comp>

<comp id="16" class="1001" name="const_16">
<pin_list>
<pin id="17" dir="1" index="0" bw="1" slack="0"/>
</pin_list>
<bind>
<StgValue><ssdm name="_ssdm_op_Read.ap_auto.i8"/></StgValue>
</bind>
</comp>

<comp id="18" class="1001" name="const_18">
<pin_list>
<pin id="19" dir="1" index="0" bw="1" slack="0"/>
</pin_list>
<bind>
<StgValue><ssdm name="xFGradientX3x3<0, 3>"/></StgValue>
</bind>
</comp>

<comp id="20" class="1001" name="const_20">
<pin_list>
<pin id="21" dir="1" index="0" bw="1" slack="0"/>
</pin_list>
<bind>
<StgValue><ssdm name="xFGradientY3x3<0, 3>"/></StgValue>
</bind>
</comp>

<comp id="22" class="1001" name="const_22">
<pin_list>
<pin id="23" dir="1" index="0" bw="1" slack="0"/>
</pin_list>
<bind>
<StgValue><ssdm name=""/></StgValue>
</bind>
</comp>

<comp id="24" class="1004" name="p_read_read_fu_24">
<pin_list>
<pin id="25" dir="0" index="0" bw="8" slack="0"/>
<pin id="26" dir="0" index="1" bw="8" slack="0"/>
<pin id="27" dir="1" index="2" bw="8" slack="0"/>
</pin_list>
<bind>
<opcode="read(1150) " fcode="read"/>
<opset="p_read/1 "/>
</bind>
</comp>

<comp id="30" class="1004" name="p_read_3_read_fu_30">
<pin_list>
<pin id="31" dir="0" index="0" bw="8" slack="0"/>
<pin id="32" dir="0" index="1" bw="8" slack="0"/>
<pin id="33" dir="1" index="2" bw="8" slack="0"/>
</pin_list>
<bind>
<opcode="read(1150) " fcode="read"/>
<opset="p_read_3/1 "/>
</bind>
</comp>

<comp id="36" class="1004" name="p_read_4_read_fu_36">
<pin_list>
<pin id="37" dir="0" index="0" bw="8" slack="0"/>
<pin id="38" dir="0" index="1" bw="8" slack="0"/>
<pin id="39" dir="1" index="2" bw="8" slack="0"/>
</pin_list>
<bind>
<opcode="read(1150) " fcode="read"/>
<opset="p_read_4/1 "/>
</bind>
</comp>

<comp id="42" class="1004" name="p_read_5_read_fu_42">
<pin_list>
<pin id="43" dir="0" index="0" bw="8" slack="0"/>
<pin id="44" dir="0" index="1" bw="8" slack="0"/>
<pin id="45" dir="1" index="2" bw="8" slack="0"/>
</pin_list>
<bind>
<opcode="read(1150) " fcode="read"/>
<opset="p_read_5/1 "/>
</bind>
</comp>

<comp id="48" class="1004" name="p_read74_read_fu_48">
<pin_list>
<pin id="49" dir="0" index="0" bw="8" slack="0"/>
<pin id="50" dir="0" index="1" bw="8" slack="0"/>
<pin id="51" dir="1" index="2" bw="8" slack="0"/>
</pin_list>
<bind>
<opcode="read(1150) " fcode="read"/>
<opset="p_read74/1 "/>
</bind>
</comp>

<comp id="54" class="1004" name="p_read63_read_fu_54">
<pin_list>
<pin id="55" dir="0" index="0" bw="8" slack="0"/>
<pin id="56" dir="0" index="1" bw="8" slack="0"/>
<pin id="57" dir="1" index="2" bw="8" slack="0"/>
</pin_list>
<bind>
<opcode="read(1150) " fcode="read"/>
<opset="p_read63/1 "/>
</bind>
</comp>

<comp id="60" class="1004" name="p_read52_read_fu_60">
<pin_list>
<pin id="61" dir="0" index="0" bw="8" slack="0"/>
<pin id="62" dir="0" index="1" bw="8" slack="0"/>
<pin id="63" dir="1" index="2" bw="8" slack="0"/>
</pin_list>
<bind>
<opcode="read(1150) " fcode="read"/>
<opset="p_read52/1 "/>
</bind>
</comp>

<comp id="66" class="1004" name="p_read21_read_fu_66">
<pin_list>
<pin id="67" dir="0" index="0" bw="8" slack="0"/>
<pin id="68" dir="0" index="1" bw="8" slack="0"/>
<pin id="69" dir="1" index="2" bw="8" slack="0"/>
</pin_list>
<bind>
<opcode="read(1150) " fcode="read"/>
<opset="p_read21/1 "/>
</bind>
</comp>

<comp id="72" class="1004" name="GradientvaluesX_V_write_assign_xFGradientX3x3_0_3_s_fu_72">
<pin_list>
<pin id="73" dir="0" index="0" bw="11" slack="0"/>
<pin id="74" dir="0" index="1" bw="8" slack="0"/>
<pin id="75" dir="0" index="2" bw="8" slack="0"/>
<pin id="76" dir="0" index="3" bw="8" slack="0"/>
<pin id="77" dir="0" index="4" bw="8" slack="0"/>
<pin id="78" dir="0" index="5" bw="8" slack="0"/>
<pin id="79" dir="0" index="6" bw="8" slack="0"/>
<pin id="80" dir="1" index="7" bw="11" slack="0"/>
</pin_list>
<bind>
<opcode="call(48) " fcode="call"/>
<opset="GradientvaluesX_V_write_assign/1 "/>
</bind>
</comp>

<comp id="88" class="1004" name="GradientvaluesY_V_write_assign_xFGradientY3x3_0_3_s_fu_88">
<pin_list>
<pin id="89" dir="0" index="0" bw="11" slack="0"/>
<pin id="90" dir="0" index="1" bw="8" slack="0"/>
<pin id="91" dir="0" index="2" bw="8" slack="0"/>
<pin id="92" dir="0" index="3" bw="8" slack="0"/>
<pin id="93" dir="0" index="4" bw="8" slack="0"/>
<pin id="94" dir="0" index="5" bw="8" slack="0"/>
<pin id="95" dir="0" index="6" bw="8" slack="0"/>
<pin id="96" dir="1" index="7" bw="11" slack="0"/>
</pin_list>
<bind>
<opcode="call(48) " fcode="call"/>
<opset="GradientvaluesY_V_write_assign/1 "/>
</bind>
</comp>

<comp id="104" class="1004" name="sext_ln162_fu_104">
<pin_list>
<pin id="105" dir="0" index="0" bw="11" slack="0"/>
<pin id="106" dir="1" index="1" bw="16" slack="0"/>
</pin_list>
<bind>
<opcode="sext(35) " fcode="sext"/>
<opset="sext_ln162/1 "/>
</bind>
</comp>

<comp id="108" class="1004" name="sext_ln134_fu_108">
<pin_list>
<pin id="109" dir="0" index="0" bw="11" slack="0"/>
<pin id="110" dir="1" index="1" bw="16" slack="0"/>
</pin_list>
<bind>
<opcode="sext(35) " fcode="sext"/>
<opset="sext_ln134/1 "/>
</bind>
</comp>

<comp id="112" class="1004" name="mrv_fu_112">
<pin_list>
<pin id="113" dir="0" index="0" bw="32" slack="0"/>
<pin id="114" dir="0" index="1" bw="11" slack="0"/>
<pin id="115" dir="1" index="2" bw="32" slack="0"/>
</pin_list>
<bind>
<opcode="insertvalue(57) " fcode="insertvalue"/>
<opset="mrv/1 "/>
</bind>
</comp>

<comp id="118" class="1004" name="mrv_1_fu_118">
<pin_list>
<pin id="119" dir="0" index="0" bw="32" slack="0"/>
<pin id="120" dir="0" index="1" bw="11" slack="0"/>
<pin id="121" dir="1" index="2" bw="32" slack="2147483647"/>
</pin_list>
<bind>
<opcode="insertvalue(57) " fcode="insertvalue"/>
<opset="mrv_1/1 "/>
</bind>
</comp>

</comp_list>

<net_list>
<net id="28"><net_src comp="16" pin="0"/><net_sink comp="24" pin=0"/></net>

<net id="29"><net_src comp="14" pin="0"/><net_sink comp="24" pin=1"/></net>

<net id="34"><net_src comp="16" pin="0"/><net_sink comp="30" pin=0"/></net>

<net id="35"><net_src comp="12" pin="0"/><net_sink comp="30" pin=1"/></net>

<net id="40"><net_src comp="16" pin="0"/><net_sink comp="36" pin=0"/></net>

<net id="41"><net_src comp="10" pin="0"/><net_sink comp="36" pin=1"/></net>

<net id="46"><net_src comp="16" pin="0"/><net_sink comp="42" pin=0"/></net>

<net id="47"><net_src comp="8" pin="0"/><net_sink comp="42" pin=1"/></net>

<net id="52"><net_src comp="16" pin="0"/><net_sink comp="48" pin=0"/></net>

<net id="53"><net_src comp="6" pin="0"/><net_sink comp="48" pin=1"/></net>

<net id="58"><net_src comp="16" pin="0"/><net_sink comp="54" pin=0"/></net>

<net id="59"><net_src comp="4" pin="0"/><net_sink comp="54" pin=1"/></net>

<net id="64"><net_src comp="16" pin="0"/><net_sink comp="60" pin=0"/></net>

<net id="65"><net_src comp="2" pin="0"/><net_sink comp="60" pin=1"/></net>

<net id="70"><net_src comp="16" pin="0"/><net_sink comp="66" pin=0"/></net>

<net id="71"><net_src comp="0" pin="0"/><net_sink comp="66" pin=1"/></net>

<net id="81"><net_src comp="18" pin="0"/><net_sink comp="72" pin=0"/></net>

<net id="82"><net_src comp="66" pin="2"/><net_sink comp="72" pin=1"/></net>

<net id="83"><net_src comp="54" pin="2"/><net_sink comp="72" pin=2"/></net>

<net id="84"><net_src comp="48" pin="2"/><net_sink comp="72" pin=3"/></net>

<net id="85"><net_src comp="42" pin="2"/><net_sink comp="72" pin=4"/></net>

<net id="86"><net_src comp="36" pin="2"/><net_sink comp="72" pin=5"/></net>

<net id="87"><net_src comp="24" pin="2"/><net_sink comp="72" pin=6"/></net>

<net id="97"><net_src comp="20" pin="0"/><net_sink comp="88" pin=0"/></net>

<net id="98"><net_src comp="66" pin="2"/><net_sink comp="88" pin=1"/></net>

<net id="99"><net_src comp="60" pin="2"/><net_sink comp="88" pin=2"/></net>

<net id="100"><net_src comp="54" pin="2"/><net_sink comp="88" pin=3"/></net>

<net id="101"><net_src comp="36" pin="2"/><net_sink comp="88" pin=4"/></net>

<net id="102"><net_src comp="30" pin="2"/><net_sink comp="88" pin=5"/></net>

<net id="103"><net_src comp="24" pin="2"/><net_sink comp="88" pin=6"/></net>

<net id="107"><net_src comp="72" pin="7"/><net_sink comp="104" pin=0"/></net>

<net id="111"><net_src comp="88" pin="7"/><net_sink comp="108" pin=0"/></net>

<net id="116"><net_src comp="22" pin="0"/><net_sink comp="112" pin=0"/></net>

<net id="117"><net_src comp="104" pin="1"/><net_sink comp="112" pin=1"/></net>

<net id="122"><net_src comp="112" pin="2"/><net_sink comp="118" pin=0"/></net>

<net id="123"><net_src comp="108" pin="1"/><net_sink comp="118" pin=1"/></net>

</net_list>

</model> 
---------------- Datapath Model END ------------------

* FSMD analyzer results:
  - Output states:
 - Input state : 
	Port: xFSobel3x3<1, 1, 0, 3> : p_read2 | {1 }
	Port: xFSobel3x3<1, 1, 0, 3> : p_read5 | {1 }
	Port: xFSobel3x3<1, 1, 0, 3> : p_read6 | {1 }
	Port: xFSobel3x3<1, 1, 0, 3> : p_read7 | {1 }
	Port: xFSobel3x3<1, 1, 0, 3> : p_read8 | {1 }
	Port: xFSobel3x3<1, 1, 0, 3> : p_read9 | {1 }
	Port: xFSobel3x3<1, 1, 0, 3> : p_read10 | {1 }
	Port: xFSobel3x3<1, 1, 0, 3> : p_read11 | {1 }
  - Chain level:
	State 1
		sext_ln162 : 1
		sext_ln134 : 1
		mrv : 2
		mrv_1 : 3
		ret_ln169 : 4


============================================================
+ Verbose Summary: Datapath Resource usage 
============================================================

* Functional unit list:
|----------|-----------------------------------------------------------|---------|---------|
| Operation|                      Functional Unit                      |    FF   |   LUT   |
|----------|-----------------------------------------------------------|---------|---------|
|   call   | GradientvaluesX_V_write_assign_xFGradientX3x3_0_3_s_fu_72 |    0    |    88   |
|          | GradientvaluesY_V_write_assign_xFGradientY3x3_0_3_s_fu_88 |    0    |    88   |
|----------|-----------------------------------------------------------|---------|---------|
|          |                     p_read_read_fu_24                     |    0    |    0    |
|          |                    p_read_3_read_fu_30                    |    0    |    0    |
|          |                    p_read_4_read_fu_36                    |    0    |    0    |
|   read   |                    p_read_5_read_fu_42                    |    0    |    0    |
|          |                    p_read74_read_fu_48                    |    0    |    0    |
|          |                    p_read63_read_fu_54                    |    0    |    0    |
|          |                    p_read52_read_fu_60                    |    0    |    0    |
|          |                    p_read21_read_fu_66                    |    0    |    0    |
|----------|-----------------------------------------------------------|---------|---------|
|   sext   |                     sext_ln162_fu_104                     |    0    |    0    |
|          |                     sext_ln134_fu_108                     |    0    |    0    |
|----------|-----------------------------------------------------------|---------|---------|
|insertvalue|                         mrv_fu_112                        |    0    |    0    |
|          |                        mrv_1_fu_118                       |    0    |    0    |
|----------|-----------------------------------------------------------|---------|---------|
|   Total  |                                                           |    0    |   176   |
|----------|-----------------------------------------------------------|---------|---------|

Memories:
N/A

* Register list:
N/A

* Multiplexer (MUX) list: 
|--------|------|------|------|--------|
|  Comp  |  Pin | Size |  BW  | S x BW |
|--------|------|------|------|--------|
|  Total |      |      |      |    0   |
|--------|------|------|------|--------|



* Summary:
+-----------+--------+--------+
|           |   FF   |   LUT  |
+-----------+--------+--------+
|  Function |    0   |   176  |
|   Memory  |    -   |    -   |
|Multiplexer|    -   |    -   |
|  Register |    -   |    -   |
+-----------+--------+--------+
|   Total   |    0   |   176  |
+-----------+--------+--------+
