

================================================================
== Vitis HLS Report for 'auMedianBlur_1080_1920_0_0_0_0_5_25_16_10_false_s'
================================================================
* Date:           Thu Mar 25 14:59:34 2021

* Version:        2020.1.1 (Build 2960000 on Wed Aug 05 23:18:37 MDT 2020)
* Project:        pyr_dense_optical_flow_accel
* Solution:       solution (Vitis Kernel Flow Target)
* Product family: zynquplus
* Target device:  xczu7ev-ffvc1156-2-e


================================================================
== Performance Estimates
================================================================
+ Timing: 
    * Summary: 
    +--------+---------+----------+------------+
    |  Clock |  Target | Estimated| Uncertainty|
    +--------+---------+----------+------------+
    |ap_clk  | 6.67 ns | 4.756 ns |   1.80 ns  |
    +--------+---------+----------+------------+

+ Latency: 
    * Summary: 
    +---------+---------+-----------+-----------+------+---------+---------+
    |  Latency (cycles) |   Latency (absolute)  |    Interval    | Pipeline|
    |   min   |   max   |    min    |    max    |  min |   max   |   Type  |
    +---------+---------+-----------+-----------+------+---------+---------+
    |     1953|  2101359| 13.021 us | 14.010 ms |  1953|  2101359|   none  |
    +---------+---------+-----------+-----------+------+---------+---------+

    + Detail: 
        * Instance: 
        +---------------------------------------------------------------+-----------------------------------------------------+---------+---------+-----------+-----------+------+---------+---------+
        |                                                               |                                                     |  Latency (cycles) |   Latency (absolute)  |    Interval    | Pipeline|
        |                            Instance                           |                        Module                       |   min   |   max   |    min    |    max    |  min |   max   |   Type  |
        +---------------------------------------------------------------+-----------------------------------------------------+---------+---------+-----------+-----------+------+---------+---------+
        |grp_auMedian3x3_1080_1920_0_0_0_1922_5_25_16_10_false_s_fu_44  |auMedian3x3_1080_1920_0_0_0_1922_5_25_16_10_false_s  |     1952|  2101358| 13.014 us | 14.010 ms |  1952|  2101358|   none  |
        +---------------------------------------------------------------+-----------------------------------------------------+---------+---------+-----------+-----------+------+---------+---------+

        * Loop: 
        N/A

============================================================
+ Verbose Summary: Synthesis Manager
============================================================
InlineROM: 1
ExposeGlobal: 0
============================================================
+ Verbose Summary: CDFG Model
============================================================
IsTopModel: 0
ResetActiveHigh: 1
IsCombinational: 2
IsDatapathOnly: 0
HasWiredReturn: 1
HasMFsm: 0
HasVarLatency: 1
IsPipeline: 0
IsRtlPipelined: 0
IsInstanceOverlapped: 0
IsDontTouch: 0
HasImplIP: 0
IsGatedGlobalClock: 0


============================================================
+ Verbose Summary: Schedule
============================================================
* Number of FSM states : 2
* Pipeline : 0
* Dataflow Pipeline: 0

* FSM state transitions: 
1 --> 2 
2 --> 

* FSM state operations: 

State 1 <SV = 0> <Delay = 1.83>
ST_1 : Operation 3 [1/1] (1.83ns)   --->   "%rows_read = read i16 @_ssdm_op_Read.ap_fifo.i16P, i16 %rows" [/tools/Xilinx/Vitis/2020.1/workspace/test_fast/libs/xf_opencv/L1/include/video/xf_pyr_dense_optical_flow.hpp:360->/tools/Xilinx/Vitis/2020.1/workspace/test_fast/libs/xf_opencv/L1/include/video/xf_pyr_dense_optical_flow.hpp:355]   --->   Operation 3 'read' 'rows_read' <Predicate = true> <Delay = 1.83> <CoreInst = "FIFO_SRL">   --->   Core 21 'FIFO_SRL' <Latency = 0> <II = 1> <Delay = 1.83> <Storage> <Opcode : 'read' 'write' 'nbread' 'nbwrite'> <Ports = 0> <Width = 16> <Depth = 2> <FIFO>
ST_1 : Operation 4 [1/1] (1.83ns)   --->   "%cols_read = read i16 @_ssdm_op_Read.ap_fifo.i16P, i16 %cols" [/tools/Xilinx/Vitis/2020.1/workspace/test_fast/libs/xf_opencv/L1/include/video/xf_pyr_dense_optical_flow.hpp:360->/tools/Xilinx/Vitis/2020.1/workspace/test_fast/libs/xf_opencv/L1/include/video/xf_pyr_dense_optical_flow.hpp:355]   --->   Operation 4 'read' 'cols_read' <Predicate = true> <Delay = 1.83> <CoreInst = "FIFO_SRL">   --->   Core 21 'FIFO_SRL' <Latency = 0> <II = 1> <Delay = 1.83> <Storage> <Opcode : 'read' 'write' 'nbread' 'nbwrite'> <Ports = 0> <Width = 16> <Depth = 2> <FIFO>
ST_1 : Operation 5 [2/2] (0.00ns)   --->   "%call_ln378 = call void @auMedian3x3<1080, 1920, 0, 0, 0, 1922, 5, 25, 16, 10, false>, i16 %strmFlowV_fil, i16 %strmFlowV_fil_out, i1 %flagV, i16 %rows_read, i16 %cols_read" [/tools/Xilinx/Vitis/2020.1/workspace/test_fast/libs/xf_opencv/L1/include/video/xf_pyr_dense_optical_flow_median_blur.hpp:378->/tools/Xilinx/Vitis/2020.1/workspace/test_fast/libs/xf_opencv/L1/include/video/xf_pyr_dense_optical_flow.hpp:387->/tools/Xilinx/Vitis/2020.1/workspace/test_fast/libs/xf_opencv/L1/include/video/xf_pyr_dense_optical_flow.hpp:355]   --->   Operation 5 'call' 'call_ln378' <Predicate = true> <Delay = 0.00> <CoreType = "Generic">   --->   Core 0 '' <Latency = 0> <II = 1> <Delay = 1.00> <Generic> <Opcode : >

State 2 <SV = 1> <Delay = 0.00>
ST_2 : Operation 6 [1/1] (0.00ns)   --->   "%specinterface_ln0 = specinterface void @_ssdm_op_SpecInterface, i16 %strmFlowV_fil, void @empty_35, i32, i32, void @empty_25, i32, i32, void @empty_25, void @empty_25, void @empty_25, i32, i32, i32, i32, void @empty_25, void @empty_25"   --->   Operation 6 'specinterface' 'specinterface_ln0' <Predicate = true> <Delay = 0.00>
ST_2 : Operation 7 [1/1] (0.00ns)   --->   "%specinterface_ln0 = specinterface void @_ssdm_op_SpecInterface, i16 %strmFlowV_fil_out, void @empty_35, i32, i32, void @empty_25, i32, i32, void @empty_25, void @empty_25, void @empty_25, i32, i32, i32, i32, void @empty_25, void @empty_25"   --->   Operation 7 'specinterface' 'specinterface_ln0' <Predicate = true> <Delay = 0.00>
ST_2 : Operation 8 [1/1] (0.00ns)   --->   "%specinterface_ln0 = specinterface void @_ssdm_op_SpecInterface, i1 %flagV, void @empty_35, i32, i32, void @empty_25, i32, i32, void @empty_25, void @empty_25, void @empty_25, i32, i32, i32, i32, void @empty_25, void @empty_25"   --->   Operation 8 'specinterface' 'specinterface_ln0' <Predicate = true> <Delay = 0.00>
ST_2 : Operation 9 [1/1] (0.00ns)   --->   "%specinterface_ln0 = specinterface void @_ssdm_op_SpecInterface, i16 %cols, void @ap_fifo_str, i32, i32, void @p_str, i32, i32, void @p_str, void @p_str, void @p_str, i32, i32, i32, i32, void @p_str, void @ScalarProp_str"   --->   Operation 9 'specinterface' 'specinterface_ln0' <Predicate = true> <Delay = 0.00>
ST_2 : Operation 10 [1/1] (0.00ns)   --->   "%specinterface_ln0 = specinterface void @_ssdm_op_SpecInterface, i16 %rows, void @ap_fifo_str, i32, i32, void @p_str, i32, i32, void @p_str, void @p_str, void @p_str, i32, i32, i32, i32, void @p_str, void @ScalarProp_str"   --->   Operation 10 'specinterface' 'specinterface_ln0' <Predicate = true> <Delay = 0.00>
ST_2 : Operation 11 [1/1] (0.00ns)   --->   "%specinterface_ln0 = specinterface void @_ssdm_op_SpecInterface, i1 %flagV, void @empty_35, i32, i32, void @empty_25, i32, i32, void @empty_25, void @empty_25, void @empty_25, i32, i32, i32, i32, void @empty_25, void @empty_25"   --->   Operation 11 'specinterface' 'specinterface_ln0' <Predicate = true> <Delay = 0.00>
ST_2 : Operation 12 [1/1] (0.00ns)   --->   "%specinterface_ln0 = specinterface void @_ssdm_op_SpecInterface, i16 %strmFlowV_fil_out, void @empty_35, i32, i32, void @empty_25, i32, i32, void @empty_25, void @empty_25, void @empty_25, i32, i32, i32, i32, void @empty_25, void @empty_25"   --->   Operation 12 'specinterface' 'specinterface_ln0' <Predicate = true> <Delay = 0.00>
ST_2 : Operation 13 [1/1] (0.00ns)   --->   "%specinterface_ln0 = specinterface void @_ssdm_op_SpecInterface, i16 %strmFlowV_fil, void @empty_35, i32, i32, void @empty_25, i32, i32, void @empty_25, void @empty_25, void @empty_25, i32, i32, i32, i32, void @empty_25, void @empty_25"   --->   Operation 13 'specinterface' 'specinterface_ln0' <Predicate = true> <Delay = 0.00>
ST_2 : Operation 14 [1/2] (0.00ns)   --->   "%call_ln378 = call void @auMedian3x3<1080, 1920, 0, 0, 0, 1922, 5, 25, 16, 10, false>, i16 %strmFlowV_fil, i16 %strmFlowV_fil_out, i1 %flagV, i16 %rows_read, i16 %cols_read" [/tools/Xilinx/Vitis/2020.1/workspace/test_fast/libs/xf_opencv/L1/include/video/xf_pyr_dense_optical_flow_median_blur.hpp:378->/tools/Xilinx/Vitis/2020.1/workspace/test_fast/libs/xf_opencv/L1/include/video/xf_pyr_dense_optical_flow.hpp:387->/tools/Xilinx/Vitis/2020.1/workspace/test_fast/libs/xf_opencv/L1/include/video/xf_pyr_dense_optical_flow.hpp:355]   --->   Operation 14 'call' 'call_ln378' <Predicate = true> <Delay = 0.00> <CoreType = "Generic">   --->   Core 0 '' <Latency = 0> <II = 1> <Delay = 1.00> <Generic> <Opcode : >
ST_2 : Operation 15 [1/1] (0.00ns)   --->   "%ret_ln355 = ret" [/tools/Xilinx/Vitis/2020.1/workspace/test_fast/libs/xf_opencv/L1/include/video/xf_pyr_dense_optical_flow.hpp:355]   --->   Operation 15 'ret' 'ret_ln355' <Predicate = true> <Delay = 0.00>


============================================================
+ Verbose Summary: Binding
============================================================
STG Binding: 
---------------- STG Properties BEGIN ----------------
- Is combinational: 0
- Is one-state seq: 0
- Is datapath-only: 0
- Is pipelined: 0
- Is top level: 0
Port [ Return ] is wired: 1; IO mode=ap_ctrl_hs:ce=0
Port [ strmFlowV_fil]:  wired=1; compound=1; hidden=0; nouse=0; global=0; static=0; extern=0; dir=0; type=3; pingpong=0; private_global=0; IO mode=ap_fifo:ce=0
Port [ strmFlowV_fil_out]:  wired=1; compound=1; hidden=0; nouse=0; global=0; static=0; extern=0; dir=1; type=3; pingpong=0; private_global=0; IO mode=ap_fifo:ce=0
Port [ flagV]:  wired=1; compound=1; hidden=0; nouse=0; global=0; static=0; extern=0; dir=0; type=3; pingpong=0; private_global=0; IO mode=ap_fifo:ce=0
Port [ rows]:  wired=1; compound=1; hidden=0; nouse=0; global=0; static=0; extern=0; dir=0; type=3; pingpong=0; private_global=0; IO mode=ap_fifo:ce=0
Port [ cols]:  wired=1; compound=1; hidden=0; nouse=0; global=0; static=0; extern=0; dir=0; type=3; pingpong=0; private_global=0; IO mode=ap_fifo:ce=0
---------------- STG Properties END ------------------

---------------- Datapath Model BEGIN ----------------

<LifeTime>
<method=bitvector/>
rows_read         (read         ) [ 001]
cols_read         (read         ) [ 001]
specinterface_ln0 (specinterface) [ 000]
specinterface_ln0 (specinterface) [ 000]
specinterface_ln0 (specinterface) [ 000]
specinterface_ln0 (specinterface) [ 000]
specinterface_ln0 (specinterface) [ 000]
specinterface_ln0 (specinterface) [ 000]
specinterface_ln0 (specinterface) [ 000]
specinterface_ln0 (specinterface) [ 000]
call_ln378        (call         ) [ 000]
ret_ln355         (ret          ) [ 000]
</LifeTime>

<model>

<comp_list>
<comp id="0" class="1000" name="strmFlowV_fil">
<pin_list>
<pin id="1" dir="1" index="0" bw="1" slack="0"/>
</pin_list>
<bind>
<StgValue><ssdm name="strmFlowV_fil"/></StgValue>
</bind>
</comp>

<comp id="2" class="1000" name="strmFlowV_fil_out">
<pin_list>
<pin id="3" dir="1" index="0" bw="1" slack="0"/>
</pin_list>
<bind>
<StgValue><ssdm name="strmFlowV_fil_out"/></StgValue>
</bind>
</comp>

<comp id="4" class="1000" name="flagV">
<pin_list>
<pin id="5" dir="1" index="0" bw="1" slack="0"/>
</pin_list>
<bind>
<StgValue><ssdm name="flagV"/></StgValue>
</bind>
</comp>

<comp id="6" class="1000" name="rows">
<pin_list>
<pin id="7" dir="1" index="0" bw="1" slack="0"/>
</pin_list>
<bind>
<StgValue><ssdm name="rows"/></StgValue>
</bind>
</comp>

<comp id="8" class="1000" name="cols">
<pin_list>
<pin id="9" dir="1" index="0" bw="1" slack="0"/>
</pin_list>
<bind>
<StgValue><ssdm name="cols"/></StgValue>
</bind>
</comp>

<comp id="10" class="1001" name="const_10">
<pin_list>
<pin id="11" dir="1" index="0" bw="1" slack="0"/>
</pin_list>
<bind>
<StgValue><ssdm name="_ssdm_op_Read.ap_fifo.i16P"/></StgValue>
</bind>
</comp>

<comp id="12" class="1001" name="const_12">
<pin_list>
<pin id="13" dir="1" index="0" bw="1" slack="0"/>
</pin_list>
<bind>
<StgValue><ssdm name="auMedian3x3<1080, 1920, 0, 0, 0, 1922, 5, 25, 16, 10, false>"/></StgValue>
</bind>
</comp>

<comp id="14" class="1001" name="const_14">
<pin_list>
<pin id="15" dir="1" index="0" bw="1" slack="2147483647"/>
</pin_list>
<bind>
<StgValue><ssdm name="_ssdm_op_SpecInterface"/></StgValue>
</bind>
</comp>

<comp id="16" class="1001" name="const_16">
<pin_list>
<pin id="17" dir="1" index="0" bw="1" slack="2147483647"/>
</pin_list>
<bind>
<StgValue><ssdm name="empty_35"/></StgValue>
</bind>
</comp>

<comp id="18" class="1001" name="const_18">
<pin_list>
<pin id="19" dir="1" index="0" bw="1" slack="2147483647"/>
</pin_list>
<bind>
<StgValue><ssdm name=""/></StgValue>
</bind>
</comp>

<comp id="20" class="1001" name="const_20">
<pin_list>
<pin id="21" dir="1" index="0" bw="1" slack="2147483647"/>
</pin_list>
<bind>
<StgValue><ssdm name="empty_25"/></StgValue>
</bind>
</comp>

<comp id="22" class="1001" name="const_22">
<pin_list>
<pin id="23" dir="1" index="0" bw="1" slack="2147483647"/>
</pin_list>
<bind>
<StgValue><ssdm name="ap_fifo_str"/></StgValue>
</bind>
</comp>

<comp id="24" class="1001" name="const_24">
<pin_list>
<pin id="25" dir="1" index="0" bw="1" slack="2147483647"/>
</pin_list>
<bind>
<StgValue><ssdm name="p_str"/></StgValue>
</bind>
</comp>

<comp id="26" class="1001" name="const_26">
<pin_list>
<pin id="27" dir="1" index="0" bw="1" slack="2147483647"/>
</pin_list>
<bind>
<StgValue><ssdm name=""/></StgValue>
</bind>
</comp>

<comp id="28" class="1001" name="const_28">
<pin_list>
<pin id="29" dir="1" index="0" bw="1" slack="2147483647"/>
</pin_list>
<bind>
<StgValue><ssdm name=""/></StgValue>
</bind>
</comp>

<comp id="30" class="1001" name="const_30">
<pin_list>
<pin id="31" dir="1" index="0" bw="1" slack="2147483647"/>
</pin_list>
<bind>
<StgValue><ssdm name="ScalarProp_str"/></StgValue>
</bind>
</comp>

<comp id="32" class="1004" name="rows_read_read_fu_32">
<pin_list>
<pin id="33" dir="0" index="0" bw="16" slack="0"/>
<pin id="34" dir="0" index="1" bw="16" slack="0"/>
<pin id="35" dir="1" index="2" bw="16" slack="0"/>
</pin_list>
<bind>
<opcode="read(1150) " fcode="read"/>
<opset="rows_read/1 "/>
</bind>
</comp>

<comp id="38" class="1004" name="cols_read_read_fu_38">
<pin_list>
<pin id="39" dir="0" index="0" bw="16" slack="0"/>
<pin id="40" dir="0" index="1" bw="16" slack="0"/>
<pin id="41" dir="1" index="2" bw="16" slack="0"/>
</pin_list>
<bind>
<opcode="read(1150) " fcode="read"/>
<opset="cols_read/1 "/>
</bind>
</comp>

<comp id="44" class="1004" name="grp_auMedian3x3_1080_1920_0_0_0_1922_5_25_16_10_false_s_fu_44">
<pin_list>
<pin id="45" dir="0" index="0" bw="0" slack="0"/>
<pin id="46" dir="0" index="1" bw="16" slack="0"/>
<pin id="47" dir="0" index="2" bw="16" slack="0"/>
<pin id="48" dir="0" index="3" bw="1" slack="0"/>
<pin id="49" dir="0" index="4" bw="16" slack="0"/>
<pin id="50" dir="0" index="5" bw="16" slack="0"/>
<pin id="51" dir="1" index="6" bw="0" slack="2147483647"/>
</pin_list>
<bind>
<opcode="call(48) " fcode="call"/>
<opset="call_ln378/1 "/>
</bind>
</comp>

<comp id="58" class="1005" name="rows_read_reg_58">
<pin_list>
<pin id="59" dir="0" index="0" bw="16" slack="1"/>
<pin id="60" dir="1" index="1" bw="16" slack="1"/>
</pin_list>
<bind>
<opset="rows_read "/>
</bind>
</comp>

<comp id="63" class="1005" name="cols_read_reg_63">
<pin_list>
<pin id="64" dir="0" index="0" bw="16" slack="1"/>
<pin id="65" dir="1" index="1" bw="16" slack="1"/>
</pin_list>
<bind>
<opset="cols_read "/>
</bind>
</comp>

</comp_list>

<net_list>
<net id="36"><net_src comp="10" pin="0"/><net_sink comp="32" pin=0"/></net>

<net id="37"><net_src comp="6" pin="0"/><net_sink comp="32" pin=1"/></net>

<net id="42"><net_src comp="10" pin="0"/><net_sink comp="38" pin=0"/></net>

<net id="43"><net_src comp="8" pin="0"/><net_sink comp="38" pin=1"/></net>

<net id="52"><net_src comp="12" pin="0"/><net_sink comp="44" pin=0"/></net>

<net id="53"><net_src comp="0" pin="0"/><net_sink comp="44" pin=1"/></net>

<net id="54"><net_src comp="2" pin="0"/><net_sink comp="44" pin=2"/></net>

<net id="55"><net_src comp="4" pin="0"/><net_sink comp="44" pin=3"/></net>

<net id="56"><net_src comp="32" pin="2"/><net_sink comp="44" pin=4"/></net>

<net id="57"><net_src comp="38" pin="2"/><net_sink comp="44" pin=5"/></net>

<net id="61"><net_src comp="32" pin="2"/><net_sink comp="58" pin=0"/></net>

<net id="62"><net_src comp="58" pin="1"/><net_sink comp="44" pin=4"/></net>

<net id="66"><net_src comp="38" pin="2"/><net_sink comp="63" pin=0"/></net>

<net id="67"><net_src comp="63" pin="1"/><net_sink comp="44" pin=5"/></net>

</net_list>

</model> 
---------------- Datapath Model END ------------------

* FSMD analyzer results:
  - Output states:
	Port: strmFlowV_fil_out | {1 2 }
 - Input state : 
	Port: auMedianBlur<1080, 1920, 0, 0, 0, 0, 5, 25, 16, 10, false> : strmFlowV_fil | {1 2 }
	Port: auMedianBlur<1080, 1920, 0, 0, 0, 0, 5, 25, 16, 10, false> : flagV | {1 2 }
	Port: auMedianBlur<1080, 1920, 0, 0, 0, 0, 5, 25, 16, 10, false> : rows | {1 }
	Port: auMedianBlur<1080, 1920, 0, 0, 0, 0, 5, 25, 16, 10, false> : cols | {1 }
  - Chain level:
	State 1
	State 2


============================================================
+ Verbose Summary: Datapath Resource usage 
============================================================

* Functional unit list:
|----------|---------------------------------------------------------------|---------|---------|---------|---------|
| Operation|                        Functional Unit                        |   BRAM  |  Delay  |    FF   |   LUT   |
|----------|---------------------------------------------------------------|---------|---------|---------|---------|
|   call   | grp_auMedian3x3_1080_1920_0_0_0_1922_5_25_16_10_false_s_fu_44 |    10   | 12.1643 |   3591  |  11706  |
|----------|---------------------------------------------------------------|---------|---------|---------|---------|
|   read   |                      rows_read_read_fu_32                     |    0    |    0    |    0    |    0    |
|          |                      cols_read_read_fu_38                     |    0    |    0    |    0    |    0    |
|----------|---------------------------------------------------------------|---------|---------|---------|---------|
|   Total  |                                                               |    10   | 12.1643 |   3591  |  11706  |
|----------|---------------------------------------------------------------|---------|---------|---------|---------|

Memories:
N/A

* Register list:
+----------------+--------+
|                |   FF   |
+----------------+--------+
|cols_read_reg_63|   16   |
|rows_read_reg_58|   16   |
+----------------+--------+
|      Total     |   32   |
+----------------+--------+

* Multiplexer (MUX) list: 
|---------------------------------------------------------------|------|------|------|--------||---------||---------|
|                              Comp                             |  Pin | Size |  BW  | S x BW ||  Delay  ||   LUT   |
|---------------------------------------------------------------|------|------|------|--------||---------||---------|
| grp_auMedian3x3_1080_1920_0_0_0_1922_5_25_16_10_false_s_fu_44 |  p4  |   2  |  16  |   32   ||    9    |
| grp_auMedian3x3_1080_1920_0_0_0_1922_5_25_16_10_false_s_fu_44 |  p5  |   2  |  16  |   32   ||    9    |
|---------------------------------------------------------------|------|------|------|--------||---------||---------|
|                             Total                             |      |      |      |   64   ||  1.312  ||    18   |
|---------------------------------------------------------------|------|------|------|--------||---------||---------|



* Summary:
+-----------+--------+--------+--------+--------+
|           |  BRAM  |  Delay |   FF   |   LUT  |
+-----------+--------+--------+--------+--------+
|  Function |   10   |   12   |  3591  |  11706 |
|   Memory  |    -   |    -   |    -   |    -   |
|Multiplexer|    -   |    1   |    -   |   18   |
|  Register |    -   |    -   |   32   |    -   |
+-----------+--------+--------+--------+--------+
|   Total   |   10   |   13   |  3623  |  11724 |
+-----------+--------+--------+--------+--------+
