

================================================================
== Vitis HLS Report for 'Axi2Mat'
================================================================
* Date:           Thu Mar 25 14:59:49 2021

* Version:        2020.1.1 (Build 2960000 on Wed Aug 05 23:18:37 MDT 2020)
* Project:        pyr_dense_optical_flow_accel
* Solution:       solution (Vitis Kernel Flow Target)
* Product family: zynquplus
* Target device:  xczu7ev-ffvc1156-2-e


================================================================
== Performance Estimates
================================================================
+ Timing: 
    * Summary: 
    +--------+---------+----------+------------+
    |  Clock |  Target | Estimated| Uncertainty|
    +--------+---------+----------+------------+
    |ap_clk  | 6.67 ns | 5.085 ns |   1.80 ns  |
    +--------+---------+----------+------------+

+ Latency: 
    * Summary: 
    +---------+---------+----------+-----------+-----+---------+----------+
    |  Latency (cycles) |  Latency (absolute)  |    Interval   | Pipeline |
    |   min   |   max   |    min   |    max    | min |   max   |   Type   |
    +---------+---------+----------+-----------+-----+---------+----------+
    |       78|  2073677| 0.520 us | 13.825 ms |    6|  2073674| dataflow |
    +---------+---------+----------+-----------+-----+---------+----------+

    + Detail: 
        * Instance: 
        +-------------------------------+----------------------------+---------+---------+-----------+-----------+-----+---------+---------+
        |                               |                            |  Latency (cycles) |   Latency (absolute)  |    Interval   | Pipeline|
        |            Instance           |           Module           |   min   |   max   |    min    |    max    | min |   max   |   Type  |
        +-------------------------------+----------------------------+---------+---------+-----------+-----------+-----+---------+---------+
        |AxiStream2MatStream_U0         |AxiStream2MatStream         |        5|  2073604| 33.335 ns | 13.825 ms |    5|  2073604|   none  |
        |Axi2AxiStream_U0               |Axi2AxiStream               |        1|  2073673|  6.667 ns | 13.825 ms |    1|  2073673|   none  |
        |addrbound22_U0                 |addrbound22                 |        0|        0|    0 ns   |    0 ns   |    0|        0|   none  |
        |Axi2Mat_entry6_U0              |Axi2Mat_entry6              |        0|        0|    0 ns   |    0 ns   |    0|        0|   none  |
        |Axi2Mat_entry42_U0             |Axi2Mat_entry42             |        0|        0|    0 ns   |    0 ns   |    0|        0|   none  |
        |last_blk_pxl_width21_U0        |last_blk_pxl_width21        |        0|        0|    0 ns   |    0 ns   |    0|        0|   none  |
        |Axi2Mat_Block_split15_proc_U0  |Axi2Mat_Block_split15_proc  |        0|        0|    0 ns   |    0 ns   |    0|        0|   none  |
        +-------------------------------+----------------------------+---------+---------+-----------+-----------+-----+---------+---------+

        * Loop: 
        N/A



================================================================
== Utilization Estimates
================================================================
* Summary: 
+-----------------+---------+------+--------+--------+-----+
|       Name      | BRAM_18K|  DSP |   FF   |   LUT  | URAM|
+-----------------+---------+------+--------+--------+-----+
|DSP              |        -|     -|       -|       -|    -|
|Expression       |        -|     -|       0|      43|    -|
|FIFO             |        -|     -|    1188|     805|    -|
|Instance         |        -|     5|     714|    2952|    -|
|Memory           |        -|     -|       -|       -|    -|
|Multiplexer      |        -|     -|       -|      54|    -|
|Register         |        -|     -|       9|       -|    -|
+-----------------+---------+------+--------+--------+-----+
|Total            |        0|     5|    1911|    3854|    0|
+-----------------+---------+------+--------+--------+-----+
|Available        |      624|  1728|  460800|  230400|   96|
+-----------------+---------+------+--------+--------+-----+
|Utilization (%)  |        0|  ~0  |   ~0   |       1|    0|
+-----------------+---------+------+--------+--------+-----+

+ Detail: 
    * Instance: 
    +-------------------------------+----------------------------+---------+----+-----+------+-----+
    |            Instance           |           Module           | BRAM_18K| DSP|  FF |  LUT | URAM|
    +-------------------------------+----------------------------+---------+----+-----+------+-----+
    |Axi2AxiStream_U0               |Axi2AxiStream               |        0|   0|  197|   482|    0|
    |Axi2Mat_Block_split15_proc_U0  |Axi2Mat_Block_split15_proc  |        0|   0|   24|    20|    0|
    |Axi2Mat_entry42_U0             |Axi2Mat_entry42             |        0|   0|    3|    74|    0|
    |Axi2Mat_entry6_U0              |Axi2Mat_entry6              |        0|   0|    3|    47|    0|
    |AxiStream2MatStream_U0         |AxiStream2MatStream         |        0|   3|  460|  2222|    0|
    |addrbound22_U0                 |addrbound22                 |        0|   2|   24|    78|    0|
    |last_blk_pxl_width21_U0        |last_blk_pxl_width21        |        0|   0|    3|    29|    0|
    +-------------------------------+----------------------------+---------+----+-----+------+-----+
    |Total                          |                            |        0|   5|  714|  2952|    0|
    +-------------------------------+----------------------------+---------+----+-----+------+-----+

    * DSP: 
    N/A

    * Memory: 
    N/A

    * FIFO: 
    +--------------------+---------+----+----+-----+------+-----+---------+
    |        Name        | BRAM_18K| FF | LUT| URAM| Depth| Bits| Size:D*B|
    +--------------------+---------+----+----+-----+------+-----+---------+
    |axibound_V_U        |        0|  99|   0|    -|     2|   22|       44|
    |cols_c14_U          |        0|  99|   0|    -|     4|   32|      128|
    |cols_c3_U           |        0|  99|   0|    -|     2|   32|       64|
    |cols_c_U            |        0|  99|   0|    -|     2|   32|       64|
    |din_c1_U            |        0|  99|   0|    -|     2|   64|      128|
    |din_c_U             |        0|  99|   0|    -|     4|   64|      256|
    |last_blk_width_c_U  |        0|  99|   0|    -|     6|    6|       36|
    |ldata_U             |        0|  99|   0|    -|     2|   32|       64|
    |p_channel_U         |        0|  99|   0|    -|     2|   22|       44|
    |rows_c13_U          |        0|  99|   0|    -|     4|   32|      128|
    |rows_c2_U           |        0|  99|   0|    -|     2|   32|       64|
    |rows_c_U            |        0|  99|   0|    -|     2|   32|       64|
    +--------------------+---------+----+----+-----+------+-----+---------+
    |Total               |        0|1188|   0|    0|    34|  402|     1084|
    +--------------------+---------+----+----+-----+------+-----+---------+

    * Expression: 
    +------------------------------------------+----------+----+---+----+------------+------------+
    |               Variable Name              | Operation| DSP| FF| LUT| Bitwidth P0| Bitwidth P1|
    +------------------------------------------+----------+----+---+----+------------+------------+
    |Axi2AxiStream_U0_ap_ready_count           |     +    |   0|  0|   9|           2|           1|
    |Axi2Mat_entry6_U0_ap_ready_count          |     +    |   0|  0|   9|           2|           1|
    |last_blk_pxl_width21_U0_ap_ready_count    |     +    |   0|  0|   9|           2|           1|
    |Axi2AxiStream_U0_ap_start                 |    and   |   0|  0|   2|           1|           1|
    |Axi2Mat_entry6_U0_ap_start                |    and   |   0|  0|   2|           1|           1|
    |ap_idle                                   |    and   |   0|  0|   2|           1|           1|
    |ap_sync_ready                             |    and   |   0|  0|   2|           1|           1|
    |last_blk_pxl_width21_U0_ap_start          |    and   |   0|  0|   2|           1|           1|
    |ap_sync_Axi2AxiStream_U0_ap_ready         |    or    |   0|  0|   2|           1|           1|
    |ap_sync_Axi2Mat_entry6_U0_ap_ready        |    or    |   0|  0|   2|           1|           1|
    |ap_sync_last_blk_pxl_width21_U0_ap_ready  |    or    |   0|  0|   2|           1|           1|
    +------------------------------------------+----------+----+---+----+------------+------------+
    |Total                                     |          |   0|  0|  43|          14|          11|
    +------------------------------------------+----------+----+---+----+------------+------------+

    * Multiplexer: 
    +----------------------------------------------+----+-----------+-----+-----------+
    |                     Name                     | LUT| Input Size| Bits| Total Bits|
    +----------------------------------------------+----+-----------+-----+-----------+
    |Axi2AxiStream_U0_ap_ready_count               |   9|          2|    2|          4|
    |Axi2Mat_entry6_U0_ap_ready_count              |   9|          2|    2|          4|
    |ap_sync_reg_Axi2AxiStream_U0_ap_ready         |   9|          2|    1|          2|
    |ap_sync_reg_Axi2Mat_entry6_U0_ap_ready        |   9|          2|    1|          2|
    |ap_sync_reg_last_blk_pxl_width21_U0_ap_ready  |   9|          2|    1|          2|
    |last_blk_pxl_width21_U0_ap_ready_count        |   9|          2|    2|          4|
    +----------------------------------------------+----+-----------+-----+-----------+
    |Total                                         |  54|         12|    9|         18|
    +----------------------------------------------+----+-----------+-----+-----------+

    * Register: 
    +----------------------------------------------+---+----+-----+-----------+
    |                     Name                     | FF| LUT| Bits| Const Bits|
    +----------------------------------------------+---+----+-----+-----------+
    |Axi2AxiStream_U0_ap_ready_count               |  2|   0|    2|          0|
    |Axi2Mat_entry6_U0_ap_ready_count              |  2|   0|    2|          0|
    |ap_sync_reg_Axi2AxiStream_U0_ap_ready         |  1|   0|    1|          0|
    |ap_sync_reg_Axi2Mat_entry6_U0_ap_ready        |  1|   0|    1|          0|
    |ap_sync_reg_last_blk_pxl_width21_U0_ap_ready  |  1|   0|    1|          0|
    |last_blk_pxl_width21_U0_ap_ready_count        |  2|   0|    2|          0|
    +----------------------------------------------+---+----+-----+-----------+
    |Total                                         |  9|   0|    9|          0|
    +----------------------------------------------+---+----+-----+-----------+



================================================================
== Interface
================================================================
* Summary: 
+-----------------------------+-----+-----+------------+----------------------+--------------+
|          RTL Ports          | Dir | Bits|  Protocol  |     Source Object    |    C Type    |
+-----------------------------+-----+-----+------------+----------------------+--------------+
|m_axi_gmem3_AWVALID          | out |    1|    m_axi   |         gmem3        |    pointer   |
|m_axi_gmem3_AWREADY          |  in |    1|    m_axi   |         gmem3        |    pointer   |
|m_axi_gmem3_AWADDR           | out |   64|    m_axi   |         gmem3        |    pointer   |
|m_axi_gmem3_AWID             | out |    1|    m_axi   |         gmem3        |    pointer   |
|m_axi_gmem3_AWLEN            | out |   32|    m_axi   |         gmem3        |    pointer   |
|m_axi_gmem3_AWSIZE           | out |    3|    m_axi   |         gmem3        |    pointer   |
|m_axi_gmem3_AWBURST          | out |    2|    m_axi   |         gmem3        |    pointer   |
|m_axi_gmem3_AWLOCK           | out |    2|    m_axi   |         gmem3        |    pointer   |
|m_axi_gmem3_AWCACHE          | out |    4|    m_axi   |         gmem3        |    pointer   |
|m_axi_gmem3_AWPROT           | out |    3|    m_axi   |         gmem3        |    pointer   |
|m_axi_gmem3_AWQOS            | out |    4|    m_axi   |         gmem3        |    pointer   |
|m_axi_gmem3_AWREGION         | out |    4|    m_axi   |         gmem3        |    pointer   |
|m_axi_gmem3_AWUSER           | out |    1|    m_axi   |         gmem3        |    pointer   |
|m_axi_gmem3_WVALID           | out |    1|    m_axi   |         gmem3        |    pointer   |
|m_axi_gmem3_WREADY           |  in |    1|    m_axi   |         gmem3        |    pointer   |
|m_axi_gmem3_WDATA            | out |   32|    m_axi   |         gmem3        |    pointer   |
|m_axi_gmem3_WSTRB            | out |    4|    m_axi   |         gmem3        |    pointer   |
|m_axi_gmem3_WLAST            | out |    1|    m_axi   |         gmem3        |    pointer   |
|m_axi_gmem3_WID              | out |    1|    m_axi   |         gmem3        |    pointer   |
|m_axi_gmem3_WUSER            | out |    1|    m_axi   |         gmem3        |    pointer   |
|m_axi_gmem3_ARVALID          | out |    1|    m_axi   |         gmem3        |    pointer   |
|m_axi_gmem3_ARREADY          |  in |    1|    m_axi   |         gmem3        |    pointer   |
|m_axi_gmem3_ARADDR           | out |   64|    m_axi   |         gmem3        |    pointer   |
|m_axi_gmem3_ARID             | out |    1|    m_axi   |         gmem3        |    pointer   |
|m_axi_gmem3_ARLEN            | out |   32|    m_axi   |         gmem3        |    pointer   |
|m_axi_gmem3_ARSIZE           | out |    3|    m_axi   |         gmem3        |    pointer   |
|m_axi_gmem3_ARBURST          | out |    2|    m_axi   |         gmem3        |    pointer   |
|m_axi_gmem3_ARLOCK           | out |    2|    m_axi   |         gmem3        |    pointer   |
|m_axi_gmem3_ARCACHE          | out |    4|    m_axi   |         gmem3        |    pointer   |
|m_axi_gmem3_ARPROT           | out |    3|    m_axi   |         gmem3        |    pointer   |
|m_axi_gmem3_ARQOS            | out |    4|    m_axi   |         gmem3        |    pointer   |
|m_axi_gmem3_ARREGION         | out |    4|    m_axi   |         gmem3        |    pointer   |
|m_axi_gmem3_ARUSER           | out |    1|    m_axi   |         gmem3        |    pointer   |
|m_axi_gmem3_RVALID           |  in |    1|    m_axi   |         gmem3        |    pointer   |
|m_axi_gmem3_RREADY           | out |    1|    m_axi   |         gmem3        |    pointer   |
|m_axi_gmem3_RDATA            |  in |   32|    m_axi   |         gmem3        |    pointer   |
|m_axi_gmem3_RLAST            |  in |    1|    m_axi   |         gmem3        |    pointer   |
|m_axi_gmem3_RID              |  in |    1|    m_axi   |         gmem3        |    pointer   |
|m_axi_gmem3_RUSER            |  in |    1|    m_axi   |         gmem3        |    pointer   |
|m_axi_gmem3_RRESP            |  in |    2|    m_axi   |         gmem3        |    pointer   |
|m_axi_gmem3_BVALID           |  in |    1|    m_axi   |         gmem3        |    pointer   |
|m_axi_gmem3_BREADY           | out |    1|    m_axi   |         gmem3        |    pointer   |
|m_axi_gmem3_BRESP            |  in |    2|    m_axi   |         gmem3        |    pointer   |
|m_axi_gmem3_BID              |  in |    1|    m_axi   |         gmem3        |    pointer   |
|m_axi_gmem3_BUSER            |  in |    1|    m_axi   |         gmem3        |    pointer   |
|streamFlowin_mat_436_din     | out |   32|   ap_fifo  | streamFlowin_mat_436 |    pointer   |
|streamFlowin_mat_436_full_n  |  in |    1|   ap_fifo  | streamFlowin_mat_436 |    pointer   |
|streamFlowin_mat_436_write   | out |    1|   ap_fifo  | streamFlowin_mat_436 |    pointer   |
|din                          |  in |   64|   ap_none  |          din         |    scalar    |
|din_ap_vld                   |  in |    1|   ap_none  |          din         |    scalar    |
|rows                         |  in |   32|   ap_none  |         rows         |    scalar    |
|rows_ap_vld                  |  in |    1|   ap_none  |         rows         |    scalar    |
|cols                         |  in |   32|   ap_none  |         cols         |    scalar    |
|cols_ap_vld                  |  in |    1|   ap_none  |         cols         |    scalar    |
|ap_clk                       |  in |    1| ap_ctrl_hs |        Axi2Mat       | return value |
|ap_rst                       |  in |    1| ap_ctrl_hs |        Axi2Mat       | return value |
|ap_start                     |  in |    1| ap_ctrl_hs |        Axi2Mat       | return value |
|ap_done                      | out |    1| ap_ctrl_hs |        Axi2Mat       | return value |
|ap_ready                     | out |    1| ap_ctrl_hs |        Axi2Mat       | return value |
|ap_idle                      | out |    1| ap_ctrl_hs |        Axi2Mat       | return value |
|ap_continue                  |  in |    1| ap_ctrl_hs |        Axi2Mat       | return value |
+-----------------------------+-----+-----+------------+----------------------+--------------+

============================================================
+ Verbose Summary: Synthesis Manager
============================================================
InlineROM: 1
ExposeGlobal: 0
============================================================
+ Verbose Summary: CDFG Model
============================================================
IsTopModel: 0
ResetActiveHigh: 1
IsCombinational: 2
IsDatapathOnly: 2
HasWiredReturn: 1
HasMFsm: 0
HasVarLatency: 1
IsPipeline: 0
IsRtlPipelined: 0
IsInstanceOverlapped: 0
IsDontTouch: 0
HasImplIP: 0
IsGatedGlobalClock: 0


============================================================
+ Verbose Summary: Schedule
============================================================
* Number of FSM states : 7
* Pipeline : 0
* Dataflow Pipeline: 1
  DF-Pipeline-0: Size = 7, States = { 1 2 3 4 5 6 7 }

* FSM state transitions: 
1 --> 2 
2 --> 3 
3 --> 4 
4 --> 5 
5 --> 6 
6 --> 7 
7 --> 

* FSM state operations: 

State 1 <SV = 0> <Delay = 1.83>
ST_1 : Operation 8 [1/1] (0.00ns)   --->   "%cols_read = read i32 @_ssdm_op_Read.ap_auto.i32, i32 %cols" [/tools/Xilinx/Vitis/2020.1/workspace/test_fast/libs/xf_opencv/L1/include/common/xf_structs.hpp:1115]   --->   Operation 8 'read' 'cols_read' <Predicate = true> <Delay = 0.00>
ST_1 : Operation 9 [1/1] (0.00ns)   --->   "%rows_read = read i32 @_ssdm_op_Read.ap_auto.i32, i32 %rows" [/tools/Xilinx/Vitis/2020.1/workspace/test_fast/libs/xf_opencv/L1/include/common/xf_structs.hpp:1115]   --->   Operation 9 'read' 'rows_read' <Predicate = true> <Delay = 0.00>
ST_1 : Operation 10 [1/1] (0.00ns)   --->   "%din_read = read i64 @_ssdm_op_Read.ap_auto.i64, i64 %din" [/tools/Xilinx/Vitis/2020.1/workspace/test_fast/libs/xf_opencv/L1/include/common/xf_structs.hpp:1115]   --->   Operation 10 'read' 'din_read' <Predicate = true> <Delay = 0.00>
ST_1 : Operation 11 [1/1] (0.00ns)   --->   "%cols_c3 = alloca i64" [/tools/Xilinx/Vitis/2020.1/workspace/test_fast/libs/xf_opencv/L1/include/common/xf_structs.hpp:1115]   --->   Operation 11 'alloca' 'cols_c3' <Predicate = true> <Delay = 0.00> <CoreInst = "FIFO_SRL">   --->   Core 21 'FIFO_SRL' <Latency = 0> <II = 1> <Delay = 1.83> <Storage> <Opcode : 'read' 'write' 'nbread' 'nbwrite'> <Ports = 0> <Width = 32> <Depth = 2> <FIFO>
ST_1 : Operation 12 [1/1] (0.00ns)   --->   "%rows_c2 = alloca i64" [/tools/Xilinx/Vitis/2020.1/workspace/test_fast/libs/xf_opencv/L1/include/common/xf_structs.hpp:1109]   --->   Operation 12 'alloca' 'rows_c2' <Predicate = true> <Delay = 0.00> <CoreInst = "FIFO_SRL">   --->   Core 21 'FIFO_SRL' <Latency = 0> <II = 1> <Delay = 1.83> <Storage> <Opcode : 'read' 'write' 'nbread' 'nbwrite'> <Ports = 0> <Width = 32> <Depth = 2> <FIFO>
ST_1 : Operation 13 [1/1] (0.00ns)   --->   "%din_c1 = alloca i64" [/tools/Xilinx/Vitis/2020.1/workspace/test_fast/libs/xf_opencv/L1/include/common/xf_structs.hpp:1107]   --->   Operation 13 'alloca' 'din_c1' <Predicate = true> <Delay = 0.00> <CoreInst = "FIFO_SRL">   --->   Core 21 'FIFO_SRL' <Latency = 0> <II = 1> <Delay = 1.83> <Storage> <Opcode : 'read' 'write' 'nbread' 'nbwrite'> <Ports = 0> <Width = 64> <Depth = 2> <FIFO>
ST_1 : Operation 14 [1/1] (0.00ns)   --->   "%p_channel = alloca i64"   --->   Operation 14 'alloca' 'p_channel' <Predicate = true> <Delay = 0.00> <CoreInst = "FIFO_SRL">   --->   Core 21 'FIFO_SRL' <Latency = 0> <II = 1> <Delay = 1.83> <Storage> <Opcode : 'read' 'write' 'nbread' 'nbwrite'> <Ports = 0> <Width = 22> <Depth = 2> <FIFO>
ST_1 : Operation 15 [1/1] (0.00ns)   --->   "%cols_c14 = alloca i64" [/tools/Xilinx/Vitis/2020.1/workspace/test_fast/libs/xf_opencv/L1/include/common/xf_structs.hpp:1115]   --->   Operation 15 'alloca' 'cols_c14' <Predicate = true> <Delay = 0.00> <CoreInst = "FIFO_SRL">   --->   Core 21 'FIFO_SRL' <Latency = 0> <II = 1> <Delay = 1.83> <Storage> <Opcode : 'read' 'write' 'nbread' 'nbwrite'> <Ports = 0> <Width = 32> <Depth = 4> <FIFO>
ST_1 : Operation 16 [1/1] (0.00ns)   --->   "%rows_c13 = alloca i64" [/tools/Xilinx/Vitis/2020.1/workspace/test_fast/libs/xf_opencv/L1/include/common/xf_structs.hpp:1109]   --->   Operation 16 'alloca' 'rows_c13' <Predicate = true> <Delay = 0.00> <CoreInst = "FIFO_SRL">   --->   Core 21 'FIFO_SRL' <Latency = 0> <II = 1> <Delay = 1.83> <Storage> <Opcode : 'read' 'write' 'nbread' 'nbwrite'> <Ports = 0> <Width = 32> <Depth = 4> <FIFO>
ST_1 : Operation 17 [1/1] (0.00ns)   --->   "%last_blk_width_c = alloca i64" [/tools/Xilinx/Vitis/2020.1/workspace/test_fast/libs/xf_opencv/L1/include/common/xf_structs.hpp:1116]   --->   Operation 17 'alloca' 'last_blk_width_c' <Predicate = true> <Delay = 0.00> <CoreInst = "FIFO_SRL">   --->   Core 21 'FIFO_SRL' <Latency = 0> <II = 1> <Delay = 1.88> <Storage> <Opcode : 'read' 'write' 'nbread' 'nbwrite'> <Ports = 0> <Width = 6> <Depth = 6> <FIFO>
ST_1 : Operation 18 [1/1] (0.00ns)   --->   "%cols_c = alloca i64" [/tools/Xilinx/Vitis/2020.1/workspace/test_fast/libs/xf_opencv/L1/include/common/xf_structs.hpp:1115]   --->   Operation 18 'alloca' 'cols_c' <Predicate = true> <Delay = 0.00> <CoreInst = "FIFO_SRL">   --->   Core 21 'FIFO_SRL' <Latency = 0> <II = 1> <Delay = 1.83> <Storage> <Opcode : 'read' 'write' 'nbread' 'nbwrite'> <Ports = 0> <Width = 32> <Depth = 2> <FIFO>
ST_1 : Operation 19 [1/1] (0.00ns)   --->   "%rows_c = alloca i64" [/tools/Xilinx/Vitis/2020.1/workspace/test_fast/libs/xf_opencv/L1/include/common/xf_structs.hpp:1109]   --->   Operation 19 'alloca' 'rows_c' <Predicate = true> <Delay = 0.00> <CoreInst = "FIFO_SRL">   --->   Core 21 'FIFO_SRL' <Latency = 0> <II = 1> <Delay = 1.83> <Storage> <Opcode : 'read' 'write' 'nbread' 'nbwrite'> <Ports = 0> <Width = 32> <Depth = 2> <FIFO>
ST_1 : Operation 20 [1/1] (0.00ns)   --->   "%din_c = alloca i64" [/tools/Xilinx/Vitis/2020.1/workspace/test_fast/libs/xf_opencv/L1/include/common/xf_structs.hpp:1107]   --->   Operation 20 'alloca' 'din_c' <Predicate = true> <Delay = 0.00> <CoreInst = "FIFO_SRL">   --->   Core 21 'FIFO_SRL' <Latency = 0> <II = 1> <Delay = 1.83> <Storage> <Opcode : 'read' 'write' 'nbread' 'nbwrite'> <Ports = 0> <Width = 64> <Depth = 4> <FIFO>
ST_1 : Operation 21 [1/1] (0.00ns)   --->   "%ldata = alloca i64" [/tools/Xilinx/Vitis/2020.1/workspace/test_fast/libs/xf_opencv/L1/include/common/xf_structs.hpp:1114]   --->   Operation 21 'alloca' 'ldata' <Predicate = true> <Delay = 0.00> <CoreInst = "FIFO_SRL">   --->   Core 21 'FIFO_SRL' <Latency = 0> <II = 1> <Delay = 1.83> <Storage> <Opcode : 'read' 'write' 'nbread' 'nbwrite'> <Ports = 0> <Width = 32> <Depth = 2> <FIFO>
ST_1 : Operation 22 [1/1] (1.83ns)   --->   "%call_ln1115 = call void @Axi2Mat.entry6, i64 %din_read, i32 %rows_read, i32 %cols_read, i64 %din_c1, i32 %rows_c2, i32 %cols_c3" [/tools/Xilinx/Vitis/2020.1/workspace/test_fast/libs/xf_opencv/L1/include/common/xf_structs.hpp:1115]   --->   Operation 22 'call' 'call_ln1115' <Predicate = true> <Delay = 1.83> <CoreType = "Generic">   --->   Core 0 '' <Latency = 0> <II = 1> <Delay = 1.00> <Generic> <Opcode : >

State 2 <SV = 1> <Delay = 0.00>
ST_2 : Operation 23 [1/1] (0.00ns)   --->   "%call_ln1107 = call void @Axi2Mat.entry42, i64 %din_c1, i32 %rows_c2, i32 %cols_c3, i64 %din_c, i32 %rows_c, i32 %cols_c, void %call_ln1115, void %call_ln1115" [/tools/Xilinx/Vitis/2020.1/workspace/test_fast/libs/xf_opencv/L1/include/common/xf_structs.hpp:1107]   --->   Operation 23 'call' 'call_ln1107' <Predicate = true> <Delay = 0.00> <CoreType = "Generic">   --->   Core 0 '' <Latency = 0> <II = 1> <Delay = 1.00> <Generic> <Opcode : >

State 3 <SV = 2> <Delay = 0.00>
ST_3 : Operation 24 [1/1] (0.00ns)   --->   "%call_ln304 = call void @addrbound22, i22 %p_channel, i32 %rows_c, i32 %cols_c, i32 %rows_c13, i32 %cols_c14, void %call_ln1107, void %call_ln1107"   --->   Operation 24 'call' 'call_ln304' <Predicate = true> <Delay = 0.00> <CoreType = "Generic">   --->   Core 0 '' <Latency = 0> <II = 1> <Delay = 1.00> <Generic> <Opcode : >

State 4 <SV = 3> <Delay = 1.06>
ST_4 : Operation 25 [1/1] (0.00ns)   --->   "%axibound_V = call i22 @Axi2Mat_Block_.split15_proc, i22 %p_channel, void %call_ln304, void %call_ln304"   --->   Operation 25 'call' 'axibound_V' <Predicate = true> <Delay = 0.00> <CoreInst = "FIFO_SRL">   --->   Core 21 'FIFO_SRL' <Latency = 0> <II = 1> <Delay = 1.83> <Storage> <Opcode : 'read' 'write' 'nbread' 'nbwrite'> <Ports = 0> <Width = 22> <Depth = 2> <FIFO>
ST_4 : Operation 26 [2/2] (1.06ns)   --->   "%call_ln1118 = call void @Axi2AxiStream, i32 %gmem3, i32 %ldata, i64 %din_c, i22 %axibound_V, void %call_ln1107" [/tools/Xilinx/Vitis/2020.1/workspace/test_fast/libs/xf_opencv/L1/include/common/xf_structs.hpp:1118]   --->   Operation 26 'call' 'call_ln1118' <Predicate = true> <Delay = 1.06> <CoreType = "Generic">   --->   Core 0 '' <Latency = 0> <II = 1> <Delay = 1.00> <Generic> <Opcode : >

State 5 <SV = 4> <Delay = 0.00>
ST_5 : Operation 27 [1/1] (0.00ns)   --->   "%call_ln1116 = call void @last_blk_pxl_width21, i6 %last_blk_width_c" [/tools/Xilinx/Vitis/2020.1/workspace/test_fast/libs/xf_opencv/L1/include/common/xf_structs.hpp:1116]   --->   Operation 27 'call' 'call_ln1116' <Predicate = true> <Delay = 0.00> <CoreType = "Generic">   --->   Core 0 '' <Latency = 0> <II = 1> <Delay = 1.00> <Generic> <Opcode : >
ST_5 : Operation 28 [1/2] (0.00ns)   --->   "%call_ln1118 = call void @Axi2AxiStream, i32 %gmem3, i32 %ldata, i64 %din_c, i22 %axibound_V, void %call_ln1107" [/tools/Xilinx/Vitis/2020.1/workspace/test_fast/libs/xf_opencv/L1/include/common/xf_structs.hpp:1118]   --->   Operation 28 'call' 'call_ln1118' <Predicate = true> <Delay = 0.00> <CoreType = "Generic">   --->   Core 0 '' <Latency = 0> <II = 1> <Delay = 1.00> <Generic> <Opcode : >

State 6 <SV = 5> <Delay = 0.00>
ST_6 : Operation 29 [2/2] (0.00ns)   --->   "%call_ln1119 = call void @AxiStream2MatStream, i32 %ldata, i32 %streamFlowin_mat_436, i32 %rows_c13, i32 %cols_c14, i6 %last_blk_width_c, void %call_ln1118, void %call_ln304, void %call_ln1116" [/tools/Xilinx/Vitis/2020.1/workspace/test_fast/libs/xf_opencv/L1/include/common/xf_structs.hpp:1119]   --->   Operation 29 'call' 'call_ln1119' <Predicate = true> <Delay = 0.00> <CoreType = "Generic">   --->   Core 0 '' <Latency = 0> <II = 1> <Delay = 1.00> <Generic> <Opcode : >

State 7 <SV = 6> <Delay = 0.00>
ST_7 : Operation 30 [1/1] (0.00ns)   --->   "%specdataflowpipeline_ln0 = specdataflowpipeline void @_ssdm_op_SpecDataflowPipeline, i32, i32, void @empty_25"   --->   Operation 30 'specdataflowpipeline' 'specdataflowpipeline_ln0' <Predicate = true> <Delay = 0.00>
ST_7 : Operation 31 [1/1] (0.00ns)   --->   "%specinterface_ln0 = specinterface void @_ssdm_op_SpecInterface, i32 %gmem3, void @empty_21, i32, i32, void @empty_25, i32, i32, void @empty_25, void @empty_25, void @empty_25, i32, i32, i32, i32, void @empty_25, void @empty_25"   --->   Operation 31 'specinterface' 'specinterface_ln0' <Predicate = true> <Delay = 0.00>
ST_7 : Operation 32 [1/1] (0.00ns)   --->   "%specinterface_ln0 = specinterface void @_ssdm_op_SpecInterface, i32 %streamFlowin_mat_436, void @empty_35, i32, i32, void @empty_25, i32, i32, void @empty_25, void @empty_25, void @empty_25, i32, i32, i32, i32, void @empty_25, void @empty_25"   --->   Operation 32 'specinterface' 'specinterface_ln0' <Predicate = true> <Delay = 0.00>
ST_7 : Operation 33 [1/1] (0.00ns)   --->   "%empty = specchannel i32 @_ssdm_op_SpecChannel, void @ldata_str, i32, void @p_str, void @p_str, i32, i32, i32 %ldata, i32 %ldata"   --->   Operation 33 'specchannel' 'empty' <Predicate = true> <Delay = 0.00>
ST_7 : Operation 34 [1/1] (0.00ns)   --->   "%specinterface_ln0 = specinterface void @_ssdm_op_SpecInterface, i32 %ldata, void @empty_35, i32, i32, void @empty_25, i32, i32, void @empty_25, void @empty_25, void @empty_25, i32, i32, i32, i32, void @empty_25, void @empty_25"   --->   Operation 34 'specinterface' 'specinterface_ln0' <Predicate = true> <Delay = 0.00>
ST_7 : Operation 35 [1/1] (0.00ns)   --->   "%empty_369 = specchannel i32 @_ssdm_op_SpecChannel, void @din_c_str, i32, void @p_str, void @p_str, i32, i32, i64 %din_c, i64 %din_c" [/tools/Xilinx/Vitis/2020.1/workspace/test_fast/libs/xf_opencv/L1/include/common/xf_structs.hpp:1107]   --->   Operation 35 'specchannel' 'empty_369' <Predicate = true> <Delay = 0.00>
ST_7 : Operation 36 [1/1] (0.00ns)   --->   "%specinterface_ln1107 = specinterface void @_ssdm_op_SpecInterface, i64 %din_c, void @ap_fifo_str, i32, i32, void @p_str, i32, i32, void @p_str, void @p_str, void @p_str, i32, i32, i32, i32, void @p_str, void @p_str" [/tools/Xilinx/Vitis/2020.1/workspace/test_fast/libs/xf_opencv/L1/include/common/xf_structs.hpp:1107]   --->   Operation 36 'specinterface' 'specinterface_ln1107' <Predicate = true> <Delay = 0.00>
ST_7 : Operation 37 [1/1] (0.00ns)   --->   "%empty_370 = specchannel i32 @_ssdm_op_SpecChannel, void @rows_c_str, i32, void @p_str, void @p_str, i32, i32, i32 %rows_c, i32 %rows_c" [/tools/Xilinx/Vitis/2020.1/workspace/test_fast/libs/xf_opencv/L1/include/common/xf_structs.hpp:1109]   --->   Operation 37 'specchannel' 'empty_370' <Predicate = true> <Delay = 0.00>
ST_7 : Operation 38 [1/1] (0.00ns)   --->   "%specinterface_ln1109 = specinterface void @_ssdm_op_SpecInterface, i32 %rows_c, void @ap_fifo_str, i32, i32, void @p_str, i32, i32, void @p_str, void @p_str, void @p_str, i32, i32, i32, i32, void @p_str, void @p_str" [/tools/Xilinx/Vitis/2020.1/workspace/test_fast/libs/xf_opencv/L1/include/common/xf_structs.hpp:1109]   --->   Operation 38 'specinterface' 'specinterface_ln1109' <Predicate = true> <Delay = 0.00>
ST_7 : Operation 39 [1/1] (0.00ns)   --->   "%empty_371 = specchannel i32 @_ssdm_op_SpecChannel, void @cols_c_str, i32, void @p_str, void @p_str, i32, i32, i32 %cols_c, i32 %cols_c" [/tools/Xilinx/Vitis/2020.1/workspace/test_fast/libs/xf_opencv/L1/include/common/xf_structs.hpp:1115]   --->   Operation 39 'specchannel' 'empty_371' <Predicate = true> <Delay = 0.00>
ST_7 : Operation 40 [1/1] (0.00ns)   --->   "%specinterface_ln1115 = specinterface void @_ssdm_op_SpecInterface, i32 %cols_c, void @ap_fifo_str, i32, i32, void @p_str, i32, i32, void @p_str, void @p_str, void @p_str, i32, i32, i32, i32, void @p_str, void @p_str" [/tools/Xilinx/Vitis/2020.1/workspace/test_fast/libs/xf_opencv/L1/include/common/xf_structs.hpp:1115]   --->   Operation 40 'specinterface' 'specinterface_ln1115' <Predicate = true> <Delay = 0.00>
ST_7 : Operation 41 [1/1] (0.00ns)   --->   "%empty_372 = specchannel i32 @_ssdm_op_SpecChannel, void @din_c1_str, i32, void @p_str, void @p_str, i32, i32, i64 %din_c1, i64 %din_c1" [/tools/Xilinx/Vitis/2020.1/workspace/test_fast/libs/xf_opencv/L1/include/common/xf_structs.hpp:1107]   --->   Operation 41 'specchannel' 'empty_372' <Predicate = true> <Delay = 0.00>
ST_7 : Operation 42 [1/1] (0.00ns)   --->   "%specinterface_ln1107 = specinterface void @_ssdm_op_SpecInterface, i64 %din_c1, void @ap_fifo_str, i32, i32, void @p_str, i32, i32, void @p_str, void @p_str, void @p_str, i32, i32, i32, i32, void @p_str, void @p_str" [/tools/Xilinx/Vitis/2020.1/workspace/test_fast/libs/xf_opencv/L1/include/common/xf_structs.hpp:1107]   --->   Operation 42 'specinterface' 'specinterface_ln1107' <Predicate = true> <Delay = 0.00>
ST_7 : Operation 43 [1/1] (0.00ns)   --->   "%empty_373 = specchannel i32 @_ssdm_op_SpecChannel, void @rows_c2_str, i32, void @p_str, void @p_str, i32, i32, i32 %rows_c2, i32 %rows_c2" [/tools/Xilinx/Vitis/2020.1/workspace/test_fast/libs/xf_opencv/L1/include/common/xf_structs.hpp:1109]   --->   Operation 43 'specchannel' 'empty_373' <Predicate = true> <Delay = 0.00>
ST_7 : Operation 44 [1/1] (0.00ns)   --->   "%specinterface_ln1109 = specinterface void @_ssdm_op_SpecInterface, i32 %rows_c2, void @ap_fifo_str, i32, i32, void @p_str, i32, i32, void @p_str, void @p_str, void @p_str, i32, i32, i32, i32, void @p_str, void @p_str" [/tools/Xilinx/Vitis/2020.1/workspace/test_fast/libs/xf_opencv/L1/include/common/xf_structs.hpp:1109]   --->   Operation 44 'specinterface' 'specinterface_ln1109' <Predicate = true> <Delay = 0.00>
ST_7 : Operation 45 [1/1] (0.00ns)   --->   "%empty_374 = specchannel i32 @_ssdm_op_SpecChannel, void @cols_c3_str, i32, void @p_str, void @p_str, i32, i32, i32 %cols_c3, i32 %cols_c3" [/tools/Xilinx/Vitis/2020.1/workspace/test_fast/libs/xf_opencv/L1/include/common/xf_structs.hpp:1115]   --->   Operation 45 'specchannel' 'empty_374' <Predicate = true> <Delay = 0.00>
ST_7 : Operation 46 [1/1] (0.00ns)   --->   "%specinterface_ln1115 = specinterface void @_ssdm_op_SpecInterface, i32 %cols_c3, void @ap_fifo_str, i32, i32, void @p_str, i32, i32, void @p_str, void @p_str, void @p_str, i32, i32, i32, i32, void @p_str, void @p_str" [/tools/Xilinx/Vitis/2020.1/workspace/test_fast/libs/xf_opencv/L1/include/common/xf_structs.hpp:1115]   --->   Operation 46 'specinterface' 'specinterface_ln1115' <Predicate = true> <Delay = 0.00>
ST_7 : Operation 47 [1/1] (0.00ns)   --->   "%empty_375 = specchannel i32 @_ssdm_op_SpecChannel, void @last_blk_width_c_str, i32, void @p_str, void @p_str, i32, i32, i6 %last_blk_width_c, i6 %last_blk_width_c" [/tools/Xilinx/Vitis/2020.1/workspace/test_fast/libs/xf_opencv/L1/include/common/xf_structs.hpp:1116]   --->   Operation 47 'specchannel' 'empty_375' <Predicate = true> <Delay = 0.00>
ST_7 : Operation 48 [1/1] (0.00ns)   --->   "%specinterface_ln1116 = specinterface void @_ssdm_op_SpecInterface, i6 %last_blk_width_c, void @ap_fifo_str, i32, i32, void @p_str, i32, i32, void @p_str, void @p_str, void @p_str, i32, i32, i32, i32, void @p_str, void @p_str" [/tools/Xilinx/Vitis/2020.1/workspace/test_fast/libs/xf_opencv/L1/include/common/xf_structs.hpp:1116]   --->   Operation 48 'specinterface' 'specinterface_ln1116' <Predicate = true> <Delay = 0.00>
ST_7 : Operation 49 [1/1] (0.00ns)   --->   "%empty_376 = specchannel i32 @_ssdm_op_SpecChannel, void @rows_c13_str, i32, void @p_str, void @p_str, i32, i32, i32 %rows_c13, i32 %rows_c13" [/tools/Xilinx/Vitis/2020.1/workspace/test_fast/libs/xf_opencv/L1/include/common/xf_structs.hpp:1109]   --->   Operation 49 'specchannel' 'empty_376' <Predicate = true> <Delay = 0.00>
ST_7 : Operation 50 [1/1] (0.00ns)   --->   "%specinterface_ln1109 = specinterface void @_ssdm_op_SpecInterface, i32 %rows_c13, void @ap_fifo_str, i32, i32, void @p_str, i32, i32, void @p_str, void @p_str, void @p_str, i32, i32, i32, i32, void @p_str, void @p_str" [/tools/Xilinx/Vitis/2020.1/workspace/test_fast/libs/xf_opencv/L1/include/common/xf_structs.hpp:1109]   --->   Operation 50 'specinterface' 'specinterface_ln1109' <Predicate = true> <Delay = 0.00>
ST_7 : Operation 51 [1/1] (0.00ns)   --->   "%empty_377 = specchannel i32 @_ssdm_op_SpecChannel, void @cols_c14_str, i32, void @p_str, void @p_str, i32, i32, i32 %cols_c14, i32 %cols_c14" [/tools/Xilinx/Vitis/2020.1/workspace/test_fast/libs/xf_opencv/L1/include/common/xf_structs.hpp:1115]   --->   Operation 51 'specchannel' 'empty_377' <Predicate = true> <Delay = 0.00>
ST_7 : Operation 52 [1/1] (0.00ns)   --->   "%specinterface_ln1115 = specinterface void @_ssdm_op_SpecInterface, i32 %cols_c14, void @ap_fifo_str, i32, i32, void @p_str, i32, i32, void @p_str, void @p_str, void @p_str, i32, i32, i32, i32, void @p_str, void @p_str" [/tools/Xilinx/Vitis/2020.1/workspace/test_fast/libs/xf_opencv/L1/include/common/xf_structs.hpp:1115]   --->   Operation 52 'specinterface' 'specinterface_ln1115' <Predicate = true> <Delay = 0.00>
ST_7 : Operation 53 [1/2] (0.00ns)   --->   "%call_ln1119 = call void @AxiStream2MatStream, i32 %ldata, i32 %streamFlowin_mat_436, i32 %rows_c13, i32 %cols_c14, i6 %last_blk_width_c, void %call_ln1118, void %call_ln304, void %call_ln1116" [/tools/Xilinx/Vitis/2020.1/workspace/test_fast/libs/xf_opencv/L1/include/common/xf_structs.hpp:1119]   --->   Operation 53 'call' 'call_ln1119' <Predicate = true> <Delay = 0.00> <CoreType = "Generic">   --->   Core 0 '' <Latency = 0> <II = 1> <Delay = 1.00> <Generic> <Opcode : >
ST_7 : Operation 54 [1/1] (0.00ns)   --->   "%ret_ln1120 = ret" [/tools/Xilinx/Vitis/2020.1/workspace/test_fast/libs/xf_opencv/L1/include/common/xf_structs.hpp:1120]   --->   Operation 54 'ret' 'ret_ln1120' <Predicate = true> <Delay = 0.00>


============================================================
+ Verbose Summary: Binding
============================================================
STG Binding: 
---------------- STG Properties BEGIN ----------------
- Is combinational: 0
- Is one-state seq: 0
- Is datapath-only: 0
- Is pipelined: 0
- Is top level: 0
Port [ Return ] is wired: 1; IO mode=ap_ctrl_hs:ce=0
Port [ gmem3]:  wired=1; compound=1; hidden=0; nouse=0; global=0; static=0; extern=0; dir=0; type=4; pingpong=0; private_global=0; IO mode=m_axi:ce=0
Port [ streamFlowin_mat_436]:  wired=1; compound=1; hidden=0; nouse=0; global=0; static=0; extern=0; dir=1; type=3; pingpong=0; private_global=0; IO mode=ap_fifo:ce=0
Port [ din]:  wired=1; compound=0; hidden=0; nouse=0; global=0; static=0; extern=0; dir=0; type=0; pingpong=0; private_global=0; IO mode=ap_none:ce=0
Port [ rows]:  wired=1; compound=0; hidden=0; nouse=0; global=0; static=0; extern=0; dir=0; type=0; pingpong=0; private_global=0; IO mode=ap_none:ce=0
Port [ cols]:  wired=1; compound=0; hidden=0; nouse=0; global=0; static=0; extern=0; dir=0; type=0; pingpong=0; private_global=0; IO mode=ap_none:ce=0
---------------- STG Properties END ------------------

---------------- Datapath Model BEGIN ----------------

<LifeTime>
<method=bitvector/>
cols_read                (read                ) [ 00000000]
rows_read                (read                ) [ 00000000]
din_read                 (read                ) [ 00000000]
cols_c3                  (alloca              ) [ 01111111]
rows_c2                  (alloca              ) [ 01111111]
din_c1                   (alloca              ) [ 01111111]
p_channel                (alloca              ) [ 00111000]
cols_c14                 (alloca              ) [ 00111111]
rows_c13                 (alloca              ) [ 00111111]
last_blk_width_c         (alloca              ) [ 00111111]
cols_c                   (alloca              ) [ 00111111]
rows_c                   (alloca              ) [ 00111111]
din_c                    (alloca              ) [ 00111111]
ldata                    (alloca              ) [ 00111111]
call_ln1115              (call                ) [ 00000000]
call_ln1107              (call                ) [ 00000000]
call_ln304               (call                ) [ 00000000]
axibound_V               (call                ) [ 00000100]
call_ln1116              (call                ) [ 00000000]
call_ln1118              (call                ) [ 00000000]
specdataflowpipeline_ln0 (specdataflowpipeline) [ 00000000]
specinterface_ln0        (specinterface       ) [ 00000000]
specinterface_ln0        (specinterface       ) [ 00000000]
empty                    (specchannel         ) [ 00000000]
specinterface_ln0        (specinterface       ) [ 00000000]
empty_369                (specchannel         ) [ 00000000]
specinterface_ln1107     (specinterface       ) [ 00000000]
empty_370                (specchannel         ) [ 00000000]
specinterface_ln1109     (specinterface       ) [ 00000000]
empty_371                (specchannel         ) [ 00000000]
specinterface_ln1115     (specinterface       ) [ 00000000]
empty_372                (specchannel         ) [ 00000000]
specinterface_ln1107     (specinterface       ) [ 00000000]
empty_373                (specchannel         ) [ 00000000]
specinterface_ln1109     (specinterface       ) [ 00000000]
empty_374                (specchannel         ) [ 00000000]
specinterface_ln1115     (specinterface       ) [ 00000000]
empty_375                (specchannel         ) [ 00000000]
specinterface_ln1116     (specinterface       ) [ 00000000]
empty_376                (specchannel         ) [ 00000000]
specinterface_ln1109     (specinterface       ) [ 00000000]
empty_377                (specchannel         ) [ 00000000]
specinterface_ln1115     (specinterface       ) [ 00000000]
call_ln1119              (call                ) [ 00000000]
ret_ln1120               (ret                 ) [ 00000000]
</LifeTime>

<model>

<comp_list>
<comp id="0" class="1000" name="gmem3">
<pin_list>
<pin id="1" dir="1" index="0" bw="1" slack="0"/>
</pin_list>
<bind>
<StgValue><ssdm name="gmem3"/></StgValue>
</bind>
</comp>

<comp id="2" class="1000" name="streamFlowin_mat_436">
<pin_list>
<pin id="3" dir="1" index="0" bw="1" slack="0"/>
</pin_list>
<bind>
<StgValue><ssdm name="streamFlowin_mat_436"/></StgValue>
</bind>
</comp>

<comp id="4" class="1000" name="din">
<pin_list>
<pin id="5" dir="1" index="0" bw="1" slack="0"/>
</pin_list>
<bind>
<StgValue><ssdm name="din"/></StgValue>
</bind>
</comp>

<comp id="6" class="1000" name="rows">
<pin_list>
<pin id="7" dir="1" index="0" bw="1" slack="0"/>
</pin_list>
<bind>
<StgValue><ssdm name="rows"/></StgValue>
</bind>
</comp>

<comp id="8" class="1000" name="cols">
<pin_list>
<pin id="9" dir="1" index="0" bw="1" slack="0"/>
</pin_list>
<bind>
<StgValue><ssdm name="cols"/></StgValue>
</bind>
</comp>

<comp id="10" class="1001" name="const_10">
<pin_list>
<pin id="11" dir="1" index="0" bw="1" slack="0"/>
</pin_list>
<bind>
<StgValue><ssdm name="_ssdm_op_Read.ap_auto.i32"/></StgValue>
</bind>
</comp>

<comp id="12" class="1001" name="const_12">
<pin_list>
<pin id="13" dir="1" index="0" bw="1" slack="0"/>
</pin_list>
<bind>
<StgValue><ssdm name="_ssdm_op_Read.ap_auto.i64"/></StgValue>
</bind>
</comp>

<comp id="14" class="1001" name="const_14">
<pin_list>
<pin id="15" dir="1" index="0" bw="1" slack="0"/>
</pin_list>
<bind>
<StgValue><ssdm name=""/></StgValue>
</bind>
</comp>

<comp id="16" class="1001" name="const_16">
<pin_list>
<pin id="17" dir="1" index="0" bw="1" slack="0"/>
</pin_list>
<bind>
<StgValue><ssdm name="Axi2Mat.entry6"/></StgValue>
</bind>
</comp>

<comp id="18" class="1001" name="const_18">
<pin_list>
<pin id="19" dir="1" index="0" bw="1" slack="0"/>
</pin_list>
<bind>
<StgValue><ssdm name="Axi2Mat.entry42"/></StgValue>
</bind>
</comp>

<comp id="20" class="1001" name="const_20">
<pin_list>
<pin id="21" dir="1" index="0" bw="1" slack="0"/>
</pin_list>
<bind>
<StgValue><ssdm name="addrbound22"/></StgValue>
</bind>
</comp>

<comp id="22" class="1001" name="const_22">
<pin_list>
<pin id="23" dir="1" index="0" bw="1" slack="0"/>
</pin_list>
<bind>
<StgValue><ssdm name="Axi2Mat_Block_.split15_proc"/></StgValue>
</bind>
</comp>

<comp id="24" class="1001" name="const_24">
<pin_list>
<pin id="25" dir="1" index="0" bw="1" slack="0"/>
</pin_list>
<bind>
<StgValue><ssdm name="Axi2AxiStream"/></StgValue>
</bind>
</comp>

<comp id="26" class="1001" name="const_26">
<pin_list>
<pin id="27" dir="1" index="0" bw="1" slack="0"/>
</pin_list>
<bind>
<StgValue><ssdm name="last_blk_pxl_width21"/></StgValue>
</bind>
</comp>

<comp id="28" class="1001" name="const_28">
<pin_list>
<pin id="29" dir="1" index="0" bw="1" slack="0"/>
</pin_list>
<bind>
<StgValue><ssdm name="AxiStream2MatStream"/></StgValue>
</bind>
</comp>

<comp id="30" class="1001" name="const_30">
<pin_list>
<pin id="31" dir="1" index="0" bw="1" slack="2147483647"/>
</pin_list>
<bind>
<StgValue><ssdm name="_ssdm_op_SpecDataflowPipeline"/></StgValue>
</bind>
</comp>

<comp id="32" class="1001" name="const_32">
<pin_list>
<pin id="33" dir="1" index="0" bw="1" slack="2147483647"/>
</pin_list>
<bind>
<StgValue><ssdm name=""/></StgValue>
</bind>
</comp>

<comp id="34" class="1001" name="const_34">
<pin_list>
<pin id="35" dir="1" index="0" bw="1" slack="2147483647"/>
</pin_list>
<bind>
<StgValue><ssdm name=""/></StgValue>
</bind>
</comp>

<comp id="36" class="1001" name="const_36">
<pin_list>
<pin id="37" dir="1" index="0" bw="1" slack="2147483647"/>
</pin_list>
<bind>
<StgValue><ssdm name="empty_25"/></StgValue>
</bind>
</comp>

<comp id="38" class="1001" name="const_38">
<pin_list>
<pin id="39" dir="1" index="0" bw="1" slack="2147483647"/>
</pin_list>
<bind>
<StgValue><ssdm name="_ssdm_op_SpecInterface"/></StgValue>
</bind>
</comp>

<comp id="40" class="1001" name="const_40">
<pin_list>
<pin id="41" dir="1" index="0" bw="1" slack="2147483647"/>
</pin_list>
<bind>
<StgValue><ssdm name="empty_21"/></StgValue>
</bind>
</comp>

<comp id="42" class="1001" name="const_42">
<pin_list>
<pin id="43" dir="1" index="0" bw="1" slack="2147483647"/>
</pin_list>
<bind>
<StgValue><ssdm name=""/></StgValue>
</bind>
</comp>

<comp id="44" class="1001" name="const_44">
<pin_list>
<pin id="45" dir="1" index="0" bw="1" slack="2147483647"/>
</pin_list>
<bind>
<StgValue><ssdm name=""/></StgValue>
</bind>
</comp>

<comp id="46" class="1001" name="const_46">
<pin_list>
<pin id="47" dir="1" index="0" bw="1" slack="2147483647"/>
</pin_list>
<bind>
<StgValue><ssdm name="empty_35"/></StgValue>
</bind>
</comp>

<comp id="48" class="1001" name="const_48">
<pin_list>
<pin id="49" dir="1" index="0" bw="1" slack="2147483647"/>
</pin_list>
<bind>
<StgValue><ssdm name="_ssdm_op_SpecChannel"/></StgValue>
</bind>
</comp>

<comp id="50" class="1001" name="const_50">
<pin_list>
<pin id="51" dir="1" index="0" bw="1" slack="2147483647"/>
</pin_list>
<bind>
<StgValue><ssdm name="ldata_str"/></StgValue>
</bind>
</comp>

<comp id="52" class="1001" name="const_52">
<pin_list>
<pin id="53" dir="1" index="0" bw="1" slack="2147483647"/>
</pin_list>
<bind>
<StgValue><ssdm name=""/></StgValue>
</bind>
</comp>

<comp id="54" class="1001" name="const_54">
<pin_list>
<pin id="55" dir="1" index="0" bw="1" slack="2147483647"/>
</pin_list>
<bind>
<StgValue><ssdm name="p_str"/></StgValue>
</bind>
</comp>

<comp id="56" class="1001" name="const_56">
<pin_list>
<pin id="57" dir="1" index="0" bw="1" slack="2147483647"/>
</pin_list>
<bind>
<StgValue><ssdm name=""/></StgValue>
</bind>
</comp>

<comp id="58" class="1001" name="const_58">
<pin_list>
<pin id="59" dir="1" index="0" bw="1" slack="2147483647"/>
</pin_list>
<bind>
<StgValue><ssdm name="din_c_str"/></StgValue>
</bind>
</comp>

<comp id="60" class="1001" name="const_60">
<pin_list>
<pin id="61" dir="1" index="0" bw="1" slack="2147483647"/>
</pin_list>
<bind>
<StgValue><ssdm name=""/></StgValue>
</bind>
</comp>

<comp id="62" class="1001" name="const_62">
<pin_list>
<pin id="63" dir="1" index="0" bw="1" slack="2147483647"/>
</pin_list>
<bind>
<StgValue><ssdm name="ap_fifo_str"/></StgValue>
</bind>
</comp>

<comp id="64" class="1001" name="const_64">
<pin_list>
<pin id="65" dir="1" index="0" bw="1" slack="2147483647"/>
</pin_list>
<bind>
<StgValue><ssdm name="rows_c_str"/></StgValue>
</bind>
</comp>

<comp id="66" class="1001" name="const_66">
<pin_list>
<pin id="67" dir="1" index="0" bw="1" slack="2147483647"/>
</pin_list>
<bind>
<StgValue><ssdm name="cols_c_str"/></StgValue>
</bind>
</comp>

<comp id="68" class="1001" name="const_68">
<pin_list>
<pin id="69" dir="1" index="0" bw="1" slack="2147483647"/>
</pin_list>
<bind>
<StgValue><ssdm name="din_c1_str"/></StgValue>
</bind>
</comp>

<comp id="70" class="1001" name="const_70">
<pin_list>
<pin id="71" dir="1" index="0" bw="1" slack="2147483647"/>
</pin_list>
<bind>
<StgValue><ssdm name="rows_c2_str"/></StgValue>
</bind>
</comp>

<comp id="72" class="1001" name="const_72">
<pin_list>
<pin id="73" dir="1" index="0" bw="1" slack="2147483647"/>
</pin_list>
<bind>
<StgValue><ssdm name="cols_c3_str"/></StgValue>
</bind>
</comp>

<comp id="74" class="1001" name="const_74">
<pin_list>
<pin id="75" dir="1" index="0" bw="1" slack="2147483647"/>
</pin_list>
<bind>
<StgValue><ssdm name="last_blk_width_c_str"/></StgValue>
</bind>
</comp>

<comp id="76" class="1001" name="const_76">
<pin_list>
<pin id="77" dir="1" index="0" bw="1" slack="2147483647"/>
</pin_list>
<bind>
<StgValue><ssdm name="rows_c13_str"/></StgValue>
</bind>
</comp>

<comp id="78" class="1001" name="const_78">
<pin_list>
<pin id="79" dir="1" index="0" bw="1" slack="2147483647"/>
</pin_list>
<bind>
<StgValue><ssdm name="cols_c14_str"/></StgValue>
</bind>
</comp>

<comp id="80" class="1004" name="cols_c3_fu_80">
<pin_list>
<pin id="81" dir="0" index="0" bw="1" slack="0"/>
<pin id="82" dir="1" index="1" bw="32" slack="0"/>
</pin_list>
<bind>
<opcode="alloca(26) " fcode="alloca"/>
<opset="cols_c3/1 "/>
</bind>
</comp>

<comp id="84" class="1004" name="rows_c2_fu_84">
<pin_list>
<pin id="85" dir="0" index="0" bw="1" slack="0"/>
<pin id="86" dir="1" index="1" bw="32" slack="0"/>
</pin_list>
<bind>
<opcode="alloca(26) " fcode="alloca"/>
<opset="rows_c2/1 "/>
</bind>
</comp>

<comp id="88" class="1004" name="din_c1_fu_88">
<pin_list>
<pin id="89" dir="0" index="0" bw="1" slack="0"/>
<pin id="90" dir="1" index="1" bw="64" slack="0"/>
</pin_list>
<bind>
<opcode="alloca(26) " fcode="alloca"/>
<opset="din_c1/1 "/>
</bind>
</comp>

<comp id="92" class="1004" name="p_channel_fu_92">
<pin_list>
<pin id="93" dir="0" index="0" bw="1" slack="0"/>
<pin id="94" dir="1" index="1" bw="22" slack="2"/>
</pin_list>
<bind>
<opcode="alloca(26) " fcode="alloca"/>
<opset="p_channel/1 "/>
</bind>
</comp>

<comp id="96" class="1004" name="cols_c14_fu_96">
<pin_list>
<pin id="97" dir="0" index="0" bw="1" slack="0"/>
<pin id="98" dir="1" index="1" bw="32" slack="2"/>
</pin_list>
<bind>
<opcode="alloca(26) " fcode="alloca"/>
<opset="cols_c14/1 "/>
</bind>
</comp>

<comp id="100" class="1004" name="rows_c13_fu_100">
<pin_list>
<pin id="101" dir="0" index="0" bw="1" slack="0"/>
<pin id="102" dir="1" index="1" bw="32" slack="2"/>
</pin_list>
<bind>
<opcode="alloca(26) " fcode="alloca"/>
<opset="rows_c13/1 "/>
</bind>
</comp>

<comp id="104" class="1004" name="last_blk_width_c_fu_104">
<pin_list>
<pin id="105" dir="0" index="0" bw="1" slack="0"/>
<pin id="106" dir="1" index="1" bw="6" slack="4"/>
</pin_list>
<bind>
<opcode="alloca(26) " fcode="alloca"/>
<opset="last_blk_width_c/1 "/>
</bind>
</comp>

<comp id="108" class="1004" name="cols_c_fu_108">
<pin_list>
<pin id="109" dir="0" index="0" bw="1" slack="0"/>
<pin id="110" dir="1" index="1" bw="32" slack="1"/>
</pin_list>
<bind>
<opcode="alloca(26) " fcode="alloca"/>
<opset="cols_c/1 "/>
</bind>
</comp>

<comp id="112" class="1004" name="rows_c_fu_112">
<pin_list>
<pin id="113" dir="0" index="0" bw="1" slack="0"/>
<pin id="114" dir="1" index="1" bw="32" slack="1"/>
</pin_list>
<bind>
<opcode="alloca(26) " fcode="alloca"/>
<opset="rows_c/1 "/>
</bind>
</comp>

<comp id="116" class="1004" name="din_c_fu_116">
<pin_list>
<pin id="117" dir="0" index="0" bw="1" slack="0"/>
<pin id="118" dir="1" index="1" bw="64" slack="1"/>
</pin_list>
<bind>
<opcode="alloca(26) " fcode="alloca"/>
<opset="din_c/1 "/>
</bind>
</comp>

<comp id="120" class="1004" name="ldata_fu_120">
<pin_list>
<pin id="121" dir="0" index="0" bw="1" slack="0"/>
<pin id="122" dir="1" index="1" bw="32" slack="3"/>
</pin_list>
<bind>
<opcode="alloca(26) " fcode="alloca"/>
<opset="ldata/1 "/>
</bind>
</comp>

<comp id="124" class="1004" name="cols_read_read_fu_124">
<pin_list>
<pin id="125" dir="0" index="0" bw="32" slack="0"/>
<pin id="126" dir="0" index="1" bw="32" slack="0"/>
<pin id="127" dir="1" index="2" bw="32" slack="0"/>
</pin_list>
<bind>
<opcode="read(1150) " fcode="read"/>
<opset="cols_read/1 "/>
</bind>
</comp>

<comp id="130" class="1004" name="rows_read_read_fu_130">
<pin_list>
<pin id="131" dir="0" index="0" bw="32" slack="0"/>
<pin id="132" dir="0" index="1" bw="32" slack="0"/>
<pin id="133" dir="1" index="2" bw="32" slack="0"/>
</pin_list>
<bind>
<opcode="read(1150) " fcode="read"/>
<opset="rows_read/1 "/>
</bind>
</comp>

<comp id="136" class="1004" name="din_read_read_fu_136">
<pin_list>
<pin id="137" dir="0" index="0" bw="64" slack="0"/>
<pin id="138" dir="0" index="1" bw="64" slack="0"/>
<pin id="139" dir="1" index="2" bw="64" slack="0"/>
</pin_list>
<bind>
<opcode="read(1150) " fcode="read"/>
<opset="din_read/1 "/>
</bind>
</comp>

<comp id="142" class="1004" name="grp_AxiStream2MatStream_fu_142">
<pin_list>
<pin id="143" dir="0" index="0" bw="0" slack="0"/>
<pin id="144" dir="0" index="1" bw="32" slack="5"/>
<pin id="145" dir="0" index="2" bw="32" slack="0"/>
<pin id="146" dir="0" index="3" bw="32" slack="5"/>
<pin id="147" dir="0" index="4" bw="32" slack="5"/>
<pin id="148" dir="0" index="5" bw="6" slack="5"/>
<pin id="149" dir="1" index="6" bw="0" slack="2147483647"/>
</pin_list>
<bind>
<opcode="call(48) " fcode="call"/>
<opset="call_ln1119/6 "/>
</bind>
</comp>

<comp id="152" class="1004" name="grp_Axi2AxiStream_fu_152">
<pin_list>
<pin id="153" dir="0" index="0" bw="0" slack="0"/>
<pin id="154" dir="0" index="1" bw="32" slack="0"/>
<pin id="155" dir="0" index="2" bw="32" slack="3"/>
<pin id="156" dir="0" index="3" bw="64" slack="3"/>
<pin id="157" dir="0" index="4" bw="22" slack="0"/>
<pin id="158" dir="1" index="5" bw="0" slack="2147483647"/>
</pin_list>
<bind>
<opcode="call(48) " fcode="call"/>
<opset="call_ln1118/4 "/>
</bind>
</comp>

<comp id="161" class="1004" name="call_ln304_addrbound22_fu_161">
<pin_list>
<pin id="162" dir="0" index="0" bw="0" slack="0"/>
<pin id="163" dir="0" index="1" bw="22" slack="2"/>
<pin id="164" dir="0" index="2" bw="32" slack="2"/>
<pin id="165" dir="0" index="3" bw="32" slack="2"/>
<pin id="166" dir="0" index="4" bw="32" slack="2"/>
<pin id="167" dir="0" index="5" bw="32" slack="2"/>
<pin id="168" dir="1" index="6" bw="0" slack="2147483647"/>
</pin_list>
<bind>
<opcode="call(48) " fcode="call"/>
<opset="call_ln304/3 "/>
</bind>
</comp>

<comp id="170" class="1004" name="call_ln1115_Axi2Mat_entry6_fu_170">
<pin_list>
<pin id="171" dir="0" index="0" bw="0" slack="0"/>
<pin id="172" dir="0" index="1" bw="64" slack="0"/>
<pin id="173" dir="0" index="2" bw="32" slack="0"/>
<pin id="174" dir="0" index="3" bw="32" slack="0"/>
<pin id="175" dir="0" index="4" bw="64" slack="0"/>
<pin id="176" dir="0" index="5" bw="32" slack="0"/>
<pin id="177" dir="0" index="6" bw="32" slack="0"/>
<pin id="178" dir="1" index="7" bw="0" slack="2147483647"/>
</pin_list>
<bind>
<opcode="call(48) " fcode="call"/>
<opset="call_ln1115/1 "/>
</bind>
</comp>

<comp id="183" class="1004" name="call_ln1107_Axi2Mat_entry42_fu_183">
<pin_list>
<pin id="184" dir="0" index="0" bw="0" slack="0"/>
<pin id="185" dir="0" index="1" bw="64" slack="1"/>
<pin id="186" dir="0" index="2" bw="32" slack="1"/>
<pin id="187" dir="0" index="3" bw="32" slack="1"/>
<pin id="188" dir="0" index="4" bw="64" slack="1"/>
<pin id="189" dir="0" index="5" bw="32" slack="1"/>
<pin id="190" dir="0" index="6" bw="32" slack="1"/>
<pin id="191" dir="1" index="7" bw="0" slack="2147483647"/>
</pin_list>
<bind>
<opcode="call(48) " fcode="call"/>
<opset="call_ln1107/2 "/>
</bind>
</comp>

<comp id="193" class="1004" name="call_ln1116_last_blk_pxl_width21_fu_193">
<pin_list>
<pin id="194" dir="0" index="0" bw="0" slack="0"/>
<pin id="195" dir="0" index="1" bw="6" slack="4"/>
<pin id="196" dir="1" index="2" bw="0" slack="2147483647"/>
</pin_list>
<bind>
<opcode="call(48) " fcode="call"/>
<opset="call_ln1116/5 "/>
</bind>
</comp>

<comp id="198" class="1004" name="axibound_V_Axi2Mat_Block_split15_proc_fu_198">
<pin_list>
<pin id="199" dir="0" index="0" bw="22" slack="0"/>
<pin id="200" dir="0" index="1" bw="22" slack="3"/>
<pin id="201" dir="1" index="2" bw="22" slack="0"/>
</pin_list>
<bind>
<opcode="call(48) " fcode="call"/>
<opset="axibound_V/4 "/>
</bind>
</comp>

<comp id="204" class="1005" name="cols_c3_reg_204">
<pin_list>
<pin id="205" dir="0" index="0" bw="32" slack="0"/>
<pin id="206" dir="1" index="1" bw="32" slack="0"/>
</pin_list>
<bind>
<opset="cols_c3 "/>
</bind>
</comp>

<comp id="210" class="1005" name="rows_c2_reg_210">
<pin_list>
<pin id="211" dir="0" index="0" bw="32" slack="0"/>
<pin id="212" dir="1" index="1" bw="32" slack="0"/>
</pin_list>
<bind>
<opset="rows_c2 "/>
</bind>
</comp>

<comp id="216" class="1005" name="din_c1_reg_216">
<pin_list>
<pin id="217" dir="0" index="0" bw="64" slack="0"/>
<pin id="218" dir="1" index="1" bw="64" slack="0"/>
</pin_list>
<bind>
<opset="din_c1 "/>
</bind>
</comp>

<comp id="222" class="1005" name="p_channel_reg_222">
<pin_list>
<pin id="223" dir="0" index="0" bw="22" slack="2"/>
<pin id="224" dir="1" index="1" bw="22" slack="2"/>
</pin_list>
<bind>
<opset="p_channel "/>
</bind>
</comp>

<comp id="228" class="1005" name="cols_c14_reg_228">
<pin_list>
<pin id="229" dir="0" index="0" bw="32" slack="2"/>
<pin id="230" dir="1" index="1" bw="32" slack="2"/>
</pin_list>
<bind>
<opset="cols_c14 "/>
</bind>
</comp>

<comp id="234" class="1005" name="rows_c13_reg_234">
<pin_list>
<pin id="235" dir="0" index="0" bw="32" slack="2"/>
<pin id="236" dir="1" index="1" bw="32" slack="2"/>
</pin_list>
<bind>
<opset="rows_c13 "/>
</bind>
</comp>

<comp id="240" class="1005" name="last_blk_width_c_reg_240">
<pin_list>
<pin id="241" dir="0" index="0" bw="6" slack="4"/>
<pin id="242" dir="1" index="1" bw="6" slack="4"/>
</pin_list>
<bind>
<opset="last_blk_width_c "/>
</bind>
</comp>

<comp id="246" class="1005" name="cols_c_reg_246">
<pin_list>
<pin id="247" dir="0" index="0" bw="32" slack="1"/>
<pin id="248" dir="1" index="1" bw="32" slack="1"/>
</pin_list>
<bind>
<opset="cols_c "/>
</bind>
</comp>

<comp id="252" class="1005" name="rows_c_reg_252">
<pin_list>
<pin id="253" dir="0" index="0" bw="32" slack="1"/>
<pin id="254" dir="1" index="1" bw="32" slack="1"/>
</pin_list>
<bind>
<opset="rows_c "/>
</bind>
</comp>

<comp id="258" class="1005" name="din_c_reg_258">
<pin_list>
<pin id="259" dir="0" index="0" bw="64" slack="1"/>
<pin id="260" dir="1" index="1" bw="64" slack="1"/>
</pin_list>
<bind>
<opset="din_c "/>
</bind>
</comp>

<comp id="264" class="1005" name="ldata_reg_264">
<pin_list>
<pin id="265" dir="0" index="0" bw="32" slack="3"/>
<pin id="266" dir="1" index="1" bw="32" slack="3"/>
</pin_list>
<bind>
<opset="ldata "/>
</bind>
</comp>

<comp id="270" class="1005" name="axibound_V_reg_270">
<pin_list>
<pin id="271" dir="0" index="0" bw="22" slack="1"/>
<pin id="272" dir="1" index="1" bw="22" slack="1"/>
</pin_list>
<bind>
<opset="axibound_V "/>
</bind>
</comp>

</comp_list>

<net_list>
<net id="83"><net_src comp="14" pin="0"/><net_sink comp="80" pin=0"/></net>

<net id="87"><net_src comp="14" pin="0"/><net_sink comp="84" pin=0"/></net>

<net id="91"><net_src comp="14" pin="0"/><net_sink comp="88" pin=0"/></net>

<net id="95"><net_src comp="14" pin="0"/><net_sink comp="92" pin=0"/></net>

<net id="99"><net_src comp="14" pin="0"/><net_sink comp="96" pin=0"/></net>

<net id="103"><net_src comp="14" pin="0"/><net_sink comp="100" pin=0"/></net>

<net id="107"><net_src comp="14" pin="0"/><net_sink comp="104" pin=0"/></net>

<net id="111"><net_src comp="14" pin="0"/><net_sink comp="108" pin=0"/></net>

<net id="115"><net_src comp="14" pin="0"/><net_sink comp="112" pin=0"/></net>

<net id="119"><net_src comp="14" pin="0"/><net_sink comp="116" pin=0"/></net>

<net id="123"><net_src comp="14" pin="0"/><net_sink comp="120" pin=0"/></net>

<net id="128"><net_src comp="10" pin="0"/><net_sink comp="124" pin=0"/></net>

<net id="129"><net_src comp="8" pin="0"/><net_sink comp="124" pin=1"/></net>

<net id="134"><net_src comp="10" pin="0"/><net_sink comp="130" pin=0"/></net>

<net id="135"><net_src comp="6" pin="0"/><net_sink comp="130" pin=1"/></net>

<net id="140"><net_src comp="12" pin="0"/><net_sink comp="136" pin=0"/></net>

<net id="141"><net_src comp="4" pin="0"/><net_sink comp="136" pin=1"/></net>

<net id="150"><net_src comp="28" pin="0"/><net_sink comp="142" pin=0"/></net>

<net id="151"><net_src comp="2" pin="0"/><net_sink comp="142" pin=2"/></net>

<net id="159"><net_src comp="24" pin="0"/><net_sink comp="152" pin=0"/></net>

<net id="160"><net_src comp="0" pin="0"/><net_sink comp="152" pin=1"/></net>

<net id="169"><net_src comp="20" pin="0"/><net_sink comp="161" pin=0"/></net>

<net id="179"><net_src comp="16" pin="0"/><net_sink comp="170" pin=0"/></net>

<net id="180"><net_src comp="136" pin="2"/><net_sink comp="170" pin=1"/></net>

<net id="181"><net_src comp="130" pin="2"/><net_sink comp="170" pin=2"/></net>

<net id="182"><net_src comp="124" pin="2"/><net_sink comp="170" pin=3"/></net>

<net id="192"><net_src comp="18" pin="0"/><net_sink comp="183" pin=0"/></net>

<net id="197"><net_src comp="26" pin="0"/><net_sink comp="193" pin=0"/></net>

<net id="202"><net_src comp="22" pin="0"/><net_sink comp="198" pin=0"/></net>

<net id="203"><net_src comp="198" pin="2"/><net_sink comp="152" pin=4"/></net>

<net id="207"><net_src comp="80" pin="1"/><net_sink comp="204" pin=0"/></net>

<net id="208"><net_src comp="204" pin="1"/><net_sink comp="170" pin=6"/></net>

<net id="209"><net_src comp="204" pin="1"/><net_sink comp="183" pin=3"/></net>

<net id="213"><net_src comp="84" pin="1"/><net_sink comp="210" pin=0"/></net>

<net id="214"><net_src comp="210" pin="1"/><net_sink comp="170" pin=5"/></net>

<net id="215"><net_src comp="210" pin="1"/><net_sink comp="183" pin=2"/></net>

<net id="219"><net_src comp="88" pin="1"/><net_sink comp="216" pin=0"/></net>

<net id="220"><net_src comp="216" pin="1"/><net_sink comp="170" pin=4"/></net>

<net id="221"><net_src comp="216" pin="1"/><net_sink comp="183" pin=1"/></net>

<net id="225"><net_src comp="92" pin="1"/><net_sink comp="222" pin=0"/></net>

<net id="226"><net_src comp="222" pin="1"/><net_sink comp="161" pin=1"/></net>

<net id="227"><net_src comp="222" pin="1"/><net_sink comp="198" pin=1"/></net>

<net id="231"><net_src comp="96" pin="1"/><net_sink comp="228" pin=0"/></net>

<net id="232"><net_src comp="228" pin="1"/><net_sink comp="161" pin=5"/></net>

<net id="233"><net_src comp="228" pin="1"/><net_sink comp="142" pin=4"/></net>

<net id="237"><net_src comp="100" pin="1"/><net_sink comp="234" pin=0"/></net>

<net id="238"><net_src comp="234" pin="1"/><net_sink comp="161" pin=4"/></net>

<net id="239"><net_src comp="234" pin="1"/><net_sink comp="142" pin=3"/></net>

<net id="243"><net_src comp="104" pin="1"/><net_sink comp="240" pin=0"/></net>

<net id="244"><net_src comp="240" pin="1"/><net_sink comp="193" pin=1"/></net>

<net id="245"><net_src comp="240" pin="1"/><net_sink comp="142" pin=5"/></net>

<net id="249"><net_src comp="108" pin="1"/><net_sink comp="246" pin=0"/></net>

<net id="250"><net_src comp="246" pin="1"/><net_sink comp="183" pin=6"/></net>

<net id="251"><net_src comp="246" pin="1"/><net_sink comp="161" pin=3"/></net>

<net id="255"><net_src comp="112" pin="1"/><net_sink comp="252" pin=0"/></net>

<net id="256"><net_src comp="252" pin="1"/><net_sink comp="183" pin=5"/></net>

<net id="257"><net_src comp="252" pin="1"/><net_sink comp="161" pin=2"/></net>

<net id="261"><net_src comp="116" pin="1"/><net_sink comp="258" pin=0"/></net>

<net id="262"><net_src comp="258" pin="1"/><net_sink comp="183" pin=4"/></net>

<net id="263"><net_src comp="258" pin="1"/><net_sink comp="152" pin=3"/></net>

<net id="267"><net_src comp="120" pin="1"/><net_sink comp="264" pin=0"/></net>

<net id="268"><net_src comp="264" pin="1"/><net_sink comp="152" pin=2"/></net>

<net id="269"><net_src comp="264" pin="1"/><net_sink comp="142" pin=1"/></net>

<net id="273"><net_src comp="198" pin="2"/><net_sink comp="270" pin=0"/></net>

<net id="274"><net_src comp="270" pin="1"/><net_sink comp="152" pin=4"/></net>

</net_list>

</model> 
---------------- Datapath Model END ------------------

* FSMD analyzer results:
  - Output states:
	Port: gmem3 | {}
	Port: streamFlowin_mat_436 | {6 7 }
 - Input state : 
	Port: Axi2Mat : gmem3 | {4 5 }
	Port: Axi2Mat : streamFlowin_mat_436 | {}
	Port: Axi2Mat : din | {1 }
	Port: Axi2Mat : rows | {1 }
	Port: Axi2Mat : cols | {1 }
  - Chain level:
	State 1
		call_ln1115 : 1
	State 2
	State 3
	State 4
		call_ln1118 : 1
	State 5
	State 6
	State 7


============================================================
+ Verbose Summary: Datapath Resource usage 
============================================================

* Functional unit list:
|----------|----------------------------------------------|---------|---------|---------|---------|
| Operation|                Functional Unit               |   DSP   |  Delay  |    FF   |   LUT   |
|----------|----------------------------------------------|---------|---------|---------|---------|
|          |        grp_AxiStream2MatStream_fu_142        |    3    |    0    |   545   |   1547  |
|          |           grp_Axi2AxiStream_fu_152           |    0    |  0.656  |   164   |    78   |
|          |         call_ln304_addrbound22_fu_161        |    2    |    0    |    0    |    22   |
|   call   |       call_ln1115_Axi2Mat_entry6_fu_170      |    0    |    0    |    0    |    0    |
|          |      call_ln1107_Axi2Mat_entry42_fu_183      |    0    |    0    |    0    |    0    |
|          |    call_ln1116_last_blk_pxl_width21_fu_193   |    0    |    0    |    0    |    0    |
|          | axibound_V_Axi2Mat_Block_split15_proc_fu_198 |    0    |    0    |    0    |    0    |
|----------|----------------------------------------------|---------|---------|---------|---------|
|          |             cols_read_read_fu_124            |    0    |    0    |    0    |    0    |
|   read   |             rows_read_read_fu_130            |    0    |    0    |    0    |    0    |
|          |             din_read_read_fu_136             |    0    |    0    |    0    |    0    |
|----------|----------------------------------------------|---------|---------|---------|---------|
|   Total  |                                              |    5    |  0.656  |   709   |   1647  |
|----------|----------------------------------------------|---------|---------|---------|---------|

Memories:
N/A

* Register list:
+------------------------+--------+
|                        |   FF   |
+------------------------+--------+
|   axibound_V_reg_270   |   22   |
|    cols_c14_reg_228    |   32   |
|     cols_c3_reg_204    |   32   |
|     cols_c_reg_246     |   32   |
|     din_c1_reg_216     |   64   |
|      din_c_reg_258     |   64   |
|last_blk_width_c_reg_240|    6   |
|      ldata_reg_264     |   32   |
|    p_channel_reg_222   |   22   |
|    rows_c13_reg_234    |   32   |
|     rows_c2_reg_210    |   32   |
|     rows_c_reg_252     |   32   |
+------------------------+--------+
|          Total         |   402  |
+------------------------+--------+

* Multiplexer (MUX) list: 
|--------------------------|------|------|------|--------||---------||---------|
|           Comp           |  Pin | Size |  BW  | S x BW ||  Delay  ||   LUT   |
|--------------------------|------|------|------|--------||---------||---------|
| grp_Axi2AxiStream_fu_152 |  p4  |   2  |  22  |   44   ||    9    |
|--------------------------|------|------|------|--------||---------||---------|
|           Total          |      |      |      |   44   ||  0.656  ||    9    |
|--------------------------|------|------|------|--------||---------||---------|



* Summary:
+-----------+--------+--------+--------+--------+
|           |   DSP  |  Delay |   FF   |   LUT  |
+-----------+--------+--------+--------+--------+
|  Function |    5   |    0   |   709  |  1647  |
|   Memory  |    -   |    -   |    -   |    -   |
|Multiplexer|    -   |    0   |    -   |    9   |
|  Register |    -   |    -   |   402  |    -   |
+-----------+--------+--------+--------+--------+
|   Total   |    5   |    1   |  1111  |  1656  |
+-----------+--------+--------+--------+--------+
