

================================================================
== Vitis HLS Report for 'AxiStream2MatStream'
================================================================
* Date:           Thu Mar 25 14:59:26 2021

* Version:        2020.1.1 (Build 2960000 on Wed Aug 05 23:18:37 MDT 2020)
* Project:        pyr_dense_optical_flow_accel
* Solution:       solution (Vitis Kernel Flow Target)
* Product family: zynquplus
* Target device:  xczu7ev-ffvc1156-2-e


================================================================
== Performance Estimates
================================================================
+ Timing: 
    * Summary: 
    +--------+---------+----------+------------+
    |  Clock |  Target | Estimated| Uncertainty|
    +--------+---------+----------+------------+
    |ap_clk  | 6.67 ns | 5.085 ns |   1.80 ns  |
    +--------+---------+----------+------------+

+ Latency: 
    * Summary: 
    +---------+---------+-----------+-----------+-----+---------+---------+
    |  Latency (cycles) |   Latency (absolute)  |    Interval   | Pipeline|
    |   min   |   max   |    min    |    max    | min |   max   |   Type  |
    +---------+---------+-----------+-----------+-----+---------+---------+
    |        5|  2073604| 33.335 ns | 13.825 ms |    5|  2073604|   none  |
    +---------+---------+-----------+-----------+-----+---------+---------+

    + Detail: 
        * Instance: 
        N/A

        * Loop: 
        +-------------------+---------+---------+----------+-----------+-----------+-------------+----------+
        |                   |  Latency (cycles) | Iteration|  Initiation Interval  |     Trip    |          |
        |     Loop Name     |   min   |   max   |  Latency |  achieved |   target  |    Count    | Pipelined|
        +-------------------+---------+---------+----------+-----------+-----------+-------------+----------+
        |- MMIterInLoopRow  |        2|  2073601|         3|          1|          1| 1 ~ 2073600 |    yes   |
        +-------------------+---------+---------+----------+-----------+-----------+-------------+----------+

============================================================
+ Verbose Summary: Synthesis Manager
============================================================
InlineROM: 1
ExposeGlobal: 0
============================================================
+ Verbose Summary: CDFG Model
============================================================
IsTopModel: 0
ResetActiveHigh: 1
IsCombinational: 2
IsDatapathOnly: 0
HasWiredReturn: 1
HasMFsm: 0
HasVarLatency: 1
IsPipeline: 0
IsRtlPipelined: 0
IsInstanceOverlapped: 0
IsDontTouch: 0
HasImplIP: 0
IsGatedGlobalClock: 0

+ Individual pipeline summary: 
  * Pipeline-0: initiation interval (II) = 1, depth = 3


============================================================
+ Verbose Summary: Schedule
============================================================
* Number of FSM states : 6
* Pipeline : 1
  Pipeline-0 : II = 1, D = 3, States = { 3 4 5 }
* Dataflow Pipeline: 0

* FSM state transitions: 
1 --> 2 
2 --> 3 
3 --> 6 4 
4 --> 5 
5 --> 3 
6 --> 

* FSM state operations: 

State 1 <SV = 0> <Delay = 1.83>
ST_1 : Operation 7 [1/1] (0.00ns)   --->   "%rem = alloca i32"   --->   Operation 7 'alloca' 'rem' <Predicate = true> <Delay = 0.00>
ST_1 : Operation 8 [1/1] (0.00ns)   --->   "%p_Val2_s = alloca i32"   --->   Operation 8 'alloca' 'p_Val2_s' <Predicate = true> <Delay = 0.00>
ST_1 : Operation 9 [1/1] (1.83ns)   --->   "%rows_3 = read i32 @_ssdm_op_Read.ap_fifo.i32P, i32 %rows" [/tools/Xilinx/Vitis/2020.1/workspace/test_fast/libs/xf_opencv/L1/include/common/xf_structs.hpp:1029]   --->   Operation 9 'read' 'rows_3' <Predicate = true> <Delay = 1.83> <CoreInst = "FIFO_SRL">   --->   Core 21 'FIFO_SRL' <Latency = 0> <II = 1> <Delay = 1.83> <Storage> <Opcode : 'read' 'write' 'nbread' 'nbwrite'> <Ports = 0> <Width = 32> <Depth = 4> <FIFO>
ST_1 : Operation 10 [1/1] (1.83ns)   --->   "%cols_bound_per_npc_3 = read i32 @_ssdm_op_Read.ap_fifo.i32P, i32 %cols_bound_per_npc" [/tools/Xilinx/Vitis/2020.1/workspace/test_fast/libs/xf_opencv/L1/include/common/xf_structs.hpp:1030]   --->   Operation 10 'read' 'cols_bound_per_npc_3' <Predicate = true> <Delay = 1.83> <CoreInst = "FIFO_SRL">   --->   Core 21 'FIFO_SRL' <Latency = 0> <II = 1> <Delay = 1.83> <Storage> <Opcode : 'read' 'write' 'nbread' 'nbwrite'> <Ports = 0> <Width = 32> <Depth = 4> <FIFO>
ST_1 : Operation 11 [1/1] (1.83ns)   --->   "%last_blk_width_2 = read i6 @_ssdm_op_Read.ap_fifo.i6P, i6 %last_blk_width" [/tools/Xilinx/Vitis/2020.1/workspace/test_fast/libs/xf_opencv/L1/include/common/xf_structs.hpp:1031]   --->   Operation 11 'read' 'last_blk_width_2' <Predicate = true> <Delay = 1.83> <CoreInst = "FIFO_SRL">   --->   Core 21 'FIFO_SRL' <Latency = 0> <II = 1> <Delay = 1.83> <Storage> <Opcode : 'read' 'write' 'nbread' 'nbwrite'> <Ports = 0> <Width = 6> <Depth = 4> <FIFO>
ST_1 : Operation 12 [1/1] (0.65ns)   --->   "%store_ln1038 = store i32, i32 %p_Val2_s" [/tools/Xilinx/Vitis/2020.1/workspace/test_fast/libs/xf_opencv/L1/include/common/xf_structs.hpp:1038->/tools/Xilinx/Vitis/2020.1/workspace/test_fast/libs/xf_opencv/L1/include/common/xf_structs.hpp:1115]   --->   Operation 12 'store' 'store_ln1038' <Predicate = true> <Delay = 0.65>
ST_1 : Operation 13 [1/1] (0.67ns)   --->   "%store_ln1038 = store i32, i32 %rem" [/tools/Xilinx/Vitis/2020.1/workspace/test_fast/libs/xf_opencv/L1/include/common/xf_structs.hpp:1038->/tools/Xilinx/Vitis/2020.1/workspace/test_fast/libs/xf_opencv/L1/include/common/xf_structs.hpp:1115]   --->   Operation 13 'store' 'store_ln1038' <Predicate = true> <Delay = 0.67>

State 2 <SV = 1> <Delay = 3.42>
ST_2 : Operation 14 [1/1] (0.00ns)   --->   "%specinterface_ln0 = specinterface void @_ssdm_op_SpecInterface, i32 %ldata1, void @empty_35, i32, i32, void @empty_25, i32, i32, void @empty_25, void @empty_25, void @empty_25, i32, i32, i32, i32, void @empty_25, void @empty_25"   --->   Operation 14 'specinterface' 'specinterface_ln0' <Predicate = true> <Delay = 0.00>
ST_2 : Operation 15 [1/1] (0.00ns)   --->   "%specinterface_ln0 = specinterface void @_ssdm_op_SpecInterface, i32 %streamFlowin_mat_436, void @empty_35, i32, i32, void @empty_25, i32, i32, void @empty_25, void @empty_25, void @empty_25, i32, i32, i32, i32, void @empty_25, void @empty_25"   --->   Operation 15 'specinterface' 'specinterface_ln0' <Predicate = true> <Delay = 0.00>
ST_2 : Operation 16 [1/1] (0.00ns)   --->   "%specinterface_ln0 = specinterface void @_ssdm_op_SpecInterface, i6 %last_blk_width, void @ap_fifo_str, i32, i32, void @p_str, i32, i32, void @p_str, void @p_str, void @p_str, i32, i32, i32, i32, void @p_str, void @ScalarProp_str"   --->   Operation 16 'specinterface' 'specinterface_ln0' <Predicate = true> <Delay = 0.00>
ST_2 : Operation 17 [1/1] (0.00ns)   --->   "%specinterface_ln0 = specinterface void @_ssdm_op_SpecInterface, i32 %cols_bound_per_npc, void @ap_fifo_str, i32, i32, void @p_str, i32, i32, void @p_str, void @p_str, void @p_str, i32, i32, i32, i32, void @p_str, void @ScalarProp_str"   --->   Operation 17 'specinterface' 'specinterface_ln0' <Predicate = true> <Delay = 0.00>
ST_2 : Operation 18 [1/1] (0.00ns)   --->   "%specinterface_ln0 = specinterface void @_ssdm_op_SpecInterface, i32 %rows, void @ap_fifo_str, i32, i32, void @p_str, i32, i32, void @p_str, void @p_str, void @p_str, i32, i32, i32, i32, void @p_str, void @ScalarProp_str"   --->   Operation 18 'specinterface' 'specinterface_ln0' <Predicate = true> <Delay = 0.00>
ST_2 : Operation 19 [1/1] (0.00ns)   --->   "%last_blk_width_cast_i = zext i6 %last_blk_width_2" [/tools/Xilinx/Vitis/2020.1/workspace/test_fast/libs/xf_opencv/L1/include/common/xf_structs.hpp:1031]   --->   Operation 19 'zext' 'last_blk_width_cast_i' <Predicate = true> <Delay = 0.00>
ST_2 : Operation 20 [1/1] (0.00ns)   --->   "%specinterface_ln0 = specinterface void @_ssdm_op_SpecInterface, i32 %ldata1, void @empty_35, i32, i32, void @empty_25, i32, i32, void @empty_25, void @empty_25, void @empty_25, i32, i32, i32, i32, void @empty_25, void @empty_25"   --->   Operation 20 'specinterface' 'specinterface_ln0' <Predicate = true> <Delay = 0.00>
ST_2 : Operation 21 [1/1] (0.00ns)   --->   "%specinterface_ln0 = specinterface void @_ssdm_op_SpecInterface, i32 %streamFlowin_mat_436, void @empty_35, i32, i32, void @empty_25, i32, i32, void @empty_25, void @empty_25, void @empty_25, i32, i32, i32, i32, void @empty_25, void @empty_25"   --->   Operation 21 'specinterface' 'specinterface_ln0' <Predicate = true> <Delay = 0.00>
ST_2 : Operation 22 [1/1] (3.42ns)   --->   "%bound = mul i32 %cols_bound_per_npc_3, i32 %rows_3" [/tools/Xilinx/Vitis/2020.1/workspace/test_fast/libs/xf_opencv/L1/include/common/xf_structs.hpp:1036->/tools/Xilinx/Vitis/2020.1/workspace/test_fast/libs/xf_opencv/L1/include/common/xf_structs.hpp:1115]   --->   Operation 22 'mul' 'bound' <Predicate = true> <Delay = 3.42> <CoreInst = "Multiplier">   --->   Core 4 'Multiplier' <Latency = 0> <II = 1> <Delay = 3.42> <FuncUnit> <Opcode : 'mul'> <InPorts = 2> <OutPorts = 1>
ST_2 : Operation 23 [1/1] (1.01ns)   --->   "%sub_i = add i32 %cols_bound_per_npc_3, i32" [/tools/Xilinx/Vitis/2020.1/workspace/test_fast/libs/xf_opencv/L1/include/common/xf_structs.hpp:1030]   --->   Operation 23 'add' 'sub_i' <Predicate = true> <Delay = 1.01> <CoreInst = "Adder">   --->   Core 1 'Adder' <Latency = 0> <II = 1> <Delay = 0.78> <FuncUnit> <Opcode : 'add' 'sub'> <InPorts = 2> <OutPorts = 1>
ST_2 : Operation 24 [1/1] (0.77ns)   --->   "%sub2_i = sub i7, i7 %last_blk_width_cast_i" [/tools/Xilinx/Vitis/2020.1/workspace/test_fast/libs/xf_opencv/L1/include/common/xf_structs.hpp:1031]   --->   Operation 24 'sub' 'sub2_i' <Predicate = true> <Delay = 0.77> <CoreInst = "Adder">   --->   Core 1 'Adder' <Latency = 0> <II = 1> <Delay = 0.78> <FuncUnit> <Opcode : 'add' 'sub'> <InPorts = 2> <OutPorts = 1>
ST_2 : Operation 25 [1/1] (0.78ns)   --->   "%add_ln1057 = add i7 %last_blk_width_cast_i, i7" [/tools/Xilinx/Vitis/2020.1/workspace/test_fast/libs/xf_opencv/L1/include/common/xf_structs.hpp:1057->/tools/Xilinx/Vitis/2020.1/workspace/test_fast/libs/xf_opencv/L1/include/common/xf_structs.hpp:1115]   --->   Operation 25 'add' 'add_ln1057' <Predicate = true> <Delay = 0.78> <CoreInst = "Adder">   --->   Core 1 'Adder' <Latency = 0> <II = 1> <Delay = 0.78> <FuncUnit> <Opcode : 'add' 'sub'> <InPorts = 2> <OutPorts = 1>
ST_2 : Operation 26 [1/1] (0.65ns)   --->   "%br_ln1038 = br void" [/tools/Xilinx/Vitis/2020.1/workspace/test_fast/libs/xf_opencv/L1/include/common/xf_structs.hpp:1038->/tools/Xilinx/Vitis/2020.1/workspace/test_fast/libs/xf_opencv/L1/include/common/xf_structs.hpp:1115]   --->   Operation 26 'br' 'br_ln1038' <Predicate = true> <Delay = 0.65>

State 3 <SV = 2> <Delay = 5.08>
ST_3 : Operation 27 [1/1] (0.00ns)   --->   "%j = phi i32, void %entry, i32 %j_3, void"   --->   Operation 27 'phi' 'j' <Predicate = true> <Delay = 0.00>
ST_3 : Operation 28 [1/1] (0.00ns)   --->   "%i = phi i31, void %entry, i31 %add_ln1038, void" [/tools/Xilinx/Vitis/2020.1/workspace/test_fast/libs/xf_opencv/L1/include/common/xf_structs.hpp:1038->/tools/Xilinx/Vitis/2020.1/workspace/test_fast/libs/xf_opencv/L1/include/common/xf_structs.hpp:1115]   --->   Operation 28 'phi' 'i' <Predicate = true> <Delay = 0.00>
ST_3 : Operation 29 [1/1] (0.00ns)   --->   "%zext_ln1027 = zext i31 %i" [/tools/Xilinx/Vitis/2020.1/workspace/test_fast/libs/xf_opencv/L1/include/common/xf_structs.hpp:1027->/tools/Xilinx/Vitis/2020.1/workspace/test_fast/libs/xf_opencv/L1/include/common/xf_structs.hpp:1115]   --->   Operation 29 'zext' 'zext_ln1027' <Predicate = true> <Delay = 0.00>
ST_3 : Operation 30 [1/1] (0.99ns)   --->   "%icmp_ln1038 = icmp_slt  i32 %zext_ln1027, i32 %bound" [/tools/Xilinx/Vitis/2020.1/workspace/test_fast/libs/xf_opencv/L1/include/common/xf_structs.hpp:1038->/tools/Xilinx/Vitis/2020.1/workspace/test_fast/libs/xf_opencv/L1/include/common/xf_structs.hpp:1115]   --->   Operation 30 'icmp' 'icmp_ln1038' <Predicate = true> <Delay = 0.99> <CoreInst = "Cmp">   --->   Core 10 'Cmp' <Latency = 0> <II = 1> <Delay = 0.99> <FuncUnit> <Opcode : 'icmp'> <InPorts = 2> <OutPorts = 1>
ST_3 : Operation 31 [1/1] (1.00ns)   --->   "%add_ln1038 = add i31 %i, i31" [/tools/Xilinx/Vitis/2020.1/workspace/test_fast/libs/xf_opencv/L1/include/common/xf_structs.hpp:1038->/tools/Xilinx/Vitis/2020.1/workspace/test_fast/libs/xf_opencv/L1/include/common/xf_structs.hpp:1115]   --->   Operation 31 'add' 'add_ln1038' <Predicate = true> <Delay = 1.00> <CoreInst = "Adder">   --->   Core 1 'Adder' <Latency = 0> <II = 1> <Delay = 0.78> <FuncUnit> <Opcode : 'add' 'sub'> <InPorts = 2> <OutPorts = 1>
ST_3 : Operation 32 [1/1] (0.00ns)   --->   "%br_ln1038 = br i1 %icmp_ln1038, void %.exit, void %.split.i" [/tools/Xilinx/Vitis/2020.1/workspace/test_fast/libs/xf_opencv/L1/include/common/xf_structs.hpp:1038->/tools/Xilinx/Vitis/2020.1/workspace/test_fast/libs/xf_opencv/L1/include/common/xf_structs.hpp:1115]   --->   Operation 32 'br' 'br_ln1038' <Predicate = true> <Delay = 0.00>
ST_3 : Operation 33 [1/1] (0.00ns)   --->   "%rem_load = load i32 %rem, void %store_ln1038" [/tools/Xilinx/Vitis/2020.1/workspace/test_fast/libs/xf_opencv/L1/include/common/xf_structs.hpp:1049->/tools/Xilinx/Vitis/2020.1/workspace/test_fast/libs/xf_opencv/L1/include/common/xf_structs.hpp:1115]   --->   Operation 33 'load' 'rem_load' <Predicate = (icmp_ln1038)> <Delay = 0.00>
ST_3 : Operation 34 [1/1] (0.99ns)   --->   "%bLast = icmp_eq  i32 %j, i32 %sub_i" [/tools/Xilinx/Vitis/2020.1/workspace/test_fast/libs/xf_opencv/L1/include/common/xf_structs.hpp:1043->/tools/Xilinx/Vitis/2020.1/workspace/test_fast/libs/xf_opencv/L1/include/common/xf_structs.hpp:1115]   --->   Operation 34 'icmp' 'bLast' <Predicate = (icmp_ln1038)> <Delay = 0.99> <CoreInst = "Cmp">   --->   Core 10 'Cmp' <Latency = 0> <II = 1> <Delay = 0.99> <FuncUnit> <Opcode : 'icmp'> <InPorts = 2> <OutPorts = 1>
ST_3 : Operation 35 [1/1] (0.38ns)   --->   "%xf_bits_per_clock = select i1 %bLast, i6 %last_blk_width_2, i6" [/tools/Xilinx/Vitis/2020.1/workspace/test_fast/libs/xf_opencv/L1/include/common/xf_structs.hpp:1044->/tools/Xilinx/Vitis/2020.1/workspace/test_fast/libs/xf_opencv/L1/include/common/xf_structs.hpp:1115]   --->   Operation 35 'select' 'xf_bits_per_clock' <Predicate = (icmp_ln1038)> <Delay = 0.38> <CoreInst = "Sel">   --->   Core 11 'Sel' <Latency = 0> <II = 1> <Delay = 0.44> <FuncUnit> <Opcode : 'select'> <InPorts = 3> <OutPorts = 1>
ST_3 : Operation 36 [1/1] (0.00ns)   --->   "%zext_ln1044 = zext i6 %xf_bits_per_clock" [/tools/Xilinx/Vitis/2020.1/workspace/test_fast/libs/xf_opencv/L1/include/common/xf_structs.hpp:1044->/tools/Xilinx/Vitis/2020.1/workspace/test_fast/libs/xf_opencv/L1/include/common/xf_structs.hpp:1115]   --->   Operation 36 'zext' 'zext_ln1044' <Predicate = (icmp_ln1038)> <Delay = 0.00>
ST_3 : Operation 37 [1/1] (0.36ns)   --->   "%ptr_width_minus = select i1 %bLast, i7 %sub2_i, i7" [/tools/Xilinx/Vitis/2020.1/workspace/test_fast/libs/xf_opencv/L1/include/common/xf_structs.hpp:1045->/tools/Xilinx/Vitis/2020.1/workspace/test_fast/libs/xf_opencv/L1/include/common/xf_structs.hpp:1115]   --->   Operation 37 'select' 'ptr_width_minus' <Predicate = (icmp_ln1038)> <Delay = 0.36> <CoreInst = "Sel">   --->   Core 11 'Sel' <Latency = 0> <II = 1> <Delay = 0.44> <FuncUnit> <Opcode : 'select'> <InPorts = 3> <OutPorts = 1>
ST_3 : Operation 38 [1/1] (0.00ns)   --->   "%sext_ln1045 = sext i7 %ptr_width_minus" [/tools/Xilinx/Vitis/2020.1/workspace/test_fast/libs/xf_opencv/L1/include/common/xf_structs.hpp:1045->/tools/Xilinx/Vitis/2020.1/workspace/test_fast/libs/xf_opencv/L1/include/common/xf_structs.hpp:1115]   --->   Operation 38 'sext' 'sext_ln1045' <Predicate = (icmp_ln1038)> <Delay = 0.00>
ST_3 : Operation 39 [1/1] (0.99ns)   --->   "%icmp_ln1049 = icmp_slt  i32 %rem_load, i32 %zext_ln1044" [/tools/Xilinx/Vitis/2020.1/workspace/test_fast/libs/xf_opencv/L1/include/common/xf_structs.hpp:1049->/tools/Xilinx/Vitis/2020.1/workspace/test_fast/libs/xf_opencv/L1/include/common/xf_structs.hpp:1115]   --->   Operation 39 'icmp' 'icmp_ln1049' <Predicate = (icmp_ln1038)> <Delay = 0.99> <CoreInst = "Cmp">   --->   Core 10 'Cmp' <Latency = 0> <II = 1> <Delay = 0.99> <FuncUnit> <Opcode : 'icmp'> <InPorts = 2> <OutPorts = 1>
ST_3 : Operation 40 [1/1] (0.00ns)   --->   "%br_ln1049 = br i1 %icmp_ln1049, void, void %_ifconv" [/tools/Xilinx/Vitis/2020.1/workspace/test_fast/libs/xf_opencv/L1/include/common/xf_structs.hpp:1049->/tools/Xilinx/Vitis/2020.1/workspace/test_fast/libs/xf_opencv/L1/include/common/xf_structs.hpp:1115]   --->   Operation 40 'br' 'br_ln1049' <Predicate = (icmp_ln1038)> <Delay = 0.00>
ST_3 : Operation 41 [1/1] (1.01ns)   --->   "%rem_4 = sub i32 %rem_load, i32 %zext_ln1044" [/tools/Xilinx/Vitis/2020.1/workspace/test_fast/libs/xf_opencv/L1/include/common/xf_structs.hpp:1058->/tools/Xilinx/Vitis/2020.1/workspace/test_fast/libs/xf_opencv/L1/include/common/xf_structs.hpp:1115]   --->   Operation 41 'sub' 'rem_4' <Predicate = (icmp_ln1038 & !icmp_ln1049)> <Delay = 1.01> <CoreInst = "Adder">   --->   Core 1 'Adder' <Latency = 0> <II = 1> <Delay = 0.78> <FuncUnit> <Opcode : 'add' 'sub'> <InPorts = 2> <OutPorts = 1>
ST_3 : Operation 42 [1/1] (0.67ns)   --->   "%store_ln1058 = store i32 %rem_4, i32 %rem, void %store_ln1038, i32 %rem_load" [/tools/Xilinx/Vitis/2020.1/workspace/test_fast/libs/xf_opencv/L1/include/common/xf_structs.hpp:1058->/tools/Xilinx/Vitis/2020.1/workspace/test_fast/libs/xf_opencv/L1/include/common/xf_structs.hpp:1115]   --->   Operation 42 'store' 'store_ln1058' <Predicate = (icmp_ln1038 & !icmp_ln1049)> <Delay = 0.67>
ST_3 : Operation 43 [1/1] (1.01ns)   --->   "%rem_3 = add i32 %sext_ln1045, i32 %rem_load" [/tools/Xilinx/Vitis/2020.1/workspace/test_fast/libs/xf_opencv/L1/include/common/xf_structs.hpp:1055->/tools/Xilinx/Vitis/2020.1/workspace/test_fast/libs/xf_opencv/L1/include/common/xf_structs.hpp:1115]   --->   Operation 43 'add' 'rem_3' <Predicate = (icmp_ln1038 & icmp_ln1049)> <Delay = 1.01> <CoreInst = "Adder">   --->   Core 1 'Adder' <Latency = 0> <II = 1> <Delay = 0.78> <FuncUnit> <Opcode : 'add' 'sub'> <InPorts = 2> <OutPorts = 1>
ST_3 : Operation 44 [1/1] (0.67ns)   --->   "%store_ln1056 = store i32 %rem_3, i32 %rem, void %store_ln1038, i32 %rem_load" [/tools/Xilinx/Vitis/2020.1/workspace/test_fast/libs/xf_opencv/L1/include/common/xf_structs.hpp:1056->/tools/Xilinx/Vitis/2020.1/workspace/test_fast/libs/xf_opencv/L1/include/common/xf_structs.hpp:1115]   --->   Operation 44 'store' 'store_ln1056' <Predicate = (icmp_ln1038 & icmp_ln1049)> <Delay = 0.67>
ST_3 : Operation 45 [1/1] (1.01ns)   --->   "%add_ln1061 = add i32 %j, i32" [/tools/Xilinx/Vitis/2020.1/workspace/test_fast/libs/xf_opencv/L1/include/common/xf_structs.hpp:1061->/tools/Xilinx/Vitis/2020.1/workspace/test_fast/libs/xf_opencv/L1/include/common/xf_structs.hpp:1115]   --->   Operation 45 'add' 'add_ln1061' <Predicate = (icmp_ln1038)> <Delay = 1.01> <CoreInst = "Adder">   --->   Core 1 'Adder' <Latency = 0> <II = 1> <Delay = 0.78> <FuncUnit> <Opcode : 'add' 'sub'> <InPorts = 2> <OutPorts = 1>
ST_3 : Operation 46 [1/1] (0.44ns)   --->   "%j_3 = select i1 %bLast, i32, i32 %add_ln1061" [/tools/Xilinx/Vitis/2020.1/workspace/test_fast/libs/xf_opencv/L1/include/common/xf_structs.hpp:1061->/tools/Xilinx/Vitis/2020.1/workspace/test_fast/libs/xf_opencv/L1/include/common/xf_structs.hpp:1115]   --->   Operation 46 'select' 'j_3' <Predicate = (icmp_ln1038)> <Delay = 0.44> <CoreInst = "Sel">   --->   Core 11 'Sel' <Latency = 0> <II = 1> <Delay = 0.44> <FuncUnit> <Opcode : 'select'> <InPorts = 3> <OutPorts = 1>

State 4 <SV = 3> <Delay = 3.42>
ST_4 : Operation 47 [1/1] (0.00ns)   --->   "%specpipeline_ln1032 = specpipeline void @_ssdm_op_SpecPipeline, i32, i32, i32, i32, void @empty_25" [/tools/Xilinx/Vitis/2020.1/workspace/test_fast/libs/xf_opencv/L1/include/common/xf_structs.hpp:1032->/tools/Xilinx/Vitis/2020.1/workspace/test_fast/libs/xf_opencv/L1/include/common/xf_structs.hpp:1115]   --->   Operation 47 'specpipeline' 'specpipeline_ln1032' <Predicate = (icmp_ln1038)> <Delay = 0.00>
ST_4 : Operation 48 [1/1] (0.00ns)   --->   "%speclooptripcount_ln1032 = speclooptripcount void @_ssdm_op_SpecLoopTripCount, i64, i64, i64" [/tools/Xilinx/Vitis/2020.1/workspace/test_fast/libs/xf_opencv/L1/include/common/xf_structs.hpp:1032->/tools/Xilinx/Vitis/2020.1/workspace/test_fast/libs/xf_opencv/L1/include/common/xf_structs.hpp:1115]   --->   Operation 48 'speclooptripcount' 'speclooptripcount_ln1032' <Predicate = (icmp_ln1038)> <Delay = 0.00>
ST_4 : Operation 49 [1/1] (0.00ns)   --->   "%specloopname_ln1032 = specloopname void @_ssdm_op_SpecLoopName, void @empty_32" [/tools/Xilinx/Vitis/2020.1/workspace/test_fast/libs/xf_opencv/L1/include/common/xf_structs.hpp:1032->/tools/Xilinx/Vitis/2020.1/workspace/test_fast/libs/xf_opencv/L1/include/common/xf_structs.hpp:1115]   --->   Operation 49 'specloopname' 'specloopname_ln1032' <Predicate = (icmp_ln1038)> <Delay = 0.00>
ST_4 : Operation 50 [1/1] (0.00ns)   --->   "%zext_ln1044_1 = zext i6 %xf_bits_per_clock" [/tools/Xilinx/Vitis/2020.1/workspace/test_fast/libs/xf_opencv/L1/include/common/xf_structs.hpp:1044->/tools/Xilinx/Vitis/2020.1/workspace/test_fast/libs/xf_opencv/L1/include/common/xf_structs.hpp:1115]   --->   Operation 50 'zext' 'zext_ln1044_1' <Predicate = (icmp_ln1038)> <Delay = 0.00>
ST_4 : Operation 51 [1/1] (0.00ns)   --->   "%p_Val2_load = load i32 %p_Val2_s, void %store_ln1038"   --->   Operation 51 'load' 'p_Val2_load' <Predicate = (icmp_ln1038)> <Delay = 0.00>
ST_4 : Operation 52 [1/1] (0.00ns) (grouped into LUT with out node sub_ln1057)   --->   "%select_ln1057 = select i1 %bLast, i7 %add_ln1057, i7" [/tools/Xilinx/Vitis/2020.1/workspace/test_fast/libs/xf_opencv/L1/include/common/xf_structs.hpp:1057->/tools/Xilinx/Vitis/2020.1/workspace/test_fast/libs/xf_opencv/L1/include/common/xf_structs.hpp:1115]   --->   Operation 52 'select' 'select_ln1057' <Predicate = (icmp_ln1038 & !icmp_ln1049)> <Delay = 0.00> <CoreInst = "Sel">   --->   Core 11 'Sel' <Latency = 0> <II = 1> <Delay = 0.44> <FuncUnit> <Opcode : 'select'> <InPorts = 3> <OutPorts = 1>
ST_4 : Operation 53 [1/1] (0.00ns) (grouped into LUT with out node sub_ln1057)   --->   "%zext_ln1057 = zext i7 %select_ln1057" [/tools/Xilinx/Vitis/2020.1/workspace/test_fast/libs/xf_opencv/L1/include/common/xf_structs.hpp:1057->/tools/Xilinx/Vitis/2020.1/workspace/test_fast/libs/xf_opencv/L1/include/common/xf_structs.hpp:1115]   --->   Operation 53 'zext' 'zext_ln1057' <Predicate = (icmp_ln1038 & !icmp_ln1049)> <Delay = 0.00>
ST_4 : Operation 54 [1/1] (1.01ns) (out node of the LUT)   --->   "%sub_ln1057 = sub i32 %zext_ln1057, i32 %rem_load" [/tools/Xilinx/Vitis/2020.1/workspace/test_fast/libs/xf_opencv/L1/include/common/xf_structs.hpp:1057->/tools/Xilinx/Vitis/2020.1/workspace/test_fast/libs/xf_opencv/L1/include/common/xf_structs.hpp:1115]   --->   Operation 54 'sub' 'sub_ln1057' <Predicate = (icmp_ln1038 & !icmp_ln1049)> <Delay = 1.01> <CoreInst = "Adder">   --->   Core 1 'Adder' <Latency = 0> <II = 1> <Delay = 0.78> <FuncUnit> <Opcode : 'add' 'sub'> <InPorts = 2> <OutPorts = 1>
ST_4 : Operation 55 [1/1] (1.01ns)   --->   "%sub_ln1057_1 = sub i32, i32 %rem_load" [/tools/Xilinx/Vitis/2020.1/workspace/test_fast/libs/xf_opencv/L1/include/common/xf_structs.hpp:1057->/tools/Xilinx/Vitis/2020.1/workspace/test_fast/libs/xf_opencv/L1/include/common/xf_structs.hpp:1115]   --->   Operation 55 'sub' 'sub_ln1057_1' <Predicate = (icmp_ln1038 & !icmp_ln1049)> <Delay = 1.01> <CoreInst = "Adder">   --->   Core 1 'Adder' <Latency = 0> <II = 1> <Delay = 0.78> <FuncUnit> <Opcode : 'add' 'sub'> <InPorts = 2> <OutPorts = 1>
ST_4 : Operation 56 [1/1] (0.99ns)   --->   "%icmp_ln674_2 = icmp_ugt  i32 %sub_ln1057_1, i32 %sub_ln1057"   --->   Operation 56 'icmp' 'icmp_ln674_2' <Predicate = (icmp_ln1038 & !icmp_ln1049)> <Delay = 0.99> <CoreInst = "Cmp">   --->   Core 10 'Cmp' <Latency = 0> <II = 1> <Delay = 0.99> <FuncUnit> <Opcode : 'icmp'> <InPorts = 2> <OutPorts = 1>
ST_4 : Operation 57 [1/1] (0.00ns)   --->   "%trunc_ln674_3 = trunc i32 %sub_ln1057_1"   --->   Operation 57 'trunc' 'trunc_ln674_3' <Predicate = (icmp_ln1038 & !icmp_ln1049)> <Delay = 0.00>
ST_4 : Operation 58 [1/1] (0.00ns)   --->   "%trunc_ln674_4 = trunc i32 %sub_ln1057"   --->   Operation 58 'trunc' 'trunc_ln674_4' <Predicate = (icmp_ln1038 & !icmp_ln1049)> <Delay = 0.00>
ST_4 : Operation 59 [1/1] (0.00ns) (grouped into LUT with out node lshr_ln674_7)   --->   "%tmp_26 = partselect i32 @llvm.part.select.i32, i32 %p_Val2_load, i32, i32"   --->   Operation 59 'partselect' 'tmp_26' <Predicate = (icmp_ln1038 & !icmp_ln1049)> <Delay = 0.00>
ST_4 : Operation 60 [1/1] (0.78ns)   --->   "%sub_ln674_11 = sub i6 %trunc_ln674_3, i6 %trunc_ln674_4"   --->   Operation 60 'sub' 'sub_ln674_11' <Predicate = (icmp_ln1038 & !icmp_ln1049)> <Delay = 0.78> <CoreInst = "Adder">   --->   Core 1 'Adder' <Latency = 0> <II = 1> <Delay = 0.78> <FuncUnit> <Opcode : 'add' 'sub'> <InPorts = 2> <OutPorts = 1>
ST_4 : Operation 61 [1/1] (0.78ns)   --->   "%sub_ln674_12 = sub i6, i6 %trunc_ln674_3"   --->   Operation 61 'sub' 'sub_ln674_12' <Predicate = (icmp_ln1038 & !icmp_ln1049)> <Delay = 0.78> <CoreInst = "Adder">   --->   Core 1 'Adder' <Latency = 0> <II = 1> <Delay = 0.78> <FuncUnit> <Opcode : 'add' 'sub'> <InPorts = 2> <OutPorts = 1>
ST_4 : Operation 62 [1/1] (0.78ns)   --->   "%sub_ln674_13 = sub i6 %trunc_ln674_4, i6 %trunc_ln674_3"   --->   Operation 62 'sub' 'sub_ln674_13' <Predicate = (icmp_ln1038 & !icmp_ln1049)> <Delay = 0.78> <CoreInst = "Adder">   --->   Core 1 'Adder' <Latency = 0> <II = 1> <Delay = 0.78> <FuncUnit> <Opcode : 'add' 'sub'> <InPorts = 2> <OutPorts = 1>
ST_4 : Operation 63 [1/1] (0.00ns) (grouped into LUT with out node sub_ln674_14)   --->   "%select_ln674_8 = select i1 %icmp_ln674_2, i6 %sub_ln674_11, i6 %sub_ln674_13"   --->   Operation 63 'select' 'select_ln674_8' <Predicate = (icmp_ln1038 & !icmp_ln1049)> <Delay = 0.00> <CoreInst = "Sel">   --->   Core 11 'Sel' <Latency = 0> <II = 1> <Delay = 0.44> <FuncUnit> <Opcode : 'select'> <InPorts = 3> <OutPorts = 1>
ST_4 : Operation 64 [1/1] (0.00ns) (grouped into LUT with out node lshr_ln674_7)   --->   "%select_ln674_9 = select i1 %icmp_ln674_2, i32 %tmp_26, i32 %p_Val2_load"   --->   Operation 64 'select' 'select_ln674_9' <Predicate = (icmp_ln1038 & !icmp_ln1049)> <Delay = 0.00> <CoreInst = "Sel">   --->   Core 11 'Sel' <Latency = 0> <II = 1> <Delay = 0.44> <FuncUnit> <Opcode : 'select'> <InPorts = 3> <OutPorts = 1>
ST_4 : Operation 65 [1/1] (0.00ns) (grouped into LUT with out node lshr_ln674_7)   --->   "%select_ln674_10 = select i1 %icmp_ln674_2, i6 %sub_ln674_12, i6 %trunc_ln674_3"   --->   Operation 65 'select' 'select_ln674_10' <Predicate = (icmp_ln1038 & !icmp_ln1049)> <Delay = 0.00> <CoreInst = "Sel">   --->   Core 11 'Sel' <Latency = 0> <II = 1> <Delay = 0.44> <FuncUnit> <Opcode : 'select'> <InPorts = 3> <OutPorts = 1>
ST_4 : Operation 66 [1/1] (0.78ns) (out node of the LUT)   --->   "%sub_ln674_14 = sub i6, i6 %select_ln674_8"   --->   Operation 66 'sub' 'sub_ln674_14' <Predicate = (icmp_ln1038 & !icmp_ln1049)> <Delay = 0.78> <CoreInst = "Adder">   --->   Core 1 'Adder' <Latency = 0> <II = 1> <Delay = 0.78> <FuncUnit> <Opcode : 'add' 'sub'> <InPorts = 2> <OutPorts = 1>
ST_4 : Operation 67 [1/1] (0.00ns) (grouped into LUT with out node lshr_ln674_7)   --->   "%zext_ln674_7 = zext i6 %select_ln674_10"   --->   Operation 67 'zext' 'zext_ln674_7' <Predicate = (icmp_ln1038 & !icmp_ln1049)> <Delay = 0.00>
ST_4 : Operation 68 [1/1] (1.38ns) (out node of the LUT)   --->   "%lshr_ln674_7 = lshr i32 %select_ln674_9, i32 %zext_ln674_7"   --->   Operation 68 'lshr' 'lshr_ln674_7' <Predicate = (icmp_ln1038 & !icmp_ln1049)> <Delay = 1.38> <CoreInst = "Shift">   --->   Core 13 'Shift' <Latency = 0> <II = 1> <Delay = 0.73> <FuncUnit> <Opcode : 'shl' 'lshr' 'ashr'> <InPorts = 2> <OutPorts = 1>
ST_4 : Operation 69 [1/1] (0.99ns)   --->   "%icmp_ln1050 = icmp_eq  i32 %rem_load, i32" [/tools/Xilinx/Vitis/2020.1/workspace/test_fast/libs/xf_opencv/L1/include/common/xf_structs.hpp:1050->/tools/Xilinx/Vitis/2020.1/workspace/test_fast/libs/xf_opencv/L1/include/common/xf_structs.hpp:1115]   --->   Operation 69 'icmp' 'icmp_ln1050' <Predicate = (icmp_ln1038 & icmp_ln1049)> <Delay = 0.99> <CoreInst = "Cmp">   --->   Core 10 'Cmp' <Latency = 0> <II = 1> <Delay = 0.99> <FuncUnit> <Opcode : 'icmp'> <InPorts = 2> <OutPorts = 1>
ST_4 : Operation 70 [1/1] (1.01ns)   --->   "%sub_ln1051 = sub i32, i32 %rem_load" [/tools/Xilinx/Vitis/2020.1/workspace/test_fast/libs/xf_opencv/L1/include/common/xf_structs.hpp:1051->/tools/Xilinx/Vitis/2020.1/workspace/test_fast/libs/xf_opencv/L1/include/common/xf_structs.hpp:1115]   --->   Operation 70 'sub' 'sub_ln1051' <Predicate = (icmp_ln1038 & icmp_ln1049)> <Delay = 1.01> <CoreInst = "Adder">   --->   Core 1 'Adder' <Latency = 0> <II = 1> <Delay = 0.78> <FuncUnit> <Opcode : 'add' 'sub'> <InPorts = 2> <OutPorts = 1>
ST_4 : Operation 71 [1/1] (0.00ns)   --->   "%trunc_ln1051 = trunc i32 %rem_load" [/tools/Xilinx/Vitis/2020.1/workspace/test_fast/libs/xf_opencv/L1/include/common/xf_structs.hpp:1051->/tools/Xilinx/Vitis/2020.1/workspace/test_fast/libs/xf_opencv/L1/include/common/xf_structs.hpp:1115]   --->   Operation 71 'trunc' 'trunc_ln1051' <Predicate = (icmp_ln1038 & icmp_ln1049)> <Delay = 0.00>
ST_4 : Operation 72 [1/1] (0.00ns)   --->   "%tmp = partselect i27 @_ssdm_op_PartSelect.i27.i32.i32.i32, i32 %sub_ln1051, i32, i32"   --->   Operation 72 'partselect' 'tmp' <Predicate = (icmp_ln1038 & icmp_ln1049)> <Delay = 0.00>
ST_4 : Operation 73 [1/1] (1.02ns)   --->   "%icmp_ln674 = icmp_ne  i27 %tmp, i27"   --->   Operation 73 'icmp' 'icmp_ln674' <Predicate = (icmp_ln1038 & icmp_ln1049)> <Delay = 1.02> <CoreInst = "Cmp">   --->   Core 10 'Cmp' <Latency = 0> <II = 1> <Delay = 0.99> <FuncUnit> <Opcode : 'icmp'> <InPorts = 2> <OutPorts = 1>
ST_4 : Operation 74 [1/1] (0.00ns)   --->   "%trunc_ln674 = trunc i32 %sub_ln1051"   --->   Operation 74 'trunc' 'trunc_ln674' <Predicate = (icmp_ln1038 & icmp_ln1049)> <Delay = 0.00>
ST_4 : Operation 75 [1/1] (0.00ns) (grouped into LUT with out node lshr_ln674)   --->   "%tmp_24 = partselect i32 @llvm.part.select.i32, i32 %p_Val2_load, i32, i32"   --->   Operation 75 'partselect' 'tmp_24' <Predicate = (icmp_ln1038 & icmp_ln1049)> <Delay = 0.00>
ST_4 : Operation 76 [1/1] (0.78ns)   --->   "%add_ln674 = add i6, i6 %trunc_ln674"   --->   Operation 76 'add' 'add_ln674' <Predicate = (icmp_ln1038 & icmp_ln1049)> <Delay = 0.78> <CoreInst = "Adder">   --->   Core 1 'Adder' <Latency = 0> <II = 1> <Delay = 0.78> <FuncUnit> <Opcode : 'add' 'sub'> <InPorts = 2> <OutPorts = 1>
ST_4 : Operation 77 [1/1] (0.78ns)   --->   "%sub_ln674 = sub i6, i6 %trunc_ln674"   --->   Operation 77 'sub' 'sub_ln674' <Predicate = (icmp_ln1038 & icmp_ln1049)> <Delay = 0.78> <CoreInst = "Adder">   --->   Core 1 'Adder' <Latency = 0> <II = 1> <Delay = 0.78> <FuncUnit> <Opcode : 'add' 'sub'> <InPorts = 2> <OutPorts = 1>
ST_4 : Operation 78 [1/1] (0.78ns)   --->   "%sub_ln674_8 = sub i6, i6 %trunc_ln674"   --->   Operation 78 'sub' 'sub_ln674_8' <Predicate = (icmp_ln1038 & icmp_ln1049)> <Delay = 0.78> <CoreInst = "Adder">   --->   Core 1 'Adder' <Latency = 0> <II = 1> <Delay = 0.78> <FuncUnit> <Opcode : 'add' 'sub'> <InPorts = 2> <OutPorts = 1>
ST_4 : Operation 79 [1/1] (0.00ns) (grouped into LUT with out node sub_ln674_9)   --->   "%select_ln674 = select i1 %icmp_ln674, i6 %add_ln674, i6 %sub_ln674_8"   --->   Operation 79 'select' 'select_ln674' <Predicate = (icmp_ln1038 & icmp_ln1049)> <Delay = 0.00> <CoreInst = "Sel">   --->   Core 11 'Sel' <Latency = 0> <II = 1> <Delay = 0.44> <FuncUnit> <Opcode : 'select'> <InPorts = 3> <OutPorts = 1>
ST_4 : Operation 80 [1/1] (0.00ns) (grouped into LUT with out node lshr_ln674)   --->   "%select_ln674_6 = select i1 %icmp_ln674, i32 %tmp_24, i32 %p_Val2_load"   --->   Operation 80 'select' 'select_ln674_6' <Predicate = (icmp_ln1038 & icmp_ln1049)> <Delay = 0.00> <CoreInst = "Sel">   --->   Core 11 'Sel' <Latency = 0> <II = 1> <Delay = 0.44> <FuncUnit> <Opcode : 'select'> <InPorts = 3> <OutPorts = 1>
ST_4 : Operation 81 [1/1] (0.00ns) (grouped into LUT with out node lshr_ln674)   --->   "%select_ln674_7 = select i1 %icmp_ln674, i6 %sub_ln674, i6 %trunc_ln674"   --->   Operation 81 'select' 'select_ln674_7' <Predicate = (icmp_ln1038 & icmp_ln1049)> <Delay = 0.00> <CoreInst = "Sel">   --->   Core 11 'Sel' <Latency = 0> <II = 1> <Delay = 0.44> <FuncUnit> <Opcode : 'select'> <InPorts = 3> <OutPorts = 1>
ST_4 : Operation 82 [1/1] (0.78ns) (out node of the LUT)   --->   "%sub_ln674_9 = sub i6, i6 %select_ln674"   --->   Operation 82 'sub' 'sub_ln674_9' <Predicate = (icmp_ln1038 & icmp_ln1049)> <Delay = 0.78> <CoreInst = "Adder">   --->   Core 1 'Adder' <Latency = 0> <II = 1> <Delay = 0.78> <FuncUnit> <Opcode : 'add' 'sub'> <InPorts = 2> <OutPorts = 1>
ST_4 : Operation 83 [1/1] (0.00ns) (grouped into LUT with out node lshr_ln674)   --->   "%zext_ln674 = zext i6 %select_ln674_7"   --->   Operation 83 'zext' 'zext_ln674' <Predicate = (icmp_ln1038 & icmp_ln1049)> <Delay = 0.00>
ST_4 : Operation 84 [1/1] (1.38ns) (out node of the LUT)   --->   "%lshr_ln674 = lshr i32 %select_ln674_6, i32 %zext_ln674"   --->   Operation 84 'lshr' 'lshr_ln674' <Predicate = (icmp_ln1038 & icmp_ln1049)> <Delay = 1.38> <CoreInst = "Shift">   --->   Core 13 'Shift' <Latency = 0> <II = 1> <Delay = 0.73> <FuncUnit> <Opcode : 'shl' 'lshr' 'ashr'> <InPorts = 2> <OutPorts = 1>
ST_4 : Operation 85 [1/1] (1.83ns)   --->   "%val = read i32 @_ssdm_op_Read.ap_fifo.volatile.i32P, i32 %ldata1" [/tools/Xilinx/Vitis/2020.1/common/technology/autopilot/hls_stream_39.h:145]   --->   Operation 85 'read' 'val' <Predicate = (icmp_ln1038 & icmp_ln1049)> <Delay = 1.83> <CoreInst = "FIFO_SRL">   --->   Core 21 'FIFO_SRL' <Latency = 0> <II = 1> <Delay = 1.83> <Storage> <Opcode : 'read' 'write' 'nbread' 'nbwrite'> <Ports = 0> <Width = 32> <Depth = 2> <FIFO>
ST_4 : Operation 86 [1/1] (0.78ns)   --->   "%add_ln1054 = add i7, i7 %zext_ln1044_1" [/tools/Xilinx/Vitis/2020.1/workspace/test_fast/libs/xf_opencv/L1/include/common/xf_structs.hpp:1054->/tools/Xilinx/Vitis/2020.1/workspace/test_fast/libs/xf_opencv/L1/include/common/xf_structs.hpp:1115]   --->   Operation 86 'add' 'add_ln1054' <Predicate = (icmp_ln1038 & icmp_ln1049)> <Delay = 0.78> <CoreInst = "Adder">   --->   Core 1 'Adder' <Latency = 0> <II = 1> <Delay = 0.78> <FuncUnit> <Opcode : 'add' 'sub'> <InPorts = 2> <OutPorts = 1>
ST_4 : Operation 87 [1/1] (0.00ns)   --->   "%sext_ln1054 = sext i7 %add_ln1054" [/tools/Xilinx/Vitis/2020.1/workspace/test_fast/libs/xf_opencv/L1/include/common/xf_structs.hpp:1054->/tools/Xilinx/Vitis/2020.1/workspace/test_fast/libs/xf_opencv/L1/include/common/xf_structs.hpp:1115]   --->   Operation 87 'sext' 'sext_ln1054' <Predicate = (icmp_ln1038 & icmp_ln1049)> <Delay = 0.00>
ST_4 : Operation 88 [1/1] (0.00ns)   --->   "%trunc_ln1054 = trunc i7 %add_ln1054" [/tools/Xilinx/Vitis/2020.1/workspace/test_fast/libs/xf_opencv/L1/include/common/xf_structs.hpp:1054->/tools/Xilinx/Vitis/2020.1/workspace/test_fast/libs/xf_opencv/L1/include/common/xf_structs.hpp:1115]   --->   Operation 88 'trunc' 'trunc_ln1054' <Predicate = (icmp_ln1038 & icmp_ln1049)> <Delay = 0.00>
ST_4 : Operation 89 [1/1] (0.00ns)   --->   "%trunc_ln1054_1 = trunc i32 %rem_load" [/tools/Xilinx/Vitis/2020.1/workspace/test_fast/libs/xf_opencv/L1/include/common/xf_structs.hpp:1054->/tools/Xilinx/Vitis/2020.1/workspace/test_fast/libs/xf_opencv/L1/include/common/xf_structs.hpp:1115]   --->   Operation 89 'trunc' 'trunc_ln1054_1' <Predicate = (icmp_ln1038 & icmp_ln1049)> <Delay = 0.00>
ST_4 : Operation 90 [1/1] (0.00ns) (grouped into TernaryAdder)   --->   "%sub_ln674_10 = sub i6 %trunc_ln1054_1, i6 %trunc_ln1054"   --->   Operation 90 'sub' 'sub_ln674_10' <Predicate = (icmp_ln1038 & icmp_ln1049)> <Delay = 0.00> <CoreInst = "TAddSub">   --->   Core 3 'TAddSub' <Latency = 0> <II = 1> <Delay = 0.38> <IPBlock> <Opcode : 'add' 'sub'> <InPorts = 3> <OutPorts = 1> <Sync>
ST_4 : Operation 91 [1/1] (0.76ns) (root node of TernaryAdder)   --->   "%add_ln674_2 = add i6, i6 %sub_ln674_10"   --->   Operation 91 'add' 'add_ln674_2' <Predicate = (icmp_ln1038 & icmp_ln1049)> <Delay = 0.76> <CoreInst = "TAddSub">   --->   Core 3 'TAddSub' <Latency = 0> <II = 1> <Delay = 0.38> <IPBlock> <Opcode : 'add' 'sub'> <InPorts = 3> <OutPorts = 1> <Sync>
ST_4 : Operation 92 [1/1] (0.00ns) (grouped into LUT with out node shl_ln414)   --->   "%zext_ln674_6 = zext i6 %add_ln674_2"   --->   Operation 92 'zext' 'zext_ln674_6' <Predicate = (icmp_ln1038 & icmp_ln1049)> <Delay = 0.00>
ST_4 : Operation 93 [1/1] (0.00ns) (grouped into LUT with out node shl_ln414)   --->   "%lshr_ln674_6 = lshr i32, i32 %zext_ln674_6"   --->   Operation 93 'lshr' 'lshr_ln674_6' <Predicate = (icmp_ln1038 & icmp_ln1049)> <Delay = 0.00> <CoreInst = "Shift">   --->   Core 13 'Shift' <Latency = 0> <II = 1> <Delay = 0.73> <FuncUnit> <Opcode : 'shl' 'lshr' 'ashr'> <InPorts = 2> <OutPorts = 1>
ST_4 : Operation 94 [1/1] (0.00ns) (grouped into LUT with out node shl_ln414)   --->   "%p_Result_30 = and i32 %val, i32 %lshr_ln674_6"   --->   Operation 94 'and' 'p_Result_30' <Predicate = (icmp_ln1038 & icmp_ln1049)> <Delay = 0.00> <CoreInst = "LogicGate">   --->   Core 12 'LogicGate' <Latency = 0> <II = 1> <Delay = 0.35> <FuncUnit> <Opcode : 'and' 'or' 'xor'> <InPorts = 2> <OutPorts = 1>
ST_4 : Operation 95 [1/1] (0.99ns)   --->   "%icmp_ln414 = icmp_ugt  i32 %rem_load, i32 %sext_ln1054"   --->   Operation 95 'icmp' 'icmp_ln414' <Predicate = (icmp_ln1038 & icmp_ln1049)> <Delay = 0.99> <CoreInst = "Cmp">   --->   Core 10 'Cmp' <Latency = 0> <II = 1> <Delay = 0.99> <FuncUnit> <Opcode : 'icmp'> <InPorts = 2> <OutPorts = 1>
ST_4 : Operation 96 [1/1] (0.00ns)   --->   "%trunc_ln414 = trunc i32 %rem_load"   --->   Operation 96 'trunc' 'trunc_ln414' <Predicate = (icmp_ln1038 & icmp_ln1049)> <Delay = 0.00>
ST_4 : Operation 97 [1/1] (0.00ns)   --->   "%trunc_ln414_2 = trunc i7 %add_ln1054"   --->   Operation 97 'trunc' 'trunc_ln414_2' <Predicate = (icmp_ln1038 & icmp_ln1049)> <Delay = 0.00>
ST_4 : Operation 98 [1/1] (0.78ns)   --->   "%sub_ln414_3 = sub i6, i6 %trunc_ln414"   --->   Operation 98 'sub' 'sub_ln414_3' <Predicate = (icmp_ln1038 & icmp_ln1049)> <Delay = 0.78> <CoreInst = "Adder">   --->   Core 1 'Adder' <Latency = 0> <II = 1> <Delay = 0.78> <FuncUnit> <Opcode : 'add' 'sub'> <InPorts = 2> <OutPorts = 1>
ST_4 : Operation 99 [1/1] (0.00ns) (grouped into LUT with out node sub_ln414_4)   --->   "%select_ln414 = select i1 %icmp_ln414, i6 %trunc_ln414, i6 %trunc_ln414_2"   --->   Operation 99 'select' 'select_ln414' <Predicate = (icmp_ln1038 & icmp_ln1049)> <Delay = 0.00> <CoreInst = "Sel">   --->   Core 11 'Sel' <Latency = 0> <II = 1> <Delay = 0.44> <FuncUnit> <Opcode : 'select'> <InPorts = 3> <OutPorts = 1>
ST_4 : Operation 100 [1/1] (0.00ns) (grouped into LUT with out node shl_ln414)   --->   "%select_ln414_5 = select i1 %icmp_ln414, i6 %sub_ln414_3, i6 %trunc_ln414"   --->   Operation 100 'select' 'select_ln414_5' <Predicate = (icmp_ln1038 & icmp_ln1049)> <Delay = 0.00> <CoreInst = "Sel">   --->   Core 11 'Sel' <Latency = 0> <II = 1> <Delay = 0.44> <FuncUnit> <Opcode : 'select'> <InPorts = 3> <OutPorts = 1>
ST_4 : Operation 101 [1/1] (0.78ns) (out node of the LUT)   --->   "%sub_ln414_4 = sub i6, i6 %select_ln414"   --->   Operation 101 'sub' 'sub_ln414_4' <Predicate = (icmp_ln1038 & icmp_ln1049)> <Delay = 0.78> <CoreInst = "Adder">   --->   Core 1 'Adder' <Latency = 0> <II = 1> <Delay = 0.78> <FuncUnit> <Opcode : 'add' 'sub'> <InPorts = 2> <OutPorts = 1>
ST_4 : Operation 102 [1/1] (0.00ns) (grouped into LUT with out node shl_ln414)   --->   "%zext_ln414_4 = zext i6 %select_ln414_5"   --->   Operation 102 'zext' 'zext_ln414_4' <Predicate = (icmp_ln1038 & icmp_ln1049)> <Delay = 0.00>
ST_4 : Operation 103 [1/1] (1.38ns) (out node of the LUT)   --->   "%shl_ln414 = shl i32 %p_Result_30, i32 %zext_ln414_4"   --->   Operation 103 'shl' 'shl_ln414' <Predicate = (icmp_ln1038 & icmp_ln1049)> <Delay = 1.38> <CoreInst = "Shift">   --->   Core 13 'Shift' <Latency = 0> <II = 1> <Delay = 0.73> <FuncUnit> <Opcode : 'shl' 'lshr' 'ashr'> <InPorts = 2> <OutPorts = 1>
ST_4 : Operation 104 [1/1] (0.65ns)   --->   "%store_ln1056 = store i32 %val, i32 %p_Val2_s, void %store_ln1038, i32 %p_Val2_load" [/tools/Xilinx/Vitis/2020.1/workspace/test_fast/libs/xf_opencv/L1/include/common/xf_structs.hpp:1056->/tools/Xilinx/Vitis/2020.1/workspace/test_fast/libs/xf_opencv/L1/include/common/xf_structs.hpp:1115]   --->   Operation 104 'store' 'store_ln1056' <Predicate = (icmp_ln1038 & icmp_ln1049)> <Delay = 0.65>

State 5 <SV = 4> <Delay = 4.37>
ST_5 : Operation 105 [1/1] (0.00ns) (grouped into LUT with out node p_Result_28)   --->   "%zext_ln674_8 = zext i6 %sub_ln674_14"   --->   Operation 105 'zext' 'zext_ln674_8' <Predicate = (icmp_ln1038 & !icmp_ln1049)> <Delay = 0.00>
ST_5 : Operation 106 [1/1] (0.00ns) (grouped into LUT with out node p_Result_28)   --->   "%lshr_ln674_8 = lshr i32, i32 %zext_ln674_8"   --->   Operation 106 'lshr' 'lshr_ln674_8' <Predicate = (icmp_ln1038 & !icmp_ln1049)> <Delay = 0.00> <CoreInst = "Shift">   --->   Core 13 'Shift' <Latency = 0> <II = 1> <Delay = 0.73> <FuncUnit> <Opcode : 'shl' 'lshr' 'ashr'> <InPorts = 2> <OutPorts = 1>
ST_5 : Operation 107 [1/1] (0.73ns) (out node of the LUT)   --->   "%p_Result_28 = and i32 %lshr_ln674_7, i32 %lshr_ln674_8"   --->   Operation 107 'and' 'p_Result_28' <Predicate = (icmp_ln1038 & !icmp_ln1049)> <Delay = 0.73> <CoreInst = "LogicGate">   --->   Core 12 'LogicGate' <Latency = 0> <II = 1> <Delay = 0.35> <FuncUnit> <Opcode : 'and' 'or' 'xor'> <InPorts = 2> <OutPorts = 1>
ST_5 : Operation 108 [1/1] (0.65ns)   --->   "%br_ln0 = br void"   --->   Operation 108 'br' 'br_ln0' <Predicate = (icmp_ln1038 & !icmp_ln1049)> <Delay = 0.65>
ST_5 : Operation 109 [1/1] (0.00ns) (grouped into LUT with out node and_ln414_3)   --->   "%zext_ln674_5 = zext i6 %sub_ln674_9"   --->   Operation 109 'zext' 'zext_ln674_5' <Predicate = (icmp_ln1038 & icmp_ln1049 & !icmp_ln1050)> <Delay = 0.00>
ST_5 : Operation 110 [1/1] (0.00ns) (grouped into LUT with out node and_ln414_3)   --->   "%lshr_ln674_5 = lshr i32, i32 %zext_ln674_5"   --->   Operation 110 'lshr' 'lshr_ln674_5' <Predicate = (icmp_ln1038 & icmp_ln1049 & !icmp_ln1050)> <Delay = 0.00> <CoreInst = "Shift">   --->   Core 13 'Shift' <Latency = 0> <II = 1> <Delay = 0.73> <FuncUnit> <Opcode : 'shl' 'lshr' 'ashr'> <InPorts = 2> <OutPorts = 1>
ST_5 : Operation 111 [1/1] (0.00ns) (grouped into LUT with out node and_ln414_3)   --->   "%p_Result_29 = and i32 %lshr_ln674, i32 %lshr_ln674_5"   --->   Operation 111 'and' 'p_Result_29' <Predicate = (icmp_ln1038 & icmp_ln1049 & !icmp_ln1050)> <Delay = 0.00> <CoreInst = "LogicGate">   --->   Core 12 'LogicGate' <Latency = 0> <II = 1> <Delay = 0.35> <FuncUnit> <Opcode : 'and' 'or' 'xor'> <InPorts = 2> <OutPorts = 1>
ST_5 : Operation 112 [1/1] (0.78ns)   --->   "%sub_ln414 = sub i6, i6 %trunc_ln1051"   --->   Operation 112 'sub' 'sub_ln414' <Predicate = (icmp_ln1038 & icmp_ln1049 & !icmp_ln1050)> <Delay = 0.78> <CoreInst = "Adder">   --->   Core 1 'Adder' <Latency = 0> <II = 1> <Delay = 0.78> <FuncUnit> <Opcode : 'add' 'sub'> <InPorts = 2> <OutPorts = 1>
ST_5 : Operation 113 [1/1] (0.00ns) (grouped into LUT with out node and_ln414_3)   --->   "%zext_ln414 = zext i6 %sub_ln414"   --->   Operation 113 'zext' 'zext_ln414' <Predicate = (icmp_ln1038 & icmp_ln1049 & !icmp_ln1050)> <Delay = 0.00>
ST_5 : Operation 114 [1/1] (0.00ns) (grouped into LUT with out node and_ln414_3)   --->   "%lshr_ln414 = lshr i32, i32 %zext_ln414"   --->   Operation 114 'lshr' 'lshr_ln414' <Predicate = (icmp_ln1038 & icmp_ln1049 & !icmp_ln1050)> <Delay = 0.00> <CoreInst = "Shift">   --->   Core 13 'Shift' <Latency = 0> <II = 1> <Delay = 0.73> <FuncUnit> <Opcode : 'shl' 'lshr' 'ashr'> <InPorts = 2> <OutPorts = 1>
ST_5 : Operation 115 [1/1] (0.00ns) (grouped into LUT with out node and_ln414_3)   --->   "%p_Result_s = and i32 %p_Result_29, i32 %lshr_ln414"   --->   Operation 115 'and' 'p_Result_s' <Predicate = (icmp_ln1038 & icmp_ln1049 & !icmp_ln1050)> <Delay = 0.00> <CoreInst = "LogicGate">   --->   Core 12 'LogicGate' <Latency = 0> <II = 1> <Delay = 0.35> <FuncUnit> <Opcode : 'and' 'or' 'xor'> <InPorts = 2> <OutPorts = 1>
ST_5 : Operation 116 [1/1] (0.00ns) (grouped into LUT with out node and_ln414_3)   --->   "%p_Val2_10 = select i1 %icmp_ln1050, i32, i32 %p_Result_s" [/tools/Xilinx/Vitis/2020.1/workspace/test_fast/libs/xf_opencv/L1/include/common/xf_structs.hpp:1050->/tools/Xilinx/Vitis/2020.1/workspace/test_fast/libs/xf_opencv/L1/include/common/xf_structs.hpp:1115]   --->   Operation 116 'select' 'p_Val2_10' <Predicate = (icmp_ln1038 & icmp_ln1049)> <Delay = 0.00> <CoreInst = "Sel">   --->   Core 11 'Sel' <Latency = 0> <II = 1> <Delay = 0.44> <FuncUnit> <Opcode : 'select'> <InPorts = 3> <OutPorts = 1>
ST_5 : Operation 117 [1/1] (0.00ns) (grouped into LUT with out node and_ln414)   --->   "%select_ln414_4 = select i1 %icmp_ln414, i6 %trunc_ln414_2, i6 %trunc_ln414"   --->   Operation 117 'select' 'select_ln414_4' <Predicate = (icmp_ln1038 & icmp_ln1049)> <Delay = 0.00> <CoreInst = "Sel">   --->   Core 11 'Sel' <Latency = 0> <II = 1> <Delay = 0.44> <FuncUnit> <Opcode : 'select'> <InPorts = 3> <OutPorts = 1>
ST_5 : Operation 118 [1/1] (0.00ns) (grouped into LUT with out node and_ln414)   --->   "%zext_ln414_5 = zext i6 %select_ln414_4"   --->   Operation 118 'zext' 'zext_ln414_5' <Predicate = (icmp_ln1038 & icmp_ln1049)> <Delay = 0.00>
ST_5 : Operation 119 [1/1] (0.00ns) (grouped into LUT with out node and_ln414)   --->   "%zext_ln414_6 = zext i6 %sub_ln414_4"   --->   Operation 119 'zext' 'zext_ln414_6' <Predicate = (icmp_ln1038 & icmp_ln1049)> <Delay = 0.00>
ST_5 : Operation 120 [1/1] (0.00ns) (grouped into LUT with out node p_Result_27)   --->   "%tmp_25 = partselect i32 @llvm.part.select.i32, i32 %shl_ln414, i32, i32"   --->   Operation 120 'partselect' 'tmp_25' <Predicate = (icmp_ln1038 & icmp_ln1049 & icmp_ln414)> <Delay = 0.00>
ST_5 : Operation 121 [1/1] (0.00ns) (grouped into LUT with out node p_Result_27)   --->   "%select_ln414_6 = select i1 %icmp_ln414, i32 %tmp_25, i32 %shl_ln414"   --->   Operation 121 'select' 'select_ln414_6' <Predicate = (icmp_ln1038 & icmp_ln1049)> <Delay = 0.00> <CoreInst = "Sel">   --->   Core 11 'Sel' <Latency = 0> <II = 1> <Delay = 0.44> <FuncUnit> <Opcode : 'select'> <InPorts = 3> <OutPorts = 1>
ST_5 : Operation 122 [1/1] (0.00ns) (grouped into LUT with out node and_ln414)   --->   "%shl_ln414_2 = shl i32, i32 %zext_ln414_5"   --->   Operation 122 'shl' 'shl_ln414_2' <Predicate = (icmp_ln1038 & icmp_ln1049)> <Delay = 0.00> <CoreInst = "Shift">   --->   Core 13 'Shift' <Latency = 0> <II = 1> <Delay = 0.73> <FuncUnit> <Opcode : 'shl' 'lshr' 'ashr'> <InPorts = 2> <OutPorts = 1>
ST_5 : Operation 123 [1/1] (0.00ns) (grouped into LUT with out node and_ln414)   --->   "%lshr_ln414_2 = lshr i32, i32 %zext_ln414_6"   --->   Operation 123 'lshr' 'lshr_ln414_2' <Predicate = (icmp_ln1038 & icmp_ln1049)> <Delay = 0.00> <CoreInst = "Shift">   --->   Core 13 'Shift' <Latency = 0> <II = 1> <Delay = 0.73> <FuncUnit> <Opcode : 'shl' 'lshr' 'ashr'> <InPorts = 2> <OutPorts = 1>
ST_5 : Operation 124 [1/1] (0.73ns) (out node of the LUT)   --->   "%and_ln414 = and i32 %shl_ln414_2, i32 %lshr_ln414_2"   --->   Operation 124 'and' 'and_ln414' <Predicate = (icmp_ln1038 & icmp_ln1049)> <Delay = 0.73> <CoreInst = "LogicGate">   --->   Core 12 'LogicGate' <Latency = 0> <II = 1> <Delay = 0.35> <FuncUnit> <Opcode : 'and' 'or' 'xor'> <InPorts = 2> <OutPorts = 1>
ST_5 : Operation 125 [1/1] (0.00ns) (grouped into LUT with out node and_ln414_3)   --->   "%xor_ln414 = xor i32 %and_ln414, i32"   --->   Operation 125 'xor' 'xor_ln414' <Predicate = (icmp_ln1038 & icmp_ln1049)> <Delay = 0.00> <CoreInst = "LogicGate">   --->   Core 12 'LogicGate' <Latency = 0> <II = 1> <Delay = 0.35> <FuncUnit> <Opcode : 'and' 'or' 'xor'> <InPorts = 2> <OutPorts = 1>
ST_5 : Operation 126 [1/1] (0.73ns) (out node of the LUT)   --->   "%and_ln414_3 = and i32 %p_Val2_10, i32 %xor_ln414"   --->   Operation 126 'and' 'and_ln414_3' <Predicate = (icmp_ln1038 & icmp_ln1049)> <Delay = 0.73> <CoreInst = "LogicGate">   --->   Core 12 'LogicGate' <Latency = 0> <II = 1> <Delay = 0.35> <FuncUnit> <Opcode : 'and' 'or' 'xor'> <InPorts = 2> <OutPorts = 1>
ST_5 : Operation 127 [1/1] (0.00ns) (grouped into LUT with out node p_Result_27)   --->   "%and_ln414_4 = and i32 %select_ln414_6, i32 %and_ln414"   --->   Operation 127 'and' 'and_ln414_4' <Predicate = (icmp_ln1038 & icmp_ln1049)> <Delay = 0.00> <CoreInst = "LogicGate">   --->   Core 12 'LogicGate' <Latency = 0> <II = 1> <Delay = 0.35> <FuncUnit> <Opcode : 'and' 'or' 'xor'> <InPorts = 2> <OutPorts = 1>
ST_5 : Operation 128 [1/1] (0.44ns) (out node of the LUT)   --->   "%p_Result_27 = or i32 %and_ln414_3, i32 %and_ln414_4"   --->   Operation 128 'or' 'p_Result_27' <Predicate = (icmp_ln1038 & icmp_ln1049)> <Delay = 0.44> <CoreInst = "LogicGate">   --->   Core 12 'LogicGate' <Latency = 0> <II = 1> <Delay = 0.35> <FuncUnit> <Opcode : 'and' 'or' 'xor'> <InPorts = 2> <OutPorts = 1>
ST_5 : Operation 129 [1/1] (0.65ns)   --->   "%br_ln1056 = br void" [/tools/Xilinx/Vitis/2020.1/workspace/test_fast/libs/xf_opencv/L1/include/common/xf_structs.hpp:1056->/tools/Xilinx/Vitis/2020.1/workspace/test_fast/libs/xf_opencv/L1/include/common/xf_structs.hpp:1115]   --->   Operation 129 'br' 'br_ln1056' <Predicate = (icmp_ln1038 & icmp_ln1049)> <Delay = 0.65>
ST_5 : Operation 130 [1/1] (0.00ns)   --->   "%empty = phi i32 %p_Result_27, void %_ifconv, i32 %p_Result_28, void"   --->   Operation 130 'phi' 'empty' <Predicate = (icmp_ln1038)> <Delay = 0.00>
ST_5 : Operation 131 [1/1] (1.75ns)   --->   "%write_ln167 = write void @_ssdm_op_Write.ap_fifo.volatile.i32P, i32 %streamFlowin_mat_436, i32 %empty" [/tools/Xilinx/Vitis/2020.1/common/technology/autopilot/hls_stream_39.h:167]   --->   Operation 131 'write' 'write_ln167' <Predicate = (icmp_ln1038)> <Delay = 1.75> <CoreInst = "FIFO">   --->   Core 18 'FIFO' <Latency = 0> <II = 1> <Delay = 1.75> <Storage> <Opcode : 'read' 'write' 'nbread' 'nbwrite'> <Ports = 0> <Width = 32> <Depth = 1920> <FIFO>
ST_5 : Operation 132 [1/1] (0.00ns)   --->   "%br_ln0 = br void"   --->   Operation 132 'br' 'br_ln0' <Predicate = (icmp_ln1038)> <Delay = 0.00>

State 6 <SV = 3> <Delay = 0.00>
ST_6 : Operation 133 [1/1] (0.00ns)   --->   "%ret_ln1115 = ret" [/tools/Xilinx/Vitis/2020.1/workspace/test_fast/libs/xf_opencv/L1/include/common/xf_structs.hpp:1115]   --->   Operation 133 'ret' 'ret_ln1115' <Predicate = true> <Delay = 0.00>


============================================================
+ Verbose Summary: Timing violations
============================================================
Target clock period: 6.67ns, clock uncertainty: 1.8ns.

 <State 1>: 1.84ns
The critical path consists of the following:
	fifo read on port 'rows' (/tools/Xilinx/Vitis/2020.1/workspace/test_fast/libs/xf_opencv/L1/include/common/xf_structs.hpp:1029) [13]  (1.84 ns)

 <State 2>: 3.42ns
The critical path consists of the following:
	'mul' operation ('bound', /tools/Xilinx/Vitis/2020.1/workspace/test_fast/libs/xf_opencv/L1/include/common/xf_structs.hpp:1036->/tools/Xilinx/Vitis/2020.1/workspace/test_fast/libs/xf_opencv/L1/include/common/xf_structs.hpp:1115) [19]  (3.42 ns)

 <State 3>: 5.08ns
The critical path consists of the following:
	'phi' operation ('j') with incoming values : ('j', /tools/Xilinx/Vitis/2020.1/workspace/test_fast/libs/xf_opencv/L1/include/common/xf_structs.hpp:1061->/tools/Xilinx/Vitis/2020.1/workspace/test_fast/libs/xf_opencv/L1/include/common/xf_structs.hpp:1115) [27]  (0 ns)
	'icmp' operation ('bLast', /tools/Xilinx/Vitis/2020.1/workspace/test_fast/libs/xf_opencv/L1/include/common/xf_structs.hpp:1043->/tools/Xilinx/Vitis/2020.1/workspace/test_fast/libs/xf_opencv/L1/include/common/xf_structs.hpp:1115) [38]  (0.991 ns)
	'select' operation ('xf_bits_per_clock', /tools/Xilinx/Vitis/2020.1/workspace/test_fast/libs/xf_opencv/L1/include/common/xf_structs.hpp:1044->/tools/Xilinx/Vitis/2020.1/workspace/test_fast/libs/xf_opencv/L1/include/common/xf_structs.hpp:1115) [39]  (0.384 ns)
	'sub' operation ('rem', /tools/Xilinx/Vitis/2020.1/workspace/test_fast/libs/xf_opencv/L1/include/common/xf_structs.hpp:1058->/tools/Xilinx/Vitis/2020.1/workspace/test_fast/libs/xf_opencv/L1/include/common/xf_structs.hpp:1115) [68]  (1.02 ns)
	'store' operation ('store_ln1058', /tools/Xilinx/Vitis/2020.1/workspace/test_fast/libs/xf_opencv/L1/include/common/xf_structs.hpp:1058->/tools/Xilinx/Vitis/2020.1/workspace/test_fast/libs/xf_opencv/L1/include/common/xf_structs.hpp:1115) of variable 'rem', /tools/Xilinx/Vitis/2020.1/workspace/test_fast/libs/xf_opencv/L1/include/common/xf_structs.hpp:1058->/tools/Xilinx/Vitis/2020.1/workspace/test_fast/libs/xf_opencv/L1/include/common/xf_structs.hpp:1115 on local variable 'rem' [69]  (0.675 ns)
	blocking operation 2.02 ns on control path)

 <State 4>: 3.43ns
The critical path consists of the following:
	'sub' operation ('sub_ln1051', /tools/Xilinx/Vitis/2020.1/workspace/test_fast/libs/xf_opencv/L1/include/common/xf_structs.hpp:1051->/tools/Xilinx/Vitis/2020.1/workspace/test_fast/libs/xf_opencv/L1/include/common/xf_structs.hpp:1115) [73]  (1.02 ns)
	'icmp' operation ('icmp_ln674') [76]  (1.03 ns)
	'select' operation ('select_ln674_6') [83]  (0 ns)
	'lshr' operation ('lshr_ln674') [88]  (1.39 ns)

 <State 5>: 4.37ns
The critical path consists of the following:
	'sub' operation ('sub_ln414') [91]  (0.781 ns)
	'lshr' operation ('lshr_ln414') [93]  (0 ns)
	'and' operation ('__Result__') [94]  (0 ns)
	'select' operation ('__Val2__', /tools/Xilinx/Vitis/2020.1/workspace/test_fast/libs/xf_opencv/L1/include/common/xf_structs.hpp:1050->/tools/Xilinx/Vitis/2020.1/workspace/test_fast/libs/xf_opencv/L1/include/common/xf_structs.hpp:1115) [95]  (0 ns)
	'and' operation ('and_ln414_3') [124]  (0.736 ns)
	'or' operation ('__Result__') [126]  (0.449 ns)
	multiplexor before 'phi' operation ('__Result__') with incoming values : ('__Result__') [132]  (0.656 ns)
	'phi' operation ('__Result__') with incoming values : ('__Result__') [132]  (0 ns)
	fifo write on port 'streamFlowin_mat_436' (/tools/Xilinx/Vitis/2020.1/common/technology/autopilot/hls_stream_39.h:167) [133]  (1.75 ns)

 <State 6>: 0ns
The critical path consists of the following:


============================================================
+ Verbose Summary: Binding
============================================================
N/A
* FSMD analyzer results:
  - Output states:
 - Input state : 
  - Chain level:
	State 1
	State 2
	State 3
	State 4
	State 5
	State 6


============================================================
+ Verbose Summary: Datapath Resource usage 
============================================================
N/A
