

================================================================
== Vitis HLS Report for 'densePyrOpticalFlow_5_50_11_16_10_0_1080_1920_1_false_s'
================================================================
* Date:           Thu Mar 25 15:00:02 2021

* Version:        2020.1.1 (Build 2960000 on Wed Aug 05 23:18:37 MDT 2020)
* Project:        pyr_dense_optical_flow_accel
* Solution:       solution (Vitis Kernel Flow Target)
* Product family: zynquplus
* Target device:  xczu7ev-ffvc1156-2-e


================================================================
== Performance Estimates
================================================================
+ Timing: 
    * Summary: 
    +--------+---------+----------+------------+
    |  Clock |  Target | Estimated| Uncertainty|
    +--------+---------+----------+------------+
    |ap_clk  | 6.67 ns | 5.522 ns |   1.80 ns  |
    +--------+---------+----------+------------+

+ Latency: 
    * Summary: 
    +---------+---------+-----------+-----------+------+---------+---------+
    |  Latency (cycles) |   Latency (absolute)  |    Interval    | Pipeline|
    |   min   |   max   |    min    |    max    |  min |   max   |   Type  |
    +---------+---------+-----------+-----------+------+---------+---------+
    |     2063|  2165430| 13.754 us | 14.437 ms |  2063|  2165430|   none  |
    +---------+---------+-----------+-----------+------+---------+---------+

    + Detail: 
        * Instance: 
        +----------------------------------------------------------------------------------------------------+------------------------------------------------------------------------------------------+---------+---------+-----------+-----------+------+---------+----------+
        |                                                                                                    |                                                                                          |  Latency (cycles) |   Latency (absolute)  |    Interval    | Pipeline |
        |                                              Instance                                              |                                          Module                                          |   min   |   max   |    min    |    max    |  min |   max   |   Type   |
        +----------------------------------------------------------------------------------------------------+------------------------------------------------------------------------------------------+---------+---------+-----------+-----------+------+---------+----------+
        |grp_xFLKOpticalFlowDenseKernel_unsigned_short_1080_unsigned_short_1920_5_50_11_16_10_false_s_fu_98  |xFLKOpticalFlowDenseKernel_unsigned_short_1080_unsigned_short_1920_5_50_11_16_10_false_s  |     2062|  2165429| 13.747 us | 14.437 ms |  1954|  2165402| dataflow |
        +----------------------------------------------------------------------------------------------------+------------------------------------------------------------------------------------------+---------+---------+-----------+-----------+------+---------+----------+

        * Loop: 
        N/A



================================================================
== Utilization Estimates
================================================================
* Summary: 
+-----------------+---------+------+--------+--------+-----+
|       Name      | BRAM_18K|  DSP |   FF   |   LUT  | URAM|
+-----------------+---------+------+--------+--------+-----+
|DSP              |        -|     -|       -|       -|    -|
|Expression       |        -|     -|       0|      17|    -|
|FIFO             |        -|     -|       -|       -|    -|
|Instance         |      213|    79|   24743|   48472|    -|
|Memory           |        -|     -|       -|       -|    -|
|Multiplexer      |        -|     -|       -|     132|    -|
|Register         |        -|     -|     200|       -|    -|
+-----------------+---------+------+--------+--------+-----+
|Total            |      213|    79|   24943|   48621|    0|
+-----------------+---------+------+--------+--------+-----+
|Available        |      624|  1728|  460800|  230400|   96|
+-----------------+---------+------+--------+--------+-----+
|Utilization (%)  |       34|     4|       5|      21|    0|
+-----------------+---------+------+--------+--------+-----+

+ Detail: 
    * Instance: 
    +----------------------------------------------------------------------------------------------------+------------------------------------------------------------------------------------------+---------+----+-------+-------+-----+
    |                                              Instance                                              |                                          Module                                          | BRAM_18K| DSP|   FF  |  LUT  | URAM|
    +----------------------------------------------------------------------------------------------------+------------------------------------------------------------------------------------------+---------+----+-------+-------+-----+
    |grp_xFLKOpticalFlowDenseKernel_unsigned_short_1080_unsigned_short_1920_5_50_11_16_10_false_s_fu_98  |xFLKOpticalFlowDenseKernel_unsigned_short_1080_unsigned_short_1920_5_50_11_16_10_false_s  |      213|  79|  24743|  48472|    0|
    +----------------------------------------------------------------------------------------------------+------------------------------------------------------------------------------------------+---------+----+-------+-------+-----+
    |Total                                                                                               |                                                                                          |      213|  79|  24743|  48472|    0|
    +----------------------------------------------------------------------------------------------------+------------------------------------------------------------------------------------------+---------+----+-------+-------+-----+

    * DSP: 
    N/A

    * Memory: 
    N/A

    * FIFO: 
    N/A

    * Expression: 
    +---------------------------------------------------------------------------------------------------------------------+----------+----+---+----+------------+------------+
    |                                                    Variable Name                                                    | Operation| DSP| FF| LUT| Bitwidth P0| Bitwidth P1|
    +---------------------------------------------------------------------------------------------------------------------+----------+----+---+----+------------+------------+
    |icmp_ln51_fu_133_p2                                                                                                  |   icmp   |   0|  0|  11|           8|           1|
    |ap_block_state1                                                                                                      |    or    |   0|  0|   2|           1|           1|
    |ap_sync_grp_xFLKOpticalFlowDenseKernel_unsigned_short_1080_unsigned_short_1920_5_50_11_16_10_false_s_fu_98_ap_done   |    or    |   0|  0|   2|           1|           1|
    |ap_sync_grp_xFLKOpticalFlowDenseKernel_unsigned_short_1080_unsigned_short_1920_5_50_11_16_10_false_s_fu_98_ap_ready  |    or    |   0|  0|   2|           1|           1|
    +---------------------------------------------------------------------------------------------------------------------+----------+----+---+----+------------+------------+
    |Total                                                                                                                |          |   0|  0|  17|          11|           4|
    +---------------------------------------------------------------------------------------------------------------------+----------+----+---+----+------------+------------+

    * Multiplexer: 
    +------------------------------+----+-----------+-----+-----------+
    |             Name             | LUT| Input Size| Bits| Total Bits|
    +------------------------------+----+-----------+-----+-----------+
    |ap_NS_fsm                     |  15|          3|    1|          3|
    |ap_done                       |   9|          2|    1|          2|
    |current_img_mat_cols_blk_n    |   9|          2|    1|          2|
    |current_img_mat_data_read     |   9|          2|    1|          2|
    |current_img_mat_rows_blk_n    |   9|          2|    1|          2|
    |init_flag_blk_n               |   9|          2|    1|          2|
    |level_blk_n                   |   9|          2|    1|          2|
    |next_img_mat_data_read        |   9|          2|    1|          2|
    |scale_in_blk_n                |   9|          2|    1|          2|
    |scale_up_flag_blk_n           |   9|          2|    1|          2|
    |streamFlowin_mat_cols_blk_n   |   9|          2|    1|          2|
    |streamFlowin_mat_data_read    |   9|          2|    1|          2|
    |streamFlowin_mat_rows_blk_n   |   9|          2|    1|          2|
    |streamFlowout_mat_data_write  |   9|          2|    1|          2|
    +------------------------------+----+-----------+-----+-----------+
    |Total                         | 132|         29|   14|         29|
    +------------------------------+----+-----------+-----+-----------+

    * Register: 
    +-------------------------------------------------------------------------------------------------------------------------+----+----+-----+-----------+
    |                                                           Name                                                          | FF | LUT| Bits| Const Bits|
    +-------------------------------------------------------------------------------------------------------------------------+----+----+-----+-----------+
    |ap_CS_fsm                                                                                                                |   2|   0|    2|          0|
    |ap_done_reg                                                                                                              |   1|   0|    1|          0|
    |ap_sync_reg_grp_xFLKOpticalFlowDenseKernel_unsigned_short_1080_unsigned_short_1920_5_50_11_16_10_false_s_fu_98_ap_done   |   1|   0|    1|          0|
    |ap_sync_reg_grp_xFLKOpticalFlowDenseKernel_unsigned_short_1080_unsigned_short_1920_5_50_11_16_10_false_s_fu_98_ap_ready  |   1|   0|    1|          0|
    |current_img_mat_cols_read_reg_160                                                                                        |  32|   0|   32|          0|
    |current_img_mat_rows_read_reg_155                                                                                        |  32|   0|   32|          0|
    |grp_xFLKOpticalFlowDenseKernel_unsigned_short_1080_unsigned_short_1920_5_50_11_16_10_false_s_fu_98_ap_start_reg          |   1|   0|    1|          0|
    |icmp_ln51_reg_175                                                                                                        |   1|   0|    1|          0|
    |level_read_reg_140                                                                                                       |  32|   0|   32|          0|
    |scale_in_read_reg_145                                                                                                    |  32|   0|   32|          0|
    |streamFlowin_mat_cols_read_reg_170                                                                                       |  32|   0|   32|          0|
    |streamFlowin_mat_rows_read_reg_165                                                                                       |  32|   0|   32|          0|
    |trunc_ln304_reg_150                                                                                                      |   1|   0|    1|          0|
    +-------------------------------------------------------------------------------------------------------------------------+----+----+-----+-----------+
    |Total                                                                                                                    | 200|   0|  200|          0|
    +-------------------------------------------------------------------------------------------------------------------------+----+----+-----+-----------+



================================================================
== Interface
================================================================
* Summary: 
+-------------------------------+-----+-----+------------+-----------------------------------------------------------------+--------------+
|           RTL Ports           | Dir | Bits|  Protocol  |                          Source Object                          |    C Type    |
+-------------------------------+-----+-----+------------+-----------------------------------------------------------------+--------------+
|ap_clk                         |  in |    1| ap_ctrl_hs | densePyrOpticalFlow<5, 50, 11, 16, 10, 0, 1080, 1920, 1, false> | return value |
|ap_rst                         |  in |    1| ap_ctrl_hs | densePyrOpticalFlow<5, 50, 11, 16, 10, 0, 1080, 1920, 1, false> | return value |
|ap_start                       |  in |    1| ap_ctrl_hs | densePyrOpticalFlow<5, 50, 11, 16, 10, 0, 1080, 1920, 1, false> | return value |
|ap_done                        | out |    1| ap_ctrl_hs | densePyrOpticalFlow<5, 50, 11, 16, 10, 0, 1080, 1920, 1, false> | return value |
|ap_continue                    |  in |    1| ap_ctrl_hs | densePyrOpticalFlow<5, 50, 11, 16, 10, 0, 1080, 1920, 1, false> | return value |
|ap_idle                        | out |    1| ap_ctrl_hs | densePyrOpticalFlow<5, 50, 11, 16, 10, 0, 1080, 1920, 1, false> | return value |
|ap_ready                       | out |    1| ap_ctrl_hs | densePyrOpticalFlow<5, 50, 11, 16, 10, 0, 1080, 1920, 1, false> | return value |
|current_img_mat_data_dout      |  in |    8|   ap_fifo  |                       current_img_mat_data                      |    pointer   |
|current_img_mat_data_empty_n   |  in |    1|   ap_fifo  |                       current_img_mat_data                      |    pointer   |
|current_img_mat_data_read      | out |    1|   ap_fifo  |                       current_img_mat_data                      |    pointer   |
|next_img_mat_data_dout         |  in |    8|   ap_fifo  |                        next_img_mat_data                        |    pointer   |
|next_img_mat_data_empty_n      |  in |    1|   ap_fifo  |                        next_img_mat_data                        |    pointer   |
|next_img_mat_data_read         | out |    1|   ap_fifo  |                        next_img_mat_data                        |    pointer   |
|streamFlowin_mat_data_dout     |  in |   32|   ap_fifo  |                      streamFlowin_mat_data                      |    pointer   |
|streamFlowin_mat_data_empty_n  |  in |    1|   ap_fifo  |                      streamFlowin_mat_data                      |    pointer   |
|streamFlowin_mat_data_read     | out |    1|   ap_fifo  |                      streamFlowin_mat_data                      |    pointer   |
|streamFlowout_mat_data_din     | out |   32|   ap_fifo  |                      streamFlowout_mat_data                     |    pointer   |
|streamFlowout_mat_data_full_n  |  in |    1|   ap_fifo  |                      streamFlowout_mat_data                     |    pointer   |
|streamFlowout_mat_data_write   | out |    1|   ap_fifo  |                      streamFlowout_mat_data                     |    pointer   |
|current_img_mat_rows_dout      |  in |   32|   ap_fifo  |                       current_img_mat_rows                      |    pointer   |
|current_img_mat_rows_empty_n   |  in |    1|   ap_fifo  |                       current_img_mat_rows                      |    pointer   |
|current_img_mat_rows_read      | out |    1|   ap_fifo  |                       current_img_mat_rows                      |    pointer   |
|current_img_mat_cols_dout      |  in |   32|   ap_fifo  |                       current_img_mat_cols                      |    pointer   |
|current_img_mat_cols_empty_n   |  in |    1|   ap_fifo  |                       current_img_mat_cols                      |    pointer   |
|current_img_mat_cols_read      | out |    1|   ap_fifo  |                       current_img_mat_cols                      |    pointer   |
|streamFlowin_mat_rows_dout     |  in |   32|   ap_fifo  |                      streamFlowin_mat_rows                      |    pointer   |
|streamFlowin_mat_rows_empty_n  |  in |    1|   ap_fifo  |                      streamFlowin_mat_rows                      |    pointer   |
|streamFlowin_mat_rows_read     | out |    1|   ap_fifo  |                      streamFlowin_mat_rows                      |    pointer   |
|streamFlowin_mat_cols_dout     |  in |   32|   ap_fifo  |                      streamFlowin_mat_cols                      |    pointer   |
|streamFlowin_mat_cols_empty_n  |  in |    1|   ap_fifo  |                      streamFlowin_mat_cols                      |    pointer   |
|streamFlowin_mat_cols_read     | out |    1|   ap_fifo  |                      streamFlowin_mat_cols                      |    pointer   |
|level_dout                     |  in |   32|   ap_fifo  |                              level                              |    pointer   |
|level_empty_n                  |  in |    1|   ap_fifo  |                              level                              |    pointer   |
|level_read                     | out |    1|   ap_fifo  |                              level                              |    pointer   |
|scale_up_flag_dout             |  in |   32|   ap_fifo  |                          scale_up_flag                          |    pointer   |
|scale_up_flag_empty_n          |  in |    1|   ap_fifo  |                          scale_up_flag                          |    pointer   |
|scale_up_flag_read             | out |    1|   ap_fifo  |                          scale_up_flag                          |    pointer   |
|scale_in_dout                  |  in |   32|   ap_fifo  |                             scale_in                            |    pointer   |
|scale_in_empty_n               |  in |    1|   ap_fifo  |                             scale_in                            |    pointer   |
|scale_in_read                  | out |    1|   ap_fifo  |                             scale_in                            |    pointer   |
|init_flag_dout                 |  in |   32|   ap_fifo  |                            init_flag                            |    pointer   |
|init_flag_empty_n              |  in |    1|   ap_fifo  |                            init_flag                            |    pointer   |
|init_flag_read                 | out |    1|   ap_fifo  |                            init_flag                            |    pointer   |
+-------------------------------+-----+-----+------------+-----------------------------------------------------------------+--------------+

============================================================
+ Verbose Summary: Synthesis Manager
============================================================
InlineROM: 1
ExposeGlobal: 0
============================================================
+ Verbose Summary: CDFG Model
============================================================
IsTopModel: 0
ResetActiveHigh: 1
IsCombinational: 2
IsDatapathOnly: 0
HasWiredReturn: 1
HasMFsm: 0
HasVarLatency: 1
IsPipeline: 0
IsRtlPipelined: 0
IsInstanceOverlapped: 0
IsDontTouch: 0
HasImplIP: 0
IsGatedGlobalClock: 0


============================================================
+ Verbose Summary: Schedule
============================================================
* Number of FSM states : 2
* Pipeline : 0
* Dataflow Pipeline: 0

* FSM state transitions: 
1 --> 2 
2 --> 

* FSM state operations: 

State 1 <SV = 0> <Delay = 4.54>
ST_1 : Operation 3 [1/1] (1.83ns)   --->   "%level_read = read i32 @_ssdm_op_Read.ap_fifo.i32P, i32 %level" [/tools/Xilinx/Vitis/2020.1/workspace/test_fast/libs/xf_opencv/L1/include/video/xf_pyr_dense_optical_flow_wrapper.hpp:49->/tools/Xilinx/Vitis/2020.1/workspace/test_fast/src/xf_pyr_dense_optical_flow_accel.cpp:98]   --->   Operation 3 'read' 'level_read' <Predicate = true> <Delay = 1.83> <CoreInst = "FIFO_SRL">   --->   Core 21 'FIFO_SRL' <Latency = 0> <II = 1> <Delay = 1.83> <Storage> <Opcode : 'read' 'write' 'nbread' 'nbwrite'> <Ports = 0> <Width = 32> <Depth = 3> <FIFO>
ST_1 : Operation 4 [1/1] (1.83ns)   --->   "%scale_up_flag_read = read i32 @_ssdm_op_Read.ap_fifo.i32P, i32 %scale_up_flag" [/tools/Xilinx/Vitis/2020.1/workspace/test_fast/src/xf_pyr_dense_optical_flow_accel.cpp:100]   --->   Operation 4 'read' 'scale_up_flag_read' <Predicate = true> <Delay = 1.83> <CoreInst = "FIFO_SRL">   --->   Core 21 'FIFO_SRL' <Latency = 0> <II = 1> <Delay = 1.83> <Storage> <Opcode : 'read' 'write' 'nbread' 'nbwrite'> <Ports = 0> <Width = 32> <Depth = 3> <FIFO>
ST_1 : Operation 5 [1/1] (1.83ns)   --->   "%scale_in_read = read i32 @_ssdm_op_Read.ap_fifo.floatP, i32 %scale_in" [/tools/Xilinx/Vitis/2020.1/workspace/test_fast/libs/xf_opencv/L1/include/video/xf_pyr_dense_optical_flow_wrapper.hpp:49->/tools/Xilinx/Vitis/2020.1/workspace/test_fast/src/xf_pyr_dense_optical_flow_accel.cpp:98]   --->   Operation 5 'read' 'scale_in_read' <Predicate = true> <Delay = 1.83> <CoreInst = "FIFO_SRL">   --->   Core 21 'FIFO_SRL' <Latency = 0> <II = 1> <Delay = 1.83> <Storage> <Opcode : 'read' 'write' 'nbread' 'nbwrite'> <Ports = 0> <Width = 32> <Depth = 3> <FIFO>
ST_1 : Operation 6 [1/1] (1.83ns)   --->   "%init_flag_read = read i32 @_ssdm_op_Read.ap_fifo.i32P, i32 %init_flag"   --->   Operation 6 'read' 'init_flag_read' <Predicate = true> <Delay = 1.83> <CoreInst = "FIFO_SRL">   --->   Core 21 'FIFO_SRL' <Latency = 0> <II = 1> <Delay = 1.83> <Storage> <Opcode : 'read' 'write' 'nbread' 'nbwrite'> <Ports = 0> <Width = 32> <Depth = 3> <FIFO>
ST_1 : Operation 7 [1/1] (0.00ns)   --->   "%trunc_ln100 = trunc i32 %scale_up_flag_read" [/tools/Xilinx/Vitis/2020.1/workspace/test_fast/src/xf_pyr_dense_optical_flow_accel.cpp:100]   --->   Operation 7 'trunc' 'trunc_ln100' <Predicate = true> <Delay = 0.00>
ST_1 : Operation 8 [1/1] (0.00ns)   --->   "%trunc_ln304 = trunc i32 %init_flag_read"   --->   Operation 8 'trunc' 'trunc_ln304' <Predicate = true> <Delay = 0.00>
ST_1 : Operation 9 [1/1] (1.83ns)   --->   "%current_img_mat_rows_read = read i32 @_ssdm_op_Read.ap_fifo.i32P, i32 %current_img_mat_rows" [/tools/Xilinx/Vitis/2020.1/workspace/test_fast/libs/xf_opencv/L1/include/video/xf_pyr_dense_optical_flow_wrapper.hpp:50->/tools/Xilinx/Vitis/2020.1/workspace/test_fast/src/xf_pyr_dense_optical_flow_accel.cpp:98]   --->   Operation 9 'read' 'current_img_mat_rows_read' <Predicate = true> <Delay = 1.83> <CoreInst = "FIFO_SRL">   --->   Core 21 'FIFO_SRL' <Latency = 0> <II = 1> <Delay = 1.83> <Storage> <Opcode : 'read' 'write' 'nbread' 'nbwrite'> <Ports = 0> <Width = 32> <Depth = 2> <FIFO>
ST_1 : Operation 10 [1/1] (1.83ns)   --->   "%current_img_mat_cols_read = read i32 @_ssdm_op_Read.ap_fifo.i32P, i32 %current_img_mat_cols" [/tools/Xilinx/Vitis/2020.1/workspace/test_fast/libs/xf_opencv/L1/include/video/xf_pyr_dense_optical_flow_wrapper.hpp:50->/tools/Xilinx/Vitis/2020.1/workspace/test_fast/src/xf_pyr_dense_optical_flow_accel.cpp:98]   --->   Operation 10 'read' 'current_img_mat_cols_read' <Predicate = true> <Delay = 1.83> <CoreInst = "FIFO_SRL">   --->   Core 21 'FIFO_SRL' <Latency = 0> <II = 1> <Delay = 1.83> <Storage> <Opcode : 'read' 'write' 'nbread' 'nbwrite'> <Ports = 0> <Width = 32> <Depth = 2> <FIFO>
ST_1 : Operation 11 [1/1] (1.83ns)   --->   "%streamFlowin_mat_rows_read = read i32 @_ssdm_op_Read.ap_fifo.i32P, i32 %streamFlowin_mat_rows" [/tools/Xilinx/Vitis/2020.1/workspace/test_fast/libs/xf_opencv/L1/include/video/xf_pyr_dense_optical_flow_wrapper.hpp:51->/tools/Xilinx/Vitis/2020.1/workspace/test_fast/src/xf_pyr_dense_optical_flow_accel.cpp:98]   --->   Operation 11 'read' 'streamFlowin_mat_rows_read' <Predicate = true> <Delay = 1.83> <CoreInst = "FIFO_SRL">   --->   Core 21 'FIFO_SRL' <Latency = 0> <II = 1> <Delay = 1.83> <Storage> <Opcode : 'read' 'write' 'nbread' 'nbwrite'> <Ports = 0> <Width = 32> <Depth = 3> <FIFO>
ST_1 : Operation 12 [1/1] (1.83ns)   --->   "%streamFlowin_mat_cols_read = read i32 @_ssdm_op_Read.ap_fifo.i32P, i32 %streamFlowin_mat_cols" [/tools/Xilinx/Vitis/2020.1/workspace/test_fast/libs/xf_opencv/L1/include/video/xf_pyr_dense_optical_flow_wrapper.hpp:51->/tools/Xilinx/Vitis/2020.1/workspace/test_fast/src/xf_pyr_dense_optical_flow_accel.cpp:98]   --->   Operation 12 'read' 'streamFlowin_mat_cols_read' <Predicate = true> <Delay = 1.83> <CoreInst = "FIFO_SRL">   --->   Core 21 'FIFO_SRL' <Latency = 0> <II = 1> <Delay = 1.83> <Storage> <Opcode : 'read' 'write' 'nbread' 'nbwrite'> <Ports = 0> <Width = 32> <Depth = 3> <FIFO>
ST_1 : Operation 13 [1/1] (0.84ns)   --->   "%icmp_ln51 = icmp_ne  i8 %trunc_ln100, i8" [/tools/Xilinx/Vitis/2020.1/workspace/test_fast/libs/xf_opencv/L1/include/video/xf_pyr_dense_optical_flow_wrapper.hpp:51->/tools/Xilinx/Vitis/2020.1/workspace/test_fast/src/xf_pyr_dense_optical_flow_accel.cpp:98]   --->   Operation 13 'icmp' 'icmp_ln51' <Predicate = true> <Delay = 0.84> <CoreInst = "Cmp">   --->   Core 10 'Cmp' <Latency = 0> <II = 1> <Delay = 0.84> <FuncUnit> <Opcode : 'icmp'> <InPorts = 2> <OutPorts = 1>
ST_1 : Operation 14 [2/2] (1.86ns)   --->   "%call_ln49 = call void @xFLKOpticalFlowDenseKernel<(unsigned short)1080, (unsigned short)1920, 5, 50, 11, 16, 10, false>, i8 %current_img_mat_data, i8 %next_img_mat_data, i32 %streamFlowin_mat_data, i32 %streamFlowout_mat_data, i32 %current_img_mat_rows_read, i32 %current_img_mat_cols_read, i32 %streamFlowin_mat_rows_read, i32 %streamFlowin_mat_cols_read, i32 %level_read, i1 %icmp_ln51, i32 %scale_in_read, i1 %trunc_ln304" [/tools/Xilinx/Vitis/2020.1/workspace/test_fast/libs/xf_opencv/L1/include/video/xf_pyr_dense_optical_flow_wrapper.hpp:49->/tools/Xilinx/Vitis/2020.1/workspace/test_fast/src/xf_pyr_dense_optical_flow_accel.cpp:98]   --->   Operation 14 'call' 'call_ln49' <Predicate = true> <Delay = 1.86> <CoreType = "Generic">   --->   Core 0 '' <Latency = 0> <II = 1> <Delay = 1.00> <Generic> <Opcode : >

State 2 <SV = 1> <Delay = 0.00>
ST_2 : Operation 15 [1/1] (0.00ns)   --->   "%specinterface_ln0 = specinterface void @_ssdm_op_SpecInterface, i8 %current_img_mat_data, void @empty_35, i32, i32, void @empty_25, i32, i32, void @empty_25, void @empty_25, void @empty_25, i32, i32, i32, i32, void @empty_25, void @empty_25"   --->   Operation 15 'specinterface' 'specinterface_ln0' <Predicate = true> <Delay = 0.00>
ST_2 : Operation 16 [1/1] (0.00ns)   --->   "%specinterface_ln0 = specinterface void @_ssdm_op_SpecInterface, i8 %next_img_mat_data, void @empty_35, i32, i32, void @empty_25, i32, i32, void @empty_25, void @empty_25, void @empty_25, i32, i32, i32, i32, void @empty_25, void @empty_25"   --->   Operation 16 'specinterface' 'specinterface_ln0' <Predicate = true> <Delay = 0.00>
ST_2 : Operation 17 [1/1] (0.00ns)   --->   "%specinterface_ln0 = specinterface void @_ssdm_op_SpecInterface, i32 %streamFlowin_mat_data, void @empty_35, i32, i32, void @empty_25, i32, i32, void @empty_25, void @empty_25, void @empty_25, i32, i32, i32, i32, void @empty_25, void @empty_25"   --->   Operation 17 'specinterface' 'specinterface_ln0' <Predicate = true> <Delay = 0.00>
ST_2 : Operation 18 [1/1] (0.00ns)   --->   "%specinterface_ln0 = specinterface void @_ssdm_op_SpecInterface, i32 %streamFlowout_mat_data, void @empty_35, i32, i32, void @empty_25, i32, i32, void @empty_25, void @empty_25, void @empty_25, i32, i32, i32, i32, void @empty_25, void @empty_25"   --->   Operation 18 'specinterface' 'specinterface_ln0' <Predicate = true> <Delay = 0.00>
ST_2 : Operation 19 [1/1] (0.00ns)   --->   "%specinterface_ln0 = specinterface void @_ssdm_op_SpecInterface, i32 %init_flag, void @ap_fifo_str, i32, i32, void @p_str, i32, i32, void @p_str, void @p_str, void @p_str, i32, i32, i32, i32, void @p_str, void @ScalarProp_str"   --->   Operation 19 'specinterface' 'specinterface_ln0' <Predicate = true> <Delay = 0.00>
ST_2 : Operation 20 [1/1] (0.00ns)   --->   "%specinterface_ln0 = specinterface void @_ssdm_op_SpecInterface, i32 %scale_in, void @ap_fifo_str, i32, i32, void @p_str, i32, i32, void @p_str, void @p_str, void @p_str, i32, i32, i32, i32, void @p_str, void @ScalarProp_str"   --->   Operation 20 'specinterface' 'specinterface_ln0' <Predicate = true> <Delay = 0.00>
ST_2 : Operation 21 [1/1] (0.00ns)   --->   "%specinterface_ln0 = specinterface void @_ssdm_op_SpecInterface, i32 %scale_up_flag, void @ap_fifo_str, i32, i32, void @p_str, i32, i32, void @p_str, void @p_str, void @p_str, i32, i32, i32, i32, void @p_str, void @ScalarProp_str"   --->   Operation 21 'specinterface' 'specinterface_ln0' <Predicate = true> <Delay = 0.00>
ST_2 : Operation 22 [1/1] (0.00ns)   --->   "%specinterface_ln0 = specinterface void @_ssdm_op_SpecInterface, i32 %level, void @ap_fifo_str, i32, i32, void @p_str, i32, i32, void @p_str, void @p_str, void @p_str, i32, i32, i32, i32, void @p_str, void @ScalarProp_str"   --->   Operation 22 'specinterface' 'specinterface_ln0' <Predicate = true> <Delay = 0.00>
ST_2 : Operation 23 [1/1] (0.00ns)   --->   "%specinterface_ln0 = specinterface void @_ssdm_op_SpecInterface, i32 %current_img_mat_rows, void @ap_fifo_str, i32, i32, void @p_str, i32, i32, void @p_str, void @p_str, void @p_str, i32, i32, i32, i32, void @p_str, void @ScalarProp_str"   --->   Operation 23 'specinterface' 'specinterface_ln0' <Predicate = true> <Delay = 0.00>
ST_2 : Operation 24 [1/1] (0.00ns)   --->   "%specinterface_ln0 = specinterface void @_ssdm_op_SpecInterface, i32 %current_img_mat_cols, void @ap_fifo_str, i32, i32, void @p_str, i32, i32, void @p_str, void @p_str, void @p_str, i32, i32, i32, i32, void @p_str, void @ScalarProp_str"   --->   Operation 24 'specinterface' 'specinterface_ln0' <Predicate = true> <Delay = 0.00>
ST_2 : Operation 25 [1/1] (0.00ns)   --->   "%specinterface_ln0 = specinterface void @_ssdm_op_SpecInterface, i32 %streamFlowin_mat_rows, void @ap_fifo_str, i32, i32, void @p_str, i32, i32, void @p_str, void @p_str, void @p_str, i32, i32, i32, i32, void @p_str, void @ScalarProp_str"   --->   Operation 25 'specinterface' 'specinterface_ln0' <Predicate = true> <Delay = 0.00>
ST_2 : Operation 26 [1/1] (0.00ns)   --->   "%specinterface_ln0 = specinterface void @_ssdm_op_SpecInterface, i32 %streamFlowin_mat_cols, void @ap_fifo_str, i32, i32, void @p_str, i32, i32, void @p_str, void @p_str, void @p_str, i32, i32, i32, i32, void @p_str, void @ScalarProp_str"   --->   Operation 26 'specinterface' 'specinterface_ln0' <Predicate = true> <Delay = 0.00>
ST_2 : Operation 27 [1/1] (0.00ns)   --->   "%specinterface_ln0 = specinterface void @_ssdm_op_SpecInterface, i32 %streamFlowout_mat_data, void @empty_35, i32, i32, void @empty_25, i32, i32, void @empty_25, void @empty_25, void @empty_25, i32, i32, i32, i32, void @empty_25, void @empty_25"   --->   Operation 27 'specinterface' 'specinterface_ln0' <Predicate = true> <Delay = 0.00>
ST_2 : Operation 28 [1/1] (0.00ns)   --->   "%specinterface_ln0 = specinterface void @_ssdm_op_SpecInterface, i32 %streamFlowin_mat_data, void @empty_35, i32, i32, void @empty_25, i32, i32, void @empty_25, void @empty_25, void @empty_25, i32, i32, i32, i32, void @empty_25, void @empty_25"   --->   Operation 28 'specinterface' 'specinterface_ln0' <Predicate = true> <Delay = 0.00>
ST_2 : Operation 29 [1/1] (0.00ns)   --->   "%specinterface_ln0 = specinterface void @_ssdm_op_SpecInterface, i8 %next_img_mat_data, void @empty_35, i32, i32, void @empty_25, i32, i32, void @empty_25, void @empty_25, void @empty_25, i32, i32, i32, i32, void @empty_25, void @empty_25"   --->   Operation 29 'specinterface' 'specinterface_ln0' <Predicate = true> <Delay = 0.00>
ST_2 : Operation 30 [1/1] (0.00ns)   --->   "%specinterface_ln0 = specinterface void @_ssdm_op_SpecInterface, i8 %current_img_mat_data, void @empty_35, i32, i32, void @empty_25, i32, i32, void @empty_25, void @empty_25, void @empty_25, i32, i32, i32, i32, void @empty_25, void @empty_25"   --->   Operation 30 'specinterface' 'specinterface_ln0' <Predicate = true> <Delay = 0.00>
ST_2 : Operation 31 [1/2] (0.00ns)   --->   "%call_ln49 = call void @xFLKOpticalFlowDenseKernel<(unsigned short)1080, (unsigned short)1920, 5, 50, 11, 16, 10, false>, i8 %current_img_mat_data, i8 %next_img_mat_data, i32 %streamFlowin_mat_data, i32 %streamFlowout_mat_data, i32 %current_img_mat_rows_read, i32 %current_img_mat_cols_read, i32 %streamFlowin_mat_rows_read, i32 %streamFlowin_mat_cols_read, i32 %level_read, i1 %icmp_ln51, i32 %scale_in_read, i1 %trunc_ln304" [/tools/Xilinx/Vitis/2020.1/workspace/test_fast/libs/xf_opencv/L1/include/video/xf_pyr_dense_optical_flow_wrapper.hpp:49->/tools/Xilinx/Vitis/2020.1/workspace/test_fast/src/xf_pyr_dense_optical_flow_accel.cpp:98]   --->   Operation 31 'call' 'call_ln49' <Predicate = true> <Delay = 0.00> <CoreType = "Generic">   --->   Core 0 '' <Latency = 0> <II = 1> <Delay = 1.00> <Generic> <Opcode : >
ST_2 : Operation 32 [1/1] (0.00ns)   --->   "%ret_ln0 = ret"   --->   Operation 32 'ret' 'ret_ln0' <Predicate = true> <Delay = 0.00>


============================================================
+ Verbose Summary: Binding
============================================================
STG Binding: 
---------------- STG Properties BEGIN ----------------
- Is combinational: 0
- Is one-state seq: 0
- Is datapath-only: 0
- Is pipelined: 0
- Is top level: 0
Port [ Return ] is wired: 1; IO mode=ap_ctrl_hs:ce=0
Port [ current_img_mat_data]:  wired=1; compound=1; hidden=0; nouse=0; global=0; static=0; extern=0; dir=0; type=3; pingpong=0; private_global=0; IO mode=ap_fifo:ce=0
Port [ next_img_mat_data]:  wired=1; compound=1; hidden=0; nouse=0; global=0; static=0; extern=0; dir=0; type=3; pingpong=0; private_global=0; IO mode=ap_fifo:ce=0
Port [ streamFlowin_mat_data]:  wired=1; compound=1; hidden=0; nouse=0; global=0; static=0; extern=0; dir=0; type=3; pingpong=0; private_global=0; IO mode=ap_fifo:ce=0
Port [ streamFlowout_mat_data]:  wired=1; compound=1; hidden=0; nouse=0; global=0; static=0; extern=0; dir=1; type=3; pingpong=0; private_global=0; IO mode=ap_fifo:ce=0
Port [ current_img_mat_rows]:  wired=1; compound=1; hidden=0; nouse=0; global=0; static=0; extern=0; dir=0; type=3; pingpong=0; private_global=0; IO mode=ap_fifo:ce=0
Port [ current_img_mat_cols]:  wired=1; compound=1; hidden=0; nouse=0; global=0; static=0; extern=0; dir=0; type=3; pingpong=0; private_global=0; IO mode=ap_fifo:ce=0
Port [ streamFlowin_mat_rows]:  wired=1; compound=1; hidden=0; nouse=0; global=0; static=0; extern=0; dir=0; type=3; pingpong=0; private_global=0; IO mode=ap_fifo:ce=0
Port [ streamFlowin_mat_cols]:  wired=1; compound=1; hidden=0; nouse=0; global=0; static=0; extern=0; dir=0; type=3; pingpong=0; private_global=0; IO mode=ap_fifo:ce=0
Port [ level]:  wired=1; compound=1; hidden=0; nouse=0; global=0; static=0; extern=0; dir=0; type=3; pingpong=0; private_global=0; IO mode=ap_fifo:ce=0
Port [ scale_up_flag]:  wired=1; compound=1; hidden=0; nouse=0; global=0; static=0; extern=0; dir=0; type=3; pingpong=0; private_global=0; IO mode=ap_fifo:ce=0
Port [ scale_in]:  wired=1; compound=1; hidden=0; nouse=0; global=0; static=0; extern=0; dir=0; type=3; pingpong=0; private_global=0; IO mode=ap_fifo:ce=0
Port [ init_flag]:  wired=1; compound=1; hidden=0; nouse=0; global=0; static=0; extern=0; dir=0; type=3; pingpong=0; private_global=0; IO mode=ap_fifo:ce=0
---------------- STG Properties END ------------------

---------------- Datapath Model BEGIN ----------------

<LifeTime>
<method=bitvector/>
level_read                 (read         ) [ 001]
scale_up_flag_read         (read         ) [ 000]
scale_in_read              (read         ) [ 001]
init_flag_read             (read         ) [ 000]
trunc_ln100                (trunc        ) [ 000]
trunc_ln304                (trunc        ) [ 001]
current_img_mat_rows_read  (read         ) [ 001]
current_img_mat_cols_read  (read         ) [ 001]
streamFlowin_mat_rows_read (read         ) [ 001]
streamFlowin_mat_cols_read (read         ) [ 001]
icmp_ln51                  (icmp         ) [ 001]
specinterface_ln0          (specinterface) [ 000]
specinterface_ln0          (specinterface) [ 000]
specinterface_ln0          (specinterface) [ 000]
specinterface_ln0          (specinterface) [ 000]
specinterface_ln0          (specinterface) [ 000]
specinterface_ln0          (specinterface) [ 000]
specinterface_ln0          (specinterface) [ 000]
specinterface_ln0          (specinterface) [ 000]
specinterface_ln0          (specinterface) [ 000]
specinterface_ln0          (specinterface) [ 000]
specinterface_ln0          (specinterface) [ 000]
specinterface_ln0          (specinterface) [ 000]
specinterface_ln0          (specinterface) [ 000]
specinterface_ln0          (specinterface) [ 000]
specinterface_ln0          (specinterface) [ 000]
specinterface_ln0          (specinterface) [ 000]
call_ln49                  (call         ) [ 000]
ret_ln0                    (ret          ) [ 000]
</LifeTime>

<model>

<comp_list>
<comp id="0" class="1000" name="current_img_mat_data">
<pin_list>
<pin id="1" dir="1" index="0" bw="1" slack="0"/>
</pin_list>
<bind>
<StgValue><ssdm name="current_img_mat_data"/></StgValue>
</bind>
</comp>

<comp id="2" class="1000" name="next_img_mat_data">
<pin_list>
<pin id="3" dir="1" index="0" bw="1" slack="0"/>
</pin_list>
<bind>
<StgValue><ssdm name="next_img_mat_data"/></StgValue>
</bind>
</comp>

<comp id="4" class="1000" name="streamFlowin_mat_data">
<pin_list>
<pin id="5" dir="1" index="0" bw="1" slack="0"/>
</pin_list>
<bind>
<StgValue><ssdm name="streamFlowin_mat_data"/></StgValue>
</bind>
</comp>

<comp id="6" class="1000" name="streamFlowout_mat_data">
<pin_list>
<pin id="7" dir="1" index="0" bw="1" slack="0"/>
</pin_list>
<bind>
<StgValue><ssdm name="streamFlowout_mat_data"/></StgValue>
</bind>
</comp>

<comp id="8" class="1000" name="current_img_mat_rows">
<pin_list>
<pin id="9" dir="1" index="0" bw="1" slack="0"/>
</pin_list>
<bind>
<StgValue><ssdm name="current_img_mat_rows"/></StgValue>
</bind>
</comp>

<comp id="10" class="1000" name="current_img_mat_cols">
<pin_list>
<pin id="11" dir="1" index="0" bw="1" slack="0"/>
</pin_list>
<bind>
<StgValue><ssdm name="current_img_mat_cols"/></StgValue>
</bind>
</comp>

<comp id="12" class="1000" name="streamFlowin_mat_rows">
<pin_list>
<pin id="13" dir="1" index="0" bw="1" slack="0"/>
</pin_list>
<bind>
<StgValue><ssdm name="streamFlowin_mat_rows"/></StgValue>
</bind>
</comp>

<comp id="14" class="1000" name="streamFlowin_mat_cols">
<pin_list>
<pin id="15" dir="1" index="0" bw="1" slack="0"/>
</pin_list>
<bind>
<StgValue><ssdm name="streamFlowin_mat_cols"/></StgValue>
</bind>
</comp>

<comp id="16" class="1000" name="level">
<pin_list>
<pin id="17" dir="1" index="0" bw="1" slack="0"/>
</pin_list>
<bind>
<StgValue><ssdm name="level"/></StgValue>
</bind>
</comp>

<comp id="18" class="1000" name="scale_up_flag">
<pin_list>
<pin id="19" dir="1" index="0" bw="1" slack="0"/>
</pin_list>
<bind>
<StgValue><ssdm name="scale_up_flag"/></StgValue>
</bind>
</comp>

<comp id="20" class="1000" name="scale_in">
<pin_list>
<pin id="21" dir="1" index="0" bw="1" slack="0"/>
</pin_list>
<bind>
<StgValue><ssdm name="scale_in"/></StgValue>
</bind>
</comp>

<comp id="22" class="1000" name="init_flag">
<pin_list>
<pin id="23" dir="1" index="0" bw="1" slack="0"/>
</pin_list>
<bind>
<StgValue><ssdm name="init_flag"/></StgValue>
</bind>
</comp>

<comp id="24" class="1001" name="const_24">
<pin_list>
<pin id="25" dir="1" index="0" bw="1" slack="0"/>
</pin_list>
<bind>
<StgValue><ssdm name="_ssdm_op_Read.ap_fifo.i32P"/></StgValue>
</bind>
</comp>

<comp id="26" class="1001" name="const_26">
<pin_list>
<pin id="27" dir="1" index="0" bw="1" slack="0"/>
</pin_list>
<bind>
<StgValue><ssdm name="_ssdm_op_Read.ap_fifo.floatP"/></StgValue>
</bind>
</comp>

<comp id="28" class="1001" name="const_28">
<pin_list>
<pin id="29" dir="1" index="0" bw="1" slack="0"/>
</pin_list>
<bind>
<StgValue><ssdm name=""/></StgValue>
</bind>
</comp>

<comp id="30" class="1001" name="const_30">
<pin_list>
<pin id="31" dir="1" index="0" bw="1" slack="0"/>
</pin_list>
<bind>
<StgValue><ssdm name="xFLKOpticalFlowDenseKernel<(unsigned short)1080, (unsigned short)1920, 5, 50, 11, 16, 10, false>"/></StgValue>
</bind>
</comp>

<comp id="32" class="1001" name="const_32">
<pin_list>
<pin id="33" dir="1" index="0" bw="1" slack="2147483647"/>
</pin_list>
<bind>
<StgValue><ssdm name="_ssdm_op_SpecInterface"/></StgValue>
</bind>
</comp>

<comp id="34" class="1001" name="const_34">
<pin_list>
<pin id="35" dir="1" index="0" bw="1" slack="2147483647"/>
</pin_list>
<bind>
<StgValue><ssdm name="empty_35"/></StgValue>
</bind>
</comp>

<comp id="36" class="1001" name="const_36">
<pin_list>
<pin id="37" dir="1" index="0" bw="1" slack="2147483647"/>
</pin_list>
<bind>
<StgValue><ssdm name=""/></StgValue>
</bind>
</comp>

<comp id="38" class="1001" name="const_38">
<pin_list>
<pin id="39" dir="1" index="0" bw="1" slack="2147483647"/>
</pin_list>
<bind>
<StgValue><ssdm name="empty_25"/></StgValue>
</bind>
</comp>

<comp id="40" class="1001" name="const_40">
<pin_list>
<pin id="41" dir="1" index="0" bw="1" slack="2147483647"/>
</pin_list>
<bind>
<StgValue><ssdm name="ap_fifo_str"/></StgValue>
</bind>
</comp>

<comp id="42" class="1001" name="const_42">
<pin_list>
<pin id="43" dir="1" index="0" bw="1" slack="2147483647"/>
</pin_list>
<bind>
<StgValue><ssdm name="p_str"/></StgValue>
</bind>
</comp>

<comp id="44" class="1001" name="const_44">
<pin_list>
<pin id="45" dir="1" index="0" bw="1" slack="2147483647"/>
</pin_list>
<bind>
<StgValue><ssdm name=""/></StgValue>
</bind>
</comp>

<comp id="46" class="1001" name="const_46">
<pin_list>
<pin id="47" dir="1" index="0" bw="1" slack="2147483647"/>
</pin_list>
<bind>
<StgValue><ssdm name=""/></StgValue>
</bind>
</comp>

<comp id="48" class="1001" name="const_48">
<pin_list>
<pin id="49" dir="1" index="0" bw="1" slack="2147483647"/>
</pin_list>
<bind>
<StgValue><ssdm name="ScalarProp_str"/></StgValue>
</bind>
</comp>

<comp id="50" class="1004" name="level_read_read_fu_50">
<pin_list>
<pin id="51" dir="0" index="0" bw="32" slack="0"/>
<pin id="52" dir="0" index="1" bw="32" slack="0"/>
<pin id="53" dir="1" index="2" bw="32" slack="0"/>
</pin_list>
<bind>
<opcode="read(1150) " fcode="read"/>
<opset="level_read/1 "/>
</bind>
</comp>

<comp id="56" class="1004" name="scale_up_flag_read_read_fu_56">
<pin_list>
<pin id="57" dir="0" index="0" bw="32" slack="0"/>
<pin id="58" dir="0" index="1" bw="32" slack="0"/>
<pin id="59" dir="1" index="2" bw="32" slack="0"/>
</pin_list>
<bind>
<opcode="read(1150) " fcode="read"/>
<opset="scale_up_flag_read/1 "/>
</bind>
</comp>

<comp id="62" class="1004" name="scale_in_read_read_fu_62">
<pin_list>
<pin id="63" dir="0" index="0" bw="32" slack="0"/>
<pin id="64" dir="0" index="1" bw="32" slack="0"/>
<pin id="65" dir="1" index="2" bw="32" slack="0"/>
</pin_list>
<bind>
<opcode="read(1150) " fcode="read"/>
<opset="scale_in_read/1 "/>
</bind>
</comp>

<comp id="68" class="1004" name="init_flag_read_read_fu_68">
<pin_list>
<pin id="69" dir="0" index="0" bw="32" slack="0"/>
<pin id="70" dir="0" index="1" bw="32" slack="0"/>
<pin id="71" dir="1" index="2" bw="32" slack="0"/>
</pin_list>
<bind>
<opcode="read(1150) " fcode="read"/>
<opset="init_flag_read/1 "/>
</bind>
</comp>

<comp id="74" class="1004" name="current_img_mat_rows_read_read_fu_74">
<pin_list>
<pin id="75" dir="0" index="0" bw="32" slack="0"/>
<pin id="76" dir="0" index="1" bw="32" slack="0"/>
<pin id="77" dir="1" index="2" bw="32" slack="0"/>
</pin_list>
<bind>
<opcode="read(1150) " fcode="read"/>
<opset="current_img_mat_rows_read/1 "/>
</bind>
</comp>

<comp id="80" class="1004" name="current_img_mat_cols_read_read_fu_80">
<pin_list>
<pin id="81" dir="0" index="0" bw="32" slack="0"/>
<pin id="82" dir="0" index="1" bw="32" slack="0"/>
<pin id="83" dir="1" index="2" bw="32" slack="0"/>
</pin_list>
<bind>
<opcode="read(1150) " fcode="read"/>
<opset="current_img_mat_cols_read/1 "/>
</bind>
</comp>

<comp id="86" class="1004" name="streamFlowin_mat_rows_read_read_fu_86">
<pin_list>
<pin id="87" dir="0" index="0" bw="32" slack="0"/>
<pin id="88" dir="0" index="1" bw="32" slack="0"/>
<pin id="89" dir="1" index="2" bw="32" slack="0"/>
</pin_list>
<bind>
<opcode="read(1150) " fcode="read"/>
<opset="streamFlowin_mat_rows_read/1 "/>
</bind>
</comp>

<comp id="92" class="1004" name="streamFlowin_mat_cols_read_read_fu_92">
<pin_list>
<pin id="93" dir="0" index="0" bw="32" slack="0"/>
<pin id="94" dir="0" index="1" bw="32" slack="0"/>
<pin id="95" dir="1" index="2" bw="32" slack="0"/>
</pin_list>
<bind>
<opcode="read(1150) " fcode="read"/>
<opset="streamFlowin_mat_cols_read/1 "/>
</bind>
</comp>

<comp id="98" class="1004" name="grp_xFLKOpticalFlowDenseKernel_unsigned_short_1080_unsigned_short_1920_5_50_11_16_10_false_s_fu_98">
<pin_list>
<pin id="99" dir="0" index="0" bw="0" slack="0"/>
<pin id="100" dir="0" index="1" bw="8" slack="0"/>
<pin id="101" dir="0" index="2" bw="8" slack="0"/>
<pin id="102" dir="0" index="3" bw="32" slack="0"/>
<pin id="103" dir="0" index="4" bw="32" slack="0"/>
<pin id="104" dir="0" index="5" bw="32" slack="0"/>
<pin id="105" dir="0" index="6" bw="32" slack="0"/>
<pin id="106" dir="0" index="7" bw="32" slack="0"/>
<pin id="107" dir="0" index="8" bw="32" slack="0"/>
<pin id="108" dir="0" index="9" bw="32" slack="0"/>
<pin id="109" dir="0" index="10" bw="1" slack="0"/>
<pin id="110" dir="0" index="11" bw="32" slack="0"/>
<pin id="111" dir="0" index="12" bw="1" slack="0"/>
<pin id="112" dir="1" index="13" bw="0" slack="2147483647"/>
</pin_list>
<bind>
<opcode="call(48) " fcode="call"/>
<opset="call_ln49/1 "/>
</bind>
</comp>

<comp id="124" class="1004" name="trunc_ln100_fu_124">
<pin_list>
<pin id="125" dir="0" index="0" bw="32" slack="0"/>
<pin id="126" dir="1" index="1" bw="8" slack="0"/>
</pin_list>
<bind>
<opcode="trunc(33) " fcode="trunc"/>
<opset="trunc_ln100/1 "/>
</bind>
</comp>

<comp id="128" class="1004" name="trunc_ln304_fu_128">
<pin_list>
<pin id="129" dir="0" index="0" bw="32" slack="0"/>
<pin id="130" dir="1" index="1" bw="1" slack="0"/>
</pin_list>
<bind>
<opcode="trunc(33) " fcode="trunc"/>
<opset="trunc_ln304/1 "/>
</bind>
</comp>

<comp id="133" class="1004" name="icmp_ln51_fu_133">
<pin_list>
<pin id="134" dir="0" index="0" bw="8" slack="0"/>
<pin id="135" dir="0" index="1" bw="8" slack="0"/>
<pin id="136" dir="1" index="2" bw="1" slack="0"/>
</pin_list>
<bind>
<opcode="icmp(45) " fcode="icmp"/>
<opset="icmp_ln51/1 "/>
</bind>
</comp>

<comp id="140" class="1005" name="level_read_reg_140">
<pin_list>
<pin id="141" dir="0" index="0" bw="32" slack="1"/>
<pin id="142" dir="1" index="1" bw="32" slack="1"/>
</pin_list>
<bind>
<opset="level_read "/>
</bind>
</comp>

<comp id="145" class="1005" name="scale_in_read_reg_145">
<pin_list>
<pin id="146" dir="0" index="0" bw="32" slack="1"/>
<pin id="147" dir="1" index="1" bw="32" slack="1"/>
</pin_list>
<bind>
<opset="scale_in_read "/>
</bind>
</comp>

<comp id="150" class="1005" name="trunc_ln304_reg_150">
<pin_list>
<pin id="151" dir="0" index="0" bw="1" slack="1"/>
<pin id="152" dir="1" index="1" bw="1" slack="1"/>
</pin_list>
<bind>
<opset="trunc_ln304 "/>
</bind>
</comp>

<comp id="155" class="1005" name="current_img_mat_rows_read_reg_155">
<pin_list>
<pin id="156" dir="0" index="0" bw="32" slack="1"/>
<pin id="157" dir="1" index="1" bw="32" slack="1"/>
</pin_list>
<bind>
<opset="current_img_mat_rows_read "/>
</bind>
</comp>

<comp id="160" class="1005" name="current_img_mat_cols_read_reg_160">
<pin_list>
<pin id="161" dir="0" index="0" bw="32" slack="1"/>
<pin id="162" dir="1" index="1" bw="32" slack="1"/>
</pin_list>
<bind>
<opset="current_img_mat_cols_read "/>
</bind>
</comp>

<comp id="165" class="1005" name="streamFlowin_mat_rows_read_reg_165">
<pin_list>
<pin id="166" dir="0" index="0" bw="32" slack="1"/>
<pin id="167" dir="1" index="1" bw="32" slack="1"/>
</pin_list>
<bind>
<opset="streamFlowin_mat_rows_read "/>
</bind>
</comp>

<comp id="170" class="1005" name="streamFlowin_mat_cols_read_reg_170">
<pin_list>
<pin id="171" dir="0" index="0" bw="32" slack="1"/>
<pin id="172" dir="1" index="1" bw="32" slack="1"/>
</pin_list>
<bind>
<opset="streamFlowin_mat_cols_read "/>
</bind>
</comp>

<comp id="175" class="1005" name="icmp_ln51_reg_175">
<pin_list>
<pin id="176" dir="0" index="0" bw="1" slack="1"/>
<pin id="177" dir="1" index="1" bw="1" slack="1"/>
</pin_list>
<bind>
<opset="icmp_ln51 "/>
</bind>
</comp>

</comp_list>

<net_list>
<net id="54"><net_src comp="24" pin="0"/><net_sink comp="50" pin=0"/></net>

<net id="55"><net_src comp="16" pin="0"/><net_sink comp="50" pin=1"/></net>

<net id="60"><net_src comp="24" pin="0"/><net_sink comp="56" pin=0"/></net>

<net id="61"><net_src comp="18" pin="0"/><net_sink comp="56" pin=1"/></net>

<net id="66"><net_src comp="26" pin="0"/><net_sink comp="62" pin=0"/></net>

<net id="67"><net_src comp="20" pin="0"/><net_sink comp="62" pin=1"/></net>

<net id="72"><net_src comp="24" pin="0"/><net_sink comp="68" pin=0"/></net>

<net id="73"><net_src comp="22" pin="0"/><net_sink comp="68" pin=1"/></net>

<net id="78"><net_src comp="24" pin="0"/><net_sink comp="74" pin=0"/></net>

<net id="79"><net_src comp="8" pin="0"/><net_sink comp="74" pin=1"/></net>

<net id="84"><net_src comp="24" pin="0"/><net_sink comp="80" pin=0"/></net>

<net id="85"><net_src comp="10" pin="0"/><net_sink comp="80" pin=1"/></net>

<net id="90"><net_src comp="24" pin="0"/><net_sink comp="86" pin=0"/></net>

<net id="91"><net_src comp="12" pin="0"/><net_sink comp="86" pin=1"/></net>

<net id="96"><net_src comp="24" pin="0"/><net_sink comp="92" pin=0"/></net>

<net id="97"><net_src comp="14" pin="0"/><net_sink comp="92" pin=1"/></net>

<net id="113"><net_src comp="30" pin="0"/><net_sink comp="98" pin=0"/></net>

<net id="114"><net_src comp="0" pin="0"/><net_sink comp="98" pin=1"/></net>

<net id="115"><net_src comp="2" pin="0"/><net_sink comp="98" pin=2"/></net>

<net id="116"><net_src comp="4" pin="0"/><net_sink comp="98" pin=3"/></net>

<net id="117"><net_src comp="6" pin="0"/><net_sink comp="98" pin=4"/></net>

<net id="118"><net_src comp="74" pin="2"/><net_sink comp="98" pin=5"/></net>

<net id="119"><net_src comp="80" pin="2"/><net_sink comp="98" pin=6"/></net>

<net id="120"><net_src comp="86" pin="2"/><net_sink comp="98" pin=7"/></net>

<net id="121"><net_src comp="92" pin="2"/><net_sink comp="98" pin=8"/></net>

<net id="122"><net_src comp="50" pin="2"/><net_sink comp="98" pin=9"/></net>

<net id="123"><net_src comp="62" pin="2"/><net_sink comp="98" pin=11"/></net>

<net id="127"><net_src comp="56" pin="2"/><net_sink comp="124" pin=0"/></net>

<net id="131"><net_src comp="68" pin="2"/><net_sink comp="128" pin=0"/></net>

<net id="132"><net_src comp="128" pin="1"/><net_sink comp="98" pin=12"/></net>

<net id="137"><net_src comp="124" pin="1"/><net_sink comp="133" pin=0"/></net>

<net id="138"><net_src comp="28" pin="0"/><net_sink comp="133" pin=1"/></net>

<net id="139"><net_src comp="133" pin="2"/><net_sink comp="98" pin=10"/></net>

<net id="143"><net_src comp="50" pin="2"/><net_sink comp="140" pin=0"/></net>

<net id="144"><net_src comp="140" pin="1"/><net_sink comp="98" pin=9"/></net>

<net id="148"><net_src comp="62" pin="2"/><net_sink comp="145" pin=0"/></net>

<net id="149"><net_src comp="145" pin="1"/><net_sink comp="98" pin=11"/></net>

<net id="153"><net_src comp="128" pin="1"/><net_sink comp="150" pin=0"/></net>

<net id="154"><net_src comp="150" pin="1"/><net_sink comp="98" pin=12"/></net>

<net id="158"><net_src comp="74" pin="2"/><net_sink comp="155" pin=0"/></net>

<net id="159"><net_src comp="155" pin="1"/><net_sink comp="98" pin=5"/></net>

<net id="163"><net_src comp="80" pin="2"/><net_sink comp="160" pin=0"/></net>

<net id="164"><net_src comp="160" pin="1"/><net_sink comp="98" pin=6"/></net>

<net id="168"><net_src comp="86" pin="2"/><net_sink comp="165" pin=0"/></net>

<net id="169"><net_src comp="165" pin="1"/><net_sink comp="98" pin=7"/></net>

<net id="173"><net_src comp="92" pin="2"/><net_sink comp="170" pin=0"/></net>

<net id="174"><net_src comp="170" pin="1"/><net_sink comp="98" pin=8"/></net>

<net id="178"><net_src comp="133" pin="2"/><net_sink comp="175" pin=0"/></net>

<net id="179"><net_src comp="175" pin="1"/><net_sink comp="98" pin=10"/></net>

</net_list>

</model> 
---------------- Datapath Model END ------------------

* FSMD analyzer results:
  - Output states:
	Port: streamFlowout_mat_data | {1 2 }
 - Input state : 
	Port: densePyrOpticalFlow<5, 50, 11, 16, 10, 0, 1080, 1920, 1, false> : current_img_mat_data | {1 2 }
	Port: densePyrOpticalFlow<5, 50, 11, 16, 10, 0, 1080, 1920, 1, false> : next_img_mat_data | {1 2 }
	Port: densePyrOpticalFlow<5, 50, 11, 16, 10, 0, 1080, 1920, 1, false> : streamFlowin_mat_data | {1 2 }
	Port: densePyrOpticalFlow<5, 50, 11, 16, 10, 0, 1080, 1920, 1, false> : current_img_mat_rows | {1 }
	Port: densePyrOpticalFlow<5, 50, 11, 16, 10, 0, 1080, 1920, 1, false> : current_img_mat_cols | {1 }
	Port: densePyrOpticalFlow<5, 50, 11, 16, 10, 0, 1080, 1920, 1, false> : streamFlowin_mat_rows | {1 }
	Port: densePyrOpticalFlow<5, 50, 11, 16, 10, 0, 1080, 1920, 1, false> : streamFlowin_mat_cols | {1 }
	Port: densePyrOpticalFlow<5, 50, 11, 16, 10, 0, 1080, 1920, 1, false> : level | {1 }
	Port: densePyrOpticalFlow<5, 50, 11, 16, 10, 0, 1080, 1920, 1, false> : scale_up_flag | {1 }
	Port: densePyrOpticalFlow<5, 50, 11, 16, 10, 0, 1080, 1920, 1, false> : scale_in | {1 }
	Port: densePyrOpticalFlow<5, 50, 11, 16, 10, 0, 1080, 1920, 1, false> : init_flag | {1 }
  - Chain level:
	State 1
		icmp_ln51 : 1
		call_ln49 : 2
	State 2


============================================================
+ Verbose Summary: Datapath Resource usage 
============================================================

* Functional unit list:
|----------|----------------------------------------------------------------------------------------------------|---------|---------|---------|---------|---------|
| Operation|                                           Functional Unit                                          |   BRAM  |   DSP   |  Delay  |    FF   |   LUT   |
|----------|----------------------------------------------------------------------------------------------------|---------|---------|---------|---------|---------|
|   call   | grp_xFLKOpticalFlowDenseKernel_unsigned_short_1080_unsigned_short_1920_5_50_11_16_10_false_s_fu_98 |   150   |    79   |  257.71 |  20202  |  39216  |
|----------|----------------------------------------------------------------------------------------------------|---------|---------|---------|---------|---------|
|   icmp   |                                          icmp_ln51_fu_133                                          |    0    |    0    |    0    |    0    |    11   |
|----------|----------------------------------------------------------------------------------------------------|---------|---------|---------|---------|---------|
|          |                                        level_read_read_fu_50                                       |    0    |    0    |    0    |    0    |    0    |
|          |                                    scale_up_flag_read_read_fu_56                                   |    0    |    0    |    0    |    0    |    0    |
|          |                                      scale_in_read_read_fu_62                                      |    0    |    0    |    0    |    0    |    0    |
|   read   |                                      init_flag_read_read_fu_68                                     |    0    |    0    |    0    |    0    |    0    |
|          |                                current_img_mat_rows_read_read_fu_74                                |    0    |    0    |    0    |    0    |    0    |
|          |                                current_img_mat_cols_read_read_fu_80                                |    0    |    0    |    0    |    0    |    0    |
|          |                                streamFlowin_mat_rows_read_read_fu_86                               |    0    |    0    |    0    |    0    |    0    |
|          |                                streamFlowin_mat_cols_read_read_fu_92                               |    0    |    0    |    0    |    0    |    0    |
|----------|----------------------------------------------------------------------------------------------------|---------|---------|---------|---------|---------|
|   trunc  |                                         trunc_ln100_fu_124                                         |    0    |    0    |    0    |    0    |    0    |
|          |                                         trunc_ln304_fu_128                                         |    0    |    0    |    0    |    0    |    0    |
|----------|----------------------------------------------------------------------------------------------------|---------|---------|---------|---------|---------|
|   Total  |                                                                                                    |   150   |    79   |  257.71 |  20202  |  39227  |
|----------|----------------------------------------------------------------------------------------------------|---------|---------|---------|---------|---------|

Memories:
N/A

* Register list:
+----------------------------------+--------+
|                                  |   FF   |
+----------------------------------+--------+
| current_img_mat_cols_read_reg_160|   32   |
| current_img_mat_rows_read_reg_155|   32   |
|         icmp_ln51_reg_175        |    1   |
|        level_read_reg_140        |   32   |
|       scale_in_read_reg_145      |   32   |
|streamFlowin_mat_cols_read_reg_170|   32   |
|streamFlowin_mat_rows_read_reg_165|   32   |
|        trunc_ln304_reg_150       |    1   |
+----------------------------------+--------+
|               Total              |   194  |
+----------------------------------+--------+

* Multiplexer (MUX) list: 
|----------------------------------------------------------------------------------------------------|------|------|------|--------||---------||---------|
|                                                Comp                                                |  Pin | Size |  BW  | S x BW ||  Delay  ||   LUT   |
|----------------------------------------------------------------------------------------------------|------|------|------|--------||---------||---------|
| grp_xFLKOpticalFlowDenseKernel_unsigned_short_1080_unsigned_short_1920_5_50_11_16_10_false_s_fu_98 |  p5  |   2  |  32  |   64   ||    9    |
| grp_xFLKOpticalFlowDenseKernel_unsigned_short_1080_unsigned_short_1920_5_50_11_16_10_false_s_fu_98 |  p6  |   2  |  32  |   64   ||    9    |
| grp_xFLKOpticalFlowDenseKernel_unsigned_short_1080_unsigned_short_1920_5_50_11_16_10_false_s_fu_98 |  p7  |   2  |  32  |   64   ||    9    |
| grp_xFLKOpticalFlowDenseKernel_unsigned_short_1080_unsigned_short_1920_5_50_11_16_10_false_s_fu_98 |  p8  |   2  |  32  |   64   ||    9    |
| grp_xFLKOpticalFlowDenseKernel_unsigned_short_1080_unsigned_short_1920_5_50_11_16_10_false_s_fu_98 |  p9  |   2  |  32  |   64   ||    9    |
| grp_xFLKOpticalFlowDenseKernel_unsigned_short_1080_unsigned_short_1920_5_50_11_16_10_false_s_fu_98 |  p10 |   2  |   1  |    2   ||    9    |
| grp_xFLKOpticalFlowDenseKernel_unsigned_short_1080_unsigned_short_1920_5_50_11_16_10_false_s_fu_98 |  p11 |   2  |  32  |   64   ||    9    |
| grp_xFLKOpticalFlowDenseKernel_unsigned_short_1080_unsigned_short_1920_5_50_11_16_10_false_s_fu_98 |  p12 |   2  |   1  |    2   ||    9    |
|----------------------------------------------------------------------------------------------------|------|------|------|--------||---------||---------|
|                                                Total                                               |      |      |      |   388  ||  5.248  ||    72   |
|----------------------------------------------------------------------------------------------------|------|------|------|--------||---------||---------|



* Summary:
+-----------+--------+--------+--------+--------+--------+
|           |  BRAM  |   DSP  |  Delay |   FF   |   LUT  |
+-----------+--------+--------+--------+--------+--------+
|  Function |   150  |   79   |   257  |  20202 |  39227 |
|   Memory  |    -   |    -   |    -   |    -   |    -   |
|Multiplexer|    -   |    -   |    5   |    -   |   72   |
|  Register |    -   |    -   |    -   |   194  |    -   |
+-----------+--------+--------+--------+--------+--------+
|   Total   |   150  |   79   |   262  |  20396 |  39299 |
+-----------+--------+--------+--------+--------+--------+
