

================================================================
== Vitis HLS Report for 'process_unsigned_short_1080_unsigned_short_1920_16_10_45_22_48_16_17_1_s'
================================================================
* Date:           Thu Mar 25 14:59:27 2021

* Version:        2020.1.1 (Build 2960000 on Wed Aug 05 23:18:37 MDT 2020)
* Project:        pyr_dense_optical_flow_accel
* Solution:       solution (Vitis Kernel Flow Target)
* Product family: zynquplus
* Target device:  xczu7ev-ffvc1156-2-e


================================================================
== Performance Estimates
================================================================
+ Timing: 
    * Summary: 
    +--------+---------+----------+------------+
    |  Clock |  Target | Estimated| Uncertainty|
    +--------+---------+----------+------------+
    |ap_clk  | 6.67 ns | 5.113 ns |   1.80 ns  |
    +--------+---------+----------+------------+

+ Latency: 
    * Summary: 
    +---------+---------+-----------+-----------+-----+------+---------+
    |  Latency (cycles) |   Latency (absolute)  |  Interval  | Pipeline|
    |   min   |   max   |    min    |    max    | min |  max |   Type  |
    +---------+---------+-----------+-----------+-----+------+---------+
    |       13|     1932| 86.671 ns | 12.881 us |   13|  1932|   none  |
    +---------+---------+-----------+-----------+-----+------+---------+

    + Detail: 
        * Instance: 
        N/A

        * Loop: 
        +----------+---------+---------+----------+-----------+-----------+----------+----------+
        |          |  Latency (cycles) | Iteration|  Initiation Interval  |   Trip   |          |
        | Loop Name|   min   |   max   |  Latency |  achieved |   target  |   Count  | Pipelined|
        +----------+---------+---------+----------+-----------+-----------+----------+----------+
        |- L3      |        8|     1927|         9|          1|          1| 1 ~ 1920 |    yes   |
        +----------+---------+---------+----------+-----------+-----------+----------+----------+

============================================================
+ Verbose Summary: Synthesis Manager
============================================================
InlineROM: 1
ExposeGlobal: 0
============================================================
+ Verbose Summary: CDFG Model
============================================================
IsTopModel: 0
ResetActiveHigh: 1
IsCombinational: 0
IsDatapathOnly: 0
HasWiredReturn: 1
HasMFsm: 0
HasVarLatency: 1
IsPipeline: 0
IsRtlPipelined: 0
IsInstanceOverlapped: 0
IsDontTouch: 0
HasImplIP: 0
IsGatedGlobalClock: 0

+ Individual pipeline summary: 
  * Pipeline-0: initiation interval (II) = 1, depth = 9


============================================================
+ Verbose Summary: Schedule
============================================================
* Number of FSM states : 14
* Pipeline : 1
  Pipeline-0 : II = 1, D = 9, States = { 5 6 7 8 9 10 11 12 13 }
* Dataflow Pipeline: 0

* FSM state transitions: 
1 --> 2 
2 --> 3 
3 --> 4 
4 --> 5 
5 --> 14 6 
6 --> 7 
7 --> 8 
8 --> 9 
9 --> 10 
10 --> 11 
11 --> 12 
12 --> 13 
13 --> 5 
14 --> 

* FSM state operations: 

State 1 <SV = 0> <Delay = 1.94>
ST_1 : Operation 15 [1/1] (0.00ns)   --->   "%empty = alloca i32"   --->   Operation 15 'alloca' 'empty' <Predicate = true> <Delay = 0.00>
ST_1 : Operation 16 [1/1] (0.00ns)   --->   "%empty_180 = alloca i32"   --->   Operation 16 'alloca' 'empty_180' <Predicate = true> <Delay = 0.00>
ST_1 : Operation 17 [1/1] (0.00ns)   --->   "%empty_181 = alloca i32"   --->   Operation 17 'alloca' 'empty_181' <Predicate = true> <Delay = 0.00>
ST_1 : Operation 18 [1/1] (0.00ns)   --->   "%empty_182 = alloca i32"   --->   Operation 18 'alloca' 'empty_182' <Predicate = true> <Delay = 0.00>
ST_1 : Operation 19 [1/1] (0.00ns)   --->   "%prevJceil = alloca i32"   --->   Operation 19 'alloca' 'prevJceil' <Predicate = true> <Delay = 0.00>
ST_1 : Operation 20 [1/1] (0.00ns)   --->   "%bufCount = alloca i32"   --->   Operation 20 'alloca' 'bufCount' <Predicate = true> <Delay = 0.00>
ST_1 : Operation 21 [1/1] (0.00ns)   --->   "%scaleI_read = read i17 @_ssdm_op_Read.ap_auto.i17, i17 %scaleI"   --->   Operation 21 'read' 'scaleI_read' <Predicate = true> <Delay = 0.00>
ST_1 : Operation 22 [1/1] (0.00ns)   --->   "%row_read = read i17 @_ssdm_op_Read.ap_auto.i17, i17 %row"   --->   Operation 22 'read' 'row_read' <Predicate = true> <Delay = 0.00>
ST_1 : Operation 23 [1/1] (0.00ns)   --->   "%outRows_read = read i16 @_ssdm_op_Read.ap_auto.i16, i16 %outRows"   --->   Operation 23 'read' 'outRows_read' <Predicate = true> <Delay = 0.00>
ST_1 : Operation 24 [1/1] (0.00ns)   --->   "%scaleI_cast = zext i17 %scaleI_read"   --->   Operation 24 'zext' 'scaleI_cast' <Predicate = true> <Delay = 0.00>
ST_1 : Operation 25 [1/1] (1.09ns)   --->   "%cmp = icmp_eq  i17 %row_read, i17"   --->   Operation 25 'icmp' 'cmp' <Predicate = true> <Delay = 1.09> <CoreInst = "Cmp">   --->   Core 10 'Cmp' <Latency = 0> <II = 1> <Delay = 1.09> <FuncUnit> <Opcode : 'icmp'> <InPorts = 2> <OutPorts = 1>
ST_1 : Operation 26 [1/1] (0.00ns)   --->   "%outRows_cast = zext i16 %outRows_read"   --->   Operation 26 'zext' 'outRows_cast' <Predicate = true> <Delay = 0.00>
ST_1 : Operation 27 [1/1] (0.85ns)   --->   "%sub41 = add i17, i17 %outRows_cast"   --->   Operation 27 'add' 'sub41' <Predicate = true> <Delay = 0.85> <CoreInst = "Adder">   --->   Core 1 'Adder' <Latency = 0> <II = 1> <Delay = 0.85> <FuncUnit> <Opcode : 'add' 'sub'> <InPorts = 2> <OutPorts = 1>
ST_1 : Operation 28 [1/1] (1.09ns)   --->   "%cmp42 = icmp_sgt  i17 %sub41, i17 %row_read"   --->   Operation 28 'icmp' 'cmp42' <Predicate = true> <Delay = 1.09> <CoreInst = "Cmp">   --->   Core 10 'Cmp' <Latency = 0> <II = 1> <Delay = 1.09> <FuncUnit> <Opcode : 'icmp'> <InPorts = 2> <OutPorts = 1>
ST_1 : Operation 29 [1/1] (0.00ns)   --->   "%row_cast = sext i17 %row_read"   --->   Operation 29 'sext' 'row_cast' <Predicate = true> <Delay = 0.00>
ST_1 : Operation 30 [4/4] (0.53ns) (root node of the DSP)   --->   "%p_Val2_634 = mul i34 %row_cast, i34 %scaleI_cast"   --->   Operation 30 'mul' 'p_Val2_634' <Predicate = true> <Delay = 0.53> <CoreInst = "DSP48">   --->   Core 71 'DSP48' <Latency = 3> <II = 1> <Delay = 0.53> <IPBlock> <Opcode : 'mul' 'add' 'sub' 'select'> <InPorts = 2> <OutPorts = 1> <Sync> <CReg>
ST_1 : Operation 31 [1/1] (0.77ns)   --->   "%store_ln114 = store i32, i32 %bufCount" [/tools/Xilinx/Vitis/2020.1/workspace/test_fast/libs/xf_opencv/L1/include/video/xf_pyr_dense_optical_flow_scale.hpp:114]   --->   Operation 31 'store' 'store_ln114' <Predicate = true> <Delay = 0.77>
ST_1 : Operation 32 [1/1] (0.71ns)   --->   "%store_ln114 = store i32, i32 %prevJceil" [/tools/Xilinx/Vitis/2020.1/workspace/test_fast/libs/xf_opencv/L1/include/video/xf_pyr_dense_optical_flow_scale.hpp:114]   --->   Operation 32 'store' 'store_ln114' <Predicate = true> <Delay = 0.71>
ST_1 : Operation 33 [1/1] (0.69ns)   --->   "%store_ln114 = store i16, i16 %empty_182" [/tools/Xilinx/Vitis/2020.1/workspace/test_fast/libs/xf_opencv/L1/include/video/xf_pyr_dense_optical_flow_scale.hpp:114]   --->   Operation 33 'store' 'store_ln114' <Predicate = true> <Delay = 0.69>
ST_1 : Operation 34 [1/1] (0.80ns)   --->   "%store_ln114 = store i16, i16 %empty_181" [/tools/Xilinx/Vitis/2020.1/workspace/test_fast/libs/xf_opencv/L1/include/video/xf_pyr_dense_optical_flow_scale.hpp:114]   --->   Operation 34 'store' 'store_ln114' <Predicate = true> <Delay = 0.80>
ST_1 : Operation 35 [1/1] (0.65ns)   --->   "%store_ln114 = store i16, i16 %empty_180" [/tools/Xilinx/Vitis/2020.1/workspace/test_fast/libs/xf_opencv/L1/include/video/xf_pyr_dense_optical_flow_scale.hpp:114]   --->   Operation 35 'store' 'store_ln114' <Predicate = true> <Delay = 0.65>
ST_1 : Operation 36 [1/1] (0.69ns)   --->   "%store_ln114 = store i16, i16 %empty" [/tools/Xilinx/Vitis/2020.1/workspace/test_fast/libs/xf_opencv/L1/include/video/xf_pyr_dense_optical_flow_scale.hpp:114]   --->   Operation 36 'store' 'store_ln114' <Predicate = true> <Delay = 0.69>

State 2 <SV = 1> <Delay = 0.53>
ST_2 : Operation 37 [3/4] (0.53ns) (root node of the DSP)   --->   "%p_Val2_634 = mul i34 %row_cast, i34 %scaleI_cast"   --->   Operation 37 'mul' 'p_Val2_634' <Predicate = true> <Delay = 0.53> <CoreInst = "DSP48">   --->   Core 71 'DSP48' <Latency = 3> <II = 1> <Delay = 0.53> <IPBlock> <Opcode : 'mul' 'add' 'sub' 'select'> <InPorts = 2> <OutPorts = 1> <Sync> <CReg>

State 3 <SV = 2> <Delay = 0.53>
ST_3 : Operation 38 [2/4] (0.53ns) (root node of the DSP)   --->   "%p_Val2_634 = mul i34 %row_cast, i34 %scaleI_cast"   --->   Operation 38 'mul' 'p_Val2_634' <Predicate = true> <Delay = 0.53> <CoreInst = "DSP48">   --->   Core 71 'DSP48' <Latency = 3> <II = 1> <Delay = 0.53> <IPBlock> <Opcode : 'mul' 'add' 'sub' 'select'> <InPorts = 2> <OutPorts = 1> <Sync> <CReg>

State 4 <SV = 3> <Delay = 0.65>
ST_4 : Operation 39 [1/1] (0.00ns)   --->   "%scaleJ_read = read i17 @_ssdm_op_Read.ap_auto.i17, i17 %scaleJ"   --->   Operation 39 'read' 'scaleJ_read' <Predicate = true> <Delay = 0.00>
ST_4 : Operation 40 [1/1] (0.00ns)   --->   "%flagLoaded_read = read i1 @_ssdm_op_Read.ap_auto.i1, i1 %flagLoaded"   --->   Operation 40 'read' 'flagLoaded_read' <Predicate = true> <Delay = 0.00>
ST_4 : Operation 41 [1/1] (0.00ns)   --->   "%outCols_read = read i16 @_ssdm_op_Read.ap_auto.i16, i16 %outCols"   --->   Operation 41 'read' 'outCols_read' <Predicate = true> <Delay = 0.00>
ST_4 : Operation 42 [1/1] (0.00ns)   --->   "%specinterface_ln0 = specinterface void @_ssdm_op_SpecInterface, i16 %strmFlowU_scaled17, void @empty_35, i32, i32, void @empty_25, i32, i32, void @empty_25, void @empty_25, void @empty_25, i32, i32, i32, i32, void @empty_25, void @empty_25"   --->   Operation 42 'specinterface' 'specinterface_ln0' <Predicate = true> <Delay = 0.00>
ST_4 : Operation 43 [1/1] (0.00ns)   --->   "%conv7_i_i463 = zext i17 %scaleJ_read"   --->   Operation 43 'zext' 'conv7_i_i463' <Predicate = true> <Delay = 0.00>
ST_4 : Operation 44 [1/4] (0.00ns) (root node of the DSP)   --->   "%p_Val2_634 = mul i34 %row_cast, i34 %scaleI_cast"   --->   Operation 44 'mul' 'p_Val2_634' <Predicate = true> <Delay = 0.00> <CoreInst = "DSP48">   --->   Core 71 'DSP48' <Latency = 3> <II = 1> <Delay = 0.53> <IPBlock> <Opcode : 'mul' 'add' 'sub' 'select'> <InPorts = 2> <OutPorts = 1> <Sync> <CReg>
ST_4 : Operation 45 [1/1] (0.00ns)   --->   "%empty_183 = trunc i34 %p_Val2_634"   --->   Operation 45 'trunc' 'empty_183' <Predicate = true> <Delay = 0.00>
ST_4 : Operation 46 [1/1] (0.00ns)   --->   "%p_Val2_1 = bitconcatenate i24 @_ssdm_op_BitConcatenate.i24.i17.i7, i17 %empty_183, i7"   --->   Operation 46 'bitconcatenate' 'p_Val2_1' <Predicate = true> <Delay = 0.00>
ST_4 : Operation 47 [1/1] (0.00ns)   --->   "%tmp = bitselect i1 @_ssdm_op_BitSelect.i1.i34.i32, i34 %p_Val2_634, i32"   --->   Operation 47 'bitselect' 'tmp' <Predicate = true> <Delay = 0.00>
ST_4 : Operation 48 [1/1] (0.65ns)   --->   "%br_ln114 = br void" [/tools/Xilinx/Vitis/2020.1/workspace/test_fast/libs/xf_opencv/L1/include/video/xf_pyr_dense_optical_flow_scale.hpp:114]   --->   Operation 48 'br' 'br_ln114' <Predicate = true> <Delay = 0.65>

State 5 <SV = 4> <Delay = 5.11>
ST_5 : Operation 49 [1/1] (0.00ns)   --->   "%empty_184 = phi i16, void %_ZN8ap_fixedILi16ELi10EL9ap_q_mode5EL9ap_o_mode3ELi0EEC2Ei.exit, i16 %add_ln695, void %_ZN8ap_fixedILi45ELi22EL9ap_q_mode5EL9ap_o_mode3ELi0EEC2Ei.exit136"   --->   Operation 49 'phi' 'empty_184' <Predicate = true> <Delay = 0.00>
ST_5 : Operation 50 [1/1] (0.00ns)   --->   "%phi_mul = phi i33, void %_ZN8ap_fixedILi16ELi10EL9ap_q_mode5EL9ap_o_mode3ELi0EEC2Ei.exit, i33 %add_ln1118, void %_ZN8ap_fixedILi45ELi22EL9ap_q_mode5EL9ap_o_mode3ELi0EEC2Ei.exit136"   --->   Operation 50 'phi' 'phi_mul' <Predicate = true> <Delay = 0.00>
ST_5 : Operation 51 [1/1] (1.10ns)   --->   "%icmp_ln114 = icmp_eq  i16 %empty_184, i16 %outCols_read" [/tools/Xilinx/Vitis/2020.1/workspace/test_fast/libs/xf_opencv/L1/include/video/xf_pyr_dense_optical_flow_scale.hpp:114]   --->   Operation 51 'icmp' 'icmp_ln114' <Predicate = true> <Delay = 1.10> <CoreInst = "Cmp">   --->   Core 10 'Cmp' <Latency = 0> <II = 1> <Delay = 1.09> <FuncUnit> <Opcode : 'icmp'> <InPorts = 2> <OutPorts = 1>
ST_5 : Operation 52 [1/1] (0.85ns)   --->   "%add_ln695 = add i16 %empty_184, i16"   --->   Operation 52 'add' 'add_ln695' <Predicate = true> <Delay = 0.85> <CoreInst = "Adder">   --->   Core 1 'Adder' <Latency = 0> <II = 1> <Delay = 0.85> <FuncUnit> <Opcode : 'add' 'sub'> <InPorts = 2> <OutPorts = 1>
ST_5 : Operation 53 [1/1] (0.00ns)   --->   "%br_ln114 = br i1 %icmp_ln114, void %_ZmlILi17ELi1ELb0EL9ap_q_mode5EL9ap_o_mode3ELi0ELi16ELb0EEN13ap_fixed_baseIXT5_EXT5_EXT6_ELS0_5ELS1_3ELi0EE5RTypeIXT_EXT0_EXT1_EE4multERK11ap_int_baseIXT5_EXT6_EERKS2_IXT_EXT0_EXT1_EXT2_EXT3_EXT4_EE.exit_ifconv, void" [/tools/Xilinx/Vitis/2020.1/workspace/test_fast/libs/xf_opencv/L1/include/video/xf_pyr_dense_optical_flow_scale.hpp:114]   --->   Operation 53 'br' 'br_ln114' <Predicate = true> <Delay = 0.00>
ST_5 : Operation 54 [1/1] (1.01ns)   --->   "%add_ln1118 = add i33 %conv7_i_i463, i33 %phi_mul"   --->   Operation 54 'add' 'add_ln1118' <Predicate = (!icmp_ln114)> <Delay = 1.01> <CoreInst = "Adder">   --->   Core 1 'Adder' <Latency = 0> <II = 1> <Delay = 0.85> <FuncUnit> <Opcode : 'add' 'sub'> <InPorts = 2> <OutPorts = 1>
ST_5 : Operation 55 [1/1] (0.00ns)   --->   "%trunc_ln728 = trunc i33 %phi_mul"   --->   Operation 55 'trunc' 'trunc_ln728' <Predicate = (!icmp_ln114)> <Delay = 0.00>
ST_5 : Operation 56 [1/1] (0.00ns)   --->   "%jSmallFloor = partselect i17 @_ssdm_op_PartSelect.i17.i33.i32.i32, i33 %phi_mul, i32, i32"   --->   Operation 56 'partselect' 'jSmallFloor' <Predicate = (!icmp_ln114)> <Delay = 0.00>
ST_5 : Operation 57 [1/1] (0.00ns)   --->   "%zext_ln549 = zext i17 %jSmallFloor"   --->   Operation 57 'zext' 'zext_ln549' <Predicate = (!icmp_ln114)> <Delay = 0.00>
ST_5 : Operation 58 [1/1] (0.00ns)   --->   "%tmp_4 = bitselect i1 @_ssdm_op_BitSelect.i1.i33.i32, i33 %phi_mul, i32"   --->   Operation 58 'bitselect' 'tmp_4' <Predicate = (!icmp_ln114)> <Delay = 0.00>
ST_5 : Operation 59 [1/1] (1.10ns)   --->   "%icmp_ln874 = icmp_eq  i16 %empty_184, i16"   --->   Operation 59 'icmp' 'icmp_ln874' <Predicate = (!icmp_ln114)> <Delay = 1.10> <CoreInst = "Cmp">   --->   Core 10 'Cmp' <Latency = 0> <II = 1> <Delay = 1.09> <FuncUnit> <Opcode : 'icmp'> <InPorts = 2> <OutPorts = 1>
ST_5 : Operation 60 [1/1] (0.00ns)   --->   "%br_ln136 = br i1 %cmp, void, void %_ZN8ap_fixedILi45ELi22EL9ap_q_mode5EL9ap_o_mode3ELi0EEC2Ei.exit320" [/tools/Xilinx/Vitis/2020.1/workspace/test_fast/libs/xf_opencv/L1/include/video/xf_pyr_dense_optical_flow_scale.hpp:136]   --->   Operation 60 'br' 'br_ln136' <Predicate = (!icmp_ln114)> <Delay = 0.00>
ST_5 : Operation 61 [1/1] (0.00ns)   --->   "%br_ln169 = br i1 %cmp42, void, void" [/tools/Xilinx/Vitis/2020.1/workspace/test_fast/libs/xf_opencv/L1/include/video/xf_pyr_dense_optical_flow_scale.hpp:169]   --->   Operation 61 'br' 'br_ln169' <Predicate = (!icmp_ln114 & !cmp)> <Delay = 0.00>
ST_5 : Operation 62 [1/1] (0.00ns)   --->   "%br_ln214 = br i1 %icmp_ln874, void, void %_ZN8ap_fixedILi45ELi22EL9ap_q_mode5EL9ap_o_mode3ELi0EEC2Ei.exit113" [/tools/Xilinx/Vitis/2020.1/workspace/test_fast/libs/xf_opencv/L1/include/video/xf_pyr_dense_optical_flow_scale.hpp:214]   --->   Operation 62 'br' 'br_ln214' <Predicate = (!icmp_ln114 & !cmp & !cmp42)> <Delay = 0.00>
ST_5 : Operation 63 [1/1] (0.00ns)   --->   "%prevJceil_load_2 = load i32 %prevJceil, void %store_ln114" [/tools/Xilinx/Vitis/2020.1/workspace/test_fast/libs/xf_opencv/L1/include/video/xf_pyr_dense_optical_flow_scale.hpp:221]   --->   Operation 63 'load' 'prevJceil_load_2' <Predicate = (!icmp_ln114 & !cmp & !cmp42 & !icmp_ln874)> <Delay = 0.00>
ST_5 : Operation 64 [1/1] (0.99ns)   --->   "%icmp_ln221 = icmp_eq  i32 %prevJceil_load_2, i32 %zext_ln549" [/tools/Xilinx/Vitis/2020.1/workspace/test_fast/libs/xf_opencv/L1/include/video/xf_pyr_dense_optical_flow_scale.hpp:221]   --->   Operation 64 'icmp' 'icmp_ln221' <Predicate = (!icmp_ln114 & !cmp & !cmp42 & !icmp_ln874)> <Delay = 0.99> <CoreInst = "Cmp">   --->   Core 10 'Cmp' <Latency = 0> <II = 1> <Delay = 1.09> <FuncUnit> <Opcode : 'icmp'> <InPorts = 2> <OutPorts = 1>
ST_5 : Operation 65 [1/1] (0.00ns)   --->   "%bufCount_load_5 = load i32 %bufCount, void %store_ln114" [/tools/Xilinx/Vitis/2020.1/workspace/test_fast/libs/xf_opencv/L1/include/video/xf_pyr_dense_optical_flow_scale.hpp:225]   --->   Operation 65 'load' 'bufCount_load_5' <Predicate = (!icmp_ln114 & !cmp & !cmp42 & !icmp_ln874 & icmp_ln221)> <Delay = 0.00>
ST_5 : Operation 66 [1/1] (0.00ns)   --->   "%zext_ln223 = zext i32 %bufCount_load_5" [/tools/Xilinx/Vitis/2020.1/workspace/test_fast/libs/xf_opencv/L1/include/video/xf_pyr_dense_optical_flow_scale.hpp:223]   --->   Operation 66 'zext' 'zext_ln223' <Predicate = (!icmp_ln114 & !cmp & !cmp42 & !icmp_ln874 & icmp_ln221)> <Delay = 0.00>
ST_5 : Operation 67 [1/1] (0.00ns)   --->   "%buffer1_addr_5 = getelementptr i16 %buffer1, i64, i64 %zext_ln223" [/tools/Xilinx/Vitis/2020.1/workspace/test_fast/libs/xf_opencv/L1/include/video/xf_pyr_dense_optical_flow_scale.hpp:223]   --->   Operation 67 'getelementptr' 'buffer1_addr_5' <Predicate = (!icmp_ln114 & !cmp & !cmp42 & !icmp_ln874 & icmp_ln221)> <Delay = 0.00>
ST_5 : Operation 68 [2/2] (1.23ns)   --->   "%buffer1_load_3 = load i11 %buffer1_addr_5" [/tools/Xilinx/Vitis/2020.1/workspace/test_fast/libs/xf_opencv/L1/include/video/xf_pyr_dense_optical_flow_scale.hpp:223]   --->   Operation 68 'load' 'buffer1_load_3' <Predicate = (!icmp_ln114 & !cmp & !cmp42 & !icmp_ln874 & icmp_ln221)> <Delay = 1.23> <CoreInst = "RAM">   --->   Core 23 'RAM' <Latency = 1> <II = 1> <Delay = 1.23> <Storage> <Opcode : 'load' 'store'> <Ports = 2> <Width = 16> <Depth = 1920> <RAM>
ST_5 : Operation 69 [1/1] (1.01ns)   --->   "%bufCount_5 = add i32 %bufCount_load_5, i32" [/tools/Xilinx/Vitis/2020.1/workspace/test_fast/libs/xf_opencv/L1/include/video/xf_pyr_dense_optical_flow_scale.hpp:225]   --->   Operation 69 'add' 'bufCount_5' <Predicate = (!icmp_ln114 & !cmp & !cmp42 & !icmp_ln874 & icmp_ln221)> <Delay = 1.01> <CoreInst = "Adder">   --->   Core 1 'Adder' <Latency = 0> <II = 1> <Delay = 0.85> <FuncUnit> <Opcode : 'add' 'sub'> <InPorts = 2> <OutPorts = 1>
ST_5 : Operation 70 [1/1] (1.01ns)   --->   "%prevJceil_2 = add i32 %prevJceil_load_2, i32" [/tools/Xilinx/Vitis/2020.1/workspace/test_fast/libs/xf_opencv/L1/include/video/xf_pyr_dense_optical_flow_scale.hpp:226]   --->   Operation 70 'add' 'prevJceil_2' <Predicate = (!icmp_ln114 & !cmp & !cmp42 & !icmp_ln874 & icmp_ln221)> <Delay = 1.01> <CoreInst = "Adder">   --->   Core 1 'Adder' <Latency = 0> <II = 1> <Delay = 0.85> <FuncUnit> <Opcode : 'add' 'sub'> <InPorts = 2> <OutPorts = 1>
ST_5 : Operation 71 [1/1] (0.77ns)   --->   "%store_ln227 = store i32 %bufCount_5, i32 %bufCount, i32 %bufCount_load_5, void %store_ln114" [/tools/Xilinx/Vitis/2020.1/workspace/test_fast/libs/xf_opencv/L1/include/video/xf_pyr_dense_optical_flow_scale.hpp:227]   --->   Operation 71 'store' 'store_ln227' <Predicate = (!icmp_ln114 & !cmp & !cmp42 & !icmp_ln874 & icmp_ln221)> <Delay = 0.77>
ST_5 : Operation 72 [1/1] (0.71ns)   --->   "%store_ln227 = store i32 %prevJceil_2, i32 %prevJceil, void %store_ln114, i32 %prevJceil_load_2" [/tools/Xilinx/Vitis/2020.1/workspace/test_fast/libs/xf_opencv/L1/include/video/xf_pyr_dense_optical_flow_scale.hpp:227]   --->   Operation 72 'store' 'store_ln227' <Predicate = (!icmp_ln114 & !cmp & !cmp42 & !icmp_ln874 & icmp_ln221)> <Delay = 0.71>
ST_5 : Operation 73 [1/1] (0.00ns)   --->   "%bufCount_load_3 = load i32 %bufCount, void %store_ln114" [/tools/Xilinx/Vitis/2020.1/workspace/test_fast/libs/xf_opencv/L1/include/video/xf_pyr_dense_optical_flow_scale.hpp:218]   --->   Operation 73 'load' 'bufCount_load_3' <Predicate = (!icmp_ln114 & !cmp & !cmp42 & icmp_ln874)> <Delay = 0.00>
ST_5 : Operation 74 [1/1] (0.00ns)   --->   "%zext_ln215 = zext i32 %bufCount_load_3" [/tools/Xilinx/Vitis/2020.1/workspace/test_fast/libs/xf_opencv/L1/include/video/xf_pyr_dense_optical_flow_scale.hpp:215]   --->   Operation 74 'zext' 'zext_ln215' <Predicate = (!icmp_ln114 & !cmp & !cmp42 & icmp_ln874)> <Delay = 0.00>
ST_5 : Operation 75 [1/1] (0.00ns)   --->   "%buffer1_addr_3 = getelementptr i16 %buffer1, i64, i64 %zext_ln215"   --->   Operation 75 'getelementptr' 'buffer1_addr_3' <Predicate = (!icmp_ln114 & !cmp & !cmp42 & icmp_ln874)> <Delay = 0.00>
ST_5 : Operation 76 [2/2] (1.23ns)   --->   "%buffer1_load = load i11 %buffer1_addr_3"   --->   Operation 76 'load' 'buffer1_load' <Predicate = (!icmp_ln114 & !cmp & !cmp42 & icmp_ln874)> <Delay = 1.23> <CoreInst = "RAM">   --->   Core 23 'RAM' <Latency = 1> <II = 1> <Delay = 1.23> <Storage> <Opcode : 'load' 'store'> <Ports = 2> <Width = 16> <Depth = 1920> <RAM>
ST_5 : Operation 77 [1/1] (1.01ns)   --->   "%bufCount_3 = add i32 %bufCount_load_3, i32" [/tools/Xilinx/Vitis/2020.1/workspace/test_fast/libs/xf_opencv/L1/include/video/xf_pyr_dense_optical_flow_scale.hpp:218]   --->   Operation 77 'add' 'bufCount_3' <Predicate = (!icmp_ln114 & !cmp & !cmp42 & icmp_ln874)> <Delay = 1.01> <CoreInst = "Adder">   --->   Core 1 'Adder' <Latency = 0> <II = 1> <Delay = 0.85> <FuncUnit> <Opcode : 'add' 'sub'> <InPorts = 2> <OutPorts = 1>
ST_5 : Operation 78 [1/1] (0.77ns)   --->   "%store_ln220 = store i32 %bufCount_3, i32 %bufCount, i32 %bufCount_load_3, void %store_ln114" [/tools/Xilinx/Vitis/2020.1/workspace/test_fast/libs/xf_opencv/L1/include/video/xf_pyr_dense_optical_flow_scale.hpp:220]   --->   Operation 78 'store' 'store_ln220' <Predicate = (!icmp_ln114 & !cmp & !cmp42 & icmp_ln874)> <Delay = 0.77>
ST_5 : Operation 79 [1/1] (0.71ns)   --->   "%store_ln220 = store i32, i32 %prevJceil, void %store_ln114" [/tools/Xilinx/Vitis/2020.1/workspace/test_fast/libs/xf_opencv/L1/include/video/xf_pyr_dense_optical_flow_scale.hpp:220]   --->   Operation 79 'store' 'store_ln220' <Predicate = (!icmp_ln114 & !cmp & !cmp42 & icmp_ln874)> <Delay = 0.71>
ST_5 : Operation 80 [1/1] (0.65ns)   --->   "%br_ln220 = br void %_ZN8ap_fixedILi45ELi22EL9ap_q_mode5EL9ap_o_mode3ELi0EEC2Ei.exit136" [/tools/Xilinx/Vitis/2020.1/workspace/test_fast/libs/xf_opencv/L1/include/video/xf_pyr_dense_optical_flow_scale.hpp:220]   --->   Operation 80 'br' 'br_ln220' <Predicate = (!icmp_ln114 & !cmp & !cmp42 & icmp_ln874)> <Delay = 0.65>
ST_5 : Operation 81 [1/1] (0.00ns)   --->   "%br_ln170 = br i1 %icmp_ln874, void, void %_ZN8ap_fixedILi45ELi22EL9ap_q_mode5EL9ap_o_mode3ELi0EEC2Ei.exit186" [/tools/Xilinx/Vitis/2020.1/workspace/test_fast/libs/xf_opencv/L1/include/video/xf_pyr_dense_optical_flow_scale.hpp:170]   --->   Operation 81 'br' 'br_ln170' <Predicate = (!icmp_ln114 & !cmp & cmp42)> <Delay = 0.00>
ST_5 : Operation 82 [1/1] (0.00ns)   --->   "%prevJceil_load_1 = load i32 %prevJceil, void %store_ln114" [/tools/Xilinx/Vitis/2020.1/workspace/test_fast/libs/xf_opencv/L1/include/video/xf_pyr_dense_optical_flow_scale.hpp:189]   --->   Operation 82 'load' 'prevJceil_load_1' <Predicate = (!icmp_ln114 & !cmp & cmp42 & !icmp_ln874)> <Delay = 0.00>
ST_5 : Operation 83 [1/1] (0.99ns)   --->   "%icmp_ln189 = icmp_eq  i32 %prevJceil_load_1, i32 %zext_ln549" [/tools/Xilinx/Vitis/2020.1/workspace/test_fast/libs/xf_opencv/L1/include/video/xf_pyr_dense_optical_flow_scale.hpp:189]   --->   Operation 83 'icmp' 'icmp_ln189' <Predicate = (!icmp_ln114 & !cmp & cmp42 & !icmp_ln874)> <Delay = 0.99> <CoreInst = "Cmp">   --->   Core 10 'Cmp' <Latency = 0> <II = 1> <Delay = 1.09> <FuncUnit> <Opcode : 'icmp'> <InPorts = 2> <OutPorts = 1>
ST_5 : Operation 84 [1/1] (0.00ns)   --->   "%bufCount_load_4 = load i32 %bufCount, void %store_ln114" [/tools/Xilinx/Vitis/2020.1/workspace/test_fast/libs/xf_opencv/L1/include/video/xf_pyr_dense_optical_flow_scale.hpp:199]   --->   Operation 84 'load' 'bufCount_load_4' <Predicate = (!icmp_ln114 & !cmp & cmp42 & !icmp_ln874 & icmp_ln189)> <Delay = 0.00>
ST_5 : Operation 85 [1/1] (0.00ns)   --->   "%idxprom81 = zext i32 %bufCount_load_4" [/tools/Xilinx/Vitis/2020.1/workspace/test_fast/libs/xf_opencv/L1/include/video/xf_pyr_dense_optical_flow_scale.hpp:199]   --->   Operation 85 'zext' 'idxprom81' <Predicate = (!icmp_ln114 & !cmp & cmp42 & !icmp_ln874 & icmp_ln189)> <Delay = 0.00>
ST_5 : Operation 86 [1/1] (0.00ns)   --->   "%buffer1_addr_4 = getelementptr i16 %buffer1, i64, i64 %idxprom81"   --->   Operation 86 'getelementptr' 'buffer1_addr_4' <Predicate = (!icmp_ln114 & !cmp & cmp42 & !icmp_ln874 & icmp_ln189)> <Delay = 0.00>
ST_5 : Operation 87 [1/1] (1.01ns)   --->   "%bufCount_6 = add i32 %bufCount_load_4, i32" [/tools/Xilinx/Vitis/2020.1/workspace/test_fast/libs/xf_opencv/L1/include/video/xf_pyr_dense_optical_flow_scale.hpp:199]   --->   Operation 87 'add' 'bufCount_6' <Predicate = (!icmp_ln114 & !cmp & cmp42 & !icmp_ln874 & icmp_ln189)> <Delay = 1.01> <CoreInst = "Adder">   --->   Core 1 'Adder' <Latency = 0> <II = 1> <Delay = 0.85> <FuncUnit> <Opcode : 'add' 'sub'> <InPorts = 2> <OutPorts = 1>
ST_5 : Operation 88 [1/1] (0.00ns)   --->   "%buffer_addr_1 = getelementptr i16 %buffer_r, i64, i64 %idxprom81"   --->   Operation 88 'getelementptr' 'buffer_addr_1' <Predicate = (!icmp_ln114 & !cmp & cmp42 & !icmp_ln874 & icmp_ln189)> <Delay = 0.00>
ST_5 : Operation 89 [1/1] (0.00ns)   --->   "%br_ln192 = br i1 %flagLoaded_read, void %bb187, void %bb186" [/tools/Xilinx/Vitis/2020.1/workspace/test_fast/libs/xf_opencv/L1/include/video/xf_pyr_dense_optical_flow_scale.hpp:192]   --->   Operation 89 'br' 'br_ln192' <Predicate = (!icmp_ln114 & !cmp & cmp42 & !icmp_ln874 & icmp_ln189)> <Delay = 0.00>
ST_5 : Operation 90 [2/2] (1.23ns)   --->   "%buffer_load_1 = load i11 %buffer_addr_1"   --->   Operation 90 'load' 'buffer_load_1' <Predicate = (!icmp_ln114 & !cmp & cmp42 & !icmp_ln874 & icmp_ln189 & !flagLoaded_read)> <Delay = 1.23> <CoreInst = "RAM">   --->   Core 23 'RAM' <Latency = 1> <II = 1> <Delay = 1.23> <Storage> <Opcode : 'load' 'store'> <Ports = 2> <Width = 16> <Depth = 1920> <RAM>
ST_5 : Operation 91 [2/2] (1.23ns)   --->   "%buffer1_load_5 = load i11 %buffer1_addr_4"   --->   Operation 91 'load' 'buffer1_load_5' <Predicate = (!icmp_ln114 & !cmp & cmp42 & !icmp_ln874 & icmp_ln189 & !flagLoaded_read)> <Delay = 1.23> <CoreInst = "RAM">   --->   Core 23 'RAM' <Latency = 1> <II = 1> <Delay = 1.23> <Storage> <Opcode : 'load' 'store'> <Ports = 2> <Width = 16> <Depth = 1920> <RAM>
ST_5 : Operation 92 [1/1] (0.00ns)   --->   "%buf_addr_3 = getelementptr i16 %buf_r, i64, i64 %idxprom81" [/tools/Xilinx/Vitis/2020.1/workspace/test_fast/libs/xf_opencv/L1/include/video/xf_pyr_dense_optical_flow_scale.hpp:193]   --->   Operation 92 'getelementptr' 'buf_addr_3' <Predicate = (!icmp_ln114 & !cmp & cmp42 & !icmp_ln874 & icmp_ln189 & flagLoaded_read)> <Delay = 0.00>
ST_5 : Operation 93 [2/2] (1.23ns)   --->   "%buf_load_3 = load i11 %buf_addr_3" [/tools/Xilinx/Vitis/2020.1/workspace/test_fast/libs/xf_opencv/L1/include/video/xf_pyr_dense_optical_flow_scale.hpp:193]   --->   Operation 93 'load' 'buf_load_3' <Predicate = (!icmp_ln114 & !cmp & cmp42 & !icmp_ln874 & icmp_ln189 & flagLoaded_read)> <Delay = 1.23> <CoreInst = "RAM">   --->   Core 23 'RAM' <Latency = 1> <II = 1> <Delay = 1.23> <Storage> <Opcode : 'load' 'store'> <Ports = 2> <Width = 16> <Depth = 1920> <RAM>
ST_5 : Operation 94 [2/2] (1.23ns)   --->   "%buffer1_load_4 = load i11 %buffer1_addr_4" [/tools/Xilinx/Vitis/2020.1/workspace/test_fast/libs/xf_opencv/L1/include/video/xf_pyr_dense_optical_flow_scale.hpp:194]   --->   Operation 94 'load' 'buffer1_load_4' <Predicate = (!icmp_ln114 & !cmp & cmp42 & !icmp_ln874 & icmp_ln189 & flagLoaded_read)> <Delay = 1.23> <CoreInst = "RAM">   --->   Core 23 'RAM' <Latency = 1> <II = 1> <Delay = 1.23> <Storage> <Opcode : 'load' 'store'> <Ports = 2> <Width = 16> <Depth = 1920> <RAM>
ST_5 : Operation 95 [1/1] (0.00ns)   --->   "%prevJceil_load_3 = load i32 %prevJceil, void %store_ln114" [/tools/Xilinx/Vitis/2020.1/workspace/test_fast/libs/xf_opencv/L1/include/video/xf_pyr_dense_optical_flow_scale.hpp:205]   --->   Operation 95 'load' 'prevJceil_load_3' <Predicate = (!icmp_ln114 & !cmp & cmp42 & !icmp_ln874 & icmp_ln189)> <Delay = 0.00>
ST_5 : Operation 96 [1/1] (1.01ns)   --->   "%prevJceil_3 = add i32 %prevJceil_load_3, i32" [/tools/Xilinx/Vitis/2020.1/workspace/test_fast/libs/xf_opencv/L1/include/video/xf_pyr_dense_optical_flow_scale.hpp:205]   --->   Operation 96 'add' 'prevJceil_3' <Predicate = (!icmp_ln114 & !cmp & cmp42 & !icmp_ln874 & icmp_ln189)> <Delay = 1.01> <CoreInst = "Adder">   --->   Core 1 'Adder' <Latency = 0> <II = 1> <Delay = 0.85> <FuncUnit> <Opcode : 'add' 'sub'> <InPorts = 2> <OutPorts = 1>
ST_5 : Operation 97 [1/1] (0.77ns)   --->   "%store_ln206 = store i32 %bufCount_6, i32 %bufCount, void %store_ln114, i32 %bufCount_load_4" [/tools/Xilinx/Vitis/2020.1/workspace/test_fast/libs/xf_opencv/L1/include/video/xf_pyr_dense_optical_flow_scale.hpp:206]   --->   Operation 97 'store' 'store_ln206' <Predicate = (!icmp_ln114 & !cmp & cmp42 & !icmp_ln874 & icmp_ln189)> <Delay = 0.77>
ST_5 : Operation 98 [1/1] (0.71ns)   --->   "%store_ln206 = store i32 %prevJceil_3, i32 %prevJceil, i32 %prevJceil_load_3, void %store_ln114, i32 %prevJceil_load_1" [/tools/Xilinx/Vitis/2020.1/workspace/test_fast/libs/xf_opencv/L1/include/video/xf_pyr_dense_optical_flow_scale.hpp:206]   --->   Operation 98 'store' 'store_ln206' <Predicate = (!icmp_ln114 & !cmp & cmp42 & !icmp_ln874 & icmp_ln189)> <Delay = 0.71>
ST_5 : Operation 99 [1/1] (0.00ns)   --->   "%bufCount_load_2 = load i32 %bufCount, void %store_ln114" [/tools/Xilinx/Vitis/2020.1/workspace/test_fast/libs/xf_opencv/L1/include/video/xf_pyr_dense_optical_flow_scale.hpp:185]   --->   Operation 99 'load' 'bufCount_load_2' <Predicate = (!icmp_ln114 & !cmp & cmp42 & icmp_ln874)> <Delay = 0.00>
ST_5 : Operation 100 [1/1] (0.00ns)   --->   "%idxprom51 = zext i32 %bufCount_load_2" [/tools/Xilinx/Vitis/2020.1/workspace/test_fast/libs/xf_opencv/L1/include/video/xf_pyr_dense_optical_flow_scale.hpp:185]   --->   Operation 100 'zext' 'idxprom51' <Predicate = (!icmp_ln114 & !cmp & cmp42 & icmp_ln874)> <Delay = 0.00>
ST_5 : Operation 101 [1/1] (0.00ns)   --->   "%buffer1_addr_2 = getelementptr i16 %buffer1, i64, i64 %idxprom51"   --->   Operation 101 'getelementptr' 'buffer1_addr_2' <Predicate = (!icmp_ln114 & !cmp & cmp42 & icmp_ln874)> <Delay = 0.00>
ST_5 : Operation 102 [1/1] (1.01ns)   --->   "%bufCount_4 = add i32 %bufCount_load_2, i32" [/tools/Xilinx/Vitis/2020.1/workspace/test_fast/libs/xf_opencv/L1/include/video/xf_pyr_dense_optical_flow_scale.hpp:185]   --->   Operation 102 'add' 'bufCount_4' <Predicate = (!icmp_ln114 & !cmp & cmp42 & icmp_ln874)> <Delay = 1.01> <CoreInst = "Adder">   --->   Core 1 'Adder' <Latency = 0> <II = 1> <Delay = 0.85> <FuncUnit> <Opcode : 'add' 'sub'> <InPorts = 2> <OutPorts = 1>
ST_5 : Operation 103 [1/1] (0.00ns)   --->   "%buffer_addr = getelementptr i16 %buffer_r, i64, i64 %idxprom51"   --->   Operation 103 'getelementptr' 'buffer_addr' <Predicate = (!icmp_ln114 & !cmp & cmp42 & icmp_ln874)> <Delay = 0.00>
ST_5 : Operation 104 [1/1] (0.77ns)   --->   "%store_ln174 = store i32 %bufCount_4, i32 %bufCount, i32 %bufCount_load_2, void %store_ln114" [/tools/Xilinx/Vitis/2020.1/workspace/test_fast/libs/xf_opencv/L1/include/video/xf_pyr_dense_optical_flow_scale.hpp:174]   --->   Operation 104 'store' 'store_ln174' <Predicate = (!icmp_ln114 & !cmp & cmp42 & icmp_ln874)> <Delay = 0.77>
ST_5 : Operation 105 [1/1] (0.00ns)   --->   "%br_ln174 = br i1 %flagLoaded_read, void %bb185, void %bb184" [/tools/Xilinx/Vitis/2020.1/workspace/test_fast/libs/xf_opencv/L1/include/video/xf_pyr_dense_optical_flow_scale.hpp:174]   --->   Operation 105 'br' 'br_ln174' <Predicate = (!icmp_ln114 & !cmp & cmp42 & icmp_ln874)> <Delay = 0.00>
ST_5 : Operation 106 [2/2] (1.23ns)   --->   "%buffer_load = load i11 %buffer_addr"   --->   Operation 106 'load' 'buffer_load' <Predicate = (!icmp_ln114 & !cmp & cmp42 & icmp_ln874 & !flagLoaded_read)> <Delay = 1.23> <CoreInst = "RAM">   --->   Core 23 'RAM' <Latency = 1> <II = 1> <Delay = 1.23> <Storage> <Opcode : 'load' 'store'> <Ports = 2> <Width = 16> <Depth = 1920> <RAM>
ST_5 : Operation 107 [2/2] (1.23ns)   --->   "%buffer1_load_2 = load i11 %buffer1_addr_2"   --->   Operation 107 'load' 'buffer1_load_2' <Predicate = (!icmp_ln114 & !cmp & cmp42 & icmp_ln874 & !flagLoaded_read)> <Delay = 1.23> <CoreInst = "RAM">   --->   Core 23 'RAM' <Latency = 1> <II = 1> <Delay = 1.23> <Storage> <Opcode : 'load' 'store'> <Ports = 2> <Width = 16> <Depth = 1920> <RAM>
ST_5 : Operation 108 [1/1] (0.71ns)   --->   "%store_ln0 = store i32, i32 %prevJceil, void %store_ln114"   --->   Operation 108 'store' 'store_ln0' <Predicate = (!icmp_ln114 & !cmp & cmp42 & icmp_ln874 & !flagLoaded_read)> <Delay = 0.71>
ST_5 : Operation 109 [1/1] (0.00ns)   --->   "%buf_addr_2 = getelementptr i16 %buf_r, i64, i64 %idxprom51" [/tools/Xilinx/Vitis/2020.1/workspace/test_fast/libs/xf_opencv/L1/include/video/xf_pyr_dense_optical_flow_scale.hpp:175]   --->   Operation 109 'getelementptr' 'buf_addr_2' <Predicate = (!icmp_ln114 & !cmp & cmp42 & icmp_ln874 & flagLoaded_read)> <Delay = 0.00>
ST_5 : Operation 110 [2/2] (1.23ns)   --->   "%buf_load_2 = load i11 %buf_addr_2" [/tools/Xilinx/Vitis/2020.1/workspace/test_fast/libs/xf_opencv/L1/include/video/xf_pyr_dense_optical_flow_scale.hpp:175]   --->   Operation 110 'load' 'buf_load_2' <Predicate = (!icmp_ln114 & !cmp & cmp42 & icmp_ln874 & flagLoaded_read)> <Delay = 1.23> <CoreInst = "RAM">   --->   Core 23 'RAM' <Latency = 1> <II = 1> <Delay = 1.23> <Storage> <Opcode : 'load' 'store'> <Ports = 2> <Width = 16> <Depth = 1920> <RAM>
ST_5 : Operation 111 [2/2] (1.23ns)   --->   "%buffer1_load_1 = load i11 %buffer1_addr_2" [/tools/Xilinx/Vitis/2020.1/workspace/test_fast/libs/xf_opencv/L1/include/video/xf_pyr_dense_optical_flow_scale.hpp:176]   --->   Operation 111 'load' 'buffer1_load_1' <Predicate = (!icmp_ln114 & !cmp & cmp42 & icmp_ln874 & flagLoaded_read)> <Delay = 1.23> <CoreInst = "RAM">   --->   Core 23 'RAM' <Latency = 1> <II = 1> <Delay = 1.23> <Storage> <Opcode : 'load' 'store'> <Ports = 2> <Width = 16> <Depth = 1920> <RAM>
ST_5 : Operation 112 [1/1] (0.71ns)   --->   "%store_ln182 = store i32, i32 %prevJceil, void %store_ln114" [/tools/Xilinx/Vitis/2020.1/workspace/test_fast/libs/xf_opencv/L1/include/video/xf_pyr_dense_optical_flow_scale.hpp:182]   --->   Operation 112 'store' 'store_ln182' <Predicate = (!icmp_ln114 & !cmp & cmp42 & icmp_ln874 & flagLoaded_read)> <Delay = 0.71>
ST_5 : Operation 113 [1/1] (0.00ns)   --->   "%br_ln143 = br i1 %icmp_ln874, void, void %_ZN8ap_fixedILi45ELi22EL9ap_q_mode5EL9ap_o_mode3ELi0EEC2Ei.exit295" [/tools/Xilinx/Vitis/2020.1/workspace/test_fast/libs/xf_opencv/L1/include/video/xf_pyr_dense_optical_flow_scale.hpp:143]   --->   Operation 113 'br' 'br_ln143' <Predicate = (!icmp_ln114 & cmp)> <Delay = 0.00>
ST_5 : Operation 114 [1/1] (0.00ns)   --->   "%prevJceil_load = load i32 %prevJceil, void %store_ln114" [/tools/Xilinx/Vitis/2020.1/workspace/test_fast/libs/xf_opencv/L1/include/video/xf_pyr_dense_optical_flow_scale.hpp:152]   --->   Operation 114 'load' 'prevJceil_load' <Predicate = (!icmp_ln114 & cmp & !icmp_ln874)> <Delay = 0.00>
ST_5 : Operation 115 [1/1] (0.99ns)   --->   "%icmp_ln152 = icmp_eq  i32 %prevJceil_load, i32 %zext_ln549" [/tools/Xilinx/Vitis/2020.1/workspace/test_fast/libs/xf_opencv/L1/include/video/xf_pyr_dense_optical_flow_scale.hpp:152]   --->   Operation 115 'icmp' 'icmp_ln152' <Predicate = (!icmp_ln114 & cmp & !icmp_ln874)> <Delay = 0.99> <CoreInst = "Cmp">   --->   Core 10 'Cmp' <Latency = 0> <II = 1> <Delay = 1.09> <FuncUnit> <Opcode : 'icmp'> <InPorts = 2> <OutPorts = 1>
ST_5 : Operation 116 [1/1] (0.00ns)   --->   "%bufCount_load_1 = load i32 %bufCount, void %store_ln114" [/tools/Xilinx/Vitis/2020.1/workspace/test_fast/libs/xf_opencv/L1/include/video/xf_pyr_dense_optical_flow_scale.hpp:157]   --->   Operation 116 'load' 'bufCount_load_1' <Predicate = (!icmp_ln114 & cmp & !icmp_ln874 & icmp_ln152)> <Delay = 0.00>
ST_5 : Operation 117 [1/1] (0.00ns)   --->   "%zext_ln154 = zext i32 %bufCount_load_1" [/tools/Xilinx/Vitis/2020.1/workspace/test_fast/libs/xf_opencv/L1/include/video/xf_pyr_dense_optical_flow_scale.hpp:154]   --->   Operation 117 'zext' 'zext_ln154' <Predicate = (!icmp_ln114 & cmp & !icmp_ln874 & icmp_ln152)> <Delay = 0.00>
ST_5 : Operation 118 [1/1] (0.00ns)   --->   "%buf_addr_1 = getelementptr i16 %buf_r, i64, i64 %zext_ln154" [/tools/Xilinx/Vitis/2020.1/workspace/test_fast/libs/xf_opencv/L1/include/video/xf_pyr_dense_optical_flow_scale.hpp:154]   --->   Operation 118 'getelementptr' 'buf_addr_1' <Predicate = (!icmp_ln114 & cmp & !icmp_ln874 & icmp_ln152)> <Delay = 0.00>
ST_5 : Operation 119 [2/2] (1.23ns)   --->   "%buf_load_1 = load i11 %buf_addr_1" [/tools/Xilinx/Vitis/2020.1/workspace/test_fast/libs/xf_opencv/L1/include/video/xf_pyr_dense_optical_flow_scale.hpp:154]   --->   Operation 119 'load' 'buf_load_1' <Predicate = (!icmp_ln114 & cmp & !icmp_ln874 & icmp_ln152)> <Delay = 1.23> <CoreInst = "RAM">   --->   Core 23 'RAM' <Latency = 1> <II = 1> <Delay = 1.23> <Storage> <Opcode : 'load' 'store'> <Ports = 2> <Width = 16> <Depth = 1920> <RAM>
ST_5 : Operation 120 [1/1] (1.01ns)   --->   "%bufCount_2 = add i32 %bufCount_load_1, i32" [/tools/Xilinx/Vitis/2020.1/workspace/test_fast/libs/xf_opencv/L1/include/video/xf_pyr_dense_optical_flow_scale.hpp:157]   --->   Operation 120 'add' 'bufCount_2' <Predicate = (!icmp_ln114 & cmp & !icmp_ln874 & icmp_ln152)> <Delay = 1.01> <CoreInst = "Adder">   --->   Core 1 'Adder' <Latency = 0> <II = 1> <Delay = 0.85> <FuncUnit> <Opcode : 'add' 'sub'> <InPorts = 2> <OutPorts = 1>
ST_5 : Operation 121 [1/1] (1.01ns)   --->   "%prevJceil_1 = add i32 %prevJceil_load, i32" [/tools/Xilinx/Vitis/2020.1/workspace/test_fast/libs/xf_opencv/L1/include/video/xf_pyr_dense_optical_flow_scale.hpp:158]   --->   Operation 121 'add' 'prevJceil_1' <Predicate = (!icmp_ln114 & cmp & !icmp_ln874 & icmp_ln152)> <Delay = 1.01> <CoreInst = "Adder">   --->   Core 1 'Adder' <Latency = 0> <II = 1> <Delay = 0.85> <FuncUnit> <Opcode : 'add' 'sub'> <InPorts = 2> <OutPorts = 1>
ST_5 : Operation 122 [1/1] (0.77ns)   --->   "%store_ln159 = store i32 %bufCount_2, i32 %bufCount, i32 %bufCount_load_1, void %store_ln114" [/tools/Xilinx/Vitis/2020.1/workspace/test_fast/libs/xf_opencv/L1/include/video/xf_pyr_dense_optical_flow_scale.hpp:159]   --->   Operation 122 'store' 'store_ln159' <Predicate = (!icmp_ln114 & cmp & !icmp_ln874 & icmp_ln152)> <Delay = 0.77>
ST_5 : Operation 123 [1/1] (0.71ns)   --->   "%store_ln159 = store i32 %prevJceil_1, i32 %prevJceil, void %store_ln114, i32 %prevJceil_load" [/tools/Xilinx/Vitis/2020.1/workspace/test_fast/libs/xf_opencv/L1/include/video/xf_pyr_dense_optical_flow_scale.hpp:159]   --->   Operation 123 'store' 'store_ln159' <Predicate = (!icmp_ln114 & cmp & !icmp_ln874 & icmp_ln152)> <Delay = 0.71>
ST_5 : Operation 124 [1/1] (0.00ns)   --->   "%bufCount_load = load i32 %bufCount, void %store_ln114" [/tools/Xilinx/Vitis/2020.1/workspace/test_fast/libs/xf_opencv/L1/include/video/xf_pyr_dense_optical_flow_scale.hpp:149]   --->   Operation 124 'load' 'bufCount_load' <Predicate = (!icmp_ln114 & cmp & icmp_ln874)> <Delay = 0.00>
ST_5 : Operation 125 [1/1] (0.00ns)   --->   "%zext_ln144 = zext i32 %bufCount_load" [/tools/Xilinx/Vitis/2020.1/workspace/test_fast/libs/xf_opencv/L1/include/video/xf_pyr_dense_optical_flow_scale.hpp:144]   --->   Operation 125 'zext' 'zext_ln144' <Predicate = (!icmp_ln114 & cmp & icmp_ln874)> <Delay = 0.00>
ST_5 : Operation 126 [1/1] (0.00ns)   --->   "%buf_addr = getelementptr i16 %buf_r, i64, i64 %zext_ln144" [/tools/Xilinx/Vitis/2020.1/workspace/test_fast/libs/xf_opencv/L1/include/video/xf_pyr_dense_optical_flow_scale.hpp:144]   --->   Operation 126 'getelementptr' 'buf_addr' <Predicate = (!icmp_ln114 & cmp & icmp_ln874)> <Delay = 0.00>
ST_5 : Operation 127 [2/2] (1.23ns)   --->   "%buf_load = load i11 %buf_addr" [/tools/Xilinx/Vitis/2020.1/workspace/test_fast/libs/xf_opencv/L1/include/video/xf_pyr_dense_optical_flow_scale.hpp:144]   --->   Operation 127 'load' 'buf_load' <Predicate = (!icmp_ln114 & cmp & icmp_ln874)> <Delay = 1.23> <CoreInst = "RAM">   --->   Core 23 'RAM' <Latency = 1> <II = 1> <Delay = 1.23> <Storage> <Opcode : 'load' 'store'> <Ports = 2> <Width = 16> <Depth = 1920> <RAM>
ST_5 : Operation 128 [1/1] (1.01ns)   --->   "%bufCount_1 = add i32 %bufCount_load, i32" [/tools/Xilinx/Vitis/2020.1/workspace/test_fast/libs/xf_opencv/L1/include/video/xf_pyr_dense_optical_flow_scale.hpp:149]   --->   Operation 128 'add' 'bufCount_1' <Predicate = (!icmp_ln114 & cmp & icmp_ln874)> <Delay = 1.01> <CoreInst = "Adder">   --->   Core 1 'Adder' <Latency = 0> <II = 1> <Delay = 0.85> <FuncUnit> <Opcode : 'add' 'sub'> <InPorts = 2> <OutPorts = 1>
ST_5 : Operation 129 [1/1] (0.77ns)   --->   "%store_ln151 = store i32 %bufCount_1, i32 %bufCount, i32 %bufCount_load, void %store_ln114" [/tools/Xilinx/Vitis/2020.1/workspace/test_fast/libs/xf_opencv/L1/include/video/xf_pyr_dense_optical_flow_scale.hpp:151]   --->   Operation 129 'store' 'store_ln151' <Predicate = (!icmp_ln114 & cmp & icmp_ln874)> <Delay = 0.77>
ST_5 : Operation 130 [1/1] (0.71ns)   --->   "%store_ln151 = store i32, i32 %prevJceil, void %store_ln114" [/tools/Xilinx/Vitis/2020.1/workspace/test_fast/libs/xf_opencv/L1/include/video/xf_pyr_dense_optical_flow_scale.hpp:151]   --->   Operation 130 'store' 'store_ln151' <Predicate = (!icmp_ln114 & cmp & icmp_ln874)> <Delay = 0.71>
ST_5 : Operation 131 [1/1] (0.65ns)   --->   "%br_ln151 = br void %_ZN8ap_fixedILi45ELi22EL9ap_q_mode5EL9ap_o_mode3ELi0EEC2Ei.exit136" [/tools/Xilinx/Vitis/2020.1/workspace/test_fast/libs/xf_opencv/L1/include/video/xf_pyr_dense_optical_flow_scale.hpp:151]   --->   Operation 131 'br' 'br_ln151' <Predicate = (!icmp_ln114 & cmp & icmp_ln874)> <Delay = 0.65>

State 6 <SV = 5> <Delay = 2.70>
ST_6 : Operation 132 [1/1] (0.00ns)   --->   "%specpipeline_ln114 = specpipeline void @_ssdm_op_SpecPipeline, i32, i32, i32, i32, void @empty_25" [/tools/Xilinx/Vitis/2020.1/workspace/test_fast/libs/xf_opencv/L1/include/video/xf_pyr_dense_optical_flow_scale.hpp:114]   --->   Operation 132 'specpipeline' 'specpipeline_ln114' <Predicate = (!icmp_ln114)> <Delay = 0.00>
ST_6 : Operation 133 [1/1] (0.00ns)   --->   "%speclooptripcount_ln114 = speclooptripcount void @_ssdm_op_SpecLoopTripCount, i64, i64, i64" [/tools/Xilinx/Vitis/2020.1/workspace/test_fast/libs/xf_opencv/L1/include/video/xf_pyr_dense_optical_flow_scale.hpp:114]   --->   Operation 133 'speclooptripcount' 'speclooptripcount_ln114' <Predicate = (!icmp_ln114)> <Delay = 0.00>
ST_6 : Operation 134 [1/1] (0.00ns)   --->   "%specloopname_ln114 = specloopname void @_ssdm_op_SpecLoopName, void @empty_11" [/tools/Xilinx/Vitis/2020.1/workspace/test_fast/libs/xf_opencv/L1/include/video/xf_pyr_dense_optical_flow_scale.hpp:114]   --->   Operation 134 'specloopname' 'specloopname_ln114' <Predicate = (!icmp_ln114)> <Delay = 0.00>
ST_6 : Operation 135 [1/1] (0.00ns)   --->   "%p_Val2_s = bitconcatenate i24 @_ssdm_op_BitConcatenate.i24.i17.i7, i17 %trunc_ln728, i7"   --->   Operation 135 'bitconcatenate' 'p_Val2_s' <Predicate = (!icmp_ln114)> <Delay = 0.00>
ST_6 : Operation 136 [1/1] (0.00ns) (grouped into LUT with out node sub_ln703)   --->   "%tmp_3 = bitselect i1 @_ssdm_op_BitSelect.i1.i34.i32, i34 %p_Val2_634, i32"   --->   Operation 136 'bitselect' 'tmp_3' <Predicate = (!icmp_ln114)> <Delay = 0.00>
ST_6 : Operation 137 [1/1] (0.00ns)   --->   "%trunc_ln851 = trunc i34 %p_Val2_634"   --->   Operation 137 'trunc' 'trunc_ln851' <Predicate = (!icmp_ln114)> <Delay = 0.00>
ST_6 : Operation 138 [1/1] (0.00ns)   --->   "%p_Result_1 = bitconcatenate i23 @_ssdm_op_BitConcatenate.i23.i16.i7, i16 %trunc_ln851, i7"   --->   Operation 138 'bitconcatenate' 'p_Result_1' <Predicate = (!icmp_ln114)> <Delay = 0.00>
ST_6 : Operation 139 [1/1] (1.05ns)   --->   "%icmp_ln850 = icmp_ne  i23 %p_Result_1, i23"   --->   Operation 139 'icmp' 'icmp_ln850' <Predicate = (!icmp_ln114)> <Delay = 1.05> <CoreInst = "Cmp">   --->   Core 10 'Cmp' <Latency = 0> <II = 1> <Delay = 1.09> <FuncUnit> <Opcode : 'icmp'> <InPorts = 2> <OutPorts = 1>
ST_6 : Operation 140 [1/1] (0.00ns) (grouped into LUT with out node sub_ln703)   --->   "%xor_ln850 = and i1 %tmp, i1 %icmp_ln850"   --->   Operation 140 'and' 'xor_ln850' <Predicate = (!icmp_ln114)> <Delay = 0.00> <CoreInst = "LogicGate">   --->   Core 12 'LogicGate' <Latency = 0> <II = 1> <Delay = 0.28> <FuncUnit> <Opcode : 'and' 'or' 'xor'> <InPorts = 2> <OutPorts = 1>
ST_6 : Operation 141 [1/1] (0.00ns) (grouped into LUT with out node sub_ln703)   --->   "%conv_i_i_i39919 = xor i1 %tmp_3, i1 %xor_ln850"   --->   Operation 141 'xor' 'conv_i_i_i39919' <Predicate = (!icmp_ln114)> <Delay = 0.00> <CoreInst = "LogicGate">   --->   Core 12 'LogicGate' <Latency = 0> <II = 1> <Delay = 0.28> <FuncUnit> <Opcode : 'and' 'or' 'xor'> <InPorts = 2> <OutPorts = 1>
ST_6 : Operation 142 [1/1] (0.00ns) (grouped into LUT with out node sub_ln703)   --->   "%shl_ln = bitconcatenate i24 @_ssdm_op_BitConcatenate.i24.i1.i23, i1 %conv_i_i_i39919, i23"   --->   Operation 142 'bitconcatenate' 'shl_ln' <Predicate = (!icmp_ln114)> <Delay = 0.00>
ST_6 : Operation 143 [1/1] (0.93ns) (out node of the LUT)   --->   "%sub_ln703 = sub i24 %p_Val2_1, i24 %shl_ln"   --->   Operation 143 'sub' 'sub_ln703' <Predicate = (!icmp_ln114)> <Delay = 0.93> <CoreInst = "Adder">   --->   Core 1 'Adder' <Latency = 0> <II = 1> <Delay = 0.85> <FuncUnit> <Opcode : 'add' 'sub'> <InPorts = 2> <OutPorts = 1>
ST_6 : Operation 144 [1/1] (0.00ns)   --->   "%shl_ln728_1 = bitconcatenate i24 @_ssdm_op_BitConcatenate.i24.i1.i23, i1 %tmp_4, i23"   --->   Operation 144 'bitconcatenate' 'shl_ln728_1' <Predicate = (!icmp_ln114)> <Delay = 0.00>
ST_6 : Operation 145 [1/1] (0.93ns)   --->   "%sub_ln703_1 = sub i24 %p_Val2_s, i24 %shl_ln728_1"   --->   Operation 145 'sub' 'sub_ln703_1' <Predicate = (!icmp_ln114)> <Delay = 0.93> <CoreInst = "Adder">   --->   Core 1 'Adder' <Latency = 0> <II = 1> <Delay = 0.85> <FuncUnit> <Opcode : 'add' 'sub'> <InPorts = 2> <OutPorts = 1>
ST_6 : Operation 146 [1/1] (0.65ns)   --->   "%br_ln221 = br i1 %icmp_ln221, void %_ZN8ap_fixedILi45ELi22EL9ap_q_mode5EL9ap_o_mode3ELi0EEC2Ei.exit136, void %bb188" [/tools/Xilinx/Vitis/2020.1/workspace/test_fast/libs/xf_opencv/L1/include/video/xf_pyr_dense_optical_flow_scale.hpp:221]   --->   Operation 146 'br' 'br_ln221' <Predicate = (!icmp_ln114 & !cmp & !cmp42 & !icmp_ln874)> <Delay = 0.65>
ST_6 : Operation 147 [1/1] (0.00ns)   --->   "%p_load92 = load i16 %empty_181, void %store_ln114" [/tools/Xilinx/Vitis/2020.1/workspace/test_fast/libs/xf_opencv/L1/include/video/xf_pyr_dense_optical_flow_scale.hpp:227]   --->   Operation 147 'load' 'p_load92' <Predicate = (!icmp_ln114 & !cmp & !cmp42 & !icmp_ln874 & icmp_ln221)> <Delay = 0.00>
ST_6 : Operation 148 [1/2] (1.23ns)   --->   "%buffer1_load_3 = load i11 %buffer1_addr_5" [/tools/Xilinx/Vitis/2020.1/workspace/test_fast/libs/xf_opencv/L1/include/video/xf_pyr_dense_optical_flow_scale.hpp:223]   --->   Operation 148 'load' 'buffer1_load_3' <Predicate = (!icmp_ln114 & !cmp & !cmp42 & !icmp_ln874 & icmp_ln221)> <Delay = 1.23> <CoreInst = "RAM">   --->   Core 23 'RAM' <Latency = 1> <II = 1> <Delay = 1.23> <Storage> <Opcode : 'load' 'store'> <Ports = 2> <Width = 16> <Depth = 1920> <RAM>
ST_6 : Operation 149 [1/1] (0.69ns)   --->   "%store_ln227 = store i16 %p_load92, i16 %empty_182, void %store_ln114" [/tools/Xilinx/Vitis/2020.1/workspace/test_fast/libs/xf_opencv/L1/include/video/xf_pyr_dense_optical_flow_scale.hpp:227]   --->   Operation 149 'store' 'store_ln227' <Predicate = (!icmp_ln114 & !cmp & !cmp42 & !icmp_ln874 & icmp_ln221)> <Delay = 0.69>
ST_6 : Operation 150 [1/1] (0.80ns)   --->   "%store_ln227 = store i16 %buffer1_load_3, i16 %empty_181, i16 %p_load92, void %store_ln114" [/tools/Xilinx/Vitis/2020.1/workspace/test_fast/libs/xf_opencv/L1/include/video/xf_pyr_dense_optical_flow_scale.hpp:227]   --->   Operation 150 'store' 'store_ln227' <Predicate = (!icmp_ln114 & !cmp & !cmp42 & !icmp_ln874 & icmp_ln221)> <Delay = 0.80>
ST_6 : Operation 151 [1/1] (0.65ns)   --->   "%br_ln227 = br void %_ZN8ap_fixedILi45ELi22EL9ap_q_mode5EL9ap_o_mode3ELi0EEC2Ei.exit136" [/tools/Xilinx/Vitis/2020.1/workspace/test_fast/libs/xf_opencv/L1/include/video/xf_pyr_dense_optical_flow_scale.hpp:227]   --->   Operation 151 'br' 'br_ln227' <Predicate = (!icmp_ln114 & !cmp & !cmp42 & !icmp_ln874 & icmp_ln221)> <Delay = 0.65>
ST_6 : Operation 152 [1/2] (1.23ns)   --->   "%buffer1_load = load i11 %buffer1_addr_3"   --->   Operation 152 'load' 'buffer1_load' <Predicate = (!icmp_ln114 & !cmp & !cmp42 & icmp_ln874)> <Delay = 1.23> <CoreInst = "RAM">   --->   Core 23 'RAM' <Latency = 1> <II = 1> <Delay = 1.23> <Storage> <Opcode : 'load' 'store'> <Ports = 2> <Width = 16> <Depth = 1920> <RAM>
ST_6 : Operation 153 [1/1] (0.80ns)   --->   "%store_ln220 = store i16 %buffer1_load, i16 %empty_181, void %store_ln114" [/tools/Xilinx/Vitis/2020.1/workspace/test_fast/libs/xf_opencv/L1/include/video/xf_pyr_dense_optical_flow_scale.hpp:220]   --->   Operation 153 'store' 'store_ln220' <Predicate = (!icmp_ln114 & !cmp & !cmp42 & icmp_ln874)> <Delay = 0.80>
ST_6 : Operation 154 [1/1] (0.65ns)   --->   "%br_ln189 = br i1 %icmp_ln189, void %_ZN8ap_fixedILi45ELi22EL9ap_q_mode5EL9ap_o_mode3ELi0EEC2Ei.exit136, void" [/tools/Xilinx/Vitis/2020.1/workspace/test_fast/libs/xf_opencv/L1/include/video/xf_pyr_dense_optical_flow_scale.hpp:189]   --->   Operation 154 'br' 'br_ln189' <Predicate = (!icmp_ln114 & !cmp & cmp42 & !icmp_ln874)> <Delay = 0.65>
ST_6 : Operation 155 [1/2] (1.23ns)   --->   "%buffer_load_1 = load i11 %buffer_addr_1"   --->   Operation 155 'load' 'buffer_load_1' <Predicate = (!icmp_ln114 & !cmp & cmp42 & !icmp_ln874 & icmp_ln189 & !flagLoaded_read)> <Delay = 1.23> <CoreInst = "RAM">   --->   Core 23 'RAM' <Latency = 1> <II = 1> <Delay = 1.23> <Storage> <Opcode : 'load' 'store'> <Ports = 2> <Width = 16> <Depth = 1920> <RAM>
ST_6 : Operation 156 [1/2] (1.23ns)   --->   "%buffer1_load_5 = load i11 %buffer1_addr_4"   --->   Operation 156 'load' 'buffer1_load_5' <Predicate = (!icmp_ln114 & !cmp & cmp42 & !icmp_ln874 & icmp_ln189 & !flagLoaded_read)> <Delay = 1.23> <CoreInst = "RAM">   --->   Core 23 'RAM' <Latency = 1> <II = 1> <Delay = 1.23> <Storage> <Opcode : 'load' 'store'> <Ports = 2> <Width = 16> <Depth = 1920> <RAM>
ST_6 : Operation 157 [1/1] (0.65ns)   --->   "%br_ln0 = br void"   --->   Operation 157 'br' 'br_ln0' <Predicate = (!icmp_ln114 & !cmp & cmp42 & !icmp_ln874 & icmp_ln189 & !flagLoaded_read)> <Delay = 0.65>
ST_6 : Operation 158 [1/2] (1.23ns)   --->   "%buf_load_3 = load i11 %buf_addr_3" [/tools/Xilinx/Vitis/2020.1/workspace/test_fast/libs/xf_opencv/L1/include/video/xf_pyr_dense_optical_flow_scale.hpp:193]   --->   Operation 158 'load' 'buf_load_3' <Predicate = (!icmp_ln114 & !cmp & cmp42 & !icmp_ln874 & icmp_ln189 & flagLoaded_read)> <Delay = 1.23> <CoreInst = "RAM">   --->   Core 23 'RAM' <Latency = 1> <II = 1> <Delay = 1.23> <Storage> <Opcode : 'load' 'store'> <Ports = 2> <Width = 16> <Depth = 1920> <RAM>
ST_6 : Operation 159 [1/2] (1.23ns)   --->   "%buffer1_load_4 = load i11 %buffer1_addr_4" [/tools/Xilinx/Vitis/2020.1/workspace/test_fast/libs/xf_opencv/L1/include/video/xf_pyr_dense_optical_flow_scale.hpp:194]   --->   Operation 159 'load' 'buffer1_load_4' <Predicate = (!icmp_ln114 & !cmp & cmp42 & !icmp_ln874 & icmp_ln189 & flagLoaded_read)> <Delay = 1.23> <CoreInst = "RAM">   --->   Core 23 'RAM' <Latency = 1> <II = 1> <Delay = 1.23> <Storage> <Opcode : 'load' 'store'> <Ports = 2> <Width = 16> <Depth = 1920> <RAM>
ST_6 : Operation 160 [1/1] (1.23ns)   --->   "%store_ln205 = store i16 %buffer1_load_4, i11 %buffer_addr_1"   --->   Operation 160 'store' 'store_ln205' <Predicate = (!icmp_ln114 & !cmp & cmp42 & !icmp_ln874 & icmp_ln189 & flagLoaded_read)> <Delay = 1.23> <CoreInst = "RAM">   --->   Core 23 'RAM' <Latency = 1> <II = 1> <Delay = 1.23> <Storage> <Opcode : 'load' 'store'> <Ports = 2> <Width = 16> <Depth = 1920> <RAM>
ST_6 : Operation 161 [1/1] (1.23ns)   --->   "%store_ln205 = store i16 %buf_load_3, i11 %buffer1_addr_4, i16 %buffer1_load_4"   --->   Operation 161 'store' 'store_ln205' <Predicate = (!icmp_ln114 & !cmp & cmp42 & !icmp_ln874 & icmp_ln189 & flagLoaded_read)> <Delay = 1.23> <CoreInst = "RAM">   --->   Core 23 'RAM' <Latency = 1> <II = 1> <Delay = 1.23> <Storage> <Opcode : 'load' 'store'> <Ports = 2> <Width = 16> <Depth = 1920> <RAM>
ST_6 : Operation 162 [1/1] (0.65ns)   --->   "%br_ln200 = br void" [/tools/Xilinx/Vitis/2020.1/workspace/test_fast/libs/xf_opencv/L1/include/video/xf_pyr_dense_optical_flow_scale.hpp:200]   --->   Operation 162 'br' 'br_ln200' <Predicate = (!icmp_ln114 & !cmp & cmp42 & !icmp_ln874 & icmp_ln189 & flagLoaded_read)> <Delay = 0.65>
ST_6 : Operation 163 [1/1] (0.00ns)   --->   "%empty_185 = phi i16 %buffer1_load_4, void %bb186, i16 %buffer_load_1, void %bb187" [/tools/Xilinx/Vitis/2020.1/workspace/test_fast/libs/xf_opencv/L1/include/video/xf_pyr_dense_optical_flow_scale.hpp:194]   --->   Operation 163 'phi' 'empty_185' <Predicate = (!icmp_ln114 & !cmp & cmp42 & !icmp_ln874 & icmp_ln189)> <Delay = 0.00>
ST_6 : Operation 164 [1/1] (0.00ns)   --->   "%empty_186 = phi i16 %buf_load_3, void %bb186, i16 %buffer1_load_5, void %bb187" [/tools/Xilinx/Vitis/2020.1/workspace/test_fast/libs/xf_opencv/L1/include/video/xf_pyr_dense_optical_flow_scale.hpp:193]   --->   Operation 164 'phi' 'empty_186' <Predicate = (!icmp_ln114 & !cmp & cmp42 & !icmp_ln874 & icmp_ln189)> <Delay = 0.00>
ST_6 : Operation 165 [1/1] (0.00ns)   --->   "%p_load97 = load i16 %empty, void %store_ln114" [/tools/Xilinx/Vitis/2020.1/workspace/test_fast/libs/xf_opencv/L1/include/video/xf_pyr_dense_optical_flow_scale.hpp:206]   --->   Operation 165 'load' 'p_load97' <Predicate = (!icmp_ln114 & !cmp & cmp42 & !icmp_ln874 & icmp_ln189)> <Delay = 0.00>
ST_6 : Operation 166 [1/1] (0.00ns)   --->   "%p_load93 = load i16 %empty_181, void %store_ln114" [/tools/Xilinx/Vitis/2020.1/workspace/test_fast/libs/xf_opencv/L1/include/video/xf_pyr_dense_optical_flow_scale.hpp:206]   --->   Operation 166 'load' 'p_load93' <Predicate = (!icmp_ln114 & !cmp & cmp42 & !icmp_ln874 & icmp_ln189)> <Delay = 0.00>
ST_6 : Operation 167 [1/1] (0.69ns)   --->   "%store_ln206 = store i16 %p_load93, i16 %empty_182, void %store_ln114" [/tools/Xilinx/Vitis/2020.1/workspace/test_fast/libs/xf_opencv/L1/include/video/xf_pyr_dense_optical_flow_scale.hpp:206]   --->   Operation 167 'store' 'store_ln206' <Predicate = (!icmp_ln114 & !cmp & cmp42 & !icmp_ln874 & icmp_ln189)> <Delay = 0.69>
ST_6 : Operation 168 [1/1] (0.80ns)   --->   "%store_ln206 = store i16 %empty_186, i16 %empty_181, i16 %p_load93, void %store_ln114" [/tools/Xilinx/Vitis/2020.1/workspace/test_fast/libs/xf_opencv/L1/include/video/xf_pyr_dense_optical_flow_scale.hpp:206]   --->   Operation 168 'store' 'store_ln206' <Predicate = (!icmp_ln114 & !cmp & cmp42 & !icmp_ln874 & icmp_ln189)> <Delay = 0.80>
ST_6 : Operation 169 [1/1] (0.65ns)   --->   "%store_ln206 = store i16 %p_load97, i16 %empty_180, void %store_ln114" [/tools/Xilinx/Vitis/2020.1/workspace/test_fast/libs/xf_opencv/L1/include/video/xf_pyr_dense_optical_flow_scale.hpp:206]   --->   Operation 169 'store' 'store_ln206' <Predicate = (!icmp_ln114 & !cmp & cmp42 & !icmp_ln874 & icmp_ln189)> <Delay = 0.65>
ST_6 : Operation 170 [1/1] (0.69ns)   --->   "%store_ln206 = store i16 %empty_185, i16 %empty, i16 %p_load97, void %store_ln114" [/tools/Xilinx/Vitis/2020.1/workspace/test_fast/libs/xf_opencv/L1/include/video/xf_pyr_dense_optical_flow_scale.hpp:206]   --->   Operation 170 'store' 'store_ln206' <Predicate = (!icmp_ln114 & !cmp & cmp42 & !icmp_ln874 & icmp_ln189)> <Delay = 0.69>
ST_6 : Operation 171 [1/1] (0.65ns)   --->   "%br_ln206 = br void %_ZN8ap_fixedILi45ELi22EL9ap_q_mode5EL9ap_o_mode3ELi0EEC2Ei.exit136" [/tools/Xilinx/Vitis/2020.1/workspace/test_fast/libs/xf_opencv/L1/include/video/xf_pyr_dense_optical_flow_scale.hpp:206]   --->   Operation 171 'br' 'br_ln206' <Predicate = (!icmp_ln114 & !cmp & cmp42 & !icmp_ln874 & icmp_ln189)> <Delay = 0.65>
ST_6 : Operation 172 [1/1] (0.69ns)   --->   "%store_ln174 = store i16, i16 %empty_182, void %store_ln114" [/tools/Xilinx/Vitis/2020.1/workspace/test_fast/libs/xf_opencv/L1/include/video/xf_pyr_dense_optical_flow_scale.hpp:174]   --->   Operation 172 'store' 'store_ln174' <Predicate = (!cmp & cmp42 & icmp_ln874)> <Delay = 0.69>
ST_6 : Operation 173 [1/1] (0.65ns)   --->   "%store_ln174 = store i16, i16 %empty_180, void %store_ln114" [/tools/Xilinx/Vitis/2020.1/workspace/test_fast/libs/xf_opencv/L1/include/video/xf_pyr_dense_optical_flow_scale.hpp:174]   --->   Operation 173 'store' 'store_ln174' <Predicate = (!cmp & cmp42 & icmp_ln874)> <Delay = 0.65>
ST_6 : Operation 174 [1/2] (1.23ns)   --->   "%buffer_load = load i11 %buffer_addr"   --->   Operation 174 'load' 'buffer_load' <Predicate = (!icmp_ln114 & !cmp & cmp42 & icmp_ln874 & !flagLoaded_read)> <Delay = 1.23> <CoreInst = "RAM">   --->   Core 23 'RAM' <Latency = 1> <II = 1> <Delay = 1.23> <Storage> <Opcode : 'load' 'store'> <Ports = 2> <Width = 16> <Depth = 1920> <RAM>
ST_6 : Operation 175 [1/2] (1.23ns)   --->   "%buffer1_load_2 = load i11 %buffer1_addr_2"   --->   Operation 175 'load' 'buffer1_load_2' <Predicate = (!icmp_ln114 & !cmp & cmp42 & icmp_ln874 & !flagLoaded_read)> <Delay = 1.23> <CoreInst = "RAM">   --->   Core 23 'RAM' <Latency = 1> <II = 1> <Delay = 1.23> <Storage> <Opcode : 'load' 'store'> <Ports = 2> <Width = 16> <Depth = 1920> <RAM>
ST_6 : Operation 176 [1/1] (0.80ns)   --->   "%store_ln205 = store i16 %buffer1_load_2, i16 %empty_181, void %store_ln114"   --->   Operation 176 'store' 'store_ln205' <Predicate = (!icmp_ln114 & !cmp & cmp42 & icmp_ln874 & !flagLoaded_read)> <Delay = 0.80>
ST_6 : Operation 177 [1/1] (0.69ns)   --->   "%store_ln205 = store i16 %buffer_load, i16 %empty, void %store_ln114"   --->   Operation 177 'store' 'store_ln205' <Predicate = (!icmp_ln114 & !cmp & cmp42 & icmp_ln874 & !flagLoaded_read)> <Delay = 0.69>
ST_6 : Operation 178 [1/1] (0.65ns)   --->   "%br_ln0 = br void %_ZN8ap_fixedILi45ELi22EL9ap_q_mode5EL9ap_o_mode3ELi0EEC2Ei.exit136"   --->   Operation 178 'br' 'br_ln0' <Predicate = (!icmp_ln114 & !cmp & cmp42 & icmp_ln874 & !flagLoaded_read)> <Delay = 0.65>
ST_6 : Operation 179 [1/2] (1.23ns)   --->   "%buf_load_2 = load i11 %buf_addr_2" [/tools/Xilinx/Vitis/2020.1/workspace/test_fast/libs/xf_opencv/L1/include/video/xf_pyr_dense_optical_flow_scale.hpp:175]   --->   Operation 179 'load' 'buf_load_2' <Predicate = (!icmp_ln114 & !cmp & cmp42 & icmp_ln874 & flagLoaded_read)> <Delay = 1.23> <CoreInst = "RAM">   --->   Core 23 'RAM' <Latency = 1> <II = 1> <Delay = 1.23> <Storage> <Opcode : 'load' 'store'> <Ports = 2> <Width = 16> <Depth = 1920> <RAM>
ST_6 : Operation 180 [1/2] (1.23ns)   --->   "%buffer1_load_1 = load i11 %buffer1_addr_2" [/tools/Xilinx/Vitis/2020.1/workspace/test_fast/libs/xf_opencv/L1/include/video/xf_pyr_dense_optical_flow_scale.hpp:176]   --->   Operation 180 'load' 'buffer1_load_1' <Predicate = (!icmp_ln114 & !cmp & cmp42 & icmp_ln874 & flagLoaded_read)> <Delay = 1.23> <CoreInst = "RAM">   --->   Core 23 'RAM' <Latency = 1> <II = 1> <Delay = 1.23> <Storage> <Opcode : 'load' 'store'> <Ports = 2> <Width = 16> <Depth = 1920> <RAM>
ST_6 : Operation 181 [1/1] (1.23ns)   --->   "%store_ln205 = store i16 %buffer1_load_1, i11 %buffer_addr"   --->   Operation 181 'store' 'store_ln205' <Predicate = (!icmp_ln114 & !cmp & cmp42 & icmp_ln874 & flagLoaded_read)> <Delay = 1.23> <CoreInst = "RAM">   --->   Core 23 'RAM' <Latency = 1> <II = 1> <Delay = 1.23> <Storage> <Opcode : 'load' 'store'> <Ports = 2> <Width = 16> <Depth = 1920> <RAM>
ST_6 : Operation 182 [1/1] (1.23ns)   --->   "%store_ln205 = store i16 %buf_load_2, i11 %buffer1_addr_2, i16 %buffer1_load_1"   --->   Operation 182 'store' 'store_ln205' <Predicate = (!icmp_ln114 & !cmp & cmp42 & icmp_ln874 & flagLoaded_read)> <Delay = 1.23> <CoreInst = "RAM">   --->   Core 23 'RAM' <Latency = 1> <II = 1> <Delay = 1.23> <Storage> <Opcode : 'load' 'store'> <Ports = 2> <Width = 16> <Depth = 1920> <RAM>
ST_6 : Operation 183 [1/1] (0.80ns)   --->   "%store_ln182 = store i16 %buf_load_2, i16 %empty_181, void %store_ln114" [/tools/Xilinx/Vitis/2020.1/workspace/test_fast/libs/xf_opencv/L1/include/video/xf_pyr_dense_optical_flow_scale.hpp:182]   --->   Operation 183 'store' 'store_ln182' <Predicate = (!icmp_ln114 & !cmp & cmp42 & icmp_ln874 & flagLoaded_read)> <Delay = 0.80>
ST_6 : Operation 184 [1/1] (0.69ns)   --->   "%store_ln182 = store i16 %buffer1_load_1, i16 %empty, void %store_ln114" [/tools/Xilinx/Vitis/2020.1/workspace/test_fast/libs/xf_opencv/L1/include/video/xf_pyr_dense_optical_flow_scale.hpp:182]   --->   Operation 184 'store' 'store_ln182' <Predicate = (!icmp_ln114 & !cmp & cmp42 & icmp_ln874 & flagLoaded_read)> <Delay = 0.69>
ST_6 : Operation 185 [1/1] (0.65ns)   --->   "%br_ln182 = br void %_ZN8ap_fixedILi45ELi22EL9ap_q_mode5EL9ap_o_mode3ELi0EEC2Ei.exit136" [/tools/Xilinx/Vitis/2020.1/workspace/test_fast/libs/xf_opencv/L1/include/video/xf_pyr_dense_optical_flow_scale.hpp:182]   --->   Operation 185 'br' 'br_ln182' <Predicate = (!icmp_ln114 & !cmp & cmp42 & icmp_ln874 & flagLoaded_read)> <Delay = 0.65>
ST_6 : Operation 186 [1/1] (0.65ns)   --->   "%br_ln152 = br i1 %icmp_ln152, void %_ZN8ap_fixedILi45ELi22EL9ap_q_mode5EL9ap_o_mode3ELi0EEC2Ei.exit136, void %bb" [/tools/Xilinx/Vitis/2020.1/workspace/test_fast/libs/xf_opencv/L1/include/video/xf_pyr_dense_optical_flow_scale.hpp:152]   --->   Operation 186 'br' 'br_ln152' <Predicate = (!icmp_ln114 & cmp & !icmp_ln874)> <Delay = 0.65>
ST_6 : Operation 187 [1/1] (0.00ns)   --->   "%p_load94 = load i16 %empty_181, void %store_ln114" [/tools/Xilinx/Vitis/2020.1/workspace/test_fast/libs/xf_opencv/L1/include/video/xf_pyr_dense_optical_flow_scale.hpp:159]   --->   Operation 187 'load' 'p_load94' <Predicate = (!icmp_ln114 & cmp & !icmp_ln874 & icmp_ln152)> <Delay = 0.00>
ST_6 : Operation 188 [1/2] (1.23ns)   --->   "%buf_load_1 = load i11 %buf_addr_1" [/tools/Xilinx/Vitis/2020.1/workspace/test_fast/libs/xf_opencv/L1/include/video/xf_pyr_dense_optical_flow_scale.hpp:154]   --->   Operation 188 'load' 'buf_load_1' <Predicate = (!icmp_ln114 & cmp & !icmp_ln874 & icmp_ln152)> <Delay = 1.23> <CoreInst = "RAM">   --->   Core 23 'RAM' <Latency = 1> <II = 1> <Delay = 1.23> <Storage> <Opcode : 'load' 'store'> <Ports = 2> <Width = 16> <Depth = 1920> <RAM>
ST_6 : Operation 189 [1/1] (0.00ns)   --->   "%buffer1_addr_1 = getelementptr i16 %buffer1, i64, i64 %zext_ln154"   --->   Operation 189 'getelementptr' 'buffer1_addr_1' <Predicate = (!icmp_ln114 & cmp & !icmp_ln874 & icmp_ln152)> <Delay = 0.00>
ST_6 : Operation 190 [1/1] (1.23ns)   --->   "%store_ln205 = store i16 %buf_load_1, i11 %buffer1_addr_1"   --->   Operation 190 'store' 'store_ln205' <Predicate = (!icmp_ln114 & cmp & !icmp_ln874 & icmp_ln152)> <Delay = 1.23> <CoreInst = "RAM">   --->   Core 23 'RAM' <Latency = 1> <II = 1> <Delay = 1.23> <Storage> <Opcode : 'load' 'store'> <Ports = 2> <Width = 16> <Depth = 1920> <RAM>
ST_6 : Operation 191 [1/1] (0.69ns)   --->   "%store_ln159 = store i16 %p_load94, i16 %empty_182, void %store_ln114" [/tools/Xilinx/Vitis/2020.1/workspace/test_fast/libs/xf_opencv/L1/include/video/xf_pyr_dense_optical_flow_scale.hpp:159]   --->   Operation 191 'store' 'store_ln159' <Predicate = (!icmp_ln114 & cmp & !icmp_ln874 & icmp_ln152)> <Delay = 0.69>
ST_6 : Operation 192 [1/1] (0.80ns)   --->   "%store_ln159 = store i16 %buf_load_1, i16 %empty_181, i16 %p_load94, void %store_ln114" [/tools/Xilinx/Vitis/2020.1/workspace/test_fast/libs/xf_opencv/L1/include/video/xf_pyr_dense_optical_flow_scale.hpp:159]   --->   Operation 192 'store' 'store_ln159' <Predicate = (!icmp_ln114 & cmp & !icmp_ln874 & icmp_ln152)> <Delay = 0.80>
ST_6 : Operation 193 [1/1] (0.65ns)   --->   "%br_ln159 = br void %_ZN8ap_fixedILi45ELi22EL9ap_q_mode5EL9ap_o_mode3ELi0EEC2Ei.exit136" [/tools/Xilinx/Vitis/2020.1/workspace/test_fast/libs/xf_opencv/L1/include/video/xf_pyr_dense_optical_flow_scale.hpp:159]   --->   Operation 193 'br' 'br_ln159' <Predicate = (!icmp_ln114 & cmp & !icmp_ln874 & icmp_ln152)> <Delay = 0.65>
ST_6 : Operation 194 [1/2] (1.23ns)   --->   "%buf_load = load i11 %buf_addr" [/tools/Xilinx/Vitis/2020.1/workspace/test_fast/libs/xf_opencv/L1/include/video/xf_pyr_dense_optical_flow_scale.hpp:144]   --->   Operation 194 'load' 'buf_load' <Predicate = (!icmp_ln114 & cmp & icmp_ln874)> <Delay = 1.23> <CoreInst = "RAM">   --->   Core 23 'RAM' <Latency = 1> <II = 1> <Delay = 1.23> <Storage> <Opcode : 'load' 'store'> <Ports = 2> <Width = 16> <Depth = 1920> <RAM>
ST_6 : Operation 195 [1/1] (0.00ns)   --->   "%buffer1_addr = getelementptr i16 %buffer1, i64, i64 %zext_ln144"   --->   Operation 195 'getelementptr' 'buffer1_addr' <Predicate = (!icmp_ln114 & cmp & icmp_ln874)> <Delay = 0.00>
ST_6 : Operation 196 [1/1] (1.23ns)   --->   "%store_ln205 = store i16 %buf_load, i11 %buffer1_addr"   --->   Operation 196 'store' 'store_ln205' <Predicate = (!icmp_ln114 & cmp & icmp_ln874)> <Delay = 1.23> <CoreInst = "RAM">   --->   Core 23 'RAM' <Latency = 1> <II = 1> <Delay = 1.23> <Storage> <Opcode : 'load' 'store'> <Ports = 2> <Width = 16> <Depth = 1920> <RAM>
ST_6 : Operation 197 [1/1] (0.80ns)   --->   "%store_ln151 = store i16 %buf_load, i16 %empty_181, void %store_ln114" [/tools/Xilinx/Vitis/2020.1/workspace/test_fast/libs/xf_opencv/L1/include/video/xf_pyr_dense_optical_flow_scale.hpp:151]   --->   Operation 197 'store' 'store_ln151' <Predicate = (!icmp_ln114 & cmp & icmp_ln874)> <Delay = 0.80>

State 7 <SV = 6> <Delay = 4.42>
ST_7 : Operation 198 [1/1] (0.00ns)   --->   "%agg_tmp141_0 = phi i24 %sub_ln703_1, void %bb, i24, void %_ZN8ap_fixedILi45ELi22EL9ap_q_mode5EL9ap_o_mode3ELi0EEC2Ei.exit295, i24, void %bb185, i24, void %bb184, i24 %sub_ln703_1, void, i24 %sub_ln703_1, void %bb188, i24, void %_ZN8ap_fixedILi45ELi22EL9ap_q_mode5EL9ap_o_mode3ELi0EEC2Ei.exit113, i24 %sub_ln703_1, void, i24 %sub_ln703_1, void, i24 %sub_ln703_1, void"   --->   Operation 198 'phi' 'agg_tmp141_0' <Predicate = (!icmp_ln114)> <Delay = 0.00>
ST_7 : Operation 199 [1/1] (0.00ns)   --->   "%agg_tmp_0 = phi i24, void %bb, i24, void %_ZN8ap_fixedILi45ELi22EL9ap_q_mode5EL9ap_o_mode3ELi0EEC2Ei.exit295, i24 %sub_ln703, void %bb185, i24 %sub_ln703, void %bb184, i24 %sub_ln703, void, i24, void %bb188, i24, void %_ZN8ap_fixedILi45ELi22EL9ap_q_mode5EL9ap_o_mode3ELi0EEC2Ei.exit113, i24, void, i24 %sub_ln703, void, i24, void"   --->   Operation 199 'phi' 'agg_tmp_0' <Predicate = (!icmp_ln114)> <Delay = 0.00>
ST_7 : Operation 200 [1/1] (0.00ns)   --->   "%p_load98 = load i16 %empty, void %store_ln114, void %store_ln206, void %store_ln205, void %store_ln182" [/tools/Xilinx/Vitis/2020.1/workspace/test_fast/libs/xf_opencv/L1/include/video/xf_pyr_dense_optical_flow_scale.hpp:238]   --->   Operation 200 'load' 'p_load98' <Predicate = (!icmp_ln114)> <Delay = 0.00>
ST_7 : Operation 201 [1/1] (0.00ns)   --->   "%p_load96 = load i16 %empty_180, void %store_ln114, void %store_ln206, void %store_ln174" [/tools/Xilinx/Vitis/2020.1/workspace/test_fast/libs/xf_opencv/L1/include/video/xf_pyr_dense_optical_flow_scale.hpp:238]   --->   Operation 201 'load' 'p_load96' <Predicate = (!icmp_ln114)> <Delay = 0.00>
ST_7 : Operation 202 [1/1] (0.00ns)   --->   "%p_load95 = load i16 %empty_181, void %store_ln114, void %store_ln227, void %store_ln220, void %store_ln206, void %store_ln205, void %store_ln182, void %store_ln159, void %store_ln151" [/tools/Xilinx/Vitis/2020.1/workspace/test_fast/libs/xf_opencv/L1/include/video/xf_pyr_dense_optical_flow_scale.hpp:238]   --->   Operation 202 'load' 'p_load95' <Predicate = (!icmp_ln114)> <Delay = 0.00>
ST_7 : Operation 203 [1/1] (0.00ns)   --->   "%p_load = load i16 %empty_182, void %store_ln114, void %store_ln227, void %store_ln206, void %store_ln174, void %store_ln159" [/tools/Xilinx/Vitis/2020.1/workspace/test_fast/libs/xf_opencv/L1/include/video/xf_pyr_dense_optical_flow_scale.hpp:238]   --->   Operation 203 'load' 'p_load' <Predicate = (!icmp_ln114)> <Delay = 0.00>
ST_7 : Operation 204 [7/7] (4.42ns)   --->   "%resIf_V = call i15 @compute_result<16, 10, 45, 22, 48, 16>, i24 %agg_tmp_0, i24 %agg_tmp141_0, i16 %p_load96, i16 %p_load98, i16 %p_load, i16 %p_load95" [/tools/Xilinx/Vitis/2020.1/workspace/test_fast/libs/xf_opencv/L1/include/video/xf_pyr_dense_optical_flow_scale.hpp:238]   --->   Operation 204 'call' 'resIf_V' <Predicate = (!icmp_ln114)> <Delay = 4.42> <CoreType = "Generic">   --->   Core 0 '' <Latency = 0> <II = 1> <Delay = 1.00> <Generic> <Opcode : >

State 8 <SV = 7> <Delay = 4.45>
ST_8 : Operation 205 [6/7] (4.45ns)   --->   "%resIf_V = call i15 @compute_result<16, 10, 45, 22, 48, 16>, i24 %agg_tmp_0, i24 %agg_tmp141_0, i16 %p_load96, i16 %p_load98, i16 %p_load, i16 %p_load95" [/tools/Xilinx/Vitis/2020.1/workspace/test_fast/libs/xf_opencv/L1/include/video/xf_pyr_dense_optical_flow_scale.hpp:238]   --->   Operation 205 'call' 'resIf_V' <Predicate = (!icmp_ln114)> <Delay = 4.45> <CoreType = "Generic">   --->   Core 0 '' <Latency = 0> <II = 1> <Delay = 1.00> <Generic> <Opcode : >

State 9 <SV = 8> <Delay = 4.45>
ST_9 : Operation 206 [5/7] (4.45ns)   --->   "%resIf_V = call i15 @compute_result<16, 10, 45, 22, 48, 16>, i24 %agg_tmp_0, i24 %agg_tmp141_0, i16 %p_load96, i16 %p_load98, i16 %p_load, i16 %p_load95" [/tools/Xilinx/Vitis/2020.1/workspace/test_fast/libs/xf_opencv/L1/include/video/xf_pyr_dense_optical_flow_scale.hpp:238]   --->   Operation 206 'call' 'resIf_V' <Predicate = (!icmp_ln114)> <Delay = 4.45> <CoreType = "Generic">   --->   Core 0 '' <Latency = 0> <II = 1> <Delay = 1.00> <Generic> <Opcode : >

State 10 <SV = 9> <Delay = 4.45>
ST_10 : Operation 207 [4/7] (4.45ns)   --->   "%resIf_V = call i15 @compute_result<16, 10, 45, 22, 48, 16>, i24 %agg_tmp_0, i24 %agg_tmp141_0, i16 %p_load96, i16 %p_load98, i16 %p_load, i16 %p_load95" [/tools/Xilinx/Vitis/2020.1/workspace/test_fast/libs/xf_opencv/L1/include/video/xf_pyr_dense_optical_flow_scale.hpp:238]   --->   Operation 207 'call' 'resIf_V' <Predicate = (!icmp_ln114)> <Delay = 4.45> <CoreType = "Generic">   --->   Core 0 '' <Latency = 0> <II = 1> <Delay = 1.00> <Generic> <Opcode : >

State 11 <SV = 10> <Delay = 4.45>
ST_11 : Operation 208 [3/7] (4.45ns)   --->   "%resIf_V = call i15 @compute_result<16, 10, 45, 22, 48, 16>, i24 %agg_tmp_0, i24 %agg_tmp141_0, i16 %p_load96, i16 %p_load98, i16 %p_load, i16 %p_load95" [/tools/Xilinx/Vitis/2020.1/workspace/test_fast/libs/xf_opencv/L1/include/video/xf_pyr_dense_optical_flow_scale.hpp:238]   --->   Operation 208 'call' 'resIf_V' <Predicate = (!icmp_ln114)> <Delay = 4.45> <CoreType = "Generic">   --->   Core 0 '' <Latency = 0> <II = 1> <Delay = 1.00> <Generic> <Opcode : >

State 12 <SV = 11> <Delay = 4.45>
ST_12 : Operation 209 [2/7] (4.45ns)   --->   "%resIf_V = call i15 @compute_result<16, 10, 45, 22, 48, 16>, i24 %agg_tmp_0, i24 %agg_tmp141_0, i16 %p_load96, i16 %p_load98, i16 %p_load, i16 %p_load95" [/tools/Xilinx/Vitis/2020.1/workspace/test_fast/libs/xf_opencv/L1/include/video/xf_pyr_dense_optical_flow_scale.hpp:238]   --->   Operation 209 'call' 'resIf_V' <Predicate = (!icmp_ln114)> <Delay = 4.45> <CoreType = "Generic">   --->   Core 0 '' <Latency = 0> <II = 1> <Delay = 1.00> <Generic> <Opcode : >

State 13 <SV = 12> <Delay = 3.49>
ST_13 : Operation 210 [1/7] (1.66ns)   --->   "%resIf_V = call i15 @compute_result<16, 10, 45, 22, 48, 16>, i24 %agg_tmp_0, i24 %agg_tmp141_0, i16 %p_load96, i16 %p_load98, i16 %p_load, i16 %p_load95" [/tools/Xilinx/Vitis/2020.1/workspace/test_fast/libs/xf_opencv/L1/include/video/xf_pyr_dense_optical_flow_scale.hpp:238]   --->   Operation 210 'call' 'resIf_V' <Predicate = (!icmp_ln114)> <Delay = 1.66> <CoreType = "Generic">   --->   Core 0 '' <Latency = 0> <II = 1> <Delay = 1.00> <Generic> <Opcode : >
ST_13 : Operation 211 [1/1] (0.00ns)   --->   "%shl_ln1 = bitconcatenate i16 @_ssdm_op_BitConcatenate.i16.i15.i1, i15 %resIf_V, i1"   --->   Operation 211 'bitconcatenate' 'shl_ln1' <Predicate = (!icmp_ln114)> <Delay = 0.00>
ST_13 : Operation 212 [1/1] (1.83ns)   --->   "%write_ln167 = write void @_ssdm_op_Write.ap_fifo.volatile.i16P, i16 %strmFlowU_scaled17, i16 %shl_ln1" [/tools/Xilinx/Vitis/2020.1/common/technology/autopilot/hls_stream_39.h:167]   --->   Operation 212 'write' 'write_ln167' <Predicate = (!icmp_ln114)> <Delay = 1.83> <CoreInst = "FIFO_SRL">   --->   Core 21 'FIFO_SRL' <Latency = 0> <II = 1> <Delay = 1.83> <Storage> <Opcode : 'read' 'write' 'nbread' 'nbwrite'> <Ports = 0> <Width = 16> <Depth = 2> <FIFO>
ST_13 : Operation 213 [1/1] (0.00ns)   --->   "%br_ln114 = br void" [/tools/Xilinx/Vitis/2020.1/workspace/test_fast/libs/xf_opencv/L1/include/video/xf_pyr_dense_optical_flow_scale.hpp:114]   --->   Operation 213 'br' 'br_ln114' <Predicate = (!icmp_ln114)> <Delay = 0.00>

State 14 <SV = 5> <Delay = 0.00>
ST_14 : Operation 214 [1/1] (0.00ns)   --->   "%ret_ln246 = ret" [/tools/Xilinx/Vitis/2020.1/workspace/test_fast/libs/xf_opencv/L1/include/video/xf_pyr_dense_optical_flow_scale.hpp:246]   --->   Operation 214 'ret' 'ret_ln246' <Predicate = true> <Delay = 0.00>


============================================================
+ Verbose Summary: Timing violations
============================================================
Target clock period: 6.67ns, clock uncertainty: 1.8ns.

 <State 1>: 1.95ns
The critical path consists of the following:
	wire read on port 'outRows' [22]  (0 ns)
	'add' operation ('sub41') [28]  (0.853 ns)
	'icmp' operation ('cmp42') [29]  (1.1 ns)

 <State 2>: 0.535ns
The critical path consists of the following:
	'mul' operation of DSP[31] ('p_Val2_634') [31]  (0.535 ns)

 <State 3>: 0.535ns
The critical path consists of the following:
	'mul' operation of DSP[31] ('p_Val2_634') [31]  (0.535 ns)

 <State 4>: 0.656ns
The critical path consists of the following:
	multiplexor before 'phi' operation ('empty_184') with incoming values : ('add_ln695') [43]  (0.656 ns)

 <State 5>: 5.11ns
The critical path consists of the following:
	'load' operation ('bufCount_load_2', /tools/Xilinx/Vitis/2020.1/workspace/test_fast/libs/xf_opencv/L1/include/video/xf_pyr_dense_optical_flow_scale.hpp:185) on local variable 'bufCount' [140]  (0 ns)
	'add' operation ('bufCount', /tools/Xilinx/Vitis/2020.1/workspace/test_fast/libs/xf_opencv/L1/include/video/xf_pyr_dense_optical_flow_scale.hpp:185) [143]  (1.02 ns)
	'store' operation ('store_ln174', /tools/Xilinx/Vitis/2020.1/workspace/test_fast/libs/xf_opencv/L1/include/video/xf_pyr_dense_optical_flow_scale.hpp:174) of variable 'bufCount', /tools/Xilinx/Vitis/2020.1/workspace/test_fast/libs/xf_opencv/L1/include/video/xf_pyr_dense_optical_flow_scale.hpp:185 on local variable 'bufCount' [145]  (0.77 ns)
	blocking operation 3.33 ns on control path)

 <State 6>: 2.7ns
The critical path consists of the following:
	'load' operation ('buffer1_load_5') on array 'buffer1' [116]  (1.24 ns)
	multiplexor before 'phi' operation ('empty_186', /tools/Xilinx/Vitis/2020.1/workspace/test_fast/libs/xf_opencv/L1/include/video/xf_pyr_dense_optical_flow_scale.hpp:193) with incoming values : ('buffer1_load_5') ('buf_load_3', /tools/Xilinx/Vitis/2020.1/workspace/test_fast/libs/xf_opencv/L1/include/video/xf_pyr_dense_optical_flow_scale.hpp:193) [127]  (0.656 ns)
	'phi' operation ('empty_186', /tools/Xilinx/Vitis/2020.1/workspace/test_fast/libs/xf_opencv/L1/include/video/xf_pyr_dense_optical_flow_scale.hpp:193) with incoming values : ('buffer1_load_5') ('buf_load_3', /tools/Xilinx/Vitis/2020.1/workspace/test_fast/libs/xf_opencv/L1/include/video/xf_pyr_dense_optical_flow_scale.hpp:193) [127]  (0 ns)
	'store' operation ('store_ln206', /tools/Xilinx/Vitis/2020.1/workspace/test_fast/libs/xf_opencv/L1/include/video/xf_pyr_dense_optical_flow_scale.hpp:206) of variable 'empty_186', /tools/Xilinx/Vitis/2020.1/workspace/test_fast/libs/xf_opencv/L1/include/video/xf_pyr_dense_optical_flow_scale.hpp:193 on local variable 'empty_181' [135]  (0.809 ns)

 <State 7>: 4.42ns
The critical path consists of the following:
	'phi' operation ('agg_tmp141_0') with incoming values : ('sub_ln703_1') [200]  (0 ns)
	'call' operation ('resIf.V', /tools/Xilinx/Vitis/2020.1/workspace/test_fast/libs/xf_opencv/L1/include/video/xf_pyr_dense_optical_flow_scale.hpp:238) to 'compute_result<16, 10, 45, 22, 48, 16>' [206]  (4.42 ns)

 <State 8>: 4.46ns
The critical path consists of the following:
	'call' operation ('resIf.V', /tools/Xilinx/Vitis/2020.1/workspace/test_fast/libs/xf_opencv/L1/include/video/xf_pyr_dense_optical_flow_scale.hpp:238) to 'compute_result<16, 10, 45, 22, 48, 16>' [206]  (4.46 ns)

 <State 9>: 4.46ns
The critical path consists of the following:
	'call' operation ('resIf.V', /tools/Xilinx/Vitis/2020.1/workspace/test_fast/libs/xf_opencv/L1/include/video/xf_pyr_dense_optical_flow_scale.hpp:238) to 'compute_result<16, 10, 45, 22, 48, 16>' [206]  (4.46 ns)

 <State 10>: 4.46ns
The critical path consists of the following:
	'call' operation ('resIf.V', /tools/Xilinx/Vitis/2020.1/workspace/test_fast/libs/xf_opencv/L1/include/video/xf_pyr_dense_optical_flow_scale.hpp:238) to 'compute_result<16, 10, 45, 22, 48, 16>' [206]  (4.46 ns)

 <State 11>: 4.46ns
The critical path consists of the following:
	'call' operation ('resIf.V', /tools/Xilinx/Vitis/2020.1/workspace/test_fast/libs/xf_opencv/L1/include/video/xf_pyr_dense_optical_flow_scale.hpp:238) to 'compute_result<16, 10, 45, 22, 48, 16>' [206]  (4.46 ns)

 <State 12>: 4.46ns
The critical path consists of the following:
	'call' operation ('resIf.V', /tools/Xilinx/Vitis/2020.1/workspace/test_fast/libs/xf_opencv/L1/include/video/xf_pyr_dense_optical_flow_scale.hpp:238) to 'compute_result<16, 10, 45, 22, 48, 16>' [206]  (4.46 ns)

 <State 13>: 3.5ns
The critical path consists of the following:
	'call' operation ('resIf.V', /tools/Xilinx/Vitis/2020.1/workspace/test_fast/libs/xf_opencv/L1/include/video/xf_pyr_dense_optical_flow_scale.hpp:238) to 'compute_result<16, 10, 45, 22, 48, 16>' [206]  (1.66 ns)
	fifo write on port 'strmFlowU_scaled17' (/tools/Xilinx/Vitis/2020.1/common/technology/autopilot/hls_stream_39.h:167) [208]  (1.84 ns)

 <State 14>: 0ns
The critical path consists of the following:


============================================================
+ Verbose Summary: Binding
============================================================
N/A
* FSMD analyzer results:
  - Output states:
 - Input state : 
  - Chain level:
	State 1
	State 2
	State 3
	State 4
	State 5
	State 6
	State 7
	State 8
	State 9
	State 10
	State 11
	State 12
	State 13
	State 14


============================================================
+ Verbose Summary: Datapath Resource usage 
============================================================
N/A
