

================================================================
== Vitis HLS Report for 'scale_up_unsigned_short_1080_unsigned_short_1920_16_10_45_22_48_16_17_1_false_s'
================================================================
* Date:           Thu Mar 25 14:59:28 2021

* Version:        2020.1.1 (Build 2960000 on Wed Aug 05 23:18:37 MDT 2020)
* Project:        pyr_dense_optical_flow_accel
* Solution:       solution (Vitis Kernel Flow Target)
* Product family: zynquplus
* Target device:  xczu7ev-ffvc1156-2-e


================================================================
== Performance Estimates
================================================================
+ Timing: 
    * Summary: 
    +--------+---------+----------+------------+
    |  Clock |  Target | Estimated| Uncertainty|
    +--------+---------+----------+------------+
    |ap_clk  | 6.67 ns | 5.522 ns |   1.80 ns  |
    +--------+---------+----------+------------+

+ Latency: 
    * Summary: 
    +---------+---------+-----------+-----------+-----+---------+---------+
    |  Latency (cycles) |   Latency (absolute)  |    Interval   | Pipeline|
    |   min   |   max   |    min    |    max    | min |   max   |   Type  |
    +---------+---------+-----------+-----------+-----+---------+---------+
    |        3|  2092583| 20.001 ns | 13.951 ms |    3|  2092583|   none  |
    +---------+---------+-----------+-----------+-----+---------+---------+

    + Detail: 
        * Instance: 
        N/A

        * Loop: 
        +---------------------+---------+---------+-----------+-----------+-----------+----------+----------+
        |                     |  Latency (cycles) | Iteration |  Initiation Interval  |   Trip   |          |
        |      Loop Name      |   min   |   max   |  Latency  |  achieved |   target  |   Count  | Pipelined|
        +---------------------+---------+---------+-----------+-----------+-----------+----------+----------+
        |- VITIS_LOOP_314_1   |        4|  2076840|  4 ~ 1923 |          -|          -| 1 ~ 1080 |    no    |
        | + VITIS_LOOP_318_2  |        1|     1920|          2|          1|          1| 1 ~ 1920 |    yes   |
        |- L2                 |       15|  2088720| 15 ~ 1934 |          -|          -| 1 ~ 1080 |    no    |
        +---------------------+---------+---------+-----------+-----------+-----------+----------+----------+

============================================================
+ Verbose Summary: Synthesis Manager
============================================================
InlineROM: 1
ExposeGlobal: 0
============================================================
+ Verbose Summary: CDFG Model
============================================================
IsTopModel: 0
ResetActiveHigh: 1
IsCombinational: 2
IsDatapathOnly: 0
HasWiredReturn: 1
HasMFsm: 0
HasVarLatency: 1
IsPipeline: 0
IsRtlPipelined: 0
IsInstanceOverlapped: 0
IsDontTouch: 0
HasImplIP: 0
IsGatedGlobalClock: 0

+ Individual pipeline summary: 
  * Pipeline-0: initiation interval (II) = 1, depth = 2


============================================================
+ Verbose Summary: Schedule
============================================================
* Number of FSM states : 12
* Pipeline : 1
  Pipeline-0 : II = 1, D = 2, States = { 5 6 }
* Dataflow Pipeline: 0

* FSM state transitions: 
1 --> 2 
2 --> 3 
3 --> 8 12 4 
4 --> 5 12 
5 --> 7 6 
6 --> 5 
7 --> 4 
8 --> 9 
9 --> 10 
10 --> 11 12 
11 --> 10 
12 --> 

* FSM state operations: 

State 1 <SV = 0> <Delay = 4.14>
ST_1 : Operation 13 [1/1] (0.00ns)   --->   "%buffer_0_V = alloca i64" [/tools/Xilinx/Vitis/2020.1/workspace/test_fast/libs/xf_opencv/L1/include/video/xf_pyr_dense_optical_flow_scale.hpp:271->/tools/Xilinx/Vitis/2020.1/workspace/test_fast/libs/xf_opencv/L1/include/video/xf_pyr_dense_optical_flow.hpp:362->/tools/Xilinx/Vitis/2020.1/workspace/test_fast/libs/xf_opencv/L1/include/video/xf_pyr_dense_optical_flow.hpp:355]   --->   Operation 13 'alloca' 'buffer_0_V' <Predicate = true> <Delay = 0.00>
ST_1 : Operation 14 [1/1] (0.00ns)   --->   "%buffer_1_V = alloca i64" [/tools/Xilinx/Vitis/2020.1/workspace/test_fast/libs/xf_opencv/L1/include/video/xf_pyr_dense_optical_flow_scale.hpp:271->/tools/Xilinx/Vitis/2020.1/workspace/test_fast/libs/xf_opencv/L1/include/video/xf_pyr_dense_optical_flow.hpp:362->/tools/Xilinx/Vitis/2020.1/workspace/test_fast/libs/xf_opencv/L1/include/video/xf_pyr_dense_optical_flow.hpp:355]   --->   Operation 14 'alloca' 'buffer_1_V' <Predicate = true> <Delay = 0.00>
ST_1 : Operation 15 [1/1] (0.00ns)   --->   "%buf0_V = alloca i64" [/tools/Xilinx/Vitis/2020.1/workspace/test_fast/libs/xf_opencv/L1/include/video/xf_pyr_dense_optical_flow_scale.hpp:283->/tools/Xilinx/Vitis/2020.1/workspace/test_fast/libs/xf_opencv/L1/include/video/xf_pyr_dense_optical_flow.hpp:362->/tools/Xilinx/Vitis/2020.1/workspace/test_fast/libs/xf_opencv/L1/include/video/xf_pyr_dense_optical_flow.hpp:355]   --->   Operation 15 'alloca' 'buf0_V' <Predicate = true> <Delay = 0.00>
ST_1 : Operation 16 [1/1] (0.00ns)   --->   "%buf1_V = alloca i64" [/tools/Xilinx/Vitis/2020.1/workspace/test_fast/libs/xf_opencv/L1/include/video/xf_pyr_dense_optical_flow_scale.hpp:283->/tools/Xilinx/Vitis/2020.1/workspace/test_fast/libs/xf_opencv/L1/include/video/xf_pyr_dense_optical_flow.hpp:362->/tools/Xilinx/Vitis/2020.1/workspace/test_fast/libs/xf_opencv/L1/include/video/xf_pyr_dense_optical_flow.hpp:355]   --->   Operation 16 'alloca' 'buf1_V' <Predicate = true> <Delay = 0.00>
ST_1 : Operation 17 [1/1] (1.83ns)   --->   "%prev_rows_read = read i16 @_ssdm_op_Read.ap_fifo.i16P, i16 %prev_rows" [/tools/Xilinx/Vitis/2020.1/workspace/test_fast/libs/xf_opencv/L1/include/video/xf_pyr_dense_optical_flow.hpp:360->/tools/Xilinx/Vitis/2020.1/workspace/test_fast/libs/xf_opencv/L1/include/video/xf_pyr_dense_optical_flow.hpp:355]   --->   Operation 17 'read' 'prev_rows_read' <Predicate = true> <Delay = 1.83> <CoreInst = "FIFO_SRL">   --->   Core 21 'FIFO_SRL' <Latency = 0> <II = 1> <Delay = 1.83> <Storage> <Opcode : 'read' 'write' 'nbread' 'nbwrite'> <Ports = 0> <Width = 16> <Depth = 2> <FIFO>
ST_1 : Operation 18 [1/1] (1.83ns)   --->   "%prev_cols_read = read i16 @_ssdm_op_Read.ap_fifo.i16P, i16 %prev_cols" [/tools/Xilinx/Vitis/2020.1/workspace/test_fast/libs/xf_opencv/L1/include/video/xf_pyr_dense_optical_flow.hpp:360->/tools/Xilinx/Vitis/2020.1/workspace/test_fast/libs/xf_opencv/L1/include/video/xf_pyr_dense_optical_flow.hpp:355]   --->   Operation 18 'read' 'prev_cols_read' <Predicate = true> <Delay = 1.83> <CoreInst = "FIFO_SRL">   --->   Core 21 'FIFO_SRL' <Latency = 0> <II = 1> <Delay = 1.83> <Storage> <Opcode : 'read' 'write' 'nbread' 'nbwrite'> <Ports = 0> <Width = 16> <Depth = 2> <FIFO>
ST_1 : Operation 19 [1/1] (1.83ns)   --->   "%rows_read = read i16 @_ssdm_op_Read.ap_fifo.i16P, i16 %rows" [/tools/Xilinx/Vitis/2020.1/workspace/test_fast/libs/xf_opencv/L1/include/video/xf_pyr_dense_optical_flow.hpp:360->/tools/Xilinx/Vitis/2020.1/workspace/test_fast/libs/xf_opencv/L1/include/video/xf_pyr_dense_optical_flow.hpp:355]   --->   Operation 19 'read' 'rows_read' <Predicate = true> <Delay = 1.83> <CoreInst = "FIFO_SRL">   --->   Core 21 'FIFO_SRL' <Latency = 0> <II = 1> <Delay = 1.83> <Storage> <Opcode : 'read' 'write' 'nbread' 'nbwrite'> <Ports = 0> <Width = 16> <Depth = 2> <FIFO>
ST_1 : Operation 20 [1/1] (1.83ns)   --->   "%cols_read = read i16 @_ssdm_op_Read.ap_fifo.i16P, i16 %cols" [/tools/Xilinx/Vitis/2020.1/workspace/test_fast/libs/xf_opencv/L1/include/video/xf_pyr_dense_optical_flow.hpp:360->/tools/Xilinx/Vitis/2020.1/workspace/test_fast/libs/xf_opencv/L1/include/video/xf_pyr_dense_optical_flow.hpp:355]   --->   Operation 20 'read' 'cols_read' <Predicate = true> <Delay = 1.83> <CoreInst = "FIFO_SRL">   --->   Core 21 'FIFO_SRL' <Latency = 0> <II = 1> <Delay = 1.83> <Storage> <Opcode : 'read' 'write' 'nbread' 'nbwrite'> <Ports = 0> <Width = 16> <Depth = 2> <FIFO>
ST_1 : Operation 21 [1/1] (1.83ns)   --->   "%scale_up_flag_read = read i1 @_ssdm_op_Read.ap_fifo.i1P, i1 %scale_up_flag" [/tools/Xilinx/Vitis/2020.1/workspace/test_fast/libs/xf_opencv/L1/include/video/xf_pyr_dense_optical_flow_scale.hpp:313->/tools/Xilinx/Vitis/2020.1/workspace/test_fast/libs/xf_opencv/L1/include/video/xf_pyr_dense_optical_flow.hpp:362]   --->   Operation 21 'read' 'scale_up_flag_read' <Predicate = true> <Delay = 1.83> <CoreInst = "FIFO_SRL">   --->   Core 21 'FIFO_SRL' <Latency = 0> <II = 1> <Delay = 1.83> <Storage> <Opcode : 'read' 'write' 'nbread' 'nbwrite'> <Ports = 0> <Width = 1> <Depth = 2> <FIFO>
ST_1 : Operation 22 [1/1] (1.83ns)   --->   "%scale_in_read = read i32 @_ssdm_op_Read.ap_fifo.floatP, i32 %scale_in"   --->   Operation 22 'read' 'scale_in_read' <Predicate = true> <Delay = 1.83> <CoreInst = "FIFO_SRL">   --->   Core 21 'FIFO_SRL' <Latency = 0> <II = 1> <Delay = 1.83> <Storage> <Opcode : 'read' 'write' 'nbread' 'nbwrite'> <Ports = 0> <Width = 32> <Depth = 2> <FIFO>
ST_1 : Operation 23 [2/2] (2.30ns)   --->   "%d = fpext i32 %scale_in_read" [/tools/Xilinx/Vitis/2020.1/workspace/test_fast/libs/xf_opencv/L1/include/video/xf_pyr_dense_optical_flow.hpp:355]   --->   Operation 23 'fpext' 'd' <Predicate = true> <Delay = 2.30> <CoreInst = "Float2Double">   --->   Core 120 'Float2Double' <Latency = 1> <II = 1> <Delay = 2.30> <FuncUnit> <Opcode : 'fpext'> <InPorts = 1> <OutPorts = 1>

State 2 <SV = 1> <Delay = 4.09>
ST_2 : Operation 24 [1/2] (2.30ns)   --->   "%d = fpext i32 %scale_in_read" [/tools/Xilinx/Vitis/2020.1/workspace/test_fast/libs/xf_opencv/L1/include/video/xf_pyr_dense_optical_flow.hpp:355]   --->   Operation 24 'fpext' 'd' <Predicate = true> <Delay = 2.30> <CoreInst = "Float2Double">   --->   Core 120 'Float2Double' <Latency = 1> <II = 1> <Delay = 2.30> <FuncUnit> <Opcode : 'fpext'> <InPorts = 1> <OutPorts = 1>
ST_2 : Operation 25 [1/1] (0.00ns)   --->   "%ireg = bitcast i64 %d" [/tools/Xilinx/Vitis/2020.1/workspace/test_fast/libs/xf_opencv/L1/include/video/xf_pyr_dense_optical_flow.hpp:362->/tools/Xilinx/Vitis/2020.1/workspace/test_fast/libs/xf_opencv/L1/include/video/xf_pyr_dense_optical_flow.hpp:355]   --->   Operation 25 'bitcast' 'ireg' <Predicate = true> <Delay = 0.00>
ST_2 : Operation 26 [1/1] (0.00ns)   --->   "%trunc_ln555 = trunc i64 %ireg" [/tools/Xilinx/Vitis/2020.1/workspace/test_fast/libs/xf_opencv/L1/include/video/xf_pyr_dense_optical_flow.hpp:355]   --->   Operation 26 'trunc' 'trunc_ln555' <Predicate = true> <Delay = 0.00>
ST_2 : Operation 27 [1/1] (0.00ns)   --->   "%p_Result_s = bitselect i1 @_ssdm_op_BitSelect.i1.i64.i32, i64 %ireg, i32" [/tools/Xilinx/Vitis/2020.1/workspace/test_fast/libs/xf_opencv/L1/include/video/xf_pyr_dense_optical_flow.hpp:355]   --->   Operation 27 'bitselect' 'p_Result_s' <Predicate = true> <Delay = 0.00>
ST_2 : Operation 28 [1/1] (0.00ns)   --->   "%exp_tmp_V = partselect i11 @_ssdm_op_PartSelect.i11.i64.i32.i32, i64 %ireg, i32, i32" [/tools/Xilinx/Vitis/2020.1/workspace/test_fast/libs/xf_opencv/L1/include/video/xf_pyr_dense_optical_flow.hpp:355]   --->   Operation 28 'partselect' 'exp_tmp_V' <Predicate = true> <Delay = 0.00>
ST_2 : Operation 29 [1/1] (0.00ns)   --->   "%zext_ln455 = zext i11 %exp_tmp_V" [/tools/Xilinx/Vitis/2020.1/workspace/test_fast/libs/xf_opencv/L1/include/video/xf_pyr_dense_optical_flow.hpp:362->/tools/Xilinx/Vitis/2020.1/workspace/test_fast/libs/xf_opencv/L1/include/video/xf_pyr_dense_optical_flow.hpp:355]   --->   Operation 29 'zext' 'zext_ln455' <Predicate = true> <Delay = 0.00>
ST_2 : Operation 30 [1/1] (0.00ns)   --->   "%trunc_ln565 = trunc i64 %ireg" [/tools/Xilinx/Vitis/2020.1/workspace/test_fast/libs/xf_opencv/L1/include/video/xf_pyr_dense_optical_flow.hpp:355]   --->   Operation 30 'trunc' 'trunc_ln565' <Predicate = true> <Delay = 0.00>
ST_2 : Operation 31 [1/1] (0.00ns)   --->   "%p_Result_2 = bitconcatenate i53 @_ssdm_op_BitConcatenate.i53.i1.i52, i1, i52 %trunc_ln565" [/tools/Xilinx/Vitis/2020.1/workspace/test_fast/libs/xf_opencv/L1/include/video/xf_pyr_dense_optical_flow.hpp:355]   --->   Operation 31 'bitconcatenate' 'p_Result_2' <Predicate = true> <Delay = 0.00>
ST_2 : Operation 32 [1/1] (0.00ns)   --->   "%zext_ln569 = zext i53 %p_Result_2" [/tools/Xilinx/Vitis/2020.1/workspace/test_fast/libs/xf_opencv/L1/include/video/xf_pyr_dense_optical_flow.hpp:355]   --->   Operation 32 'zext' 'zext_ln569' <Predicate = true> <Delay = 0.00>
ST_2 : Operation 33 [1/1] (1.10ns)   --->   "%man_V_2 = sub i54, i54 %zext_ln569" [/tools/Xilinx/Vitis/2020.1/workspace/test_fast/libs/xf_opencv/L1/include/video/xf_pyr_dense_optical_flow.hpp:362->/tools/Xilinx/Vitis/2020.1/workspace/test_fast/libs/xf_opencv/L1/include/video/xf_pyr_dense_optical_flow.hpp:355]   --->   Operation 33 'sub' 'man_V_2' <Predicate = true> <Delay = 1.10> <CoreInst = "Adder">   --->   Core 1 'Adder' <Latency = 0> <II = 1> <Delay = 0.85> <FuncUnit> <Opcode : 'add' 'sub'> <InPorts = 2> <OutPorts = 1>
ST_2 : Operation 34 [1/1] (0.40ns)   --->   "%select_ln570 = select i1 %p_Result_s, i54 %man_V_2, i54 %zext_ln569" [/tools/Xilinx/Vitis/2020.1/workspace/test_fast/libs/xf_opencv/L1/include/video/xf_pyr_dense_optical_flow.hpp:355]   --->   Operation 34 'select' 'select_ln570' <Predicate = true> <Delay = 0.40> <CoreInst = "Sel">   --->   Core 11 'Sel' <Latency = 0> <II = 1> <Delay = 0.35> <FuncUnit> <Opcode : 'select'> <InPorts = 3> <OutPorts = 1>
ST_2 : Operation 35 [1/1] (1.13ns)   --->   "%icmp_ln571 = icmp_eq  i63 %trunc_ln555, i63" [/tools/Xilinx/Vitis/2020.1/workspace/test_fast/libs/xf_opencv/L1/include/video/xf_pyr_dense_optical_flow.hpp:355]   --->   Operation 35 'icmp' 'icmp_ln571' <Predicate = true> <Delay = 1.13> <CoreInst = "Cmp">   --->   Core 10 'Cmp' <Latency = 0> <II = 1> <Delay = 1.09> <FuncUnit> <Opcode : 'icmp'> <InPorts = 2> <OutPorts = 1>
ST_2 : Operation 36 [1/1] (0.80ns)   --->   "%F2 = sub i12, i12 %zext_ln455" [/tools/Xilinx/Vitis/2020.1/workspace/test_fast/libs/xf_opencv/L1/include/video/xf_pyr_dense_optical_flow.hpp:355]   --->   Operation 36 'sub' 'F2' <Predicate = true> <Delay = 0.80> <CoreInst = "Adder">   --->   Core 1 'Adder' <Latency = 0> <II = 1> <Delay = 0.85> <FuncUnit> <Opcode : 'add' 'sub'> <InPorts = 2> <OutPorts = 1>
ST_2 : Operation 37 [1/1] (0.97ns)   --->   "%icmp_ln581 = icmp_sgt  i12 %F2, i12" [/tools/Xilinx/Vitis/2020.1/workspace/test_fast/libs/xf_opencv/L1/include/video/xf_pyr_dense_optical_flow.hpp:355]   --->   Operation 37 'icmp' 'icmp_ln581' <Predicate = true> <Delay = 0.97> <CoreInst = "Cmp">   --->   Core 10 'Cmp' <Latency = 0> <II = 1> <Delay = 1.09> <FuncUnit> <Opcode : 'icmp'> <InPorts = 2> <OutPorts = 1>
ST_2 : Operation 38 [1/1] (0.80ns)   --->   "%add_ln581 = add i12, i12 %F2" [/tools/Xilinx/Vitis/2020.1/workspace/test_fast/libs/xf_opencv/L1/include/video/xf_pyr_dense_optical_flow.hpp:355]   --->   Operation 38 'add' 'add_ln581' <Predicate = true> <Delay = 0.80> <CoreInst = "Adder">   --->   Core 1 'Adder' <Latency = 0> <II = 1> <Delay = 0.85> <FuncUnit> <Opcode : 'add' 'sub'> <InPorts = 2> <OutPorts = 1>
ST_2 : Operation 39 [1/1] (0.80ns)   --->   "%sub_ln581 = sub i12, i12 %F2" [/tools/Xilinx/Vitis/2020.1/workspace/test_fast/libs/xf_opencv/L1/include/video/xf_pyr_dense_optical_flow.hpp:355]   --->   Operation 39 'sub' 'sub_ln581' <Predicate = true> <Delay = 0.80> <CoreInst = "Adder">   --->   Core 1 'Adder' <Latency = 0> <II = 1> <Delay = 0.85> <FuncUnit> <Opcode : 'add' 'sub'> <InPorts = 2> <OutPorts = 1>
ST_2 : Operation 40 [1/1] (0.97ns)   --->   "%icmp_ln582 = icmp_eq  i12 %F2, i12" [/tools/Xilinx/Vitis/2020.1/workspace/test_fast/libs/xf_opencv/L1/include/video/xf_pyr_dense_optical_flow.hpp:355]   --->   Operation 40 'icmp' 'icmp_ln582' <Predicate = true> <Delay = 0.97> <CoreInst = "Cmp">   --->   Core 10 'Cmp' <Latency = 0> <II = 1> <Delay = 1.09> <FuncUnit> <Opcode : 'icmp'> <InPorts = 2> <OutPorts = 1>
ST_2 : Operation 41 [1/1] (0.00ns)   --->   "%trunc_ln583 = trunc i54 %select_ln570" [/tools/Xilinx/Vitis/2020.1/workspace/test_fast/libs/xf_opencv/L1/include/video/xf_pyr_dense_optical_flow.hpp:355]   --->   Operation 41 'trunc' 'trunc_ln583' <Predicate = true> <Delay = 0.00>

State 3 <SV = 2> <Delay = 4.80>
ST_3 : Operation 42 [1/1] (0.00ns)   --->   "%specinterface_ln0 = specinterface void @_ssdm_op_SpecInterface, i16 %strmFlowV_split, void @empty_35, i32, i32, void @empty_25, i32, i32, void @empty_25, void @empty_25, void @empty_25, i32, i32, i32, i32, void @empty_25, void @empty_25"   --->   Operation 42 'specinterface' 'specinterface_ln0' <Predicate = true> <Delay = 0.00>
ST_3 : Operation 43 [1/1] (0.00ns)   --->   "%specinterface_ln0 = specinterface void @_ssdm_op_SpecInterface, i16 %strmFlowV_scaled, void @empty_35, i32, i32, void @empty_25, i32, i32, void @empty_25, void @empty_25, void @empty_25, i32, i32, i32, i32, void @empty_25, void @empty_25"   --->   Operation 43 'specinterface' 'specinterface_ln0' <Predicate = true> <Delay = 0.00>
ST_3 : Operation 44 [1/1] (0.00ns)   --->   "%specinterface_ln0 = specinterface void @_ssdm_op_SpecInterface, i32 %scale_in, void @ap_fifo_str, i32, i32, void @p_str, i32, i32, void @p_str, void @p_str, void @p_str, i32, i32, i32, i32, void @p_str, void @ScalarProp_str"   --->   Operation 44 'specinterface' 'specinterface_ln0' <Predicate = true> <Delay = 0.00>
ST_3 : Operation 45 [1/1] (0.00ns)   --->   "%specinterface_ln0 = specinterface void @_ssdm_op_SpecInterface, i1 %scale_up_flag, void @ap_fifo_str, i32, i32, void @p_str, i32, i32, void @p_str, void @p_str, void @p_str, i32, i32, i32, i32, void @p_str, void @ScalarProp_str"   --->   Operation 45 'specinterface' 'specinterface_ln0' <Predicate = true> <Delay = 0.00>
ST_3 : Operation 46 [1/1] (0.00ns)   --->   "%specinterface_ln0 = specinterface void @_ssdm_op_SpecInterface, i16 %cols, void @ap_fifo_str, i32, i32, void @p_str, i32, i32, void @p_str, void @p_str, void @p_str, i32, i32, i32, i32, void @p_str, void @ScalarProp_str"   --->   Operation 46 'specinterface' 'specinterface_ln0' <Predicate = true> <Delay = 0.00>
ST_3 : Operation 47 [1/1] (0.00ns)   --->   "%specinterface_ln0 = specinterface void @_ssdm_op_SpecInterface, i16 %rows, void @ap_fifo_str, i32, i32, void @p_str, i32, i32, void @p_str, void @p_str, void @p_str, i32, i32, i32, i32, void @p_str, void @ScalarProp_str"   --->   Operation 47 'specinterface' 'specinterface_ln0' <Predicate = true> <Delay = 0.00>
ST_3 : Operation 48 [1/1] (0.00ns)   --->   "%specinterface_ln0 = specinterface void @_ssdm_op_SpecInterface, i16 %prev_cols, void @ap_fifo_str, i32, i32, void @p_str, i32, i32, void @p_str, void @p_str, void @p_str, i32, i32, i32, i32, void @p_str, void @ScalarProp_str"   --->   Operation 48 'specinterface' 'specinterface_ln0' <Predicate = true> <Delay = 0.00>
ST_3 : Operation 49 [1/1] (0.00ns)   --->   "%specinterface_ln0 = specinterface void @_ssdm_op_SpecInterface, i16 %prev_rows, void @ap_fifo_str, i32, i32, void @p_str, i32, i32, void @p_str, void @p_str, void @p_str, i32, i32, i32, i32, void @p_str, void @ScalarProp_str"   --->   Operation 49 'specinterface' 'specinterface_ln0' <Predicate = true> <Delay = 0.00>
ST_3 : Operation 50 [1/1] (0.00ns)   --->   "%specinterface_ln0 = specinterface void @_ssdm_op_SpecInterface, i16 %strmFlowV_scaled, void @empty_35, i32, i32, void @empty_25, i32, i32, void @empty_25, void @empty_25, void @empty_25, i32, i32, i32, i32, void @empty_25, void @empty_25"   --->   Operation 50 'specinterface' 'specinterface_ln0' <Predicate = true> <Delay = 0.00>
ST_3 : Operation 51 [1/1] (0.00ns)   --->   "%specinterface_ln0 = specinterface void @_ssdm_op_SpecInterface, i16 %strmFlowV_split, void @empty_35, i32, i32, void @empty_25, i32, i32, void @empty_25, void @empty_25, void @empty_25, i32, i32, i32, i32, void @empty_25, void @empty_25"   --->   Operation 51 'specinterface' 'specinterface_ln0' <Predicate = true> <Delay = 0.00>
ST_3 : Operation 52 [1/1] (0.37ns)   --->   "%sh_amt = select i1 %icmp_ln581, i12 %add_ln581, i12 %sub_ln581" [/tools/Xilinx/Vitis/2020.1/workspace/test_fast/libs/xf_opencv/L1/include/video/xf_pyr_dense_optical_flow.hpp:355]   --->   Operation 52 'select' 'sh_amt' <Predicate = (!icmp_ln571)> <Delay = 0.37> <CoreInst = "Sel">   --->   Core 11 'Sel' <Latency = 0> <II = 1> <Delay = 0.35> <FuncUnit> <Opcode : 'select'> <InPorts = 3> <OutPorts = 1>
ST_3 : Operation 53 [1/1] (0.00ns) (grouped into LUT with out node select_ln603)   --->   "%sext_ln581 = sext i12 %sh_amt" [/tools/Xilinx/Vitis/2020.1/workspace/test_fast/libs/xf_opencv/L1/include/video/xf_pyr_dense_optical_flow.hpp:355]   --->   Operation 53 'sext' 'sext_ln581' <Predicate = (!icmp_ln571)> <Delay = 0.00>
ST_3 : Operation 54 [1/1] (0.97ns)   --->   "%icmp_ln585 = icmp_ult  i12 %sh_amt, i12" [/tools/Xilinx/Vitis/2020.1/workspace/test_fast/libs/xf_opencv/L1/include/video/xf_pyr_dense_optical_flow.hpp:355]   --->   Operation 54 'icmp' 'icmp_ln585' <Predicate = (!icmp_ln571)> <Delay = 0.97> <CoreInst = "Cmp">   --->   Core 10 'Cmp' <Latency = 0> <II = 1> <Delay = 1.09> <FuncUnit> <Opcode : 'icmp'> <InPorts = 2> <OutPorts = 1>
ST_3 : Operation 55 [1/1] (0.97ns)   --->   "%icmp_ln603 = icmp_ult  i12 %sh_amt, i12" [/tools/Xilinx/Vitis/2020.1/workspace/test_fast/libs/xf_opencv/L1/include/video/xf_pyr_dense_optical_flow.hpp:355]   --->   Operation 55 'icmp' 'icmp_ln603' <Predicate = (!icmp_ln571)> <Delay = 0.97> <CoreInst = "Cmp">   --->   Core 10 'Cmp' <Latency = 0> <II = 1> <Delay = 1.09> <FuncUnit> <Opcode : 'icmp'> <InPorts = 2> <OutPorts = 1>
ST_3 : Operation 56 [1/1] (0.00ns) (grouped into LUT with out node select_ln585)   --->   "%trunc_ln586 = trunc i12 %sh_amt" [/tools/Xilinx/Vitis/2020.1/workspace/test_fast/libs/xf_opencv/L1/include/video/xf_pyr_dense_optical_flow.hpp:355]   --->   Operation 56 'trunc' 'trunc_ln586' <Predicate = (!icmp_ln571)> <Delay = 0.00>
ST_3 : Operation 57 [1/1] (0.00ns) (grouped into LUT with out node select_ln585)   --->   "%zext_ln586 = zext i6 %trunc_ln586" [/tools/Xilinx/Vitis/2020.1/workspace/test_fast/libs/xf_opencv/L1/include/video/xf_pyr_dense_optical_flow.hpp:355]   --->   Operation 57 'zext' 'zext_ln586' <Predicate = (!icmp_ln571)> <Delay = 0.00>
ST_3 : Operation 58 [1/1] (0.00ns) (grouped into LUT with out node select_ln585)   --->   "%ashr_ln586 = ashr i54 %select_ln570, i54 %zext_ln586" [/tools/Xilinx/Vitis/2020.1/workspace/test_fast/libs/xf_opencv/L1/include/video/xf_pyr_dense_optical_flow.hpp:355]   --->   Operation 58 'ashr' 'ashr_ln586' <Predicate = (!icmp_ln571)> <Delay = 0.00> <CoreInst = "Shift">   --->   Core 13 'Shift' <Latency = 0> <II = 1> <Delay = 1.23> <FuncUnit> <Opcode : 'shl' 'lshr' 'ashr'> <InPorts = 2> <OutPorts = 1>
ST_3 : Operation 59 [1/1] (0.00ns) (grouped into LUT with out node select_ln585)   --->   "%trunc_ln586_2 = trunc i54 %ashr_ln586" [/tools/Xilinx/Vitis/2020.1/workspace/test_fast/libs/xf_opencv/L1/include/video/xf_pyr_dense_optical_flow.hpp:355]   --->   Operation 59 'trunc' 'trunc_ln586_2' <Predicate = (!icmp_ln571)> <Delay = 0.00>
ST_3 : Operation 60 [1/1] (0.00ns) (grouped into LUT with out node select_ln585_2)   --->   "%bitcast_ln702 = bitcast i32 %scale_in_read" [/tools/Xilinx/Vitis/2020.1/workspace/test_fast/libs/xf_opencv/L1/include/video/xf_pyr_dense_optical_flow.hpp:362->/tools/Xilinx/Vitis/2020.1/workspace/test_fast/libs/xf_opencv/L1/include/video/xf_pyr_dense_optical_flow.hpp:355]   --->   Operation 60 'bitcast' 'bitcast_ln702' <Predicate = (!icmp_ln571)> <Delay = 0.00>
ST_3 : Operation 61 [1/1] (0.00ns) (grouped into LUT with out node select_ln585_2)   --->   "%tmp = bitselect i1 @_ssdm_op_BitSelect.i1.i32.i32, i32 %bitcast_ln702, i32" [/tools/Xilinx/Vitis/2020.1/workspace/test_fast/libs/xf_opencv/L1/include/video/xf_pyr_dense_optical_flow.hpp:355]   --->   Operation 61 'bitselect' 'tmp' <Predicate = (!icmp_ln571)> <Delay = 0.00>
ST_3 : Operation 62 [1/1] (0.00ns) (grouped into LUT with out node select_ln585_2)   --->   "%select_ln588 = select i1 %tmp, i17, i17" [/tools/Xilinx/Vitis/2020.1/workspace/test_fast/libs/xf_opencv/L1/include/video/xf_pyr_dense_optical_flow.hpp:355]   --->   Operation 62 'select' 'select_ln588' <Predicate = (!icmp_ln571)> <Delay = 0.00> <CoreInst = "Sel">   --->   Core 11 'Sel' <Latency = 0> <II = 1> <Delay = 0.35> <FuncUnit> <Opcode : 'select'> <InPorts = 3> <OutPorts = 1>
ST_3 : Operation 63 [1/1] (0.00ns) (grouped into LUT with out node select_ln603)   --->   "%sext_ln581cast = trunc i32 %sext_ln581" [/tools/Xilinx/Vitis/2020.1/workspace/test_fast/libs/xf_opencv/L1/include/video/xf_pyr_dense_optical_flow.hpp:355]   --->   Operation 63 'trunc' 'sext_ln581cast' <Predicate = (!icmp_ln571)> <Delay = 0.00>
ST_3 : Operation 64 [1/1] (0.00ns) (grouped into LUT with out node select_ln603)   --->   "%shl_ln604 = shl i17 %trunc_ln583, i17 %sext_ln581cast" [/tools/Xilinx/Vitis/2020.1/workspace/test_fast/libs/xf_opencv/L1/include/video/xf_pyr_dense_optical_flow.hpp:355]   --->   Operation 64 'shl' 'shl_ln604' <Predicate = (!icmp_ln571)> <Delay = 0.00> <CoreInst = "Shift">   --->   Core 13 'Shift' <Latency = 0> <II = 1> <Delay = 1.23> <FuncUnit> <Opcode : 'shl' 'lshr' 'ashr'> <InPorts = 2> <OutPorts = 1>
ST_3 : Operation 65 [1/1] (0.00ns) (grouped into LUT with out node select_ln582)   --->   "%xor_ln571 = xor i1 %icmp_ln571, i1" [/tools/Xilinx/Vitis/2020.1/workspace/test_fast/libs/xf_opencv/L1/include/video/xf_pyr_dense_optical_flow.hpp:355]   --->   Operation 65 'xor' 'xor_ln571' <Predicate = (!icmp_ln571)> <Delay = 0.00> <CoreInst = "LogicGate">   --->   Core 12 'LogicGate' <Latency = 0> <II = 1> <Delay = 0.28> <FuncUnit> <Opcode : 'and' 'or' 'xor'> <InPorts = 2> <OutPorts = 1>
ST_3 : Operation 66 [1/1] (0.00ns) (grouped into LUT with out node select_ln582)   --->   "%and_ln582 = and i1 %icmp_ln582, i1 %xor_ln571" [/tools/Xilinx/Vitis/2020.1/workspace/test_fast/libs/xf_opencv/L1/include/video/xf_pyr_dense_optical_flow.hpp:355]   --->   Operation 66 'and' 'and_ln582' <Predicate = (!icmp_ln571)> <Delay = 0.00> <CoreInst = "LogicGate">   --->   Core 12 'LogicGate' <Latency = 0> <II = 1> <Delay = 0.28> <FuncUnit> <Opcode : 'and' 'or' 'xor'> <InPorts = 2> <OutPorts = 1>
ST_3 : Operation 67 [1/1] (0.35ns) (out node of the LUT)   --->   "%select_ln582 = select i1 %and_ln582, i17 %trunc_ln583, i17" [/tools/Xilinx/Vitis/2020.1/workspace/test_fast/libs/xf_opencv/L1/include/video/xf_pyr_dense_optical_flow.hpp:355]   --->   Operation 67 'select' 'select_ln582' <Predicate = (!icmp_ln571)> <Delay = 0.35> <CoreInst = "Sel">   --->   Core 11 'Sel' <Latency = 0> <II = 1> <Delay = 0.35> <FuncUnit> <Opcode : 'select'> <InPorts = 3> <OutPorts = 1>
ST_3 : Operation 68 [1/1] (0.28ns)   --->   "%or_ln582 = or i1 %icmp_ln571, i1 %icmp_ln582" [/tools/Xilinx/Vitis/2020.1/workspace/test_fast/libs/xf_opencv/L1/include/video/xf_pyr_dense_optical_flow.hpp:355]   --->   Operation 68 'or' 'or_ln582' <Predicate = (!icmp_ln571)> <Delay = 0.28> <CoreInst = "LogicGate">   --->   Core 12 'LogicGate' <Latency = 0> <II = 1> <Delay = 0.28> <FuncUnit> <Opcode : 'and' 'or' 'xor'> <InPorts = 2> <OutPorts = 1>
ST_3 : Operation 69 [1/1] (0.00ns) (grouped into LUT with out node and_ln581)   --->   "%xor_ln582 = xor i1 %or_ln582, i1" [/tools/Xilinx/Vitis/2020.1/workspace/test_fast/libs/xf_opencv/L1/include/video/xf_pyr_dense_optical_flow.hpp:355]   --->   Operation 69 'xor' 'xor_ln582' <Predicate = (!icmp_ln571)> <Delay = 0.00> <CoreInst = "LogicGate">   --->   Core 12 'LogicGate' <Latency = 0> <II = 1> <Delay = 0.28> <FuncUnit> <Opcode : 'and' 'or' 'xor'> <InPorts = 2> <OutPorts = 1>
ST_3 : Operation 70 [1/1] (0.28ns) (out node of the LUT)   --->   "%and_ln581 = and i1 %icmp_ln581, i1 %xor_ln582" [/tools/Xilinx/Vitis/2020.1/workspace/test_fast/libs/xf_opencv/L1/include/video/xf_pyr_dense_optical_flow.hpp:355]   --->   Operation 70 'and' 'and_ln581' <Predicate = (!icmp_ln571)> <Delay = 0.28> <CoreInst = "LogicGate">   --->   Core 12 'LogicGate' <Latency = 0> <II = 1> <Delay = 0.28> <FuncUnit> <Opcode : 'and' 'or' 'xor'> <InPorts = 2> <OutPorts = 1>
ST_3 : Operation 71 [1/1] (0.00ns) (grouped into LUT with out node select_ln585)   --->   "%and_ln585 = and i1 %and_ln581, i1 %icmp_ln585" [/tools/Xilinx/Vitis/2020.1/workspace/test_fast/libs/xf_opencv/L1/include/video/xf_pyr_dense_optical_flow.hpp:355]   --->   Operation 71 'and' 'and_ln585' <Predicate = (!icmp_ln571)> <Delay = 0.00> <CoreInst = "LogicGate">   --->   Core 12 'LogicGate' <Latency = 0> <II = 1> <Delay = 0.28> <FuncUnit> <Opcode : 'and' 'or' 'xor'> <InPorts = 2> <OutPorts = 1>
ST_3 : Operation 72 [1/1] (1.50ns) (out node of the LUT)   --->   "%select_ln585 = select i1 %and_ln585, i17 %trunc_ln586_2, i17 %select_ln582" [/tools/Xilinx/Vitis/2020.1/workspace/test_fast/libs/xf_opencv/L1/include/video/xf_pyr_dense_optical_flow.hpp:355]   --->   Operation 72 'select' 'select_ln585' <Predicate = (!icmp_ln571)> <Delay = 1.50> <CoreInst = "Sel">   --->   Core 11 'Sel' <Latency = 0> <II = 1> <Delay = 0.35> <FuncUnit> <Opcode : 'select'> <InPorts = 3> <OutPorts = 1>
ST_3 : Operation 73 [1/1] (0.00ns) (grouped into LUT with out node select_ln585_2)   --->   "%xor_ln585 = xor i1 %icmp_ln585, i1" [/tools/Xilinx/Vitis/2020.1/workspace/test_fast/libs/xf_opencv/L1/include/video/xf_pyr_dense_optical_flow.hpp:355]   --->   Operation 73 'xor' 'xor_ln585' <Predicate = (!icmp_ln571)> <Delay = 0.00> <CoreInst = "LogicGate">   --->   Core 12 'LogicGate' <Latency = 0> <II = 1> <Delay = 0.28> <FuncUnit> <Opcode : 'and' 'or' 'xor'> <InPorts = 2> <OutPorts = 1>
ST_3 : Operation 74 [1/1] (0.00ns) (grouped into LUT with out node select_ln585_2)   --->   "%and_ln585_2 = and i1 %and_ln581, i1 %xor_ln585" [/tools/Xilinx/Vitis/2020.1/workspace/test_fast/libs/xf_opencv/L1/include/video/xf_pyr_dense_optical_flow.hpp:355]   --->   Operation 74 'and' 'and_ln585_2' <Predicate = (!icmp_ln571)> <Delay = 0.00> <CoreInst = "LogicGate">   --->   Core 12 'LogicGate' <Latency = 0> <II = 1> <Delay = 0.28> <FuncUnit> <Opcode : 'and' 'or' 'xor'> <InPorts = 2> <OutPorts = 1>
ST_3 : Operation 75 [1/1] (0.35ns) (out node of the LUT)   --->   "%select_ln585_2 = select i1 %and_ln585_2, i17 %select_ln588, i17 %select_ln585" [/tools/Xilinx/Vitis/2020.1/workspace/test_fast/libs/xf_opencv/L1/include/video/xf_pyr_dense_optical_flow.hpp:355]   --->   Operation 75 'select' 'select_ln585_2' <Predicate = (!icmp_ln571)> <Delay = 0.35> <CoreInst = "Sel">   --->   Core 11 'Sel' <Latency = 0> <II = 1> <Delay = 0.35> <FuncUnit> <Opcode : 'select'> <InPorts = 3> <OutPorts = 1>
ST_3 : Operation 76 [1/1] (0.00ns) (grouped into LUT with out node select_ln603)   --->   "%or_ln581 = or i1 %or_ln582, i1 %icmp_ln581" [/tools/Xilinx/Vitis/2020.1/workspace/test_fast/libs/xf_opencv/L1/include/video/xf_pyr_dense_optical_flow.hpp:355]   --->   Operation 76 'or' 'or_ln581' <Predicate = (!icmp_ln571)> <Delay = 0.00> <CoreInst = "LogicGate">   --->   Core 12 'LogicGate' <Latency = 0> <II = 1> <Delay = 0.28> <FuncUnit> <Opcode : 'and' 'or' 'xor'> <InPorts = 2> <OutPorts = 1>
ST_3 : Operation 77 [1/1] (0.00ns) (grouped into LUT with out node select_ln603)   --->   "%xor_ln581 = xor i1 %or_ln581, i1" [/tools/Xilinx/Vitis/2020.1/workspace/test_fast/libs/xf_opencv/L1/include/video/xf_pyr_dense_optical_flow.hpp:355]   --->   Operation 77 'xor' 'xor_ln581' <Predicate = (!icmp_ln571)> <Delay = 0.00> <CoreInst = "LogicGate">   --->   Core 12 'LogicGate' <Latency = 0> <II = 1> <Delay = 0.28> <FuncUnit> <Opcode : 'and' 'or' 'xor'> <InPorts = 2> <OutPorts = 1>
ST_3 : Operation 78 [1/1] (0.00ns) (grouped into LUT with out node select_ln603)   --->   "%and_ln603 = and i1 %icmp_ln603, i1 %xor_ln581" [/tools/Xilinx/Vitis/2020.1/workspace/test_fast/libs/xf_opencv/L1/include/video/xf_pyr_dense_optical_flow.hpp:355]   --->   Operation 78 'and' 'and_ln603' <Predicate = (!icmp_ln571)> <Delay = 0.00> <CoreInst = "LogicGate">   --->   Core 12 'LogicGate' <Latency = 0> <II = 1> <Delay = 0.28> <FuncUnit> <Opcode : 'and' 'or' 'xor'> <InPorts = 2> <OutPorts = 1>
ST_3 : Operation 79 [1/1] (1.23ns) (out node of the LUT)   --->   "%select_ln603 = select i1 %and_ln603, i17 %shl_ln604, i17 %select_ln585_2" [/tools/Xilinx/Vitis/2020.1/workspace/test_fast/libs/xf_opencv/L1/include/video/xf_pyr_dense_optical_flow.hpp:355]   --->   Operation 79 'select' 'select_ln603' <Predicate = (!icmp_ln571)> <Delay = 1.23> <CoreInst = "Sel">   --->   Core 11 'Sel' <Latency = 0> <II = 1> <Delay = 0.35> <FuncUnit> <Opcode : 'select'> <InPorts = 3> <OutPorts = 1>
ST_3 : Operation 80 [1/1] (0.35ns) (out node of the LUT)   --->   "%scaleI_V = select i1 %icmp_ln571, i17, i17 %select_ln603" [/tools/Xilinx/Vitis/2020.1/workspace/test_fast/libs/xf_opencv/L1/include/video/xf_pyr_dense_optical_flow.hpp:355]   --->   Operation 80 'select' 'scaleI_V' <Predicate = true> <Delay = 0.35> <CoreInst = "Sel">   --->   Core 11 'Sel' <Latency = 0> <II = 1> <Delay = 0.35> <FuncUnit> <Opcode : 'select'> <InPorts = 3> <OutPorts = 1>
ST_3 : Operation 81 [1/1] (0.00ns)   --->   "%br_ln313 = br i1 %scale_up_flag_read, void, void %bb.i.i" [/tools/Xilinx/Vitis/2020.1/workspace/test_fast/libs/xf_opencv/L1/include/video/xf_pyr_dense_optical_flow_scale.hpp:313->/tools/Xilinx/Vitis/2020.1/workspace/test_fast/libs/xf_opencv/L1/include/video/xf_pyr_dense_optical_flow.hpp:362->/tools/Xilinx/Vitis/2020.1/workspace/test_fast/libs/xf_opencv/L1/include/video/xf_pyr_dense_optical_flow.hpp:355]   --->   Operation 81 'br' 'br_ln313' <Predicate = true> <Delay = 0.00>
ST_3 : Operation 82 [1/1] (1.10ns)   --->   "%icmp_ln882_5 = icmp_eq  i16 %rows_read, i16" [/tools/Xilinx/Vitis/2020.1/workspace/test_fast/libs/xf_opencv/L1/include/video/xf_pyr_dense_optical_flow.hpp:355]   --->   Operation 82 'icmp' 'icmp_ln882_5' <Predicate = (!scale_up_flag_read)> <Delay = 1.10> <CoreInst = "Cmp">   --->   Core 10 'Cmp' <Latency = 0> <II = 1> <Delay = 1.09> <FuncUnit> <Opcode : 'icmp'> <InPorts = 2> <OutPorts = 1>
ST_3 : Operation 83 [1/1] (0.00ns)   --->   "%br_ln314 = br i1 %icmp_ln882_5, void %.lr.ph317.i.i.preheader, void %.exit" [/tools/Xilinx/Vitis/2020.1/workspace/test_fast/libs/xf_opencv/L1/include/video/xf_pyr_dense_optical_flow_scale.hpp:314->/tools/Xilinx/Vitis/2020.1/workspace/test_fast/libs/xf_opencv/L1/include/video/xf_pyr_dense_optical_flow.hpp:362->/tools/Xilinx/Vitis/2020.1/workspace/test_fast/libs/xf_opencv/L1/include/video/xf_pyr_dense_optical_flow.hpp:355]   --->   Operation 83 'br' 'br_ln314' <Predicate = (!scale_up_flag_read)> <Delay = 0.00>
ST_3 : Operation 84 [1/1] (0.65ns)   --->   "%br_ln314 = br void %.lr.ph317.i.i" [/tools/Xilinx/Vitis/2020.1/workspace/test_fast/libs/xf_opencv/L1/include/video/xf_pyr_dense_optical_flow_scale.hpp:314->/tools/Xilinx/Vitis/2020.1/workspace/test_fast/libs/xf_opencv/L1/include/video/xf_pyr_dense_optical_flow.hpp:362->/tools/Xilinx/Vitis/2020.1/workspace/test_fast/libs/xf_opencv/L1/include/video/xf_pyr_dense_optical_flow.hpp:355]   --->   Operation 84 'br' 'br_ln314' <Predicate = (!scale_up_flag_read & !icmp_ln882_5)> <Delay = 0.65>

State 4 <SV = 3> <Delay = 1.38>
ST_4 : Operation 85 [1/1] (0.00ns)   --->   "%empty = phi i16 %add_ln695, void %._crit_edge.loopexit.i.i, i16, void %.lr.ph317.i.i.preheader" [/tools/Xilinx/Vitis/2020.1/workspace/test_fast/libs/xf_opencv/L1/include/video/xf_pyr_dense_optical_flow.hpp:355]   --->   Operation 85 'phi' 'empty' <Predicate = true> <Delay = 0.00>
ST_4 : Operation 86 [1/1] (1.10ns)   --->   "%icmp_ln314 = icmp_eq  i16 %empty, i16 %rows_read" [/tools/Xilinx/Vitis/2020.1/workspace/test_fast/libs/xf_opencv/L1/include/video/xf_pyr_dense_optical_flow_scale.hpp:314->/tools/Xilinx/Vitis/2020.1/workspace/test_fast/libs/xf_opencv/L1/include/video/xf_pyr_dense_optical_flow.hpp:362->/tools/Xilinx/Vitis/2020.1/workspace/test_fast/libs/xf_opencv/L1/include/video/xf_pyr_dense_optical_flow.hpp:355]   --->   Operation 86 'icmp' 'icmp_ln314' <Predicate = true> <Delay = 1.10> <CoreInst = "Cmp">   --->   Core 10 'Cmp' <Latency = 0> <II = 1> <Delay = 1.09> <FuncUnit> <Opcode : 'icmp'> <InPorts = 2> <OutPorts = 1>
ST_4 : Operation 87 [1/1] (0.85ns)   --->   "%add_ln695 = add i16 %empty, i16" [/tools/Xilinx/Vitis/2020.1/workspace/test_fast/libs/xf_opencv/L1/include/video/xf_pyr_dense_optical_flow.hpp:355]   --->   Operation 87 'add' 'add_ln695' <Predicate = true> <Delay = 0.85> <CoreInst = "Adder">   --->   Core 1 'Adder' <Latency = 0> <II = 1> <Delay = 0.85> <FuncUnit> <Opcode : 'add' 'sub'> <InPorts = 2> <OutPorts = 1>
ST_4 : Operation 88 [1/1] (0.00ns)   --->   "%br_ln314 = br i1 %icmp_ln314, void %.split3.i.i, void %.exit.loopexit" [/tools/Xilinx/Vitis/2020.1/workspace/test_fast/libs/xf_opencv/L1/include/video/xf_pyr_dense_optical_flow_scale.hpp:314->/tools/Xilinx/Vitis/2020.1/workspace/test_fast/libs/xf_opencv/L1/include/video/xf_pyr_dense_optical_flow.hpp:362->/tools/Xilinx/Vitis/2020.1/workspace/test_fast/libs/xf_opencv/L1/include/video/xf_pyr_dense_optical_flow.hpp:355]   --->   Operation 88 'br' 'br_ln314' <Predicate = true> <Delay = 0.00>
ST_4 : Operation 89 [1/1] (0.00ns)   --->   "%speclooptripcount_ln355 = speclooptripcount void @_ssdm_op_SpecLoopTripCount, i64, i64, i64" [/tools/Xilinx/Vitis/2020.1/workspace/test_fast/libs/xf_opencv/L1/include/video/xf_pyr_dense_optical_flow.hpp:355]   --->   Operation 89 'speclooptripcount' 'speclooptripcount_ln355' <Predicate = (!icmp_ln314)> <Delay = 0.00>
ST_4 : Operation 90 [1/1] (0.00ns)   --->   "%specloopname_ln355 = specloopname void @_ssdm_op_SpecLoopName, void @empty_14" [/tools/Xilinx/Vitis/2020.1/workspace/test_fast/libs/xf_opencv/L1/include/video/xf_pyr_dense_optical_flow.hpp:355]   --->   Operation 90 'specloopname' 'specloopname_ln355' <Predicate = (!icmp_ln314)> <Delay = 0.00>
ST_4 : Operation 91 [1/1] (0.65ns)   --->   "%br_ln318 = br void" [/tools/Xilinx/Vitis/2020.1/workspace/test_fast/libs/xf_opencv/L1/include/video/xf_pyr_dense_optical_flow_scale.hpp:318->/tools/Xilinx/Vitis/2020.1/workspace/test_fast/libs/xf_opencv/L1/include/video/xf_pyr_dense_optical_flow.hpp:362->/tools/Xilinx/Vitis/2020.1/workspace/test_fast/libs/xf_opencv/L1/include/video/xf_pyr_dense_optical_flow.hpp:355]   --->   Operation 91 'br' 'br_ln318' <Predicate = (!icmp_ln314)> <Delay = 0.65>
ST_4 : Operation 92 [1/1] (0.00ns)   --->   "%br_ln0 = br void %.exit"   --->   Operation 92 'br' 'br_ln0' <Predicate = (icmp_ln314)> <Delay = 0.00>

State 5 <SV = 4> <Delay = 1.10>
ST_5 : Operation 93 [1/1] (0.00ns)   --->   "%empty_157 = phi i16, void %.split3.i.i, i16 %add_ln695_4, void %.split.i.i" [/tools/Xilinx/Vitis/2020.1/workspace/test_fast/libs/xf_opencv/L1/include/video/xf_pyr_dense_optical_flow.hpp:355]   --->   Operation 93 'phi' 'empty_157' <Predicate = true> <Delay = 0.00>
ST_5 : Operation 94 [1/1] (1.10ns)   --->   "%icmp_ln318 = icmp_eq  i16 %empty_157, i16 %cols_read" [/tools/Xilinx/Vitis/2020.1/workspace/test_fast/libs/xf_opencv/L1/include/video/xf_pyr_dense_optical_flow_scale.hpp:318->/tools/Xilinx/Vitis/2020.1/workspace/test_fast/libs/xf_opencv/L1/include/video/xf_pyr_dense_optical_flow.hpp:362->/tools/Xilinx/Vitis/2020.1/workspace/test_fast/libs/xf_opencv/L1/include/video/xf_pyr_dense_optical_flow.hpp:355]   --->   Operation 94 'icmp' 'icmp_ln318' <Predicate = true> <Delay = 1.10> <CoreInst = "Cmp">   --->   Core 10 'Cmp' <Latency = 0> <II = 1> <Delay = 1.09> <FuncUnit> <Opcode : 'icmp'> <InPorts = 2> <OutPorts = 1>
ST_5 : Operation 95 [1/1] (0.85ns)   --->   "%add_ln695_4 = add i16 %empty_157, i16" [/tools/Xilinx/Vitis/2020.1/workspace/test_fast/libs/xf_opencv/L1/include/video/xf_pyr_dense_optical_flow.hpp:355]   --->   Operation 95 'add' 'add_ln695_4' <Predicate = true> <Delay = 0.85> <CoreInst = "Adder">   --->   Core 1 'Adder' <Latency = 0> <II = 1> <Delay = 0.85> <FuncUnit> <Opcode : 'add' 'sub'> <InPorts = 2> <OutPorts = 1>
ST_5 : Operation 96 [1/1] (0.00ns)   --->   "%br_ln318 = br i1 %icmp_ln318, void %.split.i.i, void %._crit_edge.loopexit.i.i" [/tools/Xilinx/Vitis/2020.1/workspace/test_fast/libs/xf_opencv/L1/include/video/xf_pyr_dense_optical_flow_scale.hpp:318->/tools/Xilinx/Vitis/2020.1/workspace/test_fast/libs/xf_opencv/L1/include/video/xf_pyr_dense_optical_flow.hpp:362->/tools/Xilinx/Vitis/2020.1/workspace/test_fast/libs/xf_opencv/L1/include/video/xf_pyr_dense_optical_flow.hpp:355]   --->   Operation 96 'br' 'br_ln318' <Predicate = true> <Delay = 0.00>

State 6 <SV = 5> <Delay = 3.67>
ST_6 : Operation 97 [1/1] (0.00ns)   --->   "%specpipeline_ln0 = specpipeline void @_ssdm_op_SpecPipeline, i32, i32, i32, i32, void @empty_25" [/tools/Xilinx/Vitis/2020.1/common/technology/autopilot/hls_stream_39.h:0->/tools/Xilinx/Vitis/2020.1/workspace/test_fast/libs/xf_opencv/L1/include/video/xf_pyr_dense_optical_flow.hpp:355]   --->   Operation 97 'specpipeline' 'specpipeline_ln0' <Predicate = (!icmp_ln318)> <Delay = 0.00>
ST_6 : Operation 98 [1/1] (0.00ns)   --->   "%speclooptripcount_ln0 = speclooptripcount void @_ssdm_op_SpecLoopTripCount, i64, i64, i64" [/tools/Xilinx/Vitis/2020.1/common/technology/autopilot/hls_stream_39.h:0->/tools/Xilinx/Vitis/2020.1/workspace/test_fast/libs/xf_opencv/L1/include/video/xf_pyr_dense_optical_flow.hpp:355]   --->   Operation 98 'speclooptripcount' 'speclooptripcount_ln0' <Predicate = (!icmp_ln318)> <Delay = 0.00>
ST_6 : Operation 99 [1/1] (0.00ns)   --->   "%specloopname_ln0 = specloopname void @_ssdm_op_SpecLoopName, void @empty_15" [/tools/Xilinx/Vitis/2020.1/common/technology/autopilot/hls_stream_39.h:0->/tools/Xilinx/Vitis/2020.1/workspace/test_fast/libs/xf_opencv/L1/include/video/xf_pyr_dense_optical_flow.hpp:355]   --->   Operation 99 'specloopname' 'specloopname_ln0' <Predicate = (!icmp_ln318)> <Delay = 0.00>
ST_6 : Operation 100 [1/1] (1.83ns)   --->   "%tmp_2 = read i16 @_ssdm_op_Read.ap_fifo.volatile.i16P, i16 %strmFlowV_split" [/tools/Xilinx/Vitis/2020.1/common/technology/autopilot/hls_stream_39.h:145->/tools/Xilinx/Vitis/2020.1/workspace/test_fast/libs/xf_opencv/L1/include/video/xf_pyr_dense_optical_flow.hpp:355]   --->   Operation 100 'read' 'tmp_2' <Predicate = (!icmp_ln318)> <Delay = 1.83> <CoreInst = "FIFO_SRL">   --->   Core 21 'FIFO_SRL' <Latency = 0> <II = 1> <Delay = 1.83> <Storage> <Opcode : 'read' 'write' 'nbread' 'nbwrite'> <Ports = 0> <Width = 16> <Depth = 2> <FIFO>
ST_6 : Operation 101 [1/1] (1.83ns)   --->   "%write_ln167 = write void @_ssdm_op_Write.ap_fifo.volatile.i16P, i16 %strmFlowV_scaled, i16 %tmp_2" [/tools/Xilinx/Vitis/2020.1/common/technology/autopilot/hls_stream_39.h:167->/tools/Xilinx/Vitis/2020.1/workspace/test_fast/libs/xf_opencv/L1/include/video/xf_pyr_dense_optical_flow.hpp:355]   --->   Operation 101 'write' 'write_ln167' <Predicate = (!icmp_ln318)> <Delay = 1.83> <CoreInst = "FIFO_SRL">   --->   Core 21 'FIFO_SRL' <Latency = 0> <II = 1> <Delay = 1.83> <Storage> <Opcode : 'read' 'write' 'nbread' 'nbwrite'> <Ports = 0> <Width = 16> <Depth = 2> <FIFO>
ST_6 : Operation 102 [1/1] (0.00ns)   --->   "%br_ln0 = br void"   --->   Operation 102 'br' 'br_ln0' <Predicate = (!icmp_ln318)> <Delay = 0.00>

State 7 <SV = 5> <Delay = 0.00>
ST_7 : Operation 103 [1/1] (0.00ns)   --->   "%br_ln0 = br void %.lr.ph317.i.i"   --->   Operation 103 'br' 'br_ln0' <Predicate = true> <Delay = 0.00>

State 8 <SV = 3> <Delay = 3.56>
ST_8 : Operation 104 [2/2] (3.56ns)   --->   "%call_ret_i_i = call i33 @load_data<1920, 16, 10, 45, 22, 17, 1>, i16 %strmFlowV_split, i16 %buf0_V, i16 %prev_rows_read, i16 %prev_cols_read, i16, i17 %scaleI_V, i32, i32" [/tools/Xilinx/Vitis/2020.1/workspace/test_fast/libs/xf_opencv/L1/include/video/xf_pyr_dense_optical_flow_scale.hpp:332->/tools/Xilinx/Vitis/2020.1/workspace/test_fast/libs/xf_opencv/L1/include/video/xf_pyr_dense_optical_flow.hpp:362->/tools/Xilinx/Vitis/2020.1/workspace/test_fast/libs/xf_opencv/L1/include/video/xf_pyr_dense_optical_flow.hpp:355]   --->   Operation 104 'call' 'call_ret_i_i' <Predicate = true> <Delay = 3.56> <CoreType = "Generic">   --->   Core 0 '' <Latency = 0> <II = 1> <Delay = 1.00> <Generic> <Opcode : >

State 9 <SV = 4> <Delay = 2.90>
ST_9 : Operation 105 [1/2] (0.65ns)   --->   "%call_ret_i_i = call i33 @load_data<1920, 16, 10, 45, 22, 17, 1>, i16 %strmFlowV_split, i16 %buf0_V, i16 %prev_rows_read, i16 %prev_cols_read, i16, i17 %scaleI_V, i32, i32" [/tools/Xilinx/Vitis/2020.1/workspace/test_fast/libs/xf_opencv/L1/include/video/xf_pyr_dense_optical_flow_scale.hpp:332->/tools/Xilinx/Vitis/2020.1/workspace/test_fast/libs/xf_opencv/L1/include/video/xf_pyr_dense_optical_flow.hpp:362->/tools/Xilinx/Vitis/2020.1/workspace/test_fast/libs/xf_opencv/L1/include/video/xf_pyr_dense_optical_flow.hpp:355]   --->   Operation 105 'call' 'call_ret_i_i' <Predicate = true> <Delay = 0.65> <CoreType = "Generic">   --->   Core 0 '' <Latency = 0> <II = 1> <Delay = 1.00> <Generic> <Opcode : >
ST_9 : Operation 106 [1/1] (0.00ns)   --->   "%flagLoaded0 = extractvalue i33 %call_ret_i_i" [/tools/Xilinx/Vitis/2020.1/workspace/test_fast/libs/xf_opencv/L1/include/video/xf_pyr_dense_optical_flow_scale.hpp:332->/tools/Xilinx/Vitis/2020.1/workspace/test_fast/libs/xf_opencv/L1/include/video/xf_pyr_dense_optical_flow.hpp:362->/tools/Xilinx/Vitis/2020.1/workspace/test_fast/libs/xf_opencv/L1/include/video/xf_pyr_dense_optical_flow.hpp:355]   --->   Operation 106 'extractvalue' 'flagLoaded0' <Predicate = true> <Delay = 0.00>
ST_9 : Operation 107 [1/1] (0.00ns)   --->   "%prevIceil = extractvalue i33 %call_ret_i_i" [/tools/Xilinx/Vitis/2020.1/workspace/test_fast/libs/xf_opencv/L1/include/video/xf_pyr_dense_optical_flow_scale.hpp:332->/tools/Xilinx/Vitis/2020.1/workspace/test_fast/libs/xf_opencv/L1/include/video/xf_pyr_dense_optical_flow.hpp:362->/tools/Xilinx/Vitis/2020.1/workspace/test_fast/libs/xf_opencv/L1/include/video/xf_pyr_dense_optical_flow.hpp:355]   --->   Operation 107 'extractvalue' 'prevIceil' <Predicate = true> <Delay = 0.00>
ST_9 : Operation 108 [1/1] (0.00ns)   --->   "%outRows_cast_i_i = zext i16 %rows_read" [/tools/Xilinx/Vitis/2020.1/workspace/test_fast/libs/xf_opencv/L1/include/video/xf_pyr_dense_optical_flow.hpp:360->/tools/Xilinx/Vitis/2020.1/workspace/test_fast/libs/xf_opencv/L1/include/video/xf_pyr_dense_optical_flow.hpp:355]   --->   Operation 108 'zext' 'outRows_cast_i_i' <Predicate = true> <Delay = 0.00>
ST_9 : Operation 109 [1/1] (0.85ns)   --->   "%op2_assign = add i17 %outRows_cast_i_i, i17" [/tools/Xilinx/Vitis/2020.1/workspace/test_fast/libs/xf_opencv/L1/include/video/xf_pyr_dense_optical_flow.hpp:360->/tools/Xilinx/Vitis/2020.1/workspace/test_fast/libs/xf_opencv/L1/include/video/xf_pyr_dense_optical_flow.hpp:355]   --->   Operation 109 'add' 'op2_assign' <Predicate = true> <Delay = 0.85> <CoreInst = "Adder">   --->   Core 1 'Adder' <Latency = 0> <II = 1> <Delay = 0.85> <FuncUnit> <Opcode : 'add' 'sub'> <InPorts = 2> <OutPorts = 1>
ST_9 : Operation 110 [1/1] (1.09ns)   --->   "%icmp_ln882 = icmp_sgt  i17 %op2_assign, i17" [/tools/Xilinx/Vitis/2020.1/workspace/test_fast/libs/xf_opencv/L1/include/video/xf_pyr_dense_optical_flow.hpp:355]   --->   Operation 110 'icmp' 'icmp_ln882' <Predicate = true> <Delay = 1.09> <CoreInst = "Cmp">   --->   Core 10 'Cmp' <Latency = 0> <II = 1> <Delay = 1.09> <FuncUnit> <Opcode : 'icmp'> <InPorts = 2> <OutPorts = 1>
ST_9 : Operation 111 [1/1] (0.65ns)   --->   "%br_ln336 = br i1 %icmp_ln882, void %._crit_edge339.thread.i.i, void %.lr.ph338.i.i.preheader" [/tools/Xilinx/Vitis/2020.1/workspace/test_fast/libs/xf_opencv/L1/include/video/xf_pyr_dense_optical_flow_scale.hpp:336->/tools/Xilinx/Vitis/2020.1/workspace/test_fast/libs/xf_opencv/L1/include/video/xf_pyr_dense_optical_flow.hpp:362->/tools/Xilinx/Vitis/2020.1/workspace/test_fast/libs/xf_opencv/L1/include/video/xf_pyr_dense_optical_flow.hpp:355]   --->   Operation 111 'br' 'br_ln336' <Predicate = true> <Delay = 0.65>
ST_9 : Operation 112 [1/1] (0.00ns)   --->   "%prevIceil_5 = alloca i32"   --->   Operation 112 'alloca' 'prevIceil_5' <Predicate = (icmp_ln882)> <Delay = 0.00>
ST_9 : Operation 113 [1/1] (0.00ns)   --->   "%flagLoaded0_3 = alloca i32"   --->   Operation 113 'alloca' 'flagLoaded0_3' <Predicate = (icmp_ln882)> <Delay = 0.00>
ST_9 : Operation 114 [1/1] (0.00ns)   --->   "%flagLoaded1_2 = alloca i32"   --->   Operation 114 'alloca' 'flagLoaded1_2' <Predicate = (icmp_ln882)> <Delay = 0.00>
ST_9 : Operation 115 [1/1] (0.65ns)   --->   "%store_ln355 = store i1 %flagLoaded0, i1 %flagLoaded0_3" [/tools/Xilinx/Vitis/2020.1/workspace/test_fast/libs/xf_opencv/L1/include/video/xf_pyr_dense_optical_flow.hpp:355]   --->   Operation 115 'store' 'store_ln355' <Predicate = (icmp_ln882)> <Delay = 0.65>
ST_9 : Operation 116 [1/1] (0.67ns)   --->   "%store_ln355 = store i32 %prevIceil, i32 %prevIceil_5" [/tools/Xilinx/Vitis/2020.1/workspace/test_fast/libs/xf_opencv/L1/include/video/xf_pyr_dense_optical_flow.hpp:355]   --->   Operation 116 'store' 'store_ln355' <Predicate = (icmp_ln882)> <Delay = 0.67>
ST_9 : Operation 117 [1/1] (0.65ns)   --->   "%br_ln355 = br void %.lr.ph338.i.i" [/tools/Xilinx/Vitis/2020.1/workspace/test_fast/libs/xf_opencv/L1/include/video/xf_pyr_dense_optical_flow.hpp:355]   --->   Operation 117 'br' 'br_ln355' <Predicate = (icmp_ln882)> <Delay = 0.65>

State 10 <SV = 5> <Delay = 5.52>
ST_10 : Operation 118 [1/1] (0.00ns)   --->   "%flag = phi i1 %flag_2, void, i1, void %.lr.ph338.i.i.preheader"   --->   Operation 118 'phi' 'flag' <Predicate = (icmp_ln882)> <Delay = 0.00>
ST_10 : Operation 119 [1/1] (0.00ns)   --->   "%empty_158 = phi i16 %add_i_i52_i_i, void, i16, void %.lr.ph338.i.i.preheader"   --->   Operation 119 'phi' 'empty_158' <Predicate = (icmp_ln882)> <Delay = 0.00>
ST_10 : Operation 120 [1/1] (0.00ns)   --->   "%flagLoaded0_3_load = load i1 %flagLoaded0_3, void %store_ln355"   --->   Operation 120 'load' 'flagLoaded0_3_load' <Predicate = (icmp_ln882)> <Delay = 0.00>
ST_10 : Operation 121 [1/1] (0.00ns)   --->   "%zext_ln882 = zext i16 %empty_158" [/tools/Xilinx/Vitis/2020.1/workspace/test_fast/libs/xf_opencv/L1/include/video/xf_pyr_dense_optical_flow.hpp:355]   --->   Operation 121 'zext' 'zext_ln882' <Predicate = (icmp_ln882)> <Delay = 0.00>
ST_10 : Operation 122 [1/1] (1.09ns)   --->   "%icmp_ln882_6 = icmp_slt  i17 %zext_ln882, i17 %op2_assign" [/tools/Xilinx/Vitis/2020.1/workspace/test_fast/libs/xf_opencv/L1/include/video/xf_pyr_dense_optical_flow.hpp:355]   --->   Operation 122 'icmp' 'icmp_ln882_6' <Predicate = (icmp_ln882)> <Delay = 1.09> <CoreInst = "Cmp">   --->   Core 10 'Cmp' <Latency = 0> <II = 1> <Delay = 1.09> <FuncUnit> <Opcode : 'icmp'> <InPorts = 2> <OutPorts = 1>
ST_10 : Operation 123 [1/1] (0.85ns)   --->   "%add_i_i52_i_i = add i16 %empty_158, i16"   --->   Operation 123 'add' 'add_i_i52_i_i' <Predicate = (icmp_ln882)> <Delay = 0.85> <CoreInst = "Adder">   --->   Core 1 'Adder' <Latency = 0> <II = 1> <Delay = 0.85> <FuncUnit> <Opcode : 'add' 'sub'> <InPorts = 2> <OutPorts = 1>
ST_10 : Operation 124 [1/1] (0.00ns)   --->   "%br_ln336 = br i1 %icmp_ln882_6, void %._crit_edge339.i.i, void %.split6.i.i" [/tools/Xilinx/Vitis/2020.1/workspace/test_fast/libs/xf_opencv/L1/include/video/xf_pyr_dense_optical_flow_scale.hpp:336->/tools/Xilinx/Vitis/2020.1/workspace/test_fast/libs/xf_opencv/L1/include/video/xf_pyr_dense_optical_flow.hpp:362->/tools/Xilinx/Vitis/2020.1/workspace/test_fast/libs/xf_opencv/L1/include/video/xf_pyr_dense_optical_flow.hpp:355]   --->   Operation 124 'br' 'br_ln336' <Predicate = (icmp_ln882)> <Delay = 0.00>
ST_10 : Operation 125 [1/1] (0.00ns)   --->   "%speclooptripcount_ln309 = speclooptripcount void @_ssdm_op_SpecLoopTripCount, i64, i64, i64" [/tools/Xilinx/Vitis/2020.1/workspace/test_fast/libs/xf_opencv/L1/include/video/xf_pyr_dense_optical_flow_scale.hpp:309->/tools/Xilinx/Vitis/2020.1/workspace/test_fast/libs/xf_opencv/L1/include/video/xf_pyr_dense_optical_flow.hpp:362->/tools/Xilinx/Vitis/2020.1/workspace/test_fast/libs/xf_opencv/L1/include/video/xf_pyr_dense_optical_flow.hpp:355]   --->   Operation 125 'speclooptripcount' 'speclooptripcount_ln309' <Predicate = (icmp_ln882 & icmp_ln882_6)> <Delay = 0.00>
ST_10 : Operation 126 [1/1] (0.00ns)   --->   "%specloopname_ln309 = specloopname void @_ssdm_op_SpecLoopName, void @empty_13" [/tools/Xilinx/Vitis/2020.1/workspace/test_fast/libs/xf_opencv/L1/include/video/xf_pyr_dense_optical_flow_scale.hpp:309->/tools/Xilinx/Vitis/2020.1/workspace/test_fast/libs/xf_opencv/L1/include/video/xf_pyr_dense_optical_flow.hpp:362->/tools/Xilinx/Vitis/2020.1/workspace/test_fast/libs/xf_opencv/L1/include/video/xf_pyr_dense_optical_flow.hpp:355]   --->   Operation 126 'specloopname' 'specloopname_ln309' <Predicate = (icmp_ln882 & icmp_ln882_6)> <Delay = 0.00>
ST_10 : Operation 127 [1/1] (0.00ns)   --->   "%prevIceil_5_load = load i32 %prevIceil_5, void %store_ln355" [/tools/Xilinx/Vitis/2020.1/workspace/test_fast/libs/xf_opencv/L1/include/video/xf_pyr_dense_optical_flow_scale.hpp:348->/tools/Xilinx/Vitis/2020.1/workspace/test_fast/libs/xf_opencv/L1/include/video/xf_pyr_dense_optical_flow.hpp:362->/tools/Xilinx/Vitis/2020.1/workspace/test_fast/libs/xf_opencv/L1/include/video/xf_pyr_dense_optical_flow.hpp:355]   --->   Operation 127 'load' 'prevIceil_5_load' <Predicate = (icmp_ln882 & icmp_ln882_6)> <Delay = 0.00>
ST_10 : Operation 128 [1/1] (0.00ns)   --->   "%br_ln340 = br i1 %flag, void %bb363.i.i, void %bb362.i.i" [/tools/Xilinx/Vitis/2020.1/workspace/test_fast/libs/xf_opencv/L1/include/video/xf_pyr_dense_optical_flow_scale.hpp:340->/tools/Xilinx/Vitis/2020.1/workspace/test_fast/libs/xf_opencv/L1/include/video/xf_pyr_dense_optical_flow.hpp:362->/tools/Xilinx/Vitis/2020.1/workspace/test_fast/libs/xf_opencv/L1/include/video/xf_pyr_dense_optical_flow.hpp:355]   --->   Operation 128 'br' 'br_ln340' <Predicate = (icmp_ln882 & icmp_ln882_6)> <Delay = 0.00>
ST_10 : Operation 129 [2/2] (3.56ns)   --->   "%call_ret4_i_i = call i33 @load_data<1920, 16, 10, 45, 22, 17, 1>, i16 %strmFlowV_split, i16 %buf1_V, i16 %prev_rows_read, i16 %prev_cols_read, i16 %add_i_i52_i_i, i17 %scaleI_V, i32 %prevIceil_5_load, i32 %prevIceil_5_load, i33 %call_ret_i_i, i33 %call_ret_i_i" [/tools/Xilinx/Vitis/2020.1/workspace/test_fast/libs/xf_opencv/L1/include/video/xf_pyr_dense_optical_flow_scale.hpp:341->/tools/Xilinx/Vitis/2020.1/workspace/test_fast/libs/xf_opencv/L1/include/video/xf_pyr_dense_optical_flow.hpp:362->/tools/Xilinx/Vitis/2020.1/workspace/test_fast/libs/xf_opencv/L1/include/video/xf_pyr_dense_optical_flow.hpp:355]   --->   Operation 129 'call' 'call_ret4_i_i' <Predicate = (icmp_ln882 & icmp_ln882_6 & !flag)> <Delay = 3.56> <CoreType = "Generic">   --->   Core 0 '' <Latency = 0> <II = 1> <Delay = 1.00> <Generic> <Opcode : >
ST_10 : Operation 130 [2/2] (2.64ns)   --->   "%call_ln343 = call void @process<(unsigned short)1080, (unsigned short)1920, 16, 10, 45, 22, 48, 16, 17, 1>, i16 %strmFlowV_scaled, i16 %buf0_V, i16 %buffer_0_V, i16 %buffer_1_V, i16 %rows_read, i16 %cols_read, i1 %flagLoaded0_3_load, i17 %zext_ln882, i17 %scaleI_V, i17 %scaleI_V, i33 %call_ret_i_i" [/tools/Xilinx/Vitis/2020.1/workspace/test_fast/libs/xf_opencv/L1/include/video/xf_pyr_dense_optical_flow_scale.hpp:343->/tools/Xilinx/Vitis/2020.1/workspace/test_fast/libs/xf_opencv/L1/include/video/xf_pyr_dense_optical_flow.hpp:362->/tools/Xilinx/Vitis/2020.1/workspace/test_fast/libs/xf_opencv/L1/include/video/xf_pyr_dense_optical_flow.hpp:355]   --->   Operation 130 'call' 'call_ln343' <Predicate = (icmp_ln882 & icmp_ln882_6 & !flag)> <Delay = 2.64> <CoreType = "Generic">   --->   Core 0 '' <Latency = 0> <II = 1> <Delay = 1.00> <Generic> <Opcode : >
ST_10 : Operation 131 [1/1] (0.00ns)   --->   "%flagLoaded1_2_load = load i1 %flagLoaded1_2" [/tools/Xilinx/Vitis/2020.1/workspace/test_fast/libs/xf_opencv/L1/include/video/xf_pyr_dense_optical_flow_scale.hpp:350->/tools/Xilinx/Vitis/2020.1/workspace/test_fast/libs/xf_opencv/L1/include/video/xf_pyr_dense_optical_flow.hpp:362->/tools/Xilinx/Vitis/2020.1/workspace/test_fast/libs/xf_opencv/L1/include/video/xf_pyr_dense_optical_flow.hpp:355]   --->   Operation 131 'load' 'flagLoaded1_2_load' <Predicate = (icmp_ln882 & icmp_ln882_6 & flag)> <Delay = 0.00>
ST_10 : Operation 132 [2/2] (3.56ns)   --->   "%call_ret3_i_i = call i33 @load_data<1920, 16, 10, 45, 22, 17, 1>, i16 %strmFlowV_split, i16 %buf0_V, i16 %prev_rows_read, i16 %prev_cols_read, i16 %add_i_i52_i_i, i17 %scaleI_V, i32 %prevIceil_5_load, i32 %prevIceil_5_load, i33 %call_ret_i_i, i33 %call_ret_i_i" [/tools/Xilinx/Vitis/2020.1/workspace/test_fast/libs/xf_opencv/L1/include/video/xf_pyr_dense_optical_flow_scale.hpp:348->/tools/Xilinx/Vitis/2020.1/workspace/test_fast/libs/xf_opencv/L1/include/video/xf_pyr_dense_optical_flow.hpp:362->/tools/Xilinx/Vitis/2020.1/workspace/test_fast/libs/xf_opencv/L1/include/video/xf_pyr_dense_optical_flow.hpp:355]   --->   Operation 132 'call' 'call_ret3_i_i' <Predicate = (icmp_ln882 & icmp_ln882_6 & flag)> <Delay = 3.56> <CoreType = "Generic">   --->   Core 0 '' <Latency = 0> <II = 1> <Delay = 1.00> <Generic> <Opcode : >
ST_10 : Operation 133 [2/2] (2.64ns)   --->   "%call_ln350 = call void @process<(unsigned short)1080, (unsigned short)1920, 16, 10, 45, 22, 48, 16, 17, 1>, i16 %strmFlowV_scaled, i16 %buf1_V, i16 %buffer_0_V, i16 %buffer_1_V, i16 %rows_read, i16 %cols_read, i1 %flagLoaded1_2_load, i17 %zext_ln882, i17 %scaleI_V, i17 %scaleI_V" [/tools/Xilinx/Vitis/2020.1/workspace/test_fast/libs/xf_opencv/L1/include/video/xf_pyr_dense_optical_flow_scale.hpp:350->/tools/Xilinx/Vitis/2020.1/workspace/test_fast/libs/xf_opencv/L1/include/video/xf_pyr_dense_optical_flow.hpp:362->/tools/Xilinx/Vitis/2020.1/workspace/test_fast/libs/xf_opencv/L1/include/video/xf_pyr_dense_optical_flow.hpp:355]   --->   Operation 133 'call' 'call_ln350' <Predicate = (icmp_ln882 & icmp_ln882_6 & flag)> <Delay = 2.64> <CoreType = "Generic">   --->   Core 0 '' <Latency = 0> <II = 1> <Delay = 1.00> <Generic> <Opcode : >
ST_10 : Operation 134 [1/1] (0.65ns)   --->   "%br_ln357 = br i1 %flag, void %._crit_edge339.thread.i.i, void" [/tools/Xilinx/Vitis/2020.1/workspace/test_fast/libs/xf_opencv/L1/include/video/xf_pyr_dense_optical_flow_scale.hpp:357->/tools/Xilinx/Vitis/2020.1/workspace/test_fast/libs/xf_opencv/L1/include/video/xf_pyr_dense_optical_flow.hpp:362->/tools/Xilinx/Vitis/2020.1/workspace/test_fast/libs/xf_opencv/L1/include/video/xf_pyr_dense_optical_flow.hpp:355]   --->   Operation 134 'br' 'br_ln357' <Predicate = (icmp_ln882 & !icmp_ln882_6)> <Delay = 0.65>
ST_10 : Operation 135 [1/1] (0.00ns)   --->   "%flagLoaded0_2_i_i = phi i1 %flagLoaded0_3_load, void %._crit_edge339.i.i, i1 %flagLoaded0, void %bb.i.i"   --->   Operation 135 'phi' 'flagLoaded0_2_i_i' <Predicate = (!icmp_ln882_6 & !flag) | (!icmp_ln882)> <Delay = 0.00>
ST_10 : Operation 136 [2/2] (2.64ns)   --->   "%call_ln358 = call void @process<(unsigned short)1080, (unsigned short)1920, 16, 10, 45, 22, 48, 16, 17, 1>, i16 %strmFlowV_scaled, i16 %buf0_V, i16 %buffer_0_V, i16 %buffer_1_V, i16 %rows_read, i16 %cols_read, i1 %flagLoaded0_2_i_i, i17 %op2_assign, i17 %scaleI_V, i17 %scaleI_V, i33 %call_ret_i_i, i33 %call_ret_i_i" [/tools/Xilinx/Vitis/2020.1/workspace/test_fast/libs/xf_opencv/L1/include/video/xf_pyr_dense_optical_flow_scale.hpp:358->/tools/Xilinx/Vitis/2020.1/workspace/test_fast/libs/xf_opencv/L1/include/video/xf_pyr_dense_optical_flow.hpp:362->/tools/Xilinx/Vitis/2020.1/workspace/test_fast/libs/xf_opencv/L1/include/video/xf_pyr_dense_optical_flow.hpp:355]   --->   Operation 136 'call' 'call_ln358' <Predicate = (!icmp_ln882_6 & !flag) | (!icmp_ln882)> <Delay = 2.64> <CoreType = "Generic">   --->   Core 0 '' <Latency = 0> <II = 1> <Delay = 1.00> <Generic> <Opcode : >
ST_10 : Operation 137 [1/1] (0.00ns)   --->   "%flagLoaded1_2_load_1 = load i1 %flagLoaded1_2" [/tools/Xilinx/Vitis/2020.1/workspace/test_fast/libs/xf_opencv/L1/include/video/xf_pyr_dense_optical_flow_scale.hpp:361->/tools/Xilinx/Vitis/2020.1/workspace/test_fast/libs/xf_opencv/L1/include/video/xf_pyr_dense_optical_flow.hpp:362->/tools/Xilinx/Vitis/2020.1/workspace/test_fast/libs/xf_opencv/L1/include/video/xf_pyr_dense_optical_flow.hpp:355]   --->   Operation 137 'load' 'flagLoaded1_2_load_1' <Predicate = (icmp_ln882 & !icmp_ln882_6 & flag)> <Delay = 0.00>
ST_10 : Operation 138 [2/2] (2.64ns)   --->   "%call_ln361 = call void @process<(unsigned short)1080, (unsigned short)1920, 16, 10, 45, 22, 48, 16, 17, 1>, i16 %strmFlowV_scaled, i16 %buf1_V, i16 %buffer_0_V, i16 %buffer_1_V, i16 %rows_read, i16 %cols_read, i1 %flagLoaded1_2_load_1, i17 %op2_assign, i17 %scaleI_V, i17 %scaleI_V" [/tools/Xilinx/Vitis/2020.1/workspace/test_fast/libs/xf_opencv/L1/include/video/xf_pyr_dense_optical_flow_scale.hpp:361->/tools/Xilinx/Vitis/2020.1/workspace/test_fast/libs/xf_opencv/L1/include/video/xf_pyr_dense_optical_flow.hpp:362->/tools/Xilinx/Vitis/2020.1/workspace/test_fast/libs/xf_opencv/L1/include/video/xf_pyr_dense_optical_flow.hpp:355]   --->   Operation 138 'call' 'call_ln361' <Predicate = (icmp_ln882 & !icmp_ln882_6 & flag)> <Delay = 2.64> <CoreType = "Generic">   --->   Core 0 '' <Latency = 0> <II = 1> <Delay = 1.00> <Generic> <Opcode : >

State 11 <SV = 6> <Delay = 1.33>
ST_11 : Operation 139 [1/2] (0.65ns)   --->   "%call_ret4_i_i = call i33 @load_data<1920, 16, 10, 45, 22, 17, 1>, i16 %strmFlowV_split, i16 %buf1_V, i16 %prev_rows_read, i16 %prev_cols_read, i16 %add_i_i52_i_i, i17 %scaleI_V, i32 %prevIceil_5_load, i32 %prevIceil_5_load, i33 %call_ret_i_i, i33 %call_ret_i_i" [/tools/Xilinx/Vitis/2020.1/workspace/test_fast/libs/xf_opencv/L1/include/video/xf_pyr_dense_optical_flow_scale.hpp:341->/tools/Xilinx/Vitis/2020.1/workspace/test_fast/libs/xf_opencv/L1/include/video/xf_pyr_dense_optical_flow.hpp:362->/tools/Xilinx/Vitis/2020.1/workspace/test_fast/libs/xf_opencv/L1/include/video/xf_pyr_dense_optical_flow.hpp:355]   --->   Operation 139 'call' 'call_ret4_i_i' <Predicate = (!flag)> <Delay = 0.65> <CoreType = "Generic">   --->   Core 0 '' <Latency = 0> <II = 1> <Delay = 1.00> <Generic> <Opcode : >
ST_11 : Operation 140 [1/1] (0.00ns)   --->   "%flagLoaded1 = extractvalue i33 %call_ret4_i_i" [/tools/Xilinx/Vitis/2020.1/workspace/test_fast/libs/xf_opencv/L1/include/video/xf_pyr_dense_optical_flow_scale.hpp:341->/tools/Xilinx/Vitis/2020.1/workspace/test_fast/libs/xf_opencv/L1/include/video/xf_pyr_dense_optical_flow.hpp:362->/tools/Xilinx/Vitis/2020.1/workspace/test_fast/libs/xf_opencv/L1/include/video/xf_pyr_dense_optical_flow.hpp:355]   --->   Operation 140 'extractvalue' 'flagLoaded1' <Predicate = (!flag)> <Delay = 0.00>
ST_11 : Operation 141 [1/1] (0.00ns)   --->   "%prevIceil_4 = extractvalue i33 %call_ret4_i_i" [/tools/Xilinx/Vitis/2020.1/workspace/test_fast/libs/xf_opencv/L1/include/video/xf_pyr_dense_optical_flow_scale.hpp:341->/tools/Xilinx/Vitis/2020.1/workspace/test_fast/libs/xf_opencv/L1/include/video/xf_pyr_dense_optical_flow.hpp:362->/tools/Xilinx/Vitis/2020.1/workspace/test_fast/libs/xf_opencv/L1/include/video/xf_pyr_dense_optical_flow.hpp:355]   --->   Operation 141 'extractvalue' 'prevIceil_4' <Predicate = (!flag)> <Delay = 0.00>
ST_11 : Operation 142 [1/2] (0.00ns)   --->   "%call_ln343 = call void @process<(unsigned short)1080, (unsigned short)1920, 16, 10, 45, 22, 48, 16, 17, 1>, i16 %strmFlowV_scaled, i16 %buf0_V, i16 %buffer_0_V, i16 %buffer_1_V, i16 %rows_read, i16 %cols_read, i1 %flagLoaded0_3_load, i17 %zext_ln882, i17 %scaleI_V, i17 %scaleI_V, i33 %call_ret_i_i" [/tools/Xilinx/Vitis/2020.1/workspace/test_fast/libs/xf_opencv/L1/include/video/xf_pyr_dense_optical_flow_scale.hpp:343->/tools/Xilinx/Vitis/2020.1/workspace/test_fast/libs/xf_opencv/L1/include/video/xf_pyr_dense_optical_flow.hpp:362->/tools/Xilinx/Vitis/2020.1/workspace/test_fast/libs/xf_opencv/L1/include/video/xf_pyr_dense_optical_flow.hpp:355]   --->   Operation 142 'call' 'call_ln343' <Predicate = (!flag)> <Delay = 0.00> <CoreType = "Generic">   --->   Core 0 '' <Latency = 0> <II = 1> <Delay = 1.00> <Generic> <Opcode : >
ST_11 : Operation 143 [1/1] (0.00ns)   --->   "%store_ln347 = store i1 %flagLoaded1, i1 %flagLoaded1_2" [/tools/Xilinx/Vitis/2020.1/workspace/test_fast/libs/xf_opencv/L1/include/video/xf_pyr_dense_optical_flow_scale.hpp:347->/tools/Xilinx/Vitis/2020.1/workspace/test_fast/libs/xf_opencv/L1/include/video/xf_pyr_dense_optical_flow.hpp:362->/tools/Xilinx/Vitis/2020.1/workspace/test_fast/libs/xf_opencv/L1/include/video/xf_pyr_dense_optical_flow.hpp:355]   --->   Operation 143 'store' 'store_ln347' <Predicate = (!flag)> <Delay = 0.00>
ST_11 : Operation 144 [1/1] (0.67ns)   --->   "%store_ln347 = store i32 %prevIceil_4, i32 %prevIceil_5, void %store_ln355, i32 %prevIceil_5_load" [/tools/Xilinx/Vitis/2020.1/workspace/test_fast/libs/xf_opencv/L1/include/video/xf_pyr_dense_optical_flow_scale.hpp:347->/tools/Xilinx/Vitis/2020.1/workspace/test_fast/libs/xf_opencv/L1/include/video/xf_pyr_dense_optical_flow.hpp:362->/tools/Xilinx/Vitis/2020.1/workspace/test_fast/libs/xf_opencv/L1/include/video/xf_pyr_dense_optical_flow.hpp:355]   --->   Operation 144 'store' 'store_ln347' <Predicate = (!flag)> <Delay = 0.67>
ST_11 : Operation 145 [1/1] (0.65ns)   --->   "%br_ln347 = br void" [/tools/Xilinx/Vitis/2020.1/workspace/test_fast/libs/xf_opencv/L1/include/video/xf_pyr_dense_optical_flow_scale.hpp:347->/tools/Xilinx/Vitis/2020.1/workspace/test_fast/libs/xf_opencv/L1/include/video/xf_pyr_dense_optical_flow.hpp:362->/tools/Xilinx/Vitis/2020.1/workspace/test_fast/libs/xf_opencv/L1/include/video/xf_pyr_dense_optical_flow.hpp:355]   --->   Operation 145 'br' 'br_ln347' <Predicate = (!flag)> <Delay = 0.65>
ST_11 : Operation 146 [1/2] (0.65ns)   --->   "%call_ret3_i_i = call i33 @load_data<1920, 16, 10, 45, 22, 17, 1>, i16 %strmFlowV_split, i16 %buf0_V, i16 %prev_rows_read, i16 %prev_cols_read, i16 %add_i_i52_i_i, i17 %scaleI_V, i32 %prevIceil_5_load, i32 %prevIceil_5_load, i33 %call_ret_i_i, i33 %call_ret_i_i" [/tools/Xilinx/Vitis/2020.1/workspace/test_fast/libs/xf_opencv/L1/include/video/xf_pyr_dense_optical_flow_scale.hpp:348->/tools/Xilinx/Vitis/2020.1/workspace/test_fast/libs/xf_opencv/L1/include/video/xf_pyr_dense_optical_flow.hpp:362->/tools/Xilinx/Vitis/2020.1/workspace/test_fast/libs/xf_opencv/L1/include/video/xf_pyr_dense_optical_flow.hpp:355]   --->   Operation 146 'call' 'call_ret3_i_i' <Predicate = (flag)> <Delay = 0.65> <CoreType = "Generic">   --->   Core 0 '' <Latency = 0> <II = 1> <Delay = 1.00> <Generic> <Opcode : >
ST_11 : Operation 147 [1/1] (0.00ns)   --->   "%flagLoaded0_2 = extractvalue i33 %call_ret3_i_i" [/tools/Xilinx/Vitis/2020.1/workspace/test_fast/libs/xf_opencv/L1/include/video/xf_pyr_dense_optical_flow_scale.hpp:348->/tools/Xilinx/Vitis/2020.1/workspace/test_fast/libs/xf_opencv/L1/include/video/xf_pyr_dense_optical_flow.hpp:362->/tools/Xilinx/Vitis/2020.1/workspace/test_fast/libs/xf_opencv/L1/include/video/xf_pyr_dense_optical_flow.hpp:355]   --->   Operation 147 'extractvalue' 'flagLoaded0_2' <Predicate = (flag)> <Delay = 0.00>
ST_11 : Operation 148 [1/1] (0.00ns)   --->   "%prevIceil_3 = extractvalue i33 %call_ret3_i_i" [/tools/Xilinx/Vitis/2020.1/workspace/test_fast/libs/xf_opencv/L1/include/video/xf_pyr_dense_optical_flow_scale.hpp:348->/tools/Xilinx/Vitis/2020.1/workspace/test_fast/libs/xf_opencv/L1/include/video/xf_pyr_dense_optical_flow.hpp:362->/tools/Xilinx/Vitis/2020.1/workspace/test_fast/libs/xf_opencv/L1/include/video/xf_pyr_dense_optical_flow.hpp:355]   --->   Operation 148 'extractvalue' 'prevIceil_3' <Predicate = (flag)> <Delay = 0.00>
ST_11 : Operation 149 [1/2] (0.00ns)   --->   "%call_ln350 = call void @process<(unsigned short)1080, (unsigned short)1920, 16, 10, 45, 22, 48, 16, 17, 1>, i16 %strmFlowV_scaled, i16 %buf1_V, i16 %buffer_0_V, i16 %buffer_1_V, i16 %rows_read, i16 %cols_read, i1 %flagLoaded1_2_load, i17 %zext_ln882, i17 %scaleI_V, i17 %scaleI_V" [/tools/Xilinx/Vitis/2020.1/workspace/test_fast/libs/xf_opencv/L1/include/video/xf_pyr_dense_optical_flow_scale.hpp:350->/tools/Xilinx/Vitis/2020.1/workspace/test_fast/libs/xf_opencv/L1/include/video/xf_pyr_dense_optical_flow.hpp:362->/tools/Xilinx/Vitis/2020.1/workspace/test_fast/libs/xf_opencv/L1/include/video/xf_pyr_dense_optical_flow.hpp:355]   --->   Operation 149 'call' 'call_ln350' <Predicate = (flag)> <Delay = 0.00> <CoreType = "Generic">   --->   Core 0 '' <Latency = 0> <II = 1> <Delay = 1.00> <Generic> <Opcode : >
ST_11 : Operation 150 [1/1] (0.65ns)   --->   "%store_ln348 = store i1 %flagLoaded0_2, i1 %flagLoaded0_3, void %store_ln355, i1 %flagLoaded0_3_load" [/tools/Xilinx/Vitis/2020.1/workspace/test_fast/libs/xf_opencv/L1/include/video/xf_pyr_dense_optical_flow_scale.hpp:348->/tools/Xilinx/Vitis/2020.1/workspace/test_fast/libs/xf_opencv/L1/include/video/xf_pyr_dense_optical_flow.hpp:362->/tools/Xilinx/Vitis/2020.1/workspace/test_fast/libs/xf_opencv/L1/include/video/xf_pyr_dense_optical_flow.hpp:355]   --->   Operation 150 'store' 'store_ln348' <Predicate = (flag)> <Delay = 0.65>
ST_11 : Operation 151 [1/1] (0.67ns)   --->   "%store_ln348 = store i32 %prevIceil_3, i32 %prevIceil_5, void %store_ln355, i32 %prevIceil_5_load" [/tools/Xilinx/Vitis/2020.1/workspace/test_fast/libs/xf_opencv/L1/include/video/xf_pyr_dense_optical_flow_scale.hpp:348->/tools/Xilinx/Vitis/2020.1/workspace/test_fast/libs/xf_opencv/L1/include/video/xf_pyr_dense_optical_flow.hpp:362->/tools/Xilinx/Vitis/2020.1/workspace/test_fast/libs/xf_opencv/L1/include/video/xf_pyr_dense_optical_flow.hpp:355]   --->   Operation 151 'store' 'store_ln348' <Predicate = (flag)> <Delay = 0.67>
ST_11 : Operation 152 [1/1] (0.65ns)   --->   "%br_ln0 = br void"   --->   Operation 152 'br' 'br_ln0' <Predicate = (flag)> <Delay = 0.65>
ST_11 : Operation 153 [1/1] (0.00ns)   --->   "%flag_2 = phi i1, void %bb362.i.i, i1, void %bb363.i.i"   --->   Operation 153 'phi' 'flag_2' <Predicate = true> <Delay = 0.00>
ST_11 : Operation 154 [1/1] (0.00ns)   --->   "%br_ln0 = br void %.lr.ph338.i.i"   --->   Operation 154 'br' 'br_ln0' <Predicate = true> <Delay = 0.00>

State 12 <SV = 6> <Delay = 0.00>
ST_12 : Operation 155 [1/2] (0.00ns)   --->   "%call_ln358 = call void @process<(unsigned short)1080, (unsigned short)1920, 16, 10, 45, 22, 48, 16, 17, 1>, i16 %strmFlowV_scaled, i16 %buf0_V, i16 %buffer_0_V, i16 %buffer_1_V, i16 %rows_read, i16 %cols_read, i1 %flagLoaded0_2_i_i, i17 %op2_assign, i17 %scaleI_V, i17 %scaleI_V, i33 %call_ret_i_i, i33 %call_ret_i_i" [/tools/Xilinx/Vitis/2020.1/workspace/test_fast/libs/xf_opencv/L1/include/video/xf_pyr_dense_optical_flow_scale.hpp:358->/tools/Xilinx/Vitis/2020.1/workspace/test_fast/libs/xf_opencv/L1/include/video/xf_pyr_dense_optical_flow.hpp:362->/tools/Xilinx/Vitis/2020.1/workspace/test_fast/libs/xf_opencv/L1/include/video/xf_pyr_dense_optical_flow.hpp:355]   --->   Operation 155 'call' 'call_ln358' <Predicate = (scale_up_flag_read & !flag) | (scale_up_flag_read & !icmp_ln882)> <Delay = 0.00> <CoreType = "Generic">   --->   Core 0 '' <Latency = 0> <II = 1> <Delay = 1.00> <Generic> <Opcode : >
ST_12 : Operation 156 [1/1] (0.00ns)   --->   "%br_ln360 = br void %.exit" [/tools/Xilinx/Vitis/2020.1/workspace/test_fast/libs/xf_opencv/L1/include/video/xf_pyr_dense_optical_flow_scale.hpp:360->/tools/Xilinx/Vitis/2020.1/workspace/test_fast/libs/xf_opencv/L1/include/video/xf_pyr_dense_optical_flow.hpp:362->/tools/Xilinx/Vitis/2020.1/workspace/test_fast/libs/xf_opencv/L1/include/video/xf_pyr_dense_optical_flow.hpp:355]   --->   Operation 156 'br' 'br_ln360' <Predicate = (scale_up_flag_read & !flag) | (scale_up_flag_read & !icmp_ln882)> <Delay = 0.00>
ST_12 : Operation 157 [1/2] (0.00ns)   --->   "%call_ln361 = call void @process<(unsigned short)1080, (unsigned short)1920, 16, 10, 45, 22, 48, 16, 17, 1>, i16 %strmFlowV_scaled, i16 %buf1_V, i16 %buffer_0_V, i16 %buffer_1_V, i16 %rows_read, i16 %cols_read, i1 %flagLoaded1_2_load_1, i17 %op2_assign, i17 %scaleI_V, i17 %scaleI_V" [/tools/Xilinx/Vitis/2020.1/workspace/test_fast/libs/xf_opencv/L1/include/video/xf_pyr_dense_optical_flow_scale.hpp:361->/tools/Xilinx/Vitis/2020.1/workspace/test_fast/libs/xf_opencv/L1/include/video/xf_pyr_dense_optical_flow.hpp:362->/tools/Xilinx/Vitis/2020.1/workspace/test_fast/libs/xf_opencv/L1/include/video/xf_pyr_dense_optical_flow.hpp:355]   --->   Operation 157 'call' 'call_ln361' <Predicate = (scale_up_flag_read & icmp_ln882 & flag)> <Delay = 0.00> <CoreType = "Generic">   --->   Core 0 '' <Latency = 0> <II = 1> <Delay = 1.00> <Generic> <Opcode : >
ST_12 : Operation 158 [1/1] (0.00ns)   --->   "%br_ln0 = br void %.exit"   --->   Operation 158 'br' 'br_ln0' <Predicate = (scale_up_flag_read & icmp_ln882 & flag)> <Delay = 0.00>
ST_12 : Operation 159 [1/1] (0.00ns)   --->   "%ret_ln355 = ret" [/tools/Xilinx/Vitis/2020.1/workspace/test_fast/libs/xf_opencv/L1/include/video/xf_pyr_dense_optical_flow.hpp:355]   --->   Operation 159 'ret' 'ret_ln355' <Predicate = true> <Delay = 0.00>


============================================================
+ Verbose Summary: Timing violations
============================================================
Target clock period: 6.67ns, clock uncertainty: 1.8ns.

 <State 1>: 4.14ns
The critical path consists of the following:
	fifo read on port 'scale_in' [26]  (1.84 ns)
	'fpext' operation ('d', /tools/Xilinx/Vitis/2020.1/workspace/test_fast/libs/xf_opencv/L1/include/video/xf_pyr_dense_optical_flow.hpp:355) [29]  (2.31 ns)

 <State 2>: 4.09ns
The critical path consists of the following:
	'fpext' operation ('d', /tools/Xilinx/Vitis/2020.1/workspace/test_fast/libs/xf_opencv/L1/include/video/xf_pyr_dense_optical_flow.hpp:355) [29]  (2.31 ns)
	'sub' operation ('F2', /tools/Xilinx/Vitis/2020.1/workspace/test_fast/libs/xf_opencv/L1/include/video/xf_pyr_dense_optical_flow.hpp:355) [41]  (0.809 ns)
	'icmp' operation ('icmp_ln581', /tools/Xilinx/Vitis/2020.1/workspace/test_fast/libs/xf_opencv/L1/include/video/xf_pyr_dense_optical_flow.hpp:355) [42]  (0.976 ns)

 <State 3>: 4.8ns
The critical path consists of the following:
	'select' operation ('sh_amt', /tools/Xilinx/Vitis/2020.1/workspace/test_fast/libs/xf_opencv/L1/include/video/xf_pyr_dense_optical_flow.hpp:355) [45]  (0.375 ns)
	'icmp' operation ('icmp_ln585', /tools/Xilinx/Vitis/2020.1/workspace/test_fast/libs/xf_opencv/L1/include/video/xf_pyr_dense_optical_flow.hpp:355) [49]  (0.976 ns)
	'and' operation ('and_ln585', /tools/Xilinx/Vitis/2020.1/workspace/test_fast/libs/xf_opencv/L1/include/video/xf_pyr_dense_optical_flow.hpp:355) [66]  (0 ns)
	'select' operation ('select_ln585', /tools/Xilinx/Vitis/2020.1/workspace/test_fast/libs/xf_opencv/L1/include/video/xf_pyr_dense_optical_flow.hpp:355) [67]  (1.51 ns)
	'select' operation ('select_ln585_2', /tools/Xilinx/Vitis/2020.1/workspace/test_fast/libs/xf_opencv/L1/include/video/xf_pyr_dense_optical_flow.hpp:355) [70]  (0.358 ns)
	'select' operation ('select_ln603', /tools/Xilinx/Vitis/2020.1/workspace/test_fast/libs/xf_opencv/L1/include/video/xf_pyr_dense_optical_flow.hpp:355) [74]  (1.23 ns)
	'select' operation ('scaleI.V', /tools/Xilinx/Vitis/2020.1/workspace/test_fast/libs/xf_opencv/L1/include/video/xf_pyr_dense_optical_flow.hpp:355) [75]  (0.358 ns)

 <State 4>: 1.39ns
The critical path consists of the following:
	'phi' operation ('empty', /tools/Xilinx/Vitis/2020.1/workspace/test_fast/libs/xf_opencv/L1/include/video/xf_pyr_dense_optical_flow.hpp:355) with incoming values : ('add_ln695', /tools/Xilinx/Vitis/2020.1/workspace/test_fast/libs/xf_opencv/L1/include/video/xf_pyr_dense_optical_flow.hpp:355) [83]  (0 ns)
	'icmp' operation ('icmp_ln314', /tools/Xilinx/Vitis/2020.1/workspace/test_fast/libs/xf_opencv/L1/include/video/xf_pyr_dense_optical_flow_scale.hpp:314->/tools/Xilinx/Vitis/2020.1/workspace/test_fast/libs/xf_opencv/L1/include/video/xf_pyr_dense_optical_flow.hpp:362->/tools/Xilinx/Vitis/2020.1/workspace/test_fast/libs/xf_opencv/L1/include/video/xf_pyr_dense_optical_flow.hpp:355) [84]  (1.1 ns)
	blocking operation 0.287 ns on control path)

 <State 5>: 1.1ns
The critical path consists of the following:
	'phi' operation ('empty_157', /tools/Xilinx/Vitis/2020.1/workspace/test_fast/libs/xf_opencv/L1/include/video/xf_pyr_dense_optical_flow.hpp:355) with incoming values : ('add_ln695_4', /tools/Xilinx/Vitis/2020.1/workspace/test_fast/libs/xf_opencv/L1/include/video/xf_pyr_dense_optical_flow.hpp:355) [92]  (0 ns)
	'icmp' operation ('icmp_ln318', /tools/Xilinx/Vitis/2020.1/workspace/test_fast/libs/xf_opencv/L1/include/video/xf_pyr_dense_optical_flow_scale.hpp:318->/tools/Xilinx/Vitis/2020.1/workspace/test_fast/libs/xf_opencv/L1/include/video/xf_pyr_dense_optical_flow.hpp:362->/tools/Xilinx/Vitis/2020.1/workspace/test_fast/libs/xf_opencv/L1/include/video/xf_pyr_dense_optical_flow.hpp:355) [93]  (1.1 ns)

 <State 6>: 3.68ns
The critical path consists of the following:
	fifo read on port 'strmFlowV_split' (/tools/Xilinx/Vitis/2020.1/common/technology/autopilot/hls_stream_39.h:145->/tools/Xilinx/Vitis/2020.1/workspace/test_fast/libs/xf_opencv/L1/include/video/xf_pyr_dense_optical_flow.hpp:355) [100]  (1.84 ns)
	fifo write on port 'strmFlowV_scaled' (/tools/Xilinx/Vitis/2020.1/common/technology/autopilot/hls_stream_39.h:167->/tools/Xilinx/Vitis/2020.1/workspace/test_fast/libs/xf_opencv/L1/include/video/xf_pyr_dense_optical_flow.hpp:355) [101]  (1.84 ns)

 <State 7>: 0ns
The critical path consists of the following:

 <State 8>: 3.57ns
The critical path consists of the following:
	'call' operation ('call_ret_i_i', /tools/Xilinx/Vitis/2020.1/workspace/test_fast/libs/xf_opencv/L1/include/video/xf_pyr_dense_optical_flow_scale.hpp:332->/tools/Xilinx/Vitis/2020.1/workspace/test_fast/libs/xf_opencv/L1/include/video/xf_pyr_dense_optical_flow.hpp:362->/tools/Xilinx/Vitis/2020.1/workspace/test_fast/libs/xf_opencv/L1/include/video/xf_pyr_dense_optical_flow.hpp:355) to 'load_data<1920, 16, 10, 45, 22, 17, 1>' [108]  (3.57 ns)

 <State 9>: 2.91ns
The critical path consists of the following:
	'add' operation ('op2', /tools/Xilinx/Vitis/2020.1/workspace/test_fast/libs/xf_opencv/L1/include/video/xf_pyr_dense_optical_flow.hpp:360->/tools/Xilinx/Vitis/2020.1/workspace/test_fast/libs/xf_opencv/L1/include/video/xf_pyr_dense_optical_flow.hpp:355) [112]  (0.853 ns)
	'icmp' operation ('icmp_ln882', /tools/Xilinx/Vitis/2020.1/workspace/test_fast/libs/xf_opencv/L1/include/video/xf_pyr_dense_optical_flow.hpp:355) [113]  (1.1 ns)
	multiplexor before 'phi' operation ('flagLoaded0') with incoming values : ('flagLoaded0', /tools/Xilinx/Vitis/2020.1/workspace/test_fast/libs/xf_opencv/L1/include/video/xf_pyr_dense_optical_flow_scale.hpp:332->/tools/Xilinx/Vitis/2020.1/workspace/test_fast/libs/xf_opencv/L1/include/video/xf_pyr_dense_optical_flow.hpp:362->/tools/Xilinx/Vitis/2020.1/workspace/test_fast/libs/xf_opencv/L1/include/video/xf_pyr_dense_optical_flow.hpp:355) ('flagLoaded0_3_load') [158]  (0.656 ns)
	blocking operation 0.306 ns on control path)

 <State 10>: 5.52ns
The critical path consists of the following:
	'phi' operation ('empty_158') with incoming values : ('add_i_i52_i_i') [124]  (0 ns)
	'add' operation ('add_i_i52_i_i') [128]  (0.853 ns)
	'call' operation ('call_ret4_i_i', /tools/Xilinx/Vitis/2020.1/workspace/test_fast/libs/xf_opencv/L1/include/video/xf_pyr_dense_optical_flow_scale.hpp:341->/tools/Xilinx/Vitis/2020.1/workspace/test_fast/libs/xf_opencv/L1/include/video/xf_pyr_dense_optical_flow.hpp:362->/tools/Xilinx/Vitis/2020.1/workspace/test_fast/libs/xf_opencv/L1/include/video/xf_pyr_dense_optical_flow.hpp:355) to 'load_data<1920, 16, 10, 45, 22, 17, 1>' [136]  (3.57 ns)
	blocking operation 1.1 ns on control path)

 <State 11>: 1.33ns
The critical path consists of the following:
	'call' operation ('call_ret4_i_i', /tools/Xilinx/Vitis/2020.1/workspace/test_fast/libs/xf_opencv/L1/include/video/xf_pyr_dense_optical_flow_scale.hpp:341->/tools/Xilinx/Vitis/2020.1/workspace/test_fast/libs/xf_opencv/L1/include/video/xf_pyr_dense_optical_flow.hpp:362->/tools/Xilinx/Vitis/2020.1/workspace/test_fast/libs/xf_opencv/L1/include/video/xf_pyr_dense_optical_flow.hpp:355) to 'load_data<1920, 16, 10, 45, 22, 17, 1>' [136]  (0.656 ns)
	'store' operation ('store_ln347', /tools/Xilinx/Vitis/2020.1/workspace/test_fast/libs/xf_opencv/L1/include/video/xf_pyr_dense_optical_flow_scale.hpp:347->/tools/Xilinx/Vitis/2020.1/workspace/test_fast/libs/xf_opencv/L1/include/video/xf_pyr_dense_optical_flow.hpp:362->/tools/Xilinx/Vitis/2020.1/workspace/test_fast/libs/xf_opencv/L1/include/video/xf_pyr_dense_optical_flow.hpp:355) of variable 'prevIceil', /tools/Xilinx/Vitis/2020.1/workspace/test_fast/libs/xf_opencv/L1/include/video/xf_pyr_dense_optical_flow_scale.hpp:341->/tools/Xilinx/Vitis/2020.1/workspace/test_fast/libs/xf_opencv/L1/include/video/xf_pyr_dense_optical_flow.hpp:362->/tools/Xilinx/Vitis/2020.1/workspace/test_fast/libs/xf_opencv/L1/include/video/xf_pyr_dense_optical_flow.hpp:355 on local variable 'prevIceil' [141]  (0.675 ns)

 <State 12>: 0ns
The critical path consists of the following:


============================================================
+ Verbose Summary: Binding
============================================================
N/A
* FSMD analyzer results:
  - Output states:
 - Input state : 
  - Chain level:
	State 1
	State 2
	State 3
	State 4
	State 5
	State 6
	State 7
	State 8
	State 9
	State 10
	State 11
	State 12


============================================================
+ Verbose Summary: Datapath Resource usage 
============================================================
N/A
