

================================================================
== Vitis HLS Report for 'xFLKOpticalFlowDenseKernel_unsigned_short_1080_unsigned_short_1920_5_50_11_16_10_false_s'
================================================================
* Date:           Thu Mar 25 14:59:35 2021

* Version:        2020.1.1 (Build 2960000 on Wed Aug 05 23:18:37 MDT 2020)
* Project:        pyr_dense_optical_flow_accel
* Solution:       solution (Vitis Kernel Flow Target)
* Product family: zynquplus
* Target device:  xczu7ev-ffvc1156-2-e


================================================================
== Performance Estimates
================================================================
+ Timing: 
    * Summary: 
    +--------+---------+----------+------------+
    |  Clock |  Target | Estimated| Uncertainty|
    +--------+---------+----------+------------+
    |ap_clk  | 6.67 ns | 5.522 ns |   1.80 ns  |
    +--------+---------+----------+------------+

+ Latency: 
    * Summary: 
    +---------+---------+-----------+-----------+------+---------+----------+
    |  Latency (cycles) |   Latency (absolute)  |    Interval    | Pipeline |
    |   min   |   max   |    min    |    max    |  min |   max   |   Type   |
    +---------+---------+-----------+-----------+------+---------+----------+
    |     2062|  2165429| 13.747 us | 14.437 ms |  1954|  2165402| dataflow |
    +---------+---------+-----------+-----------+------+---------+----------+

    + Detail: 
        * Instance: 
        N/A

        * Loop: 
        N/A

============================================================
+ Verbose Summary: Synthesis Manager
============================================================
InlineROM: 1
ExposeGlobal: 0
============================================================
+ Verbose Summary: CDFG Model
============================================================
IsTopModel: 0
ResetActiveHigh: 1
IsCombinational: 2
IsDatapathOnly: 0
HasWiredReturn: 1
HasMFsm: 0
HasVarLatency: 1
IsPipeline: 0
IsRtlPipelined: 0
IsInstanceOverlapped: 0
IsDontTouch: 0
HasImplIP: 0
IsGatedGlobalClock: 0


============================================================
+ Verbose Summary: Schedule
============================================================
* Number of FSM states : 14
* Pipeline : 0
* Dataflow Pipeline: 1
  DF-Pipeline-0: Size = 14, States = { 1 2 3 4 5 6 7 8 9 10 11 12 13 14 }

* FSM state transitions: 
1 --> 2 
2 --> 3 
3 --> 4 
4 --> 5 
5 --> 6 
6 --> 7 
7 --> 8 
8 --> 9 
9 --> 10 
10 --> 11 
11 --> 12 
12 --> 13 
13 --> 14 
14 --> 

* FSM state operations: 

State 1 <SV = 0> <Delay = 1.86>
ST_1 : Operation 15 [1/1] (0.00ns)   --->   "%init_flag_read = read i1 @_ssdm_op_Read.ap_auto.i1, i1 %init_flag" [/tools/Xilinx/Vitis/2020.1/workspace/test_fast/libs/xf_opencv/L1/include/video/xf_pyr_dense_optical_flow.hpp:355]   --->   Operation 15 'read' 'init_flag_read' <Predicate = true> <Delay = 0.00>
ST_1 : Operation 16 [1/1] (0.00ns)   --->   "%scale_in_read = read i32 @_ssdm_op_Read.ap_auto.float, i32 %scale_in" [/tools/Xilinx/Vitis/2020.1/workspace/test_fast/libs/xf_opencv/L1/include/video/xf_pyr_dense_optical_flow.hpp:355]   --->   Operation 16 'read' 'scale_in_read' <Predicate = true> <Delay = 0.00>
ST_1 : Operation 17 [1/1] (0.00ns)   --->   "%scale_up_flag_read = read i1 @_ssdm_op_Read.ap_auto.i1, i1 %scale_up_flag" [/tools/Xilinx/Vitis/2020.1/workspace/test_fast/libs/xf_opencv/L1/include/video/xf_pyr_dense_optical_flow.hpp:355]   --->   Operation 17 'read' 'scale_up_flag_read' <Predicate = true> <Delay = 0.00>
ST_1 : Operation 18 [1/1] (0.00ns)   --->   "%level_read = read i32 @_ssdm_op_Read.ap_auto.i32, i32 %level" [/tools/Xilinx/Vitis/2020.1/workspace/test_fast/libs/xf_opencv/L1/include/video/xf_pyr_dense_optical_flow.hpp:355]   --->   Operation 18 'read' 'level_read' <Predicate = true> <Delay = 0.00>
ST_1 : Operation 19 [1/1] (0.00ns)   --->   "%prev_cols_read = read i32 @_ssdm_op_Read.ap_auto.i32, i32 %prev_cols" [/tools/Xilinx/Vitis/2020.1/workspace/test_fast/libs/xf_opencv/L1/include/video/xf_pyr_dense_optical_flow.hpp:355]   --->   Operation 19 'read' 'prev_cols_read' <Predicate = true> <Delay = 0.00>
ST_1 : Operation 20 [1/1] (0.00ns)   --->   "%prev_rows_read = read i32 @_ssdm_op_Read.ap_auto.i32, i32 %prev_rows" [/tools/Xilinx/Vitis/2020.1/workspace/test_fast/libs/xf_opencv/L1/include/video/xf_pyr_dense_optical_flow.hpp:355]   --->   Operation 20 'read' 'prev_rows_read' <Predicate = true> <Delay = 0.00>
ST_1 : Operation 21 [1/1] (0.00ns)   --->   "%cols_read = read i32 @_ssdm_op_Read.ap_auto.i32, i32 %cols" [/tools/Xilinx/Vitis/2020.1/workspace/test_fast/libs/xf_opencv/L1/include/video/xf_pyr_dense_optical_flow.hpp:355]   --->   Operation 21 'read' 'cols_read' <Predicate = true> <Delay = 0.00>
ST_1 : Operation 22 [1/1] (0.00ns)   --->   "%rows_read = read i32 @_ssdm_op_Read.ap_auto.i32, i32 %rows" [/tools/Xilinx/Vitis/2020.1/workspace/test_fast/libs/xf_opencv/L1/include/video/xf_pyr_dense_optical_flow.hpp:355]   --->   Operation 22 'read' 'rows_read' <Predicate = true> <Delay = 0.00>
ST_1 : Operation 23 [1/1] (0.00ns)   --->   "%cols_c40 = alloca i64" [/tools/Xilinx/Vitis/2020.1/workspace/test_fast/libs/xf_opencv/L1/include/video/xf_pyr_dense_optical_flow.hpp:355]   --->   Operation 23 'alloca' 'cols_c40' <Predicate = true> <Delay = 0.00> <CoreInst = "FIFO_SRL">   --->   Core 21 'FIFO_SRL' <Latency = 0> <II = 1> <Delay = 1.83> <Storage> <Opcode : 'read' 'write' 'nbread' 'nbwrite'> <Ports = 0> <Width = 32> <Depth = 2> <FIFO>
ST_1 : Operation 24 [1/1] (0.00ns)   --->   "%rows_c39 = alloca i64" [/tools/Xilinx/Vitis/2020.1/workspace/test_fast/libs/xf_opencv/L1/include/video/xf_pyr_dense_optical_flow.hpp:355]   --->   Operation 24 'alloca' 'rows_c39' <Predicate = true> <Delay = 0.00> <CoreInst = "FIFO_SRL">   --->   Core 21 'FIFO_SRL' <Latency = 0> <II = 1> <Delay = 1.83> <Storage> <Opcode : 'read' 'write' 'nbread' 'nbwrite'> <Ports = 0> <Width = 32> <Depth = 2> <FIFO>
ST_1 : Operation 25 [1/1] (0.00ns)   --->   "%cols_c38 = alloca i64" [/tools/Xilinx/Vitis/2020.1/workspace/test_fast/libs/xf_opencv/L1/include/video/xf_pyr_dense_optical_flow.hpp:355]   --->   Operation 25 'alloca' 'cols_c38' <Predicate = true> <Delay = 0.00> <CoreInst = "FIFO_SRL">   --->   Core 21 'FIFO_SRL' <Latency = 0> <II = 1> <Delay = 1.83> <Storage> <Opcode : 'read' 'write' 'nbread' 'nbwrite'> <Ports = 0> <Width = 16> <Depth = 2> <FIFO>
ST_1 : Operation 26 [1/1] (0.00ns)   --->   "%cols_c37 = alloca i64" [/tools/Xilinx/Vitis/2020.1/workspace/test_fast/libs/xf_opencv/L1/include/video/xf_pyr_dense_optical_flow.hpp:355]   --->   Operation 26 'alloca' 'cols_c37' <Predicate = true> <Delay = 0.00> <CoreInst = "FIFO_SRL">   --->   Core 21 'FIFO_SRL' <Latency = 0> <II = 1> <Delay = 1.83> <Storage> <Opcode : 'read' 'write' 'nbread' 'nbwrite'> <Ports = 0> <Width = 32> <Depth = 2> <FIFO>
ST_1 : Operation 27 [1/1] (0.00ns)   --->   "%rows_c36 = alloca i64" [/tools/Xilinx/Vitis/2020.1/workspace/test_fast/libs/xf_opencv/L1/include/video/xf_pyr_dense_optical_flow.hpp:355]   --->   Operation 27 'alloca' 'rows_c36' <Predicate = true> <Delay = 0.00> <CoreInst = "FIFO_SRL">   --->   Core 21 'FIFO_SRL' <Latency = 0> <II = 1> <Delay = 1.83> <Storage> <Opcode : 'read' 'write' 'nbread' 'nbwrite'> <Ports = 0> <Width = 16> <Depth = 2> <FIFO>
ST_1 : Operation 28 [1/1] (0.00ns)   --->   "%rows_c35 = alloca i64" [/tools/Xilinx/Vitis/2020.1/workspace/test_fast/libs/xf_opencv/L1/include/video/xf_pyr_dense_optical_flow.hpp:355]   --->   Operation 28 'alloca' 'rows_c35' <Predicate = true> <Delay = 0.00> <CoreInst = "FIFO_SRL">   --->   Core 21 'FIFO_SRL' <Latency = 0> <II = 1> <Delay = 1.83> <Storage> <Opcode : 'read' 'write' 'nbread' 'nbwrite'> <Ports = 0> <Width = 32> <Depth = 2> <FIFO>
ST_1 : Operation 29 [1/1] (0.00ns)   --->   "%cols_c34 = alloca i64" [/tools/Xilinx/Vitis/2020.1/workspace/test_fast/libs/xf_opencv/L1/include/video/xf_pyr_dense_optical_flow.hpp:355]   --->   Operation 29 'alloca' 'cols_c34' <Predicate = true> <Delay = 0.00> <CoreInst = "FIFO_SRL">   --->   Core 21 'FIFO_SRL' <Latency = 0> <II = 1> <Delay = 1.83> <Storage> <Opcode : 'read' 'write' 'nbread' 'nbwrite'> <Ports = 0> <Width = 32> <Depth = 2> <FIFO>
ST_1 : Operation 30 [1/1] (0.00ns)   --->   "%rows_c33 = alloca i64" [/tools/Xilinx/Vitis/2020.1/workspace/test_fast/libs/xf_opencv/L1/include/video/xf_pyr_dense_optical_flow.hpp:355]   --->   Operation 30 'alloca' 'rows_c33' <Predicate = true> <Delay = 0.00> <CoreInst = "FIFO_SRL">   --->   Core 21 'FIFO_SRL' <Latency = 0> <II = 1> <Delay = 1.83> <Storage> <Opcode : 'read' 'write' 'nbread' 'nbwrite'> <Ports = 0> <Width = 32> <Depth = 2> <FIFO>
ST_1 : Operation 31 [1/1] (0.00ns)   --->   "%cols_c32 = alloca i64" [/tools/Xilinx/Vitis/2020.1/workspace/test_fast/libs/xf_opencv/L1/include/video/xf_pyr_dense_optical_flow.hpp:355]   --->   Operation 31 'alloca' 'cols_c32' <Predicate = true> <Delay = 0.00> <CoreInst = "FIFO_SRL">   --->   Core 21 'FIFO_SRL' <Latency = 0> <II = 1> <Delay = 1.83> <Storage> <Opcode : 'read' 'write' 'nbread' 'nbwrite'> <Ports = 0> <Width = 32> <Depth = 2> <FIFO>
ST_1 : Operation 32 [1/1] (0.00ns)   --->   "%rows_c31 = alloca i64" [/tools/Xilinx/Vitis/2020.1/workspace/test_fast/libs/xf_opencv/L1/include/video/xf_pyr_dense_optical_flow.hpp:355]   --->   Operation 32 'alloca' 'rows_c31' <Predicate = true> <Delay = 0.00> <CoreInst = "FIFO_SRL">   --->   Core 21 'FIFO_SRL' <Latency = 0> <II = 1> <Delay = 1.83> <Storage> <Opcode : 'read' 'write' 'nbread' 'nbwrite'> <Ports = 0> <Width = 32> <Depth = 2> <FIFO>
ST_1 : Operation 33 [1/1] (0.00ns)   --->   "%cols_c30 = alloca i64" [/tools/Xilinx/Vitis/2020.1/workspace/test_fast/libs/xf_opencv/L1/include/video/xf_pyr_dense_optical_flow.hpp:355]   --->   Operation 33 'alloca' 'cols_c30' <Predicate = true> <Delay = 0.00> <CoreInst = "FIFO_SRL">   --->   Core 21 'FIFO_SRL' <Latency = 0> <II = 1> <Delay = 1.83> <Storage> <Opcode : 'read' 'write' 'nbread' 'nbwrite'> <Ports = 0> <Width = 32> <Depth = 2> <FIFO>
ST_1 : Operation 34 [1/1] (0.00ns)   --->   "%rows_c29 = alloca i64" [/tools/Xilinx/Vitis/2020.1/workspace/test_fast/libs/xf_opencv/L1/include/video/xf_pyr_dense_optical_flow.hpp:355]   --->   Operation 34 'alloca' 'rows_c29' <Predicate = true> <Delay = 0.00> <CoreInst = "FIFO_SRL">   --->   Core 21 'FIFO_SRL' <Latency = 0> <II = 1> <Delay = 1.83> <Storage> <Opcode : 'read' 'write' 'nbread' 'nbwrite'> <Ports = 0> <Width = 32> <Depth = 2> <FIFO>
ST_1 : Operation 35 [1/1] (0.00ns)   --->   "%init_flag_c = alloca i64" [/tools/Xilinx/Vitis/2020.1/workspace/test_fast/libs/xf_opencv/L1/include/video/xf_pyr_dense_optical_flow.hpp:355]   --->   Operation 35 'alloca' 'init_flag_c' <Predicate = true> <Delay = 0.00> <CoreInst = "FIFO_SRL">   --->   Core 21 'FIFO_SRL' <Latency = 0> <II = 1> <Delay = 1.86> <Storage> <Opcode : 'read' 'write' 'nbread' 'nbwrite'> <Ports = 0> <Width = 1> <Depth = 5> <FIFO>
ST_1 : Operation 36 [1/1] (0.00ns)   --->   "%scale_in_c28 = alloca i64" [/tools/Xilinx/Vitis/2020.1/workspace/test_fast/libs/xf_opencv/L1/include/video/xf_pyr_dense_optical_flow.hpp:355]   --->   Operation 36 'alloca' 'scale_in_c28' <Predicate = true> <Delay = 0.00> <CoreInst = "FIFO_SRL">   --->   Core 21 'FIFO_SRL' <Latency = 0> <II = 1> <Delay = 1.83> <Storage> <Opcode : 'read' 'write' 'nbread' 'nbwrite'> <Ports = 0> <Width = 32> <Depth = 2> <FIFO>
ST_1 : Operation 37 [1/1] (0.00ns)   --->   "%scale_in_c = alloca i64" [/tools/Xilinx/Vitis/2020.1/workspace/test_fast/libs/xf_opencv/L1/include/video/xf_pyr_dense_optical_flow.hpp:355]   --->   Operation 37 'alloca' 'scale_in_c' <Predicate = true> <Delay = 0.00> <CoreInst = "FIFO_SRL">   --->   Core 21 'FIFO_SRL' <Latency = 0> <II = 1> <Delay = 1.83> <Storage> <Opcode : 'read' 'write' 'nbread' 'nbwrite'> <Ports = 0> <Width = 32> <Depth = 2> <FIFO>
ST_1 : Operation 38 [1/1] (0.00ns)   --->   "%scale_up_flag_c27 = alloca i64" [/tools/Xilinx/Vitis/2020.1/workspace/test_fast/libs/xf_opencv/L1/include/video/xf_pyr_dense_optical_flow.hpp:355]   --->   Operation 38 'alloca' 'scale_up_flag_c27' <Predicate = true> <Delay = 0.00> <CoreInst = "FIFO_SRL">   --->   Core 21 'FIFO_SRL' <Latency = 0> <II = 1> <Delay = 1.83> <Storage> <Opcode : 'read' 'write' 'nbread' 'nbwrite'> <Ports = 0> <Width = 1> <Depth = 2> <FIFO>
ST_1 : Operation 39 [1/1] (0.00ns)   --->   "%scale_up_flag_c = alloca i64" [/tools/Xilinx/Vitis/2020.1/workspace/test_fast/libs/xf_opencv/L1/include/video/xf_pyr_dense_optical_flow.hpp:355]   --->   Operation 39 'alloca' 'scale_up_flag_c' <Predicate = true> <Delay = 0.00> <CoreInst = "FIFO_SRL">   --->   Core 21 'FIFO_SRL' <Latency = 0> <II = 1> <Delay = 1.83> <Storage> <Opcode : 'read' 'write' 'nbread' 'nbwrite'> <Ports = 0> <Width = 1> <Depth = 2> <FIFO>
ST_1 : Operation 40 [1/1] (0.00ns)   --->   "%level_c = alloca i64" [/tools/Xilinx/Vitis/2020.1/workspace/test_fast/libs/xf_opencv/L1/include/video/xf_pyr_dense_optical_flow.hpp:355]   --->   Operation 40 'alloca' 'level_c' <Predicate = true> <Delay = 0.00> <CoreInst = "FIFO_SRL">   --->   Core 21 'FIFO_SRL' <Latency = 0> <II = 1> <Delay = 1.83> <Storage> <Opcode : 'read' 'write' 'nbread' 'nbwrite'> <Ports = 0> <Width = 32> <Depth = 3> <FIFO>
ST_1 : Operation 41 [1/1] (0.00ns)   --->   "%cols_c26 = alloca i64" [/tools/Xilinx/Vitis/2020.1/workspace/test_fast/libs/xf_opencv/L1/include/video/xf_pyr_dense_optical_flow.hpp:355]   --->   Operation 41 'alloca' 'cols_c26' <Predicate = true> <Delay = 0.00> <CoreInst = "FIFO_SRL">   --->   Core 21 'FIFO_SRL' <Latency = 0> <II = 1> <Delay = 1.83> <Storage> <Opcode : 'read' 'write' 'nbread' 'nbwrite'> <Ports = 0> <Width = 16> <Depth = 2> <FIFO>
ST_1 : Operation 42 [1/1] (0.00ns)   --->   "%cols_c = alloca i64" [/tools/Xilinx/Vitis/2020.1/workspace/test_fast/libs/xf_opencv/L1/include/video/xf_pyr_dense_optical_flow.hpp:355]   --->   Operation 42 'alloca' 'cols_c' <Predicate = true> <Delay = 0.00> <CoreInst = "FIFO_SRL">   --->   Core 21 'FIFO_SRL' <Latency = 0> <II = 1> <Delay = 1.83> <Storage> <Opcode : 'read' 'write' 'nbread' 'nbwrite'> <Ports = 0> <Width = 32> <Depth = 2> <FIFO>
ST_1 : Operation 43 [1/1] (0.00ns)   --->   "%rows_c25 = alloca i64" [/tools/Xilinx/Vitis/2020.1/workspace/test_fast/libs/xf_opencv/L1/include/video/xf_pyr_dense_optical_flow.hpp:355]   --->   Operation 43 'alloca' 'rows_c25' <Predicate = true> <Delay = 0.00> <CoreInst = "FIFO_SRL">   --->   Core 21 'FIFO_SRL' <Latency = 0> <II = 1> <Delay = 1.83> <Storage> <Opcode : 'read' 'write' 'nbread' 'nbwrite'> <Ports = 0> <Width = 16> <Depth = 2> <FIFO>
ST_1 : Operation 44 [1/1] (0.00ns)   --->   "%rows_c = alloca i64" [/tools/Xilinx/Vitis/2020.1/workspace/test_fast/libs/xf_opencv/L1/include/video/xf_pyr_dense_optical_flow.hpp:355]   --->   Operation 44 'alloca' 'rows_c' <Predicate = true> <Delay = 0.00> <CoreInst = "FIFO_SRL">   --->   Core 21 'FIFO_SRL' <Latency = 0> <II = 1> <Delay = 1.83> <Storage> <Opcode : 'read' 'write' 'nbread' 'nbwrite'> <Ports = 0> <Width = 32> <Depth = 2> <FIFO>
ST_1 : Operation 45 [1/1] (0.00ns)   --->   "%prev_cols_c24 = alloca i64" [/tools/Xilinx/Vitis/2020.1/workspace/test_fast/libs/xf_opencv/L1/include/video/xf_pyr_dense_optical_flow.hpp:355]   --->   Operation 45 'alloca' 'prev_cols_c24' <Predicate = true> <Delay = 0.00> <CoreInst = "FIFO_SRL">   --->   Core 21 'FIFO_SRL' <Latency = 0> <II = 1> <Delay = 1.83> <Storage> <Opcode : 'read' 'write' 'nbread' 'nbwrite'> <Ports = 0> <Width = 16> <Depth = 2> <FIFO>
ST_1 : Operation 46 [1/1] (0.00ns)   --->   "%prev_cols_c = alloca i64" [/tools/Xilinx/Vitis/2020.1/workspace/test_fast/libs/xf_opencv/L1/include/video/xf_pyr_dense_optical_flow.hpp:355]   --->   Operation 46 'alloca' 'prev_cols_c' <Predicate = true> <Delay = 0.00> <CoreInst = "FIFO_SRL">   --->   Core 21 'FIFO_SRL' <Latency = 0> <II = 1> <Delay = 1.83> <Storage> <Opcode : 'read' 'write' 'nbread' 'nbwrite'> <Ports = 0> <Width = 16> <Depth = 2> <FIFO>
ST_1 : Operation 47 [1/1] (0.00ns)   --->   "%prev_rows_c23 = alloca i64" [/tools/Xilinx/Vitis/2020.1/workspace/test_fast/libs/xf_opencv/L1/include/video/xf_pyr_dense_optical_flow.hpp:355]   --->   Operation 47 'alloca' 'prev_rows_c23' <Predicate = true> <Delay = 0.00> <CoreInst = "FIFO_SRL">   --->   Core 21 'FIFO_SRL' <Latency = 0> <II = 1> <Delay = 1.83> <Storage> <Opcode : 'read' 'write' 'nbread' 'nbwrite'> <Ports = 0> <Width = 16> <Depth = 2> <FIFO>
ST_1 : Operation 48 [1/1] (0.00ns)   --->   "%prev_rows_c = alloca i64" [/tools/Xilinx/Vitis/2020.1/workspace/test_fast/libs/xf_opencv/L1/include/video/xf_pyr_dense_optical_flow.hpp:355]   --->   Operation 48 'alloca' 'prev_rows_c' <Predicate = true> <Delay = 0.00> <CoreInst = "FIFO_SRL">   --->   Core 21 'FIFO_SRL' <Latency = 0> <II = 1> <Delay = 1.83> <Storage> <Opcode : 'read' 'write' 'nbread' 'nbwrite'> <Ports = 0> <Width = 16> <Depth = 2> <FIFO>
ST_1 : Operation 49 [1/1] (0.00ns)   --->   "%strmIx = alloca i64" [/tools/Xilinx/Vitis/2020.1/workspace/test_fast/libs/xf_opencv/L1/include/video/xf_pyr_dense_optical_flow.hpp:321]   --->   Operation 49 'alloca' 'strmIx' <Predicate = true> <Delay = 0.00> <CoreInst = "FIFO_SRL">   --->   Core 21 'FIFO_SRL' <Latency = 0> <II = 1> <Delay = 2.16> <Storage> <Opcode : 'read' 'write' 'nbread' 'nbwrite'> <Ports = 0> <Width = 9> <Depth = 64> <FIFO>
ST_1 : Operation 50 [1/1] (0.00ns)   --->   "%strmIy = alloca i64" [/tools/Xilinx/Vitis/2020.1/workspace/test_fast/libs/xf_opencv/L1/include/video/xf_pyr_dense_optical_flow.hpp:321]   --->   Operation 50 'alloca' 'strmIy' <Predicate = true> <Delay = 0.00> <CoreInst = "FIFO_SRL">   --->   Core 21 'FIFO_SRL' <Latency = 0> <II = 1> <Delay = 2.16> <Storage> <Opcode : 'read' 'write' 'nbread' 'nbwrite'> <Ports = 0> <Width = 9> <Depth = 64> <FIFO>
ST_1 : Operation 51 [1/1] (0.00ns)   --->   "%sigmaIx2 = alloca i64" [/tools/Xilinx/Vitis/2020.1/workspace/test_fast/libs/xf_opencv/L1/include/video/xf_pyr_dense_optical_flow.hpp:322]   --->   Operation 51 'alloca' 'sigmaIx2' <Predicate = true> <Delay = 0.00> <CoreInst = "FIFO_SRL">   --->   Core 21 'FIFO_SRL' <Latency = 0> <II = 1> <Delay = 1.83> <Storage> <Opcode : 'read' 'write' 'nbread' 'nbwrite'> <Ports = 0> <Width = 27> <Depth = 2> <FIFO>
ST_1 : Operation 52 [1/1] (0.00ns)   --->   "%sigmaIy2 = alloca i64" [/tools/Xilinx/Vitis/2020.1/workspace/test_fast/libs/xf_opencv/L1/include/video/xf_pyr_dense_optical_flow.hpp:322]   --->   Operation 52 'alloca' 'sigmaIy2' <Predicate = true> <Delay = 0.00> <CoreInst = "FIFO_SRL">   --->   Core 21 'FIFO_SRL' <Latency = 0> <II = 1> <Delay = 1.83> <Storage> <Opcode : 'read' 'write' 'nbread' 'nbwrite'> <Ports = 0> <Width = 27> <Depth = 2> <FIFO>
ST_1 : Operation 53 [1/1] (0.00ns)   --->   "%sigmaIxIt = alloca i64" [/tools/Xilinx/Vitis/2020.1/workspace/test_fast/libs/xf_opencv/L1/include/video/xf_pyr_dense_optical_flow.hpp:323]   --->   Operation 53 'alloca' 'sigmaIxIt' <Predicate = true> <Delay = 0.00> <CoreInst = "FIFO_SRL">   --->   Core 21 'FIFO_SRL' <Latency = 0> <II = 1> <Delay = 1.83> <Storage> <Opcode : 'read' 'write' 'nbread' 'nbwrite'> <Ports = 0> <Width = 34> <Depth = 2> <FIFO>
ST_1 : Operation 54 [1/1] (0.00ns)   --->   "%sigmaIyIt = alloca i64" [/tools/Xilinx/Vitis/2020.1/workspace/test_fast/libs/xf_opencv/L1/include/video/xf_pyr_dense_optical_flow.hpp:323]   --->   Operation 54 'alloca' 'sigmaIyIt' <Predicate = true> <Delay = 0.00> <CoreInst = "FIFO_SRL">   --->   Core 21 'FIFO_SRL' <Latency = 0> <II = 1> <Delay = 1.83> <Storage> <Opcode : 'read' 'write' 'nbread' 'nbwrite'> <Ports = 0> <Width = 34> <Depth = 2> <FIFO>
ST_1 : Operation 55 [1/1] (0.00ns)   --->   "%sigmaIxIy = alloca i64" [/tools/Xilinx/Vitis/2020.1/workspace/test_fast/libs/xf_opencv/L1/include/video/xf_pyr_dense_optical_flow.hpp:324]   --->   Operation 55 'alloca' 'sigmaIxIy' <Predicate = true> <Delay = 0.00> <CoreInst = "FIFO_SRL">   --->   Core 21 'FIFO_SRL' <Latency = 0> <II = 1> <Delay = 1.83> <Storage> <Opcode : 'read' 'write' 'nbread' 'nbwrite'> <Ports = 0> <Width = 27> <Depth = 2> <FIFO>
ST_1 : Operation 56 [1/1] (0.00ns)   --->   "%strmIt_float = alloca i64" [/tools/Xilinx/Vitis/2020.1/workspace/test_fast/libs/xf_opencv/L1/include/video/xf_pyr_dense_optical_flow.hpp:325]   --->   Operation 56 'alloca' 'strmIt_float' <Predicate = true> <Delay = 0.00> <CoreInst = "FIFO">   --->   Core 18 'FIFO' <Latency = 0> <II = 1> <Delay = 1.55> <Storage> <Opcode : 'read' 'write' 'nbread' 'nbwrite'> <Ports = 0> <Width = 17> <Depth = 64> <FIFO>
ST_1 : Operation 57 [1/1] (0.00ns)   --->   "%strmFlowU_fil = alloca i64" [/tools/Xilinx/Vitis/2020.1/workspace/test_fast/libs/xf_opencv/L1/include/video/xf_pyr_dense_optical_flow.hpp:326]   --->   Operation 57 'alloca' 'strmFlowU_fil' <Predicate = true> <Delay = 0.00> <CoreInst = "FIFO_SRL">   --->   Core 21 'FIFO_SRL' <Latency = 0> <II = 1> <Delay = 1.83> <Storage> <Opcode : 'read' 'write' 'nbread' 'nbwrite'> <Ports = 0> <Width = 16> <Depth = 2> <FIFO>
ST_1 : Operation 58 [1/1] (0.00ns)   --->   "%strmFlowV_fil = alloca i64" [/tools/Xilinx/Vitis/2020.1/workspace/test_fast/libs/xf_opencv/L1/include/video/xf_pyr_dense_optical_flow.hpp:326]   --->   Operation 58 'alloca' 'strmFlowV_fil' <Predicate = true> <Delay = 0.00> <CoreInst = "FIFO_SRL">   --->   Core 21 'FIFO_SRL' <Latency = 0> <II = 1> <Delay = 1.83> <Storage> <Opcode : 'read' 'write' 'nbread' 'nbwrite'> <Ports = 0> <Width = 16> <Depth = 2> <FIFO>
ST_1 : Operation 59 [1/1] (0.00ns)   --->   "%strmFlowU_fil_out = alloca i64" [/tools/Xilinx/Vitis/2020.1/workspace/test_fast/libs/xf_opencv/L1/include/video/xf_pyr_dense_optical_flow.hpp:327]   --->   Operation 59 'alloca' 'strmFlowU_fil_out' <Predicate = true> <Delay = 0.00> <CoreInst = "FIFO_SRL">   --->   Core 21 'FIFO_SRL' <Latency = 0> <II = 1> <Delay = 1.83> <Storage> <Opcode : 'read' 'write' 'nbread' 'nbwrite'> <Ports = 0> <Width = 16> <Depth = 2> <FIFO>
ST_1 : Operation 60 [1/1] (0.00ns)   --->   "%strmFlowV_fil_out = alloca i64" [/tools/Xilinx/Vitis/2020.1/workspace/test_fast/libs/xf_opencv/L1/include/video/xf_pyr_dense_optical_flow.hpp:327]   --->   Operation 60 'alloca' 'strmFlowV_fil_out' <Predicate = true> <Delay = 0.00> <CoreInst = "FIFO_SRL">   --->   Core 21 'FIFO_SRL' <Latency = 0> <II = 1> <Delay = 1.83> <Storage> <Opcode : 'read' 'write' 'nbread' 'nbwrite'> <Ports = 0> <Width = 16> <Depth = 2> <FIFO>
ST_1 : Operation 61 [1/1] (0.00ns)   --->   "%strmFlowU_in1 = alloca i64" [/tools/Xilinx/Vitis/2020.1/workspace/test_fast/libs/xf_opencv/L1/include/video/xf_pyr_dense_optical_flow.hpp:328]   --->   Operation 61 'alloca' 'strmFlowU_in1' <Predicate = true> <Delay = 0.00> <CoreInst = "FIFO">   --->   Core 18 'FIFO' <Latency = 0> <II = 1> <Delay = 1.75> <Storage> <Opcode : 'read' 'write' 'nbread' 'nbwrite'> <Ports = 0> <Width = 16> <Depth = 32640> <FIFO>
ST_1 : Operation 62 [1/1] (0.00ns)   --->   "%strmFlowV_in1 = alloca i64" [/tools/Xilinx/Vitis/2020.1/workspace/test_fast/libs/xf_opencv/L1/include/video/xf_pyr_dense_optical_flow.hpp:328]   --->   Operation 62 'alloca' 'strmFlowV_in1' <Predicate = true> <Delay = 0.00> <CoreInst = "FIFO">   --->   Core 18 'FIFO' <Latency = 0> <II = 1> <Delay = 1.75> <Storage> <Opcode : 'read' 'write' 'nbread' 'nbwrite'> <Ports = 0> <Width = 16> <Depth = 32640> <FIFO>
ST_1 : Operation 63 [1/1] (0.00ns)   --->   "%strmFlowU_split = alloca i64" [/tools/Xilinx/Vitis/2020.1/workspace/test_fast/libs/xf_opencv/L1/include/video/xf_pyr_dense_optical_flow.hpp:329]   --->   Operation 63 'alloca' 'strmFlowU_split' <Predicate = true> <Delay = 0.00> <CoreInst = "FIFO_SRL">   --->   Core 21 'FIFO_SRL' <Latency = 0> <II = 1> <Delay = 1.83> <Storage> <Opcode : 'read' 'write' 'nbread' 'nbwrite'> <Ports = 0> <Width = 16> <Depth = 2> <FIFO>
ST_1 : Operation 64 [1/1] (0.00ns)   --->   "%strmFlowV_split = alloca i64" [/tools/Xilinx/Vitis/2020.1/workspace/test_fast/libs/xf_opencv/L1/include/video/xf_pyr_dense_optical_flow.hpp:330]   --->   Operation 64 'alloca' 'strmFlowV_split' <Predicate = true> <Delay = 0.00> <CoreInst = "FIFO_SRL">   --->   Core 21 'FIFO_SRL' <Latency = 0> <II = 1> <Delay = 1.83> <Storage> <Opcode : 'read' 'write' 'nbread' 'nbwrite'> <Ports = 0> <Width = 16> <Depth = 2> <FIFO>
ST_1 : Operation 65 [1/1] (0.00ns)   --->   "%strmFlowU_scaled = alloca i64" [/tools/Xilinx/Vitis/2020.1/workspace/test_fast/libs/xf_opencv/L1/include/video/xf_pyr_dense_optical_flow.hpp:331]   --->   Operation 65 'alloca' 'strmFlowU_scaled' <Predicate = true> <Delay = 0.00> <CoreInst = "FIFO_SRL">   --->   Core 21 'FIFO_SRL' <Latency = 0> <II = 1> <Delay = 1.83> <Storage> <Opcode : 'read' 'write' 'nbread' 'nbwrite'> <Ports = 0> <Width = 16> <Depth = 2> <FIFO>
ST_1 : Operation 66 [1/1] (0.00ns)   --->   "%strmFlowV_scaled = alloca i64" [/tools/Xilinx/Vitis/2020.1/workspace/test_fast/libs/xf_opencv/L1/include/video/xf_pyr_dense_optical_flow.hpp:331]   --->   Operation 66 'alloca' 'strmFlowV_scaled' <Predicate = true> <Delay = 0.00> <CoreInst = "FIFO_SRL">   --->   Core 21 'FIFO_SRL' <Latency = 0> <II = 1> <Delay = 1.83> <Storage> <Opcode : 'read' 'write' 'nbread' 'nbwrite'> <Ports = 0> <Width = 16> <Depth = 2> <FIFO>
ST_1 : Operation 67 [1/1] (0.00ns)   --->   "%flagU = alloca i64" [/tools/Xilinx/Vitis/2020.1/workspace/test_fast/libs/xf_opencv/L1/include/video/xf_pyr_dense_optical_flow.hpp:332]   --->   Operation 67 'alloca' 'flagU' <Predicate = true> <Delay = 0.00> <CoreInst = "FIFO">   --->   Core 18 'FIFO' <Latency = 0> <II = 1> <Delay = 1.75> <Storage> <Opcode : 'read' 'write' 'nbread' 'nbwrite'> <Ports = 0> <Width = 1> <Depth = 5000> <FIFO>
ST_1 : Operation 68 [1/1] (0.00ns)   --->   "%flagV = alloca i64" [/tools/Xilinx/Vitis/2020.1/workspace/test_fast/libs/xf_opencv/L1/include/video/xf_pyr_dense_optical_flow.hpp:332]   --->   Operation 68 'alloca' 'flagV' <Predicate = true> <Delay = 0.00> <CoreInst = "FIFO">   --->   Core 18 'FIFO' <Latency = 0> <II = 1> <Delay = 1.75> <Storage> <Opcode : 'read' 'write' 'nbread' 'nbwrite'> <Ports = 0> <Width = 1> <Depth = 5000> <FIFO>
ST_1 : Operation 69 [2/2] (1.86ns)   --->   "%call_ln355 = call void @split_stream_int_fixed<(unsigned short)1080, (unsigned short)1920, 16, 10>48, i32 %streamFlowin_mat_436, i16 %strmFlowU_split, i16 %strmFlowV_split, i32 %prev_rows_read, i32 %prev_cols_read, i32 %rows_read, i32 %cols_read, i32 %level_read, i1 %scale_up_flag_read, i32 %scale_in_read, i1 %init_flag_read, i16 %prev_rows_c, i16 %prev_rows_c23, i16 %prev_cols_c, i16 %prev_cols_c24, i32 %rows_c, i16 %rows_c25, i32 %cols_c, i16 %cols_c26, i32 %level_c, i1 %scale_up_flag_c, i1 %scale_up_flag_c27, i32 %scale_in_c, i32 %scale_in_c28, i1 %init_flag_c" [/tools/Xilinx/Vitis/2020.1/workspace/test_fast/libs/xf_opencv/L1/include/video/xf_pyr_dense_optical_flow.hpp:355]   --->   Operation 69 'call' 'call_ln355' <Predicate = true> <Delay = 1.86> <CoreType = "Generic">   --->   Core 0 '' <Latency = 0> <II = 1> <Delay = 1.00> <Generic> <Opcode : >

State 2 <SV = 1> <Delay = 0.00>
ST_2 : Operation 70 [1/2] (0.00ns)   --->   "%call_ln355 = call void @split_stream_int_fixed<(unsigned short)1080, (unsigned short)1920, 16, 10>48, i32 %streamFlowin_mat_436, i16 %strmFlowU_split, i16 %strmFlowV_split, i32 %prev_rows_read, i32 %prev_cols_read, i32 %rows_read, i32 %cols_read, i32 %level_read, i1 %scale_up_flag_read, i32 %scale_in_read, i1 %init_flag_read, i16 %prev_rows_c, i16 %prev_rows_c23, i16 %prev_cols_c, i16 %prev_cols_c24, i32 %rows_c, i16 %rows_c25, i32 %cols_c, i16 %cols_c26, i32 %level_c, i1 %scale_up_flag_c, i1 %scale_up_flag_c27, i32 %scale_in_c, i32 %scale_in_c28, i1 %init_flag_c" [/tools/Xilinx/Vitis/2020.1/workspace/test_fast/libs/xf_opencv/L1/include/video/xf_pyr_dense_optical_flow.hpp:355]   --->   Operation 70 'call' 'call_ln355' <Predicate = true> <Delay = 0.00> <CoreType = "Generic">   --->   Core 0 '' <Latency = 0> <II = 1> <Delay = 1.00> <Generic> <Opcode : >

State 3 <SV = 2> <Delay = 0.00>
ST_3 : Operation 71 [2/2] (0.00ns)   --->   "%call_ln359 = call void @scale_up<(unsigned short)1080, (unsigned short)1920, 16, 10, 45, 22, 48, 16, 17, 1, false>23, i16 %strmFlowU_split, i16 %strmFlowU_scaled, i16 %prev_rows_c, i16 %prev_cols_c, i32 %rows_c, i32 %cols_c, i1 %scale_up_flag_c, i32 %scale_in_c, i32 %rows_c29, i32 %cols_c30, void %call_ln355, void %call_ln355" [/tools/Xilinx/Vitis/2020.1/workspace/test_fast/libs/xf_opencv/L1/include/video/xf_pyr_dense_optical_flow.hpp:359]   --->   Operation 71 'call' 'call_ln359' <Predicate = true> <Delay = 0.00> <CoreType = "Generic">   --->   Core 0 '' <Latency = 0> <II = 1> <Delay = 1.00> <Generic> <Opcode : >
ST_3 : Operation 72 [2/2] (0.00ns)   --->   "%call_ln362 = call void @scale_up<(unsigned short)1080, (unsigned short)1920, 16, 10, 45, 22, 48, 16, 17, 1, false>, i16 %strmFlowV_split, i16 %strmFlowV_scaled, i16 %prev_rows_c23, i16 %prev_cols_c24, i16 %rows_c25, i16 %cols_c26, i1 %scale_up_flag_c27, i32 %scale_in_c28, void %call_ln355" [/tools/Xilinx/Vitis/2020.1/workspace/test_fast/libs/xf_opencv/L1/include/video/xf_pyr_dense_optical_flow.hpp:362]   --->   Operation 72 'call' 'call_ln362' <Predicate = true> <Delay = 0.00> <CoreType = "Generic">   --->   Core 0 '' <Latency = 0> <II = 1> <Delay = 1.00> <Generic> <Opcode : >

State 4 <SV = 3> <Delay = 0.00>
ST_4 : Operation 73 [1/2] (0.00ns)   --->   "%call_ln359 = call void @scale_up<(unsigned short)1080, (unsigned short)1920, 16, 10, 45, 22, 48, 16, 17, 1, false>23, i16 %strmFlowU_split, i16 %strmFlowU_scaled, i16 %prev_rows_c, i16 %prev_cols_c, i32 %rows_c, i32 %cols_c, i1 %scale_up_flag_c, i32 %scale_in_c, i32 %rows_c29, i32 %cols_c30, void %call_ln355, void %call_ln355" [/tools/Xilinx/Vitis/2020.1/workspace/test_fast/libs/xf_opencv/L1/include/video/xf_pyr_dense_optical_flow.hpp:359]   --->   Operation 73 'call' 'call_ln359' <Predicate = true> <Delay = 0.00> <CoreType = "Generic">   --->   Core 0 '' <Latency = 0> <II = 1> <Delay = 1.00> <Generic> <Opcode : >
ST_4 : Operation 74 [1/2] (0.00ns)   --->   "%call_ln362 = call void @scale_up<(unsigned short)1080, (unsigned short)1920, 16, 10, 45, 22, 48, 16, 17, 1, false>, i16 %strmFlowV_split, i16 %strmFlowV_scaled, i16 %prev_rows_c23, i16 %prev_cols_c24, i16 %rows_c25, i16 %cols_c26, i1 %scale_up_flag_c27, i32 %scale_in_c28, void %call_ln355" [/tools/Xilinx/Vitis/2020.1/workspace/test_fast/libs/xf_opencv/L1/include/video/xf_pyr_dense_optical_flow.hpp:362]   --->   Operation 74 'call' 'call_ln362' <Predicate = true> <Delay = 0.00> <CoreType = "Generic">   --->   Core 0 '' <Latency = 0> <II = 1> <Delay = 1.00> <Generic> <Opcode : >

State 5 <SV = 4> <Delay = 0.00>
ST_5 : Operation 75 [2/2] (0.00ns)   --->   "%call_ln367 = call void @findGradients<(unsigned short)1080, (unsigned short)1920, 5, 50, 11, 17, 9, 32, 22, 16, 10, 48, 16, false>, i8 %current_img_mat_434, i8 %next_img_mat_435, i17 %strmIt_float, i9 %strmIx, i9 %strmIy, i16 %strmFlowU_scaled, i16 %strmFlowV_scaled, i16 %strmFlowU_in1, i16 %strmFlowV_in1, i32 %rows_c29, i32 %cols_c30, i32 %level_c, i32 %rows_c31, i32 %cols_c32, void %call_ln362, void %call_ln359, void %call_ln359" [/tools/Xilinx/Vitis/2020.1/workspace/test_fast/libs/xf_opencv/L1/include/video/xf_pyr_dense_optical_flow.hpp:367]   --->   Operation 75 'call' 'call_ln367' <Predicate = true> <Delay = 0.00> <CoreType = "Generic">   --->   Core 0 '' <Latency = 0> <II = 1> <Delay = 1.00> <Generic> <Opcode : >

State 6 <SV = 5> <Delay = 0.00>
ST_6 : Operation 76 [1/2] (0.00ns)   --->   "%call_ln367 = call void @findGradients<(unsigned short)1080, (unsigned short)1920, 5, 50, 11, 17, 9, 32, 22, 16, 10, 48, 16, false>, i8 %current_img_mat_434, i8 %next_img_mat_435, i17 %strmIt_float, i9 %strmIx, i9 %strmIy, i16 %strmFlowU_scaled, i16 %strmFlowV_scaled, i16 %strmFlowU_in1, i16 %strmFlowV_in1, i32 %rows_c29, i32 %cols_c30, i32 %level_c, i32 %rows_c31, i32 %cols_c32, void %call_ln362, void %call_ln359, void %call_ln359" [/tools/Xilinx/Vitis/2020.1/workspace/test_fast/libs/xf_opencv/L1/include/video/xf_pyr_dense_optical_flow.hpp:367]   --->   Operation 76 'call' 'call_ln367' <Predicate = true> <Delay = 0.00> <CoreType = "Generic">   --->   Core 0 '' <Latency = 0> <II = 1> <Delay = 1.00> <Generic> <Opcode : >

State 7 <SV = 6> <Delay = 0.00>
ST_7 : Operation 77 [2/2] (0.00ns)   --->   "%call_ln373 = call void @find_G_and_b_matrix<(unsigned short)1080, (unsigned short)1920, 11, 17, 9, 27, 25, 34, 26, false>, i9 %strmIx, i9 %strmIy, i17 %strmIt_float, i27 %sigmaIx2, i27 %sigmaIy2, i27 %sigmaIxIy, i34 %sigmaIxIt, i34 %sigmaIyIt, i32 %rows_c31, i32 %cols_c32, i32 %rows_c33, i32 %cols_c34, void %call_ln367, void %call_ln367" [/tools/Xilinx/Vitis/2020.1/workspace/test_fast/libs/xf_opencv/L1/include/video/xf_pyr_dense_optical_flow.hpp:373]   --->   Operation 77 'call' 'call_ln373' <Predicate = true> <Delay = 0.00> <CoreType = "Generic">   --->   Core 0 '' <Latency = 0> <II = 1> <Delay = 1.00> <Generic> <Opcode : >

State 8 <SV = 7> <Delay = 0.00>
ST_8 : Operation 78 [1/2] (0.00ns)   --->   "%call_ln373 = call void @find_G_and_b_matrix<(unsigned short)1080, (unsigned short)1920, 11, 17, 9, 27, 25, 34, 26, false>, i9 %strmIx, i9 %strmIy, i17 %strmIt_float, i27 %sigmaIx2, i27 %sigmaIy2, i27 %sigmaIxIy, i34 %sigmaIxIt, i34 %sigmaIyIt, i32 %rows_c31, i32 %cols_c32, i32 %rows_c33, i32 %cols_c34, void %call_ln367, void %call_ln367" [/tools/Xilinx/Vitis/2020.1/workspace/test_fast/libs/xf_opencv/L1/include/video/xf_pyr_dense_optical_flow.hpp:373]   --->   Operation 78 'call' 'call_ln373' <Predicate = true> <Delay = 0.00> <CoreType = "Generic">   --->   Core 0 '' <Latency = 0> <II = 1> <Delay = 1.00> <Generic> <Opcode : >

State 9 <SV = 8> <Delay = 0.00>
ST_9 : Operation 79 [2/2] (0.00ns)   --->   "%call_ln379 = call void @find_flow<(unsigned short)1080, (unsigned short)1920, 27, 25, 34, 26, 16, 10, 55, 51, 40, 2, 102, 54, 11>, i27 %sigmaIx2, i27 %sigmaIy2, i27 %sigmaIxIy, i34 %sigmaIxIt, i34 %sigmaIyIt, i16 %strmFlowU_in1, i16 %strmFlowV_in1, i16 %strmFlowU_fil, i16 %strmFlowV_fil, i1 %flagU, i1 %flagV, i32 %rows_c33, i32 %cols_c34, i1 %init_flag_c, i32 %rows_c35, i16 %rows_c36, i32 %cols_c37, i16 %cols_c38, void %call_ln373, void %call_ln373" [/tools/Xilinx/Vitis/2020.1/workspace/test_fast/libs/xf_opencv/L1/include/video/xf_pyr_dense_optical_flow.hpp:379]   --->   Operation 79 'call' 'call_ln379' <Predicate = true> <Delay = 0.00> <CoreType = "Generic">   --->   Core 0 '' <Latency = 0> <II = 1> <Delay = 1.00> <Generic> <Opcode : >

State 10 <SV = 9> <Delay = 0.00>
ST_10 : Operation 80 [1/2] (0.00ns)   --->   "%call_ln379 = call void @find_flow<(unsigned short)1080, (unsigned short)1920, 27, 25, 34, 26, 16, 10, 55, 51, 40, 2, 102, 54, 11>, i27 %sigmaIx2, i27 %sigmaIy2, i27 %sigmaIxIy, i34 %sigmaIxIt, i34 %sigmaIyIt, i16 %strmFlowU_in1, i16 %strmFlowV_in1, i16 %strmFlowU_fil, i16 %strmFlowV_fil, i1 %flagU, i1 %flagV, i32 %rows_c33, i32 %cols_c34, i1 %init_flag_c, i32 %rows_c35, i16 %rows_c36, i32 %cols_c37, i16 %cols_c38, void %call_ln373, void %call_ln373" [/tools/Xilinx/Vitis/2020.1/workspace/test_fast/libs/xf_opencv/L1/include/video/xf_pyr_dense_optical_flow.hpp:379]   --->   Operation 80 'call' 'call_ln379' <Predicate = true> <Delay = 0.00> <CoreType = "Generic">   --->   Core 0 '' <Latency = 0> <II = 1> <Delay = 1.00> <Generic> <Opcode : >

State 11 <SV = 10> <Delay = 0.00>
ST_11 : Operation 81 [2/2] (0.00ns)   --->   "%call_ln385 = call void @auMedianBlur<1080, 1920, 0, 0, 0, 0, 5, 25, 16, 10, false>24, i16 %strmFlowU_fil, i16 %strmFlowU_fil_out, i1 %flagU, i32 %rows_c35, i32 %cols_c37, i32 %rows_c39, i32 %cols_c40, void %call_ln379, void %call_ln379" [/tools/Xilinx/Vitis/2020.1/workspace/test_fast/libs/xf_opencv/L1/include/video/xf_pyr_dense_optical_flow.hpp:385]   --->   Operation 81 'call' 'call_ln385' <Predicate = true> <Delay = 0.00> <CoreType = "Generic">   --->   Core 0 '' <Latency = 0> <II = 1> <Delay = 1.00> <Generic> <Opcode : >
ST_11 : Operation 82 [2/2] (0.00ns)   --->   "%call_ln387 = call void @auMedianBlur<1080, 1920, 0, 0, 0, 0, 5, 25, 16, 10, false>, i16 %strmFlowV_fil, i16 %strmFlowV_fil_out, i1 %flagV, i16 %rows_c36, i16 %cols_c38, void %call_ln379" [/tools/Xilinx/Vitis/2020.1/workspace/test_fast/libs/xf_opencv/L1/include/video/xf_pyr_dense_optical_flow.hpp:387]   --->   Operation 82 'call' 'call_ln387' <Predicate = true> <Delay = 0.00> <CoreType = "Generic">   --->   Core 0 '' <Latency = 0> <II = 1> <Delay = 1.00> <Generic> <Opcode : >

State 12 <SV = 11> <Delay = 0.00>
ST_12 : Operation 83 [1/2] (0.00ns)   --->   "%call_ln385 = call void @auMedianBlur<1080, 1920, 0, 0, 0, 0, 5, 25, 16, 10, false>24, i16 %strmFlowU_fil, i16 %strmFlowU_fil_out, i1 %flagU, i32 %rows_c35, i32 %cols_c37, i32 %rows_c39, i32 %cols_c40, void %call_ln379, void %call_ln379" [/tools/Xilinx/Vitis/2020.1/workspace/test_fast/libs/xf_opencv/L1/include/video/xf_pyr_dense_optical_flow.hpp:385]   --->   Operation 83 'call' 'call_ln385' <Predicate = true> <Delay = 0.00> <CoreType = "Generic">   --->   Core 0 '' <Latency = 0> <II = 1> <Delay = 1.00> <Generic> <Opcode : >
ST_12 : Operation 84 [1/2] (0.00ns)   --->   "%call_ln387 = call void @auMedianBlur<1080, 1920, 0, 0, 0, 0, 5, 25, 16, 10, false>, i16 %strmFlowV_fil, i16 %strmFlowV_fil_out, i1 %flagV, i16 %rows_c36, i16 %cols_c38, void %call_ln379" [/tools/Xilinx/Vitis/2020.1/workspace/test_fast/libs/xf_opencv/L1/include/video/xf_pyr_dense_optical_flow.hpp:387]   --->   Operation 84 'call' 'call_ln387' <Predicate = true> <Delay = 0.00> <CoreType = "Generic">   --->   Core 0 '' <Latency = 0> <II = 1> <Delay = 1.00> <Generic> <Opcode : >

State 13 <SV = 12> <Delay = 0.00>
ST_13 : Operation 85 [2/2] (0.00ns)   --->   "%call_ln391 = call void @stitch_stream_fixed_int<(unsigned short)1080, (unsigned short)1920, 16, 10>, i16 %strmFlowU_fil_out, i16 %strmFlowV_fil_out, i32 %streamFlowout_mat_437, i32 %rows_c39, i32 %cols_c40, void %call_ln387, void %call_ln385, void %call_ln385" [/tools/Xilinx/Vitis/2020.1/workspace/test_fast/libs/xf_opencv/L1/include/video/xf_pyr_dense_optical_flow.hpp:391]   --->   Operation 85 'call' 'call_ln391' <Predicate = true> <Delay = 0.00> <CoreType = "Generic">   --->   Core 0 '' <Latency = 0> <II = 1> <Delay = 1.00> <Generic> <Opcode : >

State 14 <SV = 13> <Delay = 0.00>
ST_14 : Operation 86 [1/1] (0.00ns)   --->   "%specdataflowpipeline_ln0 = specdataflowpipeline void @_ssdm_op_SpecDataflowPipeline, i32, i32, void @empty_25"   --->   Operation 86 'specdataflowpipeline' 'specdataflowpipeline_ln0' <Predicate = true> <Delay = 0.00>
ST_14 : Operation 87 [1/1] (0.00ns)   --->   "%specinterface_ln0 = specinterface void @_ssdm_op_SpecInterface, i8 %current_img_mat_434, void @empty_35, i32, i32, void @empty_25, i32, i32, void @empty_25, void @empty_25, void @empty_25, i32, i32, i32, i32, void @empty_25, void @empty_25"   --->   Operation 87 'specinterface' 'specinterface_ln0' <Predicate = true> <Delay = 0.00>
ST_14 : Operation 88 [1/1] (0.00ns)   --->   "%specinterface_ln0 = specinterface void @_ssdm_op_SpecInterface, i8 %next_img_mat_435, void @empty_35, i32, i32, void @empty_25, i32, i32, void @empty_25, void @empty_25, void @empty_25, i32, i32, i32, i32, void @empty_25, void @empty_25"   --->   Operation 88 'specinterface' 'specinterface_ln0' <Predicate = true> <Delay = 0.00>
ST_14 : Operation 89 [1/1] (0.00ns)   --->   "%specinterface_ln0 = specinterface void @_ssdm_op_SpecInterface, i32 %streamFlowin_mat_436, void @empty_35, i32, i32, void @empty_25, i32, i32, void @empty_25, void @empty_25, void @empty_25, i32, i32, i32, i32, void @empty_25, void @empty_25"   --->   Operation 89 'specinterface' 'specinterface_ln0' <Predicate = true> <Delay = 0.00>
ST_14 : Operation 90 [1/1] (0.00ns)   --->   "%specinterface_ln0 = specinterface void @_ssdm_op_SpecInterface, i32 %streamFlowout_mat_437, void @empty_35, i32, i32, void @empty_25, i32, i32, void @empty_25, void @empty_25, void @empty_25, i32, i32, i32, i32, void @empty_25, void @empty_25"   --->   Operation 90 'specinterface' 'specinterface_ln0' <Predicate = true> <Delay = 0.00>
ST_14 : Operation 91 [1/1] (0.00ns)   --->   "%empty = specchannel i32 @_ssdm_op_SpecChannel, void @strmIx_str, i32, void @p_str, void @p_str, i32, i32, i9 %strmIx, i9 %strmIx"   --->   Operation 91 'specchannel' 'empty' <Predicate = true> <Delay = 0.00>
ST_14 : Operation 92 [1/1] (0.00ns)   --->   "%specinterface_ln0 = specinterface void @_ssdm_op_SpecInterface, i9 %strmIx, void @empty_35, i32, i32, void @empty_25, i32, i32, void @empty_25, void @empty_25, void @empty_25, i32, i32, i32, i32, void @empty_25, void @empty_25"   --->   Operation 92 'specinterface' 'specinterface_ln0' <Predicate = true> <Delay = 0.00>
ST_14 : Operation 93 [1/1] (0.00ns)   --->   "%empty_108 = specchannel i32 @_ssdm_op_SpecChannel, void @strmIy_str, i32, void @p_str, void @p_str, i32, i32, i9 %strmIy, i9 %strmIy"   --->   Operation 93 'specchannel' 'empty_108' <Predicate = true> <Delay = 0.00>
ST_14 : Operation 94 [1/1] (0.00ns)   --->   "%specinterface_ln0 = specinterface void @_ssdm_op_SpecInterface, i9 %strmIy, void @empty_35, i32, i32, void @empty_25, i32, i32, void @empty_25, void @empty_25, void @empty_25, i32, i32, i32, i32, void @empty_25, void @empty_25"   --->   Operation 94 'specinterface' 'specinterface_ln0' <Predicate = true> <Delay = 0.00>
ST_14 : Operation 95 [1/1] (0.00ns)   --->   "%empty_109 = specchannel i32 @_ssdm_op_SpecChannel, void @sigmaIx2_str, i32, void @p_str, void @p_str, i32, i32, i27 %sigmaIx2, i27 %sigmaIx2"   --->   Operation 95 'specchannel' 'empty_109' <Predicate = true> <Delay = 0.00>
ST_14 : Operation 96 [1/1] (0.00ns)   --->   "%specinterface_ln0 = specinterface void @_ssdm_op_SpecInterface, i27 %sigmaIx2, void @empty_35, i32, i32, void @empty_25, i32, i32, void @empty_25, void @empty_25, void @empty_25, i32, i32, i32, i32, void @empty_25, void @empty_25"   --->   Operation 96 'specinterface' 'specinterface_ln0' <Predicate = true> <Delay = 0.00>
ST_14 : Operation 97 [1/1] (0.00ns)   --->   "%empty_110 = specchannel i32 @_ssdm_op_SpecChannel, void @sigmaIy2_str, i32, void @p_str, void @p_str, i32, i32, i27 %sigmaIy2, i27 %sigmaIy2"   --->   Operation 97 'specchannel' 'empty_110' <Predicate = true> <Delay = 0.00>
ST_14 : Operation 98 [1/1] (0.00ns)   --->   "%specinterface_ln0 = specinterface void @_ssdm_op_SpecInterface, i27 %sigmaIy2, void @empty_35, i32, i32, void @empty_25, i32, i32, void @empty_25, void @empty_25, void @empty_25, i32, i32, i32, i32, void @empty_25, void @empty_25"   --->   Operation 98 'specinterface' 'specinterface_ln0' <Predicate = true> <Delay = 0.00>
ST_14 : Operation 99 [1/1] (0.00ns)   --->   "%empty_111 = specchannel i32 @_ssdm_op_SpecChannel, void @sigmaIxIt_str, i32, void @p_str, void @p_str, i32, i32, i34 %sigmaIxIt, i34 %sigmaIxIt"   --->   Operation 99 'specchannel' 'empty_111' <Predicate = true> <Delay = 0.00>
ST_14 : Operation 100 [1/1] (0.00ns)   --->   "%specinterface_ln0 = specinterface void @_ssdm_op_SpecInterface, i34 %sigmaIxIt, void @empty_35, i32, i32, void @empty_25, i32, i32, void @empty_25, void @empty_25, void @empty_25, i32, i32, i32, i32, void @empty_25, void @empty_25"   --->   Operation 100 'specinterface' 'specinterface_ln0' <Predicate = true> <Delay = 0.00>
ST_14 : Operation 101 [1/1] (0.00ns)   --->   "%empty_112 = specchannel i32 @_ssdm_op_SpecChannel, void @sigmaIyIt_str, i32, void @p_str, void @p_str, i32, i32, i34 %sigmaIyIt, i34 %sigmaIyIt"   --->   Operation 101 'specchannel' 'empty_112' <Predicate = true> <Delay = 0.00>
ST_14 : Operation 102 [1/1] (0.00ns)   --->   "%specinterface_ln0 = specinterface void @_ssdm_op_SpecInterface, i34 %sigmaIyIt, void @empty_35, i32, i32, void @empty_25, i32, i32, void @empty_25, void @empty_25, void @empty_25, i32, i32, i32, i32, void @empty_25, void @empty_25"   --->   Operation 102 'specinterface' 'specinterface_ln0' <Predicate = true> <Delay = 0.00>
ST_14 : Operation 103 [1/1] (0.00ns)   --->   "%empty_113 = specchannel i32 @_ssdm_op_SpecChannel, void @sigmaIxIy_str, i32, void @p_str, void @p_str, i32, i32, i27 %sigmaIxIy, i27 %sigmaIxIy"   --->   Operation 103 'specchannel' 'empty_113' <Predicate = true> <Delay = 0.00>
ST_14 : Operation 104 [1/1] (0.00ns)   --->   "%specinterface_ln0 = specinterface void @_ssdm_op_SpecInterface, i27 %sigmaIxIy, void @empty_35, i32, i32, void @empty_25, i32, i32, void @empty_25, void @empty_25, void @empty_25, i32, i32, i32, i32, void @empty_25, void @empty_25"   --->   Operation 104 'specinterface' 'specinterface_ln0' <Predicate = true> <Delay = 0.00>
ST_14 : Operation 105 [1/1] (0.00ns)   --->   "%empty_114 = specchannel i32 @_ssdm_op_SpecChannel, void @strmIt_float_str, i32, void @p_str, void @p_str, i32, i32, i17 %strmIt_float, i17 %strmIt_float"   --->   Operation 105 'specchannel' 'empty_114' <Predicate = true> <Delay = 0.00>
ST_14 : Operation 106 [1/1] (0.00ns)   --->   "%specinterface_ln0 = specinterface void @_ssdm_op_SpecInterface, i17 %strmIt_float, void @empty_35, i32, i32, void @empty_25, i32, i32, void @empty_25, void @empty_25, void @empty_25, i32, i32, i32, i32, void @empty_25, void @empty_25"   --->   Operation 106 'specinterface' 'specinterface_ln0' <Predicate = true> <Delay = 0.00>
ST_14 : Operation 107 [1/1] (0.00ns)   --->   "%empty_115 = specchannel i32 @_ssdm_op_SpecChannel, void @strmFlowU_fil_str, i32, void @p_str, void @p_str, i32, i32, i16 %strmFlowU_fil, i16 %strmFlowU_fil"   --->   Operation 107 'specchannel' 'empty_115' <Predicate = true> <Delay = 0.00>
ST_14 : Operation 108 [1/1] (0.00ns)   --->   "%specinterface_ln0 = specinterface void @_ssdm_op_SpecInterface, i16 %strmFlowU_fil, void @empty_35, i32, i32, void @empty_25, i32, i32, void @empty_25, void @empty_25, void @empty_25, i32, i32, i32, i32, void @empty_25, void @empty_25"   --->   Operation 108 'specinterface' 'specinterface_ln0' <Predicate = true> <Delay = 0.00>
ST_14 : Operation 109 [1/1] (0.00ns)   --->   "%empty_116 = specchannel i32 @_ssdm_op_SpecChannel, void @strmFlowV_fil_str, i32, void @p_str, void @p_str, i32, i32, i16 %strmFlowV_fil, i16 %strmFlowV_fil"   --->   Operation 109 'specchannel' 'empty_116' <Predicate = true> <Delay = 0.00>
ST_14 : Operation 110 [1/1] (0.00ns)   --->   "%specinterface_ln0 = specinterface void @_ssdm_op_SpecInterface, i16 %strmFlowV_fil, void @empty_35, i32, i32, void @empty_25, i32, i32, void @empty_25, void @empty_25, void @empty_25, i32, i32, i32, i32, void @empty_25, void @empty_25"   --->   Operation 110 'specinterface' 'specinterface_ln0' <Predicate = true> <Delay = 0.00>
ST_14 : Operation 111 [1/1] (0.00ns)   --->   "%empty_117 = specchannel i32 @_ssdm_op_SpecChannel, void @strmFlowU_fil_out_str, i32, void @p_str, void @p_str, i32, i32, i16 %strmFlowU_fil_out, i16 %strmFlowU_fil_out"   --->   Operation 111 'specchannel' 'empty_117' <Predicate = true> <Delay = 0.00>
ST_14 : Operation 112 [1/1] (0.00ns)   --->   "%specinterface_ln0 = specinterface void @_ssdm_op_SpecInterface, i16 %strmFlowU_fil_out, void @empty_35, i32, i32, void @empty_25, i32, i32, void @empty_25, void @empty_25, void @empty_25, i32, i32, i32, i32, void @empty_25, void @empty_25"   --->   Operation 112 'specinterface' 'specinterface_ln0' <Predicate = true> <Delay = 0.00>
ST_14 : Operation 113 [1/1] (0.00ns)   --->   "%empty_118 = specchannel i32 @_ssdm_op_SpecChannel, void @strmFlowV_fil_out_str, i32, void @p_str, void @p_str, i32, i32, i16 %strmFlowV_fil_out, i16 %strmFlowV_fil_out"   --->   Operation 113 'specchannel' 'empty_118' <Predicate = true> <Delay = 0.00>
ST_14 : Operation 114 [1/1] (0.00ns)   --->   "%specinterface_ln0 = specinterface void @_ssdm_op_SpecInterface, i16 %strmFlowV_fil_out, void @empty_35, i32, i32, void @empty_25, i32, i32, void @empty_25, void @empty_25, void @empty_25, i32, i32, i32, i32, void @empty_25, void @empty_25"   --->   Operation 114 'specinterface' 'specinterface_ln0' <Predicate = true> <Delay = 0.00>
ST_14 : Operation 115 [1/1] (0.00ns)   --->   "%empty_119 = specchannel i32 @_ssdm_op_SpecChannel, void @strmFlowU_in1_str, i32, void @p_str, void @p_str, i32, i32, i16 %strmFlowU_in1, i16 %strmFlowU_in1"   --->   Operation 115 'specchannel' 'empty_119' <Predicate = true> <Delay = 0.00>
ST_14 : Operation 116 [1/1] (0.00ns)   --->   "%specinterface_ln0 = specinterface void @_ssdm_op_SpecInterface, i16 %strmFlowU_in1, void @empty_35, i32, i32, void @empty_25, i32, i32, void @empty_25, void @empty_25, void @empty_25, i32, i32, i32, i32, void @empty_25, void @empty_25"   --->   Operation 116 'specinterface' 'specinterface_ln0' <Predicate = true> <Delay = 0.00>
ST_14 : Operation 117 [1/1] (0.00ns)   --->   "%empty_120 = specchannel i32 @_ssdm_op_SpecChannel, void @strmFlowV_in1_str, i32, void @p_str, void @p_str, i32, i32, i16 %strmFlowV_in1, i16 %strmFlowV_in1"   --->   Operation 117 'specchannel' 'empty_120' <Predicate = true> <Delay = 0.00>
ST_14 : Operation 118 [1/1] (0.00ns)   --->   "%specinterface_ln0 = specinterface void @_ssdm_op_SpecInterface, i16 %strmFlowV_in1, void @empty_35, i32, i32, void @empty_25, i32, i32, void @empty_25, void @empty_25, void @empty_25, i32, i32, i32, i32, void @empty_25, void @empty_25"   --->   Operation 118 'specinterface' 'specinterface_ln0' <Predicate = true> <Delay = 0.00>
ST_14 : Operation 119 [1/1] (0.00ns)   --->   "%empty_121 = specchannel i32 @_ssdm_op_SpecChannel, void @strmFlowU_split_str, i32, void @p_str, void @p_str, i32, i32, i16 %strmFlowU_split, i16 %strmFlowU_split"   --->   Operation 119 'specchannel' 'empty_121' <Predicate = true> <Delay = 0.00>
ST_14 : Operation 120 [1/1] (0.00ns)   --->   "%specinterface_ln0 = specinterface void @_ssdm_op_SpecInterface, i16 %strmFlowU_split, void @empty_35, i32, i32, void @empty_25, i32, i32, void @empty_25, void @empty_25, void @empty_25, i32, i32, i32, i32, void @empty_25, void @empty_25"   --->   Operation 120 'specinterface' 'specinterface_ln0' <Predicate = true> <Delay = 0.00>
ST_14 : Operation 121 [1/1] (0.00ns)   --->   "%empty_122 = specchannel i32 @_ssdm_op_SpecChannel, void @strmFlowV_split_str, i32, void @p_str, void @p_str, i32, i32, i16 %strmFlowV_split, i16 %strmFlowV_split"   --->   Operation 121 'specchannel' 'empty_122' <Predicate = true> <Delay = 0.00>
ST_14 : Operation 122 [1/1] (0.00ns)   --->   "%specinterface_ln0 = specinterface void @_ssdm_op_SpecInterface, i16 %strmFlowV_split, void @empty_35, i32, i32, void @empty_25, i32, i32, void @empty_25, void @empty_25, void @empty_25, i32, i32, i32, i32, void @empty_25, void @empty_25"   --->   Operation 122 'specinterface' 'specinterface_ln0' <Predicate = true> <Delay = 0.00>
ST_14 : Operation 123 [1/1] (0.00ns)   --->   "%empty_123 = specchannel i32 @_ssdm_op_SpecChannel, void @strmFlowU_scaled_str, i32, void @p_str, void @p_str, i32, i32, i16 %strmFlowU_scaled, i16 %strmFlowU_scaled"   --->   Operation 123 'specchannel' 'empty_123' <Predicate = true> <Delay = 0.00>
ST_14 : Operation 124 [1/1] (0.00ns)   --->   "%specinterface_ln0 = specinterface void @_ssdm_op_SpecInterface, i16 %strmFlowU_scaled, void @empty_35, i32, i32, void @empty_25, i32, i32, void @empty_25, void @empty_25, void @empty_25, i32, i32, i32, i32, void @empty_25, void @empty_25"   --->   Operation 124 'specinterface' 'specinterface_ln0' <Predicate = true> <Delay = 0.00>
ST_14 : Operation 125 [1/1] (0.00ns)   --->   "%empty_124 = specchannel i32 @_ssdm_op_SpecChannel, void @strmFlowV_scaled_str, i32, void @p_str, void @p_str, i32, i32, i16 %strmFlowV_scaled, i16 %strmFlowV_scaled"   --->   Operation 125 'specchannel' 'empty_124' <Predicate = true> <Delay = 0.00>
ST_14 : Operation 126 [1/1] (0.00ns)   --->   "%specinterface_ln0 = specinterface void @_ssdm_op_SpecInterface, i16 %strmFlowV_scaled, void @empty_35, i32, i32, void @empty_25, i32, i32, void @empty_25, void @empty_25, void @empty_25, i32, i32, i32, i32, void @empty_25, void @empty_25"   --->   Operation 126 'specinterface' 'specinterface_ln0' <Predicate = true> <Delay = 0.00>
ST_14 : Operation 127 [1/1] (0.00ns)   --->   "%empty_125 = specchannel i32 @_ssdm_op_SpecChannel, void @flagU_str, i32, void @p_str, void @p_str, i32, i32, i1 %flagU, i1 %flagU"   --->   Operation 127 'specchannel' 'empty_125' <Predicate = true> <Delay = 0.00>
ST_14 : Operation 128 [1/1] (0.00ns)   --->   "%specinterface_ln0 = specinterface void @_ssdm_op_SpecInterface, i1 %flagU, void @empty_35, i32, i32, void @empty_25, i32, i32, void @empty_25, void @empty_25, void @empty_25, i32, i32, i32, i32, void @empty_25, void @empty_25"   --->   Operation 128 'specinterface' 'specinterface_ln0' <Predicate = true> <Delay = 0.00>
ST_14 : Operation 129 [1/1] (0.00ns)   --->   "%empty_126 = specchannel i32 @_ssdm_op_SpecChannel, void @flagV_str, i32, void @p_str, void @p_str, i32, i32, i1 %flagV, i1 %flagV"   --->   Operation 129 'specchannel' 'empty_126' <Predicate = true> <Delay = 0.00>
ST_14 : Operation 130 [1/1] (0.00ns)   --->   "%specinterface_ln0 = specinterface void @_ssdm_op_SpecInterface, i1 %flagV, void @empty_35, i32, i32, void @empty_25, i32, i32, void @empty_25, void @empty_25, void @empty_25, i32, i32, i32, i32, void @empty_25, void @empty_25"   --->   Operation 130 'specinterface' 'specinterface_ln0' <Predicate = true> <Delay = 0.00>
ST_14 : Operation 131 [1/1] (0.00ns)   --->   "%empty_127 = specchannel i32 @_ssdm_op_SpecChannel, void @prev_rows_c_str, i32, void @p_str, void @p_str, i32, i32, i16 %prev_rows_c, i16 %prev_rows_c" [/tools/Xilinx/Vitis/2020.1/workspace/test_fast/libs/xf_opencv/L1/include/video/xf_pyr_dense_optical_flow.hpp:355]   --->   Operation 131 'specchannel' 'empty_127' <Predicate = true> <Delay = 0.00>
ST_14 : Operation 132 [1/1] (0.00ns)   --->   "%specinterface_ln355 = specinterface void @_ssdm_op_SpecInterface, i16 %prev_rows_c, void @ap_fifo_str, i32, i32, void @p_str, i32, i32, void @p_str, void @p_str, void @p_str, i32, i32, i32, i32, void @p_str, void @p_str" [/tools/Xilinx/Vitis/2020.1/workspace/test_fast/libs/xf_opencv/L1/include/video/xf_pyr_dense_optical_flow.hpp:355]   --->   Operation 132 'specinterface' 'specinterface_ln355' <Predicate = true> <Delay = 0.00>
ST_14 : Operation 133 [1/1] (0.00ns)   --->   "%empty_128 = specchannel i32 @_ssdm_op_SpecChannel, void @prev_rows_c23_str, i32, void @p_str, void @p_str, i32, i32, i16 %prev_rows_c23, i16 %prev_rows_c23" [/tools/Xilinx/Vitis/2020.1/workspace/test_fast/libs/xf_opencv/L1/include/video/xf_pyr_dense_optical_flow.hpp:355]   --->   Operation 133 'specchannel' 'empty_128' <Predicate = true> <Delay = 0.00>
ST_14 : Operation 134 [1/1] (0.00ns)   --->   "%specinterface_ln355 = specinterface void @_ssdm_op_SpecInterface, i16 %prev_rows_c23, void @ap_fifo_str, i32, i32, void @p_str, i32, i32, void @p_str, void @p_str, void @p_str, i32, i32, i32, i32, void @p_str, void @p_str" [/tools/Xilinx/Vitis/2020.1/workspace/test_fast/libs/xf_opencv/L1/include/video/xf_pyr_dense_optical_flow.hpp:355]   --->   Operation 134 'specinterface' 'specinterface_ln355' <Predicate = true> <Delay = 0.00>
ST_14 : Operation 135 [1/1] (0.00ns)   --->   "%empty_129 = specchannel i32 @_ssdm_op_SpecChannel, void @prev_cols_c_str, i32, void @p_str, void @p_str, i32, i32, i16 %prev_cols_c, i16 %prev_cols_c" [/tools/Xilinx/Vitis/2020.1/workspace/test_fast/libs/xf_opencv/L1/include/video/xf_pyr_dense_optical_flow.hpp:355]   --->   Operation 135 'specchannel' 'empty_129' <Predicate = true> <Delay = 0.00>
ST_14 : Operation 136 [1/1] (0.00ns)   --->   "%specinterface_ln355 = specinterface void @_ssdm_op_SpecInterface, i16 %prev_cols_c, void @ap_fifo_str, i32, i32, void @p_str, i32, i32, void @p_str, void @p_str, void @p_str, i32, i32, i32, i32, void @p_str, void @p_str" [/tools/Xilinx/Vitis/2020.1/workspace/test_fast/libs/xf_opencv/L1/include/video/xf_pyr_dense_optical_flow.hpp:355]   --->   Operation 136 'specinterface' 'specinterface_ln355' <Predicate = true> <Delay = 0.00>
ST_14 : Operation 137 [1/1] (0.00ns)   --->   "%empty_130 = specchannel i32 @_ssdm_op_SpecChannel, void @prev_cols_c24_str, i32, void @p_str, void @p_str, i32, i32, i16 %prev_cols_c24, i16 %prev_cols_c24" [/tools/Xilinx/Vitis/2020.1/workspace/test_fast/libs/xf_opencv/L1/include/video/xf_pyr_dense_optical_flow.hpp:355]   --->   Operation 137 'specchannel' 'empty_130' <Predicate = true> <Delay = 0.00>
ST_14 : Operation 138 [1/1] (0.00ns)   --->   "%specinterface_ln355 = specinterface void @_ssdm_op_SpecInterface, i16 %prev_cols_c24, void @ap_fifo_str, i32, i32, void @p_str, i32, i32, void @p_str, void @p_str, void @p_str, i32, i32, i32, i32, void @p_str, void @p_str" [/tools/Xilinx/Vitis/2020.1/workspace/test_fast/libs/xf_opencv/L1/include/video/xf_pyr_dense_optical_flow.hpp:355]   --->   Operation 138 'specinterface' 'specinterface_ln355' <Predicate = true> <Delay = 0.00>
ST_14 : Operation 139 [1/1] (0.00ns)   --->   "%empty_131 = specchannel i32 @_ssdm_op_SpecChannel, void @rows_c_str, i32, void @p_str, void @p_str, i32, i32, i32 %rows_c, i32 %rows_c" [/tools/Xilinx/Vitis/2020.1/workspace/test_fast/libs/xf_opencv/L1/include/video/xf_pyr_dense_optical_flow.hpp:355]   --->   Operation 139 'specchannel' 'empty_131' <Predicate = true> <Delay = 0.00>
ST_14 : Operation 140 [1/1] (0.00ns)   --->   "%specinterface_ln355 = specinterface void @_ssdm_op_SpecInterface, i32 %rows_c, void @ap_fifo_str, i32, i32, void @p_str, i32, i32, void @p_str, void @p_str, void @p_str, i32, i32, i32, i32, void @p_str, void @p_str" [/tools/Xilinx/Vitis/2020.1/workspace/test_fast/libs/xf_opencv/L1/include/video/xf_pyr_dense_optical_flow.hpp:355]   --->   Operation 140 'specinterface' 'specinterface_ln355' <Predicate = true> <Delay = 0.00>
ST_14 : Operation 141 [1/1] (0.00ns)   --->   "%empty_132 = specchannel i32 @_ssdm_op_SpecChannel, void @rows_c25_str, i32, void @p_str, void @p_str, i32, i32, i16 %rows_c25, i16 %rows_c25" [/tools/Xilinx/Vitis/2020.1/workspace/test_fast/libs/xf_opencv/L1/include/video/xf_pyr_dense_optical_flow.hpp:355]   --->   Operation 141 'specchannel' 'empty_132' <Predicate = true> <Delay = 0.00>
ST_14 : Operation 142 [1/1] (0.00ns)   --->   "%specinterface_ln355 = specinterface void @_ssdm_op_SpecInterface, i16 %rows_c25, void @ap_fifo_str, i32, i32, void @p_str, i32, i32, void @p_str, void @p_str, void @p_str, i32, i32, i32, i32, void @p_str, void @p_str" [/tools/Xilinx/Vitis/2020.1/workspace/test_fast/libs/xf_opencv/L1/include/video/xf_pyr_dense_optical_flow.hpp:355]   --->   Operation 142 'specinterface' 'specinterface_ln355' <Predicate = true> <Delay = 0.00>
ST_14 : Operation 143 [1/1] (0.00ns)   --->   "%empty_133 = specchannel i32 @_ssdm_op_SpecChannel, void @cols_c_str, i32, void @p_str, void @p_str, i32, i32, i32 %cols_c, i32 %cols_c" [/tools/Xilinx/Vitis/2020.1/workspace/test_fast/libs/xf_opencv/L1/include/video/xf_pyr_dense_optical_flow.hpp:355]   --->   Operation 143 'specchannel' 'empty_133' <Predicate = true> <Delay = 0.00>
ST_14 : Operation 144 [1/1] (0.00ns)   --->   "%specinterface_ln355 = specinterface void @_ssdm_op_SpecInterface, i32 %cols_c, void @ap_fifo_str, i32, i32, void @p_str, i32, i32, void @p_str, void @p_str, void @p_str, i32, i32, i32, i32, void @p_str, void @p_str" [/tools/Xilinx/Vitis/2020.1/workspace/test_fast/libs/xf_opencv/L1/include/video/xf_pyr_dense_optical_flow.hpp:355]   --->   Operation 144 'specinterface' 'specinterface_ln355' <Predicate = true> <Delay = 0.00>
ST_14 : Operation 145 [1/1] (0.00ns)   --->   "%empty_134 = specchannel i32 @_ssdm_op_SpecChannel, void @cols_c26_str, i32, void @p_str, void @p_str, i32, i32, i16 %cols_c26, i16 %cols_c26" [/tools/Xilinx/Vitis/2020.1/workspace/test_fast/libs/xf_opencv/L1/include/video/xf_pyr_dense_optical_flow.hpp:355]   --->   Operation 145 'specchannel' 'empty_134' <Predicate = true> <Delay = 0.00>
ST_14 : Operation 146 [1/1] (0.00ns)   --->   "%specinterface_ln355 = specinterface void @_ssdm_op_SpecInterface, i16 %cols_c26, void @ap_fifo_str, i32, i32, void @p_str, i32, i32, void @p_str, void @p_str, void @p_str, i32, i32, i32, i32, void @p_str, void @p_str" [/tools/Xilinx/Vitis/2020.1/workspace/test_fast/libs/xf_opencv/L1/include/video/xf_pyr_dense_optical_flow.hpp:355]   --->   Operation 146 'specinterface' 'specinterface_ln355' <Predicate = true> <Delay = 0.00>
ST_14 : Operation 147 [1/1] (0.00ns)   --->   "%empty_135 = specchannel i32 @_ssdm_op_SpecChannel, void @level_c_str, i32, void @p_str, void @p_str, i32, i32, i32 %level_c, i32 %level_c" [/tools/Xilinx/Vitis/2020.1/workspace/test_fast/libs/xf_opencv/L1/include/video/xf_pyr_dense_optical_flow.hpp:355]   --->   Operation 147 'specchannel' 'empty_135' <Predicate = true> <Delay = 0.00>
ST_14 : Operation 148 [1/1] (0.00ns)   --->   "%specinterface_ln355 = specinterface void @_ssdm_op_SpecInterface, i32 %level_c, void @ap_fifo_str, i32, i32, void @p_str, i32, i32, void @p_str, void @p_str, void @p_str, i32, i32, i32, i32, void @p_str, void @p_str" [/tools/Xilinx/Vitis/2020.1/workspace/test_fast/libs/xf_opencv/L1/include/video/xf_pyr_dense_optical_flow.hpp:355]   --->   Operation 148 'specinterface' 'specinterface_ln355' <Predicate = true> <Delay = 0.00>
ST_14 : Operation 149 [1/1] (0.00ns)   --->   "%empty_136 = specchannel i32 @_ssdm_op_SpecChannel, void @scale_up_flag_c_str, i32, void @p_str, void @p_str, i32, i32, i1 %scale_up_flag_c, i1 %scale_up_flag_c" [/tools/Xilinx/Vitis/2020.1/workspace/test_fast/libs/xf_opencv/L1/include/video/xf_pyr_dense_optical_flow.hpp:355]   --->   Operation 149 'specchannel' 'empty_136' <Predicate = true> <Delay = 0.00>
ST_14 : Operation 150 [1/1] (0.00ns)   --->   "%specinterface_ln355 = specinterface void @_ssdm_op_SpecInterface, i1 %scale_up_flag_c, void @ap_fifo_str, i32, i32, void @p_str, i32, i32, void @p_str, void @p_str, void @p_str, i32, i32, i32, i32, void @p_str, void @p_str" [/tools/Xilinx/Vitis/2020.1/workspace/test_fast/libs/xf_opencv/L1/include/video/xf_pyr_dense_optical_flow.hpp:355]   --->   Operation 150 'specinterface' 'specinterface_ln355' <Predicate = true> <Delay = 0.00>
ST_14 : Operation 151 [1/1] (0.00ns)   --->   "%empty_137 = specchannel i32 @_ssdm_op_SpecChannel, void @scale_up_flag_c27_str, i32, void @p_str, void @p_str, i32, i32, i1 %scale_up_flag_c27, i1 %scale_up_flag_c27" [/tools/Xilinx/Vitis/2020.1/workspace/test_fast/libs/xf_opencv/L1/include/video/xf_pyr_dense_optical_flow.hpp:355]   --->   Operation 151 'specchannel' 'empty_137' <Predicate = true> <Delay = 0.00>
ST_14 : Operation 152 [1/1] (0.00ns)   --->   "%specinterface_ln355 = specinterface void @_ssdm_op_SpecInterface, i1 %scale_up_flag_c27, void @ap_fifo_str, i32, i32, void @p_str, i32, i32, void @p_str, void @p_str, void @p_str, i32, i32, i32, i32, void @p_str, void @p_str" [/tools/Xilinx/Vitis/2020.1/workspace/test_fast/libs/xf_opencv/L1/include/video/xf_pyr_dense_optical_flow.hpp:355]   --->   Operation 152 'specinterface' 'specinterface_ln355' <Predicate = true> <Delay = 0.00>
ST_14 : Operation 153 [1/1] (0.00ns)   --->   "%empty_138 = specchannel i32 @_ssdm_op_SpecChannel, void @scale_in_c_str, i32, void @p_str, void @p_str, i32, i32, i32 %scale_in_c, i32 %scale_in_c" [/tools/Xilinx/Vitis/2020.1/workspace/test_fast/libs/xf_opencv/L1/include/video/xf_pyr_dense_optical_flow.hpp:355]   --->   Operation 153 'specchannel' 'empty_138' <Predicate = true> <Delay = 0.00>
ST_14 : Operation 154 [1/1] (0.00ns)   --->   "%specinterface_ln355 = specinterface void @_ssdm_op_SpecInterface, i32 %scale_in_c, void @ap_fifo_str, i32, i32, void @p_str, i32, i32, void @p_str, void @p_str, void @p_str, i32, i32, i32, i32, void @p_str, void @p_str" [/tools/Xilinx/Vitis/2020.1/workspace/test_fast/libs/xf_opencv/L1/include/video/xf_pyr_dense_optical_flow.hpp:355]   --->   Operation 154 'specinterface' 'specinterface_ln355' <Predicate = true> <Delay = 0.00>
ST_14 : Operation 155 [1/1] (0.00ns)   --->   "%empty_139 = specchannel i32 @_ssdm_op_SpecChannel, void @scale_in_c28_str, i32, void @p_str, void @p_str, i32, i32, i32 %scale_in_c28, i32 %scale_in_c28" [/tools/Xilinx/Vitis/2020.1/workspace/test_fast/libs/xf_opencv/L1/include/video/xf_pyr_dense_optical_flow.hpp:355]   --->   Operation 155 'specchannel' 'empty_139' <Predicate = true> <Delay = 0.00>
ST_14 : Operation 156 [1/1] (0.00ns)   --->   "%specinterface_ln355 = specinterface void @_ssdm_op_SpecInterface, i32 %scale_in_c28, void @ap_fifo_str, i32, i32, void @p_str, i32, i32, void @p_str, void @p_str, void @p_str, i32, i32, i32, i32, void @p_str, void @p_str" [/tools/Xilinx/Vitis/2020.1/workspace/test_fast/libs/xf_opencv/L1/include/video/xf_pyr_dense_optical_flow.hpp:355]   --->   Operation 156 'specinterface' 'specinterface_ln355' <Predicate = true> <Delay = 0.00>
ST_14 : Operation 157 [1/1] (0.00ns)   --->   "%empty_140 = specchannel i32 @_ssdm_op_SpecChannel, void @init_flag_c_str, i32, void @p_str, void @p_str, i32, i32, i1 %init_flag_c, i1 %init_flag_c" [/tools/Xilinx/Vitis/2020.1/workspace/test_fast/libs/xf_opencv/L1/include/video/xf_pyr_dense_optical_flow.hpp:355]   --->   Operation 157 'specchannel' 'empty_140' <Predicate = true> <Delay = 0.00>
ST_14 : Operation 158 [1/1] (0.00ns)   --->   "%specinterface_ln355 = specinterface void @_ssdm_op_SpecInterface, i1 %init_flag_c, void @ap_fifo_str, i32, i32, void @p_str, i32, i32, void @p_str, void @p_str, void @p_str, i32, i32, i32, i32, void @p_str, void @p_str" [/tools/Xilinx/Vitis/2020.1/workspace/test_fast/libs/xf_opencv/L1/include/video/xf_pyr_dense_optical_flow.hpp:355]   --->   Operation 158 'specinterface' 'specinterface_ln355' <Predicate = true> <Delay = 0.00>
ST_14 : Operation 159 [1/1] (0.00ns)   --->   "%empty_141 = specchannel i32 @_ssdm_op_SpecChannel, void @rows_c29_str, i32, void @p_str, void @p_str, i32, i32, i32 %rows_c29, i32 %rows_c29" [/tools/Xilinx/Vitis/2020.1/workspace/test_fast/libs/xf_opencv/L1/include/video/xf_pyr_dense_optical_flow.hpp:355]   --->   Operation 159 'specchannel' 'empty_141' <Predicate = true> <Delay = 0.00>
ST_14 : Operation 160 [1/1] (0.00ns)   --->   "%specinterface_ln355 = specinterface void @_ssdm_op_SpecInterface, i32 %rows_c29, void @ap_fifo_str, i32, i32, void @p_str, i32, i32, void @p_str, void @p_str, void @p_str, i32, i32, i32, i32, void @p_str, void @p_str" [/tools/Xilinx/Vitis/2020.1/workspace/test_fast/libs/xf_opencv/L1/include/video/xf_pyr_dense_optical_flow.hpp:355]   --->   Operation 160 'specinterface' 'specinterface_ln355' <Predicate = true> <Delay = 0.00>
ST_14 : Operation 161 [1/1] (0.00ns)   --->   "%empty_142 = specchannel i32 @_ssdm_op_SpecChannel, void @cols_c30_str, i32, void @p_str, void @p_str, i32, i32, i32 %cols_c30, i32 %cols_c30" [/tools/Xilinx/Vitis/2020.1/workspace/test_fast/libs/xf_opencv/L1/include/video/xf_pyr_dense_optical_flow.hpp:355]   --->   Operation 161 'specchannel' 'empty_142' <Predicate = true> <Delay = 0.00>
ST_14 : Operation 162 [1/1] (0.00ns)   --->   "%specinterface_ln355 = specinterface void @_ssdm_op_SpecInterface, i32 %cols_c30, void @ap_fifo_str, i32, i32, void @p_str, i32, i32, void @p_str, void @p_str, void @p_str, i32, i32, i32, i32, void @p_str, void @p_str" [/tools/Xilinx/Vitis/2020.1/workspace/test_fast/libs/xf_opencv/L1/include/video/xf_pyr_dense_optical_flow.hpp:355]   --->   Operation 162 'specinterface' 'specinterface_ln355' <Predicate = true> <Delay = 0.00>
ST_14 : Operation 163 [1/1] (0.00ns)   --->   "%empty_143 = specchannel i32 @_ssdm_op_SpecChannel, void @rows_c31_str, i32, void @p_str, void @p_str, i32, i32, i32 %rows_c31, i32 %rows_c31" [/tools/Xilinx/Vitis/2020.1/workspace/test_fast/libs/xf_opencv/L1/include/video/xf_pyr_dense_optical_flow.hpp:355]   --->   Operation 163 'specchannel' 'empty_143' <Predicate = true> <Delay = 0.00>
ST_14 : Operation 164 [1/1] (0.00ns)   --->   "%specinterface_ln355 = specinterface void @_ssdm_op_SpecInterface, i32 %rows_c31, void @ap_fifo_str, i32, i32, void @p_str, i32, i32, void @p_str, void @p_str, void @p_str, i32, i32, i32, i32, void @p_str, void @p_str" [/tools/Xilinx/Vitis/2020.1/workspace/test_fast/libs/xf_opencv/L1/include/video/xf_pyr_dense_optical_flow.hpp:355]   --->   Operation 164 'specinterface' 'specinterface_ln355' <Predicate = true> <Delay = 0.00>
ST_14 : Operation 165 [1/1] (0.00ns)   --->   "%empty_144 = specchannel i32 @_ssdm_op_SpecChannel, void @cols_c32_str, i32, void @p_str, void @p_str, i32, i32, i32 %cols_c32, i32 %cols_c32" [/tools/Xilinx/Vitis/2020.1/workspace/test_fast/libs/xf_opencv/L1/include/video/xf_pyr_dense_optical_flow.hpp:355]   --->   Operation 165 'specchannel' 'empty_144' <Predicate = true> <Delay = 0.00>
ST_14 : Operation 166 [1/1] (0.00ns)   --->   "%specinterface_ln355 = specinterface void @_ssdm_op_SpecInterface, i32 %cols_c32, void @ap_fifo_str, i32, i32, void @p_str, i32, i32, void @p_str, void @p_str, void @p_str, i32, i32, i32, i32, void @p_str, void @p_str" [/tools/Xilinx/Vitis/2020.1/workspace/test_fast/libs/xf_opencv/L1/include/video/xf_pyr_dense_optical_flow.hpp:355]   --->   Operation 166 'specinterface' 'specinterface_ln355' <Predicate = true> <Delay = 0.00>
ST_14 : Operation 167 [1/1] (0.00ns)   --->   "%empty_145 = specchannel i32 @_ssdm_op_SpecChannel, void @rows_c33_str, i32, void @p_str, void @p_str, i32, i32, i32 %rows_c33, i32 %rows_c33" [/tools/Xilinx/Vitis/2020.1/workspace/test_fast/libs/xf_opencv/L1/include/video/xf_pyr_dense_optical_flow.hpp:355]   --->   Operation 167 'specchannel' 'empty_145' <Predicate = true> <Delay = 0.00>
ST_14 : Operation 168 [1/1] (0.00ns)   --->   "%specinterface_ln355 = specinterface void @_ssdm_op_SpecInterface, i32 %rows_c33, void @ap_fifo_str, i32, i32, void @p_str, i32, i32, void @p_str, void @p_str, void @p_str, i32, i32, i32, i32, void @p_str, void @p_str" [/tools/Xilinx/Vitis/2020.1/workspace/test_fast/libs/xf_opencv/L1/include/video/xf_pyr_dense_optical_flow.hpp:355]   --->   Operation 168 'specinterface' 'specinterface_ln355' <Predicate = true> <Delay = 0.00>
ST_14 : Operation 169 [1/1] (0.00ns)   --->   "%empty_146 = specchannel i32 @_ssdm_op_SpecChannel, void @cols_c34_str, i32, void @p_str, void @p_str, i32, i32, i32 %cols_c34, i32 %cols_c34" [/tools/Xilinx/Vitis/2020.1/workspace/test_fast/libs/xf_opencv/L1/include/video/xf_pyr_dense_optical_flow.hpp:355]   --->   Operation 169 'specchannel' 'empty_146' <Predicate = true> <Delay = 0.00>
ST_14 : Operation 170 [1/1] (0.00ns)   --->   "%specinterface_ln355 = specinterface void @_ssdm_op_SpecInterface, i32 %cols_c34, void @ap_fifo_str, i32, i32, void @p_str, i32, i32, void @p_str, void @p_str, void @p_str, i32, i32, i32, i32, void @p_str, void @p_str" [/tools/Xilinx/Vitis/2020.1/workspace/test_fast/libs/xf_opencv/L1/include/video/xf_pyr_dense_optical_flow.hpp:355]   --->   Operation 170 'specinterface' 'specinterface_ln355' <Predicate = true> <Delay = 0.00>
ST_14 : Operation 171 [1/1] (0.00ns)   --->   "%empty_147 = specchannel i32 @_ssdm_op_SpecChannel, void @rows_c35_str, i32, void @p_str, void @p_str, i32, i32, i32 %rows_c35, i32 %rows_c35" [/tools/Xilinx/Vitis/2020.1/workspace/test_fast/libs/xf_opencv/L1/include/video/xf_pyr_dense_optical_flow.hpp:355]   --->   Operation 171 'specchannel' 'empty_147' <Predicate = true> <Delay = 0.00>
ST_14 : Operation 172 [1/1] (0.00ns)   --->   "%specinterface_ln355 = specinterface void @_ssdm_op_SpecInterface, i32 %rows_c35, void @ap_fifo_str, i32, i32, void @p_str, i32, i32, void @p_str, void @p_str, void @p_str, i32, i32, i32, i32, void @p_str, void @p_str" [/tools/Xilinx/Vitis/2020.1/workspace/test_fast/libs/xf_opencv/L1/include/video/xf_pyr_dense_optical_flow.hpp:355]   --->   Operation 172 'specinterface' 'specinterface_ln355' <Predicate = true> <Delay = 0.00>
ST_14 : Operation 173 [1/1] (0.00ns)   --->   "%empty_148 = specchannel i32 @_ssdm_op_SpecChannel, void @rows_c36_str, i32, void @p_str, void @p_str, i32, i32, i16 %rows_c36, i16 %rows_c36" [/tools/Xilinx/Vitis/2020.1/workspace/test_fast/libs/xf_opencv/L1/include/video/xf_pyr_dense_optical_flow.hpp:355]   --->   Operation 173 'specchannel' 'empty_148' <Predicate = true> <Delay = 0.00>
ST_14 : Operation 174 [1/1] (0.00ns)   --->   "%specinterface_ln355 = specinterface void @_ssdm_op_SpecInterface, i16 %rows_c36, void @ap_fifo_str, i32, i32, void @p_str, i32, i32, void @p_str, void @p_str, void @p_str, i32, i32, i32, i32, void @p_str, void @p_str" [/tools/Xilinx/Vitis/2020.1/workspace/test_fast/libs/xf_opencv/L1/include/video/xf_pyr_dense_optical_flow.hpp:355]   --->   Operation 174 'specinterface' 'specinterface_ln355' <Predicate = true> <Delay = 0.00>
ST_14 : Operation 175 [1/1] (0.00ns)   --->   "%empty_149 = specchannel i32 @_ssdm_op_SpecChannel, void @cols_c37_str, i32, void @p_str, void @p_str, i32, i32, i32 %cols_c37, i32 %cols_c37" [/tools/Xilinx/Vitis/2020.1/workspace/test_fast/libs/xf_opencv/L1/include/video/xf_pyr_dense_optical_flow.hpp:355]   --->   Operation 175 'specchannel' 'empty_149' <Predicate = true> <Delay = 0.00>
ST_14 : Operation 176 [1/1] (0.00ns)   --->   "%specinterface_ln355 = specinterface void @_ssdm_op_SpecInterface, i32 %cols_c37, void @ap_fifo_str, i32, i32, void @p_str, i32, i32, void @p_str, void @p_str, void @p_str, i32, i32, i32, i32, void @p_str, void @p_str" [/tools/Xilinx/Vitis/2020.1/workspace/test_fast/libs/xf_opencv/L1/include/video/xf_pyr_dense_optical_flow.hpp:355]   --->   Operation 176 'specinterface' 'specinterface_ln355' <Predicate = true> <Delay = 0.00>
ST_14 : Operation 177 [1/1] (0.00ns)   --->   "%empty_150 = specchannel i32 @_ssdm_op_SpecChannel, void @cols_c38_str, i32, void @p_str, void @p_str, i32, i32, i16 %cols_c38, i16 %cols_c38" [/tools/Xilinx/Vitis/2020.1/workspace/test_fast/libs/xf_opencv/L1/include/video/xf_pyr_dense_optical_flow.hpp:355]   --->   Operation 177 'specchannel' 'empty_150' <Predicate = true> <Delay = 0.00>
ST_14 : Operation 178 [1/1] (0.00ns)   --->   "%specinterface_ln355 = specinterface void @_ssdm_op_SpecInterface, i16 %cols_c38, void @ap_fifo_str, i32, i32, void @p_str, i32, i32, void @p_str, void @p_str, void @p_str, i32, i32, i32, i32, void @p_str, void @p_str" [/tools/Xilinx/Vitis/2020.1/workspace/test_fast/libs/xf_opencv/L1/include/video/xf_pyr_dense_optical_flow.hpp:355]   --->   Operation 178 'specinterface' 'specinterface_ln355' <Predicate = true> <Delay = 0.00>
ST_14 : Operation 179 [1/1] (0.00ns)   --->   "%empty_151 = specchannel i32 @_ssdm_op_SpecChannel, void @rows_c39_str, i32, void @p_str, void @p_str, i32, i32, i32 %rows_c39, i32 %rows_c39" [/tools/Xilinx/Vitis/2020.1/workspace/test_fast/libs/xf_opencv/L1/include/video/xf_pyr_dense_optical_flow.hpp:355]   --->   Operation 179 'specchannel' 'empty_151' <Predicate = true> <Delay = 0.00>
ST_14 : Operation 180 [1/1] (0.00ns)   --->   "%specinterface_ln355 = specinterface void @_ssdm_op_SpecInterface, i32 %rows_c39, void @ap_fifo_str, i32, i32, void @p_str, i32, i32, void @p_str, void @p_str, void @p_str, i32, i32, i32, i32, void @p_str, void @p_str" [/tools/Xilinx/Vitis/2020.1/workspace/test_fast/libs/xf_opencv/L1/include/video/xf_pyr_dense_optical_flow.hpp:355]   --->   Operation 180 'specinterface' 'specinterface_ln355' <Predicate = true> <Delay = 0.00>
ST_14 : Operation 181 [1/1] (0.00ns)   --->   "%empty_152 = specchannel i32 @_ssdm_op_SpecChannel, void @cols_c40_str, i32, void @p_str, void @p_str, i32, i32, i32 %cols_c40, i32 %cols_c40" [/tools/Xilinx/Vitis/2020.1/workspace/test_fast/libs/xf_opencv/L1/include/video/xf_pyr_dense_optical_flow.hpp:355]   --->   Operation 181 'specchannel' 'empty_152' <Predicate = true> <Delay = 0.00>
ST_14 : Operation 182 [1/1] (0.00ns)   --->   "%specinterface_ln355 = specinterface void @_ssdm_op_SpecInterface, i32 %cols_c40, void @ap_fifo_str, i32, i32, void @p_str, i32, i32, void @p_str, void @p_str, void @p_str, i32, i32, i32, i32, void @p_str, void @p_str" [/tools/Xilinx/Vitis/2020.1/workspace/test_fast/libs/xf_opencv/L1/include/video/xf_pyr_dense_optical_flow.hpp:355]   --->   Operation 182 'specinterface' 'specinterface_ln355' <Predicate = true> <Delay = 0.00>
ST_14 : Operation 183 [1/2] (0.00ns)   --->   "%call_ln391 = call void @stitch_stream_fixed_int<(unsigned short)1080, (unsigned short)1920, 16, 10>, i16 %strmFlowU_fil_out, i16 %strmFlowV_fil_out, i32 %streamFlowout_mat_437, i32 %rows_c39, i32 %cols_c40, void %call_ln387, void %call_ln385, void %call_ln385" [/tools/Xilinx/Vitis/2020.1/workspace/test_fast/libs/xf_opencv/L1/include/video/xf_pyr_dense_optical_flow.hpp:391]   --->   Operation 183 'call' 'call_ln391' <Predicate = true> <Delay = 0.00> <CoreType = "Generic">   --->   Core 0 '' <Latency = 0> <II = 1> <Delay = 1.00> <Generic> <Opcode : >
ST_14 : Operation 184 [1/1] (0.00ns)   --->   "%ret_ln393 = ret" [/tools/Xilinx/Vitis/2020.1/workspace/test_fast/libs/xf_opencv/L1/include/video/xf_pyr_dense_optical_flow.hpp:393]   --->   Operation 184 'ret' 'ret_ln393' <Predicate = true> <Delay = 0.00>


============================================================
+ Verbose Summary: Timing violations
============================================================
Target clock period: 6.67ns, clock uncertainty: 1.8ns.

 <State 1>: 1.86ns
The critical path consists of the following:
	wire read on port 'init_flag' (/tools/Xilinx/Vitis/2020.1/workspace/test_fast/libs/xf_opencv/L1/include/video/xf_pyr_dense_optical_flow.hpp:355) [13]  (0 ns)
	'call' operation ('call_ln355', /tools/Xilinx/Vitis/2020.1/workspace/test_fast/libs/xf_opencv/L1/include/video/xf_pyr_dense_optical_flow.hpp:355) to 'split_stream_int_fixed<(unsigned short)1080, (unsigned short)1920, 16, 10>48' [140]  (1.86 ns)

 <State 2>: 0ns
The critical path consists of the following:

 <State 3>: 0ns
The critical path consists of the following:

 <State 4>: 0ns
The critical path consists of the following:

 <State 5>: 0ns
The critical path consists of the following:

 <State 6>: 0ns
The critical path consists of the following:

 <State 7>: 0ns
The critical path consists of the following:

 <State 8>: 0ns
The critical path consists of the following:

 <State 9>: 0ns
The critical path consists of the following:

 <State 10>: 0ns
The critical path consists of the following:

 <State 11>: 0ns
The critical path consists of the following:

 <State 12>: 0ns
The critical path consists of the following:

 <State 13>: 0ns
The critical path consists of the following:

 <State 14>: 0ns
The critical path consists of the following:


============================================================
+ Verbose Summary: Binding
============================================================
N/A
* FSMD analyzer results:
  - Output states:
 - Input state : 
  - Chain level:
	State 1
	State 2
	State 3
	State 4
	State 5
	State 6
	State 7
	State 8
	State 9
	State 10
	State 11
	State 12
	State 13
	State 14


============================================================
+ Verbose Summary: Datapath Resource usage 
============================================================
N/A
